=~=~=~=~=~=~=~=~=~=~=~= PuTTY log 2024.11.13 16:07:52 =~=~=~=~=~=~=~=~=~=~=~=
1368385 30.38 102798.01 32.10 375848.78 9
1369135 30.41 102797.93 32.05 384096.03 0
1369385 30.34 102798.31 32.03 73594608.00 1
1370634 29.92 102796.46 31.93 69112576.00 2
1374882 29.71 102795.38 32.11 63212924.00 3
1375632 29.93 102796.99 32.19 3399875.50 4
1376382 30.05 102797.75 32.21 3261460848 29.51 102788.80 32.48 65683788.00 3
1461598 29.72 102788.72 32.57 3488926.75 4
1462347 29.85 102790.41 32.61 3380932.75 5
1463097 29.89 102791.22 32.58 3297243.00 6
1463847 29.96 102792.24 32.58 349965.81 7
1464347 30.04 102791.89 32.59 364153.63 8
1465096 30.08 102790.30 32.60 384096.03 9
1465846 30.09 102792.22 32.57 392487.53 0
1466096 30.03 102793.86 32.56 75829912.00 1
1467595 29.61 102788.60 32.48 71604480.00 2
1471594 29.50 102789.27 32.63 64903192.00 3
1472344 29.71 102789.65 32.69 3475604.50 4
1473093 29.85 102791.54 32.67 3385124.00 5
1473843 29.89 102792.02 32.67 3317270.75 6
1474593 29.97 102791.44 32.64 349249.66 7
1475093 30.06 102792.41 32.63 366106.53 8
1475842 30.11 102792.69 32.60 384528.72 9
1476592 30.13 102793.63 32.56 396361.53 0
1476842 30.07 102795.35 32.51 77033208.00 1
1478341 29.64 102791.45 32.45 71663200.00 2
1482340 29.51 102789.94 33.11 65291160.00 3
1483089 29.73 102790.14 33.23 3511358.75 4
1483839 29.85 102790.63 33.26 3378841.00 5
1484589 29.90 102791.64 33.28 3297243.00 6
1485339 29.99 102792.16 33.27 349965.81 7
1485839 30.07 102792.20 33.26 366499.66 8
1486588 30.11 102792.66 33.22 384745.44 9
1487338 30.13 102793.00 33.15 397284.19 0
1487588 30.06 102794.09 33.14 76226808.00 1
1489087 29.64 102788.63 32.98 71545848.00 2
1493085 29.51 102788.70 32.98 64999752.00 3
1493835 29.73 102789.44 32.99 3488926.75 4
1494585 29.86 102791.71 32.95 3383027.00 5
1495335 29.90 102791.45 32.94 3277455.50 6
1496084 29.97 102792.09 32.91 351045.59 7
1496584 30.05 102792.80 32.87 367288.38 8
1497334 30.09 102792.60 32.84 386926.13 9
1498084 30.12 102793.55 32.80 396361.53 0
1498334 30.05 102793.68 32.75 76627888.00 1
1499833 29.63 102789.46 32.65 72375480.00 2
1503831 29.48 102789.53 32.76 65931588.00 3
1504581 29.69 102788.66 32.81 3506849.25 4
1505331 29.81 102789.75 32.81 3378841.00 5
1506080 29.86 102789.42 32.82 3313245.75 6
1506830 29.94 102791.60 32.82 349965.81 7
1507330 30.01 102792.27 32.83 368876.09 8
1508080 30.05 102792.59 32.77 386706.94 9
1508830 30.07 102792.02 32.74 399375.97 0
1509079 30.00 102793.27 32.70 77033208.00 1
1510579 29.59 102789.09 32.59 72255792.00 2
1514827 29.50 102790.26 32.70 66737272.00 3
1515327 29.73 102787.92 32.70 3524957.00 4
1516077 29.86 102790.37 32.72 3397760.25 5
1516826 29.91 102791.95 32.70 3323326.50 6
1517576 29.98 102791.80 32.69 354325.25 7
1518326 30.05 102791.80 32.67 368080.53 8
1518826 30.10 102792.11 32.67 386706.94 9
1519575 30.12 102791.79 32.62 397515.53 0
1519825 30.04 102792.77 32.60 77237480.00 1
1521325 29.61 102788.48 32.51 72616064.00 2
1525573 29.45 102788.05 32.61 66031236.00 3
1526073 29.66 102787.20 32.69 3511358.75 4
1526822 29.79 102789.95 32.71 3423318.00 5
1527572 29.84 102790.07 32.68 3323326.50 6
1528322 29.92 102791.37 32.66 351407.00 7
1529071 30.00 102792.26 32.65 375848.78 8
1529571 30.04 102791.95 32.60 389575.81 9
1530321 30.07 102791.43 32.61 398211.16 0
1530571 30.00 102793.07 32.57 78486224.00 1
1532070 29.56 102789.84 32.50 73285992.00 2
1536319 29.39 102788.94 32.74 66382376.00 3
1536818 29.61 102788.21 32.80 3522683.25 4
1537568 29.73 102789.03 32.83 3425465.25 5
1538318 29.78 102788.27 32.85 3345721.75 6
1539068 29.86 102789.76 32.83 354693.47 7
1539817 29.94 102791.20 32.81 377302.88 8
1540317 29.98 102791.27 32.80 389575.81 9
1541067 30.01 102792.70 32.79 402199.53 0
1541317 29.94 102793.39 32.75 77374264.00 1
1542816 29.52 102788.99 32.63 73470856.00 2
1547064 29.39 102787.80 32.81 66382376.00 3
1547564 29.60 102788.45 32.87 3534081.00 4
1548314 29.72 102789.06 32.90 3434081.00 5
1549063 29.77 102788.73 32.88 3380932.75 6
1549813 29.84 102789.76 32.89 354693.47 7
1550563 29.93 102791.02 32.87 378558.22 8
1551063 29.96 102790.06 32.85 391362.50 9
1551812 29.99 102791.25 32.86 404104.19 0
1552062 29.92 102792.20 32.82 78415792.00 1
1553562 29.49 102787.63 32.71 73102064.00 2
1557810 29.36 102787.91 32.95 67983400.00 3
1558310 29.57 102788.34 33.00 3559417.75 4
1559059 29.70 102789.27 33.01 3444911.75 5
1559809 29.73 102786.86 33.02 3360131.25 6
1560559 29.82 102789.58 33.03 355802.66 7
1561309 29.90 102791.20 33.01 368080.53 8
1561808 29.96 102792.20 32.99 390690.56 9
1562558 29.98 102791.66 32.95 404583.16 0
1562808 29.91 102792.48 32.94 78275304.00 1
1564307 29.49 102787.07 32.87 73594608.00 2
1568556 29.35 102789.09 33.04 67199176.00 3
1569056 29.55 102788.00 33.07 3550162.50 4
1569805 29.68 102789.27 33.11 3460190.00 5
1570555 29.73 102788.90 33.06 3349826.25 6
1571305 29.80 102789.48 33.07 355432.16 7
1572054 29.89 102791.68 33.05 378348.41 8
1572554 29.94 102793.50 33.00 392487.53 9
1573304 29.96 102791.91 33.00 402436.63 0
1573554 29.89 102792.29 32.92 78205248.00 1
1575053 29.45 102789.73 32.86 73718784.00 2
1579302 29.31 102788.58 32.98 67615168.00 3
1579801 29.52 102788.43 33.04 3538661.00 4
1580551 29.64 102789.17 33.06 3475604.50 5
1581301 29.69 102789.36 33.09 3378841.00 6
1582050 29.76 102789.32 33.10 357292.41 7
1582800 29.84 102790.66 33.09 377302.88 8
1583300 29.88 102791.09 33.06 393619.06 9
1584050 29.89 102790.80 33.05 403865.13 0
1584300 29.81 102790.27 33.03 78205248.00 1
1585799 29.38 102789.15 32.99 73905832.00 2
1590047 29.29 102788.93 33.22 67458568.00 3
1590797 29.51 102787.66 33.27 3550162.50 4
1591297 29.64 102788.61 33.28 3436241.50 5
1592047 29.69 102789.08 33.23 3364271.00 6
1592797 29.77 102788.88 33.25 355802.66 7
1593546 29.85 102789.91 33.23 376055.81 8
1594046 29.89 102790.06 33.20 392939.38 9
1594796 29.91 102791.80 33.16 404343.53 0
1595046 29.83 102790.66 33.13 78065512.00 1
1596545 29.41 102787.55 33.03 73905832.00 2
1600793 29.23 102787.52 33.13 67772496.00 3
1601543 29.44 102788.25 33.22 3580419.50 4
1602043 29.55 102786.70 33.21 3462383.75 5
1602792 29.59 102787.86 33.21 3366344.75 6
1603542 29.64 102787.35 33.21 357666.78 7
1604292 29.71 102787.91 33.20 379610.75 8
1605042 29.74 102789.32 33.19 394301.13 9
1605542 29.77 102788.99 33.12 406026.97 0
1605791 29.69 102790.04 33.10 79703256.00 1
1607291 29.28 102788.38 33.03 74346000.00 2
1611539 29.13 102787.05 33.19 68142448.00 3
1612289 29.36 102787.34 33.24 3625581.00 4
1612789 29.50 102788.02 33.27 3520412.50 5
1613538 29.56 102786.88 33.29 3427615.00 6
1614288 29.65 102788.13 33.26 362221.44 7
1615038 29.73 102788.68 33.27 382589.19 8
1615788 29.79 102790.22 33.23 394073.50 9
1616287 29.82 102790.27 33.19 407724.47 0
1616537 29.75 102790.11 33.18 79413512.00 1
1618037 29.36 102788.96 33.08 75437120.00 2
1622285 29.24 102788.39 33.23 68195632.00 3
1623035 29.44 102788.62 33.29 3630401.00 4
1623534 29.55 102789.42 33.30 3509102.50 5
1624284 29.60 102788.68 33.31 3423318.00 6
1625034 29.68 102789.23 33.29 360309.66 7
1625784 29.78 102791.48 33.29 384312.25 8
1626533 29.83 102790.49 33.27 397053.13 9
1627033 29.86 102790.59 33.20 407481.09 0
1627283 29.78 102790.09 33.18 80436944.00 1
1628782 29.38 102790.25 33.09 75372056.00 2
1633031 29.25 102788.38 33.27 68036336.00 3
1633780 29.46 102788.39 33.33 3604047.50 4
1634280 29.58 102787.04 33.37 3504599.00 5
1635030 29.63 102788.08 33.35 3423318.00 6
1635780 29.70 102789.05 33.37 359929.69 7
1636530 29.78 102789.09 33.38 382589.19 8
1637279 29.83 102790.45 33.35 391587.00 9
1637779 29.85 102790.60 33.32 406268.59 0
1638029 29.77 102790.37 33.30 78627472.00 1
1639528 29.35 102790.16 33.22 74727480.00 2
1643777 29.22 102788.08 33.40 67510688.00 3
1644526 29.43 102787.16 33.46 3604047.50 4
1645026 29.55 102787.10 33.48 3500106.75 5
1645776 29.59 102788.21 33.46 3374665.25 6
1646526 29.66 102788.50 33.46 356173.91 7
1647275 29.74 102787.84 33.42 380669.16 8
1648025 29.78 102789.36 33.40 395672.34 9
1648525 29.80 102788.73 33.37 407481.09 0
1649025 29.73 102788.82 33.30 79485752.00 1
1650274 29.32 102787.36 33.22 74855512.00 2
1654523 29.21 102785.98 33.31 68355672.00 3
1655272 29.43 102786.71 33.38 3618374.50 4
1655772 29.54 102789.41 33.39 3486699.25 5
1656522 29.59 102789.84 33.35 3387223.50 6
1657272 29.67 102791.02 33.36 359172.22 7
1658021 29.75 102791.59 33.34 383233.53 8
1658771 29.80 102791.47 33.29 397284.19 9
1659271 29.82 102792.81 33.28 406026.97 0
1659771 29.75 102793.09 33.19 79341408.00 1
1661020 29.33 102791.82 33.16 75829912.00 2
1665268 29.20 102789.73 33.29 68355672.00 3
1666018 29.41 102786.69 33.33 3608810.50 4
1666518 29.54 102786.59 33.37 3482253.00 5
1667268 29.58 102786.70 33.35 3438405.00 6
1668017 29.66 102785.23 33.35 361837.47 7
1668767 29.75 102786.31 33.34 385179.63 8
1669517 29.80 102788.52 33.31 393619.06 9
1670017 29.81 102788.34 33.25 411906.69 0
1670516 29.74 102789.48 33.22 80436944.00 1
1671766 29.32 102787.23 33.10 76560744.00 2
1676014 29.17 102785.82 33.25 69057952.00 3
1676764 29.38 102785.72 33.33 3674366.50 4
1677514 29.49 102787.17 33.34 3552471.75 5
1678013 29.53 102786.56 33.36 3404113.75 6
1678763 29.60 102785.88 33.35 361837.47 7
1679513 29.68 102786.40 33.34 385179.63 8
1680263 29.72 102786.93 33.35 397747.13 9
1680762 29.75 102788.65 33.35 412653.63 0
1681262 29.67 102788.96 33.29 81033696.00 1
1682512 29.28 102786.94 33.26 76293368.00 2
1686760 29.23 102786.82 33.44 69386976.00 3
1687510 29.45 102784.91 33.49 3684281.50 4
1688259 29.57 102786.76 33.50 3554784.00 5
1688759 29.61 102785.59 33.50 3475604.50 6
1689509 29.70 102787.21 33.47 363378.28 7
1690259 29.78 102786.66 33.44 384312.25 8
1691008 29.82 102788.92 33.41 398909.22 9
1691758 29.83 102789.84 33.35 412155.38 0
1692008 29.76 102790.45 33.34 81184264.00 1
1693257 29.35 102786.88 33.21 76293368.00 2
1697506 29.21 102787.08 33.32 69719152.00 3
1698255 29.42 102786.86 33.35 3679317.25 4
1699005 29.55 102786.51 33.35 3543252.50 5
1699505 29.61 102787.29 33.37 3466779.50 6
1700255 29.70 102787.48 33.34 364153.63 7
1701004 29.79 102787.63 33.32 387365.25 8
1701754 29.84 102788.80 33.26 400782.78 9
1702504 29.87 102790.17 33.25 411410.22 0
1702754 29.80 102791.27 33.20 82254160.00 1
1704003 29.39 102787.88 33.10 76762520.00 2
1708251 29.28 102787.30 33.15 70110728.00 3
1709001 29.48 102786.43 33.23 3699255.00 4
1709751 29.61 102786.48 33.23 3561739.25 5
1710251 29.66 102787.23 33.23 3484474.75 6
1711000 29.73 102786.82 33.21 364542.53 7
1711750 29.82 102787.11 33.18 384962.41 8
1712500 29.86 102790.27 33.13 402199.53 9
1713250 29.88 102788.52 33.12 413153.13 0
1713500 29.81 102789.58 33.09 81487096.00 1
1714749 29.34 102786.75 33.02 76695144.00 2
1718997 29.14 102786.12 33.28 69663568.00 3
1719747 29.29 102785.77 33.35 3706787.25 4
1720497 29.38 102786.45 33.34 3582768.50 5
1720997 29.42 102786.15 33.38 3488926.75 6
1721746 29.50 102786.56 33.39 366499.66 7
1722496 29.59 102786.24 33.40 387585.16 8
1723246 29.63 102785.51 33.40 400312.75 9
1723995 29.65 102786.03 33.39 414910.84 0
1724245 29.59 102787.63 33.36 81563160.00 1
1725495 29.16 102786.55 33.29 77237480.00 2
1729743 28.99 102789.24 33.47 70054520.00 3
1730493 29.20 102786.34 33.52 3696751.00 4
1731243 29.32 102787.16 33.55 3604047.50 5
1731742 29.36 102787.84 33.55 3500106.75 6
1732492 29.43 102787.14 33.54 368080.53 7
1733242 29.51 102787.37 33.51 389798.25 8
1733992 29.55 102787.32 33.47 400547.63 9
1734741 29.57 102787.17 33.45 415668.75 0
1734991 29.51 102788.27 33.45 82487096.00 1
1736241 29.09 102786.99 33.37 78698288.00 2
1740489 28.93 102788.59 33.57 71312296.00 3
1741239 29.14 102785.41 33.64 3744914.25 4
1741988 29.25 102785.29 33.63 3630401.00 5
1742488 29.30 102786.38 33.65 3531795.75 6
1743238 29.36 102785.46 33.67 375641.97 7
1743988 29.44 102786.35 33.64 390914.28 8
1744737 29.47 102786.52 33.61 402674.00 9
1745487 29.50 102786.29 33.61 417192.91 0
1745737 29.43 102787.16 33.60 82643128.00 1
1746986 29.01 102787.40 33.53 78627472.00 2
1751235 28.91 102788.74 33.73 71839960.00 3
1751984 29.13 102784.71 33.76 3716878.50 4
1752734 29.26 102785.36 33.81 3647373.00 5
1753484 29.30 102785.76 33.76 3524957.00 6
1753983 29.38 102785.72 33.78 367684.03 7
1754733 29.46 102785.76 33.77 392939.38 8
1755483 29.49 102785.41 33.72 405303.78 9
1756233 29.52 102785.01 33.70 419242.59 0
1756482 29.45 102784.67 33.69 83193904.00 1
1757732 29.04 102787.70 33.58 78840304.00 2
1761980 28.92 102786.24 33.73 71958280.00 3
1762730 29.13 102783.11 33.79 3755214.25 4
1763480 29.25 102785.18 33.81 3625581.00 5
1764229 29.30 102784.98 33.77 3518144.75 6
1764729 29.38 102784.84 33.78 375641.97 7
1765479 29.46 102784.99 33.76 394073.50 8
1766229 29.50 102786.48 33.72 406026.97 9
1766978 29.53 102784.59 33.69 418985.28 0
1767228 29.46 102786.67 33.63 83832424.00 1
1768478 29.07 102787.30 33.57 79413512.00 2
1772726 28.92 102787.59 33.69 72676464.00 3
1773476 29.14 102783.72 33.75 3773376.25 4
1774226 29.26 102785.20 33.74 3657142.75 5
1774975 29.30 102786.39 33.75 3564063.50 6
1775475 29.37 102785.82 33.73 377094.47 7
1776225 29.44 102784.48 33.72 394757.13 8
1776974 29.49 102786.12 33.69 407968.13 9
1777724 29.51 102786.23 33.68 418215.22 0
1777974 29.45 102787.33 33.63 84236504.00 1
1779224 29.04 102789.48 33.56 80362968.00 2
1783472 28.91 102788.23 33.71 72616064.00 3
1784222 29.11 102785.66 33.75 3789084.25 4
1784971 29.23 102784.60 33.76 3669429.00 5
1785721 29.28 102785.42 33.79 3554784.00 6
1786221 29.36 102785.47 33.75 379399.78 7
1786970 29.44 102785.66 33.72 395443.13 8
1787720 29.50 102786.64 33.71 405063.28 9
1788470 29.52 102786.12 33.69 418728.28 0
1788720 29.46 102787.20 33.63 84562584.00 1
1789969 29.05 102788.05 33.55 80068416.00 2
1794218 28.93 102787.91 33.68 73040960.00 3
1794967 29.16 102785.59 33.75 3820895.50 4
1795717 29.29 102786.80 33.73 3689259.25 5
1796467 29.34 102786.05 33.73 3578073.75 6
1796967 29.42 102786.27 33.73 378768.25 7
1797716 29.50 102786.05 33.73 393619.06 8
1798466 29.54 102785.40 33.68 410420.84 9
1799216 29.57 102785.70 33.66 422878.38 0
1799466 29.50 102787.44 33.60 84808800.00 1
1800715 29.08 102784.35 33.53 79921952.00 2
1804964 28.96 102788.08 33.69 73718784.00 3
1805713 29.17 102785.72 33.75 3791715.00 4
1806463 29.30 102787.13 33.76 3696751.00 5
1807213 29.34 102787.13 33.76 3594559.00 6
1807713 29.40 102786.61 33.77 378978.53 7
1808462 29.48 102786.11 33.73 399142.47 8
1809212 29.53 102786.73 33.71 410914.94 9
1809962 29.55 102786.62 33.65 423665.69 0
1810212 29.48 102787.71 33.64 84973744.00 1
1811711 29.05 102787.91 33.57 80734216.00 2
1815709 28.91 102788.76 33.71 73532680.00 3
1816459 29.12 102785.63 33.78 3812892.75 4
1817209 29.25 102786.15 33.82 3716878.50 5
1817959 29.31 102785.60 33.87 3580419.50 6
1818458 29.39 102784.91 33.86 379399.78 7
1819208 29.47 102784.45 33.87 396361.53 8
1819958 29.52 102784.75 33.85 409190.81 9
1820708 29.55 102785.01 33.81 423140.50 0
1820958 29.48 102787.57 33.77 85388928.00 1
1822457 29.08 102784.94 33.69 80585304.00 2
1826455 28.93 102788.40 33.76 73843384.00 3
1827205 29.13 102784.86 33.79 3831618.25 4
1827955 29.24 102785.25 33.82 3706787.25 5
1828704 29.29 102786.11 33.79 3620773.50 6
1829204 29.37 102786.20 33.79 380033.41 7
1829954 29.44 102785.83 33.77 398211.16 8
1830704 29.48 102786.75 33.76 412653.63 9
1831453 29.50 102787.26 33.72 423140.50 0
1831703 29.43 102786.75 33.67 85808184.00 1
1833203 29.00 102789.34 33.60 80808880.00 2
1837201 28.86 102789.43 33.76 74663632.00 3
1837951 29.08 102785.60 33.84 3831618.25 4
1838701 29.21 102785.15 33.85 3709305.00 5
1839450 29.27 102787.06 33.83 3657142.75 6
1840200 29.36 102785.91 33.82 381520.13 7
1840700 29.45 102787.01 33.81 400078.13 8
1841450 29.49 102787.81 33.78 413904.59 9
1842199 29.52 102786.99 33.75 426844.53 0
1842449 29.45 102787.10 33.74 85222368.00 1
1843949 29.04 102789.40 33.64 81487096.00 2
1847947 28.92 102789.98 33.80 74663632.00 3
1848697 29.14 102785.55 33.82 3858690.50 4
1849446 29.27 102786.59 33.83 3721944.50 5
1850196 29.31 102785.24 33.83 3620773.50 6
1850946 29.38 102786.26 33.86 381520.13 7
1851446 29.46 102786.10 33.84 399142.47 8
1852195 29.51 102786.52 33.78 409681.94 9
1852945 29.53 102786.96 33.76 424984.44 0
1853195 29.46 102788.09 33.73 85639984.00 1
1854694 29.04 102789.51 33.66 81715712.00 2
1858693 28.91 102788.97 33.77 73781032.00 3
1859442 29.13 102786.39 33.83 3839700.00 4
1860192 29.25 102786.38 33.82 3739785.50 5
1860942 29.30 102787.23 33.81 3635234.00 6
1861692 29.38 102787.52 33.80 383018.50 7
1862192 29.47 102786.15 33.79 400312.75 8
1862941 29.51 102786.95 33.74 415415.81 9
1863691 29.54 102786.73 33.71 423928.78 0
1863941 29.46 102787.88 33.65 86659176.00 1
1865440 29.05 102788.11 33.62 81639368.00 2
1869439 28.89 102788.10 33.72 74919688.00 3
1870188 29.11 102786.19 33.78 3864151.00 4
1870938 29.23 102784.67 33.82 3762976.50 5
1871688 29.29 102784.69 33.79 3640080.00 6
1872437 29.36 102785.49 33.77 380245.09 7
1872937 29.43 102785.54 33.77 403387.81 8
1873687 29.47 102786.16 33.78 413904.59 9
1874437 29.48 102784.51 33.71 426577.78 0
1874687 29.41 102786.39 33.69 86487624.00 1
1876186 28.99 102788.35 33.60 82099592.00 2
1880184 28.84 102788.06 33.74 75177520.00 3
1880934 29.05 102785.04 33.79 3888915.25 4
1881684 29.17 102784.75 33.80 3778597.75 5
1882433 29.21 102784.92 33.77 3671896.00 6
1883183 29.28 102783.61 33.79 384962.41 7
1883683 29.36 102785.68 33.78 403387.81 8
1884433 29.40 102785.22 33.77 416429.44 9
1885182 29.43 102784.78 33.73 430071.41 0
1885432 29.36 102786.45 33.71 86146568.00 1
1886932 28.94 102787.55 33.60 81868832.00 2
1890930 28.80 102786.88 33.80 75177520.00 3
1891680 29.01 102787.27 33.85 3872370.50 4
1892429 29.14 102785.49 33.88 3794349.25 5
1893179 29.19 102786.36 33.87 3676840.25 6
1893929 29.26 102785.13 33.90 384528.72 7
1894429 29.34 102786.49 33.86 404343.53 8
1895178 29.38 102786.77 33.87 418728.28 9
1895928 29.40 102786.53 33.82 430613.97 0
1896178 29.34 102787.33 33.80 87879320.00 1
1897677 28.92 102788.51 33.74 82878280.00 2
1901676 28.80 102789.96 33.93 75764160.00 3
1902425 29.01 102787.05 34.00 3858690.50 4
1903175 29.13 102784.30 34.03 3789084.25 5
1903925 29.18 102785.85 34.03 3681797.75 6
1904675 29.26 102786.16 34.01 384528.72 7
1905174 29.34 102785.77 34.01 403149.59 8
1905924 29.38 102786.33 33.96 417959.19 9
1906674 29.40 102785.90 33.95 430342.50 0
1906924 29.34 102788.15 33.93 87264984.00 1
1908423 28.91 102788.27 33.81 83352624.00 2
1912671 28.79 102787.16 33.89 75895776.00 3
1913171 29.00 102786.68 33.97 3922432.25 4
1913921 29.13 102785.45 33.98 3775985.25 5
1914671 29.18 102784.93 33.97 3699255.00 6
1915420 29.25 102785.73 33.94 387585.16 7
1915920 29.34 102786.97 33.93 405063.28 8
1916670 29.38 102786.32 33.90 421052.63 9
1917420 29.41 102785.34 33.88 430885.75 0
1917670 29.34 102786.80 33.86 87091032.00 1
1919169 28.94 102789.00 33.76 83671880.00 2
1923417 28.83 102789.14 33.86 76160368.00 3
1923917 29.04 102785.55 33.94 3933733.50 4
1924667 29.17 102785.54 33.92 3810232.50 5
1925417 29.22 102785.09 33.94 3716878.50 6
1926166 29.30 102785.66 33.93 385832.72 7
1926916 29.38 102786.91 33.92 405303.78 8
1927416 29.42 102786.80 33.89 420275.00 9
1928166 29.44 102788.37 33.86 431157.91 0
1928416 29.37 102788.11 33.82 88234264.00 1
1929915 28.95 102790.22 33.76 83993592.00 2
1934163 28.82 102790.59 33.89 77033208.00 3
1934663 29.03 102788.91 33.96 3945100.00 4
1935413 29.15 102786.26 33.93 3820895.50 5
1936162 29.21 102787.18 33.97 3739785.50 6
1936912 29.28 102787.96 33.94 391587.00 7
1937662 29.36 102787.14 33.96 405785.63 8
1938162 29.39 102787.13 33.89 420275.00 9
1938911 29.41 102786.51 33.84 431157.91 0
1939161 29.34 102787.38 33.83 88234264.00 1
1940661 28.93 102789.10 33.77 83832424.00 2
1944909 28.79 102788.74 33.86 76695144.00 3
1945409 29.01 102789.82 33.90 3919617.25 4
1946159 29.13 102787.28 33.94 3815556.50 5
1946908 29.19 102788.28 33.96 3734670.50 6
1947658 29.25 102787.41 33.93 392036.75 7
1948408 29.34 102787.05 33.92 406510.53 8
1948908 29.39 102788.27 33.90 421572.66 9
1949657 29.41 102787.97 33.87 432523.75 0
1949907 29.34 102788.53 33.86 88682000.00 1
1951407 28.94 102791.27 33.75 83993592.00 2
1955655 28.81 102789.34 33.88 77237480.00 3
1956155 29.01 102788.60 33.92 3950807.75 4
1956904 29.14 102786.45 33.93 3794349.25 5
1957654 29.19 102787.16 33.93 3696751.00 6
1958404 29.26 102787.37 33.92 389575.81 7
1959154 29.34 102787.48 33.89 406752.72 8
1959653 29.37 102787.71 33.88 423402.94 9
1960403 29.40 102787.33 33.85 436394.63 0
1960653 29.34 102788.16 33.84 88502360.00 1
1962152 28.90 102790.70 33.77 83832424.00 2
1966401 28.79 102789.59 33.89 76695144.00 3
1966900 29.00 102788.58 33.95 3965150.00 4
1967650 29.12 102786.19 33.95 3828932.00 5
1968400 29.17 102787.35 33.94 3744914.25 6
1969150 29.22 102787.20 33.92 390020.94 7
1969899 29.29 102787.15 33.95 404343.53 8
1970399 29.33 102788.02 33.93 420793.09 9
1971149 29.36 102787.17 33.89 432797.97 0
1971399 29.29 102786.77 33.85 88682000.00 1
1972898 28.89 102790.59 33.79 84644496.00 2
1977146 28.75 102789.20 33.91 77237480.00 3
1977646 28.96 102789.68 33.97 3950807.75 4
1978396 29.08 102786.88 34.01 3861418.75 5
1979146 29.13 102787.01 33.97 3729569.75 6
1979895 29.21 102788.69 33.95 393846.16 7
1980645 29.29 102787.75 33.96 408945.69 8
1981145 29.34 102788.01 33.95 423140.50 9
1981895 29.37 102788.10 33.90 436115.84 0
1982145 29.30 102788.28 33.87 88952832.00 1
1983644 28.89 102791.12 33.79 84891192.00 2
1987892 28.76 102790.84 33.94 77237480.00 3
1988642 28.97 102789.25 33.98 3997072.50 4
1989142 29.09 102788.97 34.03 3839700.00 5
1989891 29.13 102787.03 34.00 3755214.25 6
1990641 29.21 102787.78 34.00 390020.94 7
1991391 29.30 102789.73 34.00 408700.84 8
1991891 29.34 102788.73 33.98 421833.16 9
1992640 29.36 102789.05 33.97 432797.97 0
1992890 29.29 102790.24 33.90 89043480.00 1
1994390 28.87 102792.11 33.84 85056456.00 2
1998638 28.79 102790.39 33.93 77718352.00 3
1999388 29.00 102788.77 34.00 3979596.75 4
1999887 29.13 102786.18 34.01 3845106.75 5
2000637 29.18 102786.67 33.98 3770771.00 6
2001387 29.25 102787.67 33.97 392713.31 7
2002137 29.34 102788.63 33.98 409681.94 8
2002886 29.37 102788.03 33.90 422093.97 9
2003386 29.39 102788.97 33.88 435837.41 0
2003636 29.33 102788.94 33.86 89043480.00 1
2005135 28.93 102791.64 33.77 85222368.00 2
2009384 28.82 102791.26 33.90 77442840.00 3
2010133 29.03 102790.72 33.97 3973805.50 4
2010633 29.15 102788.60 33.93 3891686.50 5
2011383 29.20 102789.23 33.94 3791715.00 6
2012133 29.27 102788.01 33.92 393392.25 7
2012882 29.36 102789.80 33.88 409190.81 8
2013632 29.39 102789.86 33.86 425779.63 9
2014132 29.40 102788.76 33.84 436115.84 0
2014382 29.33 102789.96 33.82 88952832.00 1
2015881 28.91 102793.05 33.73 84973744.00 2
2020130 28.77 102794.20 33.86 78065512.00 3
2020879 28.98 102795.30 33.93 3994149.25 4
2021379 29.11 102792.48 33.95 3888915.25 5
2022129 29.16 102792.49 33.92 3791715.00 6
2022879 29.23 102791.91 33.97 393392.25 7
2023629 29.31 102790.63 33.96 406752.72 8
2024378 29.35 102790.84 34.04 424984.44 9
2024878 29.37 102790.80 34.05 433898.31 0
2025128 29.30 102790.13 34.04 89225320.00 1
2026627 28.88 102789.16 34.02 85472448.00 2
2030876 28.71 102788.05 34.26 77926280.00 3
2031625 28.92 102788.73 34.28 3982498.75 4
2032125 29.04 102789.66 34.31 3847816.00 5
2032875 29.09 102787.77 34.27 3752634.00 6
2033625 29.16 102786.47 34.24 392939.38 7
2034374 29.25 102787.32 34.20 407968.13 8
2035124 29.29 102786.84 34.15 424192.22 9
2035624 29.32 102788.23 34.11 437233.13 0
2035874 29.25 102788.59 34.07 90332184.00 1
2037373 28.83 102790.44 33.96 86061720.00 2
2041621 28.68 102788.54 34.05 78769232.00 3
2042371 28.89 102789.28 34.12 4020613.50 4
2042871 29.02 102790.62 34.14 3864151.00 5
2043621 29.06 102786.89 34.13 3796987.25 6
2044370 29.14 102788.66 34.11 393846.16 7
2045120 29.22 102786.94 34.10 414658.84 8
2045870 29.27 102788.25 34.06 425514.22 9
2046369 29.29 102788.48 34.03 438356.16 0
2046869 29.21 102788.45 34.02 90425664.00 1
2048119 28.78 102791.06 33.92 86231576.00 2
2052367 28.67 102789.71 34.07 78769232.00 3
2053117 28.88 102790.39 34.17 4029513.00 4
2053616 28.99 102791.33 34.16 3936569.00 5
2054366 29.04 102791.61 34.13 3799629.00 6
2055116 29.11 102788.23 34.15 396822.31 7
2055865 29.20 102788.91 34.13 413153.13 8
2056615 29.25 102788.78 34.12 426045.34 9
2057115 29.28 102789.15 34.09 438919.84 0
2057615 29.21 102790.41 34.05 90332184.00 1
2058864 28.80 102793.69 33.95 85808184.00 2
2063112 28.70 102793.29 34.09 79054280.00 3
2063862 28.92 102793.29 34.14 4026542.25 4
2064362 29.05 102794.33 34.15 3930902.00 5
2065112 29.10 102791.56 34.12 3853245.50 6
2065862 29.17 102789.46 34.14 393619.06 7
2066611 29.26 102789.09 34.10 415163.19 8
2067361 29.31 102789.77 34.09 426844.53 9
2067861 29.34 102788.55 34.06 439202.22 0
2068361 29.27 102789.05 34.04 91371208.00 1
2069610 28.84 102791.91 33.92 87004312.00 2
2073858 28.70 102788.22 34.05 79776016.00 3
2074608 28.92 102790.28 34.11 4017655.75 4
2075108 29.04 102789.40 34.13 3894461.50 5
2075858 29.08 102788.21 34.11 3839700.00 6
2076607 29.16 102786.57 34.12 397053.13 7
2077357 29.25 102787.22 34.10 413904.59 8
2078107 29.30 102787.61 34.08 428720.97 9
2078607 29.32 102788.35 34.03 441189.16 0
2079106 29.25 102789.52 34.00 91658744.00 1
2080356 28.84 102789.95 33.92 86402112.00 2
2084604 28.74 102790.31 34.05 79558120.00 3
2085354 28.95 102789.49 34.12 4041440.50 4
2086104 29.08 102788.25 34.11 3936569.00 5
2086603 29.12 102786.61 34.12 3853245.50 6
2087353 29.19 102788.03 34.11 395443.13 7
2088103 29.26 102787.61 34.10 415415.81 8
2088852 29.29 102786.32 34.07 430071.41 9
2089352 29.31 102786.95 34.03 441760.13 0
2089852 29.24 102788.19 34.03 91754984.00 1
2091102 28.83 102789.08 33.94 87264984.00 2
2095350 28.71 102789.45 34.08 80215424.00 3
2096099 28.91 102788.40 34.14 4038452.00 4
2096849 29.03 102787.73 34.17 3930902.00 5
2097349 29.09 102786.44 34.13 3861418.75 6
2098099 29.17 102786.92 34.13 397053.13 7
2098848 29.25 102785.70 34.14 415415.81 8
2099598 29.30 102786.95 34.07 431976.38 9
2100348 29.33 102787.37 34.07 441189.16 0
2100598 29.27 102787.27 34.02 90801528.00 1
2101847 28.85 102790.45 33.96 87091032.00 2
2106096 28.71 102787.58 34.07 79485752.00 3
2106845 28.92 102786.86 34.13 4017655.75 4
2107595 29.04 102786.92 34.14 3939408.50 5
2108095 29.09 102785.06 34.11 3831618.25 6
2108845 29.17 102784.73 34.15 396131.53 7
2109594 29.26 102785.96 34.12 413153.13 8
2110344 29.30 102784.71 34.09 430071.41 9
2111094 29.32 102785.91 34.06 439484.97 0
2111344 29.26 102787.49 34.03 91085480.00 1
2112593 28.86 102789.84 34.00 87004312.00 2
2116842 28.75 102787.66 34.10 79776016.00 3
2117591 28.96 102789.27 34.15 4032488.25 4
2118341 29.09 102787.34 34.17 3939408.50 5
2118841 29.13 102786.46 34.16 3826249.50 6
2119591 29.20 102787.61 34.13 396822.31 7
2120340 29.29 102785.99 34.13 414910.84 8
2121090 29.33 102786.31 34.11 427646.69 9
2121840 29.35 102787.23 34.08 441189.16 0
2122090 29.29 102787.47 34.03 91085480.00 1
2123339 28.88 102790.03 33.95 87091032.00 2
2127587 28.74 102789.07 34.05 79776016.00 3
2128337 28.96 102787.69 34.11 4096000.00 4
2129087 29.09 102786.50 34.13 3956532.25 5
2129587 29.13 102785.70 34.12 3842401.50 6
2130336 29.20 102785.62 34.13 397747.13 7
2131086 29.28 102787.50 34.08 417448.03 8
2131836 29.32 102788.82 34.06 430885.75 9
2132585 29.33 102786.86 34.03 442906.56 0
2132835 29.25 102787.48 33.98 91851440.00 1
2134085 28.84 102790.52 33.93 87004312.00 2
2138333 28.69 102788.70 34.02 79485752.00 3
2139083 28.90 102788.48 34.11 4065508.75 4
2139833 29.02 102789.84 34.13 3930902.00 5
2140333 29.06 102788.63 34.11 3847816.00 6
2141082 29.13 102785.69 34.12 397747.13 7
2141832 29.21 102786.03 34.10 417959.19 8
2142582 29.25 102786.11 34.08 431703.22 9
2143331 29.28 102786.72 34.06 446090.19 0
2143581 29.21 102788.81 34.07 92044944.00 1
2144831 28.79 102788.67 33.98 87527216.00 2
2149079 28.65 102786.52 34.13 79848920.00 3
2149829 28.86 102785.23 34.14 4096000.00 4
2150578 28.99 102787.54 34.18 3973805.50 5
2151078 29.03 102785.59 34.20 3908397.00 6
2151828 29.10 102783.20 34.18 400547.63 7
2152578 29.20 102785.05 34.17 416175.56 8
2153327 29.24 102784.39 34.15 430071.41 9
2154077 29.27 102784.13 34.12 443770.31 0
2154327 29.19 102783.55 34.10 92142000.00 1
2155577 28.78 102787.44 33.99 88145256.00 2
2159825 28.68 102790.31 34.13 80289128.00 3
2160575 28.89 102789.77 34.20 4074608.25 4
2161324 29.02 102791.00 34.22 4005868.00 5
2161824 29.07 102788.51 34.22 3866887.00 6
2162574 29.15 102787.55 34.21 400078.13 7
2163324 29.23 102787.88 34.18 416938.13 8
2164073 29.28 102786.77 34.17 429530.19 9
2164823 29.29 102785.95 34.13 444637.44 0
2165073 29.23 102787.64 34.10 92239272.00 1
2166323 28.79 102787.95 34.05 87614976.00 2
2170571 28.64 102787.98 34.22 79413512.00 3
2171320 28.85 102787.32 34.27 4083748.75 4
2172070 28.98 102787.98 34.29 3979596.75 5
2172570 29.03 102790.52 34.28 3855966.00 6
2173320 29.11 102788.38 34.28 401726.16 7
2174069 29.21 102788.94 34.28 416429.44 8
2174819 29.25 102787.42 34.23 431430.38 9
2175569 29.28 102788.81 34.19 443770.31 0
2175819 29.21 102789.48 34.20 92434416.00 1
2177068 28.81 102791.05 34.08 88056432.00 2
2181317 28.71 102788.96 34.19 80141856.00 3
2182066 28.92 102789.98 34.24 4065508.75 4
2182816 29.05 102788.61 34.22 3970916.25 5
2183316 29.11 102786.13 34.20 3858690.50 6
2184066 29.20 102783.87 34.23 399142.47 7
2184815 29.28 102784.23 34.18 416683.63 8
2185565 29.33 102785.34 34.16 433072.53 9
2186315 29.36 102785.95 34.12 446381.88 0
2186565 29.29 102786.47 34.09 92532296.00 1
2187814 28.88 102789.05 34.01 87879320.00 2
2192062 28.77 102788.64 34.12 80362968.00 3
2192812 28.98 102788.22 34.17 4077650.50 4
2193562 29.10 102784.34 34.16 4014702.25 5
2194311 29.16 102785.64 34.20 3880625.25 6
2194811 29.23 102784.54 34.16 398443.59 7
2195561 29.32 102785.45 34.16 419242.59 8
2196311 29.38 102786.24 34.11 431703.22 9
2197061 29.40 102786.23 34.09 444058.97 0
2197311 29.34 102787.36 34.04 92827192.00 1
2198560 28.93 102788.20 33.94 87967784.00 2
2202808 28.81 102789.21 34.05 80883680.00 3
2203558 29.02 102785.64 34.07 4133198.75 4
2204308 29.15 102784.85 34.10 3994149.25 5
2205057 29.20 102785.72 34.08 3864151.00 6
2205557 29.28 102785.97 34.07 397284.19 7
2206307 29.36 102785.13 34.04 417959.19 8
2207056 29.40 102785.81 34.02 434450.56 9
2207806 29.43 102786.93 33.98 444637.44 0
2208056 29.36 102787.71 33.95 92532296.00 1
2209306 28.93 102788.00 33.86 88323448.00 2
2213554 28.79 102787.21 34.03 80659696.00 3
2214304 28.99 102788.18 34.07 4086804.75 4
2215053 29.11 102785.25 34.09 3942252.25 5
2215803 29.16 102784.46 34.12 3850528.75 6
2216303 29.25 102786.04 34.10 400312.75 7
2217053 29.34 102785.20 34.05 417959.19 8
2217802 29.38 102785.06 34.03 431976.38 9
2218552 29.41 102784.50 34.00 444637.44 0
2218802 29.35 102785.43 33.95 93123976.00 1
2220052 28.93 102787.31 33.88 87967784.00 2
2224300 28.81 102787.45 33.99 81184264.00 3
2225049 29.02 102785.78 34.04 4068537.25 4
2225799 29.15 102784.05 34.06 3976699.00 5
2226549 29.20 102784.47 34.04 3872370.50 6
2227049 29.28 102784.45 34.05 398676.28 7
2227798 29.34 102785.52 34.02 418728.28 8
2228548 29.35 102783.98 33.97 434174.25 9
2229298 29.38 102784.13 33.99 446381.88 0
2229548 29.30 102784.49 33.94 93123976.00 1
2230797 28.90 102785.79 33.85 88592088.00 2
2235046 28.82 102785.46 33.97 80883680.00 3
2235795 29.04 102784.53 34.03 4083748.75 4
2236545 29.17 102783.49 34.05 3994149.25 5
2237295 29.22 102783.21 34.01 3880625.25 6
2237795 29.29 102783.31 34.00 403865.13 7
2238544 29.38 102784.31 34.00 418985.28 8
2239294 29.41 102784.09 33.97 434450.56 9
2240044 29.43 102784.11 33.95 444058.97 0
2240294 29.37 102785.80 33.91 93823912.00 1
2241543 28.96 102786.77 33.82 89134312.00 2
2245792 28.84 102787.27 33.92 81184264.00 3
2246541 29.05 102784.23 33.98 4126952.25 4
2247291 29.18 102783.58 33.98 4014702.25 5
2248041 29.22 102783.11 33.98 3919617.25 6
2248541 29.29 102783.25 33.98 398443.59 7
2249290 29.35 102784.27 33.94 417959.19 8
2250040 29.39 102783.64 33.93 434174.25 9
2250790 29.42 102785.15 33.90 447259.22 0
2251040 29.36 102785.23 33.86 93422664.00 1
2252539 28.93 102786.55 33.79 88323448.00 2
2256537 28.79 102785.52 33.93 81487096.00 3
2257287 29.01 102784.85 33.98 4120724.25 4
2258037 29.13 102784.00 33.99 4041440.50 5
2258786 29.17 102783.49 33.99 3919617.25 6
2259286 29.24 102784.27 33.98 403387.81 7
2260036 29.32 102784.80 33.98 421312.50 8
2260786 29.36 102784.66 33.95 435837.41 9
2261536 29.36 102784.75 33.94 446673.94 0
2261786 29.29 102785.13 33.90 93422664.00 1
2263285 28.87 102787.44 33.81 89775344.00 2
2267283 28.77 102787.63 33.98 81945608.00 3
2268033 28.98 102786.57 34.02 4123836.00 4
2268783 29.10 102783.27 34.03 4032488.25 5
2269532 29.16 102786.03 34.04 3908397.00 6
2270032 29.22 102785.45 34.02 400312.75 7
2270782 29.31 102785.76 34.00 421052.63 8
2271531 29.36 102787.26 33.99 439768.09 9
2272281 29.38 102786.96 33.94 448729.19 0
2272531 29.31 102786.93 33.91 94228616.00 1
2274031 28.89 102788.84 33.83 89043480.00 2
2278029 28.75 102788.98 33.96 81108912.00 3
2278779 28.97 102787.88 34.01 4117617.50 4
2279529 29.09 102785.59 34.04 4026542.25 5
2280278 29.14 102785.30 34.04 3925251.50 6
2280778 29.23 102787.27 34.01 403387.81 7
2281528 29.32 102786.90 34.02 423140.50 8
2282278 29.38 102787.21 33.99 436673.78 9
2283027 29.39 102786.42 33.95 448140.03 0
2283277 29.33 102787.51 33.95 93622856.00 1
2284777 28.90 102788.20 33.84 89134312.00 2
2288775 28.75 102786.92 33.93 81945608.00 3
2289525 28.95 102786.91 33.99 4123836.00 4
2290274 29.06 102783.19 34.02 4053439.00 5
2291024 29.10 102783.80 33.98 3930902.00 6
2291774 29.19 102784.27 34.02 402199.53 7
2292274 29.27 102784.27 33.99 420275.00 8
2293023 29.32 102785.10 33.96 439202.22 9
2293773 29.35 102784.98 33.95 449912.13 0
2294023 29.28 102785.40 33.91 93622856.00 1
2295522 28.86 102787.23 33.84 90052904.00 2
2299521 28.77 102785.89 33.96 81715712.00 3
2300271 28.97 102787.14 34.04 4171079.50 4
2301020 29.10 102784.75 34.03 4050432.75 5
2301770 29.16 102783.88 34.03 3942252.25 6
2302520 29.23 102782.75 34.02 402911.66 7
2303019 29.32 102784.11 34.02 422355.13 8
2303769 29.37 102785.04 33.96 433622.69 9
2304519 29.39 102784.17 33.96 446381.88 0
2304769 29.32 102784.71 33.91 94432280.00 1
2306268 28.92 102786.72 33.84 89499488.00 2
2310267 28.81 102789.41 33.95 82022528.00 3
2311016 29.03 102788.87 34.00 4152052.75 4
2311766 29.16 102789.49 33.98 4041440.50 5
2312516 29.21 102789.95 33.99 3947951.75 6
2313266 29.29 102791.41 33.99 403387.81 7
2313766 29.38 102791.51 33.94 424192.22 8
2314515 29.42 102790.99 33.94 438919.84 9
2315265 29.44 102792.29 33.89 450803.44 0
2315515 29.37 102791.98 33.88 94330336.00 1
2317014 28.94 102791.71 33.78 89683200.00 2
2321013 28.81 102787.36 33.94 82099592.00 3
2321762 29.02 102785.29 33.99 4148898.50 4
2322512 29.14 102783.28 34.01 4032488.25 5
2323262 29.19 102784.54 33.99 3928074.75 6
2324011 29.26 102784.51 33.99 401253.91 7
2324511 29.35 102786.56 33.97 419500.22 8
2325261 29.39 102786.10 33.96 436953.28 9
2326011 29.42 102785.51 33.92 450803.44 0
2326261 29.36 102786.34 33.88 93723272.00 1
2327760 28.95 102788.09 33.82 89316528.00 2
2331758 28.83 102786.91 33.93 82022528.00 3
2332508 29.04 102783.41 33.96 4117617.50 4
2333258 29.16 102784.22 33.98 4008808.50 5
2334008 29.21 102783.80 33.99 3894461.50 6
2334757 29.30 102784.27 33.94 400782.78 7
2335257 29.38 102785.49 33.96 423140.50 8
2336007 29.43 102785.96 33.90 436953.28 9
2336756 29.46 102785.47 33.88 449319.88 0
2337006 29.39 102786.34 33.85 93924760.00 1
2338506 28.99 102789.02 33.74 89225320.00 2
2342504 28.89 102786.77 33.82 82176800.00 3
2343254 29.10 102782.63 33.89 4167896.25 4
2344003 29.22 102783.33 33.91 4029513.00 5
2344753 29.27 102784.58 33.88 3928074.75 6
2345503 29.33 102783.66 33.85 403865.13 7
2346003 29.41 102783.83 33.85 425249.16 8
2346752 29.44 102782.29 33.85 435837.41 9
2347502 29.46 102783.20 33.77 448140.03 0
2347752 29.39 102785.41 33.75 94330336.00 1
2349252 28.96 102785.79 33.66 90425664.00 2
2353250 28.82 102783.41 33.83 82409304.00 3
2354000 29.04 102780.85 33.89 4152052.75 4
2354749 29.16 102780.84 33.92 4056449.50 5
2355499 29.20 102781.88 33.91 3933733.50 6
2356249 29.27 102782.38 33.88 404823.09 7
2356749 29.35 102781.87 33.90 423402.94 8
2357498 29.39 102781.77 33.85 436394.63 9
2358248 29.43 102782.85 33.85 449912.13 0
2358498 29.36 102783.38 33.80 94842256.00 1
2359997 28.95 102784.87 33.74 90145808.00 2
2364245 28.84 102785.95 33.94 82254160.00 3
2364745 29.05 102780.92 34.02 4180658.25 4
2365495 29.18 102781.04 34.03 4059464.75 5
2366245 29.23 102782.66 34.02 3930902.00 6
2366994 29.30 102783.48 34.01 402436.63 7
2367494 29.38 102781.79 34.01 421052.63 8
2368244 29.41 102782.01 33.99 435004.25 9
2368994 29.43 102781.20 33.97 451101.31 0
2369244 29.36 102782.99 33.94 93422664.00 1
2370743 28.92 102783.23 33.85 89683200.00 2
2374991 28.79 102785.09 33.98 82176800.00 3
2375491 29.00 102781.02 34.04 4155211.75 4
2376241 29.14 102782.24 34.04 4026542.25 5
2376991 29.19 102781.88 34.05 3911196.00 6
2377740 29.27 102782.20 34.03 404583.16 7
2378490 29.34 102781.91 33.98 422355.13 8
2378990 29.38 102781.90 33.97 437233.13 9
2379740 29.41 102781.54 33.95 451399.59 0
2379990 29.34 102783.82 33.89 94330336.00 1
2381489 28.93 102784.88 33.82 89867672.00 2
2385738 28.85 102784.85 33.96 82409304.00 3
2386237 29.07 102782.55 34.01 4177460.50 4
2386987 29.20 102782.09 34.03 4017655.75 5
2387737 29.24 102782.04 34.02 3950807.75 6
2388487 29.32 102782.91 33.99 407238.03 7
2389237 29.40 102783.89 33.98 424984.44 8
2389736 29.44 102782.80 33.94 437233.13 9
2390486 29.45 102782.55 33.92 450208.84 0
2390736 29.38 102783.66 33.87 95152088.00 1
2392235 28.97 102785.98 33.77 90613208.00 2
2396484 28.78 102785.93 33.91 82176800.00 3
2396983 28.98 102784.40 33.99 4171079.50 4
2397733 29.10 102782.41 34.02 4059464.75 5
2398483 29.14 102781.63 34.02 3933733.50 6
2399233 29.20 102782.37 34.00 405063.28 7
2399982 29.29 102782.41 34.01 424984.44 8
2400482 29.33 102783.57 33.99 437233.13 9
2401232 29.35 102783.07 33.97 449912.13 0
2401482 29.28 102784.41 33.95 94842256.00 1
2402981 28.86 102783.59 33.86 90895976.00 2
2407229 28.75 102784.63 33.99 82643128.00 3
2407729 28.95 102782.45 34.03 4164717.75 4
2408479 29.08 102780.26 34.05 4068537.25 5
2409228 29.12 102780.05 34.05 3930902.00 6
2409978 29.20 102779.89 34.02 405303.78 7
2410728 29.28 102782.19 34.02 422093.97 8
2411228 29.32 102782.89 33.97 440904.19 9
2411977 29.34 102781.74 33.95 450803.44 0
2412227 29.27 102783.23 33.94 95568352.00 1
2413727 28.85 102783.79 33.82 90895976.00 2
2417975 28.69 102780.80 33.98 83193904.00 3
2418475 28.90 102782.63 34.03 4193498.75 4
2419224 29.02 102780.56 34.06 4053439.00 5
2419974 29.07 102780.10 34.07 3962273.25 6
2420724 29.14 102779.34 34.04 407968.13 7
2421474 29.23 102780.58 34.04 425514.22 8
2421973 29.28 102781.58 34.05 440619.63 9
2422723 29.30 102781.93 34.00 452896.94 0
2422973 29.23 102781.38 33.97 95255816.00 1
2424473 28.80 102782.65 33.87 90707264.00 2
2428721 28.69 102783.92 34.07 83352624.00 3
2429220 28.88 102783.70 34.12 4161544.25 4
2429970 29.00 102783.40 34.11 4059464.75 5
2430720 29.04 102781.21 34.14 3970916.25 6
2431470 29.11 102780.53 34.13 407238.03 7
2432219 29.20 102781.86 34.15 425779.63 8
2432719 29.25 102781.80 34.11 442906.56 9
2433469 29.27 102781.86 34.06 454706.94 0
2433719 29.21 102782.77 34.04 96518408.00 1
2435218 28.79 102783.59 33.97 91562696.00 2
2439466 28.67 102783.04 34.11 83432208.00 3
2439966 28.87 102781.85 34.16 4222680.50 4
2440716 28.99 102782.75 34.16 4050432.75 5
2441466 29.03 102780.70 34.19 4002931.75 6
2442216 29.10 102778.75 34.14 405063.28 7
2442965 29.20 102780.68 34.12 428720.97 8
2443465 29.25 102779.43 34.10 441474.47 9
2444215 29.28 102780.26 34.08 454404.25 0
2444465 29.21 102780.81 34.06 96093840.00 1
2445964 28.80 102782.55 33.95 92142000.00 2
2450212 28.66 102782.99 34.12 84317784.00 3
2450962 28.87 102783.06 34.16 4196721.50 4
2451462 28.98 102783.16 34.18 4065508.75 5
2452212 29.00 102781.23 34.18 3970916.25 6
2452961 29.08 102778.95 34.18 407968.13 7
2453711 29.16 102780.66 34.17 427914.75 8
2454461 29.20 102780.14 34.14 442046.19 9
2454960 29.23 102779.87 34.12 454102.00 0
2455210 29.16 102779.14 34.08 96732104.00 1
2456710 28.75 102782.86 34.01 91275768.00 2
2460958 28.63 102781.38 34.14 84074408.00 3
2461708 28.84 102781.64 34.22 4258903.00 4
2462207 28.96 102782.10 34.23 4077650.50 5
2462957 29.02 102782.09 34.23 3976699.00 6
2463707 29.08 102778.05 34.25 409190.81 7
2464457 29.18 102779.74 34.26 426577.78 8
2465206 29.21 102779.33 34.24 442046.19 9
2465706 29.22 102779.09 34.20 450505.94 0
2465956 29.15 102779.61 34.22 95359768.00 1
2467455 28.73 102782.16 34.13 91466856.00 2
2471704 28.58 102779.77 34.36 82878280.00 3
2472453 28.80 102781.73 34.39 4209661.00 4
2472953 28.91 102781.33 34.39 4065508.75 5
2473703 28.96 102781.73 34.39 3962273.25 6
2474453 29.03 102779.63 34.40 406510.53 7
2475203 29.11 102778.67 34.40 425514.22 8
2475952 29.16 102779.95 34.37 440335.41 9
2476452 29.19 102780.16 34.33 450803.44 0
2476702 29.11 102779.62 34.31 95048584.00 1
2478202 28.71 102784.25 34.26 90332184.00 2
2482450 28.62 102786.24 34.39 82956960.00 3
2483200 28.84 102784.45 34.47 4193498.75 4
2483699 28.96 102786.29 34.46 4096000.00 5
2484449 29.02 102786.65 34.46 3950807.75 6
2485199 29.10 102782.60 34.42 403149.59 7
2485949 29.18 102781.97 34.40 425249.16 8
2486698 29.22 102781.69 34.38 439768.09 9
2487198 29.24 102779.34 34.34 452296.81 0
2487698 29.18 102780.73 34.30 95672992.00 1
2488948 28.76 102780.73 34.20 90895976.00 2
2493196 28.65 102781.30 34.27 82878280.00 3
2493945 28.85 102781.46 34.33 4196721.50 4
2494445 28.97 102781.69 34.36 4077650.50 5
2495195 29.02 102779.98 34.35 3991230.25 6
2495945 29.09 102778.23 34.34 408700.84 7
2496695 29.18 102779.40 34.31 426577.78 8
2497444 29.23 102779.81 34.27 436953.28 9
2497944 29.26 102779.84 34.25 454706.94 0
2498444 29.19 102779.73 34.22 96625136.00 1
2499693 28.78 102781.61 34.11 90990632.00 2
2503941 28.64 102781.73 34.26 82878280.00 3
2504691 28.84 102781.03 34.31 4183861.00 4
2505191 28.96 102781.84 34.33 4071570.50 5
2505941 29.01 102779.57 34.33 3947951.75 6
2506691 29.08 102778.87 34.30 408945.69 7
2507440 29.16 102777.89 34.27 425514.22 8
2508190 29.20 102778.97 34.26 440051.56 9
2508690 29.21 102778.03 34.23 452896.94 0
2509190 29.14 102779.72 34.22 95777856.00 1
2510439 28.72 102781.95 34.15 91085480.00 2
2514687 28.56 102782.54 34.29 83432208.00 3
2515437 28.77 102781.63 34.38 4196721.50 4
2516187 28.88 102781.37 34.40 4074608.25 5
2516687 28.93 102782.52 34.40 3976699.00 6
2517436 29.00 102782.69 34.38 407481.09 7
2518186 29.07 102780.07 34.39 428990.38 8
2518936 29.12 102779.81 34.36 442046.19 9
2519436 29.13 102780.42 34.33 453498.66 0
2519935 29.05 102781.59 34.30 96518408.00 1
2521185 28.63 102781.92 34.21 91658744.00 2
2525433 28.48 102781.01 34.43 83832424.00 3
2526183 28.70 102781.77 34.51 4206418.50 4
2526933 28.82 102782.87 34.51 4089865.25 5
2527432 28.87 102782.43 34.53 4023575.75 6
2528182 28.94 102782.61 34.50 410667.75 7
2528932 29.02 102780.45 34.49 429530.19 8
2529682 29.06 102779.16 34.47 440051.56 9
2530182 29.08 102779.74 34.44 455617.34 0
2530682 29.01 102782.04 34.41 97162344.00 1
2531931 28.61 102780.54 34.32 91085480.00 2
2536179 28.49 102779.85 34.47 84317784.00 3
2536929 28.70 102781.70 34.53 4232498.00 4
2537679 28.83 102780.16 34.58 4102153.25 5
2538179 28.88 102782.44 34.57 4044433.50 6
2538928 28.95 102782.41 34.54 408945.69 7
2539678 29.04 102778.52 34.56 427111.56 8
2540428 29.08 102778.33 34.53 441474.47 9
2541178 29.10 102779.29 34.50 452896.94 0
2541428 29.04 102780.62 34.50 95777856.00 1
2542677 28.62 102781.29 34.41 92142000.00 2
2546925 28.49 102780.33 34.64 83035792.00 3
2547675 28.71 102781.95 34.68 4252271.00 4
2548425 28.84 102783.49 34.68 4065508.75 5
2548924 28.90 102781.86 34.69 3973805.50 6
2549674 28.98 102781.78 34.67 407724.47 7
2550424 29.07 102779.15 34.66 426311.41 8
2551173 29.11 102777.97 34.62 441189.16 9
2551923 29.13 102778.41 34.57 455921.63 0
2552173 29.06 102780.67 34.55 96946744.00 1
2553423 28.63 102779.63 34.43 91562696.00 2
2557671 28.51 102779.89 34.58 84155376.00 3
2558421 28.72 102780.73 34.60 4242361.50 4
2559170 28.84 102780.28 34.64 4096000.00 5
2559670 28.88 102781.34 34.63 4014702.25 6
2560420 28.95 102779.32 34.61 409927.94 7
2561170 29.04 102777.91 34.60 429800.63 8
2561919 29.08 102776.99 34.57 444058.97 9
2562669 29.11 102777.73 34.55 454706.94 0
2562919 29.04 102781.44 34.52 96839304.00 1
2564168 28.62 102780.52 34.43 91754984.00 2
2568417 28.50 102778.55 34.62 84726568.00 3
2569166 28.72 102779.70 34.64 4248962.50 4
2569916 28.85 102780.22 34.68 4086804.75 5
2570416 28.89 102780.30 34.66 3991230.25 6
2571166 28.95 102781.15 34.63 410420.84 7
2571915 29.03 102776.90 34.61 428451.88 8
2572665 29.07 102775.52 34.59 442332.63 9
2573415 29.09 102775.64 34.55 457142.84 0
2573665 29.03 102779.31 34.55 97054424.00 1
2574914 28.63 102779.25 34.46 92336736.00 2
2579162 28.51 102777.63 34.57 84808800.00 3
2579912 28.73 102779.38 34.64 4235781.00 4
2580662 28.85 102777.77 34.65 4139464.50 5
2581162 28.89 102779.28 34.62 4023575.75 6
2581911 28.97 102779.45 34.63 409681.94 7
2582661 29.05 102775.99 34.60 428183.16 8
2583411 29.09 102776.18 34.57 442906.56 9
2584161 29.11 102776.94 34.55 456836.94 0
2584411 29.04 102779.29 34.50 96946744.00 1
2585660 28.61 102779.16 34.43 91754984.00 2
2589908 28.48 102778.93 34.60 84074408.00 3
2590658 28.70 102779.14 34.68 4252271.00 4
2591408 28.83 102780.91 34.70 4120724.25 5
2591907 28.88 102780.65 34.67 4017655.75 6
2592657 28.95 102781.03 34.69 409927.94 7
2593407 29.05 102778.09 34.66 430885.75 8
2594157 29.10 102778.23 34.65 443482.03 9
2594906 29.13 102777.04 34.59 454706.94 0
2595156 29.06 102780.34 34.59 97162344.00 1
2596406 28.64 102781.07 34.45 92044944.00 2
2600654 28.50 102778.29 34.56 84644496.00 3
2601403 28.71 102779.91 34.62 4222680.50 4
2602153 28.82 102780.65 34.65 4155211.75 5
2602653 28.86 102780.30 34.61 4050432.75 6
2603403 28.94 102779.16 34.61 410914.94 7
2604152 29.03 102780.57 34.61 429530.19 8
2604902 29.07 102778.39 34.57 444927.22 9
2605652 29.08 102778.13 34.54 454102.00 0
2605902 29.00 102780.05 34.52 97487544.00 1
2607151 28.57 102778.75 34.42 92336736.00 2
2611400 28.47 102776.11 34.59 84644496.00 3
2612149 28.70 102779.30 34.63 4255584.50 4
2612899 28.83 102779.49 34.66 4133198.75 5
2613399 28.88 102779.36 34.63 4050432.75 6
2614149 28.96 102778.38 34.64 410174.25 7
2614898 29.04 102776.97 34.63 428990.38 8
2615648 29.07 102776.34 34.62 441760.13 9
2616398 29.10 102776.42 34.60 456531.44 0
2616648 29.03 102779.33 34.59 96625136.00 1
2617897 28.63 102780.45 34.51 91275768.00 2
2622145 28.52 102780.00 34.67 84155376.00 3
2622895 28.74 102780.84 34.68 4245659.50 4
2623645 28.87 102780.95 34.69 4130073.00 5
2624145 28.91 102781.45 34.67 4002931.75 6
2624895 28.98 102780.16 34.66 409436.22 7
2625644 29.07 102779.35 34.62 425779.63 8
2626394 29.11 102778.72 34.60 441474.47 9
2627144 29.13 102778.90 34.58 455921.63 0
2627394 29.05 102781.91 34.53 96839304.00 1
2628643 28.64 102780.92 34.45 92142000.00 2
2632892 28.53 102780.45 34.58 84399224.00 3
2633641 28.73 102780.85 34.61 4265556.00 4
2634391 28.84 102781.38 34.64 4126952.25 5
2634891 28.89 102780.96 34.64 4014702.25 6
2635641 28.96 102781.30 34.64 411410.22 7
2636390 29.05 102778.34 34.59 425779.63 8
2637140 29.10 102777.90 34.55 446381.88 9
2637890 29.13 102777.69 34.54 453498.66 0
2638140 29.07 102780.46 34.54 97596424.00 1
2639389 28.67 102782.57 34.42 92142000.00 2
2643638 28.59 102780.16 34.56 84726568.00 3
2644387 28.80 102781.97 34.60 4235781.00 4
2645137 28.92 102781.02 34.63 4099074.25 5
2645887 28.96 102782.15 34.63 4000000.00 6
2646387 29.03 102777.96 34.66 409927.94 7
2647136 29.11 102777.71 34.66 428720.97 8
2647886 29.17 102779.38 34.68 442619.41 9
2648636 29.20 102779.02 34.67 451997.34 0
2648886 29.13 102780.13 34.65 96411920.00 1
2650135 28.71 102782.60 34.62 91085480.00 2
2654383 28.59 102781.16 34.70 84480824.00 3
2655133 28.81 102781.67 34.71 4222680.50 4
2655883 28.93 102781.59 34.73 4108325.00 5
2656632 28.98 102782.48 34.68 3997072.50 6
2657132 29.05 102779.41 34.69 409681.94 7
2657882 29.13 102778.45 34.62 429260.13 8
2658632 29.16 102781.27 34.60 443194.13 9
2659381 29.15 102779.10 34.56 451101.31 0
2659631 29.07 102781.91 34.53 96946744.00 1
2660881 28.59 102779.89 34.45 92336736.00 2
2665129 28.45 102781.56 34.65 84236504.00 3
2665879 28.66 102782.29 34.72 4255584.50 4
2666628 28.77 102782.88 34.76 4139464.50 5
2667378 28.81 102783.05 34.76 4017655.75 6
2667878 28.87 102780.90 34.74 409681.94 7
2668627 28.94 102782.68 34.74 426311.41 8
2669377 28.98 102783.27 34.72 444927.22 9
2670127 29.00 102782.25 34.70 458063.06 0
2670377 28.93 102783.81 34.68 97378904.00 1
2671626 28.50 102780.39 34.62 92827192.00 2
2675875 28.39 102781.59 34.85 84399224.00 3
2676624 28.61 102781.34 34.89 4268890.00 4
2677374 28.73 102782.81 34.90 4130073.00 5
2678124 28.77 102781.62 34.94 4041440.50 6
2678624 28.84 102782.87 34.93 409927.94 7
2679373 28.93 102783.57 34.91 428183.16 8
2680123 28.96 102782.59 34.89 444927.22 9
2680873 28.97 102782.97 34.88 455617.34 0
2681123 28.90 102783.55 34.85 97378904.00 1
2682372 28.50 102780.80 34.77 91562696.00 2
2686620 28.41 102780.38 34.95 83511944.00 3
2687370 28.63 102781.88 35.01 4225948.00 4
2688120 28.75 102781.75 35.02 4126952.25 5
2688869 28.80 102782.79 35.05 3994149.25 6
2689369 28.88 102783.19 35.01 408700.84 7
2690119 28.96 102783.83 34.98 429530.19 8
2690869 29.01 102781.55 34.95 446966.38 9
2691618 29.02 102781.91 34.92 454404.25 0
2691868 28.95 102782.95 34.90 97270504.00 1
2693118 28.54 102782.79 34.78 92142000.00 2
2697366 28.43 102780.96 34.89 83752080.00 3
2698116 28.65 102782.30 34.90 4252271.00 4
2698865 28.78 102783.09 34.92 4126952.25 5
2699615 28.82 102783.07 34.91 3991230.25 6
2700115 28.88 102783.90 34.87 413153.13 7
2700865 28.95 102782.96 34.84 430342.50 8
2701615 28.99 102784.99 34.80 445507.94 9
2702364 29.03 102784.20 34.75 459295.81 0
2702614 28.96 102784.87 34.74 98144512.00 1
2704114 28.57 102781.82 34.66 93024840.00 2
2708112 28.52 102782.57 34.91 85056456.00 3
2708862 28.73 102783.74 34.99 4248962.50 4
2709611 28.86 102783.34 35.04 4164717.75 5
2710361 28.91 102784.27 35.01 4026542.25 6
2710861 28.99 102782.55 35.04 409681.94 7
2711611 29.08 102781.35 35.03 429530.19 8
2712361 29.12 102781.72 35.01 441189.16 9
2713110 29.13 102780.43 34.96 458370.63 0
2713360 29.07 102783.06 34.93 97054424.00 1
2714860 28.66 102782.94 34.81 92630392.00 2
2718858 28.54 102784.37 35.03 84726568.00 3
2719608 28.74 102784.63 35.13 4245659.50 4
2720357 28.87 102785.95 35.13 4139464.50 5
2721107 28.91 102784.79 35.11 4032488.25 6
2721607 28.98 102784.84 35.05 410174.25 7
2722357 29.06 102781.91 35.01 432249.91 8
2723106 29.10 102780.91 34.95 443770.31 9
2723856 29.14 102782.80 34.86 458370.63 0
2724106 29.08 102783.67 34.85 97705552.00 1
2725606 28.70 102786.06 34.74 92336736.00 2
2729604 28.60 102783.20 34.79 85305568.00 3
2730354 28.81 102784.15 34.84 4262227.00 4
2731103 28.94 102785.00 34.84 4155211.75 5
2731853 28.99 102785.64 34.81 4047430.75 6
2732353 29.06 102781.45 34.79 412404.34 7
2733103 29.13 102779.73 34.74 428183.16 8
2733852 29.16 102782.44 34.70 446381.88 9
2734602 29.18 102781.88 34.63 458678.63 0
2734852 29.10 102782.36 34.62 97487544.00 1
2736351 28.70 102784.69 34.50 93123976.00 2
2740350 28.56 102782.98 34.63 85222368.00 3
2741100 28.76 102781.39 34.69 4216160.50 4
2741849 28.88 102782.55 34.69 4133198.75 5
2742599 28.93 102783.09 34.68 4050432.75 6
2743349 29.01 102783.41 34.68 412155.38 7
2743849 29.09 102780.59 34.64 428451.88 8
2744598 29.14 102780.64 34.63 442046.19 9
2745348 29.16 102780.70 34.62 458063.06 0
2745598 29.09 102784.06 34.58 96839304.00 1
2747097 28.69 102784.55 34.57 92630392.00 2
2751096 28.59 102782.86 34.72 84973744.00 3
2751845 28.81 102783.33 34.76 4222680.50 4
2752595 28.95 102783.88 34.77 4108325.00 5
2753345 29.00 102783.35 34.74 4020613.50 6
2754094 29.09 102780.00 34.69 411906.69 7
2754594 29.18 102779.96 34.68 431430.38 8
2755344 29.24 102782.91 34.61 443482.03 9
2756094 29.27 102781.15 34.57 460535.19 0
2756344 29.21 102781.68 34.53 98254872.00 1
2757843 28.81 102783.75 34.39 93223328.00 2
2761841 28.71 102784.59 34.47 85808184.00 3
2762591 28.91 102783.84 34.50 4248962.50 4
2763341 29.04 102780.41 34.53 4142604.25 5
2764090 29.09 102780.90 34.50 4053439.00 6
2764840 29.18 102782.46 34.50 412653.63 7
2765340 29.25 102783.88 34.47 429800.63 8
2766090 29.29 102786.35 34.42 442046.19 9
2766839 29.31 102788.54 34.35 457755.94 0
2767089 29.24 102789.59 34.33 98476336.00 1
2768588 28.82 102793.72 34.26 92630392.00 2
2772587 28.70 102792.97 34.62 85639984.00 3
2773336 28.91 102792.73 34.71 4242361.50 4
2774086 29.04 102789.91 34.77 4120724.25 5
2774836 29.09 102786.54 34.79 4038452.00 6
2775586 29.17 102785.33 34.79 412903.22 7
2776086 29.26 102783.33 34.78 428990.38 8
2776835 29.30 102782.79 34.74 445217.41 9
2777585 29.32 102782.48 34.70 456531.44 0
2777835 29.24 102783.02 34.64 97487544.00 1
2779334 28.83 102785.59 34.51 93024840.00 2
2783333 28.72 102785.13 34.51 85139328.00 3
2784082 28.93 102783.80 34.57 4245659.50 4
2784832 29.06 102783.19 34.58 4108325.00 5
2785582 29.11 102782.87 34.55 4017655.75 6
2786332 29.20 102787.30 34.54 414910.84 7
2786831 29.28 102789.30 34.53 431157.91 8
2787581 29.33 102793.05 34.49 444348.00 9
2788331 29.36 102794.35 34.45 455010.00 0
2788581 29.29 102795.66 34.41 96518408.00 1
2790080 28.88 102797.08 34.29 92434416.00 2
2794328 28.75 102793.88 34.40 84236504.00 3
2794828 28.96 102793.05 34.43 4235781.00 4
2795578 29.08 102789.80 34.48 4152052.75 5
2796328 29.11 102790.48 34.46 4038452.00 6
2797077 29.18 102792.50 34.42 410174.25 7
2797577 29.24 102791.90 34.39 428451.88 8
2798327 29.29 102791.18 34.35 446966.38 9
2799077 29.32 102791.29 34.32 460535.19 0
2799327 29.25 102791.83 34.28 96839304.00 1
2800826 28.82 102791.31 34.19 92239272.00 2
2805074 28.70 102784.21 34.35 85056456.00 3
2805574 28.91 102785.00 34.42 4235781.00 4
2806324 29.03 102784.95 34.42 4105236.75 5
2807073 29.08 102782.71 34.43 4056449.50 6
2807823 29.16 102784.52 34.42 411410.22 7
2808573 29.25 102784.42 34.37 429530.19 8
2809073 29.29 102785.36 34.35 444058.97 9
2809822 29.31 102785.42 34.31 458678.63 0
2810072 29.23 102783.97 34.29 97270504.00 1
2811572 28.81 102786.72 34.21 92925912.00 2
2815820 28.71 102787.88 34.63 85222368.00 3
2816320 28.92 102788.06 34.82 4239068.50 4
2817069 29.05 102785.93 34.98 4123836.00 5
2817819 29.10 102785.45 35.04 4026542.25 6
2818569 29.18 102784.91 35.06 410420.84 7
2819319 29.26 102786.07 35.05 428720.97 8
2819818 29.31 102785.27 34.98 444058.97 9
2820568 29.33 102784.63 34.93 458678.63 0
2820818 29.27 102787.01 34.89 96732104.00 1
2822317 28.85 102788.35 34.70 92239272.00 2
2826566 28.71 102786.00 34.58 84399224.00 3
2827065 28.92 102784.97 34.62 4232498.00 4
2827815 29.04 102785.24 34.61 4126952.25 5
2828565 29.08 102783.70 34.54 4008808.50 6
2829315 29.15 102783.34 34.54 409436.22 7
2830064 29.23 102783.71 34.50 427914.75 8
2830564 29.28 102783.20 34.43 446381.88 9
2831314 29.30 102783.82 34.39 459295.81 0
2831564 29.24 102785.45 34.36 98034408.00 1
2833063 28.83 102784.50 34.25 93422664.00 2
2837312 28.71 102786.77 34.47 84644496.00 3
2837811 28.93 102786.48 34.64 4268890.00 4
2838561 29.05 102783.28 34.73 4123836.00 5
2839311 29.10 102784.39 34.76 4020613.50 6
2840061 29.18 102783.74 34.77 410914.94 7
2840810 29.25 102784.04 34.74 430613.97 8
2841310 29.27 102783.34 34.73 443770.31 9
2842060 29.29 102784.03 34.71 454706.94 0
2842310 29.22 102785.95 34.67 97705552.00 1
2843809 28.81 102787.26 34.57 92925912.00 2
2848058 28.72 102785.23 34.69 83752080.00 3
2848557 28.94 102784.38 34.73 4229220.50 4
2849307 29.06 102781.24 34.75 4136329.25 5
2850057 29.11 102782.79 34.72 4035468.00 6
2850807 29.19 102781.39 34.69 410914.94 7
2851556 29.28 102783.33 34.68 429530.19 8
2852056 29.32 102783.04 34.63 442046.19 9
2852806 29.33 102783.27 34.57 459605.03 0
2853056 29.26 102785.77 34.55 97487544.00 1
2854555 28.84 102785.67 34.45 92532296.00 2
2858803 28.71 102785.98 34.47 84808800.00 3
2859303 28.92 102784.71 34.50 4187068.75 4
2860053 29.04 102784.70 34.52 4133198.75 5
2860803 29.08 102782.13 34.50 4005868.00 6
2861552 29.16 102784.14 34.50 409190.81 7
2862302 29.21 102782.50 34.46 428183.16 8
2862802 29.25 102784.39 34.45 440904.19 9
2863552 29.29 102785.95 34.42 450505.94 0
2863802 29.22 102785.39 34.38 95359768.00 1
2865301 28.81 102787.43 34.30 90707264.00 2
2869549 28.69 102786.24 34.46 83114776.00 3
2870299 28.90 102787.36 34.49 4171079.50 4
2870799 29.03 102784.84 34.54 4062484.50 5
2871548 29.07 102783.05 34.54 3913999.00 6
2872298 29.14 102783.73 34.52 406026.97 7
2873048 29.23 102784.07 34.51 428720.97 8
2873548 29.27 102785.23 34.47 440619.63 9
2874298 29.30 102785.93 34.45 450208.84 0
2874547 29.22 102786.38 34.37 95255816.00 1
2876047 28.76 102786.14 34.31 90990632.00 2
2880295 28.57 102786.62 34.53 83671880.00 3
2881045 28.79 102785.84 34.57 4174267.50 4
2881544 28.90 102786.31 34.63 4041440.50 5
2882294 28.95 102786.47 34.57 3945100.00 6
2883044 29.03 102783.59 34.61 406510.53 7
2883794 29.11 102783.03 34.57 425249.16 8
2884543 29.16 102784.24 34.56 439484.97 9
2885043 29.18 102783.67 34.52 451101.31 0
2885293 29.11 102784.98 34.52 95463944.00 1
2886792 28.68 102785.45 34.41 90519336.00 2
2891041 28.58 102784.85 34.55 83511944.00 3
2891790 28.79 102785.36 34.58 4203181.00 4
2892290 28.91 102786.45 34.59 4071570.50 5
2893040 28.96 102785.76 34.61 3936569.00 6
2893789 29.04 102785.83 34.58 402911.66 7
2894539 29.13 102783.32 34.58 424984.44 8
2895289 29.18 102784.16 34.52 438919.84 9
2895789 29.21 102785.13 34.49 448434.41 0
2896039 29.14 102784.70 34.45 95255816.00 1
2897538 28.75 102787.32 34.38 90707264.00 2
2901786 28.57 102784.83 34.51 82487096.00 3
2902536 28.77 102786.95 34.56 4158375.75 4
2903036 28.89 102788.01 34.58 4050432.75 5
2903786 28.93 102785.91 34.54 3959400.75 6
2904535 28.99 102787.86 34.58 407238.03 7
2905285 29.07 102783.77 34.54 423928.78 8
2906035 29.12 102784.02 34.51 440904.19 9
2906535 29.15 102783.31 34.49 451101.31 0
2906785 29.09 102786.20 34.45 95568352.00 1
2908284 28.69 102787.83 34.39 91275768.00 2
2912532 28.59 102785.00 34.48 83432208.00 3
2913282 28.80 102785.97 34.57 4167896.25 4
2913782 28.92 102786.40 34.59 4071570.50 5
2914531 28.98 102787.19 34.57 3959400.75 6
2915281 29.07 102783.80 34.55 407968.13 7
2916031 29.18 102784.73 34.54 424455.97 8
2916781 29.24 102783.80 34.50 442332.63 9
2917281 29.27 102784.47 34.46 450505.94 0
2917780 29.21 102786.51 34.45 95255816.00 1
2919030 28.77 102785.88 34.31 92142000.00 2
2923278 28.65 102787.08 34.44 84236504.00 3
2924028 28.86 102786.11 34.50 4212908.00 4
2924528 28.98 102786.46 34.50 4047430.75 5
2925277 29.03 102785.98 34.50 4008808.50 6
2926027 29.11 102784.68 34.47 409681.94 7
2926777 29.20 102784.23 34.44 426311.41 8
2927526 29.24 102782.84 34.43 442619.41 9
2928026 29.25 102783.52 34.35 455313.47 0
2928526 29.18 102784.13 34.31 96305656.00 1
2929776 28.73 102786.19 34.20 92336736.00 2
2934024 28.52 102783.33 34.38 85222368.00 3
2934774 28.73 102784.16 34.44 4212908.00 4
2935273 28.86 102784.13 34.46 4126952.25 5
2936023 28.90 102785.50 34.44 4008808.50 6
2936773 28.98 102786.45 34.46 411410.22 7
2937523 29.05 102783.48 34.45 427646.69 8
2938272 29.09 102782.83 34.45 445507.94 9
2938772 29.12 102783.44 34.43 458678.63 0
2939272 29.05 102786.19 34.40 97814928.00 1
2940521 28.67 102786.01 34.35 92827192.00 2
2944770 28.53 102783.92 34.47 84973744.00 3
2945519 28.73 102785.52 34.53 4248962.50 4
2946019 28.84 102784.77 34.57 4136329.25 5
2946769 28.88 102785.81 34.53 4041440.50 6
2947519 28.95 102786.38 34.53 409681.94 7
2948268 29.04 102784.18 34.50 430071.41 8
2949018 29.08 102782.37 34.48 446673.94 9
2949518 29.11 102781.72 34.44 460535.19 0
2950018 29.05 102784.95 34.42 98476336.00 1
2951267 28.66 102784.10 34.33 93723272.00 2
2955515 28.56 102783.85 34.49 86402112.00 3
2956265 28.77 102783.82 34.48 4275574.00 4
2957015 28.89 102784.07 34.53 4174267.50 5
2957515 28.94 102784.98 34.51 4068537.25 6
2958264 29.03 102783.52 34.49 413653.81 7
2959014 29.12 102781.39 34.45 429800.63 8
2959764 29.19 102782.57 34.43 447552.44 9
2960264 29.22 102782.52 34.37 459295.81 0
2960764 29.15 102783.10 34.35 97705552.00 1
2962013 28.77 102785.38 34.27 93024840.00 2
2966261 28.70 102785.38 34.31 85056456.00 3
2967011 28.91 102784.38 34.35 4258903.00 4
2967761 29.04 102782.70 34.36 4145749.00 5
2968260 29.09 102780.52 34.35 4044433.50 6
2969010 29.17 102783.02 34.34 414407.13 7
2969760 29.26 102783.75 34.29 430342.50 8
2970509 29.31 102784.26 34.28 445507.94 9
2971259 29.34 102783.09 34.23 458678.63 0
2971509 29.27 102783.17 34.21 98254872.00 1
2972759 28.88 102786.41 34.08 93123976.00 2
2977007 28.78 102784.59 34.19 85472448.00 3
2977756 28.99 102784.12 34.20 4282279.00 4
2978506 29.11 102782.83 34.24 4152052.75 5
2979006 29.16 102783.01 34.20 4053439.00 6
2979756 29.23 102783.02 34.19 412903.22 7
2980506 29.32 102783.03 34.17 434174.25 8
2981255 29.37 102783.28 34.16 447259.22 9
2982005 29.39 102782.45 34.11 459605.03 0
2982255 29.32 102783.73 34.09 98476336.00 1
2983505 28.90 102785.91 33.96 94228616.00 2
2987753 28.79 102788.63 34.24 86061720.00 3
2988502 29.00 102788.83 34.28 4275574.00 4
2989252 29.14 102786.95 34.29 4171079.50 5
2989752 29.19 102786.13 34.34 4068537.25 6
2990502 29.26 102788.09 34.33 413653.81 7
2991251 29.32 102788.82 34.35 429260.13 8
2992001 29.34 102789.02 34.32 445507.94 9
2992751 29.36 102788.99 34.31 459295.81 0
2993001 29.29 102789.96 34.30 98365480.00 1
2994250 28.89 102792.93 34.22 93123976.00 2
2998499 28.76 102784.55 34.33 85056456.00 3
2999248 28.96 102785.07 34.38 4252271.00 4
2999998 29.08 102781.31 34.39 4164717.75 5
3000498 29.13 102781.41 34.36 4008808.50 6
3001248 29.20 102782.36 34.35 411906.69 7
3001998 29.27 102782.30 34.32 434727.22 8
3002747 29.31 102782.99 34.27 446966.38 9
3003497 29.34 102783.41 34.23 459605.03 0
3003747 29.27 102783.21 34.20 97487544.00 1
3004996 28.88 102787.13 34.12 93522656.00 2
3009245 28.79 102784.54 34.15 85388928.00 3
3009994 29.00 102783.49 34.19 4278924.00 4
3010744 29.14 102783.34 34.23 4136329.25 5
3011244 29.19 102782.92 34.22 4035468.00 6
3011994 29.27 102783.49 34.20 414155.72 7
3012743 29.36 102783.27 34.17 433072.53 8
3013493 29.40 102783.41 34.13 447259.22 9
3014243 29.43 102782.77 34.09 461469.13 0
3014493 29.36 102784.56 34.05 98587440.00 1
3015742 28.95 102786.91 33.96 93123976.00 2
3019991 28.86 102785.59 34.03 85556136.00 3
3020740 29.08 102780.80 34.08 4252271.00 4
3021490 29.21 102781.52 34.08 4177460.50 5
3021990 29.25 102782.70 34.05 4029513.00 6
3022739 29.32 102783.48 34.07 412903.22 7
3023489 29.41 102782.26 34.06 433622.69 8
3024239 29.46 102782.19 34.03 447552.44 9
3024989 29.49 102782.57 33.98 459295.81 0
3025239 29.42 102783.75 33.94 98476336.00 1
3026488 29.00 102784.88 33.86 93322888.00 2
3030736 28.89 102786.81 33.91 85977040.00 3
3031486 29.09 102781.36 33.96 4265556.00 4
3032236 29.23 102783.02 33.97 4171079.50 5
3032986 29.28 102783.77 33.96 4041440.50 6
3033485 29.35 102782.77 33.93 415922.00 7
3034235 29.44 102782.30 33.92 431703.22 8
3034985 29.48 102784.48 33.87 447259.22 9
3035735 29.51 102783.72 33.84 459605.03 0
3035985 29.44 102783.77 33.80 98922264.00 1
3037234 29.04 102785.12 33.71 93723272.00 2
3