=~=~=~=~=~=~=~=~=~=~=~= PuTTY log 2024.11.22 01:50:13 =~=~=~=~=~=~=~=~=~=~=~=
6066560 32.06 99168.14 38.62 91135.63 6
6067309 32.14 99164.00 38.64 23898.43 7
6068059 32.23 99161.15 38.61 24432.14 8
6068809 32.28 99162.83 38.63 25286.45 9
6069309 32.30 99162.95 38.57 25651.30 0
6069808 32.22 99161.33 38.57 392036.75 1
6071058 31.79 99160.02 38.48 383448.78 2
6300968 29.91 98406.69 27.36 69663568.00 3
6301718 30.11 98406.94 27.36 4120724.25 4
6302467 30.23 98406.47 27.39 4026542.25 5
6302967 30.28 98407.12 27.42 3875118.25 6
6303717 30.35 98409.72 27.41 513540.63 7
6304467 30.43 98410.06 27.41 546424.75 8
6305216 30.48 98412.09 27.40 566371.69 9
6305716 30.50 98415.59 27.39 581818.19 0
6306216 30.42 98417.19 27.47 102400000.00 1
6307466 30.00 98422.30 27.07 97487544.00 2
6311714 29.86 98426.25 27.31 75307096.00 3
6312464 30.07 98426.67 27.41 4374900.00 4
6313213 30.19 98429.52 27.42 4305913.50 5
6313713 30.24 98432.08 27.45 4167896.25 6
6314463 30.31 98436.22 27.46 534446.75 7
6315213 30.39 98435.59 27.44 567784.88 8
6315962 30.44 98438.48 27.45 586819.50 9
6316462 30.45 98440.29 27.42 601291.81 0
6316962 30.36 98438.11 27.30 102400000.00 1
6318211 29.96 98444.84 27.20 102400000.00 2
6322460 29.82 98447.60 27.45 80068416.00 3
6323209 30.03 98447.42 27.43 4630865.00 4
6323959 30.15 98451.64 27.47 4435300.50 5
6324459 30.20 98452.72 27.44 4333245.00 6
6325209 30.27 98452.79 27.47 550833.81 7
6325958 30.35 98455.68 27.45 584808.69 8
6326708 30.39 98457.22 27.47 609342.44 9
6327208 30.41 98461.16 27.45 625534.50 0
6327708 30.33 98459.84 27.37 102400000.00 1
6328957 29.92 98463.98 27.15 102400000.00 2
6333205 29.77 98473.32 27.27 86917768.00 3
6333955 29.98 98475.87 27.43 4883457.50 4
6334455 30.11 98478.68 27.45 4674465.00 5
6335205 30.15 98477.77 27.45 4584219.50 6
6335954 30.22 98479.84 27.48 571109.88 7
6336704 30.31 98475.81 27.46 607715.13 8
6337454 30.35 98478.86 27.44 631903.75 9
6337954 30.37 98481.16 27.43 643822.69 0
6338454 30.29 98480.39 27.45 102400000.00 1
6339703 29.86 98482.02 27.49 102400000.00 2
6343951 29.73 98495.36 27.40 93322888.00 3
6344701 29.95 98497.55 27.46 5069307.00 4
6345201 30.07 98498.35 27.44 4892206.50 5
6345951 30.11 98501.64 27.49 4739369.50 6
6346700 30.18 98502.44 27.47 586819.50 7
6347450 30.26 98503.23 27.47 622681.69 8
6348200 30.31 98504.31 27.47 642006.25 9
6348699 30.33 98505.45 27.44 661926.31 0
6349199 30.25 98504.88 27.73 102400000.00 1
6350449 29.82 98504.20 27.47 102400000.00 2
6354697 29.70 98516.72 27.31 98810400.00 3
6355447 29.91 98517.18 27.45 5331598.00 4
6355947 30.03 98518.91 27.47 5092943.50 5
6356696 30.07 98522.65 27.45 4995122.00 6
6357446 30.14 98522.52 27.49 602884.88 7
6358196 30.23 98526.53 27.50 636617.94 8
6358946 30.27 98526.88 27.47 659368.94 9
6359445 30.29 98529.34 27.47 679721.19 0
6359945 30.21 98526.70 27.39 102400000.00 1
6361195 29.78 98528.61 27.42 102400000.00 2
6365443 29.66 98544.24 27.45 102400000.00 3
6366193 29.87 98545.48 27.42 5492457.50 4
6366693 29.99 98546.84 27.47 5300550.00 5
6367442 30.04 98548.82 27.46 5107232.00 6
6368192 30.11 98549.22 27.47 620418.06 7
6368942 30.19 98548.65 27.47 659368.94 8
6369691 30.23 98549.10 27.49 679045.06 9
6370191 30.25 98550.34 27.42 692828.13 0
6370691 30.18 98551.06 27.41 102400000.00 1
6371941 29.74 98550.27 27.35 102400000.00 2
6376189 29.61 98556.63 27.41 102400000.00 3
6376938 29.83 98557.63 27.47 5716678.50 4
6377438 29.96 98560.97 27.47 5531397.50 5
6378188 30.00 98561.95 27.46 5310859.00 6
6378938 30.07 98561.09 27.45 634252.06 7
6379687 30.15 98563.31 27.45 671695.63 8
6380437 30.19 98565.16 27.42 698499.31 9
6380937 30.21 98567.98 27.41 714584.81 0
6381437 30.14 98567.21 27.69 102400000.00 1
6382686 29.71 98568.99 27.26 102400000.00 2
6386935 29.57 98580.56 27.24 102400000.00 3
6387684 29.79 98581.65 27.39 5876614.00 4
6388184 29.92 98583.88 27.40 5704735.50 5
6388934 29.96 98586.20 27.41 5509078.50 6
6389684 30.04 98586.97 27.42 646873.00 7
6390433 30.12 98588.70 27.42 686557.19 8
6391183 30.16 98592.62 27.41 707182.31 9
6391683 30.18 98593.84 27.43 731428.56 0
6392183 30.10 98594.48 27.21 102400000.00 1
6393432 29.68 98600.68 27.31 102400000.00 2
6397680 29.53 98611.65 27.23 102400000.00 3
6398430 29.76 98614.41 27.47 6138628.50 4
6398930 29.88 98616.01 27.49 5826458.00 5
6399680 29.92 98615.17 27.50 5605200.00 6
6400429 30.00 98613.94 27.49 655569.81 7
6401179 30.08 98615.29 27.50 700650.00 8
6401929 30.12 98617.40 27.51 725212.44 9
6402429 30.14 98617.95 27.45 740955.13 0
6402928 30.07 98619.46 27.35 102400000.00 1
6404178 29.63 98625.28 27.52 102400000.00 2
6408426 29.50 98636.83 27.29 102400000.00 3
6409176 29.73 98639.51 27.50 6334429.00 4
6409676 29.86 98643.98 27.51 6117998.50 5
6410425 29.89 98645.02 27.54 5857704.50 6
6411175 29.97 98645.42 27.56 670376.44 7
6411925 30.05 98649.84 27.53 713837.56 8
6412675 30.09 98651.42 27.52 733787.19 9
6413174 30.11 98649.85 27.55 752111.63 0
6413424 30.03 98653.29 27.43 102400000.00 1
6414924 29.59 98649.33 27.54 102400000.00 2
6419172 29.47 98657.55 27.49 102400000.00 3
6419922 29.69 98657.42 27.54 6539213.50 4
6420422 29.81 98660.36 27.53 6251049.00 5
6421171 29.86 98661.68 27.57 6056931.50 6
6421921 29.93 98662.01 27.56 683806.38 7
6422671 30.01 98661.15 27.54 726756.56 8
6423420 30.05 98663.37 27.55 744998.19 9
6423920 30.08 98665.58 27.56 767328.56 0
6424170 30.00 98663.91 27.76 102400000.00 1
6425670 29.57 98668.52 27.50 102400000.00 2
6429918 29.44 98672.66 27.47 102400000.00 3
6430668 29.66 98672.73 27.56 6675086.50 4
6431167 29.79 98674.55 27.61 6427618.50 5
6431917 29.83 98674.76 27.60 6233213.00 6
6432667 29.90 98674.88 27.60 692828.13 7
6433417 29.99 98677.73 27.58 736955.75 8
6434167 30.03 98677.92 27.56 757536.50 9
6434666 30.05 98678.94 27.58 777820.00 0
6434916 29.98 98679.04 27.41 102400000.00 1
6436416 29.54 98682.86 27.45 102400000.00 2
6440664 29.41 98691.02 27.61 102400000.00 3
6441413 29.63 98693.41 27.57 6876810.00 4
6441913 29.75 98694.27 27.63 6488713.00 5
6442663 29.81 98696.41 27.58 6341784.50 6
6443413 29.88 98695.09 27.64 702091.19 7
6444162 29.96 98696.70 27.62 738550.31 8
6444912 30.00 98698.90 27.60 770794.13 9
6445412 30.02 98698.77 27.59 787692.31 0
6445662 29.94 98699.06 27.68 102400000.00 1
6447161 29.51 98699.92 27.56 102400000.00 2
6451409 29.38 98707.22 27.52 102400000.00 3
6452159 29.60 98710.15 27.61 6964506.00 4
6452659 29.72 98711.07 27.60 6732689.50 5
6453409 29.77 98713.36 27.62 6484860.50 6
6454159 29.85 98716.00 27.61 711605.31 7
6454908 29.93 98719.82 27.62 741760.25 8
6455658 29.97 98719.55 27.62 787692.31 9
6456158 29.99 98720.65 27.58 807252.69 0
6456408 29.92 98722.92 27.37 102400000.00 1
6457907 29.48 98721.98 27.61 102400000.00 2
6462156 29.35 98727.41 27.67 102400000.00 3
6462905 29.57 98726.26 27.63 7203341.50 4
6463405 29.70 98726.27 27.61 6894172.00 5
6464155 29.74 98726.30 27.63 6671010.00 6
6464905 29.82 98726.22 27.64 722143.88 7
6465654 29.90 98726.27 27.66 765607.50 8
6466404 29.95 98727.78 27.64 792723.06 9
6466904 29.96 98729.70 27.62 813990.44 0
6467154 29.89 98729.02 27.57 102400000.00 1
6468653 29.46 98730.92 27.45 102400000.00 2
6472901 29.32 98739.66 27.47 102400000.00 3
6473651 29.56 98742.60 27.63 7299621.50 4
6474151 29.67 98742.65 27.67 6968949.50 5
6474900 29.72 98746.64 27.64 6820982.50 6
6475650 29.80 98748.84 27.64 737752.19 7
6476400 29.88 98750.31 27.69 782725.00 8
6477150 29.92 98751.97 27.64 802979.81 9
6477649 29.95 98753.28 27.63 831337.50 0
6477899 29.87 98753.48 27.78 102400000.00 1
6479399 29.43 98754.62 27.47 102400000.00 2
6483647 29.30 98763.73 27.54 102400000.00 3
6484397 29.53 98767.64 27.64 7358634.50 4
6484896 29.64 98767.64 27.71 7179667.00 5
6485646 29.69 98770.75 27.69 6898526.50 6
6486396 29.77 98771.48 27.67 744186.06 7
6487146 29.85 98771.70 27.66 789971.06 8
6487895 29.90 98773.85 27.68 817401.69 9
6488395 29.92 98775.93 27.64 833367.25 0
6488645 29.84 98776.95 27.57 102400000.00 1
6490145 29.42 98778.73 27.69 102400000.00 2
6494393 29.28 98780.45 27.53 102400000.00 3
6495142 29.50 98785.01 27.66 7531142.50 4
6495642 29.63 98788.07 27.68 7285015.50 5
6496392 29.68 98791.02 27.69 7000213.50 6
6497142 29.75 98791.83 27.70 742567.06 7
6497891 29.83 98793.41 27.71 798751.94 8
6498391 29.88 98794.73 27.69 832351.13 9
6499141 29.90 98794.91 27.67 849968.88 0
6499391 29.82 98793.38 27.59 102400000.00 1
6500890 29.39 98792.05 27.46 102400000.00 2
6505138 29.26 98796.42 27.68 102400000.00 3
6505888 29.48 98797.85 27.70 7755739.50 4
6506388 29.60 98798.98 27.68 7428701.00 5
6507138 29.65 98800.20 27.71 7146783.00 6
6507887 29.73 98800.05 27.68 755023.06 7
6508637 29.80 98800.98 27.72 806775.63 8
6509137 29.85 98803.63 27.70 838485.19 9
6509887 29.87 98804.88 27.67 857980.75 0
6510137 29.80 98806.22 27.65 102400000.00 1
6511636 29.37 98803.70 27.58 102400000.00 2
6515884 29.24 98810.88 27.65 102400000.00 3
6516634 29.46 98811.69 27.69 7873138.00 4
6517134 29.58 98813.30 27.70 7520771.00 5
6517884 29.63 98816.74 27.76 7314285.50 6
6518633 29.71 98818.72 27.71 770794.13 7
6519383 29.78 98821.41 27.71 812053.94 8
6519883 29.83 98825.60 27.70 848911.94 9
6520633 29.86 98827.51 27.69 857441.94 0
6520883 29.78 98824.75 27.77 102400000.00 1
6522382 29.35 98824.56 27.72 102400000.00 2
6526630 29.22 98829.56 27.48 102400000.00 3
6527130 29.45 98832.92 27.69 7947611.00 4
6527880 29.57 98833.91 27.71 7604548.50 5
6528629 29.61 98832.94 27.72 7428701.00 6
6529379 29.69 98836.43 27.72 776051.56 7
6530129 29.77 98838.59 27.70 824808.69 8
6530629 29.82 98839.32 27.71 858520.25 9
6531379 29.84 98838.05 27.66 876149.75 0
6531629 29.75 98836.87 27.53 102400000.00 1
6533128 29.33 98837.34 27.52 102400000.00 2
6537376 29.21 98841.91 27.54 102400000.00 3
6537876 29.43 98845.20 27.66 8094861.50 4
6538626 29.55 98846.85 27.71 7733774.00 5
6539375 29.59 98846.55 27.71 7531142.50 6
6540125 29.66 98848.58 27.70 781828.56 7
6540875 29.75 98848.23 27.72 834896.06 8
6541375 29.80 98853.57 27.68 863406.44 9
6542125 29.82 98852.38 27.71 888117.94 0
6542374 29.74 98851.25 27.79 102400000.00 1
6543874 29.31 98850.28 27.46 102400000.00 2
6548122 29.20 98856.52 27.61 102400000.00 3
6548622 29.41 98857.28 27.71 8155301.00 4
6549372 29.54 98859.87 27.72 7930300.00 5
6550122 29.58 98859.53 27.75 7631113.00 6
6550871 29.65 98863.66 27.73 799687.63 7
6551621 29.73 98863.70 27.72 836943.19 8
6552121 29.77 98863.59 27.72 871674.81 9
6552870 29.80 98868.03 27.70 898048.69 0
6553120 29.73 98867.18 27.59 102400000.00 1
6554620 29.30 98865.91 27.67 102400000.00 2
6558868 29.17 98874.06 27.62 102400000.00 3
6559368 29.40 98875.15 27.72 8285208.50 4
6560118 29.52 98875.36 27.72 8000000.00 5
6560867 29.56 98877.27 27.76 7684803.00 6
6561617 29.64 98878.40 27.74 804399.06 7
6562367 29.72 98880.84 27.75 853689.06 8
6562866 29.76 98879.23 27.73 873906.56 9
6563616 29.79 98879.95 27.73 901011.88 0
6563866 29.71 98879.98 27.71 102400000.00 1
6565366 29.29 98883.94 27.86 102400000.00 2
6569614 29.15 98886.47 27.72 102400000.00 3
6570114 29.38 98886.61 27.74 8471562.00 4
6570863 29.50 98887.89 27.75 8064976.50 5
6571613 29.55 98889.09 27.74 7839234.50 6
6572363 29.62 98890.80 27.77 799687.63 7
6573113 29.71 98894.09 27.75 859060.38 8
6573612 29.75 98893.30 27.72 890434.81 9
6574362 29.77 98893.48 27.70 919829.31 0
6574612 29.69 98892.70 27.53 102400000.00 1
6576111 29.27 98894.65 27.69 102400000.00 2
6580360 29.15 98899.46 27.76 102400000.00 3
6580859 29.37 98901.37 27.77 8618622.00 4
6581609 29.50 98900.23 27.77 8272658.50 5
6582359 29.54 98901.27 27.77 7964997.50 6
6583109 29.61 98901.50 27.78 821335.50 7
6583858 29.69 98902.16 27.78 863406.44 8
6584358 29.73 98903.55 27.76 901011.88 9
6585108 29.75 98903.27 27.77 919210.06 0
6585358 29.68 98903.30 27.79 102400000.00 1
6586857 29.27 98909.55 27.83 102400000.00 2
6591105 29.12 98910.06 27.70 102400000.00 3
6591605 29.36 98914.95 27.79 8680265.00 4
6592355 29.48 98915.29 27.79 8316751.50 5
6593105 29.52 98918.57 27.76 8029404.50 6
6593854 29.60 98919.01 27.80 825307.25 7
6594604 29.68 98918.28 27.79 872231.69 8
6595104 29.72 98919.17 27.81 902202.63 9
6595854 29.75 98919.20 27.78 921692.19 0
6596104 29.67 98920.30 27.79 102400000.00 1
6597603 29.25 98920.94 27.71 102400000.00 2
6601851 29.12 98922.52 27.72 102400000.00 3
6602351 29.34 98927.12 27.77 8806235.00 4
6603101 29.46 98928.16 27.80 8438836.00 5
6603850 29.51 98929.42 27.81 8143141.00 6
6604600 29.58 98931.69 27.82 827307.63 7
6605350 29.66 98929.28 27.78 877839.69 8
6605850 29.71 98928.82 27.78 910020.00 9
6606599 29.73 98927.80 27.75 931756.13 0
6606849 29.66 98930.27 27.91 102400000.00 1
6608349 29.23 98926.67 27.65 102400000.00 2
6612597 29.10 98929.72 27.64 102400000.00 3
6613097 29.34 98935.05 27.79 8921318.00 4
6613847 29.45 98935.21 27.77 8611827.00 5
6614596 29.50 98936.05 27.81 8272658.50 6
6615346 29.57 98935.41 27.80 832858.88 7
6615846 29.66 98937.75 27.80 888696.00 8
6616596 29.70 98938.91 27.77 919210.06 9
6617345 29.72 98938.12 27.76 943344.06 0
6617595 29.64 98937.88 27.64 102400000.00 1
6619095 29.22 98939.45 27.60 102400000.00 2
6623343 29.09 98949.65 27.62 102400000.00 3
6623843 29.32 98952.93 27.73 8914037.00 4
6624593 29.44 98953.83 27.80 8714894.00 5
6625342 29.49 98954.79 27.77 8329435.50 6
6626092 29.56 98953.68 27.75 839000.44 7
6626592 29.64 98956.02 27.76 892763.75 8
6627342 29.69 98956.80 27.76 919210.06 9
6628091 29.71 98952.78 27.72 950568.56 0
6628341 29.63 98951.73 27.70 102400000.00 1
6629841 29.21 98952.44 27.62 102400000.00 2
6633839 29.08 98956.98 27.62 102400000.00 3
6634589 29.31 98958.99 27.74 8987383.00 4
6635339 29.43 98959.80 27.76 8763841.00 5
6636088 29.48 98961.70 27.78 8432321.00 6
6636838 29.54 98963.33 27.75 848911.94 7
6637338 29.63 98967.09 27.76 898639.75 8
6638088 29.68 98967.45 27.75 940744.13 9
6638838 29.70 98970.18 27.72 949907.25 0
6639087 29.63 98970.01 27.56 102400000.00 1
6640587 29.20 98971.40 27.51 102400000.00 2
6644585 29.07 98976.54 27.70 102400000.00 3
6645335 29.30 98976.75 27.71 9214848.00 4
6646085 29.42 98975.86 27.72 8906768.00 5
6646835 29.46 98977.02 27.65 8632244.00 6
6647584 29.54 98977.99 27.72 852622.81 7
6648084 29.62 98977.66 27.71 910626.94 8
6648834 29.66 98979.42 27.70 939449.56 9
6649584 29.69 98979.13 27.69 971537.00 0
6649833 29.62 98977.57 27.77 102400000.00 1
6651333 29.20 98980.40 27.58 102400000.00 2
6655331 29.06 98980.13 27.70 102400000.00 3
6656081 29.29 98983.25 27.72 9293250.00 4
6656831 29.41 98982.07 27.78 8979995.00 5
6657580 29.46 98982.68 27.76 8687169.00 6
6658330 29.53 98984.84 27.75 856903.75 7
6658830 29.61 98983.48 27.76 911843.25 8
6659580 29.66 98985.67 27.75 953223.19 9
6660329 29.68 98986.72 27.72 971537.00 0
6660579 29.60 98985.25 27.73 102400000.00 1
6662079 29.18 98985.35 27.51 102400000.00 2
6666077 29.05 98988.97 27.80 102400000.00 3
6666827 29.28 98993.16 27.75 9356939.00 4
6667576 29.41 98994.52 27.77 9077008.00 5
6668326 29.45 98995.01 27.80 8834726.00 6
6669076 29.52 98994.78 27.75 862860.75 7
6669576 29.61 98995.59 27.78 921692.19 8
6670326 29.65 98997.66 27.76 953889.13 9
6671075 29.67 98998.69 27.74 978499.75 0
6671325 29.60 98998.96 27.60 102400000.00 1
6672825 29.18 99001.03 27.84 102400000.00 2
6676823 29.05 99005.46 27.63 102400000.00 3
6677573 29.27 99009.95 27.76 9421507.00 4
6678322 29.39 99010.20 27.79 9130120.00 5
6679072 29.44 99010.76 27.80 8770878.00 6
6679822 29.51 99012.57 27.80 869454.44 7
6680322 29.59 99013.75 27.80 924813.75 8
6681072 29.64 99011.43 27.81 957233.00 9
6681821 29.66 99013.17 27.77 984852.13 0
6682071 29.59 99014.09 27.66 102400000.00 1
6683571 29.16 99012.21 27.65 102400000.00 2
6687569 29.04 99015.80 27.51 102400000.00 3
6688319 29.27 99017.43 27.77 9528351.00 4
6689068 29.39 99017.67 27.81 9309091.00 5
6689818 29.43 99018.25 27.80 8914037.00 6
6690568 29.50 99015.99 27.78 872789.25 7
6691068 29.59 99014.39 27.81 929852.44 8
6691817 29.63 99015.09 27.79 964672.63 9
6692567 29.65 99015.29 27.77 997078.88 0
6692817 29.57 99016.26 27.75 102400000.00 1
6694317 29.16 99017.51 27.52 102400000.00 2
6698315 29.04 99019.44 27.69 102400000.00 3
6699065 29.25 99020.23 27.81 9714794.00 4
6699814 29.38 99021.60 27.79 9348930.00 5
6700564 29.42 99021.59 27.78 8979995.00 6
6701064 29.50 99022.21 27.80 885813.13 7
6701814 29.58 99022.66 27.80 934306.56 8
6702563 29.62 99021.23 27.77 974310.19 9
6703313 29.64 99022.30 27.77 1009613.00 0
6703563 29.56 99022.40 27.64 102400000.00 1
6705062 29.13 99019.28 27.73 102400000.00 2
6709061 29.01 99024.22 27.69 102400000.00 3
6709810 29.25 99027.97 27.76 9846154.00 4
6710560 29.37 99030.34 27.77 9511756.00 5
6711310 29.41 99030.41 27.74 9084558.00 6
6711810 29.49 99032.18 27.77 887540.63 7
6712559 29.57 99031.35 27.77 948587.31 8
6713309 29.61 99034.03 27.77 973615.38 9
6714059 29.64 99032.38 27.76 1010360.13 0
6714309 29.56 99033.21 27.77 102400000.00 1
6715808 29.13 99032.30 27.59 102400000.00 2
6719807 29.01 99037.59 27.66 102400000.00 3
6720556 29.24 99040.74 27.75 9972002.00 4
6721306 29.36 99041.45 27.78 9578486.00 5
6722056 29.41 99043.50 27.79 9122494.00 6
6722556 29.48 99043.07 27.77 895692.13 7
6723305 29.56 99044.93 27.79 949246.81 8
6724055 29.60 99043.34 27.77 984142.25 9
6724805 29.63 99046.68 27.77 1008122.06 0
6725055 29.55 99045.33 27.40 102400000.00 1
6726554 29.13 99044.38 27.79 102400000.00 2
6730552 29.01 99046.13 27.88 102400000.00 3
6731302 29.23 99047.31 27.82 10017732.00 4
6732052 29.36 99047.03 27.79 9578486.00 5
6732802 29.39 99046.38 27.84 9293250.00 6
6733301 29.47 99047.16 27.80 901011.88 7
6734051 29.55 99050.27 27.78 957904.56 8
6734801 29.60 99051.29 27.80 992729.06 9
6735550 29.62 99051.58 27.79 1014866.19 0
6735801 29.54 99050.60 27.74 102400000.00 1
6737050 29.13 99052.29 27.70 102400000.00 2
6741298 29.00 99052.55 27.79 102400000.00 3
6742048 29.22 99053.71 27.80 10045371.00 4
6742798 29.35 99053.74 27.83 9706161.00 5
6743547 29.39 99052.50 27.80 9269590.00 6
6744047 29.46 99052.11 27.82 903396.56 7
6744797 29.55 99054.53 27.83 956562.38 8
6745547 29.59 99055.80 27.81 1003675.56 9
6746296 29.61 99056.18 27.80 1027081.25 0
6746546 29.53 99053.98 27.65 102400000.00 1
6747796 29.11 99056.83 27.84 102400000.00 2
6752044 28.99 99061.23 27.77 102400000.00 3
6752794 29.22 99065.56 27.80 10157471.00 4
6753544 29.34 99065.48 27.79 9758189.00 5
6754293 29.39 99064.23 27.81 9486972.00 6
6754793 29.46 99063.22 27.83 909413.88 7
6755543 29.54 99064.14 27.82 968779.56 8
6756293 29.59 99063.80 27.82 1013359.75 9
6757042 29.61 99064.53 27.82 1026309.19 0
6757292 29.53 99063.40 27.88 102400000.00 1
6758542 29.11 99063.77 27.69 102400000.00 2
6762790 28.98 99067.99 27.61 102400000.00 3
6763540 29.22 99072.85 27.81 10243201.00 4
6764290 29.34 99075.77 27.82 9863937.00 5
6765039 29.39 99075.58 27.81 9520046.00 6
6765539 29.45 99075.56 27.80 914898.38 7
6766289 29.54 99076.40 27.80 963311.38 8
6767039 29.58 99076.95 27.82 1010360.13 9
6767788 29.60 99078.91 27.78 1032518.25 0
6768038 29.52 99077.23 27.62 102400000.00 1
6769288 29.10 99074.21 27.80 102400000.00 2
6773536 28.98 99075.59 27.74 102400000.00 3
6774286 29.21 99079.56 27.77 10330391.00 4
6775035 29.33 99079.12 27.79 9990244.00 5
6775785 29.38 99078.91 27.84 9586893.00 6
6776285 29.45 99078.30 27.82 918591.63 7
6777035 29.54 99078.05 27.80 975005.94 8
6777784 29.57 99078.30 27.79 1002202.13 9
6778534 29.60 99077.36 27.80 1031738.06 0
6778784 29.52 99078.38 27.78 102400000.00 1
6780033 29.10 99076.88 27.65 102400000.00 2
6784282 28.98 99079.30 27.85 102400000.00 3
6785031 29.21 99082.49 27.84 10389347.00 4
6785781 29.33 99084.01 27.82 9990244.00 5
6786281 29.38 99085.50 27.79 9697544.00 6
6787031 29.45 99085.30 27.83 917974.00 7
6787780 29.53 99085.46 27.85 980608.06 8
6788530 29.57 99088.49 27.84 1014112.38 9
6789280 29.60 99088.74 27.79 1048374.69 0
6789530 29.53 99089.65 27.83 102400000.00 1
6790779 29.09 99086.05 27.58 102400000.00 2
6795027 28.96 99084.80 27.78 102400000.00 3
6795777 29.20 99089.03 27.80 10509301.00 4
6796527 29.33 99091.52 27.82 10138614.00 5
6797027 29.37 99091.11 27.82 9723442.00 6
6797776 29.44 99088.81 27.84 927956.50 7
6798526 29.52 99088.80 27.81 986987.94 8
6799276 29.57 99089.59 27.81 1028628.81 9
6800025 29.59 99091.99 27.79 1049180.38 0
6800275 29.51 99093.50 28.05 102400000.00 1
6801525 29.09 99092.39 27.78 102400000.00 2
6805773 28.97 99095.83 27.82 102400000.00 3
6806523 29.19 99098.29 27.80 10580562.00 4
6807273 29.32 99100.66 27.81 10252816.00 5
6807773 29.37 99103.23 27.83 9890733.00 6
6808522 29.44 99102.38 27.81 935587.00 7
6809272 29.52 99103.59 27.80 992729.06 8
6810022 29.56 99101.57 27.78 1040386.06 9
6810771 29.58 99103.89 27.76 1054854.50 0
6811021 29.51 99103.57 27.94 102400000.00 1
6812271 29.09 99102.30 27.52 102400000.00 2
6816519 28.96 99105.26 27.79 102400000.00 3
6817269 29.19 99108.08 27.74 10715500.00 4
6818019 29.32 99109.23 27.74 10320630.00 5
6818519 29.36 99108.42 27.73 9953827.00 6
6819268 29.43 99108.72 27.75 947271.06 7
6820018 29.51 99107.77 27.75 994899.19 8
6820768 29.55 99104.88 27.73 1030181.06 9
6821518 29.58 99106.45 27.74 1054854.50 0
6821768 29.51 99107.52 27.61 102400000.00 1
6823017 29.08 99100.38 27.58 102400000.00 2
6827265 28.95 99096.47 27.64 102400000.00 3
6828015 29.18 99100.99 27.74 10832397.00 4
6828765 29.31 99103.17 27.72 10330391.00 5
6829265 29.36 99105.09 27.76 9872853.00 6
6830014 29.42 99106.45 27.72 941392.81 7
6830764 29.51 99107.99 27.72 1002938.31 8
6831514 29.55 99111.68 27.70 1041179.44 9
6832264 29.57 99113.16 27.72 1064725.75 0
6832514 29.50 99113.44 27.70 102400000.00 1
6833763 29.07 99112.42 27.49 102400000.00 2
6838011 28.95 99116.57 27.83 102400000.00 3
6838761 29.18 99117.87 27.67 10789595.00 4
6839511 29.30 99117.77 27.66 10519422.00 5
6840010 29.35 99117.38 27.71 10026928.00 6
6840760 29.42 99116.76 27.67 948587.31 7
6841510 29.50 99119.04 27.69 1006635.56 8
6842259 29.54 99120.14 27.65 1047570.31 9
6842759 29.56 99122.15 27.65 1067222.50 0
6843259 29.48 99120.52 27.83 102400000.00 1
6844509 29.07 99120.59 27.64 102400000.00 2
6848757 28.93 99120.91 27.58 102400000.00 3
6849507 29.18 99124.89 27.63 10908123.00 4
6850007 29.29 99124.87 27.66 10509301.00 5
6850756 29.34 99126.27 27.66 10138614.00 6
6851506 29.41 99125.68 27.67 957233.00 7
6852256 29.50 99128.95 27.64 1017134.31 8
6853006 29.54 99125.38 27.64 1060590.38 9
6853505 29.56 99127.62 27.63 1079884.00 0
6854005 29.48 99126.62 27.52 102400000.00 1
6855255 29.06 99122.48 27.56 102400000.00 2
6859503 28.94 99124.54 27.51 102400000.00 3
6860253 29.16 99126.51 27.57 11164566.00 4
6860753 29.29 99127.35 27.59 10632057.00 5
6861502 29.34 99127.51 27.63 10301163.00 6
6862252 29.41 99128.62 27.61 961954.00 7
6863002 29.49 99129.19 27.57 1019412.63 8
6863751 29.53 99129.81 27.57 1059767.13 9
6864251 29.55 99129.45 27.56 1086760.38 0
6864751 29.48 99127.45 27.50 102400000.00 1
6866001 29.05 99124.45 27.46 102400000.00 2
6870249 28.93 99131.08 27.62 102400000.00 3
6870998 29.16 99132.22 27.61 11153165.00 4
6871498 29.29 99135.35 27.64 10694517.00 5
6872248 29.33 99134.56 27.63 10349968.00 6
6872998 29.40 99134.60 27.63 970846.19 7
6873747 29.48 99135.70 27.62 1026309.19 8
6874497 29.53 99135.52 27.63 1068893.50 9
6874997 29.55 99138.66 27.58 1084171.50 0
6875247 29.46 99135.80 27.61 102400000.00 1
6876746 29.05 99133.36 27.34 102400000.00 2
6880994 28.92 99138.88 27.44 102400000.00 3
6881744 29.16 99140.99 27.63 11107797.00 4
6882244 29.28 99141.97 27.64 10747130.00 5
6882994 29.33 99142.63 27.67 10509301.00 6
6883743 29.39 99144.25 27.65 976400.50 7
6884493 29.48 99146.07 27.64 1034866.13 8
6885243 29.52 99144.48 27.62 1069731.00 9
6885743 29.55 99146.81 27.62 1102557.25 0
6885993 29.48 99146.58 27.68 102400000.00 1
6887492 29.04 99142.15 27.53 102400000.00 2
6891740 28.92 99139.51 27.50 102400000.00 3
6892490 29.15 99142.38 27.64 11245024.00 4
6892990 29.27 99143.23 27.66 10940902.00 5
6893739 29.32 99146.77 27.69 10549903.00 6
6894489 29.39 99148.50 27.65 978499.75 7
6895239 29.48 99149.56 27.64 1044365.13 8
6895989 29.52 99149.38 27.63 1085033.13 9
6896489 29.54 99149.66 27.63 1103448.25 0
6896739 29.46 99149.12 27.53 102400000.00 1
6898238 29.04 99146.48 27.45 102400000.00 2
6902486 28.91 99142.81 27.36 102400000.00 3
6903236 29.14 99145.52 27.61 11445337.00 4
6903736 29.27 99146.45 27.62 10919027.00 5
6904485 29.31 99146.69 27.63 10601100.00 6
6905235 29.38 99148.40 27.60 989133.06 7
6905985 29.46 99148.65 27.61 1041974.06 8
6906734 29.51 99150.18 27.57 1079030.50 9
6907234 29.53 99150.22 27.55 1097240.88 0
6907484 29.46 99149.96 27.65 102400000.00 1
6908984 29.03 99147.88 27.44 102400000.00 2
6913232 28.91 99152.44 27.49 102400000.00 3
6913982 29.14 99157.07 27.57 11457343.00 4
6914481 29.26 99158.73 27.60 11074011.00 5
6915231 29.31 99157.85 27.59 10549903.00 6
6915981 29.38 99157.88 27.61 984142.25 7
6916730 29.46 99153.34 27.61 1049180.38 8
6917230 29.50 99153.66 27.61 1090231.63 9
6917980 29.53 99154.72 27.60 1118820.00 0
6918230 29.45 99152.81 27.64 102400000.00 1
6919729 29.03 99156.61 27.54 102400000.00 2
6923978 28.90 99157.94 27.61 102400000.00 3
6924727 29.13 99160.83 27.62 11421401.00 4
6925227 29.26 99159.49 27.64 11164566.00 5
6925977 29.30 99156.90 27.62 10663196.00 6
6926727 29.38 99156.26 27.63 992007.75 7
6927476 29.46 99154.63 27.61 1046767.19 8
6927976 29.50 99156.80 27.62 1086760.38 9
6928726 29.52 99160.88 27.59 1113346.00 0
6928976 29.44 99159.36 27.57 102400000.00 1
6930475 29.02 99160.57 27.48 102400000.00 2
6934723 28.90 99157.66 27.46 102400000.00 3
6935223 29.13 99158.91 27.58 11554302.00 4
6935973 29.25 99163.27 27.56 11221918.00 5
6936722 29.30 99165.67 27.60 10864721.00 6
6937472 29.37 99164.18 27.56 992007.75 7
6938222 29.45 99166.65 27.56 1058945.25 8
6938722 29.50 99167.69 27.55 1088493.25 9
6939472 29.52 99165.97 27.52 1130866.88 0
6939721 29.45 99166.82 27.57 102400000.00 1
6941221 29.02 99168.89 27.47 102400000.00 2
6945469 28.90 99168.70 27.54 102400000.00 3
6945969 29.13 99171.34 27.54 11690332.00 4
6946719 29.25 99169.81 27.57 11198906.00 5
6947468 29.30 99170.44 27.57 10886379.00 6
6948218 29.37 99169.24 27.56 1002938.31 7
6948968 29.45 99168.42 27.56 1061414.88 8
6949468 29.49 99170.63 27.57 1092849.50 9
6950217 29.52 99171.06 27.55 1115164.75 0
6950467 29.44 99171.85 27.49 102400000.00 1
6951967 29.01 99169.72 27.57 102400000.00 2
6956215 28.88 99168.38 27.64 102400000.00 3
6956715 29.12 99169.99 27.58 11652916.00 4
6957464 29.25 99170.14 27.58 11279862.00 5
6958214 29.30 99171.77 27.57 10736566.00 6
6958964 29.37 99171.24 27.57 1004413.94 7
6959714 29.45 99172.30 27.60 1054854.50 8
6960213 29.49 99171.95 27.59 1094601.88 9
6960963 29.52 99171.70 27.59 1121577.25 0
6961213 29.44 99171.53 27.45 102400000.00 1
6962712 29.01 99169.55 27.65 102400000.00 2
6966961 28.89 99174.64 27.72 102400000.00 3
6967461 29.12 99174.37 27.62 11778577.00 4
6968210 29.25 99177.64 27.64 11385685.00 5
6968960 29.29 99178.10 27.65 10984915.00 6
6969710 29.36 99178.12 27.63 1010360.13 7
6970459 29.44 99177.34 27.64 1073094.00 8
6970959 29.49 99178.88 27.63 1101667.63 9
6971709 29.51 99175.58 27.64 1130866.88 0
6971959 29.44 99177.88 27.43 102400000.00 1
6973458 29.01 99173.95 27.54 102400000.00 2
6977706 28.88 99180.86 27.56 102400000.00 3
6978206 29.11 99181.23 27.58 11855282.00 4
6978956 29.23 99181.52 27.59 11433357.00 5
6979706 29.29 99183.16 27.59 11074011.00 6
6980455 29.36 99182.02 27.57 1014866.19 7
6981205 29.44 99183.79 27.60 1076478.38 8
6981705 29.48 99182.73 27.58 1101667.63 9
6982455 29.50 99185.20 27.56 1136515.00 0
6982705 29.42 99183.55 27.46 102400000.00 1
6984204 29.01 99182.11 27.53 102400000.00 2
6988452 28.88 99184.80 27.60 102400000.00 3
6988952 29.11 99184.33 27.59 11959124.00 4
6989702 29.23 99185.47 27.61 11529909.00 5
6990451 29.29 99187.76 27.61 11074011.00 6
6991201 29.36 99186.20 27.61 1014112.38 7
6991701 29.43 99185.80 27.61 1075630.25 8
6992451 29.48 99186.78 27.60 1118820.00 9
6993200 29.51 99188.78 27.59 1140311.75 0
6993450 29.42 99187.22 27.57 102400000.00 1
6994950 29.00 99185.47 27.48 102400000.00 2
6999198 28.88 99187.57 27.58 102400000.00 3
6999698 29.11 99187.48 27.60 12147544.00 4
7000447 29.23 99189.27 27.58 11591086.00 5
7001197 29.28 99188.24 27.62 11175989.00 6
7001947 29.35 99189.23 27.64 1021701.19 7
7002447 29.44 99190.60 27.62 1077327.75 8
7003196 29.48 99191.91 27.63 1124348.13 9
7003946 29.50 99191.70 27.61 1149915.75 0
7004196 29.43 99191.84 27.50 102400000.00 1
7005695 29.01 99191.24 27.48 102400000.00 2
7009694 28.88 99189.55 27.43 102400000.00 3
7010443 29.12 99190.41 27.60 11972232.00 4
7011193 29.23 99190.20 27.64 11702857.00 5
7011943 29.29 99192.32 27.63 11198906.00 6
7012693 29.35 99192.05 27.62 1024768.56 7
7013192 29.43 99189.31 27.63 1082452.38 8
7013942 29.47 99190.97 27.63 1119737.50 9
7014692 29.50 99191.54 27.60 1136515.00 0
7014942 29.43 99191.70 27.50 102400000.00 1
7016441 29.00 99195.26 27.59 102400000.00 2
7020439 28.88 99193.30 27.71 102400000.00 3
7021189 29.11 99193.52 27.60 12201825.00 4
7021939 29.23 99193.43 27.63 11591086.00 5
7022689 29.28 99192.98 27.60 11210400.00 6
7023438 29.35 99189.87 27.61 1029404.38 7
7023938 29.43 99193.07 27.60 1082452.38 8
7024688 29.48 99192.44 27.63 1118820.00 9
7025438 29.50 99193.19 27.57 1141265.00 0
7025688 29.41 99191.10 27.58 102400000.00 1
7027187 29.00 99193.58 27.47 102400000.00 2
7031185 28.88 99197.73 27.60 102400000.00 3
7031935 29.11 99199.59 27.62 12249720.00 4
7032685 29.23 99199.58 27.63 11640497.00 5
7033434 29.28 99200.09 27.63 11303208.00 6
7034184 29.35 99199.91 27.63 1030181.06 7
7034684 29.43 99199.77 27.65 1083311.25 8
7035434 29.48 99201.68 27.64 1123422.88 9
7036183 29.50 99201.38 27.63 1140311.75 0
7036433 29.42 99200.08 27.50 102400000.00 1
7037933 29.00 99203.66 27.65 102400000.00 2
7041931 28.88 99204.48 27.44 102400000.00 3
7042681 29.11 99208.04 27.66 12222305.00 4
7043430 29.23 99206.67 27.67 11715409.00 5
7044180 29.28 99209.29 27.68 11279862.00 6
7044930 29.35 99208.82 27.69 1012608.19 7
7045430 29.44 99210.13 27.68 1088493.25 8
7046180 29.47 99210.16 27.67 1128996.75 9
7046929 29.50 99210.17 27.66 1160668.75 0
7047179 29.42 99209.84 27.57 102400000.00 1
7048679 29.00 99211.28 27.59 102400000.00 2
7052677 28.87 99213.12 27.57 102400000.00 3
7053427 29.10 99215.82 27.61 12339672.00 4
7054176 29.23 99213.96 27.64 11855282.00 5
7054926 29.28 99212.43 27.61 11433357.00 6
7055676 29.35 99212.20 27.66 1030959.00 7
7056176 29.43 99211.86 27.63 1093725.00 8
7056925 29.47 99209.30 27.62 1135569.75 9
7057675 29.50 99209.83 27.60 1155756.25 0
7057925 29.42 99210.07 27.52 102400000.00 1
7059424 29.00 99208.02 27.53 102400000.00 2
7063422 28.88 99208.28 27.33 102400000.00 3
7064172 29.10 99211.26 27.60 12530784.00 4
7064922 29.23 99208.80 27.60 11919971.00 5
7065672 29.28 99209.97 27.60 11505618.00 6
7066421 29.36 99210.64 27.58 1046767.19 7
7066921 29.43 99211.13 27.58 1095480.13 8
7067671 29.47 99210.08 27.58 1141265.00 9
7068421 29.50 99211.54 27.55 1155756.25 0
7068671 29.43 99210.38 27.64 102400000.00 1
7070170 29.00 99209.74 27.64 102400000.00 2
7074168 28.88 99212.34 27.55 102400000.00 3
7074918 29.11 99213.71 27.54 12523600.00 4
7075668 29.23 99212.42 27.56 11932993.00 5
7076417 29.28 99212.25 27.54 11566537.00 6
7076917 29.35 99211.91 27.58 1039593.94 7
7077667 29.43 99213.72 27.58 1096359.75 8
7078416 29.48 99215.55 27.57 1145093.63 9
7079166 29.50 99214.74 27.54 1166619.25 0
7079416 29.42 99214.24 27.39 102400000.00 1
7080915 29.00 99215.13 27.42 102400000.00 2
7084914 28.86 99212.74 27.58 102400000.00 3
7085663 29.11 99215.32 27.54 12668858.00 4
7086413 29.23 99209.77 27.59 11959124.00 5
7087163 29.28 99211.46 27.59 11517750.00 6
7087663 29.35 99209.75 27.58 1042769.88 7
7088412 29.43 99209.50 27.58 1119737.50 8
7089162 29.47 99211.01 27.55 1152828.63 9
7089912 29.50 99210.88 27.55 1173639.00 0
7090162 29.43 99211.52 27.56 102400000.00 1
7091661 29.00 99213.51 27.34 102400000.00 2
7095660 28.88 99216.66 27.42 102400000.00 3
7096409 29.11 99219.44 27.52 12750195.00 4
7097159 29.23 99217.69 27.53 12325748.00 5
7097909 29.27 99218.00 27.53 11665361.00 6
7098409 29.35 99217.83 27.52 1046767.19 7
7099158 29.43 99218.19 27.53 1112438.88 8
7099908 29.47 99218.94 27.49 1147017.63 9
7100658 29.50 99219.56 27.48 1173639.00 0
7100908 29.42 99217.66 27.40 102400000.00 1
7102158 28.99 99216.36 27.39 102400000.00 2
7106406 28.87 99220.84 27.39 102400000.00 3
7107156 29.10 99225.31 27.50 12817524.00 4
7107905 29.23 99225.84 27.51 12325748.00 5
7108655 29.27 99224.27 27.53 11778577.00 6
7109155 29.34 99225.35 27.52 1059767.13 7
7109905 29.42 99223.98 27.51 1108825.13 8
7110654 29.46 99222.96 27.50 1148948.13 9
7111404 29.49 99225.68 27.48 1172631.00 0
7111654 29.41 99222.51 27.39 102400000.00 1
7112903 28.98 99224.09 27.31 102400000.00 2
7117152 28.87 99222.35 27.63 102400000.00 3
7117901 29.09 99222.87 27.52 12795002.00 4
7118651 29.22 99222.98 27.54 12367617.00 5
7119401 29.27 99221.77 27.54 11702857.00 6
7119900 29.34 99223.31 27.54 1054040.13 7
7120650 29.42 99220.74 27.56 1114254.63 8
7121400 29.46 99224.06 27.56 1149915.75 9
7122150 29.49 99224.38 27.52 1170620.13 0
7122400 29.41 99223.49 27.29 102400000.00 1
7123649 28.99 99224.07 27.28 102400000.00 2
7127897 28.87 99226.39 27.53 102400000.00 3
7128647 29.10 99230.48 27.55 12735328.00 4
7129397 29.22 99230.87 27.59 12332706.00 5
7130146 29.27 99227.16 27.60 11855282.00 6
7130646 29.34 99227.20 27.58 1055670.13 7
7131396 29.42 99228.38 27.60 1108825.13 8
7132146 29.46 99228.81 27.59 1155756.25 9
7132895 29.49 99227.16 27.57 1183815.00 0
7133145 29.41 99224.97 27.58 102400000.00 1
7134395 28.98 99222.38 27.51 102400000.00 2
7138643 28.87 99221.84 27.57 102400000.00 3
7139393 29.09 99224.46 27.60 12810008.00 4
7140143 29.22 99226.84 27.58 12402725.00 5
7140642 29.27 99224.91 27.60 11816805.00 6
7141392 29.34 99223.22 27.58 1057305.13 7
7142142 29.42 99224.23 27.58 1115164.75 8
7142892 29.46 99223.50 27.57 1165623.25 9
7143641 29.49 99224.14 27.57 1185871.50 0
7143891 29.41 99224.25 27.58 102400000.00 1
7145141 28.99 99226.82 27.47 102400000.00 2
7149389 28.88 99230.74 27.51 102400000.00 3
7150139 29.09 99231.23 27.61 12885568.00 4
7150888 29.22 99234.57 27.55 12480670.00 5
7151388 29.27 99233.38 27.59 11829603.00 6
7152138 29.34 99232.38 27.56 1064725.75 7
7152888 29.43 99229.91 27.57 1116076.25 8
7153637 29.46 99231.20 27.56 1162645.50 9
7154387 29.49 99234.14 27.56 1184842.38 0
7154637 29.41 99230.99 27.55 102400000.00 1
7155887 29.00 99234.25 27.44 102400000.00 2
7160135 28.87 99233.24 27.61 102400000.00 3
7160885 29.09 99235.67 27.56 13157197.00 4
7161634 29.21 99236.09 27.59 12537976.00 5
7162134 29.27 99235.16 27.58 11985369.00 6
7162884 29.34 99230.38 27.58 1066389.00 7
7163633 29.42 99231.45 27.58 1141265.00 8
7164383 29.46 99230.63 27.60 1167616.88 9
7165133 29.48 99232.23 27.56 1196261.63 0
7165383 29.41 99231.13 27.47 102400000.00 1
7166632 28.99 99233.09 27.53 102400000.00 2
7170880 28.86 99231.77 27.58 102400000.00 3
7171630 29.09 99236.45 27.56 13062787.00 4
7172380 29.22 99238.57 27.58 12676209.00 5
7172880 29.26 99237.47 27.55 11972232.00 6
7173629 29.33 99236.52 27.56 1063067.75 7
7174379 29.42 99236.17 27.58 1132743.38 8
7175129 29.46 99239.82 27.58 1163636.38 9
7175879 29.48 99241.17 27.56 1195214.50 0
7176129 29.41 99243.48 27.50 102400000.00 1
7177378 28.98 99242.44 27.42 102400000.00 2
7181626 28.87 99244.80 27.46 102400000.00 3
7182376 29.09 99246.55 27.56 13117694.00 4
7183125 29.22 99247.66 27.58 12668858.00 5
7183625 29.27 99247.00 27.59 12222305.00 6
7184375 29.34 99246.06 27.59 1067222.50 7
7185125 29.42 99244.25 27.59 1134626.00 8
7185875 29.46 99241.38 27.59 1175660.13 9
7186624 29.49 99241.04 27.57 1199414.38 0
7186874 29.41 99239.51 27.60 102400000.00 1
7188124 28.98 99235.72 27.43 102400000.00 2
7192372 28.87 99234.20 27.44 102400000.00 3
7193122 29.09 99235.52 27.55 13165127.00 4
7193871 29.22 99238.80 27.57 12624928.00 5
7194371 29.26 99239.98 27.57 12181413.00 6
7195121 29.34 99238.42 27.57 1071409.88 7
7195871 29.42 99236.44 27.57 1118820.00 8
7196620 29.46 99237.94 27.55 1167616.88 9
7197370 29.48 99238.12 27.56 1196261.63 0
7197620 29.41 99235.77 27.91 102400000.00 1
7198870 28.98 99236.36 27.67 102400000.00 2
7203118 28.87 99242.44 27.52 102400000.00 3
7203867 29.09 99246.41 27.57 13181014.00 4
7204617 29.21 99247.84 27.56 12750195.00 5
7205117 29.27 99247.31 27.56 12360619.00 6
7205867 29.34 99246.10 27.55 1079030.50 7
7206617 29.42 99243.03 27.56 1141265.00 8
7207366 29.46 99240.10 27.55 1175660.13 9
7207866 29.48 99241.65 27.56 1201525.38 0
7208366 29.40 99240.84 27.50 102400000.00 1
7209616 28.98 99242.27 27.46 102400000.00 2
7213864 28.86 99243.88 27.56 102400000.00 3
7214614 29.09 99246.23 27.54 13350173.00 4
7215113 29.21 99246.98 27.61 12946661.00 5
7215863 29.27 99248.03 27.64 12353629.00 6
7216613 29.34 99247.66 27.62 1076478.38 7
7217363 29.42 99243.00 27.62 1142219.75 8
7218112 29.46 99244.01 27.64 1180743.75 9
7218612 29.48 99244.99 27.57 1207903.25 0
7219112 29.41 99246.02 27.54 102400000.00 1
7220361 28.99 99246.26 27.45 102400000.00 2
7224610 28.86 99249.15 27.64 102400000.00 3
7225359 29.09 99248.20 27.61 13301400.00 4
7225859 29.22 99250.53 27.61 12832583.00 5
7226609 29.26 99246.84 27.60 12332706.00 6
7227359 29.34 99246.42 27.60 1081594.88 7
7228108 29.42 99243.27 27.61 1147982.13 8
7228858 29.46 99242.16 27.60 1184842.38 9
7229358 29.48 99242.39 27.56 1207903.25 0
7229858 29.41 99245.80 27.41 102400000.00 1
7231107 28.97 99241.33 27.53 102400000.00 2
7235355 28.86 99247.56 27.75 102400000.00 3
7236105 29.09 99248.91 27.52 13407529.00 4
7236605 29.21 99250.46 27.53 12810008.00 5
7237355 29.27 99251.53 27.55 12466426.00 6
7238104 29.34 99252.23 27.54 1081594.88 7
7238854 29.41 99250.13 27.56 1147982.13 8
7239604 29.46 99249.90 27.55 1193125.50 9
7240103 29.48 99246.81 27.54 1207903.25 0
7240603 29.41 99249.35 27.59 102400000.00 1
7241853 28.98 99247.38 27.31 102400000.00 2
7246101 28.86 99249.14 27.49 102400000.00 3
7246851 29.09 99252.39 27.54 13507007.00 4
7247351 29.22 99252.84 27.59 13008337.00 5
7248100 29.26 99252.57 27.58 12502098.00 6
7248850 29.34 99252.21 27.57 1087626.13 7
7249600 29.41 99248.97 27.56 1147982.13 8
7250349 29.46 99247.52 27.53 1183815.00 9
7250849 29.48 99248.22 27.52 1224148.25 0
7251099 29.41 99249.52 27.59 102400000.00 1
7252599 28.98 99249.50 27.46 102400000.00 2
7256847 28.86 99253.84 27.53 102400000.00 3
7257597 29.09 99256.77 27.57 13366510.00 4
7258097 29.21 99258.16 27.59 13008337.00 5
7258846 29.26 99256.44 27.58 12516425.00 6
7259596 29.33 99256.24 27.58 1083311.25 7
7260346 29.42 99257.99 27.58 1146054.88 8
7261095 29.46 99255.27 27.57 1196261.63 9
7261595 29.48 99255.59 27.53 1221957.00 0
7261845 29.40 99256.85 27.50 102400000.00 1
7263344 28.98 99254.13 27.33 102400000.00 2
7267593 28.86 99248.76 27.48 102400000.00 3
7268342 29.09 99251.75 27.55 13591041.00 4
7268842 29.21 99250.70 27.56 12969721.00 5
7269592 29.26 99249.41 27.59 12530784.00 6
7270342 29.34 99248.98 27.57 1093725.00 7
7271092 29.41 99245.20 27.55 1155756.25 8
7271841 29.46 99247.02 27.56 1191043.88 9
7272341 29.48 99250.56 27.52 1220864.38 0
7272591 29.41 99252.27 27.59 102400000.00 1
7274091 28.98 99252.78 27.41 102400000.00 2
7278339 28.86 99250.96 27.37 102400000.00 3
7279088 29.08 99256.11 27.53 13633451.00 4
7279588 29.21 99258.29 27.54 13196939.00 5
7280338 29.26 99260.02 27.53 12574060.00 6
7281088 29.33 99260.75 27.56 1090231.63 7
7281837 29.41 99259.55 27.54 1160668.75 8
7282337 29.45 99259.50 27.54 1186902.38 9
7283087 29.48 99259.69 27.55 1223051.63 0
7283337 29.41 99263.71 27.54 102400000.00 1
7284836 28.98 99260.21 27.56 102400000.00 2
7289084 28.85 99256.92 27.35 102400000.00 3
7289834 29.09 99261.05 27.55 13659025.00 4
7290334 29.21 99262.40 27.56 13188972.00 5
7291084 29.26 99264.50 27.55 12705700.00 6
7291834 29.33 99261.50 27.58 1097240.88 7
7292583 29.41 99261.98 27.57 1163636.38 8
7293083 29.45 99261.71 27.55 1204705.88 9
7293833 29.48 99264.91 27.53 1230769.25 0
7294083 29.40 99263.52 27.49 102400000.00 1
7295582 28.98 99260.45 27.48 102400000.00 2
7299830 28.85 99257.68 27.56 102400000.00 3
7300330 29.08 99257.04 27.57 13779647.00 4
7301080 29.21 99260.34 27.59 13133467.00 5
7301830 29.25 99258.95 27.55 12617636.00 6
7302580 29.33 99260.41 27.55 1105234.75 7
7303329 29.41 99262.86 27.54 1162645.50 8
7303829 29.45 99264.66 27.54 1196261.63 9
7304579 29.48 99264.89 27.54 1234106.63 0
7304829 29.40 99266.98 27.35 102400000.00 1
7306328 28.98 99263.93 27.50 102400000.00 2
7310576 28.86 99264.14 27.47 102400000.00 3
7311076 29.08 99265.83 27.51 13831997.00 4
7311826 29.21 99266.89 27.51 13181014.00 5
7312575 29.25 99267.34 27.51 12810008.00 6
7313325 29.33 99268.20 27.54 1105234.75 7
7314075 29.41 99268.76 27.51 1167616.88 8
7314575 29.45 99270.28 27.52 1205769.75 9
7315324 29.48 99271.64 27.52 1238584.88 0
7315574 29.39 99271.80 27.53 102400000.00 1
7317074 28.98 99271.55 27.33 102400000.00 2
7321322 28.85 99277.05 27.47 102400000.00 3
7321822 29.08 99275.78 27.52 13875926.00 4
7322571 29.21 99275.48 27.54 13465379.00 5
7323321 29.26 99275.67 27.53 12847677.00 6
7324071 29.33 99273.95 27.55 1107027.00 7
7324821 29.41 99273.63 27.52 1167616.88 8
7325320 29.45 99268.78 27.52 1208972.88 9
7326070 29.47 99265.13 27.50 1244228.38 0
7326320 29.40 99263.67 27.49 102400000.00 1
7327819 28.98 99256.70 27.45 102400000.00 2
7332068 28.85 99263.73 27.58 102400000.00 3
7332568 29.07 99264.39 27.47 13964628.00 4
7333317 29.21 99269.52 27.45 13366510.00 5
7334067 29.26 99274.44 27.48 12946661.00 6
7334817 29.32 99275.33 27.49 1113346.00 7
7335567 29.40 99277.12 27.46 1172631.00 8
7336066 29.45 99277.59 27.45 1218684.88 9
7336816 29.47 99275.88 27.46 1245363.38 0
7337066 29.39 99276.91 27.26 102400000.00 1
7338566 28.97 99268.09 27.39 102400000.00 2
7342814 28.85 99266.95 27.60 102400000.00 3
7343314 29.07 99267.31 27.45 13937899.00 4
7344063 29.20 99267.56 27.49 13490325.00 5
7344813 29.25 99265.89 27.51 12931334.00 6
7345563 29.32 99263.13 27.49 1118820.00 7
7346312 29.40 99261.23 27.49 1173639.00 8
7346812 29.45 99259.37 27.48 1228554.25 9
7347562 29.47 99260.29 27.45 1245363.38 0
7347812 29.39 99261.20 27.42 102400000.00 1
7349311 28.97 99261.39 27.31 102400000.00 2
7353560 28.85 99269.22 27.39 102400000.00 3
7354059 29.07 99268.20 27.46 13902418.00 4
7354809 29.20 99271.46 27.47 13473684.00 5
7355559 29.25 99272.60 27.48 12962025.00 6
7356309 29.32 99274.26 27.49 1119737.50 7
7357058 29.40 99275.26 27.48 1168616.25 8
7357558 29.45 99276.68 27.48 1206835.63 9
7358308 29.46 99277.01 27.46 1238584.88 0
7358558 29.39 99277.72 27.50 102400000.00 1
7360057 28.97 99273.30 27.46 102400000.00 2
7364305 28.84 99271.23 27.44 102400000.00 3
7364805 29.07 99270.38 27.50 14027397.00 4
7365555 29.20 99274.34 27.53 13448800.00 5
7366304 29.24 99275.12 27.49 12946661.00 6
7367054 29.32 99274.81 27.52 1111533.25 7
7367804 29.40 99274.52 27.54 1175660.13 8
7368304 29.44 99278.77 27.51 1219773.63 9
7369054 29.46 99279.76 27.51 1240836.13 0
7369304 29.39 99278.04 27.46 102400000.00 1
7370803 28.95 99273.21 27.40 102400000.00 2
7375051 28.85 99281.84 27.47 102400000.00 3
7375551 29.06 99277.85 27.53 14018396.00 4
7376301 29.20 99277.22 27.56 13523731.00 5
7377050 29.24 99276.03 27.56 13086262.00 6
7377800 29.32 99277.62 27.56 1110629.13 7
7378300 29.40 99278.16 27.58 1179723.50 8
7379050 29.44 99277.52 27.56 1220864.38 9
7379799 29.46 99276.56 27.54 1252216.50 0
7380049 29.39 99277.20 27.48 102400000.00 1
7381549 28.97 99275.48 27.33 102400000.00 2
7385547 28.84 99272.43 27.50 102400000.00 3
7386297 29.07 99269.68 27.59 14081650.00 4
7387046 29.19 99270.59 27.60 13591041.00 5
7387796 29.24 99272.05 27.59 13023847.00 6
7388546 29.31 99274.39 27.57 1116076.25 7
7389046 29.39 99271.38 27.59 1182789.50 8
7389795 29.43 99270.28 27.56 1219773.63 9
7390545 29.46 99271.81 27.55 1251069.00 0
7390795 29.38 99272.21 27.41 102400000.00 1
7392294 28.96 99273.75 27.49 102400000.00 2
7396293 28.83 99281.35 27.44 102400000.00 3
7397043 29.07 99281.16 27.54 14209887.00 4
7397792 29.19 99282.07 27.57 13701861.00 5
7398542 29.23 99281.69 27.57 13173065.00 6
7399292 29.31 99283.48 27.60 1120656.63 7
7399792 29.39 99283.01 27.59 1183815.00 8
7400541 29.43 99282.30 27.58 1224148.25 9
7401291 29.45 99281.35 27.54 1259145.38 0
7401541 29.39 99283.76 27.78 102400000.00 1
7403040 28.96 99284.23 27.48 102400000.00 2
7407039 28.85 99277.70 27.50 102400000.00 3
7407788 29.07 99274.11 27.57 14063519.00 4
7408538 29.19 99273.49 27.58 13701861.00 5
7409288 29.24 99271.45 27.60 13117694.00 6
7410038 29.31 99273.54 27.60 1128996.75 7
7410537 29.39 99275.16 27.60 1184842.38 8
7411287 29.43 99276.49 27.57 1221957.00 9
7412037 29.45 99277.87 27.58 1263807.50 0
7412287 29.37 99277.41 27.60 102400000.00 1
7413786 28.96 99275.81 27.48 102400000.00 2
7417784 28.84 99280.55 27.52 102400000.00 3
7418534 29.06 99280.70 27.64 14312295.00 4
7419284 29.19 99279.88 27.67 13867118.00 5
7420034 29.23 99280.14 27.70 13325742.00 6
7420783 29.31 99281.19 27.67 1118820.00 7
7421283 29.39 99283.47 27.66 1176673.38 8
7422033 29.43 99284.39 27.68 1227449.75 9
7422783 29.45 99282.28 27.66 1257985.25 0
7423033 29.38 99282.61 27.54 102400000.00 1
7424532 28.95 99272.46 27.53 102400000.00 2
7428530 28.83 99275.75 27.61 102400000.00 3
7429280 29.06 99279.00 27.64 14219136.00 4
7430030 29.19 99280.48 27.68 13667570.00 5
7430780 29.23 99280.64 27.67 13228906.00 6
7431529 29.31 99283.31 27.68 1128063.88 7
7432029 29.39 99283.56 27.68 1187935.00 8
7432779 29.43 99284.57 27.67 1228554.25 9
7433529 29.46 99285.88 27.65 1259145.38 0
7433779 29.39 99285.37 27.57 102400000.00 1
7435278 28.96 99281.15 27.47 102400000.00 2
7439277 28.84 99277.99 27.52 102400000.00 3
7440026 29.06 99277.28 27.68 14340481.00 4
7440776 29.19 99278.95 27.68 13676127.00 5
7441526 29.24 99278.80 27.69 13293306.00 6
7442275 29.31 99279.01 27.70 1129931.00 7
7442775 29.39 99277.65 27.70 1193125.50 8
7443525 29.43 99277.14 27.71 1230769.25 9
7444275 29.46 99279.27 27.68 1259145.38 0
7444525 29.38 99278.86 27.66 102400000.00 1
7446024 28.95 99275.77 27.61 102400000.00 2
7450022 28.83 99278.88 27.59 102400000.00 3
7450772 29.06 99281.35 27.70 14331074.00 4
7451522 29.19 99282.56 27.70 13565721.00 5
7452272 29.24 99287.44 27.73 13236922.00 6
7452771 29.31 99286.72 27.70 1139360.25 7
7453521 29.39 99285.78 27.69 1188969.50 8
7454271 29.43 99285.66 27.68 1228554.25 9
7455021 29.46 99283.46 27.63 1263807.50 0
7455271 29.38 99282.77 27.67 102400000.00 1
7456770 28.95 99279.37 27.57 102400000.00 2
7460768 28.83 99280.78 27.75 102400000.00 3
7461518 29.06 99280.79 27.61 14368779.00 4
7462268 29.19 99282.30 27.62 13840760.00 5
7463017 29.23 99281.64 27.62 13415763.00 6
7463517 29.31 99284.65 27.62 1133683.88 7
7464267 29.39 99283.35 27.61 1195214.50 8
7465017 29.43 99283.81 27.60 1238584.88 9
7465767 29.45 99283.95 27.60 1266151.50 0
7466017 29.38 99286.20 27.58 102400000.00 1
7467516 28.95 99284.95 27.48 102400000.00 2
7471514 28.83 99286.31 27.69 102400000.00 3
7472264 29.06 99288.34 27.64 14425710.00 4
7473014 29.19 99289.34 27.60 13929012.00 5
7473763 29.23 99286.73 27.62 13333876.00 6
7474263 29.31 99288.61 27.62 1131804.38 7
7475013 29.39 99289.09 27.61 1196261.63 8
7475763 29.43 99287.25 27.62 1235223.13 9
7476512 29.45 99288.55 27.58 1279200.50 0
7476762 29.38 99287.80 27.47 102400000.00 1
7478012 28.95 99285.95 27.49 102400000.00 2
7482260 28.84 99281.93 27.50 102400000.00 3
7483010 29.06 99282.37 27.53 14463915.00 4
7483760 29.19 99284.13 27.56 13779647.00 5
7484509 29.24 99287.20 27.56 13382887.00 6
7485009 29.31 99291.34 27.54 1143176.13 7
7485759 29.39 99292.20 27.59 1201525.38 8
7486509 29.43 99293.95 27.56 1235223.13 9
7487258 29.45 99294.98 27.56 1269683.88 0
7487508 29.38 99292.35 27.46 102400000.00 1
7488758 28.95 99279.16 27.61 102400000.00 2
7493006 28.82 99275.01 27.65 102400000.00 3
7493756 29.06 99278.83 27.55 14502324.00 4
7494506 29.19 99283.57 27.58 13911271.00 5
7495255 29.24 99284.94 27.62 13424007.00 6
7495755 29.30 99285.42 27.61 1139360.25 7
7496505 29.39 99288.19 27.61 1205769.75 8
7497254 29.43 99287.47 27.61 1238584.88 9
7498004 29.45 99288.38 27.58 1282806.13 0
7498254 29.37 99285.80 27.60 102400000.00 1
7499503 28.96 99285.12 27.38 102400000.00 2
7503752 28.83 99281.59 27.54 102400000.00 3
7504501 29.05 99280.46 27.65 14416190.00 4
7505251 29.18 99282.90 27.65 13946797.00 5
7506001 29.23 99282.22 27.62 13465379.00 6
7506501 29.31 99282.25 27.62 1130866.88 7
7507250 29.39 99283.13 27.65 1215430.25 8
7508000 29.43 99283.54 27.63 1241964.88 9
7508750 29.45 99284.13 27.60 1267326.75 0
7509000 29.38 99283.77 27.58 102400000.00 1
7510249 28.95 99279.04 27.60 102400000.00 2
7514497 28.83 99283.78 27.50 102400000.00 3
7515247 29.05 99284.05 27.59 14502324.00 4
7515997 29.18 99285.82 27.60 14118053.00 5
7516497 29.23 99283.95 27.59 13633451.00 6
7517246 29.30 99287.15 27.60 1139360.25 7
7517996 29.39 99287.91 27.58 1206835.63 8
7518746 29.43 99288.02 27.56 1237462.25 9
7519495 29.45 99289.43 27.55 1282806.13 0
7519745 29.38 99290.45 27.52 102400000.00 1
7520995 28.96 99291.91 27.47 102400000.00 2
7525243 28.83 99292.78 27.54 102400000.00 3
7525993 29.05 99290.88 27.55 14473498.00 4
7526743 29.18 99291.11 27.56 13946797.00 5
7527242 29.23 99290.34 27.61 13548894.00 6
7527992 29.30 99288.70 27.58 1149915.75 7
7528742 29.39 99286.67 27.59 1203643.88 8
7529492 29.43 99286.38 27.56 1239709.50 9
7530241 29.45 99286.77 27.54 1272049.75 0
7530491 29.38 99285.73 27.49 102400000.00 1
7531741 28.95 99281.34 27.39 102400000.00 2
7535989 28.83 99283.23 27.57 102400000.00 3
7536739 29.05 99283.53 27.56 14618782.00 4
7537489 29.18 99285.23 27.60 14090733.00 5
7537988 29.23 99285.77 27.59 13659025.00 6
7538738 29.30 99285.25 27.59 1150885.13 7
7539488 29.39 99286.16 27.58 1203643.88 8
7540238 29.43 99284.37 27.56 1249923.75 9
7540987 29.45 99282.02 27.55 1279200.50 0
7541237 29.37 99282.18 27.54 102400000.00 1
7542487 28.95 99276.30 27.49 102400000.00 2
7546735 28.82 99281.55 27.40 102400000.00 3
7547485 29.05 99284.04 27.58 14707361.00 4
7548234 29.18 99286.66 27.65 14163821.00 5
7548734 29.23 99287.20 27.65 13599502.00 6
7549484 29.30 99287.47 27.62 1144134.13 7
7550234 29.39 99288.80 27.60 1204705.88 8
7550983 29.43 99287.08 27.61 1248780.50 9
7551733 29.45 99284.77 27.60 1284012.50 0
7551983 29.38 99283.27 27.55 102400000.00 1
7553233 28.95 99283.48 27.30 102400000.00 2
7557481 28.83 99292.90 27.74 102400000.00 3
7558230 29.05 99291.95 27.60 14737126.00 4
7558980 29.18 99289.76 27.59 14154644.00 5
7559480 29.23 99289.50 27.63 13710460.00 6
7560230 29.30 99291.16 27.62 1148948.13 7
7560980 29.39 99293.13 27.64 1214349.25 8
7561729 29.43 99294.94 27.65 1253366.00 9
7562479 29.45 99294.63 27.60 1274424.38 0
7562729 29.37 99293.35 27.77 102400000.00 1
7563979 28.95 99289.70 27.43 102400000.00 2
7568227 28.83 99291.54 27.57 102400000.00 3
7568976 29.05 99292.47 27.59 14697466.00 4
7569726 29.18 99292.65 27.64 14284220.00 5
7570226 29.22 99290.50 27.66 13762285.00 6
7570976 29.30 99293.41 27.66 1155756.25 7
7571725 29.39 99296.09 27.66 1212193.00 8
7572475 29.43 99294.59 27.64 1249923.75 9
7573225 29.45 99295.59 27.62 1290078.75 0
7573475 29.38 99297.55 27.57 102400000.00 1
7574724 28.95 99295.86 27.48 102400000.00 2
7578972 28.82 99291.02 27.60 102400000.00 3
7579722 29.05 99290.96 27.63 14857402.00 4
7580472 29.18 99287.99 27.65 14331074.00 5
7580972 29.23 99288.29 27.65 13788344.00 6
7581721 29.30 99288.70 27.66 1150885.13 7
7582471 29.39 99289.53 27.68 1213270.13 8
7583221 29.42 99291.60 27.67 1249923.75 9
7583721 29.45 99292.61 27.66 1298668.38 0
7584220 29.38 99292.38 27.57 102400000.00 1
7585470 28.96 99292.59 27.75 102400000.00 2
7589718 28.82 99294.71 27.62 102400000.00 3
7590468 29.05 99295.34 27.62 14807049.00 4
7590968 29.18 99296.39 27.65 14312295.00 5
7591717 29.23 99296.60 27.66 13788344.00 6
7592467 29.30 99296.07 27.65 1152828.63 7
7593217 29.38 99295.46 27.65 1218684.88 8
7593967 29.43 99297.09 27.66 1266151.50 9
7594466 29.45 99294.66 27.60 1285221.25 0
7594966 29.38 99294.12 27.63 102400000.00 1
7596216 28.96 99292.97 27.52 102400000.00 2
7600464 28.83 99290.47 27.64 102400000.00 3
7601214 29.05 99291.02 27.66 14948905.00 4
7601714 29.18 99290.51 27.68 14191425.00 5
7602463 29.23 99290.38 27.70 13753620.00 6
7603213 29.30 99288.59 27.71 1154778.63 7
7603963 29.39 99290.15 27.70 1224148.25 8
7604712 29.43 99288.15 27.70 1261472.13 9
7605212 29.45 99291.09 27.68 1284012.50 0
7605712 29.38 99291.07 27.67 102400000.00 1
7606962 28.95 99287.23 27.61 102400000.00 2
7611210 28.84 99291.59 27.65 102400000.00 3
7611960 29.06 99291.02 27.64 14897931.00 4
7612459 29.18 99291.16 27.66 14191425.00 5
7613209 29.24 99290.61 27.65 13788344.00 6
7613959 29.30 99291.03 27.61 1157716.25 7
7614709 29.39 99292.98 27.65 1208972.88 8
7615458 29.43 99291.95 27.60 1263807.50 9
7615958 29.45 99291.89 27.59 1299904.75 0
7616458 29.39 99292.51 27.34 102400000.00 1
7617708 28.95 99290.22 27.46 102400000.00 2
7621956 28.83 99294.68 27.62 102400000.00 3
7622705 29.06 99295.13 27.54 15010536.00 4
7623205 29.18 99293.88 27.55 14521604.00 5
7623955 29.23 99294.46 27.57 13973561.00 6
7624705 29.30 99293.48 27.55 1155756.25 7
7625455 29.39 99296.24 27.58 1214349.25 8
7626204 29.43 99297.73 27.58 1269683.88 9
7626704 29.46 99297.07 27.55 1294973.13 0
7626954 29.38 99296.96 27.41 102400000.00 1
7628453 28.96 99294.12 27.43 102400000.00 2
7632702 28.82 99292.68 27.59 102400000.00 3
7633451 29.05 99295.09 27.57 15072677.00 4
7633951 29.19 99296.20 27.59 14425710.00 5
7634701 29.24 99295.91 27.59 13955707.00 6
7635451 29.31 99293.88 27.59 1162645.50 7
7636200 29.39 99293.98 27.58 1218684.88 8
7636950 29.43 99293.39 27.56 1262638.75 9
7637450 29.46 99295.04 27.60 1303628.25 0
7637700 29.38 99292.74 27.54 102400000.00 1
7639199 28.96 99293.17 27.55 102400000.00 2
7643447 28.84 99295.47 27.45 102400000.00 3
7644197 29.06 99293.69 27.64 15020857.00 4
7644697 29.19 99293.31 27.64 14483094.00 5
7645447 29.23 99293.74 27.66 13875926.00 6
7646196 29.31 99295.98 27.64 1164629.00 7
7646946 29.39 99294.84 27.63 1226347.25 8
7647446 29.43 99294.74 27.63 1262638.75 9
7648196 29.46 99292.20 27.63 1292521.25 0
7648446 29.38 99290.84 27.61 102400000.00 1
7649945 28.96 99289.84 27.43 102400000.00 2
7654193 28.83 99293.53 27.55 102400000.00 3
7654693 29.06 99296.09 27.61 14989936.00 4
7655443 29.19 99297.80 27.66 14483094.00 5
7656193 29.23 99298.23 27.64 13946797.00 6
7656942 29.31 99299.35 27.64 1163636.38 7
7657692 29.39 99302.55 27.66 1223051.63 8
7658192 29.43 99298.25 27.62 1266151.50 9
7658941 29.46 99297.97 27.64 1294973.13 0
7659191 29.38 99299.20 27.54 102400000.00 1
7660691 28.96 99293.95 27.49 102400000.00 2
7664939 28.83 99285.29 27.58 102400000.00 3
7665439 29.06 99285.70 27.69 15020857.00 4
7666189 29.19 99286.07 27.69 14511957.00 5
7666938 29.23 99286.47 27.67 13982505.00 6
7667688 29.31 99287.16 27.66 1165623.25 7
7668438 29.39 99289.65 27.69 1226347.25 8
7668938 29.43 99292.69 27.63 1266151.50 9
7669687 29.46 99291.66 27.65 1293746.00 0
7669937 29.38 99290.63 27.61 102400000.00 1
7671437 28.96 99288.53 27.52 102400000.00 2
7675685 28.84 99287.61 27.25 102400000.00 3
7676185 29.06 99288.37 27.60 15000229.00 4
7676934 29.19 99290.28 27.62 14638374.00 5
7677684 29.24 99291.88 27.61 14099828.00 6
7678434 29.31 99292.46 27.62 1165623.25 7
7679184 29.39 99291.88 27.61 1236341.63 8
7679684 29.43 99292.91 27.63 1279200.50 9
7680433 29.46 99295.81 27.59 1297434.25 0
7680683 29.38 99295.48 27.48 102400000.00 1
7682183 28.96 99293.92 27.49 102400000.00 2
7686431 28.84 99295.20 27.38 102400000.00 3
7686931 29.06 99295.43 27.64 15051906.00 4
7687680 29.19 99296.61 27.69 14638374.00 5
7688430 29.23 99296.45 27.68 14045435.00 6
7689180 29.31 99297.73 27.69 1160668.75 7
7689929 29.39 99299.74 27.68 1219773.63 8
7690429 29.44 99299.02 27.67 1264978.38 9
7691179 29.46 99299.66 27.66 1296202.50 0
7691429 29.39 99299.78 27.62 102400000.00 1
7692928 28.96 99297.87 27.67 102400000.00 2
7697177 28.84 99296.30 27.66 102400000.00 3
7697676 29.06 99296.45 27.63 15062285.00 4
7698426 29.19 99298.02 27.68 14502324.00 5
7699176 29.24 99295.06 27.68 13902418.00 6
7699925 29.31 99294.78 27.67 1168616.25 7
7700675 29.39 99293.68 27.68 1236341.63 8
7701175 29.43 99294.27 27.67 1270865.63 9
7701925 29.46 99295.39 27.65 1304874.13 0
7702175 29.39 99295.44 27.52 102400000.00 1
7703674 28.95 99295.86 27.60 102400000.00 2
7707922 28.84 99295.66 27.64 102400000.00 3
7708422 29.07 99294.30 27.62 15103941.00 4
7709172 29.20 99296.01 27.60 14658018.00 5
7709921 29.24 99299.36 27.64 14081650.00 6
7710671 29.31 99302.42 27.62 1178705.00 7
7711421 29.39 99304.28 27.63 1230769.25 8
7711921 29.44 99305.03 27.61 1286432.13 9
7712671 29.46 99301.32 27.60 1302384.75 0
7712921 29.39 99299.30 27.46 102400000.00 1
7714420 28.96 99298.16 27.59 102400000.00 2
7718668 28.84 99297.89 27.51 102400000.00 3
7719168 29.07 99298.41 27.63 15187949.00 4
7719918 29.20 99297.72 27.67 14648190.00 5
7720667 29.24 99300.95 27.69 14045435.00 6
7721417 29.32 99301.17 27.67 1168616.25 7
7721917 29.39 99301.92 27.69 1252216.50 8
7722667 29.44 99300.82 27.65 1275615.13 9
7723416 29.46 99299.72 27.63 1313662.63 0
7723666 29.39 99298.83 27.54 102400000.00 1
7725166 28.96 99293.74 27.56 102400000.00 2
7729164 28.84 99291.93 27.56 102400000.00 3
7729914 29.07 99291.70 27.67 15072677.00 4
7730664 29.19 99292.90 27.64 14757037.00 5
7731413 29.24 99293.95 27.70 14200650.00 6
7732163 29.31 99294.66 27.73 1179723.50 7
7732663 29.40 99292.02 27.69 1239709.50 8
7733413 29.44 99291.15 27.70 1282806.13 9
7734162 29.46 99291.27 27.68 1306122.50 0
7734412 29.39 99290.74 27.63 102400000.00 1
7735912 28.96 99286.66 27.54 102400000.00 2
7739910 28.84 99299.67 27.71 102400000.00 3
7740660 29.07 99302.13 27.72 15198516.00 4
7741410 29.20 99300.98 27.74 14687584.00 5
7742159 29.25 99300.27 27.71 14182212.00 6
7742909 29.32 99301.45 27.75 1169617.38 7
7743409 29.40 99300.75 27.74 1239709.50 8
7744159 29.44 99299.49 27.72 1281602.00 9
7744908 29.46 99298.99 27.71 1307373.13 0
7745158 29.39 99298.44 27.59 102400000.00 1
7746658 28.97 99293.49 27.61 102400000.00 2
7750656 28.84 99288.28 27.73 102400000.00 3
7751406 29.07 99290.68 27.74 15114391.00 4
7752156 29.20 99292.16 27.77 14697466.00 5
7752905 29.25 99292.39 27.75 14145478.00 6
7753655 29.32 99295.09 27.79 1171624.75 7
7754155 29.40 99299.60 27.76 1232992.13 8
7754904 29.44 99301.66 27.75 1281602.00 9
7755654 29.46 99301.48 27.72 1321290.38 0
7755904 29.39 99301.90 27.58 102400000.00 1
7757404 28.97 99299.07 27.66 102400000.00 2
7761402 28.85 99289.38 27.60 102400000.00 3
7762152 29.07 99291.04 27.67 15240930.00 4
7762901 29.20 99293.16 27.74 14707361.00 5
7763651 29.25 99291.57 27.69 14173010.00 6
7764401 29.32 99291.63 27.71 1173639.00 7
7764901 29.41 99296.41 27.70 1241964.88 8
7765651 29.45 99295.13 27.70 1287645.38 9
7766400 29.46 99293.01 27.67 1307373.13 0
7766650 29.39 99295.04 27.63 102400000.00 1
7768150 28.96 99291.53 27.56 102400000.00 2
7772148 28.85 99304.80 27.64 102400000.00 3
7772898 29.07 99307.76 27.72 15326473.00 4
7773647 29.20 99305.69 27.74 14767012.00 5
7774397 29.25 99303.62 27.74 14200650.00 6
7775147 29.32 99304.45 27.74 1174648.75 7
7775646 29.40 99301.04 27.75 1236341.63 8
7776396 29.44 99300.40 27.74 1279200.50 9
7777146 29.47 99297.05 27.73 1313662.63 0
7777396 29.40 99296.85 27.62 102400000.00 1
7778895 28.96 99292.11 27.46 102400000.00 2
7782893 28.85 99290.77 27.76 102400000.00 3
7783643 29.07 99293.15 27.73 15219693.00 4
7784393 29.20 99296.15 27.73 14697466.00 5
7785143 29.25 99299.21 27.77 14209887.00 6
7785892 29.32 99300.34 27.74 1184842.38 7
7786392 29.40 99303.91 27.75 1244228.38 8
7787142 29.45 99308.13 27.76 1293746.00 9
7787892 29.47 99307.91 27.73 1316195.38 0
7788142 29.39 99305.99 27.76 102400000.00 1
7789641 28.97 99301.00 27.74 102400000.00 2
7793639 28.85 99304.13 27.73 102400000.00 3
7794389 29.08 99307.16 27.73 15369606.00 4
7795139 29.20 99305.64 27.75 14887778.00 5
7795889 29.25 99306.27 27.78 14200650.00 6
7796388 29.33 99308.85 27.76 1175660.13 7
7797138 29.41 99310.09 27.75 1241964.88 8
7797888 29.45 99306.58 27.77 1287645.38 9
7798638 29.47 99307.72 27.73 1312399.88 0
7798888 29.40 99306.33 27.77 102400000.00 1
7800387 28.98 99298.90 27.73 102400000.00 2
7804385 28.85 99297.48 27.64 102400000.00 3
7805135 29.08 99294.05 27.73 15230304.00 4
7805885 29.21 99292.05 27.77 14677716.00 5
7806634 29.25 99287.80 27.77 14293566.00 6
7807134 29.33 99288.96 27.79 1177688.38 7
7807884 29.41 99289.63 27.76 1246500.25 8
7808634 29.46 99288.59 27.78 1294973.13 9
7809383 29.48 99288.42 27.75 1318737.88 0
7809633 29.41 99287.88 27.65 102400000.00 1
7811133 28.97 99280.05 27.75 102400000.00 2
7815131 28.86 99298.13 27.68 102400000.00 3
7815881 29.09 99296.98 27.76 15294282.00 4
7816631 29.21 99299.30 27.84 14827149.00 5
7817380 29.26 99299.80 27.77 14302924.00 6
7817880 29.34 99300.66 27.76 1177688.38 7
7818630 29.41 99303.31 27.78 1240836.13 8
7819380 29.46 99300.43 27.77 1276808.00 9
7820129 29.48 99296.78 27.75 1312399.88 0
7820379 29.40 99296.75 27.96 102400000.00 1
7821629 28.98 99296.66 27.64 102400000.00 2
7825877 28.86 99295.87 27.74 102400000.00 3
7826627 29.09 99296.73 27.75 15358800.00 4
7827377 29.21 99294.34 27.74 14817092.00 5
7828126 29.26 99293.93 27.78 14228398.00 6
7828626 29.34 99297.59 27.77 1177688.38 7
7829376 29.41 99295.65 27.76 1249923.75 8
7830126 29.46 99297.22 27.75 1294973.13 9
7830875 29.48 99297.39 27.74 1318737.88 0
7831125 29.40 99297.34 27.51 102400000.00 1
7832375 28.98 99297.45 27.55 102400000.00 2
7836623 28.86 99294.05 27.55 102400000.00 3
7837373 29.09 99293.79 27.75 15500473.00 4
7838122 29.21 99294.13 27.79 14908098.00 5
7838872 29.26 99294.70 27.78 14321678.00 6
7839372 29.33 99294.92 27.79 1182789.50 7
7840122 29.42 99296.34 27.77 1251069.00 8
7840871 29.46 99296.16 27.76 1296202.50 9
7841621 29.48 99294.84 27.76 1329007.13 0
7841871 29.41 99294.91 27.68 102400000.00 1
7843121 28.99 99296.24 27.50 102400000.00 2
7847369 28.87 99296.29 27.83 102400000.00 3
7848118 29.09 99296.91 27.78 15337234.00 4
7848868 29.21 99296.73 27.76 15041542.00 5
7849618 29.27 99296.35 27.78 14570031.00 6
7850118 29.34 99295.97 27.79 1184842.38 7
7850867 29.42 99295.55 27.80 1247639.38 8
7851617 29.46 99293.25 27.77 1298668.38 9
7852367 29.49 99293.66 27.76 1321290.38 0
7852617 29.41 99293.51 27.72 102400000.00 1
7853866 28.99 99293.20 27.66 102400000.00 2
7858114 28.86 99295.13 27.75 102400000.00 3
7858864 29.09 99298.38 27.74 15500473.00 4
7859614 29.22 99303.13 27.72 14979657.00 5
7860364 29.27 99302.25 27.80 14397188.00 6
7860864 29.34 99304.13 27.77 1188969.50 7
7861614 29.42 99307.88 27.79 1244228.38 8
7862363 29.46 99308.36 27.75 1298668.38 9
7863113 29.49 99309.31 27.73 1320012.88 0
7863363 29.41 99308.27 27.74 102400000.00 1
7864612 28.98 99310.24 27.63 102400000.00 2
7868860 28.87 99300.63 27.65 102400000.00 3
7869610 29.10 99300.20 27.72 15522501.00 4
7870360 29.22 99299.62 27.73 14948905.00 5
7870860 29.27 99300.79 27.77 14312295.00 6
7871609 29.34 99300.34 27.73 1187935.00 7
7872359 29.43 99301.35 27.73 1244228.38 8
7873109 29.47 99298.18 27.72 1299904.75 9
7873859 29.50 99298.77 27.68 1321290.38 0
7874109 29.42 99297.63 27.71 102400000.00 1
7875358 29.00 99297.34 27.44 102400000.00 2
7879606 28.87 99293.39 27.68 102400000.00 3
7880356 29.10 99293.84 27.71 15522501.00 4
7881106 29.23 99293.50 27.67 14887778.00 5
7881605 29.27 99294.55 27.69 14638374.00 6
7882355 29.34 99293.93 27.68 1192083.88 7
7883105 29.42 99295.50 27.67 1251069.00 8
7883854 29.47 99293.77 27.68 1298668.38 9
7884604 29.49 99293.69 27.64 1331599.50 0
7884854 29.41 99292.71 27.57 102400000.00 1
7886104 28.99 99292.77 27.46 102400000.00 2
7890352 28.88 99293.08 27.67 102400000.00 3
7891102 29.10 99292.56 27.66 15489482.00 4
7891851 29.22 99291.84 27.69 15093505.00 5
7892351 29.27 99293.80 27.69 14579755.00 6
7893101 29.34 99295.30 27.67 1181765.75 7
7893850 29.42 99297.45 27.69 1266151.50 8
7894600 29.47 99298.48 27.67 1288860.88 9
7895350 29.50 99298.97 27.67 1323852.63 0
7895600 29.42 99299.85 27.52 102400000.00 1
7896849 28.99 99298.77 27.55 102400000.00 2
7901097 28.87 99296.11 27.76 102400000.00 3
7901847 29.10 99296.20 27.65 15456604.00 4
7902597 29.23 99297.18 27.68 15083084.00 5
7903097 29.27 99298.59 27.73 14531264.00 6
7903846 29.34 99299.13 27.68 1196261.63 7
7904596 29.43 99302.21 27.70 1244228.38 8
7905346 29.46 99303.55 27.68 1292521.25 9
7906096 29.49 99306.95 27.65 1322570.25 0
7906346 29.42 99305.95 27.60 102400000.00 1
7907595 29.00 99306.36 27.64 102400000.00 2
7911843 28.87 99299.63 27.64 102400000.00 3
7912593 29.09 99301.30 27.65 15667224.00 4
7913343 29.22 99303.13 27.69 15135335.00 5
7913843 29.28 99306.12 27.67 14454345.00 6
7914592 29.35 99306.92 27.69 1187935.00 7
7915342 29.43 99307.74 27.68 1262638.75 8
7916092 29.47 99305.05 27.68 1301143.63 9
7916841 29.50 99304.16 27.67 1330302.00 0
7917091 29.43 99304.82 27.53 102400000.00 1
7918341 29.00 99302.05 27.64 102400000.00 2
7922589 28.87 99298.73 27.73 102400000.00 3
7923339 29.10 99298.33 27.65 15588963.00 4
7924089 29.23 99297.45 27.65 15083084.00 5
7924588 29.28 99296.85 27.64 14589492.00 6
7925338 29.34 99294.60 27.68 1203643.88 7
7926088 29.43 99296.52 27.69 1257985.25 8
7926837 29.47 99297.30 27.69 1301143.63 9
7927587 29.50 99299.65 27.66 1346040.13 0
7927837 29.43 99298.70 27.67 102400000.00 1
7929087 28.99 99295.29 27.60 102400000.00 2
7933335 28.87 99294.63 27.54 102400000.00 3
7934085 29.10 99296.64 27.65 15644784.00 4
7934834 29.23 99297.89 27.67 15209097.00 5
7935334 29.27 99298.20 27.69 14570031.00 6
7936084 29.35 99301.65 27.66 1194169.13 7
7936833 29.43 99302.38 27.67 1261472.13 8
7937583 29.47 99305.10 27.64 1293746.00 9
7938083 29.49 99303.26 27.65 1332899.50 0
7938583 29.43 99304.00 27.63 102400000.00 1
7939832 28.99 99296.31 27.55 102400000.00 2
7944080 28.87 99291.60 27.59 102400000.00 3
7944830 29.10 99293.92 27.66 15689729.00 4
7945330 29.23 99295.91 27.68 15166860.00 5
7946080 29.27 99296.58 27.63 14638374.00 6
7946829 29.35 99297.84 27.67 1210044.38 7
7947579 29.43 99299.09 27.70 1269683.88 8
7948329 29.46 99298.23 27.68 1303628.25 9
7948829 29.49 99302.07 27.68 1331599.50 0
7949329 29.42 99301.30 27.52 102400000.00 1
7950578 28.99 99298.98 27.60 102400000.00 2
7954826 28.87 99298.35 27.58 102400000.00 3
7955576 29.10 99300.66 27.67 15712299.00 4
7956076 29.23 99301.54 27.71 15304998.00 5
7956825 29.28 99303.16 27.74 14521604.00 6
7957575 29.35 99302.66 27.71 1201525.38 7
7958325 29.43 99304.02 27.71 1259145.38 8
7959074 29.47 99304.83 27.68 1309881.63 9
7959574 29.49 99304.81 27.69 1338124.75 0
7960074 29.41 99304.67 27.62 102400000.00 1
7961324 29.00 99308.39 27.53 102400000.00 2
7965572 28.87 99305.48 27.64 102400000.00 3
7966321 29.09 99304.70 27.68 15712299.00 4
7966821 29.22 99304.19 27.70 15230304.00 5
7967571 29.27 99304.34 27.70 14697466.00 6
7968321 29.35 99304.30 27.71 1199414.38 7
7969070 29.43 99304.23 27.68 1262638.75 8
7969820 29.46 99302.70 27.68 1311139.63 9
7970320 29.49 99302.77 27.67 1336814.63 0
7970570 29.41 99301.07 27.48 102400000.00 1
7972069 28.99 99300.93 27.60 102400000.00 2
7976318 28.87 99301.19 27.68 102400000.00 3
7977067 29.10 99304.84 27.68 15918387.00 4
7977567 29.22 99305.48 27.72 15103941.00 5
7978317 29.27 99307.60 27.70 14717269.00 6
7979067 29.34 99309.23 27.70 1203643.88 7
7979816 29.43 99310.26 27.70 1270865.63 8
7980566 29.47 99311.14 27.70 1307373.13 9
7981066 29.49 99309.46 27.64 1336814.63 0
7981316 29.41 99307.72 27.66 102400000.00 1
7982815 28.99 99308.27 27.62 102400000.00 2
7987063 28.88 99303.52 27.73 102400000.00 3
7987813 29.10 99306.98 27.66 16094303.00 4
7988313 29.23 99306.78 27.65 15240930.00 5
7989063 29.27 99305.63 27.69 14747075.00 6
7989812 29.35 99307.93 27.67 1196261.63 7
7990562 29.42 99305.86 27.66 1264978.38 8
7991312 29.47 99304.88 27.68 1306122.50 9
7991812 29.49 99304.82 27.63 1338124.75 0
7992062 29.42 99304.06 27.57 102400000.00 1
7993561 29.00 99302.27 27.51 102400000.00 2
7997809 28.87 99300.79 27.74 102400000.00 3
7998559 29.09 99300.70 27.68 15883665.00 4
7999059 29.23 99300.43 27.71 15380427.00 5
7999809 29.27 99300.83 27.72 14797020.00 6
8000558 29.34 99301.84 27.70 1207903.25 7
8001308 29.43 99301.38 27.70 1278003.13 8
8001808 29.46 99301.53 27.69 1320012.88 9
8002557 29.49 99300.87 27.64 1339437.50 0
8002807 29.41 99300.07 27.52 102400000.00 1
8004307 29.00 99301.88 27.50 102400000.00 2
8008555 28.87 99297.12 27.43 102400000.00 3
8009305 29.09 99296.70 27.58 15964921.00 4
8009805 29.22 99296.59 27.58 15391264.00 5
8010554 29.27 99297.50 27.57 14918279.00 6
8011304 29.34 99297.22 27.58 1215430.25 7
8012054 29.43 99295.17 27.58 1273235.88 8
8012554 29.46 99295.63 27.55 1316195.38 9
8013303 29.49 99296.63 27.53 1343391.25 0
8013553 29.41 99296.58 27.28 102400000.00 1
8015053 28.99 99298.22 27.53 102400000.00 2
8019301 28.86 99297.55 27.53 102400000.00 3
8019801 29.09 99299.81 27.58 15918387.00 4
8020551 29.22 99302.40 27.63 15304998.00 5
8021300 29.27 99306.76 27.66 14787004.00 6
8022050 29.34 99307.00 27.67 1206835.63 7
8022800 29.42 99308.01 27.63 1269683.88 8
8023300 29.46 99308.98 27.64 1314927.75 9
8024049 29.48 99310.38 27.61 1355393.75 0
8024299 29.41 99310.59 27.44 102400000.00 1
8025798 28.98 99310.12 27.54 102400000.00 2
8030047 28.87 99299.03 27.63 102400000.00 3
8030546 29.09 99301.16 27.66 16000000.00 4
8031296 29.22 99302.59 27.68 15380427.00 5
8032046 29.27 99304.88 27.67 14827149.00 6
8032796 29.34 99306.88 27.68 1220864.38 7
8033545 29.42 99306.52 27.68 1275615.13 8
8034045 29.46 99306.16 27.66 1322570.25 9
8034795 29.48 99306.64 27.66 1347368.38 0
8035045 29.41 99304.99 27.57 102400000.00 1
8036544 28.99 99304.08 27.58 102400000.00 2
8040793 28.86 99304.17 27.69 102400000.00 3
8041292 29.09 99306.60 27.68 16023472.00 4
8042042 29.22 99305.55 27.73 15337234.00 5
8042792 29.27 99308.32 27.69 15010536.00 6
8043542 29.34 99307.46 27.72 1210044.38 7
8044291 29.42 99309.78 27.69 1276808.00 8
8044791 29.46 99309.65 27.66 1320012.88 9
8045541 29.48 99310.70 27.63 1360797.38 0
8045791 29.41 99311.83 27.35 102400000.00 1
8047290 28.99 99313.47 27.47 102400000.00 2
8051538 28.87 99299.17 27.65 102400000.00 3
8052038 29.09 99299.19 27.61 16225798.00 4
8052788 29.22 99298.91 27.64 15434762.00 5
8053538 29.26 99297.28 27.65 14948905.00 6
8054287 29.34 99297.88 27.62 1208972.88 7
8055037 29.42 99299.99 27.66 1284012.50 8
8055537 29.46 99299.89 27.63 1312399.88 9
8056287 29.48 99297.13 27.61 1360797.38 0
8056537 29.41 99297.31 27.56 102400000.00 1
8058036 28.99 99296.10 27.50 102400000.00 2
8062284 28.86 99294.70 27.67 102400000.00 3
8062784 29.09 99296.57 27.61 16035234.00 4
8063534 29.22 99299.20 27.63 15533539.00 5
8064283 29.27 99300.67 27.68 14918279.00 6
8065033 29.34 99306.01 27.67 1212193.00 7
8065783 29.42 99309.19 27.63 1273235.88 8
8066283 29.46 99311.30 27.65 1321290.38 9
8067032 29.48 99313.09 27.64 1358090.13 0
8067282 29.41 99314.60 27.56 102400000.00 1
8068782 28.98 99315.41 27.58 102400000.00 2
8073030 28.86 99312.16 27.65 102400000.00 3
8073530 29.09 99312.06 27.65 16023472.00 4
8074279 29.22 99312.16 27.67 15588963.00 5
8075029 29.27 99307.84 27.69 14867514.00 6
8075779 29.34 99307.66 27.70 1218684.88 7
8076279 29.42 99304.85 27.69 1275615.13 8
8077028 29.46 99304.36 27.70 1329007.13 9
8077778 29.48 99302.66 27.67 1368984.00 0
8078028 29.41 99302.05 27.53 102400000.00 1
8079527 28.99 99302.78 27.79 102400000.00 2
8083775 28.86 99308.74 27.63 102400000.00 3
8084275 29.08 99308.63 27.67 15988290.00 4
8085025 29.22 99308.07 27.69 15500473.00 5
8085775 29.26 99308.45 27.71 15010536.00 6
8086525 29.34 99308.51 27.69 1220864.38 7
8087024 29.42 99308.91 27.68 1286432.13 8
8087774 29.46 99306.13 27.68 1318737.88 9
8088524 29.48 99307.61 27.68 1360797.38 0
8088774 29.41 99306.03 27.73 102400000.00 1
8090273 28.98 99303.51 27.27 102400000.00 2
8094272 28.87 99305.96 27.67 102400000.00 3
8095022 29.09 99307.61 27.67 16129953.00 4
8095771 29.21 99307.88 27.69 15826129.00 5
8096521 29.26 99309.45 27.70 15062285.00 6
8097271 29.33 99309.16 27.71 1219773.63 7
8097770 29.41 99308.46 27.69 1282806.13 8
8098520 29.46 99308.64 27.67 1334202.00 9
8099270 29.48 99308.49 27.67 1360797.38 0
8099520 29.40 99306.58 27.67 102400000.00 1
8101019 28.98 99305.59 27.54 102400000.00 2
8105017 28.87 99303.86 27.59 102400000.00 3
8105767 29.08 99301.34 27.63 16118052.00 4
8106517 29.21 99302.09 27.63 15500473.00 5
8107267 29.26 99303.98 27.69 15187949.00 6
8108016 29.34 99305.84 27.65 1217598.13 7
8108516 29.42 99308.26 27.67 1285221.25 8
8109266 29.46 99308.42 27.65 1316195.38 9
8110016 29.48 99308.35 27.64 1360797.38 0
8110266 29.41 99306.96 27.79 102400000.00 1
8111765 28.98 99307.09 27.64 102400000.00 2
8115763 28.86 99304.92 27.74 102400000.00 3
8116513 29.09 99307.04 27.65 16213756.00 4
8117263 29.21 99305.14 27.67 15723608.00 5
8118012 29.25 99304.77 27.69 15251571.00 6
8118762 29.32 99306.88 27.70 1219773.63 7
8119262 29.40 99306.83 27.70 1309881.63 8
8120012 29.45 99304.52 27.71 1354049.63 9
8120762 29.47 99304.17 27.74 1402739.75 0
8121012 29.39 99303.96 27.71 102400000.00 1
8122511 28.97 99305.74 27.76 102400000.00 2
8126509 28.84 99307.26 28.24 102400000.00 3
8127259 29.08 99311.07 28.37 16213756.00 4
8128009 29.21 99310.78 28.89 15533539.00 5
8128758 29.27 99306.93 29.47 14727191.00 6
8129508 29.34 99296.69 30.09 1123422.88 7
8130008 29.44 99300.55 30.64 1148948.13 8
8130758 29.49 99305.10 31.10 1153802.88 9
8131507 29.53 99305.23 31.50 1128063.88 0
8131757 29.46 99304.81 31.62 102400000.00 1
8133257 29.04 99296.13 32.25 102400000.00 2
8137255 28.95 99305.06 32.16 102400000.00 3
8138005 29.19 99308.51 32.28 9061947.00 4
8138755 29.32 99312.02 32.37 8451896.00 5
8139504 29.38 99314.47 32.48 7733774.00 6
8140004 29.46 99315.79 32.60 549061.69 7
8140754 29.54 99318.80 32.73 442332.63 8
8141504 29.60 99320.39 32.84 377720.41 9
8142253 29.63 99319.13 32.93 327470.41 0
8142503 29.55 99319.71 32.86 35224940.00 1
8144003 29.14 99319.88 33.10 23380664.00 2
8148001 29.07 99339.98 33.67 15156337.00 3
8148750 29.29 99347.05 33.88 1323852.63 4
8149500 29.42 99351.64 34.02 1304874.13 5
8150250 29.46 99353.73 34.09 1256827.25 6
8150750 29.55 99358.42 34.15 230890.64 7
8151499 29.64 99362.47 34.19 231989.13 8
8152249 29.69 99364.54 34.22 224217.20 9
8152999 29.73 99367.23 34.28 220309.81 0
8153249 29.65 99367.41 34.35 16786886.00 1
8154748 29.25 99375.30 34.36 11493511.00 2
8158746 29.16 99409.77 34.44 8247672.00 3
8159496 29.38 99413.32 34.76 854223.13 4
8160246 29.51 99415.44 34.81 854223.13 5
8160996 29.56 99419.99 34.81 829821.69 6
8161495 29.65 99423.17 34.86 170609.80 7
8162245 29.74 99427.34 34.93 180918.73 8
8162995 29.79 99430.69 34.92 183053.27 9
8163745 29.82 99439.05 34.94 184238.94 0
8163995 29.75 99441.30 34.97 12466426.00 1
8165244 29.34 99461.62 34.67 8935915.00 2
8169492 29.25 99499.25 34.99 6630514.00 3
8170242 29.47 99503.12 35.12 729085.06 4
8170992 29.59 99507.77 35.15 719101.13 5
8171742 29.65 99517.16 35.21 712347.81 6
8172241 29.73 99585.45 35.18 153984.97 7
8172991 29.83 99524.47 35.19 163578.28 8
8173741 29.88 99535.07 35.17 166775.25 9
8174490 29.91 99529.64 35.14 169930.30 0
8174740 29.85 99533.21 35.39 10570323.00 1
8175990 29.43 99540.74 34.82 7744741.00 2
8180238 29.34 99579.34 35.08 5832680.50 3
8180988 29.55 99583.56 35.16 669062.38 4
8181738 29.69 99588.70 35.23 667101.00 5
8182487 29.74 99595.91 35.25 658732.69 6
8182987 29.82 99601.68 35.25 143860.64 7