=~=~=~=~=~=~=~=~=~=~=~= PuTTY log 2024.11.22 04:03:54 =~=~=~=~=~=~=~=~=~=~=~=
2420 30.83 99135.91 36.31 1350033.00 1
3919 30.97 99116.25 35.37 1290078.75 2
7918 30.98 99062.61 32.92 1213270.13 3
8667 31.12 99051.06 32.63 202772.28 4
9417 31.30 99043.92 32.37 212492.22 5
10167 31.36 99031.27 32.03 217225.28 6
10917 31.35 99019.80 31.78 64434.94 7
11416 31.48 99010.3973624 29.50 99579.80 34.44 4333245.00 3
3974374 29.72 99581.53 34.49 537391.75 4
3975124 29.85 99584.09 34.58 527020.06 5
3975873 29.89 99586.35 34.58 520589.72 6
3976623 29.98 99589.10 34.59 110798.53 7
3977123 30.06 99591.28 34.60 116628.70 8
3977873 30.11 99590.88 34.63 120329.02 9
3978623 30.14 99592.65 34.64 121615.20 0
3978872 30.07 99593.95 34.67 7179667.00 1
3980372 29.64 99596.48 34.53 5140885.00 2
3984370 29.54 99607.74 34.86 3936569.00 3
3985120 29.75 99609.20 34.97 501469.16 4
3985870 29.88 99612.26 35.07 496725.69 5
3986620 29.92 99614.01 35.04 488899.50 6
3987369 30.01 99616.90 35.06 104810.65 7
3987869 30.09 99618.24 35.10 110798.53 8
3988619 30.14 99621.83 35.11 113904.34 9
3989369 30.16 99624.34 35.09 116073.45 0
3989619 30.09 99625.00 35.13 6484860.50 1
3991118 29.67 99628.34 35.02 4646625.00 2
3995116 29.57 99643.26 35.35 3644938.75 3
3995866 29.78 99639.23 35.41 469079.25 4
3996616 29.90 99639.84 35.44 464609.81 5
3997365 29.96 99641.84 35.46 460224.72 6
3998115 30.03 99639.61 35.47 101205.77 7
3998615 30.13 99640.94 35.51 105719.59 8
3999365 30.17 99640.83 35.55 108889.84 9
4000114 30.19 99639.96 35.51 110654.85 0
4000364 30.13 99642.40 35.48 5826458.00 1
4001864 29.70 99641.58 35.43 4319536.00 2
4005862 29.59 99650.70 35.73 3356001.75 3
4006612 29.80 99649.20 35.82 441474.47 4
4007361 29.93 99652.05 35.90 440335.41 5
4008111 29.99 99655.29 35.91 435004.25 6
4008861 30.06 99656.66 35.92 95916.07 7
4009360 30.15 99656.79 35.94 100846.95 8
4010110 30.19 99658.34 35.93 103853.95 9
4010860 30.21 99658.60 35.94 105916.42 0
4011110 30.14 99659.91 35.96 5405476.50 1
4012609 29.71 99665.45 35.83 3973805.50 2
4016608 29.61 99670.91 36.15 3148952.50 3
4017357 29.82 99670.91 36.23 421312.50 4
4018107 29.95 99670.62 36.23 418985.28 5
4018857 30.01 99671.68 36.32 410174.25 6
4019606 30.08 99671.95 36.32 90844.57 7
4020106 30.16 99670.56 36.32 97449.56 8
4020856 30.21 99672.74 36.34 99843.99 9
4021606 30.24 99671.69 36.37 101931.12 0
4021856 30.17 99672.55 36.33 5018070.50 1
4023355 29.75 99675.52 36.30 3706787.25 2
4027354 29.63 99678.55 36.55 2897771.50 3
4028103 29.85 99678.39 36.62 403387.81 4
4028853 29.98 99679.34 36.71 398909.22 5
4029603 30.02 99678.60 36.66 392487.53 6
4030353 30.11 99683.18 36.69 87761.40 7
4030852 30.19 99683.16 36.73 91822.09 8
4031602 30.23 99683.06 36.73 96349.27 9
4032352 30.26 99683.80 36.76 98121.88 0
4032602 30.19 99683.79 36.68 4686499.00 1
4034101 29.76 99685.61 36.70 3475604.50 2
4038100 29.65 99689.22 36.93 2718884.75 3
4038849 29.86 99686.89 37.06 388025.78 4
4039599 30.00 99688.34 36.99 384312.25 5
4040349 30.04 99689.09 37.13 376886.28 6
4041098 30.12 99690.63 37.10 84544.25 7
4041598 30.21 99693.80 37.13 88765.60 8
4042348 30.25 99694.12 37.12 92119.47 9
4043098 30.28 99695.60 37.14 95167.29 0
4043348 30.21 99696.02 37.12 4417363.00 1
4044847 29.78 99697.05 37.02 3257904.25 2
4048845 29.66 99698.22 37.41 2587492.00 3
4049595 29.89 99701.34 37.37 364542.53 4
4050345 30.02 99697.84 37.46 362221.44 5
4051094 30.06 99697.88 37.52 355432.16 6
4051844 30.14 99698.01 37.47 81399.05 7
4052344 30.23 99702.13 37.47 85390.26 8
4053094 30.27 99701.57 37.48 88581.31 9
4053843 30.30 99701.95 37.48 90555.36 0
4054093 30.23 99700.78 37.52 4114515.25 1
4055593 29.80 99700.83 37.45 3084918.00 2
4059591 29.70 99700.85 37.65 2461538.50 3
4060341 29.91 99702.17 37.72 350325.00 4
4061090 30.04 99703.05 37.83 348180.91 5
4061840 30.08 99701.64 37.85 342589.50 6
4062590 30.16 99702.37 37.85 78987.97 7
4063090 30.25 99704.83 37.87 83062.95 8
4063839 30.29 99706.03 37.85 85819.65 9
4064589 30.32 99706.91 37.85 87851.75 0
4064839 30.24 99706.23 37.85 3925251.50 1
4066339 29.83 99710.21 37.79 2876404.50 2
4070337 29.70 99715.63 38.07 2341240.25 3
4071087 29.93 99716.04 38.10 338848.44 4
4071836 30.05 99716.28 38.23 335847.81 5
4072586 30.10 99716.55 38.20 330003.22 6
4073336 30.18 99714.07 38.22 76440.73 7
4073836 30.27 99716.32 38.21 80706.18 8
4074585 30.32 99717.03 38.20 83062.95 9
4075335 30.34 99716.63 38.19 84712.11 0
4075585 30.27 99716.70 38.23 3674366.50 1
4077084 29.84 99720.70 38.13 2727030.75 2
4081083 29.73 99723.59 38.35 2235807.75 3
4081832 29.95 99724.29 38.37 327784.91 4
4082582 30.07 99724.41 38.46 323130.31 5
4083332 30.12 99723.30 38.50 319202.00 6
4084082 30.20 99720.83 38.52 74635.57 7
4084581 30.29 99720.39 38.53 78479.46 8
4085331 30.33 99721.63 38.52 80553.80 9
4086081 30.36 99720.61 38.52 82580.65 0
4086331 30.29 99719.41 38.52 3497865.00 1
4087830 29.87 99719.51 38.44 2594868.50 2
4091828 29.74 99716.37 38.71 2124481.25 3
4092578 29.96 99714.45 38.79 316831.69 4
4093328 30.09 99709.32 38.78 314786.34 5
4094078 30.14 99711.18 38.89 307969.94 6
4094827 30.22 99712.48 38.87 72295.96 7
4095327 30.31 99712.81 38.87 76167.80 8
4096077 30.35 99714.65 38.87 78769.23 9
4096827 30.38 99714.36 38.82 80100.13 0
4097077 30.30 99713.43 38.82 3325350.00 1
4098576 29.89 99718.02 38.73 2488456.75 2
4102574 29.77 99720.70 39.00 2058808.75 3
4103324 29.98 99718.95 39.12 305216.09 4
4104074 30.11 99716.62 39.08 303587.31 5
4104823 30.16 99714.11 39.10 297501.44 6
4105573 30.24 99713.03 39.13 70679.18 7
4106073 30.33 99713.06 39.17 74700.91 8
4106823 30.37 99713.39 39.13 76992.48 9
4107572 30.39 99712.55 39.13 78120.23 0
4107822 30.32 99713.44 39.14 3176425.00 1
4109322 29.90 99714.13 39.09 2384167.75 2
4113320 29.78 99715.40 39.32 1966866.75 3
4114070 30.00 99716.15 39.35 296983.75 4
4114820 30.13 99711.95 39.42 295697.38 5
4115569 30.18 99712.45 39.39 290661.38 6
4116319 30.25 99714.27 39.42 69077.17 7
4116819 30.34 99714.91 39.45 72665.34 8
4117569 30.38 99717.44 39.44 74635.57 9
4118318 30.41 99719.54 39.42 76167.80 0
4118568 30.35 99720.91 39.41 3057286.75 1
4120068 29.93 99725.24 39.33 2288268.25 2
4124066 29.80 99721.05 39.54 1905116.25 3
4124816 30.02 99716.72 39.68 288939.06 4
4125565 30.14 99712.75 39.66 288450.72 5
4126315 30.20 99712.01 39.72 282951.09 6
4127065 30.27 99712.55 39.70 67226.89 7
4127565 30.36 99713.63 39.72 70562.30 8
4128314 30.41 99715.10 39.71 72295.96 9
4129064 30.43 99714.91 39.70 74245.94 0
4129314 30.37 99715.65 39.71 2843457.25 1
4130813 29.94 99715.50 39.60 2178723.50 2
4134812 29.82 99718.51 39.87 1837183.25 3
4135561 30.03 99719.16 39.92 281550.72 4
4136311 30.16 99716.50 39.97 279247.34 5
4137061 30.21 99715.56 39.94 274310.22 6
4137811 30.29 99715.17 39.98 65422.95 7
4138311 30.38 99714.04 39.99 69021.30 8
4139060 30.43 99713.98 39.96 71150.64 9
4139810 30.45 99715.30 39.94 72480.18 0
4140060 30.39 99716.62 39.97 2740716.00 1
4141559 29.96 99715.09 39.87 2096749.38 2
4145558 29.84 99714.56 40.09 1790209.75 3
4146307 30.05 99712.89 40.17 272993.88 4
4147057 30.18 99711.66 40.19 271258.28 5
4147807 30.22 99712.79 40.24 267223.38 6
4148556 30.31 99714.63 40.23 64192.58 7
4149056 30.40 99713.14 40.24 67706.95 8
4149806 30.45 99715.98 40.22 69245.34 9
4150556 30.47 99714.20 40.20 70914.13 0
4150806 30.40 99714.84 40.20 2632390.75 1
4152305 29.97 99715.88 40.09 2026719.50 2
4156303 29.86 99720.08 40.31 1722455.88 3
4157053 30.07 99716.19 40.41 266389.19 4
4157803 30.20 99715.34 40.44 265147.59 5
4158553 30.24 99715.98 40.49 261291.14 6
4159302 30.33 99716.59 40.44 62822.09 7
4159802 30.41 99714.36 40.48 65877.51 8
4160552 30.46 99713.23 40.47 67922.52 9
4161302 30.49 99709.49 40.45 69133.13 0
4161552 30.42 99708.63 40.46 2532303.00 1
4163051 30.00 99709.30 40.35 1950011.88 2
4167049 29.86 99705.64 40.59 1663688.00 3
4167799 30.09 99704.04 40.59 260096.52 4
4168549 30.21 99706.74 40.63 257934.52 5
4169298 30.27 99708.20 40.73 253716.55 6
4170048 30.34 99709.81 40.70 61332.05 7
4170548 30.43 99710.69 40.69 64875.82 8
4171298 30.48 99711.03 40.69 66441.73 9
4172047 30.51 99710.49 40.67 68139.48 0
4172297 30.43 99711.57 40.62 2437369.75 1
4173797 30.00 99708.46 40.62 1886688.13 2
4177795 29.89 99712.57 40.79 1627010.88 3
4178545 30.10 99709.00 40.91 252964.42 4
4179294 30.23 99708.26 40.88 253339.94 5
4180044 30.28 99709.80 40.88 248724.80 6
4180794 30.36 99710.27 40.92 59995.31 7
4181294 30.46 99710.84 40.90 63241.11 8
4182043 30.50 99710.47 40.92 65073.71 9
4182793 30.52 99709.20 40.89 66597.30 0
4183043 30.45 99711.41 40.86 2367630.00 1
4184543 30.02 99707.68 40.81 1849627.50 2
4188541 29.90 99712.97 41.00 1577204.50 3
4189291 30.12 99710.34 41.09 247821.88 4
4190040 30.25 99709.88 41.12 246925.48 5
4190790 30.30 99708.76 41.07 243230.41 6
4191540 30.38 99707.86 41.15 59163.39 7
4192040 30.47 99707.12 41.12 61731.37 8
4192789 30.52 99706.37 41.12 63856.32 9
4193539 30.54 99705.81 41.10 64875.82 0
4193789 30.46 99706.52 41.09 2290187.25 1
4195288 30.04 99699.50 41.01 1785527.50 2
4199287 29.92 99696.47 41.21 1539849.63 3
4200036 30.13 99693.84 41.26 242884.25 4
4200786 30.27 99697.00 41.37 241168.16 5
4201536 30.32 99698.23 41.35 239476.14 6
4202286 30.40 99699.67 41.33 57800.86 7
4202786 30.49 99699.06 41.34 60937.87 8
4203535 30.53 99697.48 41.34 62775.87 9
4204285 30.55 99697.15 41.29 63618.29 0
4204535 30.48 99696.89 41.27 2190960.25 1
4206034 30.06 99694.51 41.21 1732290.13 2
4210032 29.94 99704.70 41.41 1472322.13 3
4210782 30.15 99701.70 41.42 239476.14 4
4211532 30.28 99700.52 41.53 236817.77 5
4212282 30.32 99699.09 41.59 233736.59 6
4213032 30.41 99702.93 41.54 56762.75 7
4213531 30.51 99702.62 41.53 59286.71 8
4214281 30.55 99698.57 41.54 61464.59 9
4215031 30.57 99701.44 41.51 62914.72 0
4215281 30.50 99701.35 41.44 2129451.50 1
4216780 30.07 99697.23 41.38 1675941.13 2
4220778 29.96 99698.81 41.56 1424695.63 3
4221528 30.17 99695.24 41.70 234057.14 4
4222278 30.30 99695.89 41.73 233098.11 5
4223028 30.34 99693.97 41.73 229339.31 6
4223777 30.43 99694.09 41.70 55615.90 7
4224277 30.52 99694.54 41.70 58274.53 8
4225027 30.56 99691.19 41.69 60164.51 9
4225777 30.59 99690.95 41.68 61200.09 0
4226027 30.52 99691.63 41.70 2057257.63 1
4227526 30.09 99689.08 41.60 1631872.50 2
4231524 29.96 99680.80 41.75 1391304.38 3
4232274 30.18 99681.25 41.86 229031.53 4
4233024 30.31 99682.45 41.92 227505.00 5
4233773 30.36 99682.88 41.92 224807.91 6
4234523 30.45 99682.80 41.90 54340.90 7
4235023 30.53 99683.58 41.92 57296.33 8
4235773 30.58 99684.21 41.90 58999.77 9
4236522 30.61 99685.80 41.85 60377.36 0
4236772 30.54 99688.45 41.80 1995615.13 1
4238272 30.11 99689.55 41.76 1596569.88 2
4242270 29.98 99687.13 41.98 1355393.75 3
4243020 30.20 99684.95 42.02 222899.44 4
4243769 30.33 99684.04 42.08 222318.72 5
4244519 30.38 99683.85 42.10 220880.06 6
4245269 30.46 99683.44 42.06 53691.27 7
4245769 30.55 99683.94 42.06 56350.43 8
4246518 30.59 99684.34 42.05 58076.23 9
4247268 30.63 99682.93 42.04 59369.20 0
4247518 30.55 99683.56 41.99 1937559.13 1
4249017 30.12 99679.85 41.92 1550340.63 2
4253016 30.00 99679.77 42.12 1327714.75 3
4253765 30.22 99678.23 42.21 220309.81 4
4254515 30.35 99680.10 42.20 219459.92 5
4255265 30.39 99678.36 42.23 215578.95 6
4256015 30.48 99678.00 42.23 52794.39 7
4256514 30.57 99678.09 42.23 55113.02 8
4257264 30.61 99677.93 42.23 56800.53 9
4258014 30.64 99677.91 42.20 58354.23 0
4258264 30.57 99679.92 42.20 1876317.00 1
4259763 30.13 99675.92 42.03 1506713.25 2
4263762 30.02 99678.08 42.26 1298668.38 3
4264511 30.24 99681.69 42.37 216124.95 4
4265261 30.36 99682.52 42.34 214225.94 5
4266011 30.41 99684.49 42.42 212360.02 6
4266760 30.50 99686.69 42.35 51644.14 7
4267260 30.59 99687.38 42.36 54549.33 8
4268010 30.63 99688.91 42.35 56164.98 9
4268760 30.66 99688.62 42.33 57066.43 0
4269010 30.58 99687.65 42.33 1848375.50 1
4270509 30.15 99683.97 42.18 1445817.13 2
4274757 30.04 99677.47 42.39 1266151.50 3
4275257 30.25 99675.82 42.53 211570.25 4
4276007 30.38 99675.31 42.54 210916.58 5
4276757 30.43 99675.91 42.55 207961.00 6
4277506 30.52 99675.55 42.54 50935.14 7
4278006 30.60 99674.56 42.57 53455.84 8
4278756 30.64 99674.16 42.52 55041.93 9
4279506 30.67 99670.73 42.50 56612.12 0
4279756 30.59 99670.78 42.42 1776235.88 1
4281255 30.17 99668.02 42.39 1404182.38 2
4285503 30.04 99666.23 42.62 1235223.13 3
4286003 30.27 99667.55 42.62 209107.61 4
4286753 30.40 99667.94 42.70 207455.42 5
4287502 30.45 99670.15 42.69 204350.42 6
4288252 30.53 99670.77 42.68 50156.74 7
4288752 30.62 99673.70 42.67 52599.14 8
4289502 30.66 99672.70 42.69 54237.29 9
4290252 30.69 99674.07 42.63 55113.02 0
4290501 30.62 99673.32 42.61 1719202.50 1
4292001 30.18 99670.52 42.51 1384251.38 2
4296249 30.06 99671.30 42.74 1213270.13 3
4296749 30.29 99670.48 42.79 205457.47 4
4297498 30.41 99670.44 42.78 203255.27 5
4298248 30.46 99671.27 42.78 201455.83 6
4298998 30.54 99668.57 42.81 49117.42 7
4299498 30.63 99669.40 42.80 51395.30 8
4300247 30.68 99669.32 42.80 52991.10 9
4300997 30.70 99666.42 42.77 54549.33 0
4301247 30.63 99665.80 42.76 1693611.75 1
4302746 30.20 99663.05 42.67 1346040.13 2
4306995 30.07 99662.38 42.84 1192083.88 3
4307494 30.30 99664.72 42.93 202411.55 4
4308244 30.43 99666.24 42.97 201099.77 5
4308994 30.48 99666.53 42.96 198526.56 6
4309744 30.56 99665.65 42.97 48558.42 7
4310243 30.64 99664.85 42.95 50874.40 8
4310993 30.70 99665.20 42.94 52149.11 9
4311743 30.71 99663.16 42.89 53522.89 0
4311993 30.65 99664.98 42.87 1652612.50 1
4313492 30.22 99662.20 42.80 1320012.88 2
4317741 30.09 99660.13 42.92 1166619.25 3
4318240 30.31 99659.43 43.05 198295.89 4
4318990 30.44 99658.89 43.07 197492.77 5
4319740 30.50 99659.41 43.08 195345.28 6
4320490 30.58 99661.05 43.07 48012.00 7
4321240 30.66 99658.76 43.05 50068.45 8
4321739 30.71 99658.27 43.01 51863.86 9
4322489 30.73 99656.32 43.06 52859.80 0
4322739 30.66 99657.53 43.00 1607850.88 1
4324239 30.22 99655.07 42.92 1288860.88 2
4328487 30.11 99654.95 43.07 1144134.13 3
4328987 30.32 99653.45 43.17 196243.77 4
4329736 30.46 99655.28 43.18 195010.47 5
4330486 30.51 99655.07 43.20 192264.36 6
4331236 30.59 99654.38 43.20 46259.49 7
4331985 30.68 99656.05 43.19 49516.44 8
4332485 30.72 99654.48 43.15 50813.82 9
4333235 30.75 99653.81 43.15 52021.95 0
4333485 30.68 99655.38 43.16 1564553.13 1
4334984 30.24 99652.66 43.05 1264978.38 2
4339232 30.12 99650.02 43.23 1122499.38 3
4339732 30.34 99650.80 43.31 193134.67 4
4340482 30.47 99651.63 43.32 191832.14 5
4341232 30.53 99651.97 43.30 185238.78 6
4341982 30.61 99650.81 43.29 45519.20 7
4342731 30.69 99648.44 43.29 48920.31 8
4343231 30.74 99648.43 43.30 50904.75 9
4343981 30.76 99646.98 43.25 51148.85 0
4344231 30.68 99648.14 43.17 1532934.13 1
4345730 30.27 99647.23 43.22 1237462.25 2
4349979 30.13 99642.80 43.29 1098123.38 3
4350478 30.35 99641.72 43.36 185641.77 4
4351228 30.49 99646.19 43.43 184837.55 5
4351978 30.54 99645.52 43.43 182857.14 6
4352727 30.62 99645.42 43.41 44943.82 7
4353477 30.70 99644.49 43.37 47823.65 8
4353977 30.75 99644.87 43.37 49401.77 9
4354727 30.78 99643.65 43.36 50874.40 0
4354977 30.71 99646.67 43.34 1461291.50 1
4356476 30.27 99644.48 43.22 1212193.00 2
4360724 30.15 99643.22 43.44 1085896.13 3
4361224 30.37 99642.38 43.53 183446.80 4
4361974 30.50 99644.80 43.53 182076.81 5
4362723 30.55 99645.57 43.56 181303.11 6
4363473 30.63 99642.95 43.50 44429.02 7
4364223 30.72 99644.95 43.51 46715.33 8
4364723 30.77 99642.67 43.48 48752.62 9
4365472 30.79 99641.52 43.48 49689.44 0
4365723 30.71 99642.45 43.45 1445817.13 1
4367222 30.29 99640.58 43.39 1184842.38 2
4371470 30.17 99641.05 43.49 1058945.25 3
4371970 30.38 99640.70 43.61 181303.11 4
4372720 30.52 99643.08 43.58 179964.84 5
4373469 30.56 99640.79 43.60 176978.92 6
4374219 30.65 99642.36 43.59 43835.62 7
4374969 30.73 99641.30 43.62 45861.70 8
4375469 30.78 99639.57 43.59 48147.45 9
4376218 30.81 99640.23 43.57 49032.75 0
4376468 30.73 99641.28 43.50 1408528.25 1
4377968 30.31 99640.29 43.48 1161656.25 2
4382216 30.19 99638.14 43.61 1044365.13 3
4382716 30.40 99636.60 43.64 178646.20 4
4383465 30.54 99638.11 43.67 176430.05 5
4384215 30.58 99636.78 43.70 174803.69 6
4384965 30.66 99636.94 43.70 43301.76 7
4385715 30.75 99637.47 43.70 45086.30 8
4386214 30.80 99637.48 43.69 46613.25 9
4386964 30.82 99637.41 43.65 48283.67 0
4387214 30.75 99638.37 43.59 1371734.75 1
4388713 30.32 99638.54 43.56 1137461.88 2
4392962 30.20 99636.23 43.68 1023232.56 3
4393462 30.41 99636.27 43.77 176066.03 4
4394211 30.54 99634.16 43.77 173736.00 5
4394961 30.60 99633.91 43.84 171985.22 6
4395711 30.68 99631.77 43.83 42652.45 7
4396460 30.76 99628.63 43.79 44661.55 8
4396960 30.81 99630.30 43.78 45763.32 9
4397710 30.84 99629.63 43.73 48283.67 0
4397960 30.77 99629.77 43.72 1346040.13 1
4399459 30.34 99629.44 43.62 1116989.38 2
4403707 30.21 99630.02 43.78 1004413.94 3
4404207 30.43 99630.13 43.83 173383.00 4
4404957 30.56 99630.55 43.89 172681.28 5
4405707 30.61 99628.23 43.91 170439.42 6
4406456 30.69 99625.38 43.88 42356.05 7
4407206 30.77 99625.29 43.87 44016.51 8
4407706 30.82 99626.11 43.85 45714.29 9
4408456 30.85 99626.68 43.86 46562.39 0
4408706 30.77 99626.59 43.85 1323852.63 1
4410205 30.34 99628.26 43.79 1099892.63 2
4414453 30.22 99626.59 43.90 989133.06 3
4415203 30.45 99627.42 43.93 172158.70 4
4415703 30.58 99628.19 44.02 170269.38 5
4416452 30.63 99626.91 43.94 168255.02 6
4417202 30.70 99624.20 43.97 41775.46 7
4417952 30.79 99625.52 43.96 43345.75 8
4418452 30.84 99625.41 43.94 45086.30 9
4419202 30.86 99623.73 43.90 45812.46 0
4419452 30.79 99625.02 43.85 1290078.75 1
4420951 30.35 99622.75 43.82 1082452.38 2
4425199 30.23 99619.53 43.96 974310.19 3
4425949 30.46 99620.03 44.02 169592.58 4
4426449 30.59 99619.52 44.09 169088.50 5
4427198 30.63 99616.88 44.03 165964.34 6
4427948 30.71 99615.52 44.07 41051.96 7
4428698 30.81 99614.13 44.05 42652.45 8
4429448 30.84 99613.55 44.01 44153.16 9
4429947 30.87 99613.91 44.00 45229.68 0
4430198 30.80 99615.15 43.95 1264978.38 1
4431697 30.38 99614.08 43.87 1069731.00 2
4435945 30.25 99608.55 44.00 958577.13 3
4436695 30.48 99609.05 44.09 167101.83 4
4437194 30.61 99608.25 44.03 165642.19 5
4437944 30.65 99607.95 44.14 164524.42 6
4438694 30.73 99607.85 44.12 40973.11 7
4439444 30.82 99608.41 44.11 42482.57 8
4440193 30.86 99608.91 44.08 43656.21 9
4440693 30.89 99610.02 44.05 45229.68 0
4440943 30.82 99609.82 44.02 1245363.38 1
4442442 30.38 99609.37 43.94 1041974.06 2
4446691 30.26 99608.40 44.12 942692.75 3
4447440 30.49 99608.27 44.13 165481.58 4
4447940 30.62 99609.09 44.17 164049.98 5
4448690 30.66 99609.85 44.17 162025.31 6
4449440 30.75 99610.26 44.19 40201.00 7
4450189 30.83 99609.52 44.19 42482.57 8
4450939 30.88 99610.07 44.17 43656.21 9
4451439 30.91 99609.60 44.14 44153.16 0
4451689 30.83 99610.47 44.07 1216513.25 1
4453188 30.40 99606.41 43.98 1029404.38 2
4457436 30.28 99603.44 44.17 929219.63 3
4458186 30.50 99600.66 44.21 164049.98 4
4458686 30.63 99599.93 44.25 162488.09 5
4459436 30.67 99599.95 44.23 160501.56 6
4460185 30.75 99599.88 44.24 40125.39 7
4460935 30.84 99600.19 44.26 41612.48 8
4461685 30.89 99600.13 44.18 42695.13 9
4462184 30.91 99599.02 44.20 44198.89 0
4462435 30.84 99601.81 44.19 1200468.88 1
4463934 30.41 99600.78 44.06 1011857.69 2
4468182 30.29 99602.36 44.18 919829.31 3
4468932 30.51 99599.92 44.25 161412.36 4
4469432 30.64 99601.19 44.29 161107.61 5
4470181 30.69 99600.15 44.32 159601.00 6
4470931 30.77 99603.43 44.32 39493.98 7
4471681 30.86 99602.06 44.32 41491.09 8
4472430 30.90 99600.47 44.31 42524.92 9
4472930 30.93 99602.33 44.27 43745.73 0
4473180 30.85 99602.09 44.26 1176673.38 1
4474680 30.43 99600.39 44.16 995624.69 2
4478928 30.30 99600.77 44.33 909413.88 3
4479677 30.53 99600.83 44.35 159601.00 4
4480177 30.65 99599.95 44.39 159154.48 5
4480927 30.71 99600.98 44.45 157103.41 6
4481677 30.78 99601.12 44.37 39167.69 7
4482426 30.87 99599.66 44.35 41012.50 8
4483176 30.91 99600.40 44.35 41816.40 9
4483676 30.94 99598.83 44.31 43170.32 0
4484176 30.87 99598.63 44.33 1164629.00 1
4485425 30.44 99597.16 44.19 975702.69 2
4489674 30.32 99599.58 44.35 898048.69 3
4490423 30.54 99597.64 44.42 157829.84 4
4490923 30.66 99598.71 44.47 157393.17 5
4491673 30.71 99599.12 44.48 155245.61 6
4492423 30.80 99598.66 44.42 38635.68 7
4493172 30.88 99598.51 44.48 40506.33 8
4493922 30.93 99598.52 44.41 41898.53 9
4494422 30.96 99596.32 44.34 42398.14 0
4494922 30.88 99597.55 44.37 1144134.13 1
4496171 30.45 99591.99 44.24 963311.38 2
4500419 30.33 99587.54 44.40 882948.94 3
4501169 30.55 99586.05 44.47 155954.92 4
4501669 30.68 99586.57 44.47 155670.42 5
4502419 30.73 99585.38 44.50 153018.53 6
4503168 30.81 99584.66 44.51 38670.70 7
4503918 30.89 99581.46 44.47 40163.16 8
4504668 30.95 99581.39 44.47 41491.09 9
4505168 30.96 99579.43 44.45 42188.53 0
4505667 30.89 99582.48 44.44 1116989.38 1
4506917 30.47 99581.90 44.28 949246.81 2
4511165 30.35 99581.59 44.46 871674.81 3
4511915 30.57 99580.20 44.53 154823.11 4
4512665 30.69 99579.65 44.53 153984.97 5
4513164 30.74 99581.26 44.52 151793.66 6
4513914 30.82 99581.08 44.56 38186.16 7
4514664 30.91 99580.76 44.53 39493.98 8
4515414 30.96 99579.52 44.53 40660.74 9
4515914 30.98 99580.74 44.46 41775.46 0
4516413 30.91 99582.22 44.44 1106130.13 1
4517663 30.48 99581.33 44.38 942692.75 2
4521911 30.36 99580.88 44.48 859060.38 3
4522661 30.58 99581.33 44.56 154124.02 4
4523410 30.70 99582.29 44.56 152744.63 5
4523910 30.75 99581.80 44.62 150854.45 6
4524660 30.83 99579.45 44.59 37780.40 7
4525410 30.92 99578.24 44.56 39530.57 8
4526159 30.96 99580.47 44.56 40583.39 9
4526659 30.99 99578.66 44.52 41450.78 0
4527159 30.92 99582.35 44.47 1083311.25 1
4528409 30.49 99579.94 44.37 921692.19 2
4532657 30.37 99579.13 44.54 844710.25 3
4533406 30.59 99579.46 44.66 152335.61 4
4534156 30.72 99579.92 44.70 151389.70 5
4534656 30.77 99581.42 44.64 149532.70 6
4535406 30.85 99579.19 44.62 37317.79 7
4536155 30.94 99577.65 44.60 38988.73 8
4536905 30.98 99577.40 44.55 40087.69 9
4537655 31.00 99576.04 44.56 41012.50 0
4537905 30.93 99576.67 44.51 1065556.75 1
4539155 30.50 99575.97 44.47 915511.88 2
4543403 30.38 99573.48 44.56 841067.75 3
4544152 30.60 99573.10 44.65 151255.55 4
4544902 30.72 99572.23 44.66 150588.23 5
4545402 30.77 99572.77 44.66 148105.30 6
4546152 30.86 99571.14 44.67 36994.22 7
4546902 30.95 99571.13 44.66 38811.40 8
4547651 30.99 99571.19 44.66 39937.60 9
4548401 31.02 99572.02 44.61 40738.38 0
4548651 30.95 99572.12 44.53 1055670.13 1
4549900 30.52 99573.20 44.48 903994.69 2
4554148 30.39 99570.63 44.60 832858.88 3
4554898 30.61 99570.74 44.70 149926.80 4
4555648 30.73 99571.63 44.71 147592.97 5
4556148 30.79 99571.93 44.70 146578.88 6
4556897 30.87 99570.19 44.74 36962.17 7
4557647 30.96 99571.34 44.70 38323.35 8
4558397 31.00 99570.61 44.68 39640.75 9
4559147 31.03 99571.33 44.67 40238.92 0
4559397 30.96 99570.78 44.65 1038013.19 1
4560646 30.53 99571.87 44.58 891597.75 2
4564894 30.41 99565.97 44.65 823316.56 3
4565644 30.62 99565.80 44.78 147848.69 4
4566394 30.75 99566.32 44.79 146957.52 5
4566894 30.80 99563.57 44.68 145083.59 6
4567643 30.88 99562.42 44.77 36550.54 7
4568393 30.97 99565.69 44.75 37982.20 8
4569143 31.02 99566.14 44.72 39167.69 9
4569892 31.04 99565.79 44.69 39825.76 0
4570142 30.96 99566.55 44.65 1027081.25 1
4571392 30.54 99570.91 44.52 877275.63 2
4575640 30.41 99565.35 44.70 810126.56 3
4576390 30.64 99564.25 44.77 145827.41 4
4577139 30.75 99561.42 44.80 145454.55 5
4577639 30.81 99561.27 44.75 143497.77 6
4578389 30.89 99561.57 44.80 36240.09 7
4579139 30.98 99560.17 44.76 37647.06 8
4579888 31.03 99559.90 44.77 38846.74 9
4580638 31.05 99559.77 44.73 39421.00 0
4580888 30.98 99560.16 44.69 1013359.75 1
4582137 30.55 99559.29 44.57 868901.13 2
4586386 30.42 99554.16 44.72 804399.06 3
4587135 30.65 99554.45 44.78 145702.91 4
4587885 30.78 99554.66 44.84 143860.64 5
4588385 30.82 99554.46 44.81 143256.86 6
4589135 30.90 99555.02 44.78 36056.34 7
4589885 30.99 99556.77 44.82 37514.65 8
4590634 31.04 99556.98 44.77 38565.83 9
4591384 31.06 99557.40 44.71 39312.04 0
4591634 30.98 99556.28 44.72 998537.31 1
4592883 30.56 99557.76 44.61 856903.75 2
4597131 30.44 99556.33 44.79 794106.25 3
4597881 30.66 99555.22 44.78 143982.00 4
4598631 30.78 99553.93 44.87 142897.02 5
4599131 30.83 99553.68 44.86 141124.59 6
4599880 30.91 99549.93 44.83 35664.53 7
4600630 31.00 99550.38 44.88 37026.32 8
4601380 31.05 99546.97 44.83 38254.63 9
4602130 31.07 99545.49 44.79 38953.13 0
4602380 31.00 99544.82 44.76 979904.31 1
4603629 30.57 99547.60 44.65 847857.56 2
4607877 30.45 99550.62 44.83 788602.25 3
4608627 30.67 99549.53 44.84 142777.47 4
4609377 30.80 99548.53 44.88 141475.55 5
4610126 30.84 99548.05 44.90 140197.16 6
4610626 30.92 99547.94 44.86 35427.62 7
4611376 31.02 99550.70 44.87 36771.04 8
4612126 31.06 99550.34 44.85 38049.94 9
4612875 31.09 99551.20 44.77 38670.70 0
4613125 31.01 99551.94 44.80 968779.56 1
4614375 30.58 99553.80 44.71 832351.13 2
4618623 30.46 99554.34 44.79 774730.50 3
4619373 30.68 99553.80 44.88 141828.25 4
4620122 30.80 99550.66 44.91 140427.86 5
4620872 30.85 99549.79 44.92 138715.80 6
4621372 30.94 99550.75 44.91 35106.96 7
4622122 31.03 99547.63 44.89 36519.26 8
4622872 31.07 99546.73 44.85 37580.74 9
4623621 31.09 99546.79 44.81 38461.54 0
4623871 31.02 99547.73 44.80 957904.56 1
4625121 30.59 99546.66 44.65 827809.19 2
4629369 30.47 99546.45 44.84 772101.81 3
4630119 30.69 99544.52 44.91 140197.16 4
4630868 30.82 99543.66 44.93 139395.59 5
4631618 30.86 99545.10 44.89 138042.59 6
4632118 30.95 99547.66 44.93 34991.80 7
4632868 31.04 99544.95 44.91 36056.34 8
4633617 31.08 99545.98 44.88 37383.18 9
4634367 31.11 99546.20 44.90 38083.90 0
4634617 31.04 99547.03 44.81 946614.31 1
4635866 30.61 99548.13 44.70 818872.44 2
4640115 30.48 99550.53 44.86 765178.38 3
4640864 30.70 99548.12 44.93 139395.59 4
4641614 30.83 99550.34 44.95 138828.64 5
4642364 30.88 99550.74 44.96 137155.11 6
4642864 30.96 99550.41 44.97 34678.95 7
4643613 31.05 99552.20 44.94 35934.87 8
4644363 31.09 99549.74 44.88 36962.17 9
4645113 31.13 99553.19 44.89 37713.61 0
4645363 31.04 99550.89 44.84 927956.50 1
4646612 30.62 99553.73 44.74 803452.31 2
4650861 30.49 99559.36 44.85 759221.50 3
4651610 30.71 99557.44 44.96 138266.27 4
4652360 30.83 99557.29 44.96 137265.42 5
4653110 30.88 99560.14 44.97 136387.86 6
4653609 30.97 99562.06 44.95 34371.64 7
4654359 31.05 99561.64 44.93 35575.32 8
4655109 31.10 99562.66 44.94 36644.72 9
4655859 31.13 99563.11 44.89 37613.87 0
4656109 31.05 99563.04 44.87 920449.44 1
4657608 30.63 99566.17 44.74 802979.81 2
4661606 30.50 99557.63 44.90 749085.56 3
4662356 30.71 99550.65 45.00 137044.97 4
4663106 30.85 99548.36 44.97 137155.11 5
4663855 30.89 99545.67 44.98 134772.31 6
4664355 30.98 99544.38 44.97 33961.26 7
4665105 31.07 99540.05 44.97 35427.62 8
4665855 31.12 99539.60 44.93 36332.67 9
4666604 31.14 99536.24 44.88 37383.18 0
4666854 31.07 99536.12 44.87 909413.88 1
4668354 30.64 99534.58 44.78 786784.50 2
4672352 30.51 99557.32 44.90 744186.06 3
4673102 30.73 99557.16 45.00 136606.19 4
4673851 30.86 99555.55 44.99 135413.91 5
4674601 30.91 99552.21 45.02 133611.69 6
4675101 30.99 99547.35 45.01 33880.36 7
4675851 31.08 99541.62 45.00 34905.92 8
4676600 31.13 99539.34 44.94 36025.89 9
4677350 31.15 99530.48 44.91 36994.22 0
4677600 31.08 99532.08 44.91 899231.63 1
4679100 30.64 99533.43 44.79 786331.38 2
4683098 30.52 99550.34 45.02 732999.31 3
4683848 30.74 99543.68 45.04 135092.34 4
4684597 30.86 99541.94 45.07 134665.97 5
4685347 30.91 99539.13 45.00 133402.81 6
4686097 31.00 99542.07 45.05 33639.95 7
4686597 31.09 99545.79 45.00 34820.46 8
4687346 31.14 99545.52 44.96 35995.50 9
4688096 31.16 99546.38 44.90 36739.38 0
4688346 31.08 99547.20 44.92 888117.94 1
4689845 30.66 99547.00 44.73 773852.25 2
4693844 30.53 99530.97 44.94 725983.69 3
4694593 30.75 99526.81 45.08 134031.41 4
4695343 30.87 99527.11 45.03 133194.59 5
4696093 30.93 99530.00 45.03 132265.56 6
4696843 31.01 99533.90 45.03 33298.65 7
4697343 31.09 99535.48 45.02 34650.79 8
4698092 31.15 99538.68 44.96 35724.25 9
4698842 31.17 99540.54 44.97 36456.85 0
4699092 31.10 99542.39 44.90 876712.31 1
4700591 30.67 99549.85 44.84 768192.06 2
4704589 30.54 99542.11 44.96 722908.56 3
4705339 30.76 99542.78 45.02 133194.59 4
4706089 30.88 99542.01 45.07 132470.89 5
4706839 30.93 99540.61 45.02 131248.39 6
4707589 31.02 99540.43 45.02 33220.87 7
4708088 31.11 99539.84 45.03 34288.78 8
4708838 31.15 99541.66 45.00 35457.06 9
4709588 31.18 99542.49 44.97 36301.76 0
4709838 31.11 99544.89 44.88 863952.75 1
4711337 30.68 99546.66 44.81 760914.00 2
4715335 30.55 99536.57 44.96 716083.94 3
4716085 30.77 99532.65 45.01 132163.14 4
4716835 30.89 99535.10 45.04 131958.77 5
4717585 30.95 99540.24 45.09 130048.26 6
4718334 31.03 99540.20 45.05 32964.20 7
4718834 31.12 99541.73 45.02 34288.78 8
4719584 31.16 99538.63 45.00 35339.59 9
4720334 31.18 99536.01 44.97 35995.50 0
4720584 31.11 99536.98 44.97 863952.75 1
4722083 30.68 99532.98 44.84 755440.81 2
4726081 30.55 99534.32 44.98 713837.56 3
4726831 30.78 99527.80 45.07 132060.88 4
4727581 30.90 99529.16 45.10 130445.86 5
4728330 30.95 99532.91 45.09 128869.88 6
4729080 31.04 99532.15 45.04 32887.98 7
4729580 31.13 99528.59 45.03 34206.31 8
4730330 31.17 99529.25 44.99 34963.13 9
4731079 31.19 99529.45 44.99 35664.53 0
4731329 31.12 99533.20 44.99 853155.56 1
4732829 30.70 99531.62 44.84 747445.25 2
4737077 30.57 99528.48 44.99 703538.31 3
4737577 30.78 99526.80 45.10 131147.55 4
4738327 30.91 99528.19 45.07 130445.86 5
4739076 30.96 99525.95 45.04 127904.07 6
4739826 31.04 99524.59 45.07 32561.69 7
4740326 31.14 99522.22 45.04 33799.84 8
4741076 31.18 99521.55 45.00 34707.16 9
4741825 31.20 99522.95 44.99 35368.89 0
4742075 31.13 99524.10 44.95 838485.19 1
4743575 30.70 99525.21 44.88 736955.75 2
4747823 30.58 99524.66 45.04 695652.19 3
4748323 30.79 99521.17 45.05 130048.26 4
4749072 30.93 99521.00 45.11 129064.78 5
4749822 30.97 99521.22 45.05 127904.07 6
4750572 31.05 99521.02 45.06 32339.57 7
4751322 31.14 99520.80 45.02 33719.70 8
4751821 31.19 99520.42 45.04 34566.57 9
4752571 31.21 99519.88 44.96 35398.23 0
4752821 31.13 99521.33 44.96 830831.63 1
4754320 30.71 99521.20 44.92 733787.19 2
4758569 30.59 99526.84 45.04 692828.13 3
4759068 30.80 99526.35 45.08 129358.27 4
4759818 30.93 99527.93 45.12 128385.16 5
4760568 30.98 99528.45 45.10 126858.27 6
4761318 31.06 99529.91 45.10 32266.20 7
4762067 31.16 99530.45 45.07 33220.87 8
4762567 31.20 99525.16 45.06 34399.36 9
4763317 31.22 99522.21 45.00 35049.29 0
4763567 31.15 99525.63 44.96 822324.81 1
4765066 30.72 99524.15 44.87 729085.06 2
4769314 30.59 99514.75 45.01 685867.38 3
4769814 30.81 99512.34 45.10 128578.60 4
4770564 30.94 99511.80 45.15 127521.80 5
4771314 30.99 99512.88 45.07 126201.63 6
4772063 31.07 99512.73 45.08 32000.00 7
4772813 31.16 99509.91 45.08 33324.66 8
4773313 31.20 99509.09 45.03 34042.55 9
4774063 31.23 99507.71 44.99 34848.90 0
4774313 31.15 99508.84 44.95 812053.94 1
4775812 30.72 99508.80 44.85 721380.75 2
4780060 30.60 99515.88 45.03 685179.00 3
4780560 30.82 99516.99 45.11 127331.51 4
4781310 30.95 99517.71 45.13 126764.05 5
4782059 31.00 99517.25 45.14 124817.16 6
4782809 31.08 99517.62 45.09 31809.14 7
4783559 31.17 99515.61 45.13 33015.22 8
4784059 31.21 99513.26 45.08 34096.96 9
4784808 31.24 99511.42 45.01 34678.95 0
4785059 31.16 99510.52 45.00 807730.25 1
4786558 30.74 99511.27 44.88 714584.81 2
4790806 30.61 99510.57 45.04 675684.56 3
4791306 30.83 99512.00 45.12 127141.79 4
4792056 30.96 99512.02 45.14 126388.55 5
4792805 31.01 99512.89 45.13 124271.84 6
4793555 31.09 99508.14 45.11 31880.45 7
4794305 31.18 99508.13 45.08 32736.57 8
4794804 31.22 99509.59 45.08 33826.64 9
4795554 31.25 99508.17 45.04 34288.78 0
4795804 31.18 99510.25 44.97 802036.44 1
4797303 30.74 99510.61 44.91 710124.81 2
4801552 30.62 99516.09 45.04 671695.63 3
4802301 30.84 99515.13 45.11 126295.02 4
4802801 30.96 99513.61 45.14 125091.62 5
4803551 31.01 99511.45 45.10 123821.04 6
4804301 31.10 99508.61 45.11 31457.36 7
4805051 31.18 99506.76 45.10 32586.56 8
4805550 31.23 99504.77 45.06 33586.98 9
4806300 31.26 99505.21 45.03 34316.36 0
4806550 31.19 99504.48 44.98 786784.50 1
4808049 30.76 99507.33 44.90 699931.63 2
4812298 30.63 99501.51 45.02 667753.50 3
4813047 30.85 99500.93 45.09 125275.27 4
4813547 30.97 99499.04 45.15 124634.86 5
4814297 31.02 99495.53 45.08 123284.38 6
4815046 31.11 99494.76 45.11 31181.49 7
4815796 31.20 99493.66 45.12 32586.56 8
4816546 31.25 99493.83 45.11 33560.57 9
4817046 31.27 99495.47 45.03 34042.55 0
4817296 31.19 99497.06 45.02 788602.25 1
4818795 30.76 99502.54 44.90 698499.31 2
4823043 30.64 99493.54 45.06 663212.44 3
4823793 30.86 99492.57 45.10 124908.52 4
4824293 30.98 99487.20 45.07 123552.13 5
4825042 31.03 99485.94 45.16 122488.04 6
4825792 31.12 99486.80 45.12 31204.29 7
4826542 31.20 99483.63 45.11 32339.57 8
4827292 31.25 99483.98 45.06 33169.21 9
4827791 31.28 99484.40 45.07 33880.36 0
4828041 31.20 99484.95 45.03 774291.13 1
4829541 30.77 99488.42 44.94 687940.88 2
4833789 30.64 99495.72 45.02 656199.94 3
4834539 30.86 99495.28 45.08 124181.42 4
4835038 30.99 99491.52 45.13 123195.38 5
4835788 31.04 99491.58 45.09 120925.84 6
4836538 31.13 99492.55 45.13 30865.69 7
4837288 31.21 99491.19 45.11 32193.16 8
4838037 31.25 99491.00 45.07 33143.45 9
4838537 31.29 99492.86 45.04 33586.98 0
4838787 31.21 99495.26 45.00 769924.81 1
4840287 30.77 99496.01 44.90 681077.50 2
4844535 30.66 99496.21 45.04 653686.56 3
4845285 30.87 99495.73 45.11 122752.34 4
4845784 31.00 99494.27 45.13 122224.88 5
4846534 31.04 99493.01 45.12 120754.72 6
4847284 31.13 99494.16 45.10 30843.37 7
4848034 31.22 99495.92 45.10 32024.02 8
4848783 31.26 99496.05 45.09 32736.57 9
4849283 31.29 99496.79 45.06 33560.57 0
4849783 31.22 99497.21 45.02 764321.69 1
4851032 30.78 99497.78 44.89 682439.19 2
4855281 30.66 99492.51 45.07 648717.13 3
4856030 30.88 99491.01 45.10 122137.41 4
4856530 31.01 99488.44 45.10 121615.20 5
4857280 31.05 99487.45 45.15 119990.63 6
4858029 31.14 99489.29 45.14 30688.08 7
4858779 31.22 99489.94 45.10 31856.64 8
4859529 31.27 99489.98 45.10 32837.35 9
4860029 31.30 99489.83 45.03 33507.85 0
4860528 31.22 99489.97 44.99 760066.81 1
4861778 30.79 99492.98 44.93 674349.69 2
4866026 30.67 99494.79 45.09 646873.00 3
4866776 30.88 99494.30 45.12 122400.19 4
4867525 31.01 99494.61 45.14 120754.72 5
4868025 31.06 99493.73 45.14 119319.51 6
4868775 31.15 99494.71 45.10 30468.94 7
4869525 31.23 99495.30 45.10 31785.45 8
4870275 31.28 99494.64 45.09 32512.06 9
4870774 31.30 99496.38 45.05 33220.87 0
4871274 31.22 99495.48 45.02 752941.19 1
4872524 30.80 99498.91 44.90 667753.50 2
4876772 30.67 99490.59 45.05 643216.06 3
4877521 30.89 99488.87 45.08 121269.54 4
4878271 31.02 99486.89 45.10 120584.08 5
4878771 31.06 99485.65 45.10 119319.51 6
4879521 31.15 99485.91 45.12 30490.71 7
4880271 31.25 99486.02 45.11 31457.36 8
4881020 31.29 99483.20 45.10 32561.69 9
4881770 31.32 99481.93 45.08 33066.39 0
4882020 31.23 99481.90 45.00 752111.63 1
4883269 30.80 99484.29 44.94 667753.50 2
4887518 30.68 99483.98 45.05 640200.06 3
4888267 30.90 99480.28 45.14 120840.22 4
4889017 31.04 99481.82 45.15 119822.14 5
4889517 31.08 99480.20 45.18 118491.09 6
4890267 31.16 99478.68 45.14 30231.46 7
4891016 31.25 99476.95 45.10 31341.82 8
4891766 31.30 99478.29 45.10 32120.45 9
4892516 31.33 99480.86 45.08 32812.10 0
4892766 31.25 99480.58 45.01 740955.13 1
4894015 30.81 99476.87 44.90 660645.19 2
4898263 30.69 99474.63 45.10 633075.75 3
4899013 30.91 99472.18 45.10 120413.92 4
4899763 31.03 99472.53 45.14 119402.98 5
4900263 31.07 99475.62 45.12 117431.20 6
4901012 31.17 99478.26 45.15 30061.06 7
4901762 31.26 99482.13 45.11 31318.82 8
4902512 31.30 99482.62 45.10 31928.16 9
4903261 31.34 99482.09 45.05 32786.89 0
4903511 31.26 99484.15 45.03 736161.06 1
4904761 30.82 99485.66 44.91 654313.13 2
4909009 30.69 99482.20 45.07 630153.88 3
4909759 30.91 99479.88 45.15 119822.14 4
4910508 31.04 99478.91 45.18 118655.85 5
4911008 31.09 99479.56 45.08 116948.38 6
4911758 31.17 99479.98 45.14 29955.54 7
4912508 31.26 99479.92 45.10 31045.36 8
4913257 31.31 99479.67 45.09 32024.02 9
4914007 31.34 99479.55 45.09 32241.81 0
4914257 31.27 99481.05 45.06 728307.25 1
4915507 30.83 99481.85 44.96 649334.19 2
4919755 30.70 99478.34 45.04 623819.69 3
4920504 30.91 99472.97 45.10 119236.14 4
4921254 31.05 99473.25 45.11 118081.18 5
4922004 31.10 99470.89 45.12 117028.57 6
4922504 31.18 99466.45 45.10 29788.22 7
4923253 31.27 99467.86 45.10 30910.41 8
4924003 31.32 99464.11 45.09 31714.57 9
4924753 31.34 99463.48 45.07 32388.66 0
4925003 31.27 99464.62 45.03 722143.88 1
4926252 30.84 99466.35 44.92 643822.69 2
4930501 30.71 99475.77 45.03 620982.44 3
4931250 30.94 99471.66 45.11 118491.09 4
4932000 31.05 99471.23 45.11 117593.02 5
4932750 31.11 99472.34 45.14 115915.78 6
4933250 31.19 99470.28 45.12 29767.44 7
4933999 31.29 99468.95 45.11 30888.03 8
4934749 31.33 99468.02 45.08 31691.01 9
4935499 31.35 99467.90 45.04 32290.62 0
4935749 31.27 99468.38 44.99 717589.38 1
4936998 30.84 99471.17 44.92 642610.63 2
4941246 30.72 99472.27 45.04 618170.81 3
4941996 30.93 99465.83 45.11 118655.85 4
4942746 31.06 99464.87 45.10 117028.57 5
4943496 31.11 99465.79 45.13 115994.56 6
4943995 31.20 99465.12 45.11 29581.70 7
4944745 31.29 99464.95 45.07 30600.05 8
4945495 31.34 99464.17 45.11 31527.09 9
4946245 31.36 99464.97 45.04 32048.07 0
4946495 31.28 99465.70 45.00 714584.81 1
4947744 30.84 99466.59 44.93 638404.00 2
4951992 30.72 99469.45 45.08 615939.88 3
4952742 30.94 99464.59 45.09 117350.45 4
4953492 31.07 99465.87 45.13 116152.45 5
4954241 31.12 99464.42 45.11 114746.75 6
4954741 31.20 99463.26 45.11 29540.73 7
4955491 31.30 99463.05 45.11 30512.52 8
4956241 31.34 99460.88 45.09 31364.86 9
4956990 31.37 99461.47 45.06 32024.02 0
4957240 31.29 99462.05 45.02 706450.50 1
4958490 30.86 99460.50 44.91 633075.75 2
4962738 30.73 99464.41 45.03 610432.19 3
4963487 30.95 99464.23 45.14 115680.07 4
4964237 31.07 99464.77 45.14 115601.72 5
4964987 31.13 99466.43 45.11 114438.98 6
4965487 31.21 99468.95 45.14 29337.61 7
4966236 31.30 99471.82 45.12 30360.53 8
4966986 31.35 99471.88 45.08 31272.90 9
4967736 31.37 99469.80 45.05 31880.45 0
4967986 31.30 99469.98 45.03 700650.00 1
4969486 30.86 99466.34 44.95 627835.69 2
4973484 30.74 99464.76 45.05 606635.06 3
4974234 30.96 99461.55 45.10 115758.53 4
4974983 31.08 99459.45 45.10 115211.52 5
4975733 31.14 99460.32 45.11 113601.06 6
4976233 31.22 99457.80 45.10 29197.08 7
4976983 31.31 99455.92 45.11 30082.26 8
4977732 31.35 99455.02 45.07 30977.73 9
4978482 31.38 99455.23 45.07 31691.01 0
4978732 31.30 99455.35 45.03 697072.81 1
4980231 30.87 99451.16 44.91 624390.25 2
4984230 30.75 99452.65 45.06 604486.44 3
4984979 30.96 99450.27 45.13 115680.07 4
4985729 31.09 99449.58 45.20 114285.71 5
4986479 31.14 99449.80 45.11 113299.41 6
4987229 31.22 99450.41 45.12 29097.52 7
4987728 31.31 99452.29 45.09 30167.33 8
4988478 31.36 99454.45 45.08 30932.82 9
4989228 31.39 99459.59 45.08 31573.75 0
4989478 31.31 99458.70 45.01 693532.00 1
4990977 30.87 99455.59 44.92 622114.19 2
4994975 30.75 99459.87 45.04 602884.88 3
4995725 30.97 99459.62 45.10 115211.52 4
4996475 31.09 99458.41 45.16 114056.59 5
4997225 31.14 99460.56 45.09 113074.20 6
4997974 31.23 99462.38 45.12 29097.52 7
4998474 31.32 99461.22 45.08 30146.02 8
4999224 31.36 99460.88 45.08 30798.85 9
4999974 31.39 99460.23 45.02 31341.82 0
5000224 31.31 99461.24 45.00 688634.81 1
5001723 30.88 99457.33 44.85 618731.13 2
5005721 30.75 99451.39 45.05 596041.94 3
5006471 30.97 99452.20 45.13 114592.66 4
5007221 31.10 99454.89 45.12 113601.06 5
5007971 31.15 99454.78 45.09 112035.01 6
5008720 31.23 99454.22 45.13 28920.02 7
5009220 31.32 99452.95 45.13 29892.57 8
5009970 31.37 99453.86 45.05 30843.37 9
5010720 31.39 99452.77 45.06 31341.82 0
5010969 31.32 99455.20 44.98 681757.69 1
5012469 30.89 99453.29 44.89 609886.81 2
5016467 30.76 99455.30 45.04 592421.19 3
5017217 30.98 99455.72 45.13 113525.50 4
5017967 31.11 99456.37 45.15 113074.20 5
5018716 31.15 99452.91 45.15 112108.60 6
5019466 31.24 99451.50 45.08 28744.67 7
5019966 31.34 99453.69 45.11 29892.57 8
5020716 31.37 99449.51 45.07 30534.35 9
5021466 31.40 99451.68 45.06 31181.49 0
5021715 31.32 99452.49 45.04 677696.88 1
5023215 30.89 99449.77 44.96 610978.50 2
5027213 30.77 99450.45 45.06 591907.50 3
5027963 30.98 99448.66 45.10 113224.23 4
5028712 31.12 99451.16 45.13 112552.21 5
5029462 31.16 99449.40 45.11 110870.51 6
5030212 31.25 99448.63 45.11 28571.43 7
5030712 31.34 99450.42 45.10 29499.88 8
5031462 31.39 99449.22 45.08 30468.94 9
5032211 31.41 99448.34 45.03 31067.96 0
5032461 31.34 99449.81 44.97 677024.81 1
5033961 30.90 99450.58 44.90 606635.06 2
5038209 30.77 99446.48 45.05 589352.50 3
5038708 30.99 99445.77 45.11 113601.06 4
5039458 31.12 99445.45 45.15 112035.01 5
5040208 31.17 99445.23 45.11 110870.51 6
5040958 31.25 99447.79 45.11 28571.43 7
5041707 31.34 99449.73 45.09 29725.96 8
5042207 31.39 99452.03 45.09 30252.89 9
5042957 31.41 99454.20 45.03 30932.82 0
5043207 31.34 99455.99 45.01 671035.38 1
5044706 30.91 99458.50 44.94 603417.81 2
5048954 30.78 99447.16 45.01 586819.50 3
5049454 31.00 99444.26 45.07 112626.48 4
5050204 31.13 99441.57 45.05 111668.48 5
5050954 31.18 99442.80 45.10 110154.91 6
5051704 31.26 99443.33 45.10 28457.09 7
5052453 31.35 99442.10 45.11 29499.88 8
5052953 31.39 99443.55 45.09 30231.46 9
5053703 31.42 99445.08 45.06 30710.17 0
5053953 31.34 99445.91 45.01 666449.75 1
5055452 30.91 99445.66 44.89 598655.38 2
5059700 30.78 99445.08 45.06 581818.19 3
5060200 31.00 99445.78 45.11 111741.59 4
5060950 31.14 99447.53 45.06 111087.00 5
5061699 31.18 99444.27 45.08 109378.34 6
5062449 31.27 99445.34 45.10 28306.06 7
5063199 31.36 99444.88 45.08 29337.61 8
5063699 31.40 99447.06 45.08 30124.73 9
5064448 31.42 99447.02 45.02 30732.29 0
5064698 31.36 99448.05 45.03 661285.13 1
5066198 30.92 99447.28 44.92 598655.38 2
5070446 30.79 99441.85 45.02 577878.13 3
5070946 31.01 99440.15 45.11 111231.80 4
5071695 31.13 99438.97 45.09 110870.51 5
5072445 31.18 99439.32 45.11 109800.55 6
5073195 31.27 99441.78 45.12 28268.55 7
5073945 31.36 99441.93 45.08 29137.26 8
5074444 31.40 99441.30 45.07 29955.54 9
5075194 31.43 99442.04 45.01 30600.05 0
5075444 31.36 99442.84 44.96 658097.69 1
5076943 30.93 99441.66 44.90 591394.75 2
5081192 30.79 99441.99 45.05 576901.44 3
5081692 31.02 99441.97 45.06 111376.98 4
5082441 31.14 99442.43 45.08 110154.91 5
5083191 31.19 99443.84 45.11 109238.32 6
5083941 31.28 99441.88 45.08 28212.47 7
5084691 31.37 99444.33 45.08 29177.11 8
5085190 31.41 99443.27 45.08 29892.57 9
5085940 31.44 99442.98 45.04 30468.94 0
5086190 31.36 99444.80 45.00 655569.81 1
5087689 30.92 99443.12 44.91 592421.19 2
5091937 30.80 99442.84 45.06 574957.88 3
5092687 31.02 99439.70 45.11 110870.51 4
5093187 31.15 99440.31 45.09 110297.29 5
5093937 31.20 99439.30 45.11 108820.41 6
5094687 31.29 99439.19 45.09 28193.83 7
5095436 31.38 99439.87 45.07 29117.38 8
5095936 31.42 99440.56 45.04 29809.04 9
5096686 31.45 99442.49 45.01 30534.35 0
5096936 31.38 99443.42 44.98 653061.25 1
5098435 30.93 99442.61 44.90 587830.06 2
5102683 30.81 99442.37 45.05 572546.81 3
5103433 31.03 99442.91 45.09 110870.51 4
5103933 31.16 99442.63 45.12 110226.05 5
5104683 31.21 99440.71 45.14 108889.84 6
5105432 31.29 99442.95 45.12 27898.87 7
5106182 31.38 99442.30 45.09 29018.36 8
5106932 31.43 99442.55 45.08 29705.27 9
5107432 31.45 99441.23 45.04 30252.89 0
5107682 31.38 99440.66 45.01 647486.56 1
5109181 30.94 99437.29 44.91 586819.50 2
5113429 30.82 99434.40 45.02 570632.50 3
5114179 31.03 99432.60 45.07 110654.85 4
5114679 31.16 99432.34 45.14 109238.32 5
5115428 31.21 99433.67 45.11 108199.49 6
5116178 31.29 99432.30 45.09 27972.03 7
5116928 31.39 99433.04 45.10 28861.33 8
5117678 31.43 99433.82 45.09 29540.73 9
5118177 31.46 99432.07 45.01 30188.68 0
5118427 31.38 99432.45 45.00 643216.06 1
5119927 30.94 99432.23 44.88 581818.19 2
5124175 30.82 99434.50 45.05 565902.19 3
5124925 31.04 99432.24 45.04 110083.85 4
5125425 31.17 99434.73 45.12 108820.41 5
5126174 31.21 99435.47 45.10 107653.49 6
5126924 31.30 99435.81 45.07 27753.69 7
5127674 31.39 99435.85 45.06 28609.75 8
5128423 31.44 99438.69 45.02 29499.88 9
5128923 31.46 99439.52 45.03 30039.90 0
5129423 31.39 99441.08 44.98 637212.19 1
5130673 30.95 99440.22 44.88 578858.13 2
5134921 30.83 99437.31 45.03 562637.38 3
5135670 31.04 99434.12 45.07 109518.72 4
5136170 31.18 99433.90 45.07 108268.13 5
5136920 31.22 99432.88 45.12 107653.49 6
5137670 31.30 99432.88 45.09 27681.66 7
5138420 31.39 99432.30 45.07 28667.41 8
5139169 31.44 99432.54 45.06 29398.25 9
5139669 31.47 99432.24 45.00 29892.57 0
5140169 31.39 99432.32 45.00 639001.56 1
5141418 30.95 99431.98 44.89 575442.56 2
5145666 30.82 99430.19 45.02 561711.44 3
5146416 31.04 99427.89 45.09 108820.41 4
5146916 31.18 99428.06 45.10 107925.80 5
5147666 31.23 99428.16 45.05 106246.11 6
5148415 31.31 99427.88 45.09 27538.73 7
5149165 31.40 99429.82 45.08 28457.09 8
5149915 31.45 99430.33 45.05 29297.32 9
5150415 31.47 99431.80 44.99 29871.64 0
5150914 31.40 99431.94 44.97 629572.69 1
5152164 30.97 99430.57 44.90 574474.06 2
5156412 30.84 99428.09 44.99 558951.94 3
5157162 31.05 99426.71 45.13 108405.67 4
5157912 31.18 99428.34 45.08 107315.03 5
5158411 31.23 99427.85 45.11 106777.89 6
5159161 31.32 99428.06 45.05 27450.14 7
5159911 31.40 99428.45 45.03 28400.27 8
5160660 31.45 99429.27 45.01 29157.18 9
5161410 31.48 99429.99 45.00 29850.75 0
5161660 31.40 99431.09 44.96 631319.38 1
5162910 30.96 99430.54 44.87 571109.88 2
5167158 30.84 99429.32 45.03 557582.38 3
5167907 31.05 99428.13 45.08 108474.58 4
5168657 31.19 99428.41 45.06 107247.59 5
5169157 31.24 99425.61 45.11 106312.29 6
5169907 31.33 99426.06 45.07 27467.81 7
5170656 31.41 99424.52 45.08 28400.27 8
5171406 31.46 99425.43 45.04 29038.11 9
5172156 31.48 99424.30 45.05 29684.60 0
5172406 31.40 99425.91 44.99 627258.81 1
5173655 30.97 99425.54 44.88 569205.13 2
5177903 30.85 99428.58 44.99 553513.50 3
5178653 31.06 99427.78 45.08 107925.80 4
5179403 31.19 99427.37 45.10 106577.85 5
5179903 31.24 99429.59 45.10 105654.15 6
5180652 31.32 99427.70 45.07 27257.24 7
5181402 31.41 99429.23 45.07 28287.29 8
5182152 31.46 99430.62 45.06 29038.11 9
5182902 31.48 99428.39 44.98 29622.77 0
5183152 31.41 99428.91 44.96 622114.19 1
5184401 30.97 99425.94 44.90 563566.31 2
5188649 30.85 99423.89 44.99 551724.13 3
5189399 31.07 99422.04 45.05 107789.48 4
5190149 31.20 99423.31 45.09 106378.55 5
5190648 31.25 99423.13 45.11 105588.78 6
5191398 31.34 99424.61 45.07 27362.12 7
5192148 31.41 99424.02 45.08 28249.83 8
5192898 31.46 99424.23 45.04 29137.26 9
5193647 31.49 99424.95 45.01 29602.22 0
5193897 31.42 99427.32 44.97 623250.13 1
5195147 30.98 99422.52 44.84 566371.69 2
5199395 30.84 99423.49 45.01 553065.06 3
5200145 31.07 99422.74 45.12 107382.55 4
5200895 31.20 99422.30 45.07 106246.11 5
5201394 31.26 99423.88 45.08 105068.75 6
5202144 31.34 99425.61 45.04 27239.84 7
5202894 31.42 99424.23 45.06 28064.02 8
5203643 31.47 99425.38 45.02 28900.43 9
5204393 31.49 99422.96 45.03 29459.15 0
5204643 31.42 99425.49 44.97 618731.13 1
5205893 30.99 99424.66 44.86 561711.44 2
5210141 30.84 99416.41 45.00 548620.44 3
5210891 31.08 99417.52 45.01 106444.91 4
5211640 31.21 99418.10 45.05 105523.49 5
5212390 31.26 99417.43 45.09 105004.10 6
5212890 31.34 99419.32 45.08 27135.89 7
5213640 31.43 99420.80 45.05 28156.62 8
5214389 31.47 99423.09 45.05 28900.43 9
5215139 31.50 99422.77 44.96 29398.25 0
5215389 31.43 99425.01 44.96 612074.13 1
5216639 30.99 99418.67 44.87 559410.00 2
5220887 30.86 99416.23 45.03 544680.88 3
5221636 31.09 99417.19 45.09 106577.85 4
5222386 31.21 99417.56 45.08 105263.16 5
5223136 31.26 99417.08 45.08 104170.91 6
5223636 31.34 99416.96 45.05 27274.66 7
5224386 31.43 99418.52 45.05 27917.12 8
5225135 31.48 99418.85 45.02 28725.31 9
5225885 31.50 99417.41 44.99 29418.53 0
5226135 31.43 99418.87 44.95 613724.88 1
5227384 30.99 99418.59 44.89 555766.63 2
5231632 30.87 99416.91 45.00 544680.88 3
5232382 31.08 99416.46 45.07 106048.05 4
5233132 31.21 99414.81 45.08 105133.47 5
5233881 31.27 99416.63 45.10 103790.80 6
5234381 31.35 99417.23 45.12 27049.87 7
5235131 31.44 99416.92 45.08 27844.25 8
5235881 31.48 99417.02 45.03 28628.94 9
5236631 31.51 99416.26 45.00 29177.11 0
5236881 31.44 99418.45 44.92 608256.63 1
5238130 31.00 99413.59 44.83 552617.38 2
5242378 30.87 99415.23 45.00 544246.63 3
5243128 31.09 99415.02 45.06 105523.49 4
5243878 31.22 99416.06 45.07 105133.47 5
5244627 31.27 99417.42 45.09 103727.71 6
5245127 31.36 99419.73 45.04 26981.45 7
5245877 31.45 99420.05 45.05 27826.09 8
5246627 31.49 99420.61 45.02 28533.21 9
5247376 31.51 99422.33 44.96 29297.32 0
5247626 31.44 99423.64 44.96 609886.81 1
5248876 31.00 99420.89 44.90 553065.06 2
5253124 30.87 99418.08 45.00 540369.38 3
5253874 31.10 99417.81 45.09 105588.78 4
5254624 31.22 99415.96 45.10 104170.91 5
5255373 31.28 99417.85 45.06 103163.41 6
5255873 31.36 99417.23 45.06 26862.54 7
5256623 31.45 99416.09 45.05 27789.84 8
5257373 31.48 99414.63 44.99 28495.10 9
5258122 31.52 99414.55 44.98 29157.18 0
5258373 31.45 99417.23 44.94 605022.19 1
5259872 31.00 99413.65 44.86 548179.88 2
5263870 30.88 99415.08 44.99 537391.75 3
5264620 31.10 99414.61 45.06 105328.13 4
5265369 31.23 99415.15 45.09 103980.50 5
5266119 31.28 99417.57 45.08 103163.41 6
5266619 31.37 99417.45 45.05 26811.90 7
5267369 31.46 99418.92 45.04 27735.64 8
5268119 31.50 99419.36 44.99 28571.43 9
5268868 31.52 99420.22 44.98 29038.11 0
5269118 31.45 99421.90 44.95 603951.63 1
5270618 31.01 99420.27 44.83 547300.94 2
5274616 30.88 99412.66 44.99 537391.75 3
5275365 31.10 99411.93 45.02 105133.47 4
5276115 31.23 99412.83 45.08 103790.80 5
5276865 31.28 99413.53 45.04 103101.09 6
5277615 31.37 99418.42 45.05 26727.92 7
5278114 31.45 99418.13 45.04 27538.73 8
5278864 31.50 99419.09 44.99 28419.18 9
5279614 31.52 99419.91 45.00 28900.43 0
5279864 31.45 99422.73 44.94 599707.19 1
5281363 31.01 99415.94 44.85 543380.19 2
5285362 30.89 99407.32 44.96 533194.50 3
5286111 31.10 99407.61 45.04 104617.90 4
5286861 31.24 99411.28 45.09 104170.91 5
5287611 31.29 99411.99 45.07 102914.57 6
5288360 31.37 99413.83 45.05 26694.47 7
5288860 31.46 99412.08 45.04 27556.51 8
5289610 31.50 99413.39 45.00 28268.55 9
5290360 31.52 99411.93 44.98 28880.87 0
5290610 31.46 99413.39 44.99 595521.94 1
5292109 31.01 99406.96 44.87 541655.63 2
5296107 30.89 99408.08 44.98 534028.69 3
5296857 31.11 99408.28 45.03 104553.80 4
5297607 31.23 99407.70 45.05 103476.15 5
5298356 31.29 99408.02 45.06 102359.05 6
5299106 31.38 99407.13 45.08 26578.07 7
5299606 31.46 99407.43 45.06 27485.51 8
5300356 31.50 99408.70 45.06 28175.21 9
5301106 31.53 99406.18 44.99 28705.99 0
5301356 31.46 99408.84 44.94 590882.88 1
5302855 31.02 99405.99 44.87 541655.63 2
5306853 30.88 99403.59 44.95 528243.50 3
5307603 31.11 99404.63 45.06 103917.19 4
5308353 31.25 99407.11 45.03 103601.78 5
5309102 31.29 99407.49 45.09 101627.63 6
5309852 31.38 99408.97 45.04 26545.00 7
5310352 31.47 99409.88 45.03 27379.68 8
5311101 31.51 99407.16 45.03 28064.02 9
5311851 31.53 99408.57 44.97 28725.31 0
5312101 31.46 99409.49 44.91 590882.88 1
5313600 31.02 99407.70 44.82 539942.00 2
5317599 30.90 99408.84 44.98 529883.56 3
5318348 31.12 99409.27 45.02 103538.93 4
5319098 31.25 99409.78 45.09 103538.93 5
5319848 31.30 99412.32 45.06 101446.41 6
5320598 31.38 99411.26 45.01 26512.01 7
5321097 31.47 99411.41 45.01 27397.26 8
5321847 31.52 99411.49 45.03 28082.49 9
5322597 31.54 99410.22 44.99 28725.31 0
5322847 31.46 99411.74 44.96 590371.88 1
5324346 31.03 99408.41 44.83 537815.13 2
5328344 30.90 99409.28 44.97 526613.50 3
5329094 31.13 99409.81 45.04 103664.71 4
5329844 31.25 99411.02 45.08 102605.21 5
5330594 31.30 99413.02 45.03 101506.74 6
5331343 31.38 99411.20 45.00 26348.29 7
5331843 31.48 99413.40 45.03 27118.64 8
5332593 31.52 99413.08 44.99 27953.70 9
5333343 31.54 99412.46 44.95 28495.10 0
5333593 31.46 99412.89 44.95 592935.75 1
5335092 31.04 99410.23 44.83 535284.88 2
5339340 30.90 99407.23 44.92 526613.50 3
5339840 31.13 99407.17 45.02 103476.15 4
5340590 31.26 99409.27 45.03 102481.98 5
5341340 31.30 99409.41 45.06 101809.51 6
5342089 31.39 99407.44 45.05 26512.01 7
5342589 31.47 99407.80 45.02 27153.16 8
5343339 31.51 99408.35 45.00 28045.57 9
5344089 31.54 99408.31 44.99 28533.21 0
5344339 31.47 99408.35 44.92 584808.69 1
5345838 31.04 99404.51 44.89 534865.50 2
5350086 30.90 99407.23 44.99 524993.56 3
5350586 31.13 99408.74 45.01 103350.83 4
5351336 31.27 99410.99 45.05 101688.18 5
5352086 31.31 99410.08 45.05 100787.40 6
5352835 31.39 99410.46 45.02 26413.54 7
5353585 31.48 99410.32 45.05 27222.46 8
5354085 31.52 99410.20 45.01 27953.70 9
5354834 31.55 99408.08 44.99 28686.69 0
5355084 31.47 99411.20 44.95 586315.50 1
5356584 31.05 99409.34 44.84 532778.38 2
5360832 30.92 99408.71 44.98 522582.28 3
5361332 31.13 99406.62 45.03 103350.83 4
5362081 31.27 99409.28 45.03 102297.70 5
5362831 31.31 99410.00 45.05 100549.88 6
5363581 31.40 99410.50 45.08 26413.54 7
5364331 31.48 99409.09 45.00 27170.45 8
5364830 31.53 99406.84 45.00 27807.95 9
5365580 31.55 99408.17 44.97 28419.18 0
5365830 31.48 99409.51 44.92 581322.75 1
5367329 31.04 99405.60 44.82 530295.19 2
5371578 30.91 99403.85 44.96 519796.97 3
5372077 31.13 99402.88 45.01 102605.21 4
5372827 31.27 99404.84 45.07 101265.82 5
5373577 31.32 99405.53 45.07 100431.54 6
5374327 31.40 99405.09 45.05 26186.58 7
5375076 31.48 99404.95 45.00 27032.73 8
5375576 31.53 99406.21 44.99 27862.43 9
5376326 31.55 99406.28 44.99 28287.29 0
5376576 31.48 99406.83 44.95 579841.44 1
5378075 31.05 99405.88 44.86 529883.56 2
5382323 30.92 99400.30 44.99 520589.72 3
5382823 31.14 99400.53 45.04 101870.27 4
5383573 31.27 99401.41 45.02 101205.77 5
5384323 31.32 99400.59 45.03 100019.53 6
5385073 31.40 99399.28 45.03 26074.56 7
5385822 31.49 99399.73 45.04 26930.36 8
5386322 31.53 99397.40 45.02 27735.64 9
5387072 31.55 99399.95 44.98 28306.06 0
5387322 31.48 99401.42 44.93 579841.44 1
5388821 31.05 99399.56 44.83 525802.31 2
5393069 30.92 99404.07 44.95 517825.53 3
5393569 31.15 99404.90 45.06 102359.05 4
5394319 31.27 99405.45 45.02 100787.40 5
5395069 31.33 99406.54 45.05 99552.79 6
5395818 31.41 99404.32 45.04 26058.63 7
5396568 31.49 99405.03 45.01 26947.37 8
5397068 31.53 99404.80 44.96 27574.32 9
5397818 31.56 99401.89 44.96 28082.49 0
5398068 31.48 99402.97 44.94 577878.13 1
5399567 31.05 99400.41 44.85 526613.50 2
5403815 30.93 99400.48 44.94 515090.53 3
5404565 31.14 99400.84 45.04 102359.05 4
5405065 31.28 99404.75 45.05 101567.15 5
5405814 31.34 99407.24 45.05 99727.30 6
5406564 31.41 99407.05 45.06 25963.49 7
5407314 31.50 99406.45 45.03 26896.41 8
5408064 31.54 99404.23 45.01 27520.96 9
5408563 31.57 99404.81 44.97 28082.49 0
5408813 31.49 99406.06 44.91 575442.56 1
5410313 31.06 99402.96 44.83 524187.34 2
5414561 30.93 99403.84 44.96 514314.41 3
5415311 31.15 99401.63 45.01 101809.51 4
5415810 31.29 99402.67 45.09 100668.50 5
5416560 31.33 99400.71 45.04 99205.58 6
5417310 31.41 99399.64 45.03 25995.13 7
5418060 31.50 99397.36 45.04 26811.90 8
5418809 31.55 99397.66 44.97 27467.81 9
5419309 31.57 99397.81 44.90 28027.15 0
5419559 31.50 99398.73 44.93 570155.88 1
5421058 31.06 99400.02 44.83 523785.16 2
5425307 30.94 99403.46 44.96 512769.16 3
5426057 31.16 99404.87 45.04 101386.14 4
5426556 31.29 99406.20 45.02 100668.50 5
5427306 31.34 99406.87 45.04 99436.78 6
5428056 31.42 99404.84 45.03 25916.18 7
5428806 31.50 99403.92 45.02 26611.23 8
5429555 31.54 99401.28 44.99 27379.68 9
5430055 31.57 99399.56 44.93 27880.64 0
5430305 31.50 99401.52 44.96 568257.50 1
5431804 31.06 99397.48 44.89 518218.63 2
5436053 30.94 99399.27 44.97 510087.19 3
5436802 31.16 99398.68 44.99 101085.88 4
5437302 31.29 99400.98 45.02 99785.62 5
5438052 31.34 99401.07 45.01 98803.55 6
5438802 31.42 99400.31 45.02 25853.36 7
5439552 31.50 99398.26 45.01 26694.47 8
5440301 31.55 99399.23 45.01 27292.11 9
5440801 31.57 99398.31 44.98 27990.38 0
5441301 31.50 99398.64 44.91 565902.19 1
5442550 31.07 99398.78 44.84 516649.84 2
5446799 30.94 99401.98 44.96 509706.31 3
5447548 31.16 99402.21 45.02 100609.16 4
5448048 31.28 99401.54 45.03 100078.19 5
5448798 31.34 99402.24 45.00 98518.38 6
5449548 31.42 99402.37 45.02 25853.36 7
5450297 31.51 99402.16 44.97 26561.53 8
5451047 31.55 99401.34 44.99 27309.58 9
5451547 31.58 99400.20 44.99 27898.87 0
5452047 31.51 99398.71 44.90 566371.69 1
5453296 31.07 99394.43 44.83 516649.84 2
5457544 30.95 99390.88 44.94 510087.19 3
5458294 31.16 99391.85 45.01 101265.82 4
5459044 31.29 99391.94 45.08 99960.95 5
5459544 31.34 99393.09 45.02 98291.42 6
5460293 31.43 99392.70 45.04 25775.27 7
5461043 31.51 99392.05 45.01 26594.64 8
5461793 31.56 99392.26 44.96 27292.11 9
5462293 31.58 99390.74 44.95 27807.95 0
5462792 31.51 99393.81 44.95 564965.50 1
5464042 31.07 99393.17 44.83 514314.41 2
5468290 30.95 99395.99 44.94 506304.09 3
5469040 31.16 99396.00 45.02 100549.88 4
5469790 31.30 99398.77 45.02 99147.95 5
5470289 31.34 99396.40 45.01 98404.77 6
5471039 31.43 99397.13 45.04 25775.27 7
5471789 31.52 99397.59 45.02 26479.11 8
5472539 31.56 99397.56 44.98 27187.77 9
5473288 31.59 99397.79 44.92 27717.63 0
5473538 31.51 99398.44 44.90 561711.44 1
5474788 31.07 99393.63 44.83 512769.16 2
5479036 30.95 99394.58 44.95 505180.06 3
5479786 31.17 99395.16 45.02 100549.88 4
5480535 31.30 99394.30 45.04 98918.09 5
5481035 31.35 99394.48 45.05 98404.77 6
5481785 31.43 99393.26 45.02 25666.73 7
5482535 31.52 99394.45 45.00 26446.28 8
5483284 31.56 99393.98 44.97 27135.89 9
5484034 31.59 99394.30 44.92 27610.01 0
5484284 31.52 99396.90 44.92 559868.75 1
5485533 31.07 99394.05 44.85 512000.00 2
5489782 30.95 99396.80 44.92 504433.50 3
5490531 31.17 99396.70 44.99 100019.53 4
5491281 31.31 99400.67 45.05 99147.95 5
5491781 31.35 99398.70 45.00 97896.75 6
5492531 31.44 99400.69 45.02 25452.38 7
5493280 31.52 99400.84 45.03 26413.54 8
5494030 31.57 99400.77 45.01 27118.64 9
5494780 31.59 99399.82 44.96 27789.84 0
5495030 31.52 99402.00 44.93 559868.75 1
5496279 31.09 99398.02 44.82 513154.59 2
5500527 30.95 99391.71 44.95 507810.56 3
5501277 31.17 99390.84 44.99 100254.55 4
5502027 31.31 99392.47 45.03 98860.78 5
5502527 31.36 99390.40 45.06 97227.50 6
5503276 31.44 99389.99 45.02 25620.50 7
5504026 31.52 99388.31 45.01 26380.87 8
5504776 31.56 99389.69 44.95 27049.87 9
5505526 31.59 99390.18 44.95 27645.79 0
5505776 31.52 99391.20 44.91 556219.44 1
5507025 31.09 99392.43 44.82 508567.16 2
5511273 30.96 99395.01 44.94 500733.50 3
5512023 31.18 99395.33 45.01 99378.88 4
5512773 31.30 99397.88 45.06 98803.55 5
5513272 31.36 99397.09 45.00 97896.75 6
5514022 31.44 99399.19 44.97 25422.04 7
5514772 31.52 99397.91 45.02 26348.29 8
5515521 31.57 99396.71 45.00 26879.46 9
5516271 31.59 99395.99 44.97 27485.51 0
5516521 31.52 99398.08 44.92 555766.63 1
5517771 31.08 99392.29 44.81 509326.03 2
5522019 30.96 99390.89 44.96 501837.78 3
5522769 31.17 99392.20 45.03 99263.28 4
5523518 31.31 99395.32 45.03 98689.28 5
5524018 31.36 99395.75 45.03 97282.92 6
5524768 31.44 99395.00 45.03 25376.69 7
5525517 31.52 99395.03 44.98 26299.57 8
5526267 31.57 99395.50 44.97 26964.40 9
5527017 31.60 99397.16 44.94 27485.51 0
5527267 31.52 99398.34 44.93 555766.63 1
5528516 31.09 99394.72 44.81 504433.50 2
5532765 30.96 99391.02 44.98 499634.06 3
5533514 31.18 99391.02 45.03 99147.95 4
5534264 31.31 99391.70 45.03 98234.84 5
5535014 31.36 99390.31 45.05 96786.39 6
5535514 31.44 99386.34 45.01 25406.91 7
5536263 31.53 99388.95 44.99 26251.03 8
5537013 31.57 99387.73 45.00 26845.64 9
5537763 31.60 99385.80 44.96 27450.14 0
5538013 31.53 99388.31 44.93 550389.69 1
5539262 31.09 99387.45 44.83 502946.97 2
5543510 30.96 99387.95 44.93 498175.63 3
5544260 31.18 99388.78 44.97 99205.58 4
5545010 31.32 99390.91 45.03 97952.94 5
5545759 31.37 99391.75 45.01 96896.29 6
5546259 31.45 99389.85 44.99 25331.49 7
5547009 31.53 99388.24 45.02 26267.19 8
5547759 31.57 99387.75 44.97 26694.47 9
5548508 31.61 99389.93 44.95 27485.51 0
5548759 31.53 99390.79 44.89 546424.75 1
5550008 31.09 99390.53 44.84 505180.06 2
5554256 30.97 99390.87 44.97 494925.09 3
5555006 31.19 99391.46 45.03 98632.25 4
5555756 31.32 99392.28 45.02 98404.77 5
5556505 31.37 99393.34 45.02 97282.92 6
5557005 31.45 99389.98 45.03 25316.46 7
5557755 31.53 99388.73 44.97 26218.76 8
5558504 31.58 99389.07 44.99 26862.54 9
5559254 31.61 99390.71 44.94 27362.12 0
5559504 31.53 99391.66 44.92 549946.31 1
5560754 31.10 99394.00 44.81 502946.97 2
5565002 30.97 99396.27 44.93 495284.16 3
5565752 31.19 99398.34 44.97 98518.38 4
5566501 31.32 99400.30 45.05 97560.98 5
5567251 31.37 99400.38 45.02 96731.53 6
5567751 31.45 99399.20 45.05 25271.47 7
5568501 31.54 99398.02 45.00 26090.50 8
5569250 31.59 99398.09 44.97 26711.19 9
5570000 31.61 99398.15 44.95 27450.14 0
5570250 31.54 99397.63 44.91 545115.81 1
5571749 31.10 99394.00 44.81 502206.97 2
5575747 30.98 99391.71 44.91 496364.53 3
5576497 31.19 99390.75 45.01 98575.28 4
5577247 31.33 99392.11 45.02 97449.56 5
5577997 31.37 99389.84 44.98 96622.01 6
5578496 31.45 99388.48 45.03 25226.65 7
5579246 31.54 99384.16 44.97 26122.45 8
5579996 31.59 99381.42 45.01 26761.45 9
5580746 31.61 99379.39 44.94 27414.86 0
5580995 31.54 99379.97 44.92 545551.44 1
5582495 31.10 99382.34 44.84 501469.16 2
5586493 30.97 99384.73 44.94 493493.97 3
5587243 31.20 99387.07 44.99 98461.54 4
5587992 31.32 99389.21 45.02 96676.73 5
5588742 31.38 99392.05 45.00 96186.36 6
5589492 31.46 99389.69 44.99 25241.57 7
5589992 31.54 99389.33 44.99 25979.30 8
5590742 31.59 99388.94 44.96 26611.23 9
5591492 31.61 99389.38 44.90 27205.10 0
5591742 31.54 99390.16 44.91 545987.75 1
5593241 31.10 99390.43 44.78 498539.44 2
5597239 30.98 99390.20 44.94 491716.69 3
5597989 31.20 99392.30 44.99 98178.33 4
5598739 31.32 99391.30 44.99 97282.92 5
5599488 31.37 99388.43 44.99 95808.38 6
5600238 31.46 99390.71 45.00 25152.29 7
5600738 31.54 99389.88 44.99 25931.93 8
5601488 31.59 99392.00 44.96 26611.23 9
5602237 31.61 99392.55 44.91 27135.89 0
5602487 31.54 99394.63 44.91 540369.38 1
5603987 31.11 99392.07 44.80 496725.69 2
5607985 30.98 99392.02 44.92 492071.13 3
5608735 31.20 99393.88 44.99 98518.38 4
5609484 31.33 99396.41 45.02 97006.45 5
5610234 31.38 99394.18 45.03 96024.01 6
5610984 31.46 99395.11 45.00 25152.29 7
5611484 31.55 99393.39 44.98 25837.71 8
5612233 31.59 99391.89 44.97 26644.46 9
5612983 31.62 99393.45 44.94 27362.12 0
5613233 31.55 99393.95 44.91 544680.88 1
5614732 31.10 99392.66 44.83 499268.66 2
5618731 30.98 99395.44 44.93 493850.97 3
5619480 31.20 99397.78 44.94 97728.57 4
5620230 31.33 99397.91 45.00 97560.98 5
5620980 31.38 99397.84 44.99 95380.03 6
5621730 31.46 99396.75 45.01 25152.29 7
5622230 31.55 99396.24 45.01 25916.18 8
5622979 31.59 99395.34 44.95 26611.23 9
5623729 31.61 99393.12 44.93 27135.89 0
5623979 31.54 99394.33 44.87 541226.19 1
5625478 31.11 99394.66 44.82 497812.34 2
5629477 30.98 99384.45 44.95 491716.69 3
5630226 31.20 99385.57 44.96 97728.57 4
5630976 31.34 99389.52 45.02 96458.18 5
5631726 31.38 99389.74 45.06 95808.38 6
5632476 31.46 99391.48 44.99 25167.13 7
5632976 31.55 99391.70 44.97 25853.36 8
5633725 31.59 99393.24 44.94 26561.53 9
5634475 31.62 99392.91 44.92 27101.42 0
5634725 31.55 99394.72 44.86 540797.44 1
5636224 31.12 99394.82 44.80 493850.97 2
5640472 30.98 99384.51 44.94 489600.75 3
5640972 31.21 99385.03 44.98 97449.56 4
5641722 31.34 99384.77 45.01 96676.73 5
5642472 31.38 99385.05 44.95 95970.01 6
5643222 31.47 99387.12 44.97 24873.69 7
5643721 31.55 99388.52 44.96 25713.14 8
5644471 31.60 99389.59 44.94 26364.57 9
5645221 31.63 99388.10 44.90 26947.37 0
5645471 31.55 99389.36 44.89 536547.00 1
5646970 31.12 99387.72 44.77 493493.97 2
5651219 30.99 99383.52 44.91 487155.09 3
5651719 31.21 99385.30 45.04 97560.98 4
5652468 31.34 99388.07 45.04 96294.91 5
5653218 31.38 99387.95 45.01 96024.01 6
5653968 31.47 99386.35 44.98 24815.82 7
5654717 31.55 99385.87 44.96 25775.27 8
5655217 31.60 99386.94 44.98 26462.68 9
5655967 31.62 99387.48 44.92 27101.42 0
5656217 31.55 99389.20 44.88 536547.00 1
5657716 31.12 99386.02 44.79 492071.13 2
5661964 30.99 99386.52 44.88 489249.88 3
5662464 31.21 99387.31 44.96 97061.61 4
5663214 31.34 99388.94 44.99 96132.18 5
5663964 31.39 99391.60 44.99 94744.63 6
5664713 31.47 99390.92 44.98 24902.72 7
5665463 31.55 99389.58 44.98 25775.27 8
5665963 31.61 99390.48 44.91 26348.29 9
5666713 31.63 99387.96 44.90 26947.37 0
5666963 31.55 99390.16 44.88 536969.06 1
5668462 31.13 99390.48 44.78 491716.69 2
5672710 31.00 99388.42 44.94 488200.25 3
5673210 31.21 99390.69 44.96 97282.92 4
5673960 31.34 99392.18 44.99 95700.94 5
5674710 31.39 99394.14 44.98 94692.06 6
5675459 31.47 99391.02 45.00 24786.99 7
5676209 31.55 99390.91 45.01 25759.71 8
5676709 31.61 99390.63 44.93 26413.54 9
5677459 31.63 99388.84 44.90 27015.62 0
5677709 31.55 99390.44 44.86 532778.38 1
5679208 31.13 99390.49 44.75 492071.13 2
5683456 31.00 99391.12 44.90 486460.81 3
5683956 31.21 99390.07 44.97 96786.39 4
5684706 31.34 99393.53 44.97 96294.91 5
5685455 31.39 99392.41 44.99 95167.29 6
5686205 31.47 99391.07 44.97 24873.69 7
5686955 31.56 99388.71 44.98 25759.71 8
5687455 31.61 99388.65 44.94 26380.87 9
5688204 31.63 99386.05 44.91 26879.46 0
5688454 31.55 99387.52 44.92 529883.56 1
5689954 31.13 99386.91 44.76 489952.16 2
5694202 31.00 99389.08 44.93 480977.00 3
5694702 31.21 99391.24 44.95 96951.34 4
5695452 31.34 99393.09 45.01 95540.21 5
5696201 31.39 99394.63 45.01 94587.10 6
5696951 31.48 99395.50 44.99 24888.20 7
5697701 31.57 99396.05 44.96 25666.73 8
5698201 31.61 99397.75 44.96 26364.57 9
5698950 31.63 99399.19 44.92 27015.62 0
5699200 31.56 99401.82 44.89 528652.56 1
5700700 31.13 99404.63 44.77 488899.50 2
5704948 31.00 99401.55 44.94 482677.34 3
5705448 31.22 99400.64 44.98 96622.01 4
5706198 31.34 99400.92 45.01 95593.73 5
5706947 31.40 99402.23 45.01 94692.06 6
5707697 31.48 99402.17 45.01 24902.72 7
5708447 31.56 99399.30 44.96 25666.73 8
5708947 31.61 99398.23 44.96 26090.50 9
5709696 31.63 99397.41 44.91 26845.64 0
5709946 31.57 99399.16 44.86 529883.56 1
5711446 31.13 99392.74 44.74 487851.34 2
5715694 31.00 99395.23 44.93 482677.34 3
5716194 31.23 99397.92 44.94 96458.18 4
5716943 31.35 99400.88 45.01 95114.25 5
5717693 31.40 99401.84 44.99 94902.69 6
5718443 31.48 99400.69 45.00 24686.60 7
5719192 31.56 99396.97 44.98 25543.80 8
5719692 31.62 99399.24 44.93 26202.66 9
5720442 31.64 99400.48 44.90 26761.45 0
5720692 31.57 99400.70 44.87 530295.19 1
5722191 31.13 99396.14 44.78 487155.09 2
5726440 31.00 99396.47 44.91 483018.88 3
5727189 31.22 99397.73 44.98 96622.01 4
5727689 31.36 99399.02 45.01 95754.63 5
5728439 31.40 99399.28 45.03 93962.20 6
5729189 31.49 99399.80 44.98 24743.86 7
5729938 31.57 99399.33 44.98 25559.11 8
5730438 31.61 99400.51 44.94 26170.52 9
5731188 31.64 99401.23 44.92 26778.24 0
5731438 31.57 99403.52 44.87 530295.19 1
5732937 31.13 99404.34 44.76 486114.41 2
5737185 31.01 99406.66 44.88 483360.88 3
5737935 31.23 99406.46 44.95 96403.69 4
5738435 31.36 99406.94 44.96 95593.73 5
5739185 31.40 99405.92 45.01 94221.57 6
5739935 31.48 99404.70 44.99 24801.39 7
5740684 31.57 99403.41 44.95 25498.01 8
5741434 31.61 99403.61 44.95 26251.03 9
5741934 31.64 99405.75 44.90 26694.47 0
5742184 31.57 99406.92 44.85 527020.06 1
5743683 31.14 99406.80 44.79 482336.31 2
5747931 31.01 99396.35 44.87 479625.28 3
5748681 31.23 99394.46 45.00 96349.27 4
5749181 31.36 99390.36 44.96 94849.95 5
5749931 31.41 99386.91 44.95 93910.49 6
5750680 31.49 99383.02 44.97 24643.82 7
5751430 31.57 99385.25 44.95 25422.04 8
5752180 31.62 99387.34 44.93 26042.73 9
5752680 31.64 99391.79 44.88 26661.11 0
5752930 31.57 99393.31 44.89 526207.63 1
5754429 31.14 99402.27 44.76 485423.09 2
5758677 31.01 99406.33 44.94 480638.34 3
5759427 31.23 99403.47 44.98 96186.36 4
5759927 31.36 99403.98 44.98 94902.69 5
5760676 31.40 99400.78 44.98 92020.13 6
5761426 31.49 99398.43 45.01 24700.89 7
5762176 31.57 99396.66 44.95 25301.44 8
5762925 31.62 99397.95 44.92 25947.70 9
5763425 31.65 99402.20 44.92 26512.01 0
5763675 31.57 99404.09 44.92 525802.31 1
5765175 31.14 99404.38 44.79 483018.88 2
5769423 31.01 99399.12 44.91 478616.50 3
5770172 31.23 99399.58 44.94 96567.34 4
5770672 31.37 99399.71 44.99 94325.72 5
5771422 31.41 99398.75 45.01 94117.65 6
5772172 31.50 99397.25 44.98 24530.47 7
5772921 31.58 99397.05 44.97 25361.60 8
5773671 31.63 99395.55 44.95 25947.70 9
5774171 31.65 99396.95 44.91 26578.07 0
5774421 31.57 99398.36 44.88 523383.59 1
5775920 31.14 99400.79 44.76 480977.00 2
5780169 31.01 99397.20 44.93 479288.56 3
5780918 31.23 99396.71 45.00 95326.76 4
5781418 31.36 99397.05 44.99 94744.63 5
5782168 31.41 99397.42 44.96 91921.01 6
5782917 31.49 99396.23 44.99 24572.86 7
5783667 31.58 99396.63 44.99 25346.54 8
5784417 31.63 99394.38 44.93 25916.18 9
5784917 31.65 99394.13 44.88 26561.53 0
5785167 31.58 99394.09 44.87 524187.34 1
5786666 31.14 99393.30 44.78 478952.28 2
5790914 31.02 99391.48 44.90 477278.03 3
5791664 31.24 99393.63 44.98 95114.25 4
5792164 31.37 99394.30 45.03 92219.02 5
5792914 31.41 99396.24 44.96 91921.01 6
5793663 31.49 99398.38 45.02 24530.47 7
5794413 31.59 99399.42 44.96 25301.44 8
5795163 31.63 99401.38 44.97 25979.30 9
5795662 31.65 99401.31 44.91 26512.01 0
5796162 31.57 99401.50 44.84 518612.31 1
5797412 31.15 99402.26 44.80 476944.56 2
5801660 31.02 99404.14 44.90 476944.56 3
5802410 31.24 99406.16 44.97 94955.49 4
5802909 31.37 99405.91 44.99 94221.57 5
5803659 31.41 99406.95 44.97 91330.72 6
5804409 31.50 99406.06 45.00 24544.58 7
5805159 31.59 99405.95 44.99 25346.54 8
5805908 31.63 99406.09 44.97 26074.56 9
5806408 31.65 99404.11 44.92 26446.28 0
5806908 31.58 99407.39 44.85 519401.47 1
5808158 31.15 99404.35 44.82 475284.28 2
5812406 31.02 99392.96 44.94 476944.56 3
5813155 31.23 99391.59 44.94 95326.76 4
5813655 31.37 99390.87 45.02 92318.79 5
5814405 31.41 99390.42 45.00 91526.63 6
5815155 31.50 99390.37 44.98 24587.02 7
5815905 31.59 99390.05 44.97 25271.47 8
5816654 31.63 99394.68 44.92 25853.36 9
5817154 31.66 99395.81 44.90 26364.57 0
5817654 31.58 99396.81 44.88 517433.06 1
5818904 31.16 99397.23 44.80 476611.59 2
5823152 31.02 99403.09 44.89 472979.22 3
5823901 31.24 99406.05 44.97 94955.49 4
5824651 31.37 99410.70 44.96 93962.20 5
5825151 31.42 99413.87 44.98 91330.72 6
5825901 31.50 99413.56 44.96 24446.14 7
5826650 31.59 99412.51 44.99 25226.65 8
5827400 31.63 99409.75 44.95 25822.07 9
5827900 31.66 99410.71 44.93 26332.03 0
5828400 31.59 99412.73 44.90 515479.50 1
5829649 31.14 99407.19 44.78 474953.63 2
5833897 31.02 99403.83 44.93 471672.03 3
5834647 31.25 99404.83 44.98 94797.26 4
5835397 31.37 99404.45 44.99 94325.72 5
5835897 31.42 99404.28 45.01 91233.07 6
5836647 31.50 99404.09 45.02 24404.20 7
5837396 31.59 99403.16 44.96 25152.29 8
5838146 31.64 99403.95 44.95 25853.36 9
5838896 31.66 99404.46 44.94 26479.11 0
5839146 31.59 99404.98 44.84 518612.31 1
5840395 31.15 99404.09 44.75 474293.66 2
5844644 31.02 99404.09 44.92 471998.16 3
5845393 31.25 99407.35 44.97 94587.10 4
5846143 31.38 99409.38 45.01 93962.20 5
5846643 31.42 99408.13 45.02 91428.57 6
5847393 31.51 99407.66 44.99 24306.88 7
5848142 31.59 99404.03 44.99 25167.13 8
5848892 31.64 99401.81 44.93 25759.71 9
5849642 31.66 99402.00 44.90 26380.87 0
5849892 31.59 99403.50 44.89 515090.53 1
5851141 31.16 99411.59 44.78 472979.22 2
5855389 31.03 99407.08 44.91 471672.03 3
5856139 31.25 99406.65 44.94 94430.10 4
5856889 31.38 99408.94 45.03 92318.79 5
5857389 31.43 99406.67 44.98 91233.07 6
5858139 31.51 99404.32 44.95 24306.88 7
5858888 31.59 99403.71 44.99 25167.13 8
5859638 31.64 99402.93 44.95 25744.17 9
58