=~=~=~=~=~=~=~=~=~=~=~= PuTTY log 2024.11.22 01:17:56 =~=~=~=~=~=~=~=~=~=~=~=
4365723 29.91 99482.89 36.60 2124481.25 3
4366223 30.14 99486.83 36.70 313341.50 4
4366972 30.26 99491.67 36.78 314206.81 5
4367722 30.31 99493.50 36.82 314206.81 6
4368472 30.40 99500.72 36.84 71628.43 7
4369222 30.49 99504.42 36.85 72727.27 8
4369721 30.54 99510.21 36.87 73478.76 9
4370471 30.57 99514.81 36.85 73605.52 0
4370721 30.50 99516.74 36.90 2560800.25 1
4372220 30.09 99519.82 36.72 2103209.25 2
4376469 30.00 99530.86 37.18 1754551.25 3
4376969 30.22 99531.66 37.24 271690.09 4
4377718 30.35 99534.72 37.32 275416.91 5
4378468 30.40 99536.81 37.31 274751.81 6
4379218 30.49 99537.59 37.32 64000.00 7
4379967 30.58 99543.79 37.33 65624.20 8
4380467 30.63 99544.81 37.35 65826.69 9
4381217 30.66 99545.34 37.36 66235.45 0
4381467 30.60 99548.23 37.28 2116249.00 1
4382966 30.18 99549.11 37.40 1769330.50 2
4387215 30.08 99570.20 37.66 1515914.13 3
4387715 30.30 99571.05 37.71 245504.67 4
4388464 30.43 99575.05 37.71 246746.98 5
4389214 30.49 99577.75 37.75 247462.55 6
4389964 30.56 99582.30 37.77 58195.04 7
4390713 30.66 99583.35 37.77 59576.45 8
4391213 30.70 99582.96 37.76 60420.11 9
4391963 30.73 99587.02 37.77 60634.77 0
4392213 30.66 99587.52 37.86 1803213.75 1
4393712 30.26 99591.20 37.77 1526080.50 2
4397960 30.14 99601.24 38.02 1316195.38 3
4398460 30.37 99604.94 38.01 221309.70 4
4399210 30.50 99609.83 38.11 225252.97 5
4399960 30.55 99613.71 38.09 226148.41 6
4400710 30.64 99618.18 38.12 53388.95 7
4401459 30.73 99626.24 38.12 54479.68 8
4401959 30.77 99626.88 38.14 55363.32 9
4402709 30.80 99629.40 38.12 55761.27 0
4402959 30.72 99629.22 38.09 1562762.25 1
4404458 30.32 99633.43 37.99 1320012.88 2
4408706 30.21 99640.91 38.28 1178705.00 3
4409206 30.44 99643.13 38.39 204840.97 4
4409956 30.57 99645.88 38.42 208724.02 5
4410706 30.62 99645.41 38.41 207707.91 6
4411455 30.71 99650.45 38.47 49660.52 7
4412205 30.79 99647.59 38.45 50783.57 8
4412705 30.84 99649.41 38.45 51832.36 9
4413455 30.87 99652.10 38.44 52053.68 0
4413705 30.79 99651.85 38.46 1358090.13 1
4415204 30.38 99648.12 38.33 1178705.00 2
4419452 30.28 99659.34 38.61 1058124.50 3
4419952 30.50 99661.38 38.67 185641.77 4
4420702 30.63 99664.90 38.74 192481.20 5
4421451 30.68 99668.53 38.72 194344.28 6
4422201 30.77 99669.95 38.72 45519.20 7
4422951 30.86 99672.54 38.72 46766.53 8
4423451 30.90 99675.08 38.75 48475.67 9
4424200 30.93 99678.45 38.71 48920.31 0
4424450 30.86 99679.05 38.76 1224148.25 1
4425950 30.44 99681.85 38.61 1071409.88 2
4430198 30.34 99698.16 38.92 979201.50 3
4430698 30.56 99700.27 38.94 175162.50 4
4431447 30.69 99701.67 38.97 178086.95 5
4432197 30.74 99704.59 38.98 179397.34 6
4432947 30.82 99707.77 38.97 43301.76 7
4433697 30.91 99709.65 38.99 44244.73 8
4434197 30.96 99712.34 38.97 44991.21 9
4434946 30.99 99712.13 38.95 45133.99 0
4435196 30.92 99713.21 38.95 1104340.75 1
4436696 30.50 99712.64 38.87 968779.56 2
4440944 30.39 99727.52 39.08 896280.06 3
4441444 30.61 99727.88 39.17 164524.42 4
4442193 30.75 99731.22 39.26 167101.83 5
4442943 30.79 99730.40 39.14 170099.67 6
4443693 30.87 99732.53 39.20 40583.39 7
4444442 30.97 99734.68 39.21 41939.71 8
4444942 31.01 99733.98 39.19 42652.45 9
4445692 31.04 99735.96 39.17 43083.14 0
4445942 30.97 99735.96 39.18 1005153.38 1
4447441 30.56 99737.48 39.03 893932.75 2
4451689 30.45 99745.30 39.31 836943.19 3
4452189 30.67 99747.25 39.38 156383.63 4
4452939 30.79 99747.20 39.41 159601.00 5
4453689 30.84 99749.94 39.39 161412.36 6
4454438 30.93 99751.34 39.39 38988.73 7
4455188 31.02 99753.27 39.38 40050.06 8
4455688 31.07 99754.93 39.38 40622.02 9
4456438 31.09 99758.77 39.35 41250.40 0
4456688 31.02 99759.91 39.32 941392.81 1
4458187 30.61 99767.44 39.25 840032.81 2
4462435 30.50 99760.67 39.43 785878.75 3
4462935 30.71 99760.24 39.55 149401.81 4
4463685 30.84 99762.49 39.54 153018.53 5
4464435 30.89 99761.13 39.54 154823.11 6
4465184 30.98 99761.98 39.56 37613.87 7
4465934 31.07 99764.10 39.56 38254.63 8
4466434 31.12 99763.65 39.56 39024.39 9
4467183 31.14 99767.35 39.54 39421.00 0
4467433 31.07 99766.93 39.50 869454.44 1
4468933 30.66 99769.85 39.41 781828.56 2
4473181 30.55 99765.58 39.59 736161.06 3
4473681 30.76 99765.89 39.70 143256.86 4
4474430 30.89 99766.36 39.74 146453.09 5
4475180 30.95 99768.05 39.71 147592.97 6
4475930 31.03 99769.33 39.75 35934.87 7
4476680 31.12 99771.13 39.73 36898.24 8
4477180 31.16 99774.14 39.68 37547.67 9
4477929 31.19 99773.14 39.67 38049.94 0
4478179 31.13 99774.77 39.61 810607.56 1
4479679 30.70 99775.79 39.57 732213.06 2
4483927 30.60 99783.66 39.73 703538.31 3
4484427 30.81 99784.28 39.80 138042.59 4
4485176 30.94 99785.54 39.84 141241.38 5
4485926 30.99 99788.23 39.85 143136.70 6
4486676 31.07 99789.14 39.84 34707.16 7
4487425 31.16 99792.30 39.85 35516.09 8
4487925 31.20 99792.58 39.86 36363.64 9
4488675 31.24 99791.88 39.81 36739.38 0
4488925 31.15 99790.29 39.71 764321.69 1
4490424 30.74 99792.84 39.62 695652.19 2
4494672 30.63 99804.64 39.95 671035.38 3
4495172 30.85 99800.92 39.98 133090.72 4
4495922 30.98 99800.91 39.99 136715.63 5
4496672 31.03 99800.24 39.96 138941.66 6
4497421 31.11 99799.61 39.95 33693.08 7
4498171 31.20 99800.73 39.96 34427.11 8
4498671 31.25 99799.50 39.96 35222.89 9
4499421 31.28 99798.63 39.89 35605.01 0
4499671 31.21 99798.17 39.90 720619.31 1
4501170 30.80 99797.18 39.80 663212.44 2
4505418 30.68 99799.77 39.92 643822.69 3
4505918 30.89 99799.53 40.07 128967.26 4
4506668 31.02 99800.88 40.10 132676.86 5
4507417 31.07 99802.84 40.06 134878.81 6
4508167 31.16 99802.40 40.07 32636.41 7
4508917 31.24 99804.94 40.05 33586.98 8
4509417 31.30 99807.17 40.06 34206.31 9
4510166 31.32 99810.63 40.04 34707.16 0
4510416 31.25 99811.92 39.98 683806.38 1
4511916 30.81 99807.46 39.91 634841.94 2
4516164 30.70 99806.95 40.14 626108.25 3
4516664 30.93 99806.25 40.16 125459.45 4
4517413 31.06 99805.20 40.14 128869.88 5
4518163 31.12 99807.55 40.17 131248.39 6
4518913 31.19 99807.98 40.18 31976.02 7
4519662 31.28 99812.09 40.14 32586.56 8
4520162 31.34 99816.55 40.14 33376.79 9
4520912 31.36 99814.64 40.12 33719.70 0
4521162 31.28 99815.59 40.10 656831.31 1
4522661 30.86 99811.88 40.03 610978.50 2
4526909 30.75 99803.58 40.18 606635.06 3
4527409 30.97 99804.73 40.22 121962.84 4
4528159 31.10 99804.68 40.27 125829.45 5
4528909 31.16 99807.55 40.23 126764.05 6
4529658 31.23 99806.85 40.23 30977.73 7
4530408 31.33 99809.22 40.23 31809.14 8
4530908 31.37 99810.36 40.20 32413.27 9
4531657 31.39 99812.41 40.18 33066.39 0
4531907 31.32 99811.88 40.14 626683.00 1
4533407 30.90 99811.81 40.10 589861.75 2
4537655 30.79 99803.13 40.20 587324.38 3
4538155 31.01 99802.43 40.29 118986.75 4
4538904 31.14 99800.27 40.31 122576.01 5
4539654 31.19 99801.91 40.31 124634.86 6
4540404 31.27 99802.52 40.27 30644.00 7
4541154 31.36 99804.02 40.27 31411.04 8
4541654 31.40 99804.53 40.25 31714.57 9
4542403 31.43 99802.59 40.24 32413.27 0
4542653 31.35 99803.25 40.20 601291.81 1
4544153 30.92 99803.69 40.05 570155.88 2
4548401 30.82 99809.96 40.29 566371.69 3
4548900 31.03 99809.25 40.36 116788.32 4
4549650 31.17 99810.33 40.35 119654.13 5
4550400 31.21 99810.43 40.35 122576.01 6
4551150 31.30 99811.92 40.34 29663.96 7
4551899 31.39 99812.64 40.35 30644.00 8
4552399 31.44 99813.82 40.32 31090.60 9
4553149 31.46 99815.42 40.31 31809.14 0
4553399 31.39 99815.63 40.33 585812.38 1
4554898 30.96 99811.38 40.22 553065.06 2
4559147 30.86 99799.91 40.37 555314.56 3
4559896 31.07 99798.19 40.42 114515.77 4
4560396 31.20 99797.30 40.33 117755.29 5
4561146 31.25 99798.59 40.36 120329.02 6
4561895 31.34 99800.91 40.38 29378.01 7
4562645 31.42 99800.62 40.37 29892.57 8
4563145 31.46 99800.16 40.35 30600.05 9
4563895 31.50 99801.58 40.33 31090.60 0
4564145 31.42 99800.34 40.34 563566.31 1
4565644 31.00 99795.80 40.29 537815.13 2
4569892 30.88 99790.63 40.37 543380.19 3
4570642 31.10 99790.38 40.40 112182.30 4
4571142 31.23 99792.78 40.43 115133.80 5
4571892 31.29 99791.49 40.45 117593.02 6
4572641 31.37 99792.17 40.44 28920.02 7
4573391 31.45 99790.80 40.40 29602.22 8
4574141 31.50 99787.70 40.38 30061.06 9
4574641 31.52 99791.82 40.38 30447.19 0
4574891 31.45 99791.52 40.28 546424.75 1
4576390 31.02 99793.37 40.24 525802.31 2
4580638 30.91 99795.84 40.46 527427.25 3
4581388 31.13 99793.78 40.45 110226.05 4
4581888 31.26 99794.09 40.49 113980.41 5
4582637 31.32 99793.01 40.47 116390.09 6
4583387 31.39 99790.52 40.46 28400.27 7
4584137 31.48 99788.12 40.44 29038.11 8
4584886 31.52 99783.85 40.43 29746.69 9
4585386 31.55 99785.45 40.40 30167.33 0
4585636 31.48 99787.05 40.34 530295.19 1
4587136 31.05 99786.27 40.26 511616.28 2
4591384 30.93 99791.05 40.43 520987.03 3
4592134 31.16 99790.13 40.48 108336.86 4
4592633 31.29 99788.97 40.50 111668.48 5
4593383 31.34 99785.66 40.51 113525.50 6
4594133 31.42 99781.31 40.49 27972.03 7
4594883 31.50 99777.18 40.46 28609.75 8
4595632 31.55 99776.80 40.45 29337.61 9
4596132 31.57 99774.85 40.40 29705.27 0
4596382 31.50 99776.73 40.34 519401.47 1
4597881 31.08 99776.45 40.26 501469.16 2
4602130 30.97 99771.16 40.43 505928.84 3
4602879 31.18 99770.98 40.50 106511.34 4
4603379 31.32 99771.01 40.51 110083.85 5
4604129 31.37 99771.02 40.52 113450.03 6
4604879 31.45 99769.87 40.47 27717.63 7
4605628 31.53 99770.28 40.47 28249.83 8
4606378 31.57 99768.86 40.45 28802.88 9
4606878 31.61 99768.67 40.42 29177.11 0
4607128 31.54 99770.01 40.44 508188.59 1
4608628 31.10 99767.93 40.28 490304.03 2
4612876 30.98 99770.16 40.45 497087.38 3
4613625 31.21 99770.64 40.49 104746.32 4
4614125 31.34 99770.95 40.55 108751.06 5
4614875 31.39 99772.32 40.53 111522.55 6
4615625 31.47 99773.59 40.50 27170.45 7
4616375 31.55 99773.55 40.52 27862.43 8
4617124 31.60 99770.17 40.47 28476.08 9
4617624 31.63 99768.37 40.42 28861.33 0
4618124 31.55 99768.05 40.42 498903.78 1
4619374 31.13 99765.61 40.34 479962.50 2
4623622 31.02 99754.95 40.56 490656.44 3
4624371 31.23 99757.40 40.49 104939.54 4
4624871 31.36 99758.08 40.52 107721.44 5
4625621 31.41 99756.58 40.51 110083.85 6
4626371 31.49 99755.23 40.52 27049.87 7
4627121 31.58 99753.84 40.53 27503.22 8
4627870 31.63 99752.16 40.50 28175.21 9
4628370 31.65 99753.15 40.45 28514.15 0
4628870 31.58 99753.80 40.41 486114.41 1
4630120 31.15 99750.83 40.34 473964.38 2
4634368 31.04 99741.30 40.46 484389.78 3
4635117 31.26 99741.80 40.46 103163.41 4
4635617 31.38 99742.38 40.53 107112.97 5
4636367 31.43 99742.00 40.58 109168.45 6
4637117 31.52 99742.87 40.49 26661.11 7
4637867 31.61 99743.23 40.52 27239.84 8
4638616 31.65 99742.13 40.49 27862.43 9
4639116 31.68 99742.20 40.44 28156.62 0
4639616 31.60 99741.83 40.37 474623.41 1
4640865 31.18 99743.78 40.27 460224.72 2
4645114 31.05 99741.95 40.42 476279.06 3
4645863 31.28 99738.15 40.54 101205.77 4
4646363 31.41 99737.04 40.56 105523.49 5
4647113 31.46 99734.59 40.54 107315.03 6
4647863 31.54 99733.55 40.48 26364.57 7
4648612 31.63 99733.95 40.46 26947.37 8
4649362 31.67 99734.61 40.47 27467.81 9
4649862 31.70 99734.55 40.40 27935.40 0
4650362 31.62 99732.17 40.46 464926.22 1
4651611 31.20 99732.31 40.28 454404.25 2
4655859 31.07 99734.04 40.58 469079.25 3
4656609 31.30 99732.54 40.50 100490.68 4
4657359 31.43 99731.87 40.53 102976.67 5
4657859 31.48 99729.38 40.52 106048.05 6
4658608 31.56 99731.04 40.51 26138.45 7
4659358 31.65 99728.13 40.49 26828.76 8
4660108 31.69 99725.38 40.44 27222.46 9
4660608 31.72 99724.09 40.43 27610.01 0
4661107 31.65 99724.24 40.44 454404.25 1
4662357 31.23 99720.01 40.28 449024.34 2
4666605 31.11 99715.27 40.44 463034.13 3
4667355 31.32 99710.53 40.51 98975.45 4
4668105 31.45 99711.37 40.52 102790.60 5
4668605 31.50 99708.83 40.52 104939.54 6
4669354 31.58 99709.68 40.51 25853.36 7
4670104 31.67 99709.48 40.50 26380.87 8
4670854 31.71 99710.10 40.47 26879.46 9
4671603 31.74 99707.97 40.41 27309.58 0
4671853 31.66 99708.22 40.40 450505.94 1
4673103 31.25 99706.25 40.24 443482.03 2
4677351 31.12 99700.34 40.48 454706.94 3
4678101 31.34 99699.35 40.50 98291.42 4
4678850 31.47 99697.16 40.52 101748.80 5
4679350 31.51 99696.06 40.48 104746.32 6
4680100 31.60 99695.27 40.48 25713.14 7
4680850 31.68 99695.28 40.47 26234.88 8
4681599 31.74 99696.41 40.45 26711.19 9
4682349 31.77 99697.34 40.41 27049.87 0
4682599 31.68 99697.84 40.39 443482.03 1
4683848 31.26 99696.59 40.22 436673.78 2
4688096 31.14 99693.59 40.39 454404.25 3
4688846 31.36 99695.00 40.50 97840.63 4
4689596 31.49 99694.33 40.49 100906.59 5
4690096 31.54 99695.24 40.50 103727.71 6
4690846 31.62 99692.10 40.48 25422.04 7
4691595 31.71 99691.75 40.46 25869.04 8
4692345 31.75 99690.73 40.44 26413.54 9
4693095 31.79 99690.73 40.41 26845.64 0
4693345 31.71 99690.70 40.32 434174.25 1
4694594 31.28 99689.84 40.32 430885.75 2
4698842 31.15 99682.54 40.48 443194.13 3
4699592 31.38 99682.54 40.48 96731.53 4
4700342 31.50 99681.96 40.48 99960.95 5
4700841 31.55 99679.88 40.46 102914.57 6
4701591 31.64 99680.72 40.47 25271.47 7
4702341 31.73 99680.81 40.46 25728.64 8
4703091 31.78 99681.53 40.43 26267.19 9
4703840 31.80 99681.49 40.39 26744.67 0
4704090 31.73 99681.29 40.41 431430.38 1
4705340 31.30 99679.96 40.30 425249.16 2
4709588 31.18 99678.13 40.40 440619.63 3
4710338 31.40 99678.07 40.46 96403.69 4
4711088 31.52 99673.99 40.44 99610.90 5
4711588 31.57 99675.55 40.44 101992.03 6
4712337 31.65 99673.45 40.44 25034.23 7
4713087 31.75 99676.63 40.46 25620.50 8
4713837 31.80 99676.50 40.41 26042.73 9
4714586 31.82 99673.02 40.29 26578.07 0
4714836 31.75 99673.93 40.37 425249.16 1
4716086 31.33 99671.87 40.24 419758.16 2
4720334 31.19 99666.02 40.39 437793.94 3
4721084 31.42 99666.02 40.39 95380.03 4
4721833 31.54 99663.02 40.43 98461.54 5
4722333 31.59 99664.66 40.49 100668.50 6
4723083 31.67 99665.05 40.45 24961.00 7
4723833 31.77 99667.35 40.40 25391.79 8
4724582 31.82 99667.96 40.37 25931.93 9
4725332 31.84 99666.03 40.33 26267.19 0
4725582 31.75 99662.88 40.24 417703.44 1
4726832 31.33 99665.48 40.18 412653.63 2
4731080 31.21 99665.63 40.39 430885.75 3
4731829 31.43 99663.20 40.41 92020.13 4
4732579 31.55 99660.82 40.39 97672.64 5
4733079 31.61 99661.09 40.45 100078.19 6
4733829 31.69 99659.76 40.36 24672.32 7
4734578 31.78 99660.80 40.36 25167.13 8
4735328 31.83 99658.80 40.35 25574.43 9
4736078 31.86 99655.15 40.33 26058.63 0
4736328 31.79 99655.29 40.28 412653.63 1
4737578 31.35 99644.38 40.22 408456.31 2
4741826 31.22 99631.20 40.35 425779.63 3
4742576 31.45 99633.73 40.43 91822.09 4
4743325 31.58 99636.20 40.41 97616.78 5
4743825 31.62 99638.82 40.42 99090.38 6
4744575 31.70 99639.02 40.38 24643.82 7
4745325 31.79 99639.76 40.35 25019.55 8
4746074 31.84 99641.15 40.33 25498.01 9
4746824 31.86 99640.75 40.28 25900.45 0
4747074 31.79 99640.49 40.27 407724.47 1
4748324 31.37 99639.04 40.14 405785.63 2
4752572 31.23 99625.99 40.26 422355.13 3
4753322 31.46 99626.58 40.37 91624.91 4
4754071 31.59 99626.93 40.40 96078.06 5
4754821 31.64 99626.78 40.36 98065.51 6
4755321 31.72 99625.54 40.36 24404.20 7
4756071 31.81 99624.23 40.32 24629.59 8
4756820 31.86 99622.74 40.32 25271.47 9
4757570 31.89 99621.73 40.24 25713.14 0
4757820 31.81 99624.85 40.17 405785.63 1
4759069 31.38 99622.91 40.16 401962.72 2
4763318 31.25 99621.76 40.28 418471.59 3
4764067 31.48 99623.32 40.30 90844.57 4
4764817 31.61 99623.71 40.34 95916.07 5
4765567 31.65 99621.20 40.28 98009.19 6
4766067 31.73 99622.77 40.35 24251.61 7
4766816 31.83 99619.58 40.33 24502.30 8
4767566 31.87 99619.64 40.29 25048.92 9
4768316 31.90 99618.35 40.24 25589.76 0
4768566 31.83 99621.17 40.16 400078.13 1
4769815 31.39 99617.64 40.10 397979.00 2
4774064 31.28 99609.38 40.23 416938.13 3
4774813 31.49 99607.21 40.30 90267.98 4
4775563 31.62 99607.94 40.31 95808.38 5
4776313 31.67 99604.95 40.23 97282.92 6
4776812 31.75 99604.38 40.28 23965.55 7
4777562 31.84 99603.41 40.27 24488.23 8
4778312 31.89 99603.50 40.24 24830.26 9
4779062 31.91 99602.65 40.20 25256.51 0
4779312 31.85 99602.37 40.15 393619.06 1
4780561 31.41 99604.61 40.14 392939.38 2
4784809 31.29 99599.89 40.20 410667.75 3
4785559 31.50 99598.04 40.24 89229.70 4
4786309 31.63 99594.52 40.24 92119.47 5
4787059 31.68 99593.76 40.27 96294.91 6
4787558 31.77 99591.80 40.23 23805.10 7
4788308 31.86 99591.84 40.25 24224.07 8
4789058 31.90 99591.88 40.18 24758.22 9
4789807 31.93 99589.30 40.17 25122.67 0
4790057 31.85 99590.89 40.07 388467.38 1
4791307 31.42 99593.25 40.01 388910.00 2
4795555 31.30 99588.14 40.15 407724.47 3
4796305 31.51 99586.23 40.27 88489.46 4
4797054 31.64 99583.58 40.25 91624.91 5
4797804 31.69 99581.15 40.25 95700.94 6
4798304 31.78 99580.38 40.24 23620.59 7
4799054 31.87 99580.98 40.18 24073.73 8
4799803 31.91 99579.44 40.18 24601.19 9
4800553 31.94 99581.08 40.17 25063.64 0
4800803 31.87 99582.43 40.15 387145.56 1
4802303 31.43 99582.66 39.97 385614.75 2
4806301 31.31 99580.25 40.18 402674.00 3
4807051 31.53 99577.90 40.16 87942.29 4
4807800 31.66 99576.98 40.15 91526.63 5
4808550 31.70 99578.52 40.10 95486.76 6
4809050 31.79 99579.13 40.17 23464.71 7
4809800 31.88 99579.20 40.17 23925.23 8
4810549 31.93 99577.38 40.13 24320.73 9
4811299 31.95 99578.91 40.12 24743.86 0
4811549 31.88 99579.62 40.06 379399.78 1
4813048 31.45 99582.99 40.00 380457.00 2
4817047 31.33 99574.93 40.08 399375.97 3
4817796 31.54 99567.80 40.19 87223.17 4
4818546 31.67 99565.47 40.23 90651.55 5
4819296 31.71 99562.19 40.13 94065.77 6
4819796 31.81 99560.83 40.15 22906.23 7
4820546 31.89 99558.43 40.14 23699.31 8
4821295 31.94 99556.26 40.11 24100.92 9
4822045 31.96 99555.62 40.10 24615.38 0
4822295 31.89 99555.45 40.02 377094.47 1
4823794 31.46 99554.63 39.92 376470.59 2
4827793 31.34 99548.52 40.05 397515.53 3
4828542 31.55 99546.80 40.11 86253.37 4
4829292 31.68 99548.20 40.09 89982.42 5
4830042 31.73 99547.95 40.09 92020.13 6
4830792 31.82 99549.70 40.11 22711.14 7
4831291 31.90 99547.35 40.08 23594.47 8
4832041 31.95 99548.75 40.10 24006.00 9
4832791 31.97 99546.27 40.02 24558.71 0
4833041 31.90 99547.72 39.97 364932.28 1
4834540 31.47 99546.34 39.86 375229.03 2
4838538 31.35 99537.65 40.10 392713.31 3
4839288 31.56 99535.66 40.06 86166.27 4
4840038 31.69 99534.46 40.10 89323.10 5
4840788 31.75 99535.06 40.04 91330.72 6
4841537 31.83 99532.84 40.07 22686.99 7
4842037 31.92 99531.92 40.07 23542.39 8
4842787 31.96 99531.95 40.04 24019.52 9
4843537 31.99 99531.63 39.99 24320.73 0
4843787 31.91 99531.69 39.97 361454.28 1
4845286 31.48 99531.26 39.82 364542.53 2
4849284 31.36 99531.69 39.94 392262.03 3
4850034 31.57 99526.18 40.08 85819.65 4
4850784 31.70 99528.55 40.03 89323.10 5
4851533 31.76 99530.31 40.06 91723.40 6
4852283 31.84 99528.27 40.04 22495.61 7
4852783 31.93 99528.49 40.02 22906.23 8
4853533 31.97 99528.09 40.01 23791.82 9
4854282 31.99 99529.66 39.96 24265.40 0
4854532 31.93 99530.16 39.92 361454.28 1
4856032 31.50 99527.63 39.86 364153.63 2
4860030 31.38 99524.60 39.89 390243.91 3
4860780 31.58 99522.73 39.98 86079.35 4
4861529 31.71 99521.70 39.97 88950.66 5
4862279 31.77 99522.64 40.02 90941.38 6
4863029 31.85 99522.67 40.00 22354.17 7
4863529 31.94 99521.56 40.00 22881.66 8
4864279 31.98 99520.95 39.93 23712.49 9
4865028 32.00 99518.86 39.92 24279.21 0
4865278 31.94 99521.27 39.91 357292.41 1
4866778 31.50 99518.24 39.78 359929.69 2
4871026 31.38 99515.51 40.02 389131.69 3
4871526 31.60 99511.34 39.96 85647.38 4
4872275 31.73 99512.33 40.01 88673.37 5
4873025 31.78 99512.18 40.02 90844.57 6
4873775 31.86 99513.52 39.95 22330.78 7
4874275 31.95 99514.09 39.93 22662.89 8
4875024 32.00 99514.36 39.91 23673.02 9
4875774 32.02 99514.22 39.86 24087.32 0
4876024 31.95 99515.09 39.82 353225.25 1
4877523 31.52 99510.53 39.73 356918.78 2
4881772 31.39 99509.92 39.94 384312.25 3
4882271 31.61 99507.41 39.93 84712.11 4
4883021 31.74 99508.26 39.98 88033.02 5
4883771 31.80 99508.76 39.93 90459.37 6
4884521 31.88 99508.47 39.94 22214.51 7
4885270 31.96 99508.29 39.91 22735.35 8
4885770 32.00 99506.16 39.87 23555.39 9
4886520 32.02 99504.73 39.85 23979.02 0
4886770 31.96 99507.58 39.81 351769.16 1
4888269 31.52 99502.13 39.72 356918.78 2
4892517 31.40 99492.54 39.83 383018.50 3
4893017 31.62 99489.36 39.97 84293.71 4
4893767 31.75 99492.02 39.93 87491.45 5
4894517 31.80 99493.45 39.92 89698.67 6
4895266 31.89 99493.34 39.90 22145.33 7
4896016 31.96 99492.39 39.88 22662.89 8
4896516 32.01 99491.13 39.84 23029.87 9
4897265 32.04 99490.71 39.83 23871.69 0
4897515 31.97 99492.87 39.79 348536.41 1
4899015 31.53 99485.73 39.68 351769.16 2
4903263 31.43 99489.63 39.96 379610.75 3
4903763 31.63 99485.87 39.85 83961.95 4
4904512 31.77 99487.70 39.89 86956.52 5
4905262 31.82 99489.13 39.83 88950.66 6
4906012 31.90 99489.88 39.86 22053.76 7
4906762 31.98 99488.58 39.85 22519.35 8
4907262 32.02 99488.86 39.83 22832.68 9
4908011 32.05 99489.56 39.79 23765.32 0
4908261 31.98 99490.38 39.82 346414.06 1
4909761 31.54 99483.88 39.65 351045.59 2
4914009 31.43 99471.11 39.77 379399.78 3
4914509 31.64 99471.39 39.83 83306.22 4
4915258 31.77 99474.11 39.82 87045.23 5
4916008 31.82 99474.32 39.85 88673.37 6
4916758 31.90 99473.40 39.84 21940.35 7
4917508 31.98 99471.98 39.84 22307.42 8
4918007 32.03 99472.90 39.80 22930.85 9
4918757 32.06 99472.81 39.73 23659.89 0
4919007 31.99 99473.63 39.72 343970.44 1
4920506 31.54 99462.88 39.60 349965.81 2
4924755 31.41 99464.95 39.75 376470.59 3
4925255 31.64 99467.97 39.86 83306.22 4
4926004 31.78 99468.23 39.81 86340.64 5
4926754 31.83 99465.44 39.80 88581.31 6
4927504 31.91 99463.66 39.80 21828.10 7
4928253 32.00 99462.27 39.79 22307.42 8
4928753 32.04 99460.40 39.75 22711.14 9
4929503 32.06 99460.46 39.72 23581.43 0
4929753 32.00 99462.20 39.69 341219.59 1
4931252 31.56 99459.02 39.62 348892.69 2
4935500 31.45 99455.63 39.78 366106.53 3
4936250 31.65 99452.91 39.74 82821.09 4
4936750 31.79 99454.14 39.74 86340.64 5
4937500 31.84 99452.92 39.78 88489.46 6
4938249 31.92 99452.08 39.76 21694.92 7
4938999 32.00 99451.53 39.76 22122.37 8
4939499 32.05 99452.05 39.73 22735.35 9
4940249 32.07 99449.66 39.70 23005.03 0
4940499 32.00 99451.17 39.67 339185.16 1
4941998 31.56 99448.45 39.58 344665.09 2
4946246 31.44 99443.30 39.71 362221.44 3
4946996 31.66 99445.34 39.76 82821.09 4
4947496 31.80 99447.81 39.72 85561.50 5
4948245 31.84 99447.57 39.70 87851.75 6
4948995 31.93 99447.34 39.73 21828.10 7
4949745 32.01 99445.34 39.72 22145.33 8
4950495 32.06 99445.90 39.69 22590.89 9
4950995 32.08 99445.70 39.65 23503.49 0
4951244 32.01 99445.27 39.64 340878.84 1
4952744 31.57 99442.98 39.53 345013.47 2
4956992 31.46 99439.55 39.64 362606.22 3
4957742 31.67 99436.13 39.75 82660.64 4
4958242 31.81 99435.27 39.69 85219.71 5
4958991 31.85 99434.47 39.74 87491.45 6
4959741 31.94 99435.99 39.69 21694.92 7
4960491 32.02 99435.70 39.68 22076.58 8
4961240 32.07 99437.91 39.67 22519.35 9
4961740 32.09 99441.63 39.62 22881.66 0
4961990 32.02 99441.84 39.59 336510.03 1
4963490 31.58 99440.37 39.46 340878.84 2
4967738 31.47 99432.70 39.64 362606.22 3
4968488 31.68 99430.05 39.66 82500.80 4
4968987 31.81 99432.91 39.63 85134.69 5
4969737 31.86 99436.77 39.73 87851.75 6
4970487 31.94 99438.62 39.69 21739.13 7
4971236 32.02 99438.64 39.66 22191.40 8
4971986 32.07 99437.85 39.65 22567.00 9
4972486 32.09 99437.05 39.61 22906.23 0
4972986 32.03 99436.95 39.53 337842.28 1
4974235 31.58 99434.40 39.44 343970.44 2
4978483 31.47 99439.91 39.60 361837.47 3
4979233 31.68 99439.22 39.64 82103.91 4
4979733 31.82 99442.31 39.69 85304.90 5
4980483 31.87 99441.86 39.60 87761.40 6
4981232 31.95 99440.75 39.64 21607.02 7
4981982 32.03 99436.82 39.64 22008.25 8
4982732 32.08 99436.41 39.60 22424.67 9
4983232 32.11 99433.05 39.58 23529.41 0
4983731 32.03 99431.14 39.51 338177.00 1
4984981 31.60 99422.31 39.45 342589.50 2
4989229 31.48 99418.99 39.59 359550.56 3
4989979 31.70 99418.84 39.63 82262.21 4
4990479 31.83 99419.98 39.64 84880.63 5
4991228 31.88 99419.84 39.61 87312.41 6
4991978 31.96 99417.63 39.61 21585.16 7
4992728 32.04 99414.75 39.58 22008.25 8
4993478 32.09 99413.93 39.57 22614.84 9
4993977 32.11 99413.59 39.53 22881.66 0
4994477 32.04 99415.15 39.60 333876.75 1
4995727 31.60 99411.75 39.36 340199.34 2
4999975 31.48 99411.01 39.56 359550.56 3
5000724 31.70 99411.70 39.63 81554.63 4
5001224 31.84 99412.22 39.60 84796.29 5
5001974 31.88 99413.99 39.59 86515.71 6
5002724 31.96 99412.55 39.59 21541.57 7
5003474 32.05 99413.77 39.56 22008.25 8
5004223 32.10 99411.90 39.55 22567.00 9
5004723 32.12 99409.18 39.51 22906.23 0
5005223 32.05 99411.83 39.44 333550.50 1
5006472 31.62 99410.23 39.38 340199.34 2
5010720 31.48 99401.60 39.50 357666.78 3
5011470 31.71 99402.80 39.54 81399.05 4
5012220 31.84 99405.44 39.55 84712.11 5
5012720 31.89 99405.91 39.55 86868.00 6
5013469 31.97 99404.41 39.54 21607.02 7
5014219 32.06 99402.36 39.53 22030.98 8
5014969 32.10 99399.45 39.52 22284.12 9
5015469 32.13 99399.84 39.47 22808.27 0
5015969 32.05 99401.81 39.41 330322.59 1
5017218 31.61 99399.82 39.35 338848.44 2
5021466 31.50 99395.82 39.51 358041.97 3
5022216 31.71 99396.77 39.53 81476.77 4
5022966 31.84 99400.05 39.55 84127.51 5
5023466 31.90 99403.14 39.52 86603.52 6
5024215 31.98 99400.12 39.54 21563.34 7
5024965 32.06 99398.66 39.52 21761.31 8
5025715 32.11 99397.14 39.46 22377.62 9
5026465 32.13 99395.74 39.45 22881.66 0
5026714 32.06 99396.63 39.38 333876.75 1
5027964 31.63 99393.39 39.37 338512.41 2
5032212 31.50 99393.23 39.43 357666.78 3
5032962 31.73 99394.86 39.50 81554.63 4
5033712 31.86 99397.27 39.52 84293.71 5
5034211 31.91 99396.50 39.50 86428.09 6
5034961 31.98 99392.29 39.50 21476.51 7
5035711 32.07 99390.64 39.48 21828.10 8
5036460 32.11 99388.68 39.44 22330.78 9
5037210 32.14 99387.46 39.42 22662.89 0
5037460 32.07 99388.29 39.45 329048.84 1
5038710 31.64 99388.06 39.26 336842.09 2
5042958 31.51 99385.80 39.41 355062.41 3
5043708 31.73 99386.34 39.49 81244.05 4
5044457 31.86 99389.20 39.47 84210.52 5
5044957 31.91 99389.71 39.49 86428.09 6
5045707 31.99 99387.05 39.47 21433.36 7
5046457 32.08 99385.73 39.46 21739.13 8
5047206 32.13 99385.49 39.45 22354.17 9
5047956 32.14 99385.73 39.40 22759.60 0
5048206 32.07 99386.13 39.33 329366.34 1
5049456 31.64 99385.02 39.29 334859.38 2
5053704 31.52 99382.02 39.34 354325.25 3
5054454 31.74 99380.55 39.40 81089.64 4
5055203 31.87 99374.49 39.45 84377.06 5
5055703 31.92 99372.66 39.49 85992.61 6
5056453 32.00 99372.38 39.45 21433.36 7
5057203 32.09 99373.81 39.45 21672.88 8
5057952 32.13 99372.95 39.40 22307.42 9
5058702 32.15 99372.27 39.37 22735.35 0
5058952 32.07 99372.07 39.30 326530.63 1
5060202 31.65 99373.41 39.24 333876.75 2
5064450 31.51 99367.81 39.38 350684.94 3
5065199 31.74 99369.33 39.41 80477.84 4
5065949 31.87 99368.46 39.37 84044.65 5
5066449 31.92 99370.97 39.41 85733.42 6
5067199 32.00 99369.54 39.41 21368.95 7
5067948 32.09 99370.49 39.44 21828.10 8
5068698 32.13 99368.77 39.39 22099.45 9
5069448 32.16 99365.80 39.36 22614.84 0
5069698 32.09 99366.36 39.32 326843.28 1
5070947 31.65 99366.76 39.27 333224.88 2
5075195 31.53 99368.42 39.35 351045.59 3
5075945 31.75 99366.15 39.42 80250.78 4
5076695 31.87 99364.91 39.39 83632.80 5
5077444 31.93 99363.05 39.42 86166.27 6
5077944 32.01 99363.45 39.41 21347.56 7
5078694 32.10 99361.39 39.40 21739.13 8
5079444 32.14 99360.18 39.34 22030.98 9
5080193 32.16 99361.27 39.34 22543.15 0
5080443 32.09 99360.98 39.29 325596.19 1
5081693 31.66 99363.94 39.22 330963.16 2
5085941 31.53 99359.09 39.37 350325.00 3
5086691 31.76 99358.23 39.42 80250.78 4
5087440 31.89 99357.31 39.40 83469.19 5
5088190 31.93 99356.52 39.38 85304.90 6
5088690 32.02 99357.21 39.39 21283.67 7
5089440 32.10 99355.22 39.36 21519.84 8
5090189 32.14 99356.13 39.34 22214.51 9
5090939 32.17 99353.85 39.30 22686.99 0
5091189 32.10 99354.78 39.25 323743.28 1
5092439 31.66 99357.05 39.16 331606.22 2
5096687 31.53 99358.72 39.25 349607.38 3
5097437 31.75 99358.03 39.31 80175.38 4
5098186 31.89 99358.01 39.35 83062.95 5
5098936 31.94 99358.28 39.32 85304.90 6
5099436 32.02 99356.09 39.36 21262.46 7
5100186 32.10 99357.08 39.32 21717.00 8
5100935 32.14 99355.68 39.29 21985.57 9
5101685 32.17 99354.08 39.30 22495.61 0
5101935 32.10 99355.48 39.21 323130.31 1
5103184 31.66 99351.91 39.15 328731.94 2
5107433 31.54 99350.09 39.29 346766.00 3
5108182 31.76 99348.03 39.38 79577.24 4
5108932 31.89 99349.70 39.38 82901.55 5
5109682 31.95 99349.06 39.33 85049.84 6
5110182 32.02 99349.09 39.34 21178.03 7
5110931 32.11 99348.64 39.32 21585.16 8
5111681 32.15 99347.48 39.30 21985.57 9
5112431 32.18 99345.61 39.28 22519.35 0
5112681 32.10 99345.84 39.23 324358.56 1
5114180 31.66 99341.47 39.17 330642.56 2
5118178 31.55 99345.55 39.27 347826.09 3
5118928 31.77 99342.89 39.30 80326.33 4
5119678 31.90 99344.36 39.36 82982.17 5
5120428 31.94 99342.70 39.26 85049.84 6
5120927 32.02 99340.54 39.33 21157.03 7
5121677 32.11 99338.62 39.31 21607.02 8
5122427 32.16 99337.52 39.30 21985.57 9
5123177 32.18 99339.71 39.26 22543.15 0
5123427 32.11 99339.48 39.15 323436.50 1
5124926 31.68 99339.38 39.12 330003.22 2
5128924 31.55 99340.88 39.24 347826.09 3
5129674 31.78 99337.53 39.29 79800.50 4
5130424 31.91 99338.91 39.31 83306.22 5
5131173 31.95 99337.16 39.31 85049.84 6
5131673 32.03 99335.80 39.30 21326.22 7
5132423 32.12 99336.48 39.28 21607.02 8
5133173 32.16 99336.84 39.28 21985.57 9
5133922 32.18 99335.34 39.21 22662.89 0
5134172 32.12 99336.79 39.14 322824.72 1
5135672 31.69 99332.32 39.15 328099.97 2
5139670 31.55 99328.64 39.23 346766.00 3
5140420 31.78 99325.70 39.30 79875.20 4
5141169 31.91 99325.48 39.29 82580.65 5
5141919 31.95 99324.08 39.29 84712.11 6
5142669 32.04 99322.80 39.27 21241.29 7
5143169 32.12 99321.15 39.25 21739.13 8
5143918 32.16 99318.47 39.20 22122.37 9
5144668 32.19 99318.19 39.18 22590.89 0
5144918 32.12 99321.82 39.16 325596.19 1
5146417 31.68 99320.52 39.04 330003.22 2
5150416 31.55 99324.38 39.20 347118.66 3
5151165 31.78 99323.94 39.23 79429.10 4
5151915 31.91 99325.48 39.24 82982.17 5
5152665 31.96 99323.63 39.24 84880.63 6
5153414 32.04 99323.09 39.24 21241.29 7
5153914 32.13 99321.34 39.26 21628.93 8
5154664 32.17 99322.15 39.21 22214.51 9
5155414 32.20 99318.68 39.16 22519.35 0
5155664 32.12 99322.42 39.16 322519.69 1
5157163 31.68 99319.64 39.08 327470.41 2
5161161 31.56 99319.59 39.12 347472.00 3
5161911 31.78 99319.77 39.26 79651.52 4
5162661 31.92 99321.14 39.27 82500.80 5
5163410 31.96 99321.73 39.24 84796.29 6
5164160 32.04 99321.05 39.22 21157.03 7
5164660 32.13 99320.63 39.21 21694.92 8
5165410 32.18 99318.59 39.17 21917.81 9
5166159 32.20 99318.16 39.15 22471.91 0
5166409 32.13 99320.76 39.10 321608.03 1
5167909 31.70 99320.62 39.04 327156.56 2
5171907 31.57 99311.76 39.14 344317.41 3
5172657 31.79 99312.66 39.16 79355.24 4
5173406 31.92 99312.42 39.22 82262.21 5
5174156 31.97 99314.91 39.19 84293.71 6
5174906 32.05 99314.65 39.20 21115.14 7
5175406 32.14 99311.70 39.19 21607.02 8
5176155 32.18 99308.44 39.16 22008.25 9
5176905 32.20 99308.21 39.14 22424.67 0
5177155 32.14 99310.92 39.13 321003.13 1
5178654 31.70 99311.34 39.00 326843.28 2
5182653 31.56 99303.88 39.11 345362.56 3
5183403 31.80 99305.23 39.14 79651.52 4
5184152 31.92 99305.47 39.20 82182.98 5
5184902 31.97 99303.87 39.23 84460.57 6
5185652 32.05 99299.56 39.16 21199.07 7
5186151 32.14 99299.68 39.16 21541.57 8
5186901 32.18 99299.30 39.16 21985.57 9
5187651 32.21 99300.06 39.12 22448.26 0
5187901 32.14 99301.57 39.13 320400.50 1
5189400 31.70 99304.80 39.01 325907.06 2
5193648 31.57 99300.60 39.09 345013.47 3
5194148 31.80 99303.02 39.13 79207.92 4
5194898 31.93 99304.21 39.13 82182.98 5
5195648 31.98 99301.93 39.13 83961.95 6
5196397 32.05 99302.46 39.16 21094.27 7
5197147 32.14 99299.92 39.13 21476.51 8
5197647 32.18 99299.65 39.13 21962.94 9
5198397 32.21 99302.00 39.08 22471.91 0
5198647 32.14 99302.45 39.02 322215.22 1
5200146 31.70 99303.84 38.95 327156.56 2
5204394 31.58 99302.40 39.08 345013.47 3
5204894 31.80 99304.34 39.16 79503.11 4
5205644 31.93 99303.10 39.15 81710.82 5
5206393 31.98 99302.87 39.17 83550.91 6
5207143 32.06 99300.95 39.17 20949.26 7
5207893 32.14 99299.67 39.13 21476.51 8
5208393 32.19 99298.41 39.10 21805.79 9
5209142 32.21 99300.61 39.09 22307.42 0
5209392 32.15 99301.65 39.00 317716.41 1
5210892 31.71 99300.23 39.02 324358.56 2
5215140 31.58 99294.55 39.03 341561.03 3
5215640 31.80 99290.77 39.14 78842.01 4
5216389 31.94 99291.89 39.13 81789.14 5
5217139 31.98 99288.74 39.15 83961.95 6
5217889 32.06 99290.25 39.12 21073.43 7
5218639 32.14 99287.06 39.10 21476.51 8
5219139 32.19 99288.34 39.08 21917.81 9
5219888 32.21 99288.05 39.06 22401.12 0
5220138 32.14 99287.98 39.07 318012.44 1
5221638 31.71 99291.44 38.93 324358.56 2
5225886 31.59 99289.94 39.06 342589.50 3
5226386 31.81 99290.55 39.10 78551.70 4
5227135 31.94 99290.19 39.14 81632.66 5
5227885 31.98 99286.71 39.10 83306.22 6
5228635 32.06 99285.15 39.10 21199.07 7
5229385 32.15 99285.88 39.09 21498.15 8
5229885 32.20 99286.64 39.07 22008.25 9
5230634 32.22 99287.10 39.04 22495.61 0
5230884 32.14 99285.84 39.05 318606.09 1
5232384 31.73 99291.30 38.89 325596.19 2
5236632 31.59 99287.41 39.04 341561.03 3
5237132 31.81 99286.89 39.16 78842.01 4
5237882 31.95 99286.80 39.07 81867.60 5
5238631 31.98 99286.13 39.13 83879.42 6
5239381 32.07 99287.43 39.08 20969.86 7
5240131 32.15 99285.50 39.09 21476.51 8
5240631 32.20 99285.55 39.05 22008.25 9
5241380 32.23 99286.72 39.02 22495.61 0
5241630 32.15 99286.53 38.96 321003.13 1
5243130 31.71 99286.93 38.92 324667.09 2
5247378 31.59 99285.34 39.04 343278.59 3
5247878 31.81 99283.06 39.11 78914.92 4
5248628 31.95 99281.54 39.12 81554.63 5
5249377 31.99 99279.00 39.08 83961.95 6
5250127 32.07 99279.45 39.07 21073.43 7
5250877 32.15 99276.84 39.08 21454.91 8
5251377 32.20 99274.77 39.06 21805.79 9
5252126 32.23 99273.56 38.99 22424.67 0
5252376 32.16 99272.58 38.99 321911.34 1
5253876 31.72 99275.14 38.89 327156.56 2
5258124 31.60 99275.39 39.01 344317.41 3
5258624 31.81 99273.27 39.02 79281.51 4
5259373 31.94 99271.86 39.05 82262.21 5
5260123 31.99 99271.91 39.09 84210.52 6
5260873 32.07 99274.19 39.05 21094.27 7
5261623 32.16 99272.27 39.01 21519.84 8
5262122 32.20 99274.00 39.01 21872.86 9
5262872 32.23 99273.00 38.99 22567.00 0
5263122 32.16 99274.34 38.93 320701.53 1
5264621 31.73 99276.34 38.84 324667.09 2
5268870 31.61 99278.19 38.94 343278.59 3
5269619 31.82 99275.63 39.03 79207.92 4
5270119 31.95 99272.27 39.09 81554.63 5
5270869 31.99 99270.12 39.05 83961.95 6
5271619 32.07 99268.13 39.06 21094.27 7
5272368 32.16 99267.87 39.02 21454.91 8
5272868 32.20 99266.66 39.00 22030.98 9
5273618 32.23 99268.01 38.98 22519.35 0
5273868 32.16 99270.00 38.93 319800.13 1
5275367 31.73 99270.84 38.87 325285.91 2
5279615 31.59 99268.06 38.98 343278.59 3
5280365 31.82 99266.52 39.08 78769.23 4
5280865 31.95 99265.95 39.08 81710.82 5
5281615 32.00 99266.04 39.01 83550.91 6
5282364 32.08 99266.43 39.02 21199.07 7
5283114 32.16 99263.95 39.06 21628.93 8
5283864 32.21 99263.91 39.01 22076.58 9
5284364 32.23 99262.84 38.96 22519.35 0
5284613 32.16 99264.46 38.93 320701.53 1
5286113 31.74 99266.91 38.81 325596.19 2
5290361 31.60 99264.48 38.92 344665.09 3
5291111 31.82 99261.70 39.04 79061.15 4
5291611 31.96 99261.82 39.01 81789.14 5
5292360 32.00 99258.94 38.99 83714.84 6
5293110 32.08 99257.96 39.02 21262.46 7
5293860 32.16 99260.33 39.00 21607.02 8
5294609 32.21 99258.31 38.97 22099.45 9
5295109 32.24 99257.34 38.95 22686.99 0
5295359 32.17 99259.57 38.93 322519.69 1
5296859 31.73 99261.13 38.82 326843.28 2
5301107 31.61 99261.60 39.01 342246.00 3
5301856 31.83 99259.41 38.98 79207.92 4
5302356 31.95 99256.95 39.00 82262.21 5
5303106 32.00 99259.30 38.97 83797.05 6
5303856 32.08 99258.86 38.99 21262.46 7
5304606 32.17 99258.84 38.98 21563.34 8
5305355 32.21 99260.23 38.96 22030.98 9
5305855 32.24 99258.16 38.91 22471.91 0
5306105 32.17 99260.21 38.98 322519.69 1
5307605 31.74 99261.94 38.77 326530.63 2
5311853 31.60 99259.20 38.97 343624.16 3
5312602 31.83 99257.45 38.98 78987.97 4
5313102 31.96 99255.41 38.95 81946.23 5
5313852 32.00 99255.59 38.94 83632.80 6
5314602 32.09 99253.93 38.97 21304.93 7
5315351 32.17 99253.66 38.98 21541.57 8
5316101 32.22 99253.57 38.96 21985.57 9
5316601 32.24 99251.11 38.90 22567.00 0
5317101 32.17 99251.84 38.92 321608.03 1
5318350 31.74 99253.90 38.76 326530.63 2
5322599 31.61 99253.48 38.89 342246.00 3
5323348 31.84 99251.88 38.90 79061.15 4
5323848 31.96 99250.65 39.02 81946.23 5
5324598 32.01 99248.80 38.99 84293.71 6
5325348 32.09 99250.31 38.94 21094.27 7
5326097 32.18 99247.49 38.95 21607.02 8
5326847 32.22 99247.06 38.93 22008.25 9
5327347 32.25 99247.55 38.90 22519.35 0
5327847 32.18 99247.61 38.90 322824.72 1
5329096 31.75 99246.83 38.80 326530.63 2
5333345 31.61 99248.29 38.91 343624.16 3
5334094 31.83 99245.33 38.89 78987.97 4
5334594 31.96 99245.11 38.99 82262.21 5
5335344 32.01 99246.16 38.96 84044.65 6
5336094 32.09 99244.98 38.98 21199.07 7
5336843 32.18 99245.59 38.94 21628.93 8
5337593 32.22 99244.76 38.90 22191.40 9
5338093 32.25 99245.94 38.92 22377.62 0
5338593 32.18 99247.95 38.89 323130.31 1
5339843 31.73 99243.90 38.81 327156.56 2
5344091 31.61 99246.17 38.88 342933.69 3
5344841 31.84 99242.34 38.97 79281.51 4
5345590 31.96 99241.19 38.95 81710.82 5
5346090 32.01 99241.80 38.97 84210.52 6
5346840 32.09 99243.02 38.94 21178.03 7
5347589 32.18 99240.59 38.95 21717.00 8
5348339 32.22 99240.01 38.91 22354.17 9
5349089 32.25 99241.77 38.89 22832.68 0
5349339 32.17 99241.94 38.81 324358.56 1
5350588 31.73 99240.34 38.73 327784.91 2
5354836 31.61 99236.04 38.91 344317.41 3
5355586 31.84 99234.63 38.93 79577.24 4
5356336 31.96 99235.29 38.98 82262.21 5
5356836 32.01 99234.40 38.95 84044.65 6
5357585 32.09 99234.68 38.91 21433.36 7
5358335 32.18 99236.82 38.90 21761.31 8
5359085 32.23 99236.98 38.90 22168.34 9
5359835 32.25 99239.23 38.85 22662.89 0
5360085 32.18 99240.38 38.79 323130.31 1
5361334 31.75 99237.96 38.70 327156.56 2
5365583 31.62 99234.18 38.90 345013.47 3
5366332 31.84 99232.80 38.89 79134.47 4
5367082 31.96 99232.07 38.94 82262.21 5
5367582 32.02 99232.85 38.94 84377.06 6
5368332 32.10 99234.14 38.91 21390.38 7
5369082 32.18 99234.40 38.92 21607.02 8
5369831 32.23 99235.55 38.87 22214.51 9
5370581 32.25 99233.50 38.87 22808.27 0
5370831 32.18 99233.79 38.81 326530.63 1
5372081 31.76 99233.53 38.69 330642.56 2
5376329 31.62 99230.29 38.90 346062.84 3
5377079 31.84 99229.38 38.96 79503.11 4
5377828 31.97 99228.88 38.93 82262.21 5
5378328 32.02 99228.88 38.89 84293.71 6
5379078 32.10 99230.09 38.88 21304.93 7
5379828 32.18 99229.44 38.90 21783.53 8
5380577 32.23 99232.46 38.87 22284.12 9
5381327 32.26 99231.49 38.83 22735.35 0
5381577 32.18 99232.20 38.80 325907.06 1
5382827 31.75 99230.50 38.73 329048.84 2
5387075 31.63 99231.23 38.80 346414.06 3
5387825 31.85 99230.67 38.90 79503.11 4
5388574 31.97 99229.89 38.90 82341.59 5
5389074 32.02 99230.21 38.86 84796.29 6
5389824 32.10 99229.95 38.92 21326.22 7
5390574 32.19 99229.16 38.87 21805.79 8
5391323 32.23 99227.98 38.86 22260.87 9
5392073 32.26 99228.15 38.82 22759.60 0
5392323 32.18 99227.06 38.83 325596.19 1
5393572 31.75 99227.02 38.68 329366.34 2
5397821 31.62 99226.22 38.83 345013.47 3
5398570 31.84 99226.36 38.94 79429.10 4
5399320 31.97 99224.95 38.93 82821.09 5
5399820 32.02 99225.95 38.90 84460.57 6
5400570 32.11 99224.95 38.88 21262.46 7
5401319 32.19 99224.44 38.86 21783.53 8
5402069 32.23 99223.16 38.86 22377.62 9
5402819 32.26 99222.84 38.83 22857.14 0
5403069 32.19 99224.09 38.81 328415.66 1
5404318 31.76 99226.52 38.63 330322.59 2
5408566 31.63 99223.66 38.81 346062.84 3
5409316 31.84 99224.81 38.90 79577.24 4
5410066 31.98 99222.80 38.89 82341.59 5
5410566 32.02 99224.05 38.89 84377.06 6
5411316 32.10 99222.11 38.86 21262.46 7
5412065 32.20 99221.21 38.86 21805.79 8
5412815 32.23 99220.30 38.83 22284.12 9
5413565 32.26 99221.54 38.79 22783.91 0
5413815 32.18 99221.34 38.79 328731.94 1
5415064 31.77 99225.05 38.68 330003.22 2
5419312 31.63 99224.19 38.80 345362.56 3
5420062 31.85 99224.93 38.93 79651.52 4
5420812 31.97 99222.27 38.92 82821.09 5
5421561 32.02 99223.63 38.84 84377.06 6
5422061 32.10 99223.52 38.86 21390.38 7
5422811 32.19 99222.84 38.87 21805.79 8
5423561 32.24 99222.36 38.84 22330.78 9
5424311 32.26 99220.94 38.80 22735.35 0
5424561 32.20 99223.53 38.79 327156.56 1
5425810 31.76 99220.16 38.70 330963.16 2
5430058 31.63 99215.39 38.81 346062.84 3
5430808 31.86 99217.70 38.80 79577.24 4
5431557 31.97 99216.77 38.89 83143.88 5
5432307 32.02 99214.85 38.86 84796.29 6
5432807 32.10 99213.96 38.82 21433.36 7
5433557 32.19 99212.75 38.84 21895.31 8
5434306 32.23 99213.65 38.83 22330.78 9
5435056 32.26 99213.70 38.77 22832.68 0
5435306 32.20 99216.70 38.71 328731.94 1
5436556 31.76 99216.52 38.68 330963.16 2
5440804 31.63 99212.87 38.78 348180.91 3
5441554 31.85 99212.85 38.81 79429.10 4
5442303 31.97 99211.09 38.90 82580.65 5
5443053 32.03 99212.49 38.91 84377.06 6
5443553 32.11 99211.23 38.83 21476.51 7
5444303 32.19 99210.95 38.83 21694.92 8
5445052 32.24 99211.36 38.81 22377.62 9
5445802 32.26 99211.84 38.77 22857.14 0
5446052 32.19 99212.63 38.77 329366.34 1
5447301 31.75 99209.62 38.63 332899.88 2
5451550 31.62 99209.02 38.77 348536.41 3
5452299 31.85 99211.55 38.78 80326.33 4
5453049 31.98 99212.94 38.89 82982.17 5
5453799 32.03 99212.75 38.87 85134.69 6
5454299 32.11 99212.33 38.84 21498.15 7
5455048 32.20 99211.78 38.82 21805.79 8
5455798 32.24 99209.24 38.80 22168.34 9
5456548 32.27 99209.05 38.74 22783.91 0
5456798 32.20 99209.45 38.72 328415.66 1
5458047 31.76 99207.20 38.64 331928.69 2
5462295 31.63 99208.04 38.78 346062.84 3
5463045 31.85 99209.58 38.84 80100.13 4
5463795 31.98 99209.74 38.80 82901.55 5
5464544 32.03 99208.06 38.89 84796.29 6
5465044 32.11 99208.13 38.82 21326.22 7
5465794 32.20 99210.06 38.82 21917.81 8
5466544 32.24 99210.86 38.78 22330.78 9
5467293 32.27 99212.91 38.79 22906.23 0
5467543 32.19 99212.15 38.72 329048.84 1
5469043 31.77 99214.73 38.66 332251.78 2
5473041 31.63 99214.77 38.78 348536.41 3
5473791 31.85 99215.60 38.78 80326.33 4
5474541 31.98 99216.97 38.89 82982.17 5
5475290 32.03 99216.47 38.80 85049.84 6
5475790 32.11 99216.83 38.82 21390.38 7
5476540 32.20 99216.63 38.82 21962.94 8
5477290 32.25 99216.66 38.77 22495.61 9
5478039 32.27 99212.00 38.74 23005.03 0
5478289 32.20 99214.07 38.69 331284.38 1
5479789 31.77 99212.94 38.71 334531.19 2
5483787 31.63 99204.69 38.73 349607.38 3
5484537 31.85 99204.17 38.81 80477.84 4
5485286 31.98 99203.18 38.77 83062.95 5
5486036 32.03 99203.91 38.84 84712.11 6
5486536 32.11 99203.28 38.82 21498.15 7
5487286 32.20 99202.68 38.81 22008.25 8
5488035 32.25 99205.67 38.81 22590.89 9
5488785 32.27 99205.55 38.74 23054.76 0
5489035 32.20 99206.09 38.73 333224.88 1
5490534 31.76 99202.10 38.66 334859.38 2
5494533 31.63 99203.09 38.76 349965.81 3
5495282 31.86 99203.39 38.81 80629.92 4
5496032 31.98 99204.02 38.88 83632.80 5
5496782 32.03 99203.09 38.87 85219.71 6
5497531 32.11 99204.09 38.81 21433.36 7
5498031 32.20 99203.99 38.81 22008.25 8
5498781 32.25 99205.83 38.75 22471.91 9
5499531 32.27 99206.73 38.73 22980.25 0
5499781 32.20 99206.09 38.74 333550.50 1
5501280 31.77 99208.51 38.66 336178.59 2
5505278 31.64 99205.72 38.73 350684.94 3
5506028 31.86 99205.77 38.80 80629.92 4
5506777 31.99 99204.96 38.88 83961.95 5
5507527 32.04 99204.57 38.83 85219.71 6
5508277 32.11 99203.06 38.76 21585.16 7
5508777 32.20 99204.59 38.80 21962.94 8
5509526 32.25 99204.82 38.77 22662.89 9
5510276 32.27 99205.94 38.72 22881.66 0
5510526 32.20 99206.14 38.71 332575.50 1
5512026 31.77 99205.83 38.60 334203.66 2
5516024 31.64 99204.38 38.74 350325.00 3
5516774 31.86 99203.53 38.82 80402.01 4
5517523 31.99 99205.04 38.77 83632.80 5
5518273 32.04 99204.61 38.81 84880.63 6
5519023 32.11 99203.87 38.80 21628.93 7
5519523 32.20 99205.66 38.79 22076.58 8
5520272 32.25 99206.48 38.75 22590.89 9
5521022 32.28 99207.90 38.73 23490.55 0
5521272 32.20 99208.64 38.67 335188.22 1
5522772 31.77 99205.33 38.67 337508.25 2
5526770 31.64 99204.18 38.69 351045.59 3
5527519 31.86 99204.41 38.85 80553.80 4
5528269 31.98 99204.55 38.82 83224.97 5
5529019 32.03 99203.70 38.76 84965.15 6
5529769 32.11 99204.20 38.78 21650.88 7
5530269 32.20 99203.97 38.79 22122.37 8
5531019 32.25 99204.10 38.75 22638.84 9
5531768 32.27 99204.46 38.72 23490.55 0
5532018 32.20 99206.01 38.68 336178.59 1
5533518 31.78 99206.69 38.60 335847.81 2
5537516 31.65 99204.22 38.68 351045.59 3
5538266 31.86 99200.98 38.76 80782.58 4
5539016 31.98 99200.90 38.86 83632.80 5
5539765 32.04 99200.16 38.78 85304.90 6
5540515 32.13 99200.23 38.77 21739.13 7
5541015 32.20 99199.41 38.76 22122.37 8
5541764 32.25 99197.77 38.73 22686.99 9
5542514 32.27 99196.73 38.72 22955.52 0
5542764 32.20 99198.38 38.72 334859.38 1
5544263 31.77 99197.63 38.53 336178.59 2
5548262 31.63 99194.24 38.72 352860.09 3
5549011 31.86 99195.09 38.74 80706.18 4
5549761 31.99 99195.01 38.79 83469.19 5
5550511 32.03 99195.25 38.84 85134.69 6
5551261 32.12 99197.13 38.76 21585.16 7
5551761 32.20 99196.26 38.77 22145.33 8
5552510 32.25 99198.55 38.75 22662.89 9
5553260 32.27 99196.52 38.70 23607.53 0
5553510 32.20 99195.91 38.64 336178.59 1
5555009 31.78 99197.22 38.57 336842.09 2
5559257 31.64 99195.34 38.75 350325.00 3
5559757 31.87 99196.73 38.75 80477.84 4
5560507 31.99 99197.07 38.74 83714.84 5
5561257 32.04 99196.61 38.78 85647.38 6
5562006 32.12 99197.30 38.78 21694.92 7
5562506 32.20 99196.84 38.76 22307.42 8
5563256 32.25 99199.12 38.75 22759.60 9
5564006 32.28 99197.99 38.70 23699.31 0
5564256 32.20 99199.26 38.68 338177.00 1
5565755 31.78 99200.07 38.62 338512.41 2
5570003 31.64 99195.48 38.69 353591.16 3
5570503 31.87 99195.56 38.74 80782.58 4
5571253 31.99 99193.48 38.79 84293.71 5
5572002 32.04 99194.26 38.74 86079.35 6
5572752 32.12 99195.75 38.76 21739.13 7
5573502 32.20 99197.03 38.76 22191.40 8
5574002 32.25 99197.20 38.70 22759.60 9
5574751 32.28 99198.27 38.71 23712.49 0
5575001 32.20 99198.13 38.65 338848.44 1
5576501 31.78 99198.19 38.59 338848.44 2
5580749 31.63 99191.67 38.70 353225.25 3
5581249 31.86 99193.96 38.73 80782.58 4
5581998 32.00 99193.98 38.81 83632.80 5
5582748 32.04 99193.54 38.75 85819.65 6
5583498 32.13 99191.71 38.76 21717.00 7
5584248 32.21 99192.29 38.74 22168.34 8
5584747 32.25 99191.51 38.73 22783.91 9
5585497 32.28 99190.09 38.69 23699.31 0
5585747 32.21 99189.22 38.65 339185.16 1
5587246 31.79 99190.59 38.63 338848.44 2
5591495 31.64 99189.85 38.72 352132.06 3
5591994 31.87 99190.72 38.75 81166.77 4
5592744 31.99 99190.20 38.72 84210.52 5
5593494 32.04 99190.20 38.74 86253.37 6
5594244 32.12 99189.01 38.75 21783.53 7
5594993 32.21 99190.95 38.75 22307.42 8
5595493 32.26 99191.48 38.70 22662.89 9
5596243 32.28 99191.09 38.68 23725.67 0
5596493 32.20 99190.95 38.66 339185.16 1
5597992 31.79 99192.81 38.51 339185.16 2
5602240 31.64 99191.85 38.70 353591.16 3
5602740 31.87 99190.61 38.71 80935.82 4
5603490 32.00 99190.68 38.73 84044.65 5
5604240 32.04 99188.17 38.77 85733.42 6
5604989 32.12 99186.31 38.77 21739.13 7
5605739 32.21 99187.05 38.73 22354.17 8
5606239 32.26 99189.95 38.70 22857.14 9
5606989 32.28 99189.26 38.67 23765.32 0
5607239 32.21 99190.85 38.61 342246.00 1
5608738 31.79 99190.67 38.57 339522.53 2
5612986 31.65 99189.66 38.67 353591.16 3
5613736 31.87 99188.67 38.77 81166.77 4
5614236 31.99 99188.36 38.81 84127.51 5
5614985 32.04 99187.45 38.73 86079.35 6
5615735 32.12 99188.16 38.72 21872.86 7
5616485 32.21 99187.49 38.71 22377.62 8
5616985 32.25 99187.00 38.72 22906.23 9
5617734 32.28 99187.30 38.68 23911.82 0
5617984 32.21 99189.24 38.67 343278.59 1
5619484 31.78 99190.24 38.55 340878.84 2
5623732 31.65 99188.55 38.63 355432.16 3
5624482 31.87 99187.76 38.74 81244.05 4
5624981 32.00 99189.91 38.75 84210.52 5
5625731 32.05 99189.07 38.74 86079.35 6
5626481 32.12 99188.04 38.74 21917.81 7
5627230 32.21 99188.40 38.73 22495.61 8
5627980 32.26 99186.87 38.70 23451.81 9
5628480 32.28 99185.61 38.67 23925.23 0
5628730 32.21 99186.91 38.66 343624.16 1
5630229 31.78 99185.84 38.60 342933.69 2
5634478 31.64 99183.52 38.65 355062.41 3
5635227 31.87 99183.34 38.75 81789.14 4
5635727 32.00 99184.80 38.76 84628.10 5
5636477 32.04 99183.51 38.77 86253.37 6
5637226 32.12 99183.69 38.72 21917.81 7
5637976 32.21 99184.05 38.72 22354.17 8
5638726 32.26 99184.43 38.70 23490.55 9
5639226 32.29 99183.52 38.64 23952.10 0
5639476 32.21 99185.13 38.62 343970.44 1
5640975 31.78 99181.87 38.53 343278.59 2
5645223 31.65 99187.40 38.66 356545.97 3
5645973 31.87 99188.16 38.73 81710.82 4
5646473 31.99 99187.42 38.81 84880.63 5
5647223 32.05 99188.13 38.76 86779.66 6
5647972 32.13 99187.15 38.74 21962.94 7
5648722 32.21 99187.58 38.71 22237.67 8
5649472 32.26 99188.58 38.70 23529.41 9
5649972 32.29 99186.94 38.63 23791.82 0
5650472 32.20 99186.05 38.66 343624.16 1
5651721 31.78 99183.69 38.57 342589.50 2
5655969 31.65 99180.40 38.65 355062.41 3
5656719 31.87 99178.61 38.76 81399.05 4
5657219 32.00 99178.38 38.76 84628.10 5
5657968 32.04 99179.12 38.77 86166.27 6
5658718 32.12 99179.03 38.71 22030.98 7
5659468 32.21 99180.26 38.71 22567.00 8
5660218 32.26 99178.72 38.67 23529.41 9
5660717 32.29 99182.02 38.65 24046.59 0
5661217 32.22 99185.57 38.60 344665.09 1
5662467 31.79 99182.27 38.49 342933.69 2
5666715 31.64 99181.22 38.68 355432.16 3
5667465 31.87 99183.63 38.73 81476.77 4
5667965 32.00 99185.02 38.75 84544.25 5
5668714 32.04 99185.05 38.74 86691.50 6
5669464 32.13 99187.13 38.72 22008.25 7
5670214 32.21 99186.62 38.69 22448.26 8
5670963 32.25 99185.77 38.68 23529.41 9
5671463 32.28 99185.28 38.66 24006.00 0
5671963 32.21 99188.61 38.59 346062.84 1
5673213 31.78 99184.78 38.51 344317.41 2
5677461 31.65 99182.74 38.66 358041.97 3
5678210 31.87 99182.05 38.68 81867.60 4
5678960 32.00 99182.30 38.75 84628.10 5
5679460 32.04 99182.87 38.73 86428.09 6
5680210 32.13 99183.77 38.71 22030.98 7
5680959 32.21 99183.99 38.69 22686.99 8
5681709 32.26 99182.07 38.68 23607.53 9
5682459 32.29 99182.58 38.66 23965.55 0
5682709 32.21 99182.59 38.64 346062.84 1
5683958 31.79 99183.41 38.54 345712.34 2
5688207 31.64 99178.97 38.63 359929.69 3
5688956 31.88 99179.13 38.68 81632.66 4
5689706 31.99 99177.36 38.71 84460.57 5
5690206 32.05 99178.61 38.71 86868.00 6
5690956 32.13 99177.43 38.69 22145.33 7
5691705 32.21 99178.67 38.68 22614.84 8
5692455 32.27 99180.02 38.67 23581.43 9
5693205 32.29 99179.64 38.66 24155.50 0
5693455 32.21 99178.94 38.57 347472.00 1
5694704 31.78 99177.51 38.56 345362.56 2
5698952 31.65 99175.69 38.62 357666.78 3
5699702 31.87 99175.74 38.70 82103.91 4
5700452 31.99 99174.14 38.71 84965.15 5
5700952 32.04 99174.84 38.76 87134.10 6
5701701 32.13 99175.09 38.68 22076.58 7
5702451 32.21 99171.90 38.69 22590.89 8
5703201 32.26 99173.75 38.66 23646.78 9
5703951 32.28 99171.95 38.63 24100.92 0
5704201 32.21 99172.43 38.61 348892.69 1
5705450 31.79 99173.93 38.50 346766.00 2
5709698 31.65 99176.84 38.61 360309.66 3
5710448 31.88 99177.27 38.70 82103.91 4
5711198 32.00 99177.95 38.72 85049.84 5
5711698 32.05 99179.24 38.70 87134.10 6
5712447 32.13 99179.38 38.69 22145.33 7
5713197 32.21 99179.78 38.70 22686.99 8
5713947 32.26 99179.12 38.67 23725.67 9
5714696 32.29 99178.34 38.63 24237.83 0
5714946 32.22 99180.16 38.56 351769.16 1
5716196 31.78 99177.68 38.51 348180.91 2
5720444 31.67 99176.75 38.66 361837.47 3
5721194 31.88 99173.23 38.72 82103.91 4
5721944 32.00 99171.44 38.73 85049.84 5
5722443 32.05 99173.19 38.73 86779.66 6
5723193 32.13 99171.82 38.71 22145.33 7
5723943 32.21 99171.09 38.68 22711.14 8
5724693 32.25 99169.91 38.64 23712.49 9
5725442 32.29 99169.93 38.65 24141.83 0
5725692 32.21 99169.11 38.63 349965.81 1
5726942 31.79 99170.54 38.54 347472.00 2
5731190 31.65 99170.29 38.66 359929.69 3
5731940 31.88 99170.59 38.73 81867.60 4
5732689 32.00 99172.58 38.69 85304.90 5
5733439 32.04 99173.99 38.72 87134.10 6
5733939 32.13 99175.26 38.68 22214.51 7
5734689 32.21 99176.16 38.69 22735.35 8
5735438 32.26 99175.81 38.64 23752.09 9
5736188 32.29 99175.19 38.63 24293.04 0
5736438 32.21 99176.12 38.61 347826.09 1
5737687 31.79 99174.96 38.52 346766.00 2
5741936 31.65 99170.05 38.66 360309.66 3
5742685 31.88 99171.28 38.71 82500.80 4
5743435 32.00 99171.25 38.70 85390.26 5
5744185 32.05 99171.65 38.72 86956.52 6
5744685 32.13 99168.98 38.69 22284.12 7
5745434 32.22 99166.82 38.70 22832.68 8
5746184 32.27 99169.01 38.67 23845.01 9
5746934 32.29 99168.45 38.64 24348.49 0
5747184 32.22 99170.38 38.60 349607.38 1
5748433 31.79 99171.97 38.51 347118.66 2
5752681 31.65 99171.36 38.62 361837.47 3
5753431 31.88 99171.67 38.67 82262.21 4
5754181 32.00 99173.43 38.76 85819.65 5
5754931 32.05 99173.68 38.69 87134.10 6
5755431 32.13 99173.39 38.69 22330.78 7
5756180 32.22 99172.81 38.69 22857.14 8
5756930 32.27 99170.85 38.67 23885.05 9
5757680 32.29 99170.45 38.61 24362.39 0
5757930 32.22 99171.77 38.58 355802.66 1
5759179 31.80 99170.55 38.54 349249.66 2
5763427 31.65 99168.39 38.61 362991.84 3
5764177 31.88 99168.87 38.68 83306.22 4
5764927 32.00 99167.25 38.67 86253.37 5
5765676 32.05 99168.79 38.67 87134.10 6
5766176 32.14 99167.72 38.68 22495.61 7
5766926 32.22 99164.80 38.66 22955.52 8
5767676 32.27 99163.66 38.64 24073.73 9
5768425 32.29 99163.47 38.62 24530.47 0
5768675 32.22 99163.52 38.58 355432.16 1
5769925 31.79 99164.48 38.53 352132.06 2
5774173 31.65 99162.29 38.63 364542.53 3
5774923 31.88 99164.40 38.68 82982.17 4
5775672 32.00 99163.88 38.76 86166.27 5
5776422 32.05 99164.88 38.73 87401.84 6
5776922 32.13 99164.64 38.68 22590.89 7
5777672 32.22 99162.78 38.65 22980.25 8
5778421 32.27 99164.00 38.67 23965.55 9
5779171 32.29 99165.45 38.60 24404.20 0
5779421 32.22 99167.10 38.61 356173.91 1
5780920 31.80 99167.92 38.53 351769.16 2
5784919 31.66 99166.06 38.63 362991.84 3
5785668 31.88 99166.73 38.65 82901.55 4
5786418 32.00 99167.18 38.72 85561.50 5
5787168 32.05 99167.20 38.68 88123.92 6
5787668 32.13 99166.85 38.71 22448.26 7
5788417 32.22 99166.82 38.69 23005.03 8
5789167 32.27 99168.66 38.65 24006.00 9
5789917 32.29 99166.53 38.62 24587.02 0
5790167 32.22 99168.47 38.60 356545.97 1
5791666 31.79 99168.90 38.52 353591.16 2
5795664 31.65 99164.91 38.61 364153.63 3
5796414 31.88 99164.01 38.71 82982.17 4
5797164 32.00 99164.41 38.65 86253.37 5
5797914 32.05 99164.73 38.65 88123.92 6
5798664 32.14 99162.21 38.71 22377.62 7
5799163 32.22 99160.78 38.67 23542.39 8
5799913 32.27 99159.98 38.61 23952.10 9
5800663 32.29 99159.41 38.61 24460.16 0
5800913 32.21 99160.23 38.60 358041.97 1
5802412 31.79 99160.82 38.45 354325.25 2
5806410 31.66 99159.48 38.63 375641.97 3
5807160 31.88 99158.29 38.65 83387.63 4
5807910 32.01 99158.73 38.70 86340.64 5
5808660 32.05 99157.66 38.70 88306.31 6
5809409 32.14 99156.73 38.66 22495.61 7
5809909 32.22 99157.07 38.66 23477.62 8
5810659 32.27 99158.33 38.62 24100.92 9
5811409 32.29 99161.01 38.62 24530.47 0
5811659 32.22 99161.52 38.58 356545.97 1
5813158 31.80 99164.63 38.49 353957.84 2
5817156 31.66 99162.70 38.62 365322.88 3
5817906 31.88 99163.34 38.66 83224.97 4
5818656 32.01 99164.34 38.63 85992.61 5
5819406 32.05 99163.13 38.73 87581.25 6
5820155 32.14 99164.26 38.68 22567.00 7
5820655 32.22 99164.91 38.66 23503.49 8
5821405 32.27 99164.04 38.64 24060.15 9
5822155 32.29 99163.96 38.61 24729.52 0
5822405 32.22 99165.67 38.55 357666.78 1
5823904 31.80 99164.59 38.46 355802.66 2
5827902 31.66 99156.42 38.53 366499.66 3
5828652 31.89 99158.29 38.66 83469.19 4
5829402 32.00 99159.05 38.66 86515.71 5
5830151 32.05 99161.13 38.73 88397.79 6
5830901 32.14 99162.74 38.69 22662.89 7
5831401 32.22 99162.57 38.67 23529.41 8
5832151 32.27 99164.65 38.63 24100.92 9
5832900 32.29 99161.53 38.63 24558.71 0
5833150 32.22 99164.05 38.58 358041.97 1
5834650 31.79 99164.73 38.46 353957.84 2
5838648 31.66 99156.31 38.61 375848.78 3
5839398 31.88 99156.70 38.67 83387.63 4
5840147 32.01 99156.66 38.70 86166.27 5
5840897 32.05 99155.08 38.70 88123.92 6
5841647 32.14 99155.32 38.67 22590.89 7
5842147 32.23 99156.91 38.66 23568.40 8
5842896 32.27 99155.45 38.63 24196.60 9
5843646 32.30 99154.98 38.59 24658.06 0
5843896 32.23 99156.71 38.55 359929.69 1
5845395 31.79 99156.32 38.46 356173.91 2
5849394 31.66 99159.18 38.66 376886.28 3
5850143 31.88 99160.27 38.70 83961.95 4
5850893 32.02 99163.99 38.68 86515.71 5
5851643 32.06 99163.89 38.74 88397.79 6
5852393 32.14 99165.05 38.69 22471.91 7
5852893 32.23 99166.45 38.67 23633.68 8
5853642 32.27 99165.08 38.66 24224.07 9
5854392 32.30 99165.80 38.61 24700.89 0
5854642 32.22 99167.02 38.61 364153.63 1
5856141 31.80 99163.18 38.47 359550.56 2
5860140 31.66 99155.23 38.58 378978.53 3
5860889 31.88 99158.15 38.67 84044.65 4
5861639 32.01 99160.44 38.66 86868.00 5
5862389 32.05 99160.70 38.74 88950.66 6
5863138 32.14 99159.42 38.66 22808.27 7
5863638 32.23 99159.02 38.64 23607.53 8
5864388 32.27 99158.13 38.64 24279.21 9
5865138 32.30 99157.99 38.62 24815.82 0
5865388 32.23 99157.94 38.57 364542.53 1
5866887 31.79 99154.28 38.50 359550.56 2
5870885 31.66 99154.66 38.54 378768.25 3
5871635 31.88 99155.97 38.65 84044.65 4
5872385 32.00 99155.39 38.65 86428.09 5
5873134 32.05 99156.00 38.70 88489.46 6
5873884 32.14 99155.73 38.65 22638.84 7
5874384 32.23 99156.39 38.69 23686.16 8
5875134 32.27 99156.77 38.68 24348.49 9
5875884 32.29 99157.52 38.60 24859.20 0
5876134 32.23 99161.91 38.55 362991.84 1
5877633 31.79 99159.19 38.44 358794.69 2
5881881 31.66 99160.90 38.55 378138.84 3
5882381 31.89 99160.73 38.68 83961.95 4
5883130 32.01 99160.51 38.69 86691.50 5
5883880 32.06 99160.27 38.72 88765.60 6
5884630 32.14 99158.32 38.64 22711.14 7
5885130 32.23 99160.60 38.66 23725.67 8
5885879 32.27 99162.41 38.63 24348.49 9
5886629 32.30 99161.28 38.59 24931.83 0
5886879 32.22 99162.98 38.55 366106.53 1
5888379 31.80 99163.76 38.48 360309.66 2
5892627 31.66 99157.09 38.53 380245.09 3
5893127 31.89 99159.67 38.66 83961.95 4
5893876 32.01 99161.16 38.67 87045.23 5
5894626 32.06 99161.96 38.69 89323.10 6
5895376 32.14 99159.20 38.63 22881.66 7
5896125 32.22 99158.44 38.66 23898.43 8
5896625 32.27 99158.86 38.63 24418.16 9
5897375 32.30 99160.20 38.59 24888.20 0
5897625 32.22 99160.16 38.54 376055.81 1
5899124 31.80 99159.89 38.51 362221.44 2
5903373 31.65 99154.63 38.59 383018.50 3
5903872 31.89 99157.59 38.68 84628.10 4
5904622 32.01 99160.38 38.67 87581.25 5
5905372 32.05 99157.36 38.67 89323.10 6
5906122 32.14 99157.60 38.66 22857.14 7
5906872 32.23 99158.26 38.66 23885.05 8
5907371 32.27 99158.80 38.63 24544.58 9
5908121 32.30 99157.99 38.58 25078.37 0
5908371 32.21 99157.48 38.60 376470.59 1
5909870 31.79 99155.84 38.49 362606.22 2
5914119 31.66 99155.06 38.55 383233.53 3
5914619 31.88 99154.56 38.67 84210.52 4
5915368 32.01 99154.47 38.69 87671.23 5
5916118 32.06 99153.53 38.65 89043.48 6
5916868 32.14 99152.75 38.66 22906.23 7
5917617 32.23 99155.05 38.66 24006.00 8
5918117 32.27 99153.85 38.62 24530.47 9
5918867 32.30 99153.68 38.59 25034.23 0
5919117 32.23 99154.73 38.55 377302.88 1
5920616 31.80 99155.21 38.50 362991.84 2
5924865 31.65 99156.32 38.56 384312.25 3
5925365 31.89 99158.34 38.66 84377.06 4
5926114 32.01 99161.23 38.68 87942.29 5
5926864 32.06 99159.18 38.63 89510.49 6
5927614 32.14 99158.71 38.64 23005.03 7
5928363 32.23 99159.47 38.64 23952.10 8
5928863 32.28 99159.10 38.62 24572.86 9
5929613 32.30 99159.39 38.58 25019.55 0
5929863 32.23 99161.46 38.53 378978.53 1
5931362 31.80 99157.52 38.46 362991.84 2
5935610 31.66 99152.27 38.57 382589.19 3
5936110 31.89 99155.25 38.64 84796.29 4
5936860 32.01 99156.41 38.67 87671.23 5
5937610 32.05 99155.58 38.60 89698.67 6
5938359 32.14 99154.37 38.65 23490.55 7
5939109 32.23 99159.34 38.63 24128.18 8
5939609 32.27 99158.96 38.61 24643.82 9
5940359 32.29 99160.13 38.57 25211.74 0
5940609 32.22 99162.43 38.56 381733.47 1
5942108 31.79 99160.59 38.51 365322.88 2
5946356 31.66 99154.03 38.61 384528.72 3
5946856 31.89 99157.02 38.63 85049.84 4
5947606 32.01 99156.73 38.65 88397.79 5
5948356 32.06 99155.55 38.58 89793.05 6
5949105 32.14 99155.30 38.65 23477.62 7
5949855 32.23 99156.00 38.64 24155.50 8
5950355 32.28 99155.87 38.61 24743.86 9
5951105 32.30 99154.27 38.59 25196.85 0
5951355 32.22 99155.05 38.58 381947.03 1
5952854 31.80 99154.75 38.48 364932.28 2
5957102 31.66 99153.90 38.61 386050.91 3
5957602 31.89 99157.55 38.63 85390.26 4
5958352 32.01 99159.13 38.64 87761.40 5
5959101 32.06 99159.08 38.65 89887.64 6
5959851 32.14 99156.60 38.64 23005.03 7
5960601 32.23 99158.30 38.64 24073.73 8
5961101 32.28 99157.60 38.61 24715.20 9
5961851 32.30 99154.95 38.58 25301.44 0
5962101 32.23 99158.27 38.54 384096.03 1
5963600 31.80 99158.42 38.49 377302.88 2
5967848 31.66 99153.75 38.59 387805.34 3
5968348 31.89 99154.03 38.65 85475.80 4
5969098 32.01 99153.77 38.66 88033.02 5
5969847 32.06 99155.59 38.64 90363.57 6
5970597 32.14 99154.17 38.65 23686.16 7
5971347 32.23 99152.79 38.63 24141.83 8
5971847 32.28 99150.63 38.61 24830.26 9
5972596 32.30 99150.95 38.57 25211.74 0
5972847 32.23 99154.10 38.52 384312.25 1
5974346 31.80 99153.23 38.44 375229.03 2
5978594 31.66 99154.24 38.67 387805.34 3
5979344 31.89 99155.57 38.66 85561.50 4
5979844 32.01 99155.35 38.67 87942.29 5
5980593 32.06 99155.28 38.60 90555.36 6
5981343 32.14 99155.54 38.64 23581.43 7
5982093 32.23 99153.84 38.64 24141.83 8
5982593 32.27 99153.51 38.61 24830.26 9
5983342 32.30 99152.04 38.57 25391.79 0
5983592 32.23 99152.95 38.56 383018.50 1
5985092 31.80 99151.04 38.41 376055.81 2
5989340 31.66 99147.40 38.61 388467.38 3
5990090 31.89 99151.02 38.67 85561.50 4
5990590 32.02 99150.21 38.70 88765.60 5
5991339 32.07 99149.41 38.67 89698.67 6
5992089 32.14 99148.73 38.65 23516.44 7
5992839 32.23 99149.81 38.64 24293.04 8
5993338 32.28 99149.96 38.59 24902.72 9
5994088 32.30 99151.38 38.59 25467.57 0
5994338 32.22 99152.20 38.55 384962.41 1
5995837 31.80 99153.23 38.47 377302.88 2
6000086 31.66 99153.81 38.55 388467.38 3
6000836 31.89 99155.80 38.63 85819.65 4
6001335 32.01 99156.11 38.70 88581.31 5
6002085 32.06 99157.31 38.61 90459.37 6
6002835 32.14 99155.48 38.64 23686.16 7
6003584 32.23 99156.90 38.63 24348.49 8
6004334 32.28 99154.03 38.64 24902.72 9
6004834 32.30 99155.14 38.58 25301.44 0
6005084 32.23 99156.30 38.53 386926.13 1
6006583 31.79 99154.78 38.49 380881.53 2
6010831 31.67 99156.44 38.57 392262.03 3
6011581 31.89 99156.52 38.63 86253.37 4
6012081 32.02 99156.63 38.63 88397.79 5
6012831 32.06 99156.61 38.65 90651.55 6
6013580 32.14 99154.52 38.65 23686.16 7
6014330 32.22 99152.44 38.63 24390.24 8
6015080 32.28 99152.62 38.60 24902.72 9
6015580 32.30 99151.20 38.57 25528.52 0
6015830 32.23 99153.81 38.55 387145.56 1
6017329 31.80 99153.23 38.48 379189.03 2
6021577 31.66 99152.07 38.58 390467.13 3
6022327 31.89 99153.11 38.69 86428.09 4
6022827 32.01 99153.66 38.68 88765.60 5
6023576 32.06 99154.28 38.64 90267.98 6
6024326 32.14 99154.91 38.64 23765.32 7
6025076 32.23 99155.29 38.65 24362.39 8
6025825 32.27 99155.63 38.61 25078.37 9
6026325 32.30 99155.80 38.58 25605.12 0
6026575 32.23 99158.28 38.56 387805.34 1
6028075 31.80 99157.63 38.47 378978.53 2
6032323 31.66 99153.21 38.64 391587.00 3
6033072 31.89 99154.21 38.65 86779.66 4
6033572 32.02 99155.84 38.65 89416.70 5
6034322 32.07 99154.59 38.64 91233.07 6
6035072 32.14 99153.88 38.64 23845.01 7
6035822 32.23 99154.46 38.62 24474.19 8
6036571 32.27 99152.63 38.60 25078.37 9
6037071 32.30 99151.63 38.59 25713.14 0
6037321 32.23 99154.02 38.56 388910.00 1
6038821 31.81 99154.72 38.47 380881.53 2
6043069 31.66 99158.35 38.56 392939.38 3
6043818 31.89 99161.16 38.61 86515.71 4
6044318 32.02 99162.77 38.64 89793.05 5
6045068 32.07 99162.56 38.63 91526.63 6
6045818 32.14 99160.71 38.62 23831.69 7
6046567 32.23 99157.29 38.62 24558.71 8
6047317 32.28 99157.60 38.62 25211.74 9
6047817 32.30 99155.65 38.57 25651.30 0
6048317 32.23 99156.08 38.59 392939.38 1
6049566 31.80 99154.12 38.44 382589.19 2
6053814 31.68 99157.64 38.53 394073.50 3
6054564 31.89 99157.84 38.61 86956.52 4
6055064 32.02 99159.20 38.65 89793.05 5
6055814 32.06 99157.81 38.66 91428.57 6
6056563 32.15 99157.38 38.64 23938.66 7
6057313 32.23 99157.62 38.62 24587.02 8
