=~=~=~=~=~=~=~=~=~=~=~= PuTTY log 2024.11.24 20:51:28 =~=~=~=~=~=~=~=~=~=~=~=
2168322 31.67 98112.73 41.11 2751763.50 2
2172571 31.54 98103.07 41.25 1922553.38 3
2173070 31.76 98099.05 41.30 215442.88 4
2173820 31.88 98103.12 41.34 205333.88 5
2174570 31.93 98102.13 41.32 198180.77 6
2175320 32.01 98098.12 41.33 44198.89 7
2176069 32.10 98099.52 41.30 46259.49 8
21762198811 32.13 98102.58 41.25 50453.29 0
2199061 32.04 98099.48 41.22 1707378.13 1
2200560 31.61 98095.48 41.12 2727030.75 2
2204809 31.48 98095.24 41.26 1922553.38 3
2205558 31.71 98094.19 41.33 215851.61 4
2206058 31.84 98092.64 41.34 204472.84 5
2206808 31.88 98090.17 41.35 198180.77 6
2207558 31.97 98087.60 41.35 44016.51 7
2208307 32.05 98089.27 41.31 45960.50 8
2209057 32.10 98090.48 41.32 48808.39 9
2209557 32.13 98090.52 41.28 50274.94 0
2210057 32.06 98090.62 41.22 1723543.00 1
2211306 31.61 98088.37 41.12 2751763.50 2
2215554 31.49 98087.61 41.27 1922553.38 3
2216304 31.71 98086.34 41.31 214765.09 4
2216804 31.85 98085.61 41.34 205829.14 5
2217553 31.89 98087.30 41.30 198295.89 6
2218303 31.97 98085.90 41.29 44107.51 7
2219053 32.06 98086.28 41.31 46309.70 8
2219802 32.11 98086.55 41.29 48808.39 9
2220302 32.13 98085.54 41.22 50068.45 0
2220802 32.05 98085.54 41.23 1720285.63 1
2222051 31.61 98082.73 41.10 2765698.75 2
2226300 31.49 98084.91 41.22 1919850.00 3
2227049 31.71 98085.11 41.29 215171.25 4
2227799 31.85 98086.66 41.32 206701.66 5
2228299 31.89 98089.30 41.31 198642.09 6
2229048 31.98 98090.38 41.30 43790.63 7
2229798 32.05 98090.43 41.25 46410.44 8
2230548 32.11 98092.19 41.23 48976.47 9
2231298 32.13 98089.93 41.18 50186.24 0
2231548 32.05 98087.86 41.17 1703118.50 1
2232797 31.62 98087.91 41.08 2735225.50 2
2237045 31.50 98091.43 41.19 1894542.13 3
2237795 31.72 98092.38 41.26 214225.94 4
2238544 31.84 98090.27 41.30 205829.14 5
2239044 31.89 98091.08 41.28 197492.77 6
2239794 31.97 98087.57 41.25 44061.96 7
2240544 32.06 98090.04 41.23 46109.51 8
2241294 32.11 98090.61 41.22 48920.31 9
2242043 32.13 98090.57 41.18 50572.89 0
2242293 32.05 98090.73 41.15 1711659.00 1
2243543 31.61 98089.91 41.06 2705416.00 2
2247791 31.49 98088.82 41.19 1906446.38 3
2248541 31.71 98088.41 41.24 214765.09 4
2249291 31.84 98086.66 41.20 205581.20 5
2249791 31.89 98087.77 41.27 199338.14 6
2250540 31.97 98085.20 41.24 43880.70 7
2251290 32.05 98084.95 41.23 46059.73 8
2252040 32.10 98084.20 41.17 48558.42 9
2252790 32.13 98085.94 41.14 50215.77 0
2253040 32.05 98085.87 41.12 1694662.75 1
2254289 31.61 98082.55 41.04 2729756.75 2
2258537 31.49 98080.69 41.16 1899814.50 3
2259287 31.71 98082.59 41.22 214765.09 4
2260037 31.84 98082.55 41.25 206326.81 5
2260787 31.89 98082.57 41.20 197150.56 6
2261286 31.96 98082.02 41.21 43790.63 7
2262036 32.05 98085.22 41.20 45763.32 8
2262786 32.10 98086.40 41.16 48724.78 9
2263536 32.13 98087.05 41.08 50304.58 0
2263786 32.04 98084.94 41.09 1709515.88 1
2265035 31.61 98084.49 40.97 2754539.25 2
2269283 31.48 98083.30 41.13 1915809.13 3
2270033 31.70 98082.71 41.18 215171.25 4
2270783 31.83 98081.84 41.18 204595.41 5
2271532 31.88 98085.32 41.19 198411.16 6
2272032 31.96 98085.70 41.20 44061.96 7
2272782 32.05 98085.82 41.13 46109.51 8
2273532 32.09 98087.45 41.13 48696.98 9
2274281 32.12 98086.53 41.11 50186.24 0
2274531 32.04 98086.72 41.09 1698880.13 1
2276031 31.61 98082.03 40.96 2713481.25 2
2280029 31.48 98084.13 41.13 1910447.75 3
2280779 31.70 98083.53 41.17 214360.48 4
2281528 31.83 98084.66 41.18 204718.11 5
2282278 31.88 98086.11 41.18 198295.89 6
2282778 31.96 98083.97 41.18 44016.51 7
2283528 32.04 98085.80 41.16 46209.39 8
2284277 32.09 98087.21 41.11 48724.78 9
2285027 32.11 98088.45 41.08 50127.28 0
2285277 32.04 98089.59 41.10 1708446.25 1
2286777 31.60 98088.67 40.95 2724310.00 2
2290775 31.47 98093.15 41.15 1910447.75 3
2291525 31.69 98090.63 41.17 214495.19 4
2292274 31.83 98092.48 41.19 204840.97 5
2293024 31.88 98091.57 41.16 198873.56 6
2293774 31.96 98089.55 41.14 44061.96 7
2294274 32.04 98090.28 41.14 45960.50 8
2295023 32.09 98088.23 41.12 48780.49 9
2295773 32.11 98091.10 41.09 50245.34 0
2296023 32.04 98091.20 41.05 1715961.50 1
2297523 31.60 98085.64 40.94 2735225.50 2
2301521 31.47 98088.93 41.07 1911785.25 3
2302271 31.69 98087.88 41.15 216536.27 4
2303020 31.82 98087.96 41.16 205829.14 5
2303770 31.87 98092.73 41.14 199221.80 6
2304520 31.95 98093.77 41.15 44290.66 7
2305019 32.04 98090.45 41.14 46059.73 8
2305769 32.08 98092.45 41.13 48669.20 9
2306519 32.11 98092.28 41.05 49863.65 0
2306769 32.04 98093.12 41.02 1703118.50 1
2308268 31.60 98093.98 40.94 2735225.50 2
2312266 31.46 98094.72 41.06 1902461.63 3
2313016 31.68 98091.86 41.13 213689.48 4
2313766 31.81 98091.79 41.15 205210.42 5
2314516 31.86 98092.56 41.17 198873.56 6
2315265 31.95 98090.56 41.14 43745.73 7
2315765 32.04 98091.92 41.12 46059.73 8
2316515 32.07 98090.31 41.12 48641.46 9
2317265 32.10 98091.46 41.09 50039.09 0
2317515 32.02 98092.28 41.05 1703118.50 1
2319014 31.59 98090.39 40.94 2713481.25 2
2323262 31.46 98092.66 41.06 1906446.38 3
2323762 31.68 98092.66 41.14 213957.38 4
2324512 31.81 98094.25 41.14 204350.42 5
2325262 31.86 98095.52 41.16 198989.50 6
2326011 31.94 98093.84 41.16 43835.62 7
2326761 32.03 98094.27 41.15 46209.39 8
2327261 32.07 98094.45 41.08 48613.75 9
2328011 32.10 98095.85 41.06 50245.34 0
2328261 32.02 98096.08 41.03 1706311.13 1
2329760 31.59 98094.48 40.95 2724310.00 2
2334008 31.46 98094.27 41.07 1911785.25 3
2334508 31.67 98090.55 41.11 214900.31 4
2335258 31.80 98091.00 41.14 205457.47 5
2336007 31.85 98090.60 41.14 198873.56 6
2336757 31.94 98087.13 41.14 43925.88 7
2337507 32.02 98084.42 41.08 46010.07 8
2338007 32.06 98086.00 41.11 48558.42 9
2338756 32.08 98088.78 41.05 50068.45 0
2339006 32.02 98090.59 41.00 1706311.13 1
2340506 31.57 98089.36 40.92 2697398.75 2
2344754 31.45 98090.95 41.07 1902461.63 3
2345504 31.66 98087.44 41.13 214765.09 4
2346003 31.80 98088.96 41.12 205210.42 5
2346753 31.84 98090.55 41.14 198873.56 6
2347503 31.93 98092.86 41.08 43835.62 7
2348253 32.01 98094.01 41.09 46159.39 8
2349002 32.05 98091.70 41.07 48724.78 9
2349502 32.08 98091.69 41.04 50127.28 0
2349752 32.01 98089.95 41.01 1700996.63 1
2351252 31.57 98089.01 40.92 2710787.50 2
2355500 31.44 98087.59 41.05 1910447.75 3
2356250 31.66 98088.53 41.08 215306.98 4
2356750 31.79 98090.46 41.14 204595.41 5
2357499 31.84 98090.43 41.09 197950.91 6
2358249 31.93 98090.31 41.11 43745.73 7
2358999 32.00 98089.15 41.10 46109.51 8
2359748 32.05 98089.95 41.08 48724.78 9
2360248 32.07 98087.95 41.02 50274.94 0
2360498 32.00 98087.87 40.96 1705245.63 1
2361997 31.55 98084.94 40.90 2737968.00 2
2366246 31.44 98079.52 41.03 1914466.00 3
2366995 31.65 98079.33 41.03 214225.94 4
2367495 31.79 98083.43 41.10 205333.88 5
2368245 31.83 98084.01 41.10 198295.89 6
2368995 31.91 98085.80 41.09 43880.70 7
2369744 32.00 98084.97 41.07 46059.73 8
2370494 32.05 98087.79 41.00 48586.07 9
2370994 32.06 98084.44 41.02 49922.00 0
2371494 32.00 98085.63 40.99 1683172.38 1
2372743 31.55 98079.66 40.89 2694736.75 2
2376991 31.43 98079.86 41.02 1903788.00 3
2377741 31.64 98079.83 41.06 214900.31 4
2378491 31.77 98080.88 41.10 205087.13 5
2378991 31.82 98078.59 41.06 197378.56 6
2379740 31.91 98077.39 41.06 43790.63 7
2380490 32.00 98078.57 41.06 46159.39 8
2381240 32.04 98077.44 40.99 48752.62 9
2381989 32.06 98078.41 41.02 49892.81 0
2382239 31.98 98078.65 40.97 1693611.75 1
2383489 31.55 98077.02 40.86 2692080.25 2
2387737 31.42 98078.41 40.98 1906446.38 3
2388487 31.64 98077.79 41.03 215035.70 4
2389237 31.78 98080.19 41.07 206326.81 5
2389736 31.82 98078.87 41.04 198642.09 6
2390486 31.90 98080.87 41.08 43835.62 7
2391236 31.99 98081.38 41.01 45911.05 8
2391986 32.03 98080.59 41.02 48864.29 9
2392735 32.06 98079.80 41.00 50039.09 0
2392985 31.98 98080.81 40.94 1688375.88 1
2394235 31.55 98076.83 40.85 2705416.00 2
2398483 31.42 98081.21 40.97 1898493.63 3
2399232 31.63 98077.52 41.04 213288.89 4
2399982 31.77 98078.91 41.06 205210.42 5
2400482 31.82 98080.09 41.07 199338.14 6
2401232 31.90 98079.68 41.06 43745.73 7
2401982 31.98 98079.49 41.05 45960.50 8
2402731 32.02 98079.45 41.02 48613.75 9
2403481 32.05 98079.20 40.99 49951.22 0
2403731 31.98 98080.23 41.00 1691513.50 1
2404980 31.53 98079.45 40.86 2700066.00 2
2409229 31.41 98078.83 40.99 1906446.38 3
2409978 31.63 98077.73 41.01 216261.88 4
2410728 31.76 98081.05 41.07 205705.11 5
2411478 31.81 98081.59 41.06 198295.89 6
2411978 31.89 98082.01 41.03 43880.70 7
2412727 31.97 98081.91 41.05 46159.39 8
2413477 32.02 98082.95 41.02 48558.42 9
2414227 32.04 98083.20 41.00 50039.09 0
2414477 31.97 98084.51 40.93 1691513.50 1
2415726 31.52 98080.41 40.87 2721594.75 2
2419974 31.40 98084.19 40.98 1914466.00 3
2420724 31.61 98080.95 41.04 214225.94 4
2421474 31.75 98083.52 41.03 204350.42 5
2422224 31.80 98083.91 41.08 196696.13 6
2422723 31.88 98083.98 41.06 43790.63 7
2423473 31.97 98085.06 41.02 45861.70 8
2424223 32.01 98084.65 41.03 48724.78 9
2424973 32.04 98084.82 40.94 49892.81 0
2425223 31.97 98085.63 40.96 1692562.00 1
2426722 31.53 98080.28 40.81 2700066.00 2
2430720 31.40 98085.85 40.99 1922553.38 3
2431470 31.61 98085.84 41.02 213288.89 4
2432220 31.75 98089.52 41.04 204840.97 5
2432970 31.80 98091.69 41.04 198180.77 6
2433470 31.88 98091.17 41.05 43745.73 7
2434219 31.96 98091.93 41.00 46010.07 8
2434969 32.01 98091.02 40.96 48311.00 9
2435719 32.03 98091.22 41.01 50009.77 0
2435969 31.95 98092.63 40.96 1698880.13 1
2437468 31.52 98089.63 40.87 2681505.75 2
2441466 31.39 98090.10 40.96 1903788.00 3
2442216 31.60 98087.23 41.06 214225.94 4
2442966 31.74 98090.84 41.09 206077.69 5
2443715 31.79 98091.07 41.05 197836.17 6
2444465 31.88 98090.16 41.04 43745.73 7
2444965 31.96 98087.29 41.05 45665.36 8
2445715 32.00 98088.18 41.03 48558.42 9
2446464 32.03 98086.57 40.93 49863.65 0
2446714 31.95 98088.25 40.96 1690466.38 1
2448214 31.51 98089.16 40.84 2684141.50 2
2452212 31.39 98090.65 40.96 1913124.75 3
2452962 31.60 98084.29 41.02 213022.67 4
2453711 31.74 98082.14 41.06 205457.47 5
2454461 31.79 98084.68 41.06 197378.56 6
2455211 31.87 98087.41 41.01 43567.05 7
2455711 31.95 98089.96 41.01 45960.50 8
2456460 31.99 98089.48 41.01 48613.75 9
2457210 32.02 98088.17 40.99 50186.24 0
2457460 31.95 98090.68 40.95 1693611.75 1
2458960 31.51 98089.38 40.84 2697398.75 2
2463208 31.38 98090.44 40.99 1910447.75 3
2463708 31.60 98091.74 41.03 214630.06 4
2464457 31.73 98091.39 41.04 204350.42 5
2465207 31.78 98090.00 41.07 198873.56 6
2465957 31.87 98090.47 41.05 43700.92 7
2466706 31.95 98092.03 41.01 45861.70 8
2467206 31.99 98090.63 40.99 48503.22 9
2467956 32.01 98091.40 40.94 49922.00 0
2468206 31.95 98092.62 40.92 1689420.50 1
2469705 31.50 98094.41 40.84 2713481.25 2
2473953 31.38 98089.87 40.97 1907778.25 3
2474453 31.59 98087.46 41.04 214360.48 4
2475203 31.72 98090.23 41.06 206202.17 5
2475953 31.78 98093.03 41.04 197836.17 6
2476703 31.86 98093.15 41.04 43835.62 7
2477452 31.94 98091.20 40.98 45861.70 8
2477952 31.98 98093.31 40.97 48283.67 9
2478702 32.01 98091.96 40.98 49834.54 0
2478952 31.94 98095.13 40.95 1680065.63 1
2480451 31.50 98094.59 40.83 2697398.75 2
2484699 31.37 98091.90 40.97 1911785.25 3
2485199 31.59 98090.01 41.03 213288.89 4
2485949 31.71 98088.94 41.05 205087.13 5
2486699 31.77 98089.70 41.02 197721.56 6
2487448 31.85 98089.12 41.03 43611.59 7
2488198 31.94 98090.75 41.02 45665.36 8
2488698 31.98 98091.07 40.99 48311.00 9
2489448 32.00 98091.80 40.98 50097.85 0
2489698 31.93 98092.48 40.92 1678000.88 1
2491197 31.50 98092.66 40.86 2686782.50 2
2495445 31.36 98086.51 40.98 1917154.25 3
2496195 31.58 98084.32 41.01 213555.78 4
2496695 31.71 98081.53 41.04 204718.11 5
2497444 31.76 98084.31 41.00 197492.77 6
2498194 31.84 98084.13 41.01 43745.73 7
2498944 31.93 98086.05 40.98 45861.70 8
2499694 31.97 98086.99 40.97 48475.67 9
2500193 32.00 98086.10 40.94 49805.45 0
2500443 31.93 98087.64 40.93 1667752.50 1
2501943 31.49 98087.52 40.82 2673629.25 2
2506191 31.36 98087.41 40.95 1899814.50 3
2506941 31.57 98086.50 41.00 214495.19 4
2507440 31.70 98087.19 41.07 203862.23 5
2508190 31.76 98087.49 41.03 197378.56 6
2508940 31.84 98086.04 41.03 43790.63 7
2509690 31.92 98087.02 40.97 45567.82 8
2510439 31.97 98086.42 40.96 48448.14 9
2510939 31.99 98087.05 40.98 49631.64 0
2511439 31.92 98088.00 40.94 1671836.75 1
2512689 31.48 98087.13 40.83 2684141.50 2
2516937 31.36 98084.81 40.95 1906446.38 3
2517686 31.57 98084.91 40.98 213957.38 4
2518436 31.70 98084.40 40.97 205457.47 5
2518936 31.75 98085.66 40.97 197150.56 6
2519686 31.84 98085.95 40.96 43389.83 7
2520435 31.93 98086.41 40.94 45812.46 8
2521185 31.96 98085.45 40.94 48558.42 9
2521935 31.99 98084.79 40.90 49747.38 0
2522185 31.92 98087.04 40.92 1680065.63 1
2523434 31.48 98085.40 40.79 2671014.00 2
2527682 31.34 98083.44 40.92 1913124.75 3
2528432 31.57 98084.77 40.97 215035.70 4
2529182 31.69 98084.98 40.98 204963.97 5
2529682 31.75 98086.73 40.98 197950.91 6
2530431 31.83 98086.10 41.01 43434.00 7
2531181 31.91 98087.08 40.97 46059.73 8
2531931 31.96 98086.13 40.98 48256.36 9
2532681 31.98 98085.45 40.91 49922.00 0
2532931 31.91 98086.48 40.91 1681100.00 1
2534180 31.47 98084.73 40.82 2668404.00 2
2538428 31.34 98087.54 40.91 1894542.13 3
2539178 31.56 98086.12 40.96 214225.94 4
2539928 31.69 98085.88 40.98 204840.97 5
2540427 31.74 98085.89 40.95 198065.77 6
2541177 31.82 98086.12 40.99 43835.62 7
2541927 31.91 98088.69 40.96 45616.54 8
2542677 31.96 98088.77 40.94 48311.00 9
2543426 31.98 98089.35 40.92 49922.00 0
2543676 31.90 98088.21 40.89 1689420.50 1
2544926 31.46 98089.01 40.78 2665799.00 2
2549174 31.34 98087.08 40.86 1909112.13 3
2549924 31.55 98085.05 40.91 213555.78 4
2550673 31.68 98083.56 40.96 204350.42 5
2551423 31.73 98085.63 40.98 198642.09 6
2551923 31.82 98083.73 40.96 43745.73 7
2552672 31.90 98083.48 40.97 45911.05 8
2553422 31.95 98082.99 40.92 48808.39 9
2554172 31.97 98083.79 40.89 49747.38 0
2554422 31.90 98085.93 40.87 1686290.63 1
2555671 31.46 98086.82 40.79 2652849.75 2
2559920 31.33 98084.69 40.89 1907778.25 3
2560670 31.55 98086.48 40.96 213957.38 4
2561419 31.68 98085.56 40.93 204718.11 5
2562169 31.73 98085.54 40.96 197836.17 6
2562669 31.81 98085.55 40.99 43522.61 7
2563419 31.90 98085.65 40.95 45763.32 8
2564168 31.94 98085.91 40.92 48586.07 9
2564918 31.96 98086.17 40.94 49776.39 0
2565168 31.89 98087.05 40.86 1673886.38 1
2566667 31.45 98086.78 40.76 2665799.00 2
2570666 31.32 98088.95 40.91 1906446.38 3
2571415 31.54 98086.55 40.94 213022.67 4
2572165 31.67 98086.15 40.96 203497.61 5
2572915 31.72 98087.36 40.97 197264.50 6
2573415 31.80 98087.63 40.95 43656.21 7
2574164 31.89 98089.09 40.92 45714.29 8
2574914 31.93 98087.50 40.85 48448.14 9
2575664 31.96 98090.39 40.90 49660.52 0
2575914 31.88 98092.74 40.85 1678000.88 1
2577413 31.45 98093.54 40.75 2663199.00 2
2581411 31.32 98089.76 40.87 1902461.63 3
2582161 31.54 98087.27 40.94 213155.70 4
2582911 31.66 98086.63 40.94 204472.84 5
2583660 31.71 98084.77 40.95 198757.77 6
2584410 31.80 98085.31 40.95 43567.05 7
2584910 31.89 98088.01 40.92 45861.70 8
2585660 31.93 98089.48 40.91 48256.36 9
2586409 31.95 98089.59 40.86 49922.00 0
2586659 31.88 98092.58 40.85 1690466.38 1
2588159 31.44 98093.55 40.77 2673629.25 2
2592157 31.31 98091.11 40.87 1907778.25 3
2592907 31.52 98089.13 40.92 215442.88 4
2593657 31.66 98091.63 40.94 205457.47 5
2594406 31.71 98092.89 40.93 198295.89 6
2595156 31.80 98092.53 40.93 43700.92 7
2595656 31.89 98093.24 40.89 45470.69 8
2596406 31.93 98093.66 40.94 48256.36 9
2597155 31.95 98093.93 40.88 49718.39 0
2597406 31.87 98094.38 40.83 1681100.00 1
2598905 31.43 98095.44 40.72 2660604.00 2
2603153 31.31 98093.44 40.86 1907778.25 3
2603653 31.52 98094.88 40.92 214091.58 4
2604402 31.65 98097.30 40.92 204840.97 5
2605152 31.70 98097.86 40.94 198526.56 6
2605902 31.79 98096.88 40.93 43656.21 7
2606402 31.88 98098.20 40.89 45519.20 8
2607151 31.92 98097.20 40.86 48338.37 9
2607901 31.95 98097.48 40.87 49401.77 0
2608151 31.86 98096.26 40.83 1682135.50 1
2609650 31.43 98094.53 40.74 2673629.25 2
2613899 31.30 98096.84 40.84 1902461.63 3
2614398 31.52 98097.66 40.90 213957.38 4
2615148 31.64 98099.55 40.88 205210.42 5
2615898 31.69 98097.11 40.90 198526.56 6
2616648 31.79 98097.23 40.90 43700.92 7
2617397 31.88 98095.82 40.91 45714.29 8
2617897 31.91 98093.84 40.88 48503.22 9
2618647 31.94 98093.90 40.85 49951.22 0
2618897 31.86 98094.48 40.81 1679032.63 1
2620396 31.43 98094.44 40.69 2665799.00 2
2624644 31.29 98092.16 40.82 1903788.00 3
2625144 31.51 98090.06 40.90 213555.78 4
2625894 31.64 98090.77 40.91 204595.41 5
2626644 31.69 98090.89 40.89 197150.56 6
2627393 31.78 98091.04 40.90 43700.92 7
2628143 31.87 98092.87 40.89 45861.70 8
2628643 31.91 98093.33 40.86 48530.80 9
2629393 31.93 98091.98 40.85 49689.44 0
2629643 31.86 98092.67 40.82 1675941.13 1
2631142 31.43 98091.50 40.75 2642580.75 2
2635390 31.29 98091.48 40.81 1909112.13 3
2636140 31.51 98091.65 40.90 213555.78 4
2636640 31.63 98090.67 40.92 205087.13 5
2637389 31.68 98089.49 40.90 198642.09 6
2638139 31.78 98090.48 40.92 43745.73 7
2638889 31.86 98089.55 40.89 45763.32 8
2639639 31.91 98090.52 40.86 48283.67 9
2640138 31.93 98091.00 40.85 49545.19 0
2640388 31.86 98089.84 40.80 1678000.88 1
2641888 31.41 98087.57 40.70 2647705.25 2
2646136 31.29 98090.61 40.83 1907778.25 3
2646886 31.51 98089.23 40.87 213422.27 4
2647386 31.63 98090.06 40.92 205087.13 5
2648135 31.68 98090.29 40.89 197264.50 6
2648885 31.77 98091.37 40.89 43522.61 7
2649635 31.85 98090.85 40.89 45422.29 8
2650384 31.90 98092.95 40.88 48365.77 9
2650884 31.92 98092.27 40.85 49401.77 0
2651134 31.85 98095.01 40.80 1670813.75 1
2652634 31.42 98094.26 40.70 2645140.50 2
2656882 31.29 98094.84 40.83 1906446.38 3
2657632 31.50 98095.63 40.88 212624.58 4
2658132 31.63 98094.90 40.89 204718.11 5
2658881 31.67 98095.24 40.92 196809.53 6
2659631 31.77 98097.45 40.90 43434.00 7
2660381 31.85 98095.73 40.88 45470.69 8
2661130 31.90 98097.15 40.84 48147.45 9
2661630 31.92 98097.72 40.83 49805.45 0
2662130 31.84 98098.73 40.80 1673886.38 1
2663380 31.41 98098.73 40.68 2650275.00 2
2667628 31.28 98103.59 40.83 1906446.38 3
2668377 31.50 98102.48 40.88 212889.81 4
2669127 31.63 98103.86 40.92 204718.11 5
2669627 31.67 98103.74 40.89 198642.09 6
2670377 31.76 98103.21 40.91 43522.61 7
2671127 31.85 98103.84 40.84 45665.36 8
2671876 31.89 98103.27 40.86 48393.20 9
2672626 31.91 98101.35 40.81 49660.52 0
2672876 31.84 98102.65 40.78 1673886.38 1
2674126 31.41 98101.73 40.72 2640025.75 2
2678374 31.28 98100.46 40.82 1906446.38 3
2679124 31.49 98097.41 40.89 213957.38 4
2679873 31.62 98097.95 40.90 204718.11 5
2680373 31.66 98098.66 40.89 198757.77 6
2681123 31.76 98101.23 40.88 43301.76 7
2681873 31.85 98100.75 40.85 45714.29 8
2682622 31.89 98100.35 40.85 48365.77 9
2683372 31.91 98098.92 40.83 49487.73 0
2683622 31.84 98098.41 40.78 1669792.13 1
2684872 31.40 98099.06 40.67 2647705.25 2
2689120 31.27 98099.63 40.81 1902461.63 3
2689870 31.49 98100.41 40.87 212889.81 4
2690619 31.61 98100.96 40.90 204718.11 5
2691119 31.66 98102.37 40.88 197721.56 6
2691869 31.75 98104.41 40.89 43345.75 7
2692619 31.84 98105.02 40.90 45519.20 8
2693368 31.89 98106.60 40.84 48066.09 9
2694118 31.91 98103.88 40.81 49660.52 0
2694368 31.84 98107.12 40.87 1670813.75 1
2695618 31.39 98106.16 40.66 2619763.25 2
2699866 31.27 98110.58 40.81 1902461.63 3
2700616 31.48 98106.96 40.88 211832.84 4
2701365 31.61 98106.80 40.91 204595.41 5
2702115 31.66 98107.02 40.89 196923.08 6
2702615 31.75 98103.44 40.88 43745.73 7
2703364 31.84 98103.98 40.86 45616.54 8
2704114 31.88 98102.16 40.84 48256.36 9
2704864 31.91 98101.64 40.82 49718.39 0
2705114 31.83 98103.52 40.77 1655618.38 1
2706363 31.39 98104.91 40.66 2647705.25 2
2710612 31.27 98104.35 40.80 1901137.13 3
2711361 31.48 98100.95 40.83 213555.78 4
2712111 31.60 98098.41 40.85 203862.23 5
2712861 31.66 98098.64 40.85 198180.77 6
2713361 31.74 98099.58 40.86 43567.05 7
2714110 31.83 98099.97 40.88 45763.32 8
2714860 31.88 98101.52 40.86 48229.09 9
2715610 31.90 98102.88 40.78 49430.39 0
2715860 31.83 98105.26 40.78 1667752.50 1
2717359 31.38 98101.42 40.65 2624799.75 2
2721357 31.25 98102.34 40.78 1906446.38 3
2722107 31.48 98101.09 40.83 212889.81 4
2722857 31.60 98099.85 40.85 205210.42 5
2723606 31.65 98101.49 40.84 196923.08 6
2724356 31.74 98103.35 40.84 43656.21 7
2724856 31.82 98102.70 40.85 45519.20 8
2725606 31.88 98106.05 40.82 48147.45 9
2726355 31.91 98106.83 40.83 49602.79 0
2726605 31.83 98108.53 40.73 1657628.50 1
2728104 31.39 98107.42 40.64 2642580.75 2
2732103 31.26 98107.24 40.78 1902461.63 3
2732852 31.47 98104.86 40.82 213288.89 4
2733602 31.60 98103.75 40.87 204595.41 5
2734352 31.64 98104.56 40.83 198411.16 6
2735102 31.73 98103.99 40.82 43389.83 7
2735601 31.82 98104.23 40.84 45519.20 8
2736351 31.86 98100.70 40.80 48039.03 9
2737101 31.89 98097.65 40.76 49573.97 0
2737351 31.81 98100.00 40.74 1651612.88 1
2738850 31.38 98100.11 40.63 2629855.50 2
2742848 31.25 98101.77 40.75 1897174.63 3
2743598 31.47 98098.10 40.83 213555.78 4
2744348 31.59 98099.45 40.85 205087.13 5
2745098 31.64 98101.57 40.83 198295.89 6
2745847 31.73 98101.61 40.85 43434.00 7
2746347 31.82 98099.34 40.86 45616.54 8
2747097 31.86 98099.66 40.80 48039.03 9
2747847 31.89 98100.35 40.75 49718.39 0
2748097 31.81 98100.13 40.72 1652612.50 1
2749596 31.38 98103.21 40.62 2624799.75 2
2753844 31.25 98106.91 40.76 1903788.00 3
2754344 31.46 98102.20 40.81 213555.78 4
2755094 31.59 98100.52 40.82 204350.42 5
2755843 31.63 98099.84 40.82 197264.50 6
2756593 31.72 98100.22 40.81 43345.75 7
2757343 31.81 98100.87 40.79 45519.20 8
2757843 31.86 98102.86 40.76 48338.37 9
2758593 31.89 98103.75 40.73 49373.19 0
2758843 31.82 98105.32 40.73 1650614.50 1
2760342 31.37 98105.18 40.61 2637475.75 2
2764590 31.24 98112.33 40.76 1913124.75 3
2765090 31.46 98106.78 40.81 214495.19 4
2765840 31.59 98105.52 40.82 204472.84 5
2766589 31.63 98102.80 40.81 198642.09 6
2767339 31.72 98104.19 40.79 43389.83 7
2768089 31.81 98104.80 40.82 45567.82 8
2768589 31.86 98103.86 40.75 48229.09 9
2769338 31.88 98104.39 40.74 49316.13 0
2769588 31.80 98104.83 40.70 1657628.50 1
2771088 31.37 98104.27 40.61 2624799.75 2
2775336 31.24 98108.27 40.71 1901137.13 3
2775836 31.46 98103.11 40.80 212757.11 4
2776585 31.58 98103.70 40.80 204963.97 5
2777335 31.63 98105.05 40.79 196809.53 6
2778085 31.71 98107.27 40.82 43389.83 7
2778835 31.80 98106.58 40.78 45470.69 8
2779335 31.85 98105.13 40.75 48012.00 9
2780084 31.88 98106.69 40.75 49401.77 0
2780334 31.80 98107.16 40.70 1660652.75 1
2781834 31.36 98105.48 40.60 2627325.25 2
2786082 31.23 98103.52 40.73 1905116.25 3
2786832 31.45 98101.32 40.79 213022.67 4
2787332 31.58 98102.95 40.79 203862.23 5
2788081 31.63 98104.43 40.80 198065.77 6
2788831 31.71 98104.01 40.77 43611.59 7
2789581 31.80 98104.43 40.78 45373.98 8
2790330 31.84 98104.44 40.78 48229.09 9
2790830 31.87 98105.04 40.76 49145.71 0
2791080 31.80 98105.47 40.69 1652612.50 1
2792580 31.36 98102.77 40.59 2612245.00 2
2796828 31.23 98106.47 40.72 1909112.13 3
2797578 31.45 98102.85 40.79 213155.70 4
2798078 31.57 98101.28 40.81 204472.84 5
2798827 31.62 98102.69 40.79 197607.09 6
2799577 31.71 98104.39 40.79 43214.04 7
2800327 31.80 98104.98 40.78 45325.78 8
2801076 31.85 98104.67 40.72 47743.38 9
2801576 31.87 98103.26 40.71 49287.64 0
2802076 31.79 98104.37 40.65 1655618.38 1
2803325 31.35 98106.72 40.58 2622279.25 2
2807574 31.22 98105.77 40.72 1910447.75 3
2808324 31.45 98104.27 40.78 213689.48 4
2809073 31.57 98103.00 40.79 205087.13 5
2809573 31.62 98102.68 40.78 197150.56 6
2810323 31.70 98103.70 40.72 43301.76 7
2811072 31.80 98103.69 40.76 45470.69 8
2811822 31.84 98105.55 40.72 48174.63 9
2812322 31.87 98106.04 40.71 49202.38 0
2812822 31.79 98105.47 40.67 1649617.38 1
2814072 31.35 98104.74 40.58 2599809.50 2
2818320 31.22 98103.53 40.66 1902461.63 3
2819070 31.44 98099.94 40.77 212227.98 4
2819819 31.57 98100.26 40.76 203984.06 5
2820319 31.61 98100.96 40.78 197378.56 6
2821069 31.70 98100.57 40.78 43257.86 7
2821819 31.79 98101.27 40.75 45470.69 8
2822568 31.83 98099.42 40.70 48093.18 9
2823318 31.86 98099.11 40.69 49174.03 0
2823568 31.79 98102.34 40.67 1652612.50 1
2824818 31.35 98101.45 40.56 2609748.25 2
2829066 31.22 98108.84 40.71 1911785.25 3
2829816 31.44 98104.73 40.72 213555.78 4
2830565 31.56 98105.90 40.79 204963.97 5
2831065 31.61 98106.09 40.79 198065.77 6
2831815 31.69 98105.26 40.80 43301.76 7
2832565 31.79 98106.70 40.76 45038.71 8
2833314 31.83 98104.76 40.72 47985.00 9
2834064 31.86 98103.16 40.72 49516.44 0
2834314 31.78 98102.53 40.68 1639711.75 1
2835564 31.34 98102.66 40.56 2604769.50 2
2839812 31.21 98107.09 40.69 1905116.25 3
2840562 31.43 98105.64 40.72 212360.02 4
2841311 31.55 98104.66 40.79 204595.41 5
2842061 31.61 98107.05 40.76 198180.77 6
2842561 31.69 98104.46 40.76 43083.14 7
2843311 31.79 98104.65 40.72 45422.29 8
2844060 31.83 98102.46 40.73 47877.31 9
2844810 31.85 98101.33 40.66 49373.19 0
2845060 31.78 98104.58 40.66 1646633.13 1
2846310 31.34 98101.65 40.56 2609748.25 2
2850558 31.21 98102.56 40.66 1902461.63 3
2851307 31.43 98099.43 40.75 212624.58 4
2852057 31.55 98100.45 40.77 203497.61 5
2852807 31.60 98103.83 40.78 196131.02 6
2853307 31.68 98101.33 40.76 43301.76 7
2854056 31.78 98102.12 40.74 45277.68 8
2854806 31.82 98103.05 40.79 46817.85 9
2855556 31.85 98102.01 40.67 49230.77 0
2855806 31.77 98101.80 40.63 1665717.75 1
2857055 31.34 98101.63 40.57 2612245.00 2
2861303 31.21 98103.16 40.69 1907778.25 3
2862053 31.43 98100.26 40.73 212757.11 4
2862803 31.55 98100.70 40.73 203984.06 5
2863553 31.60 98100.23 40.74 197264.50 6
2864053 31.68 98101.24 40.73 43389.83 7
2864802 31.78 98101.30 40.71 45277.68 8
2865552 31.82 98102.01 40.71 47850.47 9
2866302 31.85 98103.87 40.66 49230.77 0
2866552 31.77 98104.27 40.64 1644649.63 1
2868051 31.34 98106.77 40.56 2612245.00 2
2872049 31.20 98107.61 40.68 1903788.00 3
2872799 31.43 98105.14 40.73 213022.67 4
2873549 31.54 98105.41 40.74 204228.16 5
2874298 31.60 98107.58 40.74 197036.75 6
2875048 31.68 98104.95 40.72 43434.00 7
2875548 31.77 98102.95 40.68 45181.79 8
2876298 31.82 98098.97 40.68 48256.36 9
2877047 31.84 98089.98 40.64 48976.47 0
2877297 31.76 98093.46 40.63 1643659.75 1
2878797 31.33 98090.67 40.55 2597336.75 2
2882795 31.20 98110.27 40.65 1899814.50 3
2883545 31.42 98105.48 40.70 212492.22 4
2884294 31.54 98104.32 40.71 203619.02 5
2885044 31.59 98104.02 40.70 195905.88 6
2885794 31.67 98104.24 40.73 43301.76 7
2886294 31.77 98105.31 40.71 45519.20 8
2887043 31.82 98103.52 40.66 47877.31 9
2887793 31.84 98103.90 40.65 49174.03 0
2888043 31.76 98106.00 40.63 1641683.38 1
2889543 31.32 98104.96 40.51 2594868.50 2
2893541 31.20 98106.56 40.62 1910447.75 3
2894291 31.42 98104.14 40.69 212360.02 4
2895040 31.54 98102.66 40.75 204472.84 5
2895790 31.59 98102.96 40.75 198180.77 6
2896540 31.67 98104.96 40.71 43214.04 7
2897039 31.76 98105.25 40.69 44943.82 8
2897789 31.81 98104.02 40.69 47877.31 9
2898539 31.83 98102.21 40.67 49060.94 0
2898789 31.75 98103.32 40.59 1648621.50 1
2900288 31.32 98106.47 40.54 2585042.50 2
2904536 31.19 98112.41 40.62 1895857.50 3
2905036 31.41 98107.75 40.73 213155.70 4
2905786 31.54 98107.64 40.74 203862.23 5
2906536 31.59 98105.94 40.72 196696.13 6
2907285 31.67 98108.79 40.68 43214.04 7
2908035 31.76 98108.95 40.69 45086.30 8
2908535 31.81 98106.76 40.63 46715.33 9
2909285 31.83 98105.46 40.64 49401.77 0
2909535 31.75 98104.81 40.60 1656622.88 1
2911034 31.32 98105.47 40.49 2594868.50 2
2915282 31.19 98095.52 40.60 1910447.75 3
2915782 31.41 98100.29 40.72 214091.58 4
2916532 31.54 98102.97 40.74 204840.97 5
2917282 31.58 98101.52 40.71 197492.77 6
2918031 31.67 98098.49 40.70 43301.76 7
2918781 31.76 98094.14 40.70 45133.99 8
2919281 31.80 98096.55 40.65 47931.10 9
2920030 31.82 98096.95 40.64 49174.03 0
2920280 31.75 98098.07 40.59 1655618.38 1
2921780 31.32 98089.20 40.48 2587492.00 2
2926028 31.18 98108.14 40.60 1887992.63 3
2926778 31.41 98102.46 40.68 212492.22 4
2927277 31.54 98100.63 40.70 203984.06 5
2928027 31.58 98102.71 40.69 198642.09 6
2928777 31.66 98099.88 40.66 43389.83 7
2929527 31.76 98102.16 40.70 45229.68 8
2930276 31.80 98100.15 40.68 46664.23 9
2930776 31.82 98099.20 40.66 49174.03 0
2931026 31.74 98098.94 40.61 1645640.88 1
2932525 31.31 98106.76 40.51 2599809.50 2
2936774 31.18 98109.78 40.63 1895857.50 3
2937523 31.40 98105.84 40.67 212757.11 4
2938023 31.53 98106.25 40.70 204472.84 5
2938773 31.57 98103.74 40.68 196469.69 6
2939523 31.66 98101.48 40.67 43478.26 7
2940273 31.75 98101.19 40.70 45277.68 8
2941022 31.80 98099.99 40.63 46817.85 9
2941522 31.82 98101.52 40.63 49060.94 0
2942022 31.75 98102.61 40.61 1652612.50 1
2943272 31.31 98105.35 40.50 2580157.50 2
2947520 31.18 98106.79 40.60 1902461.63 3
2948269 31.39 98103.11 40.65 213555.78 4
2948769 31.52 98104.02 40.68 203984.06 5
2949519 31.57 98104.91 40.67 197492.77 6
2950269 31.65 98103.08 40.69 43170.32 7
2951019 31.75 98106.25 40.66 45373.98 8
2951768 31.79 98106.11 40.64 48039.03 9
2952268 31.82 98106.87 40.63 49230.77 0
2952768 31.74 98106.55 40.59 1654615.25 1
2954018 31.31 98113.41 40.50 2592405.00 2
2958266 31.18 98113.12 40.61 1903788.00 3
2959016 31.39 98111.19 40.65 213155.70 4
2959765 31.52 98111.53 40.68 203497.61 5
2960265 31.57 98108.42 40.65 197378.56 6
2961015 31.65 98106.69 40.67 43126.68 7
2961765 31.75 98109.05 40.66 45181.79 8
2962514 31.79 98108.38 40.64 48012.00 9
2963264 31.81 98107.32 40.60 49230.77 0
2963514 31.74 98107.83 40.58 1649617.38 1
2964763 31.30 98104.90 40.45 2594868.50 2
2969011 31.18 98104.99 40.58 1901137.13 3
2969761 31.40 98103.31 40.64 213022.67 4
2970511 31.52 98103.49 40.65 203497.61 5
2971011 31.57 98103.93 40.67 197264.50 6
2971760 31.65 98102.68 40.65 43257.86 7
2972510 31.74 98105.19 40.67 45277.68 8
2973260 31.79 98104.81 40.60 48039.03 9
2974009 31.81 98107.77 40.59 49487.73 0
2974259 31.74 98111.48 40.58 1636763.25 1
2975509 31.30 98114.48 40.47 2587492.00 2
2979757 31.17 98107.39 40.60 1902461.63 3
2980507 31.39 98103.52 40.64 212360.02 4
2981257 31.52 98103.66 40.68 203134.30 5
2981756 31.56 98105.37 40.62 196469.69 6
2982506 31.64 98106.05 40.69 43345.75 7
2983256 31.73 98106.04 40.64 45325.78 8
2984006 31.78 98106.69 40.61 47823.65 9
2984755 31.81 98106.16 40.58 49487.73 0
2985005 31.73 98106.87 40.55 1643659.75 1
2986255 31.30 98102.01 40.49 2592405.00 2
2990503 31.17 98106.98 40.58 1909112.13 3
2991253 31.39 98103.95 40.63 212096.11 4
2992003 31.51 98106.45 40.64 204228.16 5
2992752 31.55 98106.12 40.66 197721.56 6
2993252 31.64 98103.79 40.63 42996.30 7
2994002 31.73 98103.85 40.63 45229.68 8
2994752 31.79 98105.57 40.59 47958.04 9
2995502 31.81 98107.16 40.57 49316.13 0
2995751 31.72 98106.82 40.51 1635782.75 1
2997001 31.29 98109.46 40.43 2580157.50 2
3001249 31.16 98110.98 40.58 1909112.13 3
3001999 31.39 98103.38 40.64 212492.22 4
3002749 31.51 98098.09 40.65 204350.42 5
3003499 31.56 98088.56 40.65 197264.50 6
3003998 31.64 98081.45 40.64 43389.83 7
3004748 31.73 98082.99 40.61 45277.68 8
3005498 31.77 98097.02 40.62 47636.77 9
3006248 31.80 98105.53 40.54 49230.77 0
3006498 31.72 98105.86 40.53 1643659.75 1
3007747 31.29 98105.31 40.45 2597336.75 2
3011995 31.16 98103.30 40.58 1914466.00 3
3012745 31.38 98100.18 40.63 214091.58 4
3013495 31.50 98099.94 40.62 203862.23 5
3014245 31.55 98101.16 40.65 198642.09 6
3014744 31.63 98098.49 40.61 43126.68 7
3015494 31.73 98100.82 40.61 44943.82 8
3016244 31.78 98101.55 40.58 47877.31 9
3016994 31.80 98102.41 40.58 49287.64 0
3017244 31.72 98103.70 40.54 1642671.00 1
3018743 31.29 98107.80 40.45 2580157.50 2
3022741 31.16 98104.40 40.55 1909112.13 3
3023491 31.38 98103.81 40.61 213155.70 4
3024241 31.50 98105.08 40.63 204595.41 5
3024991 31.55 98106.59 40.63 197950.91 6
3025740 31.63 98105.77 40.59 43257.86 7
3026240 31.73 98106.32 40.61 45133.99 8
3026990 31.77 98106.80 40.57 46664.23 9
3027739 31.80 98106.57 40.58 49174.03 0
3027989 31.72 98107.17 40.53 1638727.75 1
3029489 31.28 98106.41 40.43 2565612.25 2
3033487 31.16 98106.22 40.57 1905116.25 3
3034237 31.38 98102.30 40.61 213155.70 4
3034987 31.50 98102.98 40.62 204106.05 5
3035736 31.55 98101.33 40.59 196923.08 6
3036486 31.63 98099.58 40.63 43170.32 7
3036986 31.72 98096.24 40.60 45277.68 8
3037736 31.77 98100.41 40.57 46817.85 9
3038486 31.79 98105.26 40.50 49230.77 0
3038736 31.72 98106.08 40.49 1646633.13 1
3040235 31.28 98109.62 40.40 2565612.25 2
3044233 31.15 98105.88 40.50 1907778.25 3
3044983 31.37 98103.55 40.58 212757.11 4
3045733 31.50 98106.84 40.61 204106.05 5
3046483 31.54 98106.48 40.61 197378.56 6
3047232 31.63 98109.19 40.56 43214.04 7
3047732 31.71 98107.23 40.63 45470.69 8
3048482 31.77 98107.38 40.56 46817.85 9
3049232 31.80 98108.48 40.57 49230.77 0
3049482 31.71 98107.52 40.53 1649617.38 1
3050981 31.27 98109.22 40.42 2572864.25 2
3055229 31.15 98110.50 40.49 1903788.00 3
3055729 31.37 98105.12 40.59 213422.27 4
3056479 31.50 98108.25 40.62 203984.06 5
3057228 31.55 98110.78 40.61 197836.17 6
3057978 31.63 98109.31 40.62 43434.00 7
3058728 31.71 98108.90 40.58 45373.98 8
3059228 31.77 98109.00 40.57 46562.39 9
3059977 31.79 98107.15 40.52 49174.03 0
3060227 31.71 98106.35 40.48 1631872.50 1
3061727 31.28 98108.86 40.40 2572864.25 2
3065975 31.14 98109.85 40.50 1907778.25 3
3066475 31.37 98108.32 40.56 213823.34 4
3067224 31.49 98108.75 40.60 204595.41 5
3067974 31.54 98107.04 40.62 198065.77 6
3068724 31.62 98106.69 40.54 42996.30 7
3069473 31.71 98106.79 40.57 45277.68 8
3069973 31.77 98107.81 40.57 47850.47 9
3070723 31.79 98108.59 40.55 49060.94 0
3070973 31.71 98109.43 40.51 1645640.88 1
3072472 31.27 98112.74 40.41 2568025.00 2
3076721 31.15 98112.18 40.54 1914466.00 3
3077220 31.37 98109.10 40.58 212096.11 4
3077970 31.49 98110.47 40.62 204228.16 5
3078720 31.54 98109.92 40.56 198065.77 6
3079470 31.63 98110.41 40.59 43345.75 7
3080219 31.71 98105.55 40.56 45086.30 8
3080719 31.76 98105.24 40.59 47985.00 9
3081469 31.79 98102.80 40.50 49089.16 0
3081719 31.70 98103.21 40.49 1636763.25 1
3083218 31.27 98110.50 40.41 2572864.25 2
3087466 31.14 98099.38 40.52 1911785.25 3
3088216 31.36 98100.51 40.56 213689.48 4
3088716 31.49 98102.37 40.58 203376.36 5
3089466 31.53 98104.13 40.58 197378.56 6
3090215 31.62 98104.78 40.59 43170.32 7
3090965 31.71 98106.43 40.58 45181.79 8
3091715 31.76 98108.25 40.56 46766.53 9
3092214 31.79 98111.10 40.53 48892.29 0
3092464 31.70 98112.13 40.49 1628952.13 1
3093964 31.27 98122.21 40.41 2582597.75 2
3098212 31.14 98117.19 40.51 1907778.25 3
3098962 31.36 98113.07 40.57 213422.27 4
3099461 31.48 98113.48 40.58 204595.41 5
3100211 31.53 98113.15 40.58 197607.09 6
3100961 31.62 98112.72 40.57 43126.68 7
3101711 31.70 98105.01 40.58 45325.78 8
3102460 31.75 98102.49 40.55 47770.11 9
3102960 31.78 98106.50 40.50 49259.19 0
3103460 31.69 98108.67 40.47 1643659.75 1
3104709 31.27 98114.05 40.40 2568025.00 2
3108958 31.13 98110.12 40.51 1917154.25 3
3109707 31.36 98108.17 40.54 211964.39 4
3110207 31.48 98107.23 40.62 203497.61 5
3110957 31.53 98106.92 40.58 197378.56 6
3111707 31.61 98108.75 40.59 43170.32 7
3112456 31.69 98103.90 40.60 45325.78 8
3113206 31.75 98107.40 40.55 46817.85 9
3113706 31.78 98105.95 40.48 48864.29 0
3114206 31.70 98105.13 40.49 1643659.75 1
3115456 31.26 98103.26 40.38 2572864.25 2
3119704 31.14 98106.72 40.52 1905116.25 3
3120454 31.35 98103.69 40.57 214630.06 4
3121203 31.48 98102.86 40.55 204350.42 5
3121703 31.52 98100.80 40.59 197492.77 6
3122453 31.61 98098.00 40.54 42996.30 7
3123202 31.70 98095.99 40.52 44991.21 8
3123952 31.75 98095.21 40.54 46766.53 9
3124702 31.77 98095.37 40.51 49060.94 0
3124952 31.70 98096.46 40.45 1625074.38 1
3126201 31.26 98097.24 40.38 2558401.00 2
3130449 31.13 98103.48 40.50 1901137.13 3
3131199 31.35 98099.64 40.55 213422.27 4
3131949 31.48 98100.78 40.55 204350.42 5
3132449 31.53 98099.88 40.55 198642.09 6
3133198 31.61 98099.72 40.59 43257.86 7
3133948 31.70 98100.09 40.55 44991.21 8
3134698 31.74 98102.02 40.55 47823.65 9
3135448 31.77 98102.65 40.48 49004.59 0
3135698 31.69 98104.51 40.47 1648621.50 1
3136947 31.26 98107.71 40.35 2565612.25 2
3141195 31.13 98107.77 40.45 1914466.00 3
3141945 31.35 98105.05 40.52 211832.84 4
3142695 31.48 98104.76 40.56 204718.11 5
3143194 31.52 98103.73 40.56 198411.16 6
3143944 31.61 98102.96 40.56 43214.04 7
3144694 31.70 98100.32 40.53 45133.99 8
3145444 31.74 98099.59 40.49 46664.23 9
3146193 31.77 98103.55 40.49 49117.42 0
3146443 31.69 98104.06 40.47 1629924.38 1
3147693 31.26 98106.30 40.33 2563204.00 2
3151941 31.13 98104.00 40.46 1909112.13 3
3152691 31.35 98100.81 40.54 212492.22 4
3153440 31.48 98102.36 40.57 204963.97 5
3154190 31.52 98103.09 40.56 196469.69 6
3154690 31.61 98102.64 40.53 43214.04 7
3155440 31.70 98101.67 40.51 45181.79 8
3156190 31.74 98103.25 40.50 47796.86 9
3156939 31.77 98103.45 40.48 48920.31 0
3157189 31.69 98103.94 40.42 1628952.13 1
3158439 31.25 98105.16 40.34 2560800.25 2
3162687 31.12 98098.46 40.44 1907778.25 3
3163437 31.34 98097.34 40.53 212492.22 4
3164186 31.47 98098.13 40.52 205705.11 5
3164936 31.52 98100.18 40.54 197721.56 6
3165436 31.60 98100.66 40.54 43170.32 7
3166186 31.68 98098.94 40.50 45181.79 8
3166935 31.73 98100.27 40.52 47931.10 9
3167685 31.76 98100.70 40.45 48948.38 0
3167935 31.68 98102.49 40.44 1635782.75 1
3169434 31.25 98102.70 40.32 2551230.25 2
3173433 31.13 98107.13 40.48 1913124.75 3
3174182 31.34 98101.04 40.53 212227.98 4
3174932 31.46 98101.34 40.53 204595.41 5
3175682 31.51 98101.78 40.50 197836.17 6
3176182 31.60 98095.70 40.52 42996.30 7
3176931 31.69 98092.81 40.50 45181.79 8
3177681 31.73 98087.81 40.45 47823.65 9
3178431 31.75 98089.92 40.44 49145.71 0
3178681 31.68 98093.62 40.42 1637744.88 1
3180180 31.24 98101.80 40.33 2565612.25 2
3184178 31.13 98103.09 40.45 1915809.13 3
3184928 31.34 98096.95 40.50 213555.78 4
3185678 31.47 98098.20 40.50 203497.61 5
3186428 31.51 98096.94 40.52 196923.08 6
3187177 31.59 98094.12 40.49 42909.82 7
3187677 31.68 98094.40 40.50 45277.68 8
3188427 31.72 98094.29 40.47 46664.23 9
3189177 31.75 98097.77 40.44 48696.98 0
3189427 31.68 98099.39 40.42 1629924.38 1
3190926 31.24 98101.85 40.33 2558401.00 2
3194924 31.12 98095.11 40.43 1905116.25 3
3195674 31.34 98094.88 40.51 212889.81 4
3196424 31.46 98096.56 40.52 203497.61 5
3197173 31.51 98095.29 40.49 196809.53 6
3197923 31.59 98093.74 40.51 43126.68 7
3198423 31.68 98093.77 40.48 45038.71 8
3199173 31.72 98095.44 40.51 46817.85 9
3199922 31.75 98094.33 40.42 49117.42 0
3200172 31.67 98093.99 40.40 1632848.38 1
3201672 31.23 98097.11 40.31 2553616.00 2
3205920 31.12 98103.80 40.43 1911785.25 3
3206420 31.34 98099.18 40.45 214630.06 4
3207170 31.46 98100.33 40.47 204595.41 5
3207919 31.51 98100.99 40.51 197036.75 6
3208669 31.59 98100.15 40.48 43257.86 7
3209419 31.67 98099.19 40.48 44896.53 8
3209919 31.73 98099.97 40.42 46613.25 9
3210668 31.75 98100.72 40.43 48864.29 0
3210918 31.68 98102.95 40.39 1637744.88 1
3212418 31.23 98102.87 40.33 2548848.75 2
3216666 31.11 98100.55 40.41 1919850.00 3
3217166 31.33 98096.61 40.48 212757.11 4
3217915 31.46 98096.33 40.50 204718.11 5
3218665 31.51 98093.58 40.48 196696.13 6
3219415 31.58 98089.72 40.47 43126.68 7
3220165 31.68 98091.02 40.48 44896.53 8
3220665 31.72 98091.82 40.45 47796.86 9
3221415 31.75 98093.34 40.39 49117.42 0
3221664 31.68 98094.36 40.36 1627980.88 1
3223164 31.23 98092.48 40.29 2556006.25 2
3227412 31.11 98098.92 40.40 1913124.75 3
3227912 31.33 98091.51 40.45 213555.78 4
3228662 31.46 98094.38 40.50 204718.11 5
3229411 31.50 98095.98 40.45 199221.80 6
3230161 31.59 98096.66 40.44 43345.75 7
3230911 31.66 98094.72 40.46 45038.71 8
3231411 31.71 98094.76 40.44 47904.19 9
3232160 31.73 98093.67 40.41 48808.39 0
3232411 31.66 98095.28 40.36 1639711.75 1
3233910 31.23 98100.91 40.27 2551230.25 2
3238158 31.11 98101.75 40.36 1925264.38 3
3238908 31.33 98097.17 40.43 213555.78 4
3239408 31.45 98097.80 40.46 203862.23 5
3240157 31.50 98097.45 40.42 197950.91 6
3240907 31.58 98096.73 40.47 42909.82 7
3241657 31.67 98097.59 40.41 45277.68 8
3242407 31.71 98096.41 40.42 46817.85 9
3242906 31.75 98099.79 40.41 49202.38 0
3243156 31.66 98098.42 40.36 1629924.38 1
3244656 31.23 98100.75 40.31 2556006.25 2
3248904 31.10 98105.04 40.36 1913124.75 3
3249654 31.32 98105.07 40.41 213288.89 4
3250154 31.45 98104.52 40.43 205087.13 5
3250903 31.50 98105.09 40.46 197264.50 6
3251653 31.58 98104.61 40.41 43126.68 7
3252403 31.66 98104.04 40.41 44991.21 8
3253152 31.71 98102.53 40.40 46766.53 9
3253652 31.73 98104.73 40.36 49032.75 0
3254152 31.66 98105.74 40.37 1626042.13 1
3255402 31.22 98108.56 40.25 2556006.25 2
3259650 31.10 98109.17 40.34 1921200.75 3
3260400 31.32 98104.37 40.43 214765.09 4
3260899 31.45 98103.94 40.45 205333.88 5
3261649 31.49 98104.35 40.46 197492.77 6
3262399 31.57 98104.55 40.44 42996.30 7
3263149 31.66 98105.03 40.39 44943.82 8
3263898 31.71 98105.02 40.40 46715.33 9
3264398 31.73 98106.38 40.36 48920.31 0
3264898 31.66 98105.52 40.34 1627980.88 1
3266147 31.22 98108.49 40.21 2544099.50 2
3270396 31.10 98112.58 40.36 1915809.13 3
3271145 31.32 98111.80 40.40 212360.02 4
3271895 31.44 98111.16 40.41 205210.42 5
3272395 31.49 98110.70 40.43 197721.56 6
3273145 31.57 98110.91 40.40 42909.82 7
3273894 31.66 98109.86 40.40 44991.21 8
3274644 31.70 98111.39 40.40 46613.25 9
3275394 31.73 98111.33 40.35 49060.94 0
3275644 31.66 98112.61 40.32 1620253.13 1
3276893 31.23 98117.91 40.25 2539367.75 2
3281142 31.09 98120.51 40.37 1917154.25 3
3281891 31.31 98116.26 40.36 213155.70 4
3282641 31.45 98110.63 40.44 204228.16 5
3283141 31.49 98106.47 40.40 198065.77 6
3283891 31.57 98102.89 40.43 43126.68 7
3284640 31.66 98103.81 40.40 45229.68 8
3285390 31.70 98098.73 40.37 46817.85 9
3286140 31.73 98098.84 40.34 49004.59 0
3286390 31.66 98101.14 40.29 1632848.38 1
3287639 31.21 98108.63 40.25 2537008.25 2
3291887 31.09 98115.09 40.33 1914466.00 3
3292637 31.31 98115.72 40.43 213288.89 4
3293387 31.44 98114.48 40.39 205829.14 5
3294136 31.49 98115.98 40.38 196923.08 6
3294636 31.57 98113.97 40.38 42953.02 7
3295386 31.65 98113.07 40.40 45229.68 8
3296136 31.70 98113.84 40.37 46562.39 9
3296885 31.73 98113.70 40.34 48836.32 0
3297135 31.65 98113.48 40.32 1627980.88 1
3298385 31.22 98119.54 40.21 2541731.25 2
3302633 31.08 98114.09 40.32 1919850.00 3
3303383 31.31 98112.26 40.37 212624.58 4
3304132 31.43 98111.99 40.37 205333.88 5
3304882 31.48 98111.77 40.38 196923.08 6
3305382 31.57 98112.37 40.39 42953.02 7
3306132 31.65 98110.98 40.40 45038.71 8
3306881 31.70 98110.71 40.37 46613.25 9
3307631 31.72 98111.07 40.30 48752.62 0
3307881 31.65 98112.88 40.29 1610696.00 1
3309380 31.22 98116.45 40.22 2532303.00 2
3313379 31.09 98110.59 40.33 1910447.75 3
3314128 31.31 98108.55 40.38 213422.27 4
3314878 31.43 98109.77 40.38 203619.02 5
3315628 31.48 98109.84 40.39 198295.89 6
3316128 31.57 98107.92 40.39 42909.82 7
3316877 31.65 98107.61 40.37 44755.25 8
3317627 31.69 98105.63 40.40 46410.44 9
3318377 31.72 98106.14 40.31 48892.29 0
3318627 31.65 98105.70 40.29 1627010.88 1
3320126 31.22 98107.68 40.18 2534653.50 2
3324124 31.08 98112.58 40.30 1914466.00 3
3324874 31.30 98109.51 40.36 213422.27 4
3325624 31.43 98107.38 40.42 203984.06 5
3326374 31.48 98107.92 40.35 197150.56 6
3327123 31.56 98107.23 40.38 43126.68 7
3327623 31.65 98107.48 40.35 45038.71 8
3328373 31.69 98107.16 40.29 46460.98 9
3329123 31.72 98105.38 40.31 49004.59 0
3329373 31.65 98105.92 40.27 1620253.13 1
3330872 31.21 98108.47 40.18 2534653.50 2
3334870 31.08 98108.41 40.30 1915809.13 3
3335620 31.30 98104.86 40.37 212492.22 4
3336370 31.43 98105.39 40.41 205210.42 5
3337119 31.48 98103.59 40.36 198757.77 6
3337869 31.56 98105.93 40.35 42996.30 7
3338369 31.64 98105.13 40.33 44849.34 8
3339119 31.68 98103.33 40.32 46460.98 9
3339868 31.71 98101.85 40.30 48864.29 0
3340118 31.64 98104.35 40.27 1627980.88 1
3341618 31.21 98106.78 40.15 2558401.00 2
3345616 31.08 98105.98 40.28 1914466.00 3
3346366 31.30 98104.79 40.35 213689.48 4
3347115 31.43 98104.10 40.35 204228.16 5
3347865 31.47 98104.46 40.30 197150.56 6
3348615 31.55 98103.89 40.34 43039.68 7
3349115 31.64 98104.52 40.35 45181.79 8
3349864 31.68 98103.25 40.32 46562.39 9
3350614 31.71 98105.17 40.26 49117.42 0
3350864 31.63 98105.45 40.27 1625074.38 1
3352364 31.20 98107.55 40.19 2539367.75 2
3356612 31.08 98108.28 40.25 1915809.13 3
3357112 31.30 98106.84 40.31 213555.78 4
3357861 31.43 98104.55 40.37 204963.97 5
3358611 31.47 98103.05 40.35 197607.09 6
3359361 31.56 98104.28 40.33 43039.68 7
3359861 31.64 98103.68 40.32 45086.30 8
3360610 31.68 98105.29 40.32 46360.02 9
3361360 31.71 98106.95 40.23 48780.49 0
3361610 31.64 98107.14 40.24 1633825.25 1
3363110 31.20 98108.41 40.17 2544099.50 2
3367358 31.07 98105.63 40.25 1917154.25 3
3367858 31.30 98104.98 40.31 212757.11 4
3368607 31.43 98101.28 40.36 206701.66 5
3369357 31.48 98101.91 40.29 198065.77 6
3370107 31.55 98098.04 40.32 43126.68 7
3370857 31.64 98096.30 40.32 45038.71 8
3371356 31.68 98096.44 40.32 46613.25 9
3372106 31.71 98098.50 40.26 48920.31 0
3372356 31.64 98098.18 40.21 1619292.38 1
3373856 31.20 98102.17 40.13 2534653.50 2
3378104 31.07 98101.27 40.25 1913124.75 3
3378604 31.30 98098.45 40.32 214091.58 4
3379353 31.42 98097.45 40.34 204595.41 5
3380103 31.47 98097.19 40.30 198065.77 6
3380853 31.54 98095.23 40.29 42737.90 7
3381602 31.64 98096.25 40.31 44991.21 8
3382102 31.68 98093.59 40.32 46562.39 9
3382852 31.70 98095.36 40.23 49032.75 0
3383102 31.63 98096.79 40.23 1617374.13 1
3384601 31.19 98098.34 40.14 2525277.50 2
3388849 31.07 98099.23 40.23 1926622.75 3
3389599 31.29 98098.05 40.29 214091.58 4
3390099 31.42 98098.01 40.29 204718.11 5
3390849 31.46 98098.81 40.29 197607.09 6
3391598 31.54 98096.45 40.31 42996.30 7
3392348 31.63 98096.68 40.27 45133.99 8
3392848 31.68 98096.58 40.25 46511.63 9
3393598 31.71 98096.94 40.27 48864.29 0
3393848 31.63 98098.06 40.21 1627010.88 1
3395347 31.19 98102.21 40.10 2525277.50 2
3399595 31.06 98102.67 40.18 1914466.00 3
3400345 31.29 98102.65 40.28 213155.70 4
3400845 31.41 98101.16 40.30 204718.11 5
3401595 31.46 98102.27 40.30 197264.50 6
3402344 31.54 98100.51 40.26 43301.76 7
3403094 31.63 98100.46 40.30 45229.68 8
3403844 31.67 98099.77 40.26 46613.25 9
3404344 31.70 98098.67 40.20 48864.29 0
3404594 31.62 98099.26 40.17 1613551.25 1
3406093 31.19 98102.73 40.08 2520615.50 2
3410341 31.06 98096.48 40.22 1921200.75 3
3411091 31.29 98092.34 40.25 214091.58 4
3411591 31.41 98088.70 40.25 203984.06 5
3412340 31.46 98093.02 40.25 197607.09 6
3413090 31.54 98093.34 40.24 43039.68 7
3413840 31.63 98097.05 40.24 44802.24 8
3414590 31.66 98096.34 40.22 46562.39 9
3415090 31.70 98099.34 40.17 48892.29 0
3415589 31.61 98098.28 40.16 1630897.88 1
3416839 31.19 98102.14 40.05 2511342.75 2
3421087 31.05 98100.40 40.17 1913124.75 3
3421837 31.29 98099.09 40.24 213555.78 4
3422587 31.41 98097.64 40.24 203984.06 5
3423086 31.46 98098.23 40.26 198295.89 6
3423836 31.54 98096.74 40.23 43039.68 7
3424586 31.63 98094.23 40.25 44991.21 8
3425336 31.67 98096.35 40.20 46766.53 9
3425835 31.69 98096.55 40.17 48892.29 0
3426335 31.61 98096.66 40.14 1616416.75 1
3427585 31.19 98101.55 40.05 2527615.00 2
3431833 31.06 98104.04 40.16 1919850.00 3
3432583 31.28 98102.13 40.25 212757.11 4
3433332 31.41 98100.06 40.23 204840.97 5
3433832 31.45 98098.80 40.23 197264.50 6
3434582 31.54 98094.98 40.22 42996.30 7
3435332 31.62 98095.18 40.25 45229.68 8
3436081 31.66 98093.75 40.23 46817.85 9
3436831 31.69 98093.90 40.18 49060.94 0
3437081 31.61 98094.99 40.14 1615460.50 1
3438330 31.18 98095.95 40.06 2511342.75 2
3442579 31.05 98101.15 40.15 1922553.38 3
3443328 31.27 98099.63 40.20 214091.58 4
3444078 31.41 98099.23 40.24 204228.16 5
3444578 31.45 98097.98 40.20 196582.84 6
3445328 31.53 98097.34 40.24 43039.68 7
3446077 31.62 98098.20 40.19 45038.71 8
3446827 31.66 98096.56 40.16 46511.63 9
3447577 31.69 98094.84 40.16 48948.38 0
3447827 31.62 98096.30 40.11 1615460.50 1
3449076 31.18 98097.33 40.03 2520615.50 2
3453325 31.05 98106.54 40.13 1913124.75 3
3454074 31.27 98103.66 40.18 213155.70 4
3454824 31.40 98101.73 40.19 204963.97 5
3455574 31.45 98099.77 40.22 197036.75 6
3456074 31.53 98098.25 40.19 42953.02 7
3456824 31.62 98099.12 40.19 45133.99 8
3457573 31.67 98101.37 40.18 46562.39 9
3458323 31.68 98099.08 40.12 48864.29 0
3458573 31.61 98099.80 40.12 1612598.38 1
3459822 31.18 98100.55 40.02 2513654.50 2
3464071 31.04 98099.76 40.15 1919850.00 3
3464820 31.27 98096.68 40.18 212889.81 4
3465570 31.39 98097.35 40.21 204840.97 5
3466320 31.45 98097.38 40.19 197836.17 6
3466820 31.53 98097.59 40.19 42953.02 7
3467570 31.61 98095.84 40.20 44991.21 8
3468319 31.66 98098.17 40.17 46766.53 9
3469069 31.68 98097.38 40.15 48752.62 0
3469319 31.61 98098.22 40.09 1624107.88 1
3470568 31.17 98100.23 39.99 2525277.50 2
3474817 31.04 98100.30 40.13 1919850.00 3
3475566 31.27 98091.55 40.17 213957.38 4
3476316 31.39 98086.75 40.17 205210.42 5
3477066 31.45 98086.38 40.18 198526.56 6
3477565 31.52 98086.34 40.16 42909.82 7
3478315 31.61 98089.01 40.11 44896.53 8
3479065 31.65 98090.27 40.12 46613.25 9
3479815 31.68 98091.30 40.11 49117.42 0
3480065 31.60 98091.29 40.06 1621215.13 1
3481564 31.18 98096.25 39.98 2544099.50 2
3485562 31.04 98100.56 40.09 1926622.75 3
3486312 31.26 98099.30 40.15 214495.19 4
3487062 31.39 98098.26 40.19 205581.20 5
3487811 31.44 98099.00 40.14 198411.16 6
3488561 31.52 98100.05 40.16 43083.14 7
3489061 31.61 98098.74 40.14 45086.30 8
3489811 31.65 98098.91 40.11 46613.25 9
3490560 31.68 98099.86 40.05 48780.49 0
3490810 31.61 98101.34 40.06 1624107.88 1
3492310 31.17 98102.92 39.99 2518290.75 2
3496308 31.04 98102.44 40.07 1926622.75 3
3497058 31.27 98101.71 40.11 214630.06 4
3497808 31.39 98100.59 40.12 205457.47 5
3498557 31.44 98099.88 40.17 197721.56 6
3499307 31.52 98099.02 40.13 43170.32 7
3499807 31.60 98098.87 40.14 45277.68 8
3500556 31.65 98098.48 40.11 46613.25 9
3501306 31.67 98097.48 40.08 48892.29 0
3501556 31.59 98098.03 40.03 1618332.63 1
3503056 31.17 98101.05 39.94 2520615.50 2
3507054 31.04 98099.69 40.05 1926622.75 3
3507804 31.26 98094.65 40.10 213823.34 4
3508553 31.39 98094.41 40.12 205581.20 5
3509303 31.43 98093.97 40.12 198065.77 6
3510053 31.52 98092.23 40.11 43083.14 7
3510553 31.60 98091.09 40.08 44802.24 8
3511302 31.64 98090.97 40.07 46511.63 9
3512052 31.67 98092.09 40.04 48948.38 0
3512302 31.59 98092.81 40.01 1616416.75 1
3513801 31.16 98095.15 39.93 2527615.00 2
3518049 31.03 98093.55 40.04 1926622.75 3
3518549 31.26 98089.88 40.08 214225.94 4
3519299 31.38 98090.79 40.09 205087.13 5
3520049 31.43 98090.43 40.07 197836.17 6
3520799 31.51 98087.80 40.05 43083.14 7
3521548 31.60 98088.26 40.08 45133.99 8
3522048 31.64 98087.77 40.07 46562.39 9
3522798 31.66 98088.41 40.03 48724.78 0
3523048 31.59 98088.34 40.02 1606904.63 1
3524547 31.16 98091.84 39.92 2520615.50 2
3528795 31.03 98090.33 40.00 1930709.38 3
3529295 31.25 98089.23 40.05 212889.81 4
3530045 31.38 98088.76 40.07 205210.42 5
3530794 31.43 98089.65 40.06 197264.50 6
3531544 31.51 98088.49 40.08 42996.30 7
3532294 31.60 98090.64 40.09 44849.34 8
3532794 31.64 98090.42 40.04 46460.98 9
3533544 31.66 98092.05 40.01 48641.46 0
3533794 31.60 98094.61 40.00 1614505.38 1
3535293 31.15 98095.22 39.86 2509035.25 2
3539541 31.03 98099.19 39.99 1929345.25 3
3540041 31.25 98095.07 40.05 213422.27 4
3540791 31.38 98095.58 40.06 205953.34 5
3541540 31.43 98092.05 40.05 196923.08 6
3542290 31.50 98088.93 40.05 43126.68 7
3543040 31.59 98087.25 40.08 44943.82 8
3543540 31.63 98088.89 40.02 46562.39 9
3544289 31.66 98088.01 39.96 48836.32 0
3544539 31.59 98090.06 39.91 1615460.50 1
3546039 31.15 98094.16 39.85 2515970.50 2
3550287 31.03 98097.20 39.94 1925264.38 3
3551037 31.25 98096.32 40.03 212889.81 4
3551536 31.38 98103.04 40.04 204595.41 5
3552286 31.42 98102.59 40.01 197721.56 6
3553036 31.51 98101.84 40.03 42866.71 7
3553786 31.60 98100.80 40.05 44943.82 8
3554535 31.64 98098.28 40.00 46562.39 9
3555035 31.66 98096.29 39.95 48475.67 0
3555285 31.58 98097.15 39.93 1605959.63 1
3556785 31.15 98101.47 39.84 2511342.75 2
3561033 31.02 98103.66 39.94 1923908.00 3
3561783 31.25 98094.44 40.02 213422.27 4
3562282 31.38 98093.78 40.00 204350.42 5
3563032 31.42 98097.67 40.01 198295.89 6
3563782 31.51 98098.92 39.99 43039.68 7
3564532 31.59 98098.48 40.01 44849.34 8
3565281 31.64 98099.41 40.00 46664.23 9
3565781 31.65 98097.24 39.95 48641.46 0
3566031 31.58 98099.58 39.89 1608798.13 1
3567531 31.15 98102.87 39.81 2515970.50 2
3571779 31.02 98100.27 39.93 1929345.25 3
3572528 31.24 98098.19 40.00 215578.95 4
3573028 31.37 98096.41 40.00 205457.47 5
3573778 31.42 98095.95 40.01 198526.56 6
3574528 31.50 98099.08 39.98 43039.68 7
3575277 31.59 98100.45 40.01 44896.53 8
3576027 31.63 98101.30 40.00 46460.98 9
3576527 31.65 98102.66 39.89 48808.39 0
3577027 31.58 98105.17 39.89 1620253.13 1
3578276 31.15 98108.84 39.83 2515970.50 2
3582524 31.02 98106.55 39.90 1923908.00 3
3583274 31.24 98102.15 39.96 214225.94 4
3584024 31.37 98100.20 40.00 204350.42 5
3584524 31.42 98100.28 39.99 198180.77 6
3585273 31.50 98101.90 39.96 43170.32 7
3586023 31.59 98102.67 39.98 44896.53 8
3586773 31.63 98105.13 39.96 46309.70 9
3587523 31.65 98105.83 39.90 48920.31 0
3587773 31.57 98107.05 39.85 1612598.38 1
3589022 31.15 98108.70 39.78 2532303.00 2
3593270 31.02 98109.48 39.86 1932075.50 3
3594020 31.24 98107.58 39.93 213823.34 4
3594770 31.37 98105.48 40.00 205457.47 5
3595270 31.41 98105.08 39.95 198295.89 6
3596019 31.50 98103.33 39.96 42823.69 7
3596769 31.58 98101.99 39.96 44991.21 8
3597519 31.63 98100.84 39.90 46410.44 9
3598268 31.64 98098.13 39.88 48808.39 0
3598518 31.57 98100.30 39.89 1613551.25 1
3599768 31.15 98106.30 39.75 2520615.50 2
3604016 31.02 98102.73 39.84 1932075.50 3
3604766 31.24 98100.35 39.94 212624.58 4
3605516 31.37 98100.52 39.94 205333.88 5
3606015 31.41 98098.76 39.97 198989.50 6
3606765 31.49 98097.27 39.91 42953.02 7
3607515 31.58 98095.64 39.89 44943.82 8
3608265 31.62 98095.88 39.90 46715.33 9
3609014 31.65 98097.32 39.88 48724.78 0
3609264 31.58 98099.80 39.83 1610696.00 1
3610514 31.14 98103.31 39.75 2504433.00 2
3614762 31.02 98100.40 39.85 1921200.75 3
3615512 31.23 98098.78 39.90 214495.19 4
3616261 31.36 98097.91 39.90 206202.17 5
3616761 31.41 98097.33 39.90 198180.77 6
3617511 31.49 98098.06 39.91 43039.68 7
3618261 31.58 98097.73 39.93 44896.53 8
3619010 31.63 98098.52 39.88 46562.39 9
3619760 31.64 98095.38 39.78 48976.47 0
3620010 31.57 98096.37 39.80 1622178.25 1
3621260 31.14 98098.91 39.73 2515970.50 2
3625508 31.01 98095.31 39.82 1932075.50 3
3626258 31.23 98091.37 39.89 214360.48 4
3627007 31.36 98089.52 39.90 205210.42 5
3627757 31.41 98090.65 39.90 198065.77 6
3628257 31.49 98090.75 39.91 42780.75 7
3629007 31.57 98090.06 39.90 44802.24 8
3629756 31.62 98090.57 39.87 46664.23 9
3630506 31.64 98089.35 39.83 48696.98 0
3630756 31.57 98090.57 39.79 1612598.38 1
3632005 31.14 98091.43 39.72 2504433.00 2
3636254 31.01 98095.39 39.80 1922553.38 3
3637003 31.23 98089.84 39.89 213689.48 4
3637753 31.36 98091.32 39.90 204106.05 5
3638503 31.41 98091.32 39.90 198757.77 6
3639003 31.49 98091.06 39.88 42909.82 7
3639753 31.58 98091.38 39.85 44896.53 8
3640502 31.62 98090.02 39.85 46562.39 9
3641252 31.64 98089.86 39.81 48836.32 0
3641502 31.57 98089.77 39.77 1620253.13 1
3643001 31.14 98090.91 39.68 2515970.50 2
3647000 31.01 98090.29 39.78 1936185.25 3
3647749 31.23 98089.45 39.85 214630.06 4
3648499 31.36 98089.61 39.83 205333.88 5
3649249 31.41 98090.26 39.85 199105.58 6
3649749 31.48 98088.80 39.84 42780.75 7
3650498 31.57 98087.77 39.82 45181.79 8
3651248 31.62 98085.84 39.85 46511.63 9
3651998 31.64 98085.95 39.78 49089.16 0
3652248 31.57 98088.23 39.76 1625074.38 1
3653747 31.14 98090.94 39.67 2527615.00 2
3657745 31.01 98093.02 39.78 1937559.13 3
3658495 31.22 98089.76 39.83 213422.27 4
3659245 31.36 98089.92 39.87 204840.97 5
3659995 31.40 98089.52 39.82 199338.14 6
3660744 31.48 98089.45 39.85 43434.00 7
3661244 31.57 98090.52 39.87 45038.71 8
3661994 31.61 98091.47 39.84 46766.53 9
3662744 31.64 98092.25 39.80 49004.59 0
3662994 31.56 98093.06 39.76 1614505.38 1
3664493 31.13 98095.02 39.65 2499847.50 2
3668491 31.00 98094.48 39.77 1938934.88 3
3669241 31.22 98091.83 39.82 215035.70 4
3669991 31.35 98091.17 39.82 205210.42 5
3670740 31.41 98092.23 39.84 198873.56 6
3671490 31.48 98090.18 39.85 42823.69 7
3671990 31.56 98088.79 39.79 44849.34 8
3672739 31.61 98089.94 39.80 46664.23 9
3673489 31.64 98090.26 39.75 48892.29 0
3673739 31.56 98092.00 39.74 1611646.63 1
3675239 31.13 98094.71 39.64 2506732.00 2
3679487 31.00 98095.48 39.79 1933443.50 3
3679987 31.22 98090.67 39.82 214091.58 4
3680736 31.35 98091.13 39.81 205953.34 5
3681486 31.39 98090.16 39.84 199454.61 6
3682236 31.48 98092.34 39.78 42996.30 7
3682736 31.57 98090.58 39.79 44991.21 8
3683485 31.61 98091.64 39.79 46511.63 9
3684235 31.63 98093.24 39.70 48808.39 0
3684485 31.56 98095.94 39.69 1619292.38 1
3685984 31.13 98098.20 39.62 2513654.50 2
3690233 31.00 98094.97 39.72 1933443.50 3
3690732 31.22 98095.03 39.81 213555.78 4
3691482 31.35 98097.11 39.81 205457.47 5
3692232 31.40 98097.86 39.81 197721.56 6
3692981 31.48 98093.64 39.75 43126.68 7
3693731 31.57 98090.54 39.77 44849.34 8
3694231 31.61 98089.80 39.76 46460.98 9
3694981 31.63 98088.63 39.75 48530.80 0
3695231 31.56 98090.24 39.71 1607850.88 1
3696730 31.13 98095.21 39.62 2506732.00 2
3700978 31.00 98101.35 39.69 1929345.25 3
3701478 31.22 98100.55 39.77 214495.19 4
3702228 31.35 98099.56 39.80 205333.88 5
3702978 31.39 98100.01 39.78 198411.16 6
3703727 31.48 98098.56 39.77 43126.68 7
3704477 31.56 98097.96 39.77 44943.82 8
3704977 31.61 98098.45 39.71 46562.39 9
3705727 31.63 98096.47 39.68 49145.71 0
3705977 31.56 98098.48 39.66 1608798.13 1
3707476 31.13 98105.37 39.60 2515970.50 2
3711724 31.00 98096.30 39.66 1929345.25 3
3712474 31.21 98093.30 39.74 215306.98 4
3712974 31.34 98092.21 39.77 206451.61 5
3713723 31.39 98090.65 39.76 199338.14 6
3714473 31.48 98089.05 39.76 43083.14 7
3715223 31.55 98088.17 39.73 44991.21 8
3715973 31.60 98087.00 39.73 46511.63 9
3716473 31.63 98088.35 39.70 48836.32 0
3716723 31.55 98089.45 39.66 1610696.00 1
3718222 31.12 98096.15 39.60 2502138.00 2
3722470 30.99 98094.05 39.68 1940312.63 3
3723220 31.21 98092.72 39.75 215306.98 4
3723720 31.34 98092.73 39.75 206576.56 5
3724470 31.39 98092.40 39.73 198526.56 6
3725219 31.47 98094.45 39.78 42996.30 7
3725969 31.56 98095.84 39.71 44943.82 8
3726719 31.60 98098.13 39.72 46511.63 9
3727218 31.63 98099.37 39.69 48808.39 0
3727468 31.55 98099.02 39.65 1620253.13 1
3728968 31.12 98099.38 39.54 2509035.25 2
3733216 30.99 98099.95 39.67 1933443.50 3
3733966 31.21 98094.68 39.74 214630.06 4
3734465 31.34 98094.27 39.73 205087.13 5
3735215 31.39 98095.92 39.73 199105.58 6
3735965 31.47 98098.24 39.70 42996.30 7
3736714 31.55 98099.20 39.71 45038.71 8
3737464 31.60 98097.63 39.70 46664.23 9
3737964 31.62 98100.05 39.61 48586.07 0
3738464 31.55 98101.18 39.62 1614505.38 1
3739713 31.12 98106.89 39.53 2502138.00 2
3743961 30.98 98105.30 39.64 1932075.50 3
3744711 31.21 98106.23 39.70 214630.06 4
3745461 31.34 98102.70 39.71 205953.34 5
3745961 31.39 98102.95 39.71 198873.56 6
3746711 31.47 98103.91 39.70 42909.82 7
3747460 31.55 98104.33 39.72 44896.53 8
3748210 31.60 98103.16 39.67 46562.39 9
3748960 31.62 98101.81 39.59 48780.49 0
3749210 31.55 98103.77 39.63 1623142.50 1
3750459 31.11 98105.79 39.53 2497561.00 2
3754707 30.99 98102.53 39.61 1941692.38 3
3755457 31.21 98099.70 39.69 215035.70 4
3756207 31.34 98099.01 39.70 206701.66 5
3756706 31.38 98098.39 39.71 198065.77 6
3757456 31.46 98095.52 39.72 43083.14 7
3758206 31.55 98095.55 39.69 44849.34 8
3758956 31.59 98094.72 39.68 46511.63 9
3759705 31.62 98095.66 39.61 48752.62 0
3759955 31.54 98097.75 39.60 1626042.13 1
3761205 31.11 98100.34 39.49 2495278.75 2
3765453 30.98 98102.80 39.61 1937559.13 3
3766203 31.21 98102.70 39.68 215035.70 4
3766952 31.34 98102.31 39.65 205705.11 5
3767452 31.38 98100.61 39.68 199105.58 6
3768202 31.46 98101.55 39.70 42866.71 7
3768952 31.55 98100.66 39.68 44755.25 8
3769701 31.60 98099.84 39.66 46511.63 9
3770451 31.62 98100.14 39.62 48864.29 0
3770701 31.55 98101.55 39.55 1625074.38 1
3771950 31.11 98104.55 39.50 2515970.50 2
3776199 30.98 98100.91 39.60 1941692.38 3
3776948 31.20 98099.83 39.65 214495.19 4
3777698 31.34 98098.91 39.68 206451.61 5
3778448 31.38 98096.63 39.67 198180.77 6
3778948 31.46 98097.20 39.67 42996.30 7
3779697 31.55 98096.38 39.65 44943.82 8
3780447 31.60 98096.79 39.60 46460.98 9
3781197 31.62 98095.06 39.58 48864.29 0
3781447 31.54 98096.01 39.57 1609746.50 1
3782696 31.11 98098.84 39.46 2495278.75 2
3786944 30.98 98098.77 39.62 1937559.13 3
3787694 31.20 98096.70 39.64 214630.06 4
3788444 31.33 98095.52 39.65 204963.97 5
3789194 31.38 98096.05 39.64 197721.56 6
3789693 31.46 98095.87 39.62 43039.68 7
3790443 31.55 98094.02 39.64 44943.82 8
3791193 31.59 98094.99 39.59 46562.39 9
3791942 31.61 98094.55 39.59 49060.94 0
3792192 31.55 98096.88 39.58 1620253.13 1
3793442 31.11 98097.89 39.51 2488456.75 2
3797690 30.98 98101.43 39.57 1941692.38 3
3798440 31.20 98101.48 39.66 214495.19 4
3799190 31.33 98099.62 39.68 205581.20 5
3799939 31.38 98100.86 39.64 198989.50 6
3800439 31.46 98101.52 39.66 43039.68 7
3801189 31.54 98101.79 39.64 45038.71 8
3801939 31.59 98101.55 39.62 46613.25 9
3802688 31.61 98100.92 39.60 48808.39 0
3802938 31.54 98102.26 39.54 1622178.25 1
3804438 31.11 98107.96 39.44 2513654.50 2
3808436 30.97 98108.91 39.53 1943074.00 3
3809186 31.20 98108.62 39.62 215442.88 4
3809935 31.33 98103.55 39.66 206326.81 5
3810685 31.38 98102.88 39.62 198989.50 6
3811435 31.46 98103.05 39.61 42953.02 7
3811934 31.54 98102.96 39.64 44849.34 8
3812684 31.59 98102.37 39.62 46664.23 9
3813434 31.61 98103.63 39.57 49089.16 0
3813684 31.54 98105.38 39.54 1621215.13 1
3815183 31.10 98106.35 39.43 2495278.75 2
3819182 30.98 98105.70 39.56 1941692.38 3
3819931 31.20 98106.62 39.61 214225.94 4
3820681 31.33 98103.09 39.62 207455.42 5
3821431 31.37 98101.25 39.62 198873.56 6
3822181 31.46 98103.85 39.63 43214.04 7
3822681 31.54 98104.47 39.60 44991.21 8
3823430 31.59 98104.56 39.57 46613.25 9
3824180 31.61 98104.48 39.56 48780.49 0
3824430 31.54 98105.08 39.56 1626042.13 1
3825929 31.10 98104.25 39.43 2490726.75 2
3829928 30.98 98106.08 39.55 1951405.38 3
3830677 31.20 98102.85 39.61 215442.88 4
3831427 31.32 98097.57 39.61 206326.81 5
3832177 31.38 98097.07 39.62 199687.98 6
3832927 31.45 98094.98 39.59 42953.02 7
3833427 31.54 98095.34 39.60 45133.99 8
3834176 31.59 98098.56 39.58 46613.25 9
3834926 31.61 98097.73 39.53 48948.38 0
3835176 31.54 98099.82 39.52 1618332.63 1
3836675 31.10 98099.45 39.45 2502138.00 2
3840924 30.97 98101.05 39.51 1947230.75 3
3841423 31.20 98101.67 39.60 216261.88 4
3842173 31.32 98100.08 39.60 205333.88 5
3842923 31.37 98099.80 39.59 199454.61 6
3843672 31.46 98100.23 39.64 43126.68 7
3844172 31.53 98098.12 39.58 45086.30 8
3844922 31.58 98099.54 39.58 46511.63 9
3845672 31.61 98101.43 39.53 48836.32 0
3845922 31.53 98103.63 39.53 1618332.63 1
3847421 31.10 98102.85 39.42 2499847.50 2
3851669 30.97 98103.69 39.52 1951405.38 3
3852169 31.20 98103.49 39.56 214765.09 4
3852919 31.32 98099.56 39.59 205829.14 5
3853669 31.37 98096.77 39.59 199687.98 6
3854418 31.45 98095.34 39.59 43126.68 7
3855168 31.54 98096.95 39.59 44661.55 8
3855668 31.57 98097.38 39.60 46613.25 9
3856418 31.60 98099.24 39.54 48948.38 0
3856668 31.53 98098.95 39.52 1617374.13 1
3858167 31.10 98102.77 39.43 2502138.00 2
3862416 30.97 98098.05 39.52 1947230.75 3
3862916 31.19 98095.20 39.55 214900.31 4
3863665 31.32 98094.20 39.61 206202.17 5
3864415 31.37 98094.91 39.58 199221.80 6
3865165 31.45 98093.23 39.56 42953.02 7
3865914 31.53 98093.94 39.58 44896.53 8
3866414 31.58 98092.98 39.58 46613.25 9
3867164 31.60 98092.13 39.51 48586.07 0
3867414 31.53 98093.69 39.48 1609746.50 1
3868913 31.09 98093.58 39.41 2490726.75 2
3873161 30.96 98098.80 39.54 1951405.38 3
3873911 31.19 98098.20 39.55 214360.48 4
3874411 31.32 98097.36 39.61 205457.47 5
3875161 31.36 98099.42 39.57 198526.56 6
3875910 31.45 98100.35 39.53 42695.13 7
3876660 31.54 98101.98 39.55 44943.82 8
3877410 31.57 98101.98 39.52 46715.33 9
3877910 31.61 98104.48 39.47 48586.07 0
3878160 31.53 98106.17 39.46 1613551.25 1
3879659 31.09 98110.98 39.40 2486191.25 2
3883907 30.96 98113.73 39.49 1955598.00 3
3884657 31.19 98116.55 39.54 215442.88 4
3885157 31.32 98122.78 39.56 206077.69 5
3885907 31.36 98120.23 39.57 199687.98 6
3886656 31.44 98110.55 39.59 42866.71 7
3887406 31.53 98107.69 39.53 44943.82 8
3888156 31.57 98105.82 39.54 46715.33 9
3888656 31.61 98104.78 39.52 48613.75 0
3888906 31.53 98103.95 39.46 1617374.13 1
3890405 31.09 98106.20 39.34 2488456.75 2
3894653 30.96 98110.73 39.47 1948620.38 3
3895403 31.19 98106.05 39.56 215578.95 4
3895903 31.32 98101.57 39.55 206202.17 5
3896652 31.37 98100.55 39.56 198873.56 6
3897402 31.45 98099.05 39.53 42953.02 7
3898152 31.53 98097.94 39.52 44708.35 8
3898902 31.57 98099.09 39.50 46715.33 9
3899402 31.61 98099.95 39.48 48780.49 0
3899901 31.53 98100.60 39.45 1613551.25 1
3901151 31.09 98103.82 39.38 2486191.25 2
3905399 30.96 98103.49 39.45 1947230.75 3
3906149 31.18 98103.26 39.52 215035.70 4
3906898 31.32 98101.30 39.54 207203.56 5
3907398 31.36 98099.85 39.52 199454.61 6
3908148 31.44 98099.37 39.52 42953.02 7
3908898 31.52 98100.29 39.51 44849.34 8
3909647 31.57 98101.13 39.52 46460.98 9
3910147 31.60 98099.45 39.49 48948.38 0
3910647 31.52 98099.51 39.44 1627010.88 1
3911897 31.09 98102.48 39.35 2495278.75 2
3916145 30.96 98102.84 39.48 1952801.00 3
3916894 31.18 98101.77 39.50 214091.58 4
3917644 31.31 98098.91 39.52 206077.69 5
3918144 31.36 98095.85 39.49 199338.14 6
3918894 31.44 98097.09 39.53 43170.32 7
3919644 31.53 98097.07 39.51 44802.24 8
3920393 31.56 98095.87 39.48 46309.70 9
3921143 31.60 98094.59 39.48 48976.47 0
3921393 31.52 98093.87 39.42 1609746.50 1
3922643 31.09 98094.63 39.34 2481672.25 2
3926891 30.96 98091.30 39.45 1951405.38 3
3927641 31.18 98087.13 39.52 215578.95 4
3928390 31.31 98086.54 39.50 206701.66 5
3928890 31.36 98086.45 39.50 199454.61 6
3929640 31.44 98086.19 39.46 42780.75 7
3930390 31.52 98085.77 39.45 44849.34 8
3931140 31.57 98084.53 39.46 46460.98 9
3931889 31.59 98085.30 39.44 48338.37 0
3932139 31.52 98086.20 39.40 1604072.88 1
3933389 31.09 98091.98 39.31 2479419.00 2
3937637 30.96 98090.12 39.40 1948620.38 3
3938387 31.18 98086.18 39.47 214630.06 4
3939136 31.31 98088.84 39.51 206077.69 5
3939886 31.36 98087.98 39.47 199571.23 6
3940386 31.44 98091.01 39.44 42737.90 7
3941136 31.52 98091.65 39.49 45038.71 8
3941885 31.56 98090.24 39.47 46410.44 9
3942635 31.59 98089.16 39.40 48864.29 0
3942885 31.52 98089.59 39.38 1612598.38 1
3944134 31.09 98092.37 39.31 2490726.75 2
3948383 30.96 98088.85 39.41 1958403.00 3
3949132 31.17 98085.29 39.45 214765.09 4
3949882 31.31 98085.38 39.47 207203.56 5
3950632 31.35 98085.18 39.46 200156.38 6
3951132 31.43 98085.34 39.46 42909.82 7
3951881 31.52 98084.83 39.46 45038.71 8
3952631 31.56 98084.34 39.40 46511.63 9
3953381 31.59 98086.00 39.40 48892.29 0
3953631 31.52 98087.31 39.38 1615460.50 1
3954880 31.08 98090.02 39.28 2472683.25 2
3959128 30.95 98085.92 39.39 1956999.50 3
3959878 31.17 98081.84 39.44 215578.95 4
3960628 31.30 98083.71 39.49 207077.86 5
3961378 31.35 98084.37 39.46 199921.91 6
3961877 31.43 98082.34 39.44 42996.30 7
3962627 31.52 98082.35 39.46 44614.85 8
3963377 31.57 98083.50 39.41 46715.33 9
3964127 31.59 98083.68 39.39 48864.29 0
39