=~=~=~=~=~=~=~=~=~=~=~= PuTTY log 2024.11.24 22:22:17 =~=~=~=~=~=~=~=~=~=~=~=
7392289 31.13 98097.57 38.44 227202.13 4
7393039 31.26 98096.30 38.44 216536.27 5
7393789 31.32 98099.23 38.45 209364.14 6
7394289 31.39 98098.28 38.46 42953.02 7
7395038 31.47 98097.16 38.41 44661.55 8
7395788 31.52 98097.05 38.43 45911.05 9
7396538 31.54 98096.46 38.39 48174.63 0
73967887643193 37.05 97844.80 39.92 252403.25 8
7643943 37.08 97845.23 39.95 266389.19 9
7644692 37.11 97846.09 39.98 275639.31 0
7644942 37.02 97847.70 39.94 33938892.00 1
7646192 36.55 97852.71 40.01 28605848.00 2
7650440 36.38 97858.54 40.47 20838156.00 3
7651190 36.62 97860.48 40.61 1522676.63 4
7651939 36.74 97859.63 40.63 1459729.13 5
7652689 36.79 97860.32 40.72 1417301.00 6
7653189 36.86 97859.02 40.71 243403.84 7
7653939 36.95 97862.38 40.76 260096.52 8
7654688 36.99 97864.99 40.73 274751.81 9
7655438 37.01 97865.48 40.75 283185.84 0
7655688 36.93 97866.35 40.71 35949532.00 1
7656938 36.46 97873.16 40.72 30083084.00 2
7661186 36.30 97881.78 41.21 21643328.00 3
7661935 36.53 97880.53 41.35 1586367.13 4
7662685 36.65 97882.60 41.38 1544203.63 5
7663435 36.69 97884.07 41.40 1483520.50 6
7663935 36.77 97884.80 41.46 249817.03 7
7664684 36.86 97884.80 41.47 269757.63 8
7665434 36.90 97883.27 41.50 281550.72 9
7666184 36.91 97885.16 41.51 292404.34 0
7666434 36.83 97888.14 41.48 38013920.00 1
7667933 36.37 97886.99 41.52 31790444.00 2
7671932 36.21 97894.70 42.01 23108604.00 3
7672681 36.44 97893.55 42.12 1659643.38 4
7673431 36.56 97892.70 42.23 1601251.00 5
7674181 36.61 97892.58 42.23 1552985.75 6
7674930 36.68 97891.77 42.21 256963.61 7
7675430 36.77 97894.95 42.28 280164.16 8
7676180 36.81 97896.57 42.24 290909.09 9
7676930 36.82 97897.45 42.21 302511.09 0
7677180 36.74 97897.48 42.21 40255528.00 1
7678679 36.28 97897.52 42.23 33677288.00 2
7682927 36.11 97902.31 42.65 24947088.00 3
7683427 36.34 97903.47 42.78 1721370.00 4
7684177 36.48 97905.29 42.82 1680065.63 5
7684927 36.52 97906.53 42.83 1622178.25 6
7685676 36.60 97907.87 42.85 269119.59 7
7686426 36.68 97907.22 42.85 287237.03 8
7686926 36.71 97908.89 42.84 301975.81 9
7687675 36.74 97910.38 42.81 311340.84 0
7687925 36.66 97910.49 42.79 42652784.00 1
7689425 36.19 97911.59 42.77 35802240.00 2
7693673 36.03 97913.49 43.18 26473844.00 3
7694423 36.25 97915.59 43.31 1784360.75 4
7694923 36.39 97918.43 43.30 1756808.88 5
7695672 36.43 97919.40 43.34 1697823.88 6
7696422 36.52 97918.07 43.33 277431.59 7
7697172 36.60 97915.98 43.36 298542.28 8
7697922 36.63 97915.24 43.33 307138.56 9
7698422 36.65 97917.59 43.29 316537.88 0
7698672 36.57 97920.34 43.28 45306604.00 1
7700171 36.11 97923.04 43.22 37556448.00 2
7704419 35.95 97925.45 43.65 28181466.00 3
7705169 36.17 97925.97 43.73 1877607.13 4
7705669 36.30 97927.29 43.80 1834714.50 5
7706418 36.35 97930.16 43.80 1773928.13 6
7707168 36.43 97929.38 43.80 284602.56 7
7707918 36.51 97930.26 43.80 304671.22 8
7708668 36.55 97929.45 43.80 318606.09 9
7709417 36.56 97927.70 43.75 325285.91 0
7709667 36.48 97930.20 43.74 47012912.00 1
7710917 36.02 97932.22 43.70 39420152.00 2
7715165 35.86 97936.34 44.08 29218012.00 3
7715915 36.09 97932.84 44.17 1951405.38 4
7716664 36.22 97935.20 44.19 1891916.88 5
7717164 36.26 97937.44 44.22 1850881.13 6
7717914 36.34 97938.44 44.23 291654.81 7
7718664 36.43 97940.66 44.19 313917.84 8
7719413 36.46 97941.52 44.19 327470.41 9
7720163 36.48 97942.73 44.14 336178.59 0
7720413 36.41 97943.84 44.12 51572692.00 1
7721663 35.94 97944.91 44.05 41243548.00 2
7725911 35.78 97949.11 44.42 31222486.00 3
7726660 36.00 97948.64 44.51 2048000.00 4
7727410 36.13 97948.98 44.55 1998536.25 5
7728160 36.18 97949.60 44.55 1945843.25 6
7728660 36.25 97952.66 44.55 304943.41 7
7729410 36.34 97954.33 44.56 321305.31 8
7730159 36.38 97953.78 44.53 334531.19 9
7730909 36.40 97954.23 44.50 347826.09 0
7731159 36.32 97954.69 44.47 53961300.00 1
7732658 35.86 97952.72 44.41 43415700.00 2
7736657 35.70 97957.45 44.79 32669990.00 3
7737406 35.92 97956.59 44.84 2136114.75 4
7738156 36.05 97959.52 44.89 2055708.88 5
7738906 36.10 97960.84 44.90 2004404.25 6
7739655 36.18 97961.16 44.90 309085.41 7
7740155 36.26 97961.26 44.88 330003.22 8
7740905 36.30 97961.92 44.87 344665.09 9
7741655 36.32 97963.20 44.83 359172.22 0
7741905 36.24 97966.54 44.82 57399604.00 1
7743404 35.78 97964.10 44.76 46217208.00 2
7747402 35.62 97970.30 45.13 34748676.00 3
7748152 35.85 97970.08 45.19 2217650.25 4
7748902 35.98 97971.07 45.25 2170066.25 5
7749651 36.02 97972.10 45.23 2093534.38 6
7750401 36.09 97969.80 45.20 321003.13 7
7750901 36.18 97970.77 45.16 340199.34 8
7751651 36.22 97971.16 45.17 354325.25 9
7752401 36.24 97971.84 45.13 364932.28 0
7752651 36.16 97973.74 45.09 60751796.00 1
7754150 35.71 97972.71 45.06 49979792.00 2
7758398 35.54 97971.57 45.38 36766340.00 3
7758898 35.77 97973.24 45.45 2297896.25 4
7759648 35.90 97974.56 45.52 2230329.50 5
7760398 35.95 97975.70 45.44 2182205.75 6
7761147 36.03 97975.84 45.47 326843.28 7
7761897 36.11 97978.03 45.48 352860.09 8
7762397 36.15 97977.51 45.46 364932.28 9
7763146 36.17 97978.80 45.43 385179.63 0
7763396 36.09 97979.27 45.37 62894432.00 1
7764896 35.63 97979.85 45.30 52376424.00 2
7769144 35.47 97980.53 45.64 38652904.00 3
7769894 35.70 97981.44 45.75 2409411.75 4
7770394 35.83 97982.72 45.71 2323312.50 5
7771143 35.87 97983.48 45.75 2288268.25 6
7771893 35.95 97983.30 45.74 337842.28 7
7772643 36.03 97985.96 45.73 358041.97 8
7773393 36.07 97985.48 45.67 379399.78 9
7773892 36.09 97986.45 45.61 392713.31 0
7774142 36.00 97985.98 45.61 66081168.00 1
7775642 35.55 97985.20 45.52 54533804.00 2
7779890 35.39 97986.98 45.85 40479308.00 3
7780640 35.62 97988.08 45.92 2483929.75 4
7781140 35.75 97988.76 46.03 2407287.75 5
7781889 35.79 97990.10 45.97 2335233.75 6
7782639 35.88 97992.27 45.90 344317.41 7
7783389 35.96 97992.66 45.94 375848.78 8
7784138 36.00 97991.81 45.91 390243.91 9
7784638 36.02 97991.20 45.87 401962.72 0
7785138 35.93 97993.42 45.82 68840336.00 1
7786387 35.48 97991.44 45.77 57588752.00 2
7790636 35.32 97994.84 46.09 43158380.00 3
7791385 35.55 97994.23 46.12 2572864.25 4
7792135 35.67 97995.63 46.19 2493000.50 5
7792635 35.72 97996.34 46.24 2433026.50 6
7793385 35.80 97997.14 46.14 351045.59 7
7794134 35.89 97997.84 46.16 383664.28 8
7794884 35.93 97998.95 46.16 399142.47 9
7795634 35.95 97999.11 46.08 409927.94 0
7795884 35.87 98001.63 46.06 71487320.00 1
7797133 35.41 98005.16 45.96 59713896.00 2
7801381 35.25 98008.97 46.28 44206408.00 3
7802131 35.48 98007.66 46.34 2663199.00 4
7802881 35.61 98008.97 46.40 2597336.75 5
7803631 35.65 98008.07 46.40 2520615.50 6
7804130 35.73 98007.83 46.35 361071.94 7
7804880 35.82 98009.45 46.36 393619.06 8
7805630 35.86 98010.51 46.31 406995.22 9
7806380 35.88 98009.02 46.26 421052.63 0
7806630 35.79 98009.15 46.20 74409312.00 1
7807879 35.34 98014.79 46.19 62001892.00 2
7812127 35.19 98017.20 46.46 46217208.00 3
7812877 35.41 98013.79 46.54 2732488.25 4
7813626 35.54 98014.05 46.59 2673629.25 5
7814376 35.58 98016.20 46.56 2582597.75 6
7814876 35.66 98017.01 46.54 366499.66 7
7815626 35.75 98018.55 46.54 399843.81 8
7816376 35.79 98017.84 46.49 415415.81 9
7817125 35.81 98019.24 46.47 426577.78 0
7817375 35.73 98021.06 46.39 77169264.00 1
7818875 35.27 98024.22 46.38 65096596.00 2
7822873 35.12 98026.40 46.68 50065700.00 3
7823623 35.34 98027.02 46.76 2834602.00 4
7824372 35.47 98025.16 46.77 2743469.50 5
7825122 35.51 98024.24 46.71 2678875.00 6
7825872 35.59 98024.72 46.71 380669.16 7
7826372 35.68 98023.75 46.67 407968.13 8
7827121 35.72 98025.84 46.66 422616.59 9
7827871 35.74 98026.12 46.64 435004.25 0
7828121 35.66 98027.16 46.57 79630616.00 1
7829620 35.21 98031.94 46.52 66890532.00 2
7833869 35.05 98034.85 46.83 51330332.00 3
7834368 35.28 98035.60 46.90 2925714.25 4
7835118 35.40 98036.20 46.91 2831662.75 5
7835868 35.45 98036.96 46.89 2737968.00 6
7836618 35.52 98036.77 46.88 388246.44 7
7837368 35.61 98036.93 46.88 414910.84 8
7837867 35.66 98037.20 46.85 428990.38 9
7838617 35.67 98038.80 46.75 446966.38 0
7838867 35.59 98041.13 46.73 82254160.00 1
7840367 35.14 98044.09 46.66 69386976.00 2
7844615 34.99 98041.27 46.94 53564364.00 3
7845115 35.21 98041.62 47.05 2986511.00 4
7845864 35.34 98040.89 47.08 2925714.25 5
7846614 35.38 98042.23 47.00 2837547.75 6
7847364 35.46 98042.88 47.05 398909.22 7
7848113 35.55 98045.19 47.01 422355.13 8
7848613 35.59 98044.02 46.98 440051.56 9
7849363 35.60 98042.23 46.91 450505.94 0
7849613 35.52 98045.85 46.88 85388928.00 1
7851112 35.08 98043.73 46.81 70792328.00 2
7855361 34.91 98047.05 47.13 55292976.00 3
7856110 35.15 98046.69 47.16 3141706.50 4
7856610 35.28 98048.09 47.20 2963820.50 5
7857360 35.32 98049.57 47.16 2888575.50 6
7858110 35.39 98049.16 47.18 403149.59 7
7858859 35.48 98051.12 47.17 427378.97 8
7859609 35.52 98053.38 47.12 442619.41 9
7860109 35.54 98051.55 47.09 457755.94 0
7860609 35.46 98051.73 47.03 87264984.00 1
7861858 35.02 98051.86 46.98 73905832.00 2
7866106 34.86 98055.48 47.20 56728848.00 3
7866856 35.09 98050.91 47.29 3202502.00 4
7867606 35.21 98052.48 47.37 3127314.25 5
7868105 35.26 98051.70 47.37 2989781.00 6
7868855 35.34 98051.70 47.29 408945.69 7
7869605 35.42 98052.28 47.29 439202.22 8
7870354 35.46 98052.56 47.26 453197.63 9
7871104 35.48 98054.27 47.20 463348.41 0
7871354 35.40 98055.72 47.16 90425664.00 1
7872603 34.95 98055.97 47.10 75372056.00 2
7876852 34.80 98059.13 47.39 58241280.00 3
7877601 35.03 98056.60 47.43 3281394.00 4
7878351 35.16 98059.80 47.47 3198750.50 5
7879101 35.20 98060.10 47.47 3081437.00 6
7879601 35.28 98060.45 47.43 416683.63 7
7880350 35.36 98062.16 47.41 441760.13 8
7881100 35.40 98063.63 47.37 458678.63 9
7881850 35.42 98064.21 47.33 473635.53 0
7882100 35.34 98064.48 47.28 92532296.00 1
7883349 34.89 98067.86 47.18 77787536.00 2
7887598 34.74 98064.55 47.51 59959744.00 3
7888347 34.97 98063.04 47.54 3358065.25 4
7889097 35.09 98061.63 47.57 3285342.00 5
7889847 35.14 98061.20 47.56 3148952.50 6
7890346 35.22 98059.81 47.53 420275.00 7
7891096 35.30 98059.96 47.51 447552.44 8
7891846 35.35 98063.68 47.51 463348.41 9
7892596 35.36 98064.64 47.40 476944.56 0
7892846 35.29 98064.71 47.43 95152088.00 1
7894345 34.83 98066.26 47.31 80289128.00 2
7898343 34.68 98070.16 47.60 61565056.00 3
7899093 34.91 98071.45 47.68 3404113.75 4
7899843 35.04 98074.19 47.71 3317270.75 5
7900593 35.08 98075.69 47.64 3213809.25 6
7901342 35.16 98074.59 47.68 423665.69 7
7901842 35.24 98073.13 47.64 454102.00 8
7902592 35.28 98072.43 47.62 470372.06 9
7903342 35.31 98072.22 47.56 483360.88 0
7903592 35.23 98075.95 47.55 97162344.00 1
7905091 34.77 98075.21 47.42 81411184.00 2
7909339 34.63 98076.18 47.70 63350412.00 3
7909839 34.86 98076.67 47.80 3504599.00 4
7910589 34.98 98076.92 47.80 3378841.00 5
7911338 35.03 98078.18 47.83 3273526.50 6
7912088 35.11 98076.34 47.79 431976.38 7
7912838 35.19 98075.27 47.73 459295.81 8
7913338 35.23 98075.59 47.73 476944.56 9
7914087 35.25 98074.77 47.68 489952.16 0
7914337 35.17 98076.58 47.61 98587440.00 1
7915837 34.72 98077.52 47.56 83511944.00 2
7920085 34.57 98080.08 47.86 65096596.00 3
7920585 34.79 98077.26 47.87 3557099.50 4
7921335 34.92 98078.36 47.91 3440571.25 5
7922084 34.97 98079.48 47.92 3341627.50 6
7922834 35.05 98080.44 47.89 435004.25 7
7923584 35.14 98081.54 47.85 465560.34 8
7924083 35.18 98081.91 47.83 479625.28 9
7924833 35.20 98080.87 47.79 495284.16 0
7925083 35.13 98083.38 47.74 101331272.00 1
7926583 34.66 98079.08 47.64 84891192.00 2
7930831 34.52 98082.12 47.92 66382376.00 3
7931581 34.74 98078.70 47.98 3644938.75 4
7932080 34.87 98079.15 47.97 3509102.50 5
7932830 34.91 98080.61 48.03 3404113.75 6
7933580 35.00 98081.98 47.99 440051.56 7
7934330 35.08 98082.02 47.94 471021.16 8
7935079 35.12 98081.98 47.92 487851.34 9
7935579 35.14 98082.91 47.87 500366.47 0
7935829 35.07 98083.01 47.85 102400000.00 1
7937329 34.62 98082.91 47.75 87527216.00 2
7941577 34.46 98087.25 48.00 68409184.00 3
7942327 34.69 98086.87 48.05 3657142.75 4
7942827 34.81 98086.82 48.13 3552471.75 5
7943576 34.87 98087.95 48.12 3464580.25 6
7944326 34.94 98084.92 48.06 446673.94 7
7945076 35.03 98089.63 48.09 472979.22 8
7945825 35.07 98088.96 48.02 492781.53 9
7946325 35.09 98088.55 47.97 504433.50 0
7946825 35.01 98088.95 47.90 102400000.00 1
7948074 34.57 98092.25 47.82 88234264.00 2
7952323 34.42 98092.51 48.08 69057952.00 3
7953072 34.64 98092.86 48.21 3711826.00 4
7953822 34.77 98092.38 48.18 3613586.25 5
7954322 34.81 98092.77 48.17 3504599.00 6
7955072 34.89 98093.04 48.14 449912.13 7
7955821 34.98 98095.55 48.14 479288.56 8
7956571 35.02 98097.30 48.10 494208.50 9
7957321 35.04 98096.01 48.06 508188.59 0
7957571 34.95 98094.84 47.99 102400000.00 1
7958820 34.52 98100.08 47.95 90238896.00 2
7963068 34.38 98094.44 48.20 69942368.00 3
7963818 34.59 98094.29 48.25 3796987.25 4
7964568 34.71 98095.57 48.27 3699255.00 5
7965068 34.76 98096.63 48.27 3559417.75 6
7965817 34.84 98098.70 48.25 452896.94 7
7966567 34.92 98098.05 48.24 480977.00 8
7967317 34.96 98098.48 48.21 500000.00 9
7968067 34.98 98097.55 48.14 511616.28 0
7968317 34.89 98097.74 48.06 102400000.00 1
7969566 34.46 98097.25 48.04 91275768.00 2
7973814 34.31 98098.79 48.28 70964808.00 3
7974564 34.54 98100.75 48.35 3845106.75 4
7975314 34.66 98100.95 48.38 3714350.50 5
7976063 34.71 98100.37 48.34 3601670.75 6
7976563 34.79 98098.55 48.32 455617.34 7
7977313 34.87 98098.17 48.30 487155.09 8
7978063 34.91 98097.69 48.28 505180.06 9
7978812 34.93 98096.96 48.21 515479.50 0
7979062 34.84 98095.29 48.18 102400000.00 1
7980562 34.42 98099.76 48.14 92728688.00 2
7984560 34.27 98101.21 48.40 72919056.00 3
7985310 34.49 98104.48 48.43 3861418.75 4
7986060 34.62 98105.21 48.47 3760385.50 5
7986809 34.66 98104.63 48.46 3642507.75 6
7987559 34.74 98105.43 48.42 462720.28 7
7988059 34.83 98106.02 48.39 489952.16 8
7988808 34.87 98104.95 48.42 506304.09 9
7989558 34.89 98102.09 48.32 521783.44 0
7989808 34.80 98102.92 48.26 102400000.00 1
7991308 34.37 98103.90 48.17 93823912.00 2
7995306 34.22 98106.95 48.43 74346000.00 3
7996056 34.45 98104.58 48.56 3922432.25 4
7996805 34.57 98102.82 48.52 3820895.50 5
7997555 34.62 98104.23 48.50 3691753.00 6
7998305 34.69 98103.13 48.51 464609.81 7
7998805 34.77 98107.37 48.49 492426.06 8
7999554 34.82 98108.41 48.47 511616.28 9
8000304 34.84 98107.29 48.41 524993.56 0
8000554 34.75 98108.48 48.36 102400000.00 1
8002053 34.32 98109.52 48.28 94636824.00 2
8006302 34.17 98107.46 48.57 74727480.00 3
8006801 34.40 98105.45 48.67 3976699.00 4
8007551 34.52 98108.46 48.61 3828932.00 5
8008301 34.57 98109.92 48.63 3752634.00 6
8009051 34.64 98111.01 48.56 469724.78 7
8009800 34.73 98110.70 48.60 497087.38 8
8010300 34.77 98110.57 48.52 513540.63 9
8011050 34.79 98111.59 48.47 525397.63 0
8011300 34.70 98111.42 48.41 102400000.00 1
8012799 34.27 98112.01 48.35 96093840.00 2
8017048 34.13 98112.38 48.55 75764160.00 3
8017547 34.35 98111.59 48.65 4029513.00 4
8018297 34.48 98113.48 48.68 3913999.00 5
8019047 34.52 98115.70 48.70 3770771.00 6
8019797 34.61 98114.74 48.64 472651.75 7
8020547 34.69 98116.47 48.62 498539.44 8
8021046 34.73 98114.94 48.58 517825.53 9
8021796 34.75 98115.48 48.54 533611.25 0
8022046 34.66 98114.70 48.50 102400000.00 1
8023545 34.23 98116.33 48.42 96732104.00 2
8027794 34.08 98113.63 48.61 76965352.00 3
8028543 34.31 98113.88 48.73 4080697.50 4
8029043 34.43 98113.69 48.77 3936569.00 5
8029793 34.48 98115.63 48.80 3815556.50 6
8030543 34.56 98117.71 48.74 474293.66 7
8031293 34.64 98116.83 48.68 502206.97 8
8032042 34.68 98115.91 48.69 521384.94 9
8032542 34.70 98115.68 48.60 535704.94 0
8032792 34.62 98116.32 48.60 102400000.00 1
8034291 34.18 98109.98 48.46 97814928.00 2
8038540 34.04 98116.98 48.71 77033208.00 3
8039289 34.26 98118.42 48.83 4120724.25 4
8039789 34.39 98118.32 48.80 3956532.25 5
8040539 34.44 98119.12 48.81 3872370.50 6
8041289 34.52 98121.93 48.78 476611.59 7
8042038 34.60 98122.20 48.74 508188.59 8
8042788 34.64 98120.32 48.70 524590.19 9
8043288 34.66 98119.27 48.64 537391.75 0
8043788 34.57 98116.96 48.64 102400000.00 1
8045037 34.14 98117.25 48.51 99372248.00 2
8049285 34.00 98117.98 48.82 79558120.00 3
8050035 34.21 98117.97 48.84 4099074.25 4
8050785 34.35 98119.75 48.90 4029513.00 5
8051285 34.39 98118.80 48.85 3855966.00 6
8052034 34.48 98119.28 48.84 478281.19 7
8052784 34.56 98117.58 48.76 509326.03 8
8053534 34.59 98116.86 48.77 524590.19 9
8054283 34.62 98117.77 48.73 543380.19 0
8054533 34.54 98117.96 48.70 102400000.00 1
8055783 34.10 98117.74 48.59 99940528.00 2
8060031 33.95 98115.91 48.84 79197584.00 3
8060781 34.18 98115.07 48.92 4187068.75 4
8061531 34.30 98116.92 48.91 4050432.75 5
8062031 34.35 98116.59 48.87 3925251.50 6
8062780 34.43 98116.19 48.93 487502.97 7
8063530 34.52 98116.72 48.92 512000.00 8
8064280 34.55 98116.59 48.83 530707.44 9
8065029 34.57 98116.05 48.81 545987.75 0
8065279 34.50 98115.83 48.80 102400000.00 1
8066529 34.05 98116.41 48.69 100631096.00 2
8070777 33.91 98115.92 48.93 81259768.00 3
8071527 34.13 98114.42 48.98 4199948.50 4
8072277 34.26 98115.01 48.99 4047430.75 5
8073026 34.31 98113.35 48.98 3968031.00 6
8073526 34.39 98110.78 48.96 485078.16 7
8074276 34.48 98116.79 48.96 513154.59 8
8075026 34.52 98119.11 48.90 536125.63 9
8075775 34.53 98120.23 48.89 545551.44 0
8076025 34.45 98119.24 48.84 102400000.00 1
8077275 34.02 98121.52 48.72 101331272.00 2
8081523 33.87 98119.72 48.98 81487096.00 3
8082273 34.09 98117.66 49.04 4255584.50 4
8083022 34.22 98120.39 49.06 4126952.25 5
8083772 34.27 98120.63 49.00 3997072.50 6
8084272 34.35 98121.68 49.04 487502.97 7
8085022 34.43 98122.16 49.02 518612.31 8
8085771 34.47 98121.94 48.98 535704.94 9
8086521 34.50 98123.60 48.91 549503.63 0
8086771 34.41 98123.40 48.86 102400000.00 1
8088270 33.97 98121.43 48.79 102400000.00 2
8092269 33.83 98118.81 49.08 82176800.00 3
8093018 34.05 98118.44 49.10 4316122.00 4
8093768 34.18 98117.64 49.09 4152052.75 5
8094518 34.22 98117.07 49.09 4014702.25 6
8095268 34.30 98117.55 49.11 489952.16 7
8095767 34.39 98117.85 49.10 519401.47 8
8096517 34.43 98118.12 49.01 535704.94 9
8097267 34.45 98119.01 48.94 551724.13 0
8097517 34.37 98118.30 48.94 102400000.00 1
8099016 33.93 98117.87 48.85 102400000.00 2
8103014 33.79 98120.34 49.05 82721360.00 3
8103764 34.01 98119.23 49.20 4272229.50 4
8104514 34.14 98121.71 49.16 4196721.50 5
8105263 34.19 98122.03 49.14 4044433.50 6
8106013 34.26 98123.34 49.13 491716.69 7
8106513 34.35 98122.24 49.13 524590.19 8
8107263 34.39 98123.11 49.07 538663.88 9
8108012 34.41 98122.40 49.04 557127.31 0
8108262 34.33 98124.18 49.00 102400000.00 1
8109762 33.89 98123.47 48.89 102400000.00 2
8114010 33.74 98123.64 49.10 83752080.00 3
8114510 33.97 98121.89 49.25 4322955.00 4
8115259 34.10 98123.80 49.25 4193498.75 5
8116009 34.15 98124.06 49.19 4062484.50 6
8116759 34.23 98123.65 49.21 496725.69 7
8117509 34.31 98125.26 49.18 526207.63 8
8118009 34.36 98125.65 49.13 538663.88 9
8118758 34.38 98128.02 49.12 556219.44 0
8119008 34.30 98128.30 49.02 102400000.00 1
8120508 33.85 98124.66 48.93 102400000.00 2
8124756 33.72 98128.74 49.18 84726568.00 3
8125256 33.95 98125.77 49.21 4360926.50 4
8126005 34.06 98125.86 49.24 4216160.50 5
8126755 34.11 98125.47 49.25 4105236.75 6
8127505 34.19 98126.38 49.24 496725.69 7
8128254 34.27 98128.52 49.22 529062.25 8
8128754 34.31 98129.80 49.17 546862.50 9
8129504 34.34 98130.32 49.15 558038.13 0
8129754 34.25 98129.08 49.09 102400000.00 1
8131253 33.82 98134.07 48.98 102400000.00 2
8135502 33.68 98139.66 49.24 84317784.00 3
8136251 33.90 98137.87 49.33 4406670.50 4
8136751 34.03 98137.99 49.29 4262227.00 5
8137501 34.07 98136.94 49.30 4142604.25 6
8138251 34.15 98136.88 49.32 500000.00 7
8139000 34.23 98135.16 49.25 527020.06 8
8139750 34.28 98134.44 49.24 547740.06 9
8140250 34.30 98130.87 49.18 560788.63 0
8140500 34.21 98130.20 49.15 102400000.00 1
8141999 33.77 98127.81 49.05 102400000.00 2
8146247 33.64 98129.23 49.30 85222368.00 3
8146997 33.87 98126.73 49.34 4392493.50 4
8147497 33.99 98126.66 49.32 4262227.00 5
8148247 34.04 98128.23 49.36 4183861.00 6
8148996 34.12 98129.63 49.34 504061.03 7
8149746 34.20 98129.73 49.34 533611.25 8
8150496 34.24 98130.52 49.28 550389.69 9
8150996 34.26 98130.84 49.23 564031.94 0
8151496 34.18 98130.20 49.20 102400000.00 1
8152745 33.74 98134.35 49.12 102400000.00 2
8156993 33.60 98134.13 49.33 86745200.00 3
8157743 33.84 98133.89 49.42 4435300.50 4
8158493 33.96 98133.63 49.42 4302521.00 5
8158993 34.01 98132.38 49.44 4199948.50 6
8159742 34.08 98133.07 49.38 504806.50 7
8160492 34.16 98132.91 49.40 535284.88 8
8161242 34.21 98131.08 49.31 552170.38 9
8161992 34.23 98130.29 49.27 566371.69 0
8162242 34.15 98132.78 49.24 102400000.00 1
8163491 33.69 98131.55 49.16 102400000.00 2
8167739 33.56 98132.65 49.38 87527216.00 3
8168489 33.79 98132.01 49.47 4482626.50 4
8169239 33.93 98130.79 49.48 4374900.00 5
8169739 33.97 98132.69 49.43 4222680.50 6
8170488 34.05 98132.09 49.49 506304.09 7
8171238 34.13 98130.34 49.39 540369.38 8
8171988 34.17 98131.55 49.39 554863.19 9
8172737 34.19 98131.47 49.35 566371.69 0
8172987 34.11 98130.37 49.28 102400000.00 1
8174237 33.66 98129.77 49.20 102400000.00 2
8178485 33.55 98132.95 49.44 88502360.00 3
8179235 33.76 98130.16 49.49 4482626.50 4
8179984 33.89 98128.58 49.58 4385439.00 5
8180734 33.93 98128.91 49.48 4212908.00 6
8181234 34.01 98128.37 49.46 502576.69 7
8181984 34.10 98130.92 49.48 534865.50 8
8182733 34.13 98131.38 49.43 559868.75 9
8183483 34.16 98130.85 49.36 568730.94 0
8183733 34.07 98128.16 49.32 102400000.00 1
8184983 33.63 98132.41 49.24 102400000.00 2
8189231 33.50 98135.43 49.49 88412816.00 3
8189980 33.73 98135.38 49.58 4512255.50 4
8190730 33.86 98133.02 49.61 4431701.50 5
8191480 33.90 98132.30 49.51 4268890.00 6
8191980 33.98 98132.66 49.56 509706.31 7
8192730 34.06 98133.30 49.48 539515.25 8
8193479 34.11 98133.64 49.46 557582.38 9
8194229 34.13 98134.20 49.40 573991.06 0
8194479 34.04 98133.60 49.34 102400000.00 1
8195979 33.59 98133.87 49.27 102400000.00 2
8199977 33.48 98138.27 49.48 89316528.00 3
8200727 33.70 98138.21 49.54 4557441.00 4
8201476 33.82 98138.13 49.57 4438905.50 5
8202226 33.87 98136.55 49.60 4278924.00 6
8202976 33.95 98135.49 49.57 513927.22 7
8203475 34.03 98134.98 49.52 541226.19 8
8204225 34.07 98136.13 49.49 559868.75 9
8204975 34.09 98137.15 49.48 574474.06 0
8205225 34.00 98136.32 49.41 102400000.00 1
8206724 33.56 98136.72 49.32 102400000.00 2
8210722 33.44 98136.48 49.55 89591248.00 3
8211472 33.66 98135.63 49.62 4565060.00 4
8212222 33.79 98134.83 49.67 4442516.50 5
8212972 33.84 98133.59 49.57 4295752.50 6
8213721 33.91 98132.63 49.60 515869.03 7
8214221 34.00 98133.70 49.57 540369.38 8
8214971 34.04 98133.66 49.54 558951.94 9
8215721 34.06 98134.61 49.45 576901.44 0
8215971 33.97 98134.17 49.47 102400000.00 1
8217470 33.52 98132.84 49.33 102400000.00 2
8221718 33.41 98138.70 49.57 90990632.00 3
8222218 33.63 98137.79 49.62 4599663.00 4
8222967 33.76 98139.87 49.72 4478950.00 5
8223717 33.80 98138.41 49.63 4343584.50 6
8224467 33.88 98137.01 49.67 515090.53 7
8225217 33.96 98136.76 49.63 546424.75 8
8225716 34.00 98134.18 49.57 565433.44 9
8226466 34.03 98134.68 49.52 577878.13 0
8226716 33.95 98134.14 49.49 102400000.00 1
8228215 33.50 98138.60 49.42 102400000.00 2
8232464 33.37 98140.29 49.65 90895976.00 3
8232963 33.59 98138.22 49.70 4623025.00 4
8233713 33.72 98140.12 49.68 4478950.00 5
8234463 33.77 98139.75 49.69 4350504.50 6
8235213 33.85 98138.40 49.68 515090.53 7
8235962 33.93 98135.59 49.63 547300.94 8
8236462 33.97 98135.06 49.63 562174.06 9
8237212 33.99 98136.96 49.58 578858.13 0
8237462 33.91 98136.19 49.51 102400000.00 1
8238961 33.46 98137.06 49.40 102400000.00 2
8243209 33.34 98137.91 49.63 91948088.00 3
8243959 33.57 98140.38 49.74 4646625.00 4
8244459 33.69 98139.13 49.72 4557441.00 5
8245208 33.73 98137.14 49.77 4388963.50 6
8245958 33.82 98136.38 49.70 519401.47 7
8246708 33.90 98132.84 49.69 550389.69 8
8247458 33.95 98136.12 49.64 567784.88 9
8247957 33.96 98137.95 49.58 581322.75 0
8248207 33.89 98139.76 49.48 102400000.00 1
8249707 33.43 98137.84 49.44 102400000.00 2
8253955 33.31 98140.62 49.66 92336736.00 3
8254705 33.53 98139.97 49.73 4662493.00 4
8255205 33.66 98140.65 49.82 4557441.00 5
8255954 33.71 98142.20 49.71 4374900.00 6
8256704 33.79 98140.51 49.74 521384.94 7
8257454 33.88 98138.22 49.71 551278.63 8
8258204 33.91 98135.35 49.65 570632.50 9
8258704 33.94 98134.60 49.65 584808.69 0
8259203 33.85 98135.78 49.60 102400000.00 1
8260453 33.41 98136.83 49.49 102400000.00 2
8264701 33.28 98134.64 49.71 93223328.00 3
8265451 33.50 98134.82 49.74 4698595.00 4
8266201 33.63 98136.21 49.83 4538504.00 5
8266701 33.68 98135.84 49.76 4420939.00 6
8267450 33.76 98137.48 49.81 522982.63 7
8268200 33.85 98137.60 49.74 549946.31 8
8268949 33.89 98135.55 49.75 571588.06 9
8269699 33.90 98134.44 49.67 584308.13 0
8269949 33.82 98136.62 49.62 102400000.00 1
8271199 33.37 98134.65 49.54 102400000.00 2
8275447 33.25 98139.31 49.77 93823912.00 3
8276197 33.48 98138.33 49.79 4718894.00 4
8276946 33.60 98138.77 49.83 4568879.00 5
8277446 33.64 98135.87 49.85 4424520.50 6
8278196 33.73 98139.27 49.80 526207.63 7
8278946 33.82 98138.64 49.76 555766.63 8
8279695 33.86 98138.81 49.74 574474.06 9
8280445 33.88 98135.97 49.72 586819.50 0
8280695 33.80 98137.02 49.63 102400000.00 1
8281945 33.35 98134.34 49.57 102400000.00 2
8286193 33.23 98138.88 49.81 94330336.00 3
8286943 33.45 98137.59 49.83 4731158.00 4
8287692 33.58 98139.13 49.88 4619114.50 5
8288442 33.61 98137.91 49.83 4464305.00 6
8288942 33.70 98140.34 49.83 520987.03 7
8289692 33.79 98140.68 49.82 557127.31 8
8290441 33.83 98141.67 49.76 576414.31 9
8291191 33.86 98140.13 49.72 587324.38 0
8291441 33.78 98142.76 49.69 102400000.00 1
8292691 33.32 98136.94 49.56 102400000.00 2
8296939 33.20 98144.58 49.83 94636824.00 3
8297689 33.41 98138.73 49.87 4760023.00 4
8298438 33.55 98142.58 49.89 4607424.00 5
8299188 33.59 98142.37 49.90 4497392.50 6
8299688 33.68 98142.69 49.89 527020.06 7
8300438 33.75 98142.07 49.86 558951.94 8
8301187 33.80 98141.74 49.85 577389.31 9
8301937 33.82 98141.95 49.75 589352.50 0
8302187 33.74 98142.09 49.72 102400000.00 1
8303686 33.29 98140.63 49.62 102400000.00 2
8307685 33.18 98145.38 49.86 95672992.00 3
8308434 33.39 98142.08 49.90 4760023.00 4
8309184 33.52 98143.82 49.92 4662493.00 5
8309934 33.56 98143.75 49.91 4523467.50 6
8310434 33.64 98143.11 49.89 531948.06 7
8311183 33.73 98144.29 49.90 557582.38 8
8311933 33.77 98144.75 49.88 575442.56 9
8312683 33.80 98143.55 49.78 586315.50 0
8312933 33.71 98144.10 49.71 102400000.00 1
8314432 33.26 98140.72 49.61 102400000.00 2
8318430 33.15 98145.21 49.87 95882952.00 3
8319180 33.36 98142.30 49.99 4810334.50 4
8319930 33.49 98142.20 50.00 4642675.00 5
8320680 33.54 98140.55 49.96 4534735.50 6
8321429 33.62 98141.77 49.94 527835.06 7
8321929 33.71 98143.56 49.93 561711.44 8
8322679 33.75 98144.52 49.88 581322.75 9
8323429 33.77 98141.41 49.82 595521.94 0
8323679 33.68 98141.77 49.81 102400000.00 1
8325178 33.24 98142.37 49.67 102400000.00 2
8329176 33.13 98149.38 49.93 96518408.00 3
8329926 33.34 98144.80 50.03 4831613.00 4
8330675 33.47 98145.48 49.99 4686499.00 5
8331425 33.51 98145.28 50.00 4557441.00 6
8332175 33.59 98143.73 49.96 530707.44 7
8332675 33.67 98144.95 49.94 562637.38 8
8333424 33.72 98145.76 49.89 578367.69 9
8334174 33.74 98144.88 49.88 594484.75 0
8334424 33.66 98143.89 49.82 102400000.00 1
8335923 33.21 98143.48 49.71 102400000.00 2
8340172 33.10 98147.63 49.99 97487544.00 3
8340671 33.31 98144.71 50.04 4835891.50 4
8341421 33.44 98144.52 50.05 4714820.00 5
8342171 33.48 98145.64 50.06 4572704.50 6
8342921 33.57 98147.34 49.99 532778.38 7
8343670 33.65 98147.12 50.00 564498.38 8
8344170 33.70 98149.44 49.95 579841.44 9
8344920 33.72 98148.73 49.87 596041.94 0
8345170 33.63 98148.47 49.87 102400000.00 1
8346669 33.19 98148.91 49.76 102400000.00 2
8350918 33.07 98151.96 49.99 97596424.00 3
8351417 33.29 98147.09 50.01 4861721.00 4
8352167 33.41 98145.88 50.06 4702640.50 5
8352917 33.46 98147.05 50.04 4599663.00 6
8353666 33.54 98147.79 50.04 535284.88 7
8354416 33.63 98148.42 50.04 565902.19 8
8354916 33.67 98149.63 49.95 578858.13 9
8355666 33.69 98147.73 49.93 594484.75 0
8355916 33.60 98146.14 49.90 102400000.00 1
8357415 33.17 98149.04 49.80 102400000.00 2
8361663 33.04 98149.88 50.00 97814928.00 3
8362163 33.27 98148.80 50.05 4879094.50 4
8362913 33.39 98146.80 50.11 4722975.00 5
8363663 33.44 98147.73 50.05 4595792.50 6
8364412 33.52 98147.69 50.08 530295.19 7
8365162 33.60 98147.20 50.04 568730.94 8
8365662 33.64 98147.46 49.99 587830.06 9
8366412 33.66 98146.98 49.94 598655.38 0
8366662 33.58 98146.93 49.92 102400000.00 1
8368161 33.14 98148.80 49.83 102400000.00 2
8372409 33.02 98148.55 50.07 98587440.00 3
8373159 33.24 98147.06 50.08 4883457.50 4
8373659 33.36 98147.13 50.13 4755878.00 5
8374408 33.42 98147.88 50.10 4623025.00 6
8375158 33.50 98146.68 50.09 537391.75 7
8375908 33.58 98146.66 50.08 564498.38 8
8376658 33.62 98147.12 50.08 590882.88 9
8377157 33.64 98146.34 50.02 598655.38 0
8377407 33.56 98145.99 49.95 102400000.00 1
8378907 33.11 98146.06 49.84 102400000.00 2
8383155 32.99 98150.33 50.08 98810400.00 3
8383905 33.22 98150.44 50.18 4940892.50 4
8384405 33.34 98148.02 50.21 4776676.50 5
8385154 33.39 98148.49 50.11 4630865.00 6
8385904 33.46 98146.86 50.14 537815.13 7
8386654 33.55 98148.70 50.11 569205.13 8
8387403 33.59 98147.82 50.05 593967.50 9
8387903 33.61 98147.47 50.03 599180.81 0
8388153 33.53 98147.81 49.98 102400000.00 1
8389653 33.09 98149.52 49.84 102400000.00 2
8393901 32.97 98149.76 50.12 98698792.00 3
8394651 33.19 98149.19 50.21 4963344.50 4
8395151 33.32 98147.08 50.23 4801875.50 5
8395901 33.36 98148.66 50.16 4662493.00 6
8396650 33.45 98148.17 50.18 537391.75 7
8397400 33.53 98148.84 50.14 571588.06 8
8398150 33.57 98151.15 50.10 588844.19 9
8398650 33.59 98150.38 50.06 601291.81 0
8399150 33.51 98148.60 50.04 102400000.00 1
8400399 33.07 98151.45 49.93 102400000.00 2
8404647 32.94 98152.33 50.15 100631096.00 3
8405397 33.18 98155.08 50.22 4981453.50 4
8406147 33.30 98153.95 50.23 4818823.50 5
8406646 33.34 98153.68 50.24 4678469.50 6
8407396 33.42 98153.21 50.18 540369.38 7
8408146 33.51 98152.63 50.17 573027.44 8
8408896 33.55 98153.47 50.16 583808.44 9
8409396 33.57 98152.15 50.12 605022.19 0
8409895 33.49 98151.84 50.05 102400000.00 1
8411145 33.05 98153.66 49.99 102400000.00 2
8415393 32.92 98153.19 50.17 100169656.00 3
8416143 33.15 98153.52 50.25 5027309.00 4
8416893 33.28 98153.47 50.24 4840177.50 5
8417392 33.32 98150.48 50.20 4702640.50 6
8418142 33.41 98150.08 50.22 544246.63 7
8418892 33.48 98148.77 50.21 574474.06 8
8419642 33.53 98149.61 50.16 590882.88 9
8420391 33.55 98151.91 50.13 608256.63 0
8420641 33.46 98150.61 50.08 102400000.00 1
8421891 33.02 98150.45 49.97 102400000.00 2
8426139 32.90 98153.23 50.24 101096800.00 3
8426889 33.13 98154.94 50.27 5004276.00 4
8427638 33.26 98156.19 50.30 4840177.50 5
8428138 33.30 98154.51 50.35 4727063.00 6
8428888 33.38 98154.66 50.26 541655.63 7
8429638 33.46 98153.96 50.24 573508.81 8
8430387 33.50 98154.50 50.22 592421.19 9
8431137 33.53 98152.85 50.15 607174.63 0
8431387 33.44 98152.74 50.14 102400000.00 1
8432636 33.00 98153.69 50.01 102400000.00 2
8436884 32.88 98157.76 50.27 101213896.00 3
8437634 33.10 98157.36 50.30 5036581.50 4
8438384 33.23 98158.98 50.33 4866053.00 5
8438884 33.28 98158.09 50.30 4722975.00 6
8439634 33.36 98158.23 50.31 542516.56 7
8440383 33.44 98157.20 50.27 573027.44 8
8441133 33.48 98157.49 50.24 596562.75 9
8441883 33.50 98158.16 50.20 605558.81 0
8442133 33.43 98158.02 50.17 102400000.00 1
8443382 32.98 98158.62 50.04 102400000.00 2
8447630 32.86 98161.39 50.31 100863408.00 3
8448380 33.09 98163.95 50.37 5036581.50 4
8449130 33.21 98167.73 50.32 4887828.00 5
8449879 33.25 98165.87 50.38 4760023.00 6
8450379 33.34 98166.31 50.35 545551.44 7
8451129 33.42 98163.91 50.35 578858.13 8
8451879 33.46 98162.90 50.29 591394.75 9
8452628 33.48 98162.16 50.26 607174.63 0
8452878 33.41 98164.48 50.18 102400000.00 1
8454128 32.95 98160.83 50.13 102400000.00 2
8458376 32.84 98163.12 50.32 102160560.00 3
8459126 33.07 98162.95 50.45 5059913.50 4
8459875 33.20 98163.37 50.43 4905389.00 5
8460625 33.24 98163.10 50.38 4789243.00 6
8461125 33.31 98161.59 50.40 547740.06 7
8461875 33.40 98160.86 50.36 580334.38 8
8462625 33.44 98160.63 50.32 596562.75 9
8463374 33.46 98160.77 50.28 610978.50 0
8463624 33.38 98160.26 50.24 102400000.00 1
8464874 32.94 98159.01 50.11 102400000.00 2
8469122 32.82 98159.62 50.32 102400000.00 3
8469872 33.04 98156.84 50.42 5088199.00 4
8470621 33.17 98155.18 50.50 4923077.00 5
8471371 33.22 98155.77 50.38 4793446.50 6
8471871 33.29 98154.41 50.42 550389.69 7
8472621 33.38 98153.19 50.42 583309.63 8
8473370 33.42 98151.63 50.33 600234.44 9
8474120 33.45 98151.63 50.29 610978.50 0
8474370 33.36 98150.94 50.25 102400000.00 1
8475869 32.92 98153.11 50.18 102400000.00 2
8479868 32.80 98149.55 50.39 102400000.00 3
8480617 33.03 98149.73 50.45 5088199.00 4
8481367 33.16 98152.02 50.48 4909799.00 5
8482117 33.20 98152.43 50.50 4793446.50 6
8482867 33.27 98150.01 50.45 546862.50 7
8483366 33.36 98148.35 50.41 580828.13 8
8484116 33.41 98150.25 50.36 599707.19 9
8484866 33.43 98149.90 50.34 613173.63 0
8485116 33.34 98149.58 50.31 102400000.00 1
8486615 32.89 98150.44 50.17 102400000.00 2
8490613 32.79 98153.91 50.45 102400000.00 3
8491363 33.01 98154.60 50.46 5112012.50 4
8492113 33.13 98154.55 50.49 4963344.50 5
8492863 33.18 98155.66 50.51 4827342.50 6
8493612 33.25 98155.94 50.47 548620.44 7
8494112 33.34 98154.45 50.48 583309.63 8
8494862 33.38 98154.98 50.42 599180.81 9
8495612 33.41 98152.96 50.39 613173.63 0
8495862 33.32 98154.83 50.31 102400000.00 1
8497361 32.88 98153.85 50.25 102400000.00 2
8501359 32.76 98157.02 50.44 102400000.00 3
8502109 32.98 98156.09 50.59 5131224.50 4
8502859 33.11 98157.83 50.59 4972382.50 5
8503608 33.16 98157.88 50.56 4810334.50 6
8504358 33.24 98159.52 50.54 553513.50 7
8504858 33.32 98158.97 50.49 584308.13 8
8505608 33.36 98156.78 50.45 601291.81 9
8506357 33.39 98157.52 50.41 613173.63 0
8506607 33.30 98157.26 50.37 102400000.00 1
8508107 32.85 98155.10 50.28 102400000.00 2
8512355 32.74 98159.27 50.53 102160560.00 3
8512855 32.96 98158.38 50.50 5136050.00 4
8513605 33.09 98159.61 50.51 4972382.50 5
8514354 33.14 98160.29 50.56 4844470.50 6
8515104 33.22 98159.59 50.58 549061.69 7
8515854 33.30 98160.19 50.52 579841.44 8
8516353 33.34 98158.49 50.47 602352.94 9
8517103 33.36 98159.87 50.43 614830.38 0
8517353 33.29 98160.70 50.39 102400000.00 1
8518852 32.84 98158.64 50.28 102400000.00 2
8523101 32.71 98162.51 50.52 102400000.00 3
8523600 32.94 98162.19 50.59 5140885.00 4
8524350 33.07 98163.06 50.59 4999695.00 5
8525100 33.12 98164.96 50.60 4840177.50 6
8525850 33.20 98163.76 50.59 553513.50 7
8526599 33.29 98165.16 50.58 586819.50 8
8527099 33.32 98163.66 50.51 597084.56 9
8527849 33.35 98166.27 50.46 615939.88 0
8528099 33.27 98167.03 50.41 102400000.00 1
8529598 32.81 98161.84 50.31 102400000.00 2
8533847 32.70 98167.34 50.51 102400000.00 3
8534596 32.92 98166.31 50.58 5160315.00 4
8535096 33.06 98169.16 50.63 5022685.50 5
8535846 33.11 98167.51 50.66 4866053.00 6
8536596 33.18 98169.29 50.61 550389.69 7
8537345 33.27 98167.77 50.58 589861.75 8
8537845 33.30 98167.84 50.54 603417.81 9
8538595 33.33 98167.55 50.51 616496.06 0
8538845 33.25 98165.76 50.48 102400000.00 1
8540344 32.80 98161.87 50.32 102400000.00 2
8544592 32.68 98160.80 50.59 102400000.00 3
8545342 32.91 98160.52 50.66 5184810.00 4
8545842 33.04 98162.03 50.67 5036581.50 5
8546592 33.09 98163.94 50.71 4861721.00 6
8547341 33.16 98161.52 50.64 554863.19 7
8548091 33.25 98163.99 50.62 587830.06 8
8548841 33.29 98163.67 50.59 601821.94 9
8549341 33.31 98163.80 50.54 613173.63 0
8549591 33.23 98163.61 50.49 102400000.00 1
8551090 32.79 98163.95 50.37 102400000.00 2
8555338 32.66 98162.02 50.64 102400000.00 3
8556088 32.89 98160.38 50.73 5189737.00 4
8556588 33.02 98161.98 50.67 5059913.50 5
8557338 33.07 98161.63 50.67 4896593.00 6
8558087 33.14 98162.02 50.66 554863.19 7
8558837 33.23 98160.39 50.62 587830.06 8
8559587 33.27 98160.56 50.63 600234.44 9
8560086 33.30 98160.47 50.54 618170.81 0
8560586 33.21 98158.95 50.49 102400000.00 1
8561836 32.77 98155.80 50.45 102400000.00 2
8566084 32.65 98161.28 50.67 102400000.00 3
8566834 32.87 98161.06 50.72 5199619.00 4
8567583 33.00 98160.31 50.74 5074016.50 5
8568083 33.05 98160.38 50.69 4905389.00 6
8568833 33.13 98158.02 50.73 555314.56 7
8569583 33.21 98157.59 50.67 585310.06 8
8570332 33.25 98157.30 50.63 608799.06 9
8571082 33.28 98160.52 50.59 620982.44 0
8571332 33.19 98160.09 50.57 102400000.00 1
8572581 32.75 98157.63 50.45 102400000.00 2
8576830 32.63 98151.41 50.65 102400000.00 3
8577579 32.86 98152.26 50.75 5224490.00 4
8578329 32.98 98155.45 50.78 5041231.00 5
8578829 33.03 98155.20 50.75 4949849.00 6
8579578 33.11 98156.79 50.76 558038.13 7
8580328 33.20 98160.89 50.71 587324.38 8
8581078 33.24 98158.63 50.65 608256.63 9
8581828 33.27 98159.13 50.62 622681.69 0
8582078 33.18 98159.87 50.60 102400000.00 1
8583327 32.73 98155.27 50.45 102400000.00 2
8587575 32.62 98161.74 50.71 102400000.00 3
8588325 32.84 98160.30 50.78 5249599.50 4
8589075 32.96 98158.78 50.80 5116802.00 5
8589574 33.01 98158.52 50.86 4909799.00 6
8590324 33.09 98160.36 50.75 554412.56 7
8591074 33.18 98162.38 50.72 589352.50 8
8591824 33.23 98164.03 50.69 606096.50 9
8592573 33.24 98162.94 50.64 625534.50 0
8592823 33.17 98164.98 50.58 102400000.00 1
8594073 32.71 98162.94 50.53 102400000.00 2
8598321 32.60 98156.84 50.71 102400000.00 3
8599071 32.82 98156.19 50.81 5244558.50 4
8599821 32.96 98158.23 50.92 5126408.00 5
8600570 32.99 98157.06 50.79 4976913.50 6
8601070 33.08 98158.55 50.76 557127.31 7
8601820 33.16 98159.18 50.74 587830.06 8
8602570 33.21 98158.62 50.70 610432.19 9
8603319 33.23 98158.30 50.67 621547.81 0
8603569 33.15 98158.69 50.61 102400000.00 1
8604819 32.70 98154.17 50.56 102400000.00 2
8609067 32.58 98153.72 50.78 102400000.00 3
8609817 32.80 98150.59 50.87 5224490.00 4
8610566 32.93 98150.91 50.83 5107232.00 5
8611316 32.98 98150.77 50.83 4967859.50 6
8611816 33.06 98151.92 50.82 562637.38 7
8612566 33.15 98153.96 50.75 593451.19 8
8613316 33.19 98154.41 50.72 607174.63 9
8614065 33.21 98154.63 50.70 624961.88 0
8614315 33.13 98153.96 50.67 102400000.00 1
8615815 32.69 98151.35 50.59 102400000.00 2
8619813 32.57 98156.98 50.83 102400000.00 3
8620563 32.79 98155.80 50.84 5285161.50 4
8621312 32.92 98156.11 50.88 5150581.50 5
8622062 32.96 98154.91 50.89 4981453.50 6
8622562 33.05 98158.01 50.84 564965.50 7
8623312 33.13 98157.89 50.80 592421.19 8
8624061 33.18 98158.80 50.76 613724.88 9
8624811 33.20 98158.27 50.75 623250.13 0
8625061 33.12 98157.31 50.67 102400000.00 1
8626560 32.67 98153.70 50.60 102400000.00 2
8630559 32.55 98156.59 50.81 102400000.00 3
8631308 32.78 98153.57 50.90 5259711.00 4
8632058 32.91 98154.63 50.95 5126408.00 5
8632808 32.95 98153.98 50.89 4949849.00 6
8633558 33.03 98153.85 50.87 563101.44 7
8634057 33.12 98155.49 50.84 594484.75 8
8634807 33.16 98154.86 50.79 610432.19 9
8635557 33.18 98156.69 50.74 620982.44 0
8635807 33.10 98155.56 50.71 102400000.00 1
8637306 32.66 98154.38 50.63 102400000.00 2
8641304 32.54 98157.38 50.83 102400000.00 3
8642054 32.76 98158.10 50.92 5295410.50 4
8642804 32.89 98159.77 50.91 5136050.00 5
8643554 32.93 98158.55 50.88 5022685.50 6
8644303 33.02 98159.76 50.88 560328.31 7
8644803 33.10 98157.67 50.88 595521.94 8
8645553 33.14 98159.19 50.85 613173.63 9
8646303 33.17 98157.34 50.81 624961.88 0
8646553 33.08 98156.79 50.71 102400000.00 1
8648052 32.64 98157.75 50.64 102400000.00 2
8652050 32.52 98156.09 50.86 102400000.00 3
8652800 32.75 98155.94 50.94 5316028.50 4
8653550 32.88 98158.45 50.96 5174984.00 5
8654299 32.92 98155.94 50.92 5036581.50 6
8655049 33.00 98156.79 50.92 561711.44 7
8655549 33.09 98157.39 50.91 596041.94 8
8656299 33.13 98158.05 50.84 611525.81 9
8657048 33.15 98156.44 50.81 626683.00 0
8657298 33.07 98156.78 50.78 102400000.00 1
8658798 32.63 98156.35 50.64 102400000.00 2
8663046 32.50 98157.88 50.86 102400000.00 3
8663546 32.73 98159.39 50.96 5326398.00 4
8664296 32.85 98157.27 50.99 5204574.50 5
8665045 32.90 98156.30 50.93 4999695.00 6
8665795 32.98 98156.62 50.96 564498.38 7
8666545 33.07 98156.13 50.94 597084.56 8
8667045 33.11 98157.56 50.92 619854.75 9
8667794 33.13 98158.01 50.85 628992.63 0
8668044 33.05 98157.34 50.78 102400000.00 1
8669544 32.61 98154.05 50.70 102400000.00 2
8673792 32.49 98155.80 50.90 102400000.00 3
8674292 32.71 98155.43 50.94 5368283.00 4
8675041 32.84 98153.42 51.03 5165195.50 5
8675791 32.89 98154.85 50.98 5031941.00 6
8676541 32.96 98154.16 50.97 561249.69 7
8677290 33.05 98154.21 50.95 597084.56 8
8677790 33.10 98154.71 50.91 614277.13 9
8678540 33.13 98154.92 50.87 629572.69 0
8678790 33.04 98153.34 50.83 102400000.00 1
8680289 32.60 98152.85 50.73 102400000.00 2
8684537 32.47 98146.52 50.92 102400000.00 3
8685037 32.70 98149.55 50.96 5352499.00 4
8685787 32.83 98148.80 51.02 5199619.00 5
8686537 32.87 98147.61 50.99 5031941.00 6
8687286 32.95 98148.45 51.00 567313.00 7
8688036 33.04 98151.24 50.98 593967.50 8
8688536 33.09 98153.06 50.92 613724.88 9
8689286 33.11 98153.95 50.86 635432.81 0
8689536 33.02 98151.54 50.85 102400000.00 1
8691035 32.59 98154.95 50.72 102400000.00 2
8695283 32.45 98158.46 51.00 102400000.00 3
8696033 32.69 98160.55 50.99 5321208.00 4
8696533 32.81 98161.08 51.07 5189737.00 5
8697282 32.86 98161.14 51.04 5059913.50 6
8698032 32.94 98161.09 50.99 570155.88 7
8698782 33.03 98161.80 51.03 596562.75 8
8699532 33.07 98164.17 50.94 614830.38 9
8700031 33.09 98164.72 50.89 629572.69 0
8700281 33.00 98162.31 50.88 102400000.00 1
8701781 32.57 98162.37 50.77 102400000.00 2
8706029 32.44 98159.67 50.98 102400000.00 3
8706779 32.67 98161.57 51.07 5347258.50 4
8707279 32.80 98161.77 51.10 5229492.50 5
8708028 32.84 98160.67 51.06 5064606.00 6
8708778 32.93 98161.42 51.05 567313.00 7
8709528 33.02 98160.53 51.05 602352.94 8
8710277 33.06 98161.05 51.01 612074.13 9
8710777 33.08 98161.05 50.94 632489.19 0
8711277 32.99 98158.52 50.93 102400000.00 1
8712527 32.56 98158.48 50.78 102400000.00 2
8716775 32.42 98155.84 51.01 102400000.00 3
8717525 32.66 98159.70 51.12 5347258.50 4
8718274 32.79 98157.75 51.11 5219496.50 5
8718774 32.84 98158.81 51.10 5097697.50 6
8719524 32.91 98158.48 51.09 566841.94 7
8720274 33.00 98158.47 51.05 599180.81 8
8721023 33.05 98158.96 51.04 619854.75 9
8721773 33.07 98160.41 50.94 629572.69 0
8722023 32.99 98158.43 50.93 102400000.00 1
8723272 32.55 98155.52 50.83 102400000.00 2
8727521 32.42 98152.71 51.04 102400000.00 3
8728270 32.65 98157.59 51.16 5389473.50 4
8729020 32.78 98158.63 51.16 5254650.50 5
8729520 32.82 98157.95 51.10 5069307.00 6
8730270 32.90 98160.11 51.10 571109.88 7
8731019 32.98 98158.71 51.07 603417.81 8
8731769 33.03 98159.50 51.03 624390.25 9
8732519 33.05 98161.75 50.98 632489.19 0
8732769 32.96 98159.90 50.94 102400000.00 1
8734018 32.54 98160.97 50.82 102400000.00 2
8738267 32.40 98158.57 51.04 102400000.00 3
8739016 32.64 98161.76 51.15 5389473.50 4
8739766 32.77 98163.17 51.15 5254650.50 5
8740266 32.81 98162.33 51.13 5069307.00 6
8741016 32.89 98162.05 51.12 569205.13 7
8741765 32.97 98159.13 51.10 600762.69 8
8742515 33.02 98159.48 51.03 623250.13 9
8743265 33.04 98160.28 51.00 632489.19 0
8743515 32.96 98159.39 51.00 102400000.00 1
8744764 32.52 98156.09 50.87 102400000.00 2
8749013 32.38 98148.57 51.09 102400000.00 3
8749762 32.63 98152.76 51.10 5389473.50 4
8750512 32.75 98151.63 51.16 5244558.50 5
8751262 32.79 98151.89 51.16 5107232.00 6
8751762 32.88 98149.97 51.13 570632.50 7
8752511 32.96 98150.36 51.06 597607.25 8
8753261 33.01 98153.30 51.06 624961.88 9
8754011 33.02 98152.89 50.99 631319.38 0
8754261 32.95 98153.94 50.96 102400000.00 1
8755510 32.50 98151.72 50.88 102400000.00 2
8759758 32.37 98149.14 51.09 102400000.00 3
8760508 32.62 98153.10 51.16 5437769.50 4
8761258 32.75 98153.75 51.21 5285161.50 5
8762007 32.79 98153.45 51.16 5131224.50 6
8762507 32.86 98153.56 51.15 573027.44 7
8763257 32.95 98154.34 51.12 598130.81 8
8764007 32.99 98153.20 51.07 622114.19 9
8764757 33.02 98154.95 51.02 632489.19 0
8765007 32.93 98151.92 51.03 102400000.00 1
8766506 32.49 98152.77 50.89 102400000.00 2
8770504 32.36 98149.19 51.04 102400000.00 3
8771254 32.60 98154.00 51.16 5464976.50 4
8772004 32.73 98155.72 51.13 5295410.50 5
8772753 32.77 98153.63 51.20 5155443.50 6
8773503 32.85 98152.31 51.11 571588.06 7
8774003 32.94 98153.80 51.14 603951.63 8
8774752 32.98 98152.69 51.13 624390.25 9
8775502 33.00 98153.63 51.04 634252.06 0
8775752 32.93 98153.17 51.04 102400000.00 1
8777251 32.48 98152.63 50.89 102400000.00 2
8781250 32.35 98151.01 51.11 102400000.00 3
8781999 32.59 98156.69 51.19 5470451.00 4
8782749 32.71 98157.47 51.18 5290281.00 5
8783499 32.76 98157.28 51.19 5145728.50 6
8784249 32.84 98157.12 51.18 575928.00 7
8784748 32.92 98156.37 51.13 603417.81 8
8785498 32.97 98156.86 51.13 624390.25 9
8786248 32.99 98157.52 51.05 637807.56 0
8786498 32.91 98157.89 51.02 102400000.00 1
8787997 32.47 98155.70 50.92 102400000.00 2
8791995 32.34 98154.17 51.05 102400000.00 3
8792745 32.57 98156.81 51.19 5426962.50 4
8793495 32.71 98159.32 51.23 5336808.00 5
8794245 32.75 98157.20 51.18 5107232.00 6
8794994 32.83 98155.84 51.19 572546.81 7
8795494 32.91 98157.48 51.15 603951.63 8
8796244 32.96 98158.03 51.11 624390.25 9
8796994 32.98 98158.02 51.07 643216.06 0
8797244 32.90 98158.27 51.02 102400000.00 1
8798743 32.46 98155.36 50.92 102400000.00 2
8802991 32.33 98153.59 51.14 102400000.00 3
8803491 32.57 98156.15 51.22 5459513.50 4
8804241 32.69 98154.77 51.21 5310859.00 5
8804990 32.74 98154.52 51.21 5126408.00 6
8805740 32.82 98151.98 51.18 572067.06 7
8806490 32.90 98152.52 51.19 602352.94 8
8806990 32.95 98152.81 51.13 626683.00 9
8807739 32.97 98155.56 51.08 631903.75 0
8807989 32.89 98153.68 50.97 102400000.00 1
8809489 32.45 98151.59 50.93 102400000.00 2
8813737 32.32 98155.03 51.22 102400000.00 3
8814237 32.55 98156.83 51.22 5459513.50 4
8814987 32.68 98157.96 51.24 5352499.00 5
8815736 32.73 98157.87 51.22 5224490.00 6
8816486 32.80 98156.94 51.23 573027.44 7
8817236 32.89 98159.87 51.20 605558.81 8
8817736 32.94 98160.09 51.16 620982.44 9
8818485 32.96 98159.34 51.10 634252.06 0
8818735 32.88 98158.80 51.08 102400000.00 1
8820235 32.44 98156.73 50.97 102400000.00 2
8824483 32.31 98156.02 51.22 102400000.00 3
8825233 32.55 98160.34 51.26 5509078.50 4
8825733 32.68 98161.26 51.33 5336808.00 5
8826482 32.72 98159.99 51.23 5179892.50 6
8827232 32.80 98161.13 51.23 576901.44 7
8827982 32.88 98160.70 51.26 608256.63 8
8828731 32.93 98161.30 51.24 624390.25 9
8829231 32.95 98162.98 51.14 642006.25 0
8829481 32.86 98161.32 51.15 102400000.00 1
8830981 32.43 98159.64 51.06 102400000.00 2
8835229 32.30 98158.70 51.33 102400000.00 3
8835979 32.54 98161.84 51.41 5509078.50 4
8836478 32.67 98162.30 51.46 5342028.00 5
8837228 32.71 98160.90 51.37 5229492.50 6
8837978 32.79 98160.63 51.39 574957.88 7
8838728 32.88 98161.59 51.37 605558.81 8
8839477 32.93 98164.35 51.37 629572.69 9
8839977 32.95 98164.61 51.30 642610.63 0
8840227 32.86 98164.61 51.30 102400000.00 1
8841727 32.43 98162.62 51.22 102400000.00 2
8845975 32.30 98158.04 51.44 102400000.00 3
8846724 32.55 98163.07 51.54 5486939.00 4
8847224 32.67 98163.47 51.58 5326398.00 5
8847974 32.71 98162.20 51.58 5194673.50 6
8848724 32.79 98162.30 51.54 577389.31 7
8849473 32.88 98159.34 51.52 608256.63 8
8850223 32.92 98156.65 51.51 622681.69 9
8850723 32.94 98151.73 51.45 641403.06 0
8851223 32.86 98153.00 51.42 102400000.00 1
8852472 32.43 98148.32 51.31 102400000.00 2
8856721 32.30 98145.55 51.58 102400000.00 3
8857470 32.54 98148.98 51.68 5537005.50 4
8858220 32.66 98148.51 51.67 5347258.50 5
8858720 32.71 98154.16 51.67 5165195.50 6
8859470 32.79 98156.66 51.65 574474.06 7
8860219 32.88 98158.85 51.63 606096.50 8
8860969 32.92 98159.84 51.62 628992.63 9
8861719 32.95 98160.34 51.56 640200.06 0
8861969 32.86 98160.09 51.53 102400000.00 1
8863218 32.42 98157.71 51.47 102400000.00 2
8867466 32.29 98154.51 51.65 102400000.00 3
8868216 32.53 98158.00 51.73 5537005.50 4
8868966 32.66 98159.35 51.80 5342028.00 5
8869466 32.71 98158.26 51.75 5219496.50 6
8870215 32.79 98158.34 51.74 576414.31 7
8870965 32.87 98155.23 51.74 609342.44 8
8871715 32.91 98158.20 51.73 627258.81 9
8872465 32.94 98156.94 51.68 643822.69 0
8872715 32.86 98155.84 51.61 102400000.00 1
8873964 32.41 98154.17 51.50 102400000.00 2
8878212 32.29 98148.98 51.80 102400000.00 3
8878962 32.53 98153.66 51.79 5509078.50 4
8879712 32.65 98153.43 51.92 5331598.00 5
8880211 32.70 98157.04 51.85 5189737.00 6
8880961 32.77 98154.64 51.82 575442.56 7
8881711 32.86 98154.10 51.80 608256.63 8
8882460 32.91 98156.16 51.78 628992.63 9
8883210 32.93 98156.30 51.70 642610.63 0
8883460 32.85 98155.58 51.73 102400000.00 1
8884710 32.40 98151.40 51.59 102400000.00 2
8888958 32.29 98152.30 51.83 102400000.00 3
8889708 32.52 98156.69 51.95 5486939.00 4
8890457 32.64 98156.73 51.98 5384160.50 5
8891207 32.69 98156.53 51.89 5224490.00 6
8891707 32.77 98157.84 51.92 576414.31 7
8892457 32.86 98156.57 51.89 606635.06 8
8893206 32.91 98158.02 51.83 626108.25 9
8893956 32.93 98155.88 51.81 647486.56 0
8894206 32.85 98156.03 51.76 102400000.00 1
8895455 32.41 98153.53 51.72 102400000.00 2
8899703 32.28 98149.23 51.89 102400000.00 3
8900453 32.52 98153.52 51.96 5514641.50 4
8901203 32.64 98153.52 51.99 5394797.50 5
8901953 32.69 98153.48 52.00 5204574.50 6
8902453 32.77 98155.02 51.97 579349.38 7
8903202 32.85 98154.16 51.98 607715.13 8
8903952 32.89 98156.22 51.95 628992.63 9
8904702 32.92 98156.91 51.89 644430.44 0
8904952 32.84 98156.48 51.84 102400000.00 1
8906451 32.41 98155.16 51.72 102400000.00 2
8910449 32.27 98155.98 51.96 102400000.00 3
8911199 32.51 98159.16 52.05 5509078.50 4
8911949 32.64 98161.63 52.05 5378857.50 5
8912698 32.68 98161.29 52.03 5219496.50 6
8913448 32.76 98159.95 52.06 574474.06 7
8913948 32.84 98157.53 52.02 614277.13 8
8914697 32.89 98158.51 52.02 630736.06 9
8915447 32.91 98159.06 51.94 641403.06 0
8915697 32.84 98160.08 51.86 102400000.00 1
8917197 32.40 98159.49 51.82 102400000.00 2
8921195 32.27 98161.35 52.00 102400000.00 3
8921944 32.51 98163.64 52.08 5520215.50 4
8922694 32.63 98164.83 52.09 5368283.00 5
8923444 32.68 98163.83 52.06 5280051.50 6
8924194 32.76 98160.70 52.06 577389.31 7
8924693 32.84 98159.77 52.03 609886.81 8
8925443 32.88 98159.96 52.02 631319.38 9
8926193 32.91 98162.05 51.97 644430.44 0
8926443 32.82 98160.32 51.93 102400000.00 1
8927942 32.38 98157.05 51.83 102400000.00 2
8931941 32.26 98154.55 52.01 102400000.00 3
8932690 32.50 98156.59 52.16 5531397.50 4
8933440 32.63 98158.39 52.12 5368283.00 5
8934190 32.67 98156.81 52.12 5249599.50 6
8934940 32.75 98155.06 52.11 579349.38 7
8935439 32.84 98156.55 52.07 611525.81 8
8936189 32.88 98158.27 52.02 634841.94 9
8936939 32.91 98158.20 51.99 646873.00 0
8937189 32.82 98156.77 51.95 102400000.00 1
8938688 32.38 98152.58 51.89 102400000.00 2
8942936 32.26 98154.40 52.05 102400000.00 3
8943436 32.49 98156.66 52.14 5559552.00 4
8944186 32.62 98158.40 52.19 5410832.00 5
8944936 32.67 98157.55 52.20 5280051.50 6
8945685 32.74 98154.80 52.15 578367.69 7
8946435 32.83 98154.25 52.12 612074.13 8
8946935 32.88 98156.99 52.05 637212.19 9
8947685 32.90 98157.24 52.00 645649.44 0
8947935 32.82 98156.64 51.99 102400000.00 1
8949434 32.37 98152.34 51.86 102400000.00 2
8953682 32.25 98153.07 52.10 102400000.00 3
8954182 32.48 98157.33 52.17 5559552.00 4
8954931 32.61 98158.80 52.18 5410832.00 5
8955681 32.66 98159.30 52.18 5285161.50 6
8956431 32.73 98157.56 52.17 582811.63 7
8957181 32.82 98155.55 52.11 613724.88 8
8957681 32.86 98155.58 52.06 633075.75 9
8958430 32.89 98155.48 52.04 647486.56 0
8958680 32.80 98155.39 52.02 102400000.00 1
8960179 32.36 98152.13 51.86 102400000.00 2
8964428 32.23 98148.05 52.11 102400000.00 3
8965177 32.47 98154.71 52.17 5610959.00 4
8965677 32.60 98156.25 52.23 5394797.50 5
8966427 32.65 98156.09 52.18 5254650.50 6
8967177 32.73 98155.21 52.16 578367.69 7
8967926 32.82 98154.48 52.14 610978.50 8
8968676 32.86 98153.28 52.12 626683.00 9
8969176 32.88 98152.57 52.05 645649.44 0
8969426 32.80 98153.14 52.00 102400000.00 1
8970925 32.36 98149.38 51.96 102400000.00 2
8975173 32.23 98139.86 52.07 102400000.00 3
8975923 32.47 98153.00 52.24 5610959.00 4
8976423 32.60 98156.30 52.21 5481432.00 5
8977173 32.65 98154.95 52.23 5321208.00 6
8977922 32.73 98156.95 52.19 577878.13 7
8978672 32.80 98155.08 52.17 614277.13 8
8979422 32.85 98155.06 52.15 630736.06 9
8979922 32.88 98155.09 52.09 642006.25 0
8980422 32.79 98155.97 52.04 102400000.00 1
8981671 32.36 98151.30 51.94 102400000.00 2
8985919 32.21 98148.51 52.16 102400000.00 3
8986669 32.47 98151.84 52.25 5599453.00 4
8987419 32.59 98152.02 52.26 5459513.50 5
8987919 32.64 98151.34 52.22 5274951.50 6
8988668 32.72 98152.38 52.21 579349.38 7
8989418 32.80 98153.09 52.19 618170.81 8
2424 31.99 98149.11 53.23 65536000.00 1
3923 32.13 98150.27 53.30 62849196.00 2
