=~=~=~=~=~=~=~=~=~=~=~= PuTTY log 2024.11.22 00:10:02 =~=~=~=~=~=~=~=~=~=~=~=
212595 31.79 99177.05 46.25 196018.38 3
213095 32.00 99174.09 46.33 46410.44 4
213844 32.13 99175.69 46.31 45911.05 5
214594 32.18 99176.48 46.32 45911.05 6
215344 32.27 99174.65 46.30 13322.23 7
216094 32.35 99174.26 46.30 13760.48 8
216594 32.41 99176.33 46.25 14124.92 9
217343 32.43 99298561 31.80 99168.86 46.20 194233.69 3
299311 32.02 99166.36 46.25 46209.39 4
300061 32.14 99163.47 46.32 45861.70 5
300561 32.19 99161.93 46.29 45812.46 6
301310 32.28 99162.01 46.29 13289.04 7
302060 32.37 99161.11 46.25 13751.61 8
302810 32.42 99162.87 46.20 14115.57 9
303559 32.45 99164.05 46.14 14343.34 0
303809 32.37 99164.59 46.13 175884.58 1
305059 31.94 99166.12 46.04 183249.83 2
309307 31.82 99174.87 46.19 194899.13 3
310057 32.04 99174.05 46.28 46209.39 4
310807 32.16 99176.29 46.37 45763.32 5
311307 32.22 99176.67 46.25 45665.36 6
312056 32.30 99175.71 46.23 13372.34 7
312806 32.40 99175.56 46.24 13742.75 8
313556 32.45 99175.39 46.18 14032.01 9
314305 32.48 99176.17 46.14 14324.08 0
314556 32.39 99176.20 46.12 174268.20 1
315805 31.96 99176.34 46.02 182661.44 2
320053 31.84 99177.50 46.16 193353.47 3
320803 32.06 99179.73 46.19 46059.73 4
321553 32.19 99181.03 46.26 45861.70 5
322302 32.24 99179.39 46.21 45763.32 6
322802 32.33 99180.05 46.23 13347.24 7
323552 32.42 99180.70 46.22 13672.29 8
324302 32.47 99180.77 46.18 14022.79 9
325051 32.49 99179.20 46.11 14257.07 0
325301 32.41 99180.16 46.07 173913.05 1
326551 31.97 99176.00 45.92 181882.77 2
330799 31.86 99173.98 46.14 194455.00 3
331549 32.08 99173.24 46.17 46109.51 4
332298 32.20 99171.86 46.25 46109.51 5
333048 32.26 99170.54 46.22 45763.32 6
333548 32.34 99169.22 46.18 13322.23 7
334298 32.44 99169.20 46.12 13672.29 8
335047 32.49 99171.26 46.13 14059.75 9
335797 32.51 99170.52 46.06 14372.33 0
336047 32.43 99171.27 46.05 174803.69 1
337546 32.00 99171.64 45.86 182271.27 2
341545 31.88 99185.58 46.11 193572.78 3
342294 32.10 99185.59 46.18 46109.51 4
343044 32.23 99184.42 46.19 45861.70 5
343794 32.28 99183.68 46.12 45519.20 6
344294 32.36 99182.16 46.14 13247.77 7
345044 32.46 99184.67 46.11 13681.06 8
345793 32.50 99186.79 46.06 14078.31 9
346543 32.53 99189.93 46.02 14295.29 0
346793 32.45 99190.84 46.03 174982.91 1
348292 32.01 99185.71 45.92 181882.77 2
352291 31.90 99175.95 46.14 193134.67 3
353040 32.11 99170.59 46.19 45960.50 4
353790 32.24 99167.45 46.12 45714.29 5
354540 32.29 99166.96 46.09 45519.20 6
355290 32.38 99170.71 46.13 13372.34 7
355789 32.47 99171.27 46.09 13654.79 8
356539 32.52 99172.97 46.07 13986.01 9
357289 32.55 99175.46 46.00 14285.71 0
357539 32.47 99176.59 45.92 173559.33 1
359038 32.02 99175.06 45.87 181110.72 2
363036 31.90 99171.59 46.00 193682.63 3
363786 32.13 99170.10 46.08 45960.50 4
364536 32.25 99166.57 46.10 45714.29 5
365286 32.30 99164.83 46.11 45665.36 6
366035 32.39 99164.45 46.07 13289.04 7
366535 32.48 99167.23 46.04 13663.54 8
367285 32.53 99166.04 46.02 14022.79 9
368035 32.56 99169.36 45.96 14276.15 0
368285 32.48 99170.63 45.96 173736.00 1
369784 32.04 99171.78 45.87 181110.72 2
373782 31.92 99172.43 46.01 194233.69 3
374532 32.13 99168.11 46.11 46059.73 4
375282 32.27 99169.70 46.11 45470.69 5
376032 32.32 99169.84 46.05 45422.29 6
376781 32.41 99168.71 46.07 13264.25 7
377281 32.50 99168.49 46.04 13628.62 8
378031 32.54 99168.47 45.98 13976.85 9
378780 32.57 99168.19 45.95 14247.55 0
379030 32.50 99170.20 45.92 173207.03 1
380530 32.05 99171.95 45.84 180918.73 2
384778 31.93 99175.70 45.98 191940.02 3
385278 32.15 99176.59 46.01 45960.50 4
386027 32.28 99175.62 46.09 45714.29 5
386777 32.32 99176.59 46.02 45567.82 6
387527 32.42 99179.94 46.05 13239.55 7
388276 32.51 99179.16 46.03 13663.54 8
388776 32.55 99179.32 45.98 13976.85 9
389526 32.58 99181.30 45.89 14171.83 0
389776 32.50 99183.13 45.86 173207.03 1
391275 32.06 99181.79 45.73 180727.14 2
395524 31.94 99174.95 45.97 191187.45 3
396023 32.16 99176.13 46.03 45861.70 4
396773 32.29 99176.16 46.04 45616.54 5
397523 32.34 99177.56 46.01 45470.69 6
398273 32.43 99177.03 46.03 13256.01 7
399023 32.52 99177.73 45.97 13602.55 8
399522 32.57 99178.27 45.94 13931.21 9
400272 32.59 99174.94 45.92 14200.13 0
400522 32.52 99175.64 45.90 173207.03 1
402021 32.07 99173.44 45.75 181303.11 2
406269 31.95 99175.28 45.93 192264.36 3
406769 32.16 99175.76 46.00 45812.46 4
407519 32.30 99178.11 46.03 45616.54 5
408269 32.35 99182.58 45.99 45422.29 6
409018 32.44 99188.04 46.01 13206.77 7
409768 32.54 99190.15 45.95 13576.58 8
410268 32.58 99189.16 45.92 13967.70 9
411018 32.61 99188.84 45.88 14115.57 0
411268 32.53 99188.54 45.86 172681.28 1
412767 32.09 99182.42 45.77 181495.92 2
417015 31.96 99169.69 45.89 191832.14 3
417765 32.19 99167.81 46.01 45714.29 4
418265 32.31 99168.68 45.98 45567.82 5
419014 32.36 99168.16 45.96 45422.29 6
419764 32.45 99168.11 45.96 13256.01 7
420514 32.54 99169.65 45.94 13593.88 8
421014 32.59 99170.22 45.87 13903.98 9
421763 32.62 99169.81 45.87 14219.06 0
422013 32.54 99171.74 45.83 172681.28 1
423513 32.09 99169.46 45.76 181689.14 2
427761 31.97 99176.06 45.90 192264.36 3
428511 32.19 99174.41 45.96 45763.32 4
429011 32.32 99173.96 45.95 45519.20 5
429760 32.37 99170.91 45.90 45422.29 6
430510 32.46 99171.35 45.92 13239.55 7
431260 32.56 99172.57 45.91 13593.88 8
432009 32.60 99173.12 45.88 13958.56 9
432509 32.63 99176.05 45.84 14219.06 0
432759 32.55 99178.89 45.83 173031.42 1
434259 32.11 99175.17 45.69 180727.14 2
438507 31.98 99176.73 45.84 191724.39 3
439256 32.20 99176.52 45.84 45763.32 4
439756 32.33 99174.42 45.92 45812.46 5
440506 32.39 99176.50 45.92 45277.68 6
441256 32.47 99174.27 45.89 13157.89 7
442006 32.57 99172.91 45.87 13559.32 8
442755 32.61 99174.46 45.85 13876.84 9
443255 32.64 99174.34 45.80 14134.28 0
443755 32.56 99174.76 45.76 171812.08 1
445004 32.12 99172.75 45.60 179775.28 2
449253 32.00 99177.77 45.86 191187.45 3
450002 32.22 99179.33 45.90 45567.82 4
450502 32.34 99179.56 45.92 45567.82 5
451252 32.40 99182.06 45.86 45229.68 6
452002 32.49 99181.55 45.87 13214.95 7
452751 32.58 99181.24 45.89 13533.52 8
453501 32.62 99181.53 45.85 13840.83 9
454001 32.64 99184.52 45.78 14200.13 0
454501 32.57 99184.14 45.74 172506.73 1
455750 32.13 99184.73 45.60 180535.97 2
459998 32.00 99177.98 45.79 191509.25 3
460748 32.22 99175.49 45.89 45665.36 4
461498 32.35 99173.21 45.86 45714.29 5
461998 32.41 99176.04 45.82 45277.68 6
462748 32.50 99177.29 45.87 13157.89 7
463497 32.59 99175.90 45.87 13576.58 8
464247 32.63 99175.78 45.79 13840.83 9
464997 32.65 99175.25 45.74 14190.69 0
465247 32.59 99176.30 45.75 172856.17 1
466496 32.14 99177.58 45.67 180345.19 2
470744 32.01 99171.18 45.79 192048.02 3
471494 32.23 99168.94 45.80 45812.46 4
472244 32.36 99168.54 45.89 45470.69 5
472743 32.41 99170.44 45.85 45086.30 6
473493 32.50 99175.05 45.86 13093.29 7
474243 32.60 99179.64 45.81 13524.94 8
474992 32.64 99179.80 45.81 13858.81 9
475742 32.67 99181.28 45.72 14115.57 0
475992 32.59 99182.30 45.74 171639.30 1
477242 32.15 99182.69 45.60 179964.84 2
481490 32.02 99179.57 45.81 186861.31 3
482240 32.25 99178.82 45.84 45373.98 4
482990 32.38 99178.77 45.87 45567.82 5
483739 32.43 99178.67 45.87 45373.98 6
484239 32.52 99179.04 45.81 13157.89 7
484989 32.60 99178.76 45.79 13516.37 8
485738 32.65 99178.48 45.79 13849.82 9
486488 32.68 99175.65 45.70 14181.25 0
486738 32.60 99175.77 45.69 172506.73 1
487988 32.16 99171.30 45.65 179397.34 2
492236 32.03 99172.98 45.77 191940.02 3
492985 32.25 99173.09 45.84 45616.54 4
493735 32.38 99173.63 45.77 45567.82 5
494485 32.43 99173.97 45.86 45038.71 6
494985 32.53 99173.34 45.83 13166.02 7
495734 32.61 99173.41 45.80 13524.94 8
496484 32.66 99174.37 45.75 13849.82 9
497234 32.68 99176.22 45.72 14115.57 0
497484 32.61 99179.19 45.70 171812.08 1
498733 32.16 99179.30 45.54 178833.39 2
502981 32.04 99179.69 45.71 187271.39 3
503731 32.27 99182.01 45.79 45422.29 4
504481 32.39 99181.52 45.82 45422.29 5
505230 32.45 99182.97 45.88 45133.99 6
505730 32.53 99183.95 45.82 13093.29 7
506480 32.63 99187.32 45.80 13567.95 8
507230 32.67 99186.17 45.72 13858.81 9
507980 32.70 99184.66 45.69 14190.69 0
508230 32.63 99182.30 45.65 172506.73 1
509729 32.17 99174.41 45.55 179775.28 2
513727 32.06 99178.84 45.72 190973.52 3
514477 32.27 99175.16 45.74 45714.29 4
515227 32.41 99174.00 45.79 45373.98 5
515976 32.46 99173.63 45.78 45229.68 6
516726 32.55 99173.39 45.80 13198.60 7
517226 32.64 99174.22 45.75 13542.11 8
517976 32.68 99174.84 45.72 13867.82 9
518725 32.71 99173.66 45.68 14106.24 0
518975 32.63 99174.70 45.62 171812.08 1
520475 32.19 99173.98 45.52 179020.98 2
524473 32.05 99175.29 45.73 186656.94 3
525223 32.29 99174.18 45.72 45519.20 4
525972 32.42 99174.81 45.86 45422.29 5
526722 32.47 99173.70 45.75 45086.30 6
527472 32.56 99172.87 45.74 13061.22 7
527972 32.64 99171.03 45.76 13524.94 8
528721 32.69 99173.30 45.70 13805.00 9
529471 32.71 99174.04 45.67 14143.65 0
529721 32.64 99173.93 45.63 171123.00 1
531220 32.20 99174.03 45.53 178459.39 2
535219 32.07 99179.63 45.71 187066.13 3
535968 32.29 99177.23 45.77 45470.69 4
536718 32.42 99177.99 45.78 45616.54 5
537468 32.47 99178.02 45.78 45086.30 6
538218 32.56 99178.16 45.75 13141.68 7
538717 32.65 99177.32 45.73 13473.68 8
539467 32.70 99177.88 45.71 13813.94 9
540217 32.73 99176.31 45.66 14124.92 0
540467 32.65 99176.48 45.63 171466.84 1
541966 32.20 99174.20 45.53 179775.28 2
546214 32.08 99167.77 45.65 187066.13 3
546714 32.30 99162.43 45.71 45422.29 4
547464 32.43 99165.09 45.78 45277.68 5
548213 32.48 99168.14 45.75 45277.68 6
548963 32.57 99168.98 45.70 13085.26 7
549713 32.66 99170.11 45.70 13439.73 8
550212 32.71 99171.28 45.70 13831.86 9
550962 32.73 99171.30 45.61 14143.65 0
551212 32.66 99171.52 45.58 172332.55 1
552711 32.21 99170.00 45.52 179586.11 2
556960 32.09 99182.80 45.68 190973.52 3
557459 32.31 99182.63 45.74 45470.69 4
558209 32.44 99182.21 45.69 45229.68 5
558959 32.49 99177.33 45.69 45086.30 6
559708 32.58 99175.17 45.73 13125.51 7
560458 32.67 99176.42 45.71 13439.73 8
560958 32.71 99177.66 45.64 13742.75 9
561708 32.74 99179.05 45.60 14106.24 0
561958 32.67 99180.13 45.57 171639.30 1
563457 32.22 99177.51 45.49 179775.28 2
567705 32.09 99175.53 45.63 187066.13 3
568205 32.32 99172.05 45.71 45812.46 4
568955 32.45 99172.51 45.71 45325.78 5
569705 32.50 99173.88 45.75 45086.30 6
570454 32.59 99175.44 45.68 13093.29 7
571204 32.68 99178.62 45.67 13490.73 8
571704 32.72 99179.17 45.67 13796.08 9
572454 32.75 99181.98 45.58 14069.03 0
572704 32.68 99184.82 45.55 171294.75 1
574203 32.23 99183.05 45.41 179964.84 2
578451 32.11 99178.55 45.63 186861.31 3
579201 32.33 99175.02 45.73 45470.69 4
579701 32.46 99174.84 45.73 45470.69 5
580450 32.51 99174.83 45.76 44896.53 6
581200 32.60 99174.23 45.66 13133.59 7
581950 32.68 99174.94 45.65 13465.18 8
582699 32.73 99176.28 45.62 13813.94 9
583199 32.76 99177.92 45.59 14106.24 0
583449 32.68 99178.86 45.52 171294.75 1
584949 32.24 99177.77 45.41 178833.39 2
589197 32.11 99181.83 45.54 186046.52 3
589946 32.34 99179.39 45.68 45567.82 4
590446 32.47 99178.61 45.64 45181.79 5
591196 32.51 99176.84 45.68 44943.82 6
591946 32.61 99174.84 45.67 13125.51 7
592696 32.70 99176.06 45.62 13465.18 8
593445 32.74 99176.41 45.59 13831.86 9
593945 32.77 99177.38 45.51 14106.24 0
594445 32.68 99176.31 45.48 172332.55 1
595694 32.25 99175.71 45.41 178272.98 2
599943 32.13 99180.14 45.56 186656.94 3
600692 32.35 99178.88 45.69 45325.78 4
601192 32.48 99178.46 45.60 45229.68 5
601942 32.53 99180.19 45.61 45038.71 6
602692 32.61 99180.23 45.63 13133.59 7
603441 32.70 99183.16 45.61 13516.37 8
604191 32.75 99184.75 45.56 13787.16 9
604691 32.77 99188.08 45.50 14069.03 0
605191 32.69 99189.46 45.47 170951.59 1
606440 32.25 99191.82 45.39 178272.98 2
610688 32.13 99193.68 45.52 186046.52 3
611438 32.35 99188.46 45.67 45325.78 4
612188 32.48 99188.98 45.59 45277.68 5
612688 32.54 99185.60 45.62 45038.71 6
613437 32.62 99180.30 45.60 13109.38 7
614187 32.71 99178.98 45.58 13431.27 8
614937 32.76 99173.55 45.55 13840.83 9
615687 32.79 99171.80 45.52 14069.03 0
615937 32.71 99171.01 45.44 171812.08 1
617186 32.26 99169.45 45.36 178833.39 2
621434 32.14 99173.82 45.55 186249.55 3
622184 32.36 99171.46 45.60 45373.98 4
622934 32.49 99170.23 45.60 45373.98 5
623434 32.54 99170.81 45.60 45086.30 6
624183 32.63 99170.91 45.55 13149.78 7
624933 32.71 99168.09 45.56 13431.27 8
625683 32.76 99169.95 45.51 13822.89 9
626432 32.79 99171.00 45.48 14087.61 0
626682 32.71 99173.20 45.37 170951.59 1
627932 32.27 99171.40 45.35 177901.33 2
632180 32.14 99181.08 45.54 185843.92 3
632930 32.37 99180.76 45.58 45519.20 4
633679 32.50 99180.12 45.52 45133.99 5
634179 32.55 99182.69 45.53 44849.34 6
634929 32.64 99181.68 45.55 13101.33 7
635678 32.72 99183.93 45.54 13533.52 8
636428 32.77 99187.82 45.47 13822.89 9
637178 32.80 99189.05 45.43 14078.31 0
637428 32.72 99191.13 45.41 171812.08 1
638677 32.28 99189.43 45.30 179020.98 2
642926 32.14 99188.34 45.51 190973.52 3
643675 32.38 99189.07 45.56 45470.69 4
644425 32.51 99189.30 45.54 45422.29 5
645175 32.56 99189.68 45.56 45038.71 6
645675 32.64 99188.80 45.52 13125.51 7
646424 32.73 99190.91 45.49 13490.73 8
647174 32.78 99192.39 45.50 13787.16 9
647924 32.81 99192.61 45.45 14124.92 0
648174 32.73 99193.83 45.37 170951.59 1
649424 32.29 99194.58 45.30 178272.98 2
653672 32.16 99184.52 45.46 186249.55 3
654421 32.39 99181.06 45.53 45519.20 4
655171 32.51 99179.28 45.53 45181.79 5
655921 32.57 99179.41 45.55 44943.82 6
656421 32.65 99178.80 45.52 13101.33 7
657170 32.74 99179.50 45.51 13516.37 8
657920 32.78 99179.13 45.47 13813.94 9
658670 32.81 99178.66 45.42 14096.92 0
658920 32.73 99179.77 45.33 170780.52 1
660419 32.29 99180.80 45.30 177716.08 2
664417 32.16 99183.09 45.44 185641.77 3
665167 32.39 99181.48 45.50 45325.78 4
665917 32.52 99179.48 45.53 45181.79 5
666667 32.57 99179.14 45.51 44943.82 6
667416 32.66 99178.47 45.48 13109.38 7
667916 32.75 99176.80 45.48 13465.18 8
668666 32.79 99176.51 45.44 13787.16 9
669415 32.82 99176.76 45.39 14106.24 0
669665 32.74 99177.76 45.35 171812.08 1
671165 32.30 99179.92 45.23 178272.98 2
675163 32.17 99181.58 45.41 186046.52 3
675913 32.40 99180.40 45.47 45470.69 4
676662 32.53 99181.02 45.53 45086.30 5
677412 32.58 99182.01 45.49 45086.30 6
678162 32.66 99183.08 45.46 13093.29 7
678662 32.75 99181.94 45.44 13490.73 8
679411 32.80 99183.19 45.42 13805.00 9
680161 32.83 99185.80 45.36 14087.61 0
680411 32.75 99185.56 45.31 171639.30 1
681910 32.30 99184.70 45.23 177716.08 2
685909 32.18 99186.73 45.38 186656.94 3
686658 32.41 99184.05 45.49 45277.68 4
687408 32.54 99181.63 45.45 45229.68 5
688158 32.59 99180.62 45.48 44896.53 6
688908 32.67 99180.31 45.45 13141.68 7
689407 32.77 99181.13 45.46 13482.20 8
690157 32.80 99180.09 45.38 13813.94 9
690907 32.83 99179.28 45.37 14143.65 0
691157 32.75 99179.88 45.29 172506.73 1
692656 32.31 99179.52 45.23 179020.98 2
696904 32.18 99187.27 45.38 186453.02 3
697404 32.41 99187.30 45.53 45470.69 4
698154 32.55 99189.16 45.43 45422.29 5
698904 32.60 99186.61 45.44 45038.71 6
699653 32.68 99187.05 45.42 13109.38 7
700403 32.77 99186.27 45.43 13465.18 8
700903 32.82 99188.30 45.38 13805.00 9
701653 32.84 99188.09 45.34 14050.49 0
701903 32.77 99189.77 45.29 172506.73 1
703402 32.32 99188.45 45.20 179775.28 2
707650 32.19 99189.20 45.34 186249.55 3
708150 32.42 99189.16 45.45 45277.68 4
708900 32.55 99190.17 45.46 45229.68 5
709650 32.60 99190.56 45.43 44943.82 6
710399 32.68 99188.77 45.42 13141.68 7
711149 32.77 99187.46 45.41 13439.73 8
711649 32.82 99186.57 45.38 13813.94 9
712399 32.84 99186.42 45.33 14087.61 0
712649 32.77 99187.08 45.24 171294.75 1
714148 32.32 99186.00 45.22 178459.39 2
718396 32.20 99186.44 45.36 185843.92 3
718896 32.43 99184.10 45.47 45277.68 4
719646 32.56 99183.95 45.42 45229.68 5
720395 32.61 99186.23 45.41 44896.53 6
721145 32.69 99184.15 45.39 13093.29 7
721895 32.78 99183.22 45.37 13422.82 8
722395 32.82 99181.76 45.34 13822.89 9
723144 32.86 99180.84 45.28 14069.03 0
723394 32.79 99182.06 45.27 171294.75 1
724894 32.33 99172.44 45.16 178086.95 2
729142 32.21 99179.75 45.34 186249.55 3
729892 32.44 99180.05 45.43 45133.99 4
730391 32.57 99181.36 45.42 45229.68 5
731141 32.61 99180.19 45.38 44943.82 6
731891 32.70 99178.70 45.41 13101.33 7
732641 32.79 99182.31 45.37 13439.73 8
733390 32.83 99185.18 45.34 13742.75 9
733890 32.86 99187.26 45.30 14041.25 0
734140 32.79 99186.90 45.29 171123.00 1
735639 32.34 99182.70 45.15 178272.98 2
739888 32.21 99182.83 45.35 185641.77 3
740637 32.45 99181.26 45.39 45325.78 4
741137 32.57 99178.94 45.47 44991.21 5
741887 32.61 99175.64 45.40 44614.85 6
742637 32.71 99175.16 45.36 13053.23 7
743386 32.80 99177.73 45.37 13414.38 8
744136 32.84 99179.27 45.33 13760.48 9
744636 32.87 99178.02 45.28 14004.38 0
745136 32.79 99179.15 45.26 170609.80 1
746385 32.35 99180.99 45.09 177901.33 2
750633 32.22 99186.57 45.33 185440.06 3
751383 32.45 99186.61 45.33 45325.78 4
752133 32.58 99187.03 45.40 44991.21 5
752633 32.63 99188.74 45.40 44991.21 6
753382 32.71 99188.59 45.36 13005.49 7
754132 32.80 99187.95 45.34 13338.89 8
754882 32.84 99189.23 45.29 13778.26 9
755382 32.88 99189.33 45.28 14059.75 0
755881 32.80 99191.16 45.25 170269.38 1
757131 32.35 99188.99 45.17 177531.20 2
761379 32.23 99185.34 45.23 185037.95 3
762129 32.45 99181.95 45.39 45277.68 4
762879 32.59 99183.79 45.40 45038.71 5
763378 32.63 99183.67 45.34 44708.35 6
764128 32.72 99186.20 45.37 13029.32 7
764878 32.81 99186.24 45.31 13372.34 8
765627 32.86 99186.85 45.31 13751.61 9
766377 32.88 99187.57 45.22 14004.38 0
766627 32.81 99189.65 45.21 171639.30 1
767877 32.36 99191.29 45.13 178272.98 2
772125 32.23 99183.66 45.29 184238.94 3
772875 32.45 99181.60 45.36 45229.68 4
773624 32.59 99182.12 45.32 45038.71 5
774124 32.64 99183.27 45.34 44943.82 6
774874 32.73 99184.09 45.33 12997.56 7
775624 32.81 99182.53 45.33 13372.34 8
776373 32.86 99183.34 45.27 13716.25 9
777123 32.89 99181.77 45.24 14050.49 0
777373 32.81 99182.19 45.19 170609.80 1
778623 32.37 99181.11 45.10 178086.95 2
782871 32.24 99182.46 45.29 185037.95 3
783620 32.46 99178.74 45.35 45373.98 4
784370 32.60 99177.34 45.35 45133.99 5
785120 32.64 99177.05 45.29 44943.82 6
785620 32.73 99177.30 45.32 13069.23 7
786369 32.82 99177.92 45.30 13389.12 8
787119 32.87 99180.97 45.26 13733.91 9
787869 32.89 99179.85 45.22 14050.49 0
788119 32.82 99181.73 45.20 170269.38 1
789368 32.38 99179.83 45.08 177346.73 2
793616 32.25 99191.19 45.27 185238.78 3
794366 32.47 99187.59 45.33 45133.99 4
795116 32.61 99188.71 45.33 44849.34 5
795866 32.65 99188.39 45.32 44614.85 6
796365 32.74 99186.80 45.30 13021.36 7
797115 32.82 99182.19 45.27 13355.59 8
797865 32.88 99181.82 45.24 13742.75 9
798615 32.90 99179.91 45.19 14004.38 0
798865 32.82 99182.86 45.18 170951.59 1
800114 32.38 99178.11 45.08 177716.08 2
804362 32.26 99187.08 45.18 185037.95 3
805112 32.48 99181.50 45.28 45373.98 4
805862 32.61 99182.13 45.31 45181.79 5
806612 32.66 99182.40 45.33 44661.55 6
807111 32.75 99183.84 45.28 13037.28 7
807861 32.83 99181.98 45.28 13372.34 8
808611 32.88 99183.40 45.23 13681.06 9
809361 32.91 99180.83 45.16 14050.49 0
809611 32.83 99182.05 45.13 170780.52 1
811110 32.38 99181.75 45.04 177716.08 2
815108 32.27 99188.57 45.26 184837.55 3
815858 32.48 99185.66 45.29 45422.29 4
816608 32.62 99185.82 45.30 45229.68 5
817357 32.67 99186.70 45.26 44708.35 6
818107 32.75 99186.04 45.23 12989.65 7
818607 32.84 99186.56 45.25 13305.61 8
819357 32.89 99185.70 45.20 13733.91 9
820106 32.91 99183.10 45.19 13995.19 0
820356 32.84 99184.77 45.13 169761.27 1
821856 32.39 99184.50 45.05 178086.95 2
825854 32.26 99186.87 45.20 184637.58 3
826604 32.49 99182.88 45.24 45181.79 4
827353 32.62 99183.42 45.26 45133.99 5
828103 32.67 99183.73 45.31 44755.25 6
828853 32.76 99182.33 45.26 13045.25 7
829353 32.84 99181.40 45.21 13338.89 8
830102 32.89 99182.23 45.21 13654.79 9
830852 32.92 99180.63 45.15 13958.56 0
831102 32.84 99180.94 45.10 169930.30 1
832601 32.39 99177.15 45.02 176978.92 2
836850 32.27 99175.76 45.21 185238.78 3
837349 32.50 99177.08 45.23 45181.79 4
838099 32.62 99179.33 45.30 45038.71 5
838849 32.67 99183.11 45.19 44614.85 6
839599 32.76 99183.74 45.25 13013.42 7
840098 32.85 99182.64 45.23 13372.34 8
840848 32.90 99184.07 45.19 13716.25 9
841598 32.93 99184.62 45.14 14059.75 0
841848 32.85 99185.72 45.10 170951.59 1
843347 32.41 99183.59 44.99 177531.20 2
847596 32.28 99179.72 45.17 185238.78 3
848096 32.50 99175.65 45.26 45133.99 4
848845 32.63 99172.76 45.28 44943.82 5
849595 32.68 99171.59 45.21 44849.34 6
850345 32.77 99171.32 45.22 13029.32 7
851094 32.86 99171.22 45.21 13389.12 8
851594 32.91 99171.28 45.16 13716.25 9
852344 32.93 99172.91 45.11 14004.38 0
852594 32.85 99174.55 45.11 170609.80 1
854093 32.41 99175.82 45.02 177531.20 2
858341 32.29 99181.59 45.11 185238.78 3
858841 32.50 99181.35 45.21 45086.30 4
859591 32.64 99183.55 45.24 44991.21 5
860341 32.68 99185.59 45.22 44755.25 6
861091 32.77 99187.34 45.21 13005.49 7
861840 32.86 99188.45 45.18 13347.24 8
862340 32.91 99192.80 45.17 13681.06 9
863090 32.93 99193.64 45.10 13922.12 0
863340 32.86 99195.84 45.03 169088.50 1
864839 32.42 99197.34 44.96 176430.05 2
869088 32.29 99186.52 45.16 184837.55 3
869837 32.52 99181.38 45.21 44849.34 4
870337 32.64 99179.70 45.19 45133.99 5
871087 32.70 99180.07 45.23 44568.25 6
871836 32.78 99180.19 45.17 12981.74 7
872586 32.87 99178.45 45.18 13330.56 8
873336 32.91 99182.77 45.13 13637.33 9
873836 32.94 99184.71 45.07 13885.88 0
874086 32.86 99187.14 45.06 169424.22 1
875585 32.43 99194.01 44.97 176795.58 2
879833 32.30 99209.59 45.13 183842.02 3
880583 32.52 99208.17 45.23 45086.30 4
881083 32.65 99202.77 45.17 44991.21 5
881833 32.70 99200.95 45.15 44802.24 6
882582 32.79 99203.34 45.19 13013.42 7
883332 32.88 99206.94 45.14 13347.24 8
884082 32.92 99206.38 45.14 13689.84 9
884582 32.95 99203.49 45.07 13958.56 0
885081 32.87 99201.21 45.05 170099.67 1
886331 32.43 99192.77 44.97 176430.05 2
890579 32.29 99176.02 45.11 184637.58 3
891329 32.53 99177.90 45.17 45325.78 4
891829 32.66 99182.75 45.17 44849.34 5
892578 32.70 99184.84 45.11 44475.33 6
893328 32.79 99188.19 45.19 12950.22 7
894078 32.89 99191.56 45.12 13330.56 8
894827 32.93 99193.25 45.09 13637.33 9
895327 32.95 99193.92 45.09 13958.56 0
895827 32.88 99195.77 45.01 169930.30 1
897077 32.44 99195.73 44.91 176978.92 2
901325 32.31 99192.16 45.11 184637.58 3
902075 32.53 99191.02 45.15 45373.98 4
902824 32.66 99189.05 45.14 44943.82 5
903324 32.71 99190.68 45.14 44521.74 6
904074 32.80 99193.93 45.16 12903.23 7
904824 32.89 99195.74 45.13 13239.55 8
905573 32.93 99192.26 45.10 13611.23 9
906323 32.95 99189.63 45.07 14004.38 0
906573 32.88 99190.55 45.06 171466.84 1
907822 32.44 99196.02 44.92 176978.92 2
912071 32.32 99197.83 45.07 183842.02 3
912820 32.54 99194.95 45.13 45133.99 4
913570 32.66 99194.84 45.16 45086.30 5
914070 32.71 99194.36 45.10 44802.24 6
914820 32.80 99194.94 45.13 12942.37 7
915569 32.89 99193.27 45.11 13305.61 8
916319 32.94 99195.60 45.07 13619.92 9
917069 32.96 99193.80 45.02 13949.43 0
917319 32.89 99196.49 45.04 169256.20 1
918568 32.45 99203.33 44.95 176612.63 2
922816 32.31 99194.23 45.10 184637.58 3
923566 32.54 99193.49 45.08 45086.30 4
924316 32.67 99190.29 45.10 45181.79 5
925066 32.72 99187.85 45.14 44568.25 6
925566 32.81 99187.92 45.11 12942.37 7
926316 32.90 99186.57 45.10 13355.59 8
927065 32.94 99183.87 45.05 13646.06 9
927815 32.97 99183.80 45.03 13858.81 0
928065 32.89 99186.01 44.98 169088.50 1
929314 32.45 99181.42 44.88 175884.58 2
933563 32.32 99174.69 45.05 184040.27 3
934312 32.54 99175.74 45.11 45038.71 4
935062 32.68 99177.59 45.10 44661.55 5
935812 32.72 99181.97 45.14 44661.55 6
936312 32.81 99185.59 45.08 12950.22 7
937061 32.90 99184.70 45.08 13297.32 8
937811 32.95 99185.27 45.05 13654.79 9
938561 32.98 99188.38 44.98 13913.04 0
938811 32.89 99189.02 44.95 169761.27 1
940310 32.45 99191.51 44.91 177162.63 2
944308 32.32 99190.02 45.02 184040.27 3
945058 32.55 99191.14 45.06 45133.99 4
945808 32.68 99189.80 45.14 44755.25 5
946557 32.73 99190.85 45.10 44475.33 6
947057 32.82 99190.40 45.10 12918.85 7
947807 32.91 99192.84 45.06 13256.01 8
948557 32.95 99190.89 45.01 13611.23 9
949306 32.98 99193.16 44.97 13931.21 0
949556 32.91 99194.00 44.94 170099.67 1
951056 32.46 99188.35 44.84 176612.63 2
955054 32.33 99184.31 44.97 184040.27 3
955804 32.56 99185.82 45.06 45038.71 4
956554 32.69 99188.52 45.11 44802.24 5
957303 32.73 99190.95 45.07 44475.33 6
958053 32.82 99190.83 45.05 12958.09 7
958553 32.91 99191.20 45.03 13322.23 8
959303 32.96 99192.08 45.03 13698.63 9
960052 32.98 99191.06 44.99 13986.01 0
960302 32.91 99192.70 44.94 169424.22 1
961802 32.46 99191.02 44.83 176795.58 2
965800 32.33 99189.64 45.04 184040.27 3
966550 32.56 99187.87 45.07 45133.99 4
967299 32.69 99188.66 45.06 44849.34 5
968049 32.73 99184.27 45.05 44849.34 6
968799 32.82 99184.17 45.07 12950.22 7
969299 32.92 99183.97 45.05 13322.23 8
970048 32.96 99183.23 45.00 13646.06 9
970798 32.98 99184.48 44.97 13931.21 0
971048 32.91 99186.94 44.94 169424.22 1
972547 32.47 99188.22 44.88 176247.84 2
976796 32.34 99187.43 44.99 184637.58 3
977295 32.57 99187.05 45.07 45133.99 4
978045 32.69 99187.91 45.06 44896.53 5
978795 32.74 99188.69 45.02 44614.85 6
979545 32.83 99190.79 45.04 12918.85 7
980294 32.92 99190.96 45.08 13264.25 8
980794 32.96 99186.81 44.98 13628.62 9
981544 32.99 99179.76 44.94 13885.88 0
981794 32.91 99182.34 44.90 169761.27 1
983293 32.47 99181.77 44.80 176430.05 2
987541 32.35 99190.78 44.99 184438.05 3
988041 32.57 99190.60 45.05 45086.30 4
988791 32.70 99190.93 45.05 45038.71 5
989541 32.75 99193.82 45.03 44429.02 6
990290 32.84 99192.55 45.01 12918.85 7
991040 32.93 99193.42 45.02 13363.96 8
991540 32.97 99191.26 44.96 13619.92 9
992290 33.00 99190.55 44.91 13885.88 0
992540 32.92 99192.29 44.88 168255.02 1
994039 32.48 99189.11 44.79 175522.80 2
998287 32.35 99190.37 44.92 182857.14 3
998787 32.58 99192.52 45.01 44991.21 4
999537 32.70 99194.95 45.01 44614.85 5
1000287 32.75 99196.59 45.03 44568.25 6
1001036 32.84 99195.68 45.03 12989.65 7
1001786 32.93 99196.40 44.99 13297.32 8
1002286 32.98 99190.41 44.95 13593.88 9
1003036 33.00 99188.26 44.93 13903.98 0
1003286 32.92 99190.66 44.90 169088.50 1
1004785 32.48 99189.53 44.78 176247.84 2
1009033 32.36 99191.95 44.94 183644.19 3
1009783 32.58 99191.23 45.01 44991.21 4
1010283 32.70 99188.32 44.96 44896.53 5
1011032 32.75 99188.59 44.98 44568.25 6
1011782 32.84 99187.46 44.99 12942.37 7
1012532 32.93 99184.91 44.97 13297.32 8
1013281 32.98 99182.60 44.93 13585.23 9
1013781 33.00 99182.05 44.90 13885.88 0
1014031 32.93 99184.67 44.86 170099.67 1
1015531 32.49 99185.88 44.72 176247.84 2
1019779 32.36 99186.39 44.92 183644.19 3
1020529 32.59 99186.98 44.96 45038.71 4
1021029 32.71 99188.16 45.01 44849.34 5
1021778 32.76 99188.20 44.97 44521.74 6
1022528 32.85 99188.59 44.96 12926.68 7
1023278 32.94 99187.17 44.95 13289.04 8
1024028 32.98 99185.56 44.94 13619.92 9
1024528 33.01 99183.91 44.86 13940.32 0
1025027 32.93 99186.18 44.89 170269.38 1
1026277 32.50 99187.02 44.70 176795.58 2
1030525 32.37 99186.82 44.91 183644.19 3
1031275 32.59 99183.14 44.95 45086.30 4
1032025 32.71 99184.84 44.98 44896.53 5
1032524 32.76 99186.01 44.97 44568.25 6
1033274 32.85 99186.91 44.94 12879.86 7
1034024 32.94 99188.31 44.94 13272.50 8
1034774 32.99 99189.37 44.90 13663.54 9
1035524 33.02 99190.94 44.87 13885.88 0
1035774 32.95 99193.96 44.81 169930.30 1
1037023 32.49 99189.37 44.66 176066.03 2
1041271 32.36 99184.04 44.86 183446.80 3
1042021 32.59 99182.03 44.91 44943.82 4
1042771 32.72 99181.65 45.02 44849.34 5
1043270 32.78 99185.73 44.97 44568.25 6
1044020 32.86 99187.87 44.95 12918.85 7
1044770 32.94 99188.10 44.91 13214.95 8
1045520 32.99 99189.76 44.92 13611.23 9
1046269 33.02 99187.23 44.82 13876.84 0
1046519 32.95 99190.16 44.79 170099.67 1
1047769 32.50 99185.04 44.74 176430.05 2
1052017 32.37 99184.93 44.84 182857.14 3
1052767 32.59 99183.48 44.92 44849.34 4
1053517 32.73 99184.68 44.95 44755.25 5
1054017 32.77 99184.31 44.98 44521.74 6
1054766 32.86 99184.27 44.91 12934.52 7
1055516 32.95 99181.23 44.90 13297.32 8
1056266 32.99 99179.78 44.89 13611.23 9
1057016 33.02 99179.75 44.82 13913.04 0
1057266 32.94 99180.79 44.72 169930.30 1
1058515 32.51 99184.04 44.70 176430.05 2
1062763 32.38 99183.68 44.87 184238.94 3
1063513 32.60 99182.86 44.89 44991.21 4
1064263 32.73 99183.27 44.85 44661.55 5
1065012 32.78 99186.69 44.88 44475.33 6
1065512 32.86 99185.60 44.91 12926.68 7
1066262 32.95 99186.05 44.88 13289.04 8
1067012 33.00 99184.53 44.83 13593.88 9
1067761 33.03 99186.84 44.83 13940.32 0
1068011 32.95 99188.91 44.74 171294.75 1
1069261 32.51 99188.94 44.69 175522.80 2
1073509 32.38 99193.48 44.83 183644.19 3
1074259 32.61 99194.91 44.94 44943.82 4
1075008 32.73 99195.97 44.90 44849.34 5
1075758 32.78 99196.36 44.91 44475.33 6
1076258 32.88 99198.48 44.90 12918.85 7
1077008 32.96 99197.27 44.86 13272.50 8
1077757 33.00 99195.80 44.81 13619.92 9
1078507 33.03 99195.69 44.79 13840.83 0
1078757 32.96 99197.84 44.76 168921.14 1
1080256 32.52 99192.01 44.67 175884.58 2
1084255 32.38 99179.51 44.81 182857.14 3
1085004 32.61 99182.13 44.90 44661.55 4
1085754 32.73 99182.61 44.93 44614.85 5
1086504 32.78 99185.61 44.85 44614.85 6
1087254 32.88 99189.06 44.90 12879.86 7
1087753 32.96 99190.13 44.85 13272.50 8
1088503 33.01 99190.30 44.80 13637.33 9
1089253 33.04 99193.20 44.77 13940.32 0
1089503 32.96 99196.34 44.73 169592.58 1
1091002 32.51 99197.02 44.65 176247.84 2
1095000 32.38 99194.74 44.79 184238.94 3
1095750 32.61 99195.52 44.89 44849.34 4
1096500 32.73 99194.84 44.94 44943.82 5
1097250 32.80 99198.70 44.89 44661.55 6
1097999 32.88 99196.20 44.86 12997.56 7
1098499 32.96 99195.78 44.86 13355.59 8
1099249 33.01 99194.30 44.83 13611.23 9
1099999 33.04 99189.06 44.76 13967.70 0
1100249 32.96 99192.65 44.73 171985.22 1
1101748 32.52 99194.46 44.68 176978.92 2
1105996 32.39 99196.87 44.80 184438.05 3
1106496 32.62 99195.78 44.82 45133.99 4
1107246 32.75 99197.91 44.89 44849.34 5
1107995 32.80 99197.28 44.90 44521.74 6
1108745 32.88 99195.27 44.84 12934.52 7
1109245 32.96 99194.77 44.81 13239.55 8
1109995 33.02 99195.13 44.80 13611.23 9
1110744 33.04 99195.30 44.74 13831.86 0
1110994 32.96 99196.25 44.68 169930.30 1
1112494 32.52 99194.86 44.62 176430.05 2
1116742 32.39 99189.93 44.79 184238.94 3
1117242 32.62 99188.82 44.81 44661.55 4
1117992 32.75 99189.96 44.85 44661.55 5
1118742 32.79 99189.58 44.89 44382.80 6
1119491 32.88 99190.06 44.84 12911.04 7
1120241 32.97 99190.81 44.82 13239.55 8
1120741 33.02 99187.77 44.76 13611.23 9
1121490 33.05 99190.35 44.71 13885.88 0
1121740 32.96 99190.72 44.69 169256.20 1
1123240 32.52 99189.43 44.56 175884.58 2
1127488 32.40 99197.45 44.76 183249.83 3
1128238 32.62 99196.56 44.77 44802.24 4
1128738 32.75 99197.77 44.86 44614.85 5
1129487 32.80 99198.59 44.86 44614.85 6
1130237 32.89 99198.34 44.80 12934.52 7
1130987 32.97 99197.73 44.78 13297.32 8
1131736 33.02 99195.43 44.77 13611.23 9
1132236 33.05 99195.14 44.71 13849.82 0
1132486 32.97 99197.40 44.61 170099.67 1
1133986 32.53 99196.23 44.56 176612.63 2
1138234 32.40 99196.65 44.73 182857.14 3
1138984 32.63 99195.20 44.76 45038.71 4
1139483 32.76 99197.37 44.78 44802.24 5
1140233 32.80 99196.05 44.74 44382.80 6
1140983 32.89 99195.01 44.75 12879.86 7
1141732 32.98 99195.76 44.73 13272.50 8
1142482 33.03 99191.70 44.72 13576.58 9
1142982 33.05 99192.70 44.66 13931.21 0
1143482 32.97 99191.88 44.69 169930.30 1
1144731 32.54 99194.13 44.54 175342.47 2
1148980 32.41 99195.71 44.70 182857.14 3
1149729 32.63 99194.27 44.82 44802.24 4
1150479 32.76 99195.78 44.74 44568.25 5
1150979 32.80 99195.13 44.77 44382.80 6
1151729 32.89 99194.16 44.77 12903.23 7
1152478 32.98 99194.96 44.74 13247.77 8
1153228 33.03 99190.97 44.72 13619.92 9
1153978 33.06 99192.63 44.63 13885.88 0
1154228 32.98 99195.34 44.65 169592.58 1
1155477 32.54 99193.21 44.52 176247.84 2
1159726 32.41 99193.13 44.68 183644.19 3
1160475 32.63 99192.01 44.72 44849.34 4
1161225 32.77 99193.71 44.80 44661.55 5
1161725 32.81 99194.53 44.72 44290.66 6
1162475 32.90 99195.48 44.73 12887.64 7
1163224 32.99 99194.48 44.70 13239.55 8
1163974 33.04 99193.29 44.65 13559.32 9
1164724 33.06 99194.96 44.65 13849.82 0
1164974 32.99 99197.58 44.61 167758.84 1
1166223 32.54 99199.02 44.48 174446.34 2
1170471 32.41 99192.91 44.67 182857.14 3
1171221 32.63 99188.68 44.72 44943.82 4
1171971 32.76 99188.27 44.75 44568.25 5
1172720 32.81 99186.36 44.73 44290.66 6
1173220 32.90 99186.26 44.69 12950.22 7
1173970 32.99 99183.74 44.66 13223.14 8
1174720 33.04 99182.22 44.64 13576.58 9
1175469 33.06 99183.38 44.60 13813.94 0
1175719 32.98 99186.13 44.55 169592.58 1
1176969 32.55 99187.34 44.46 175884.58 2
1181217 32.41 99193.52 44.58 183249.83 3
1181967 32.64 99194.55 44.63 44896.53 4
1182717 32.77 99196.02 44.67 44568.25 5
1183466 32.81 99197.70 44.64 44429.02 6
1183966 32.90 99198.53 44.67 12895.43 7
1184716 32.99 99199.02 44.67 13272.50 8
1185466 33.04 99200.66 44.64 13663.54 9
1186215 33.07 99203.00 44.58 13885.88 0
1186465 32.99 99203.95 44.51 169592.58 1
1187965 32.54 99201.65 44.45 175884.58 2
1191963 32.42 99191.86 44.62 183644.19 3
1192713 32.64 99190.02 44.62 44802.24 4
1193462 32.77 99190.00 44.67 44614.85 5
1194212 32.81 99188.79 44.62 44475.33 6
1194962 32.91 99188.46 44.65 12918.85 7
1195462 33.00 99187.23 44.63 13289.04 8
1196211 33.05 99187.31 44.59 13628.62 9
1196961 33.07 99188.97 44.55 13913.04 0
1197211 32.99 99190.03 44.53 170269.38 1
1198710 32.55 99192.60 44.39 176978.92 2
1202709 32.42 99194.72 44.57 184238.94 3
1203458 32.64 99193.35 44.66 44802.24 4
1204208 32.77 99194.32 44.60 44802.24 5
1204958 32.82 99194.00 44.63 44336.68 6
1205708 32.91 99195.45 44.60 12958.09 7
1206207 33.00 99194.30 44.61 13223.14 8
1206957 33.05 99195.24 44.55 13524.94 9
1207707 33.08 99194.78 44.51 13903.98 0
1207957 33.00 99198.26 44.47 169592.58 1
1209456 32.56 99200.78 44.36 175884.58 2
1213704 32.42 99188.43 44.53 183249.83 3
1214204 32.64 99186.70 44.61 44896.53 4
1214954 32.77 99185.56 44.58 44849.34 5
1215704 32.82 99185.83 44.63 44521.74 6
1216453 32.91 99184.41 44.60 12911.04 7
1217203 33.00 99186.76 44.57 13297.32 8
1217703 33.05 99187.95 44.54 13611.23 9
1218453 33.08 99190.23 44.47 13913.04 0
1218702 33.00 99191.53 44.45 170269.38 1
1220202 32.55 99191.72 44.37 175703.50 2
1224450 32.42 99187.57 44.47 182466.14 3
1224950 32.65 99188.40 44.60 44849.34 4
1225700 32.77 99189.74 44.60 44755.25 5
1226449 32.82 99190.60 44.57 44429.02 6
1227199 32.91 99191.56 44.58 12841.09 7
1227949 33.00 99192.16 44.53 13280.76 8
1228449 33.05 99193.96 44.50 13602.55 9
1229198 33.08 99195.05 44.46 13922.12 0
1229448 33.01 99198.95 44.42 169424.22 1
1230948 32.56 99199.31 44.35 176612.63 2
1235196 32.43 99193.15 44.49 183053.27 3
1235945 32.65 99191.47 44.53 45133.99 4
1236445 32.78 99190.15 44.58 44849.34 5
1237195 32.82 99189.01 44.55 44568.25 6
1237945 32.91 99187.30 44.53 12918.85 7
1238695 33.00 99184.91 44.53 13231.34 8
1239444 33.06 99184.60 44.48 13550.71 9
1239944 33.09 99183.17 44.41 13913.04 0
1240194 33.01 99184.48 44.39 169930.30 1
1241693 32.56 99192.76 44.33 176066.03 2
1245941 32.43 99189.51 44.46 183644.19 3
1246691 32.66 99189.75 44.51 44802.24 4
1247191 32.79 99188.84 44.52 44568.25 5
1247941 32.83 99187.05 44.55 44429.02 6
1248690 32.92 99187.83 44.48 12934.52 7
1249440 33.01 99185.04 44.48 13264.25 8
1250190 33.06 99182.45 44.47 13593.88 9
1250690 33.09 99186.09 44.40 13913.04 0
1251189 33.01 99188.98 44.33 170780.52 1
1252439 32.56 99191.45 44.29 176430.05 2
1256687 32.43 99188.34 44.44 183249.83 3
1257437 32.65 99186.08 44.47 44943.82 4
1258186 32.79 99186.95 44.50 44755.25 5
1258686 32.83 99186.69 44.51 44521.74 6
1259436 32.93 99186.65 44.45 12887.64 7
1260186 33.01 99183.88 44.47 13305.61 8
1260935 33.07 99186.60 44.43 13654.79 9
1261685 33.09 99188.64 44.38 13913.04 0
1261935 33.01 99191.53 44.37 170609.80 1
1263185 32.57 99192.37 44.26 175703.50 2
1267433 32.43 99190.88 44.41 183446.80 3
1268183 32.66 99189.75 44.46 44849.34 4
1268932 32.79 99191.53 44.50 44661.55 5
1269432 32.84 99192.19 44.47 44382.80 6
1270182 32.93 99191.63 44.42 12911.04 7
1270932 33.01 99190.70 44.44 13256.01 8
1271681 33.06 99191.17 44.35 13585.23 9
1272431 33.09 99192.08 44.35 13831.86 0
1272681 33.00 99191.99 44.30 170439.42 1
1273930 32.56 99192.59 44.22 175522.80 2
1278179 32.44 99190.16 44.35 183249.83 3
1278928 32.66 99186.88 44.45 44943.82 4
1279678 32.79 99185.47 44.48 44661.55 5
1280428 32.84 99184.20 44.49 44475.33 6
1280928 32.93 99183.14 44.41 12872.08 7
1281677 33.02 99183.11 44.40 13305.61 8
1282427 33.07 99182.13 44.36 13628.62 9
1283177 33.09 99184.40 44.31 13894.92 0
1283427 33.02 99185.49 44.27 170609.80 1
1284926 32.57 99188.27 44.21 175703.50 2
1288925 32.44 99200.95 44.33 183644.19 3
1289674 32.66 99199.94 44.41 44849.34 4
1290424 32.79 99199.25 44.43 44802.24 5
1291174 32.85 99199.38 44.40 44336.68 6
1291923 32.93 99197.73 44.37 12981.74 7
1292423 33.02 99195.70 44.36 13256.01 8
1293173 33.07 99193.47 44.32 13628.62 9
1293923 33.10 99191.89 44.26 13922.12 0
1294173 33.01 99191.12 44.29 170780.52 1
1295672 32.58 99186.83 44.16 177901.33 2
1299670 32.44 99181.21 44.33 183842.02 3
1300420 32.66 99180.59 44.40 44943.82 4
1301170 32.79 99183.41 44.39 44521.74 5
1301919 32.84 99184.02 44.40 44475.33 6
1302669 32.93 99183.97 44.36 12887.64 7
1303169 33.02 99183.59 44.34 13247.77 8
1303919 33.07 99182.88 44.30 13637.33 9
1304668 33.10 99182.90 44.25 13958.56 0
1304918 33.02 99183.12 44.20 170951.59 1
1306418 32.57 99183.15 44.09 176612.63 2
1310416 32.45 99184.68 44.25 183249.83 3
1311166 32.66 99183.43 44.32 44849.34 4
1311915 32.79 99182.48 44.38 44708.35 5
1312665 32.84 99184.32 44.31 44521.74 6
1313415 32.93 99184.45 44.31 12879.86 7
1313914 33.02 99180.44 44.32 13305.61 8
1314664 33.07 99182.59 44.28 13619.92 9
1315414 33.10 99181.75 44.23 13885.88 0
1315664 33.02 99184.16 44.21 170780.52 1
1317163 32.58 99187.43 44.15 176795.58 2
1321411 32.45 99201.38 44.25 183644.19 3
1321911 32.67 99200.94 44.31 44943.82 4
1322661 32.80 99203.74 44.36 44802.24 5
1323411 32.84 99204.84 44.25 44429.02 6
1324160 32.94 99203.97 44.31 12848.83 7
1324910 33.03 99202.69 44.24 13313.92 8
1325410 33.08 99201.33 44.24 13672.29 9
1326160 33.10 99196.60 44.19 13976.85 0
1326410 33.03 99200.67 44.15 170099.67 1
1327909 32.58 99196.29 44.07 176430.05 2
1332157 32.45 99183.02 44.22 183644.19 3
1332657 32.67 99183.09 44.31 45086.30 4
1333407 32.80 99183.52 44.28 44896.53 5
1334156 32.85 99183.92 44.30 44521.74 6
1334906 32.94 99183.26 44.28 12911.04 7
1335656 33.03 99183.29 44.23 13289.04 8
1336156 33.08 99181.74 44.22 13646.06 9
1336905 33.11 99181.16 44.16 13967.70 0
1337155 33.03 99181.80 44.14 171123.00 1
1338655 32.58 99183.73 44.03 176795.58 2
1342903 32.45 99190.55 44.20 184637.58 3
1343652 32.68 99189.00 44.22 45086.30 4
1344152 32.80 99186.33 44.25 44943.82 5
1344902 32.85 99183.88 44.25 44614.85 6
1345652 32.94 99183.69 44.23 12958.09 7
1346402 33.04 99181.79 44.21 13264.25 8
1347151 33.09 99182.00 44.19 13585.23 9
1347651 33.11 99181.95 44.14 13967.70 0
1348151 33.03 99183.30 44.05 170609.80 1
1349401 32.59 99187.25 43.97 176612.63 2
1353649 32.46 99189.73 44.16 184040.27 3
1354399 32.67 99185.66 44.18 44991.21 4
1354899 32.81 99185.76 44.25 44661.55 5
1355648 32.86 99185.13 44.28 44521.74 6
1356398 32.95 99185.95 44.22 12934.52 7
1357148 33.04 99184.09 44.22 13347.24 8
1357898 33.09 99185.35 44.16 13654.79 9
1358398 33.11 99184.79 44.11 13976.85 0
1358897 33.03 99186.45 44.07 172158.70 1
1360147 32.59 99189.88 43.94 176247.84 2
1364395 32.46 99194.49 44.12 183842.02 3
1365145 32.68 99191.60 44.21 44943.82 4
1365895 32.81 99190.53 44.22 44849.34 5
1366394 32.85 99187.70 44.20 44521.74 6
1367144 32.95 99186.18 44.20 12942.37 7
1367894 33.04 99185.93 44.20 13313.92 8
1368644 33.09 99184.48 44.16 13611.23 9
1369393 33.11 99185.72 44.10 13876.84 0
1369643 33.02 99185.77 44.09 170099.67 1
1370893 32.59 99188.55 43.97 175884.58 2
1375141 32.46 99189.23 44.13 183446.80 3
1375891 32.68 99189.14 44.19 44991.21 4
1376640 32.81 99189.18 44.17 44661.55 5
1377140 32.86 99190.80 44.17 44568.25 6
1377890 32.95 99190.51 44.15 12934.52 7
1378640 33.04 99190.26 44.14 13280.76 8
1379389 33.09 99189.44 44.11 13681.06 9
1380139 33.12 99192.26 44.07 13940.32 0
1380389 33.05 99195.34 44.06 170780.52 1
1381638 32.59 99195.14 43.96 176430.05 2
1385886 32.46 99196.09 44.10 183644.19 3
1386636 32.69 99195.03 44.14 44991.21 4
1387386 32.82 99196.11 44.11 44802.24 5
1388136 32.87 99196.91 44.17 44475.33 6
1388635 32.95 99195.17 44.16 12926.68 7
1389385 33.05 99191.95 44.14 13289.04 8
1390135 33.09 99194.38 44.11 13602.55 9
1390884 33.12 99193.12 44.04 13913.04 0
1391134 33.05 99195.90 44.02 170609.80 1
1392384 32.59 99191.81 43.90 176612.63 2
1396632 32.46 99189.55 44.03 183446.80 3
1397382 32.69 99190.06 44.16 44991.21 4
1398132 32.82 99190.13 44.13 44661.55 5
1398881 32.87 99189.15 44.09 44614.85 6
1399381 32.95 99186.20 44.14 12872.08 7
1400131 33.05 99186.45 44.10 13264.25 8
1400880 33.09 99185.86 44.07 13637.33 9
1401630 33.12 99184.83 44.04 13876.84 0
1401880 33.04 99185.83 43.99 170609.80 1
1403380 32.60 99187.16 43.91 176247.84 2
1407378 32.46 99194.80 44.04 183644.19 3
1408128 32.69 99195.56 44.09 44896.53 4
1408877 32.82 99198.30 44.15 44802.24 5
1409627 32.88 99200.45 44.08 44521.74 6
1410377 32.96 99197.54 44.11 12879.86 7
1410877 33.05 99194.77 44.10 13198.60 8
1411626 33.10 99191.77 44.07 13654.79 9
1412376 33.13 99188.69 44.00 13949.43 0
1412626 33.04 99187.90 43.95 171294.75 1
1414125 32.59 99187.55 43.89 176795.58 2
1418124 32.46 99190.28 44.06 183446.80 3
1418873 32.70 99192.27 44.12 45133.99 4
1419623 32.82 99193.54 44.12 44896.53 5
1420373 32.87 99197.16 44.07 44755.25 6
1421122 32.95 99195.17 44.08 12887.64 7
1421622 33.05 99193.52 44.07 13289.04 8
1422372 33.10 99193.75 44.03 13619.92 9
1423122 33.12 99193.95 43.96 14004.38 0
1423372 33.05 99196.02 43.93 171466.84 1
1424871 32.61 99197.46 43.81 176795.58 2
1429119 32.46 99185.45 44.03 183249.83 3
1429619 32.69 99185.54 44.08 44991.21 4
1430368 32.82 99184.38 44.01 44708.35 5
1431118 32.87 99183.20 44.08 44661.55 6
1431868 32.96 99185.09 44.07 12926.68 7
1432617 33.05 99184.84 44.02 13289.04 8
1433117 33.10 99185.56 44.01 13585.23 9
1433867 33.12 99184.02 43.96 13976.85 0
1434117 33.04 99185.13 43.94 172158.70 1
1435616 32.61 99189.51 43.86 177162.63 2
1439864 32.46 99185.05 44.03 183249.83 3
1440364 32.70 99184.80 44.09 44849.34 4
1441114 32.82 99185.46 44.10 45038.71 5
1441864 32.88 99186.95 44.01 44568.25 6
1442613 32.96 99189.87 44.06 12918.85 7
1443363 33.06 99190.95 44.00 13264.25 8
1443863 33.10 99190.46 44.00 13611.23 9
1444613 33.13 99191.10 43.95 13958.56 0
1444863 33.05 99192.55 43.92 169930.30 1
1446362 32.61 99189.55 43.88 175342.47 2
1450610 32.48 99196.64 43.95 182661.44 3
1451360 32.70 99193.16 44.05 45086.30 4
1451860 32.83 99191.98 44.04 44802.24 5
1452609 32.88 99192.98 44.06 44661.55 6
1453359 32.96 99193.47 44.04 12903.23 7
1454109 33.06 99190.63 43.97 13256.01 8
1454859 33.11 99190.90 43.97 13576.58 9
1455358 33.13 99192.50 43.93 13858.81 0
1455608 33.05 99194.91 43.88 171294.75 1
1457108 32.61 99190.02 43.84 176066.03 2
1461356 32.48 99178.01 43.91 183249.83 3
1462106 32.70 99176.06 43.95 44991.21 4
1462605 32.83 99179.05 44.08 44755.25 5
1463355 32.88 99177.91 44.05 44661.55 6
1464105 32.97 99176.84 43.99 12887.64 7
1464855 33.06 99178.60 43.98 13214.95 8
1465604 33.11 99176.37 43.95 13628.62 9
1466104 33.14 99175.79 43.90 13876.84 0
1466604 33.06 99177.86 43.89 169761.27 1
1467853 32.61 99178.28 43.80 176247.84 2
1472102 32.49 99189.09 43.93 183644.19 3
1472852 32.71 99186.74 43.91 44991.21 4
1473601 32.84 99185.88 43.98 44661.55 5
1474101 32.88 99187.37 43.93 44382.80 6
1474851 32.97 99189.09 43.96 12942.37 7
1475601 33.07 99189.34 43.97 13272.50 8
1476350 33.11 99189.17 43.94 13567.95 9
1477100 33.13 99188.16 43.90 13894.92 0
1477350 33.05 99188.67 43.82 170780.52 1
1478600 32.61 99188.20 43.78 176247.84 2
1482848 32.48 99183.34 43.88 183249.83 3
1483597 32.71 99184.80 43.97 44991.21 4
1484347 32.83 99186.83 43.98 44896.53 5
1484847 32.88 99186.21 43.95 44568.25 6
1485597 32.97 99186.37 43.95 12879.86 7
1486346 33.07 99187.35 43.94 13247.77 8
1487096 33.11 99188.38 43.91 13542.11 9
1487846 33.14 99188.77 43.88 13913.04 0
1488096 33.05 99189.03 43.82 170269.38 1
1489345 32.62 99186.83 43.76 176247.84 2
1493594 32.49 99185.02 43.87 182661.44 3
1494343 32.71 99184.48 43.93 44802.24 4
1495093 32.84 99186.09 44.02 44614.85 5
1495843 32.88 99183.14 43.93 44429.02 6
1496343 32.97 99182.16 43.94 12911.04 7
1497092 33.07 99184.09 43.95 13223.14 8
1497842 33.12 99184.26 43.89 13585.23 9
1498592 33.14 99185.19 43.87 13913.04 0
1498842 33.07 99186.06 43.80 171123.00 1
1500091 32.62 99187.72 43.71 175884.58 2
1504339 32.49 99188.95 43.88 182857.14 3
1505089 32.71 99188.03 43.92 44755.25 4
1505839 32.84 99187.24 43.93 44708.35 5
1506589 32.89 99189.49 43.98 44429.02 6
1507089 32.98 99188.48 43.92 12895.43 7
1507838 33.07 99188.11 43.89 13247.77 8
1508588 33.12 99188.14 43.86 13628.62 9
1509338 33.14 99187.97 43.83 13867.82 0
1509588 33.06 99188.87 43.78 170269.38 1
1511087 32.62 99188.41 43.72 175884.58 2
1515085 32.49 99186.91 43.91 182271.27 3
1515835 32.71 99186.16 43.97 44943.82 4
1516585 32.84 99186.52 43.94 44661.55 5
1517334 32.89 99188.45 43.95 44382.80 6
1518084 32.98 99184.63 43.93 12872.08 7
1518584 33.07 99187.09 43.89 13231.34 8
1519334 33.12 99185.19 43.86 13602.55 9
1520084 33.15 99185.80 43.82 13931.21 0
1520334 33.07 99185.58 43.76 170099.67 1
1521833 32.63 99186.86 43.62 175522.80 2
1525831 32.49 99185.70 43.85 183249.83 3
1526581 32.71 99188.95 43.91 44896.53 4
1527331 32.84 99192.05 43.93 44568.25 5
1528080 32.89 99192.83 43.92 44336.68 6
1528830 32.98 99191.98 43.91 12887.64 7
1529330 33.07 99188.50 43.89 13239.55 8
1530080 33.12 99188.38 43.86 13559.32 9
1530829 33.14 99190.26 43.84 13885.88 0
1531079 33.07 99192.95 43.75 171466.84 1
1532579 32.62 99190.37 43.64 176612.63 2
1536827 32.49 99185.74 43.83 183249.83 3
1537327 32.71 99184.56 43.90 44849.34 4
1538076 32.84 99183.83 43.90 44849.34 5
1538826 32.89 99184.15 43.93 44382.80 6
1539576 32.98 99182.56 43.90 12864.32 7
1540325 33.08 99186.64 43.88 13256.01 8
1540825 33.12 99182.26 43.83 13550.71 9
1541575 33.14 99183.48 43.80 13894.92 0
1541825 33.06 99185.16 43.72 171466.84 1
1543324 32.63 99187.16 43.63 175884.58 2
1547572 32.50 99188.67 43.81 182857.14 3
1548072 32.72 99188.75 43.81 44755.25 4
1548822 32.85 99194.82 43.91 44661.55 5
1549572 32.90 99196.55 43.92 44521.74 6
1550321 32.99 99194.66 43.85 12887.64 7
1551071 33.08 99193.01 43.83 13214.95 8
1551571 33.12 99191.66 43.85 13593.88 9
1552320 33.15 99189.86 43.75 13822.89 0
1552570 33.06 99190.06 43.75 170099.67 1
1554070 32.63 99195.93 43.64 175342.47 2
1558318 32.50 99190.63 43.81 182466.14 3
1559068 32.72 99191.87 43.86 44568.25 4
1559568 32.85 99190.61 43.85 44521.74 5
1560317 32.90 99188.41 43.80 44382.80 6
1561067 32.99 99185.14 43.84 12879.86 7
1561817 33.08 99181.52 43.83 13223.14 8
1562566 33.13 99183.27 43.77 13611.23 9
1563066 33.15 99185.11 43.76 13840.83 0
1563316 33.07 99186.82 43.75 170269.38 1
1564816 32.63 99186.68 43.62 175342.47 2
1569064 32.50 99184.22 43.80 183053.27 3
1569814 32.72 99184.15 43.83 44755.25 4
1570314 32.84 99181.68 43.87 44521.74 5
1571063 32.90 99185.02 43.88 44244.73 6
1571813 32.99 99181.16 43.82 12848.83 7
1572563 33.09 99182.11 43.82 13231.34 8
1573312 33.13 99181.15 43.78 13559.32 9
1573812 33.15 99182.19 43.76 13831.86 0
1574312 33.07 99180.76 43.70 170269.38 1
1575562 32.64 99185.82 43.67 175342.47 2
1579810 32.50 99185.68 43.75 182466.14 3
1580560 32.73 99185.12 43.88 44849.34 4
1581309 32.86 99183.03 43.80 44614.85 5
1581809 32.91 99181.45 43.80 44336.68 6
1582559 32.99 99176.91 43.82 12825.65 7
1583308 33.09 99175.41 43.82 13214.95 8
1584058 33.13 99174.62 43.76 13559.32 9
1584808 33.16 99173.87 43.72 13876.84 0
1585058 33.07 99173.32 43.68 170269.38 1
1586307 32.63 99176.28 43.62 175162.50 2
1590556 32.50 99180.69 43.73 182076.81 3
1591305 32.73 99181.78 43.81 44661.55 4
1592055 32.86 99181.55 43.79 44661.55 5
1592555 32.91 99181.38 43.84 44336.68 6
1593305 32.99 99179.84 43.80 12810.25 7
1594054 33.09 99181.29 43.79 13256.01 8
1594804 33.14 99181.11 43.74 13533.52 9
1595554 33.16 99180.23 43.70 13840.83 0
1595804 33.08 99180.39 43.64 171123.00 1
1597053 32.64 99182.97 43.60 175703.50 2
1601301 32.51 99183.09 43.79 182466.14 3
1602051 32.73 99184.05 43.81 44614.85 4
1602801 32.85 99184.66 43.82 44661.55 5
1603551 32.91 99185.37 43.79 44568.25 6
1604051 33.00 99182.77 43.79 12879.86 7
1604800 33.09 99184.52 43.76 13231.34 8
1605550 33.14 99185.73 43.74 13593.88 9
1606300 33.16 99185.05 43.72 13813.94 0
1606550 33.08 99186.03 43.62 170951.59 1
1607799 32.64 99189.04 43.54 174982.91 2
1612047 32.51 99193.34 43.73 182466.14 3
1612797 32.74 99194.00 43.80 44896.53 4
1613547 32.86 99194.80 43.78 44521.74 5
1614297 32.91 99196.22 43.79 44198.89 6
1614796 33.00 99193.15 43.79 12887.64 7
1615546 33.09 99193.15 43.76 13190.44 8
1616296 33.14 99192.91 43.74 13559.32 9
1617046 33.16 99194.48 43.68 13822.89 0
1617296 33.09 99194.13 43.67 170269.38 1
1618795 32.64 99194.82 43.54 175884.58 2
1622793 32.51 99189.16 43.70 182661.44 3
1623543 32.73 99188.64 43.80 44708.35 4
1624293 32.86 99187.28 43.74 44475.33 5
1625042 32.92 99186.35 43.85 44429.02 6
1625792 33.00 99183.24 43.76 12879.86 7
1626292 33.09 99183.70 43.74 13214.95 8
1627042 33.14 99183.42 43.69 13524.94 9
1627791 33.16 99182.99 43.67 13831.86 0
1628041 33.09 99184.41 43.62 170951.59 1
1629541 32.64 99187.27 43.56 175522.80 2
1633539 32.51 99186.73 43.67 182466.14 3
1634289 32.73 99186.29 43.70 44849.34 4
1635038 32.87 99187.05 43.76 44802.24 5
1635788 32.92 99186.38 43.75 44429.02 6
1636538 33.00 99182.74 43.77 12817.95 7
1637038 33.10 99182.18 43.73 13214.95 8
1637787 33.14 99179.71 43.69 13482.20 9
1638537 33.17 99179.13 43.63 13778.26 0
1638787 33.09 99180.34 43.61 169088.50 1
1640287 32.64 99177.66 43.53 174803.69 2
1644535 32.52 99182.17 43.68 182271.27 3
1645035 32.74 99181.41 43.74 44755.25 4
1645785 32.87 99181.61 43.84 44568.25 5
1646534 32.91 99180.63 43.66 44244.73 6
1647284 33.00 99178.63 43.73 12810.25 7
1648034 33.09 99178.71 43.69 13174.15 8
1648534 33.14 99179.19 43.67 13499.26 9
1649283 33.16 99176.70 43.65 13822.89 0
1649533 33.08 99175.47 43.55 170439.42 1
1651033 32.64 99176.76 43.50 175162.50 2
1655281 32.52 99181.98 43.67 182857.14 3
1655781 32.74 99182.30 43.73 44661.55 4
1656530 32.87 99182.81 43.75 44475.33 5
1657280 32.91 99182.23 43.72 44429.02 6
1658030 33.01 99182.25 43.71 12856.57 7
1658780 33.10 99181.91 43.70 13133.59 8
1659280 33.14 99182.75 43.66 13550.71 9
1660029 33.17 99183.77 43.60 13787.16 0
1660279 33.10 99184.89 43.59 169592.58 1
1661779 32.64 99185.71 43.49 174803.69 2
1666027 32.52 99184.50 43.64 182857.14 3
1666777 32.75 99185.63 43.71 44661.55 4
1667276 32.88 99184.88 43.73 44661.55 5
1668026 32.92 99184.86 43.72 44290.66 6
1668776 33.01 99183.91 43.70 12810.25 7
1669526 33.11 99185.18 43.70 13214.95 8
1670275 33.14 99185.37 43.66 13567.95 9
1670775 33.18 99188.82 43.62 13867.82 0
1671025 33.11 99190.46 43.54 170609.80 1
1672525 32.64 99192.52 43.48 175522.80 2
1676773 32.52 99200.02 43.59 182661.44 3
1677523 32.75 99201.80 43.74 44661.55 4
1678022 32.87 99200.71 43.76 44475.33 5
1678772 32.92 99202.73 43.71 44153.16 6
1679522 33.01 99201.95 43.70 12794.88 7
1680272 33.10 99201.44 43.69 13190.44 8
1681021 33.15 99200.55 43.64 13542.11 9
1681521 33.18 99200.93 43.62 13822.89 0
1682021 33.10 99201.26 43.62 169424.22 1
1683270 32.65 99199.37 43.50 175703.50 2
1687519 32.53 99199.55 43.64 181689.14 3
1688268 32.75 99198.71 43.74 44802.24 4
1689018 32.88 99199.52 43.70 44521.74 5
1689518 32.93 99199.11 43.68 44521.74 6
1690268 33.01 99196.92 43.68 12887.64 7
1691017 33.11 99194.79 43.67 13231.34 8
1691767 33.15 99195.45 43.64 13559.32 9
1692517 33.18 99196.86 43.57 13849.82 0
1692767 33.10 99195.70 43.54 170609.80 1
1694016 32.66 99195.22 43.47 175522.80 2
1698264 32.52 99196.25 43.62 183644.19 3
1699014 32.74 99196.84 43.68 44708.35 4
1699764 32.88 99200.65 43.67 44755.25 5
1700264 32.93 99202.81 43.65 44475.33 6
1701013 33.02 99204.13 43.67 12794.88 7
1701763 33.11 99204.70 43.63 13214.95 8
1702513 33.15 99203.61 43.61 13576.58 9
1703263 33.18 99202.44 43.57 13831.86 0
1703513 33.11 99205.15 43.51 169424.22 1
1704762 32.65 99201.59 43.42 174803.69 2
1709010 32.52 99200.36 43.61 182661.44 3
1709760 32.75 99198.68 43.71 44849.34 4
1710509 32.88 99198.84 43.67 44521.74 5
1711259 32.93 99197.71 43.69 44244.73 6
1711759 33.01 99195.97 43.69 12848.83 7
1712509 33.11 99193.95 43.65 13198.60 8
1713258 33.15 99194.90 43.62 13516.37 9
1714008 33.18 99195.91 43.57 13778.26 0
1714258 33.10 99197.63 43.54 169761.27 1
1715508 32.65 99199.89 43.43 174803.69 2
1719756 32.53 99206.27 43.61 182466.14 3
1720506 32.75 99202.34 43.65 44708.35 4
1721256 32.88 99204.17 43.67 44614.85 5
1722005 32.93 99203.53 43.67 44153.16 6
1722505 33.02 99202.66 43.66 12771.90 7
1723255 33.11 99197.37 43.63 13157.89 8
1724004 33.16 99196.46 43.58 13490.73 9
1724754 33.18 99195.00 43.56 13831.86 0
1725004 33.10 99196.34 43.55 169930.30 1
1726503 32.66 99193.76 43.42 175162.50 2
1730502 32.52 99195.60 43.59 182466.14 3
1731251 32.75 99198.71 43.64 44755.25 4
1732001 32.88 99201.91 43.66 44568.25 5
1732751 32.93 99201.13 43.64 44198.89 6
1733501 33.02 99197.24 43.62 12810.25 7
1734001 33.11 99194.47 43.62 13206.77 8
1734750 33.16 99191.59 43.57 13576.58 9
1735500 33.18 99189.61 43.56 13885.88 0
1735750 33.11 99192.98 43.49 170780.52 1
1737249 32.66 99197.37 43.42 176612.63 2
1741248 32.53 99190.97 43.56 183053.27 3
1741997 32.75 99193.27 43.66 44849.34 4
1742747 32.88 99192.25 43.70 44755.25 5
1743497 32.93 99193.75 43.63 44475.33 6
1744246 33.02 99192.95 43.62 12794.88 7
1744746 33.11 99193.52 43.62 13133.59 8
1745496 33.16 99197.67 43.56 13507.81 9
1746246 33.18 99194.52 43.55 13849.82 0
1746496 33.11 99198.76 43.49 171466.84 1
1747995 32.66 99193.83 43.43 176066.03 2
1752243 32.53 99198.10 43.59 182661.44 3
1752743 32.75 99196.95 43.66 44755.25 4
1753493 32.88 99195.81 43.69 44614.85 5
1754243 32.94 99194.59 43.62 44244.73 6
1754992 33.02 99191.72 43.61 12817.95 7
1755742 33.12 99189.34 43.59 13214.95 8
1756242 33.16 99190.38 43.56 13611.23 9
1756992 33.19 99189.84 43.53 13805.00 0
1757242 33.11 99192.92 43.49 169088.50 1
1758741 32.67 99198.48 43.41 175162.50 2
1762989 32.54 99203.94 43.54 181882.77 3
1763489 32.75 99202.23 43.59 44568.25 4
1764239 32.88 99204.50 43.59 44521.74 5
1764988 32.93 99205.57 43.64 44429.02 6
1765738 33.02 99208.48 43.60 12810.25 7
1766488 33.12 99207.05 43.57 13190.44 8
1766988 33.16 99202.44 43.55 13576.58 9
1767737 33.19 99201.05 43.53 13805.00 0
1767987 33.11 99201.31 43.46 169592.58 1
1769487 32.67 99190.57 43.39 174268.20 2
1773735 32.54 99197.16 43.55 181882.77 3
1774485 32.76 99194.13 43.60 44755.25 4
1774985 32.89 99196.51 43.63 44661.55 5
1775734 32.93 99195.74 43.62 44475.33 6
1776484 33.03 99195.63 43.62 12841.09 7
1777234 33.12 99193.09 43.58 13223.14 8
1777983 33.16 99194.45 43.57 13550.71 9
1778483 33.19 99194.88 43.51 13805.00 0
1778733 33.11 99196.02 43.48 169930.30 1
1780232 32.66 99196.19 43.37 174982.91 2
1784481 32.54 99194.36 43.52 182661.44 3
1785230 32.76 99197.40 43.63 44802.24 4
1785730 32.89 99201.75 43.64 44475.33 5
1786480 32.94 99202.58 43.59 44475.33 6
1787230 33.03 99199.77 43.62 12794.88 7
1787979 33.12 99199.37 43.57 13133.59 8
1788729 33.17 99196.94 43.53 13499.26 9
1789229 33.20 99196.63 43.49 13876.84 0
1789729 33.12 99195.52 43.47 171294.75 1
1790978 32.67 99195.55 43.37 175703.50 2
1795227 32.54 99202.09 43.55 182466.14 3
1795976 32.76 99200.57 43.63 44802.24 4
1796726 32.89 99201.33 43.61 44614.85 5
1797226 32.95 99199.61 43.59 44336.68 6
1797975 33.03 99195.07 43.57 12802.56 7
1798725 33.12 99192.89 43.57 13272.50 8
1799475 33.16 99191.04 43.52 13524.94 9
1800225 33.20 99192.55 43.49 13849.82 0
1800475 33.12 99193.53 43.45 171123.00 1
1801724 32.66 99196.13 43.39 176612.63 2
1805972 32.55 99191.57 43.52 182661.44 3
1806722 32.77 99194.67 43.58 44802.24 4
1807472 32.89 99199.83 43.60 44708.35 5
1807971 32.94 99202.30 43.57 44290.66 6
1808721 33.03 99203.80 43.56 12771.90 7
1809471 33.12 99200.60 43.54 13214.95 8
1810221 33.17 99200.70 43.54 13533.52 9
1810971 33.20 99202.51 43.47 13805.00 0
1811221 33.11 99202.85 43.44 171123.00 1
1812470 32.67 99207.99 43.33 175522.80 2
1816718 32.55 99199.78 43.50 182661.44 3
1817468 32.77 99199.48 43.59 44755.25 4
1818218 32.89 99200.67 43.65 44521.74 5
1818967 32.95 99198.05 43.56 44475.33 6
1819467 33.04 99196.33 43.57 12771.90 7
1820217 33.12 99195.09 43.56 13109.38 8
1820967 33.18 99195.38 43.52 13524.94 9
1821716 33.20 99194.60 43.47 13822.89 0
1821966 33.12 99194.10 43.41 170099.67 1
1823466 32.67 99194.06 43.38 175162.50 2
1827464 32.54 99193.27 43.55 182857.14 3
1828214 32.77 99193.45 43.60 44755.25 4
1828963 32.89 99192.98 43.56 44429.02 5
1829713 32.94 99195.85 43.54 44290.66 6
1830463 33.04 99194.30 43.57 12794.88 7
1830963 33.13 99193.81 43.55 13141.68 8
1831712 33.18 99197.12 43.49 13550.71 9
1832462 33.20 99196.20 43.48 13796.08 0
1832712 33.12 99197.93 43.50 170269.38 1
1834211 32.67 99197.13 43.30 174803.69 2
1838209 32.55 99195.80 43.49 182076.81 3
1838959 32.77 99194.79 43.59 44991.21 4
1839709 32.90 99194.83 43.60 44661.55 5
1840459 32.94 99192.16 43.56 44336.68 6
1841208 33.04 99190.51 43.54 12825.65 7
1841708 33.13 99189.75 43.51 13174.15 8
1842458 33.18 99189.31 43.53 13490.73 9
1843208 33.20 99188.83 43.46 13778.26 0
1843458 33.13 99191.16 43.44 170780.52 1
1844957 32.68 99191.86 43.34 175522.80 2
1849205 32.55 99196.91 43.52 182466.14 3
1849705 32.77 99197.36 43.60 44755.25 4
1850455 32.90 99198.45 43.53 44568.25 5
1851204 32.95 99199.41 43.50 44198.89 6
1851954 33.04 99196.64 43.56 12794.88 7
1852704 33.13 99196.00 43.51 13133.59 8
1853204 33.18 99196.13 43.51 13559.32 9
1853953 33.20 99196.33 43.45 13805.00 0
1854203 33.13 99196.33 43.43 169256.20 1
1855703 32.68 99200.11 43.35 175522.80 2
1859951 32.55 99200.62 43.50 182271.27 3
1860451 32.77 99197.52 43.54 44755.25 4
1861200 32.91 99198.27 43.53 44614.85 5
1861950 32.95 99198.28 43.54 44429.02 6
1862700 33.04 99195.87 43.55 12764.26 7
1863450 33.14 99195.79 43.54 13174.15 8
1863950 33.18 99195.21 43.50 13550.71 9
1864699 33.21 99194.96 43.48 13840.83 0
1864949 33.13 99196.48 43.41 170439.42 1
1866449 32.68 99197.72 43.31 175522.80 2
1870697 32.55 99200.88 43.47 182076.81 3
1871447 32.77 99200.95 43.52 44568.25 4
1871946 32.91 99202.45 43.57 44614.85 5
1872696 32.95 99202.12 43.56 44475.33 6
1873446 33.04 99203.06 43.53 12841.09 7
1874195 33.13 99199.90 43.52 13239.55 8
1874945 33.18 99201.28 43.46 13542.11 9
1875445 33.21 99200.49 43.47 13813.94 0
1875695 33.14 99203.66 43.40 171294.75 1
1877194 32.68 99205.75 43.32 175162.50 2
1881442 32.55 99202.80 43.47 182661.44 3
1882192 32.78 99200.20 43.54 44755.25 4
1882692 32.91 99201.30 43.50 44521.74 5
1883442 32.95 99200.05 43.47 44244.73 6
1884191 33.05 99199.66 43.56 12833.37 7
1884941 33.13 99197.41 43.52 13125.51 8
1885691 33.18 99197.57 43.48 13542.11 9
1886191 33.21 99194.20 43.45 13769.36 0
1886691 33.13 99194.59 43.43 168587.42 1
1887940 32.68 99190.89 43.33 174982.91 2
1892188 32.55 99193.21 43.47 181689.14 3
1892938 32.79 99190.46 43.50 44614.85 4
1893688 32.91 99188.36 43.59 44475.33 5
1894187 32.96 99186.26 43.46 44198.89 6
1894937 33.05 99180.68 43.53 12771.90 7
1895687 33.14 99177.42 43.51 13149.78 8
1896437 33.18 99175.71 43.48 13516.37 9
1897186 33.21 99176.50 43.43 13796.08 0
1897436 33.13 99177.02 43.41 169930.30 1
1898686 32.68 99178.00 43.32 176066.03 2
1902934 32.56 99190.82 43.47 182076.81 3
1903684 32.77 99190.98 43.53 44661.55 4
1904434 32.91 99194.90 43.50 44429.02 5
1904933 32.96 99198.37 43.54 44382.80 6
1905683 33.05 99198.52 43.51 12856.57 7
1906433 33.14 99194.15 43.49 13190.44 8
1907183 33.19 99195.91 43.47 13507.81 9
1907932 33.21 99192.73 43.43 13858.81 0
1908182 33.13 99193.80 43.41 170951.59 1
1909432 32.69 99195.77 43.33 175162.50 2
1913680 32.56 99191.55 43.48 182466.14 3
1914430 32.79 99188.52 43.47 44802.24 4
1915179 32.91 99186.66 43.50 44429.02 5
1915929 32.96 99183.85 43.46 44244.73 6
1916429 33.06 99184.45 43.52 12779.55 7
1917178 33.14 99186.42 43.50 13182.29 8
1917928 33.18 99187.04 43.48 13559.32 9
1918678 33.21 99189.02 43.42 13849.82 0
1918928 33.13 99188.16 43.39 170780.52 1
1920177 32.68 99188.02 43.28 175342.47 2
1924426 32.56 99192.52 43.46 182271.27 3
1925175 32.79 99192.98 43.53 44661.55 4
1925925 32.91 99190.17 43.52 44521.74 5
1926675 32.96 99189.95 43.48 44475.33 6
1927175 33.05 99187.70 43.52 12817.95 7
1927924 33.14 99187.47 43.50 13182.29 8
1928674 33.19 99186.45 43.46 13533.52 9
1929424 33.22 99186.61 43.40 13805.00 0
1929674 33.14 99188.32 43.44 169930.30 1
1931173 32.69 99188.60 43.27 174446.34 2
1935171 32.57 99186.63 43.44 181495.92 3
1935921 32.79 99190.39 43.53 44614.85 4
1936671 32.91 99194.43 43.51 44521.74 5
1937421 32.96 99194.70 43.58 44382.80 6
1938170 33.06 99195.57 43.50 12810.25 7
1938670 33.15 99195.98 43.51 13190.44 8
1939420 33.20 99194.99 43.45 13507.81 9
1940170 33.23 99195.91 43.40 13813.94 0
1940420 33.14 99196.79 43.43 169088.50 1
1941919 32.69 99198.38 43.29 175703.50 2
1945917 32.57 99193.62 43.47 181882.77 3
1946667 32.79 99190.25 43.47 44802.24 4
1947416 32.91 99189.32 43.54 44614.85 5
1948166 32.96 99186.61 43.49 44244.73 6
1948916 33.06 99186.42 43.50 12764.26 7
1949416 33.14 99183.23 43.48 13133.59 8
1950165 33.19 99186.49 43.44 13507.81 9
1950915 33.21 99189.04 43.42 13805.00 0
1951165 33.14 99192.13 43.38 169761.27 1
1952665 32.69 99191.29 43.25 175342.47 2
1956913 32.57 99183.02 43.44 183446.80 3
1957413 32.80 99180.84 43.56 44755.25 4
1958162 32.92 99181.20 43.52 44475.33 5
1958912 32.97 99179.97 43.49 44290.66 6
1959662 33.06 99180.37 43.49 12779.55 7
1960411 33.15 99181.11 43.48 13166.02 8
1960911 33.20 99183.65 43.46 13559.32 9
1961661 33.22 99184.75 43.40 13787.16 0
1961911 33.14 99187.83 43.36 169930.30 1
1963410 32.70 99191.65 43.29 174624.83 2
1967658 32.57 99198.93 43.46 181689.14 3
1968158 32.79 99195.66 43.48 44475.33 4
1968908 32.92 99194.66 43.57 44661.55 5
1969658 32.97 99194.66 43.50 44290.66 6
1970407 33.06 99191.55 43.50 12794.88 7
1971157 33.15 99188.32 43.48 13109.38 8
1971657 33.20 99184.94 43.43 13550.71 9
1972407 33.23 99183.91 43.39 13849.82 0
1972657 33.14 99184.27 43.40 170269.38 1
1974156 32.70 99183.56 43.26 175162.50 2
1978404 32.57 99186.08 43.47 181689.14 3
1979154 32.79 99187.95 43.51 44991.21 4
1979654 32.92 99188.62 43.50 44755.25 5
1980403 32.97 99188.56 43.50 44336.68 6
1981153 33.06 99189.37 43.47 12764.26 7
1981903 33.15 99190.66 43.45 13166.02 8
1982652 33.20 99191.20 43.45 13611.23 9
1983152 33.23 99191.95 43.41 13840.83 0
1983402 33.14 99192.01 43.37 170439.42 1
1984902 32.70 99189.11 43.26 175342.47 2
1989150 32.57 99187.49 43.47 182466.14 3
1989900 32.79 99187.69 43.38 44802.24 4
1990400 32.93 99185.40 43.51 44568.25 5
1991149 32.97 99183.41 43.49 44336.68 6
1991899 33.06 99181.96 43.48 12764.26 7
1992649 33.15 99183.09 43.45 13190.44 8
1993398 33.20 99183.47 43.44 13559.32 9
1993898 33.23 99181.93 43.39 13822.89 0
1994398 33.14 99180.04 43.35 170439.42 1
1995647 32.70 99187.03 43.26 174982.91 2
1999896 32.57 99192.25 43.38 182857.14 3
2000645 32.80 99191.24 43.50 44802.24 4
2001395 32.92 99189.12 43.51 44429.02 5
2001895 32.97 99188.52 43.46 44153.16 6
2002645 33.06 99183.44 43.48 12779.55 7
2003394 33.16 99181.75 43.47 13157.89 8
2004144 33.21 99182.58 43.42 13490.73 9
2004894 33.23 99184.30 43.37 13778.26 0
2005144 33.14 99185.07 43.31 171123.00 1
2006393 32.70 99188.01 43.26 174803.69 2
2010641 32.57 99187.34 43.40 183053.27 3
2011391 32.79 99185.78 43.49 44849.34 4
2012141 32.93 99186.87 43.44 44661.55 5
2012641 32.97 99186.68 43.41 44244.73 6
2013390 33.07 99186.56 43.47 12833.37 7
2014140 33.16 99187.52 43.46 13141.68 8
2014890 33.21 99189.41 43.42 13533.52 9
2015639 33.23 99188.71 43.36 13822.89 0
2015889 33.16 99189.64 43.35 169256.20 1
2017139 32.70 99189.55 43.26 174803.69 2
2021387 32.59 99187.45 43.38 181882.77 3
2022137 32.80 99184.95 43.43 44708.35 4
2022886 32.93 99186.49 43.51 44429.02 5
2023636 32.98 99185.76 43.41 44198.89 6
2024136 33.07 99184.95 43.45 12810.25 7
2024886 33.16 99187.13 43.45 13157.89 8
2025635 33.21 99185.85 43.43 13465.18 9
2026385 33.23 99184.81 43.38 13769.36 0
2026635 33.15 99184.42 43.30 168089.30 1
2027885 32.70 99187.09 43.26 173913.05 2
2032133 32.58 99188.36 43.37 182271.27 3
2032883 32.80 99187.45 43.43 44708.35 4
2033632 32.93 99187.09 43.49 44661.55 5
2034382 32.98 99186.62 43.48 44382.80 6
2034882 33.07 99185.83 43.47 12779.55 7
2035632 33.16 99185.82 43.42 13141.68 8
2036381 33.20 99185.71 43.42 13473.68 9
2037131 33.23 99186.05 43.37 13769.36 0
2037381 33.16 99188.50 43.29 168921.14 1
2038880 32.71 99188.00 43.27 174090.45 2
2042879 32.58 99187.70 43.45 182076.81 3
2043629 32.80 99187.37 43.48 44614.85 4
2044378 32.93 99187.09 43.48 44614.85 5
2045128 32.98 99185.41 43.47 44336.68 6
2045878 33.07 99186.17 43.45 12779.55 7
2046378 33.17 99185.00 43.45 13174.15 8
2047127 33.21 99184.07 43.40 13524.94 9
2047877 33.23 99187.44 43.36 13840.83 0
2048127 33.16 99187.09 43.37 169761.27 1
2049627 32.70 99188.06 43.22 175703.50 2
2053625 32.58 99178.41 43.40 182466.14 3
2054374 32.80 99177.01 43.43 44661.55 4
2055124 32.93 99176.31 43.46 44475.33 5
2055874 32.98 99177.27 43.46 44244.73 6
2056624 33.07 99179.50 43.45 12794.88 7
2057123 33.16 99180.55 43.41 13149.78 8
2057873 33.21 99178.68 43.39 13490.73 9
2058623 33.23 99179.21 43.35 13760.48 0
2058873 33.16 99181.72 43.31 169256.20 1
2060372 32.71 99182.85 43.26 174982.91 2
2064620 32.58 99183.98 43.36 181495.92 3
2065120 32.80 99182.13 43.50 44614.85 4
2065870 32.93 99181.47 43.51 44521.74 5
2066620 32.98 99180.41 43.41 44153.16 6
2067369 33.07 99181.09 43.46 12810.25 7
2068119 33.16 99182.27 43.42 13141.68 8
2068619 33.21 99184.77 43.39 13516.37 9
2069369 33.24 99184.73 43.36 13689.84 0
2069619 33.16 99184.63 43.32 169424.22 1
2071118 32.71 99185.07 43.27 174982.91 2
2075366 32.58 99182.79 43.40 181303.11 3
2075866 32.80 99182.03 43.45 44614.85 4
2076616 32.94 99184.45 43.43 44382.80 5
2077366 32.98 99181.86 43.51 44244.73 6
2078115 33.07 99183.52 43.44 12756.63 7
2078865 33.16 99184.21 43.41 13109.38 8
2079365 33.21 99184.80 43.39 13524.94 9
2080114 33.23 99186.41 43.33 13769.36 0
2080364 33.16 99188.22 43.32 169424.22 1
2081864 32.71 99189.42 43.23 174624.83 2
2086112 32.59 99194.84 43.41 181882.77 3
2086862 32.80 99194.13 43.39 44661.55 4
2087361 32.93 99196.21 43.46 44475.33 5
2088111 32.98 99193.43 43.44 44107.51 6
2088861 33.07 99194.11 43.43 12726.19 7
2089611 33.16 99190.77 43.41 13149.78 8
2090360 33.21 99189.94 43.39 13490.73 9
2090860 33.24 99190.28 43.35 13654.79 0
2091110 33.16 99190.47 43.34 168921.14 1
2092610 32.71 99191.98 43.24 174446.34 2
2096858 32.58 99195.45 43.37 181495.92 3
2097608 32.80 99194.54 43.44 44614.85 4
2098107 32.94 99194.28 43.49 44244.73 5
2098857 32.98 99194.64 43.47 44153.16 6
2099607 33.07 99194.01 43.42 12779.55 7
2100357 33.16 99192.09 43.42 13109.38 8
2101106 33.21 99192.50 43.39 13507.81 9
2101606 33.24 99191.04 43.35 13769.36 0
2102106 33.17 99193.42 43.29 170269.38 1
2103356 32.71 99194.80 43.23 175522.80 2
2107604 32.59 99192.07 43.36 181303.11 3
2108353 32.81 99190.12 43.45 44661.55 4
2109103 32.94 99189.18 43.45 44661.55 5
2109603 32.98 99189.05 43.46 44198.89 6
2110353 33.07 99188.62 43.43 12749.00 7
2111103 33.16 99187.31 43.42 13157.89 8
2111852 33.21 99187.63 43.40 13499.26 9
2112602 33.24 99187.01 43.35 13805.00 0
2112852 33.16 99186.38 43.28 170609.80 1
2114101 32.72 99189.45 43.20 174624.83 2
2118350 32.59 99179.59 43.36 182271.27 3
2119099 32.80 99178.14 43.44 44661.55 4
2119849 32.94 99176.67 43.38 44661.55 5
2120349 32.99 99177.37 43.39 44244.73 6
2121099 33.08 99181.17 43.41 12794.88 7
2121848 33.17 99182.27 43.40 13174.15 8
2122598 33.21 99183.75 43.37 13567.95 9
2123348 33.25 99184.52 43.33 13831.86 0
2123598 33.16 99185.48 43.30 169930.30 1
2124847 32.72 99190.60 43.23 174982.91 2
2129095 32.59 99192.05 43.35 182661.44 3
2129845 32.81 99188.41 43.44 44755.25 4
2130595 32.93 99187.20 43.46 44568.25 5
2131345 32.98 99187.75 43.39 44061.96 6
2131845 33.08 99186.58 43.39 12833.37 7
2132594 33.17 99185.45 43.40 13174.15 8
2133344 33.21 99189.05 43.37 13542.11 9
2134094 33.24 99190.27 43.33 13813.94 0
2134344 33.17 99190.49 43.25 171123.00 1
2135593 32.71 99193.20 43.19 174982.91 2
2139841 32.59 99205.74 43.32 181689.14 3
2140591 32.81 99206.66 43.46 44614.85 4
2141341 32.94 99206.92 43.41 44521.74 5
2142090 32.99 99205.86 43.40 44336.68 6
2142590 33.08 99199.95 43.42 12794.88 7
2143340 33.17 99199.02 43.37 13093.29 8
2144090 33.22 99196.80 43.34 13533.52 9
2144839 33.24 99194.95 43.33 13769.36 0
2145089 33.16 99194.66 43.25 170099.67 1
2146589 32.71 99194.30 43.18 174982.91 2
2150587 32.59 99192.64 43.35 181882.77 3
2151337 32.81 99190.38 43.38 44614.85 4
2152086 32.94 99186.98 43.43 44755.25 5
2152836 32.98 99182.50 43.36 44153.16 6
2153586 33.08 99183.89 43.38 12741.39 7
2154086 33.18 99180.98 43.39 13214.95 8
2154835 33.22 99180.76 43.36 13542.11 9
2155585 33.24 99181.92 43.32 13778.26 0
2155835 33.17 99182.91 43.28 169592.58 1
2157334 32.72 99188.89 43.21 174982.91 2
2161333 32.59 99182.40 43.36 181495.92 3
2162082 32.81 99183.75 43.41 44661.55 4
2162832 32.94 99182.82 43.45 44336.68 5
2163582 32.99 99182.72 43.38 44336.68 6
2164332 33.08 99185.34 43.41 12787.21 7
2164831 33.18 99185.70 43.37 13157.89 8
2165581 33.23 99187.93 43.34 13499.26 9
2166331 33.25 99187.13 43.32 13778.26 0
2166581 33.17 99188.66 43.24 169761.27 1
2168080 32.72 99187.46 43.19 174268.20 2
2172328 32.59 99188.94 43.29 183249.83 3
2172828 32.81 99189.12 43.44 44755.25 4
2173578 32.95 99189.94 43.40 44568.25 5
2174327 32.99 99190.82 43.38 44198.89 6
2175077 33.09 99189.21 43.38 12779.55 7
2175827 33.18 99189.93 43.38 13133.59 8
2176327 33.22 99190.97 43.37 13516.37 9
2177076 33.25 99190.59 43.28 13822.89 0
2177326 33.17 99191.64 43.27 170099.67 1
21