=~=~=~=~=~=~=~=~=~=~=~= PuTTY log 2024.11.22 01:17:56 =~=~=~=~=~=~=~=~=~=~=~=
4150807 28.88 99298.69 28.65 102400000.00 3
4151556 29.11 99299.27 28.91 10832397.00 4
4152056 29.23 99299.05 28.93 10429026.00 5
4152806 29.28 99299.73 28.92 10063882.00 6
4153556 29.35 99300.99 28.93 905793.88 7
4154305 29.43 99298.41 28.93 951894.00 8
4155055 29.47 99297.73 28.93 972228.81 4365723 29.91 99482.89 36.60 2124481.25 3
4366223 30.14 99486.83 36.70 313341.50 4
4366972 30.26 99491.67 36.78 314206.81 5
4367722 30.31 99493.50 36.82 314206.81 6
4368472 30.40 99500.72 36.84 71628.43 7
4369222 30.49 99504.42 36.85 72727.27 8
4369721 30.54 99510.21 36.87 73478.76 9
4370471 30.57 99514.81 36.85 73605.52 0
4370721 30.50 99516.74 36.90 2560800.25 1
4372220 30.09 99519.82 36.72 2103209.25 2
4376469 30.00 99530.86 37.18 1754551.25 3
4376969 30.22 99531.66 37.24 271690.09 4
4377718 30.35 99534.72 37.32 275416.91 5
4378468 30.40 99536.81 37.31 274751.81 6
4379218 30.49 99537.59 37.32 64000.00 7
4379967 30.58 99543.79 37.33 65624.20 8
4380467 30.63 99544.81 37.35 65826.69 9
4381217 30.66 99545.34 37.36 66235.45 0
4381467 30.60 99548.23 37.28 2116249.00 1
4382966 30.18 99549.11 37.40 1769330.50 2
4387215 30.08 99570.20 37.66 1515914.13 3
4387715 30.30 99571.05 37.71 245504.67 4
4388464 30.43 99575.05 37.71 246746.98 5
4389214 30.49 99577.75 37.75 247462.55 6
4389964 30.56 99582.30 37.77 58195.04 7
4390713 30.66 99583.35 37.77 59576.45 8
4391213 30.70 99582.96 37.76 60420.11 9
4391963 30.73 99587.02 37.77 60634.77 0
4392213 30.66 99587.52 37.86 1803213.75 1
4393712 30.26 99591.20 37.77 1526080.50 2
4397960 30.14 99601.24 38.02 1316195.38 3
4398460 30.37 99604.94 38.01 221309.70 4
4399210 30.50 99609.83 38.11 225252.97 5
4399960 30.55 99613.71 38.09 226148.41 6
4400710 30.64 99618.18 38.12 53388.95 7
4401459 30.73 99626.24 38.12 54479.68 8
4401959 30.77 99626.88 38.14 55363.32 9
4402709 30.80 99629.40 38.12 55761.27 0
4402959 30.72 99629.22 38.09 1562762.25 1
4404458 30.32 99633.43 37.99 1320012.88 2
4408706 30.21 99640.91 38.28 1178705.00 3
4409206 30.44 99643.13 38.39 204840.97 4
4409956 30.57 99645.88 38.42 208724.02 5
4410706 30.62 99645.41 38.41 207707.91 6
4411455 30.71 99650.45 38.47 49660.52 7
4412205 30.79 99647.59 38.45 50783.57 8
4412705 30.84 99649.41 38.45 51832.36 9
4413455 30.87 99652.10 38.44 52053.68 0
4413705 30.79 99651.85 38.46 1358090.13 1
4415204 30.38 99648.12 38.33 1178705.00 2
4419452 30.28 99659.34 38.61 1058124.50 3
4419952 30.50 99661.38 38.67 185641.77 4
4420702 30.63 99664.90 38.74 192481.20 5
4421451 30.68 99668.53 38.72 194344.28 6
4422201 30.77 99669.95 38.72 45519.20 7
4422951 30.86 99672.54 38.72 46766.53 8
4423451 30.90 99675.08 38.75 48475.67 9
4424200 30.93 99678.45 38.71 48920.31 0
4424450 30.86 99679.05 38.76 1224148.25 1
4425950 30.44 99681.85 38.61 1071409.88 2
4430198 30.34 99698.16 38.92 979201.50 3
4430698 30.56 99700.27 38.94 175162.50 4
4431447 30.69 99701.67 38.97 178086.95 5
4432197 30.74 99704.59 38.98 179397.34 6
4432947 30.82 99707.77 38.97 43301.76 7
4433697 30.91 99709.65 38.99 44244.73 8
4434197 30.96 99712.34 38.97 44991.21 9
4434946 30.99 99712.13 38.95 45133.99 0
4435196 30.92 99713.21 38.95 1104340.75 1
4436696 30.50 99712.64 38.87 968779.56 2
4440944 30.39 99727.52 39.08 896280.06 3
4441444 30.61 99727.88 39.17 164524.42 4
4442193 30.75 99731.22 39.26 167101.83 5
4442943 30.79 99730.40 39.14 170099.67 6
4443693 30.87 99732.53 39.20 40583.39 7
4444442 30.97 99734.68 39.21 41939.71 8
4444942 31.01 99733.98 39.19 42652.45 9
4445692 31.04 99735.96 39.17 43083.14 0
4445942 30.97 99735.96 39.18 1005153.38 1
4447441 30.56 99737.48 39.03 893932.75 2
4451689 30.45 99745.30 39.31 836943.19 3
4452189 30.67 99747.25 39.38 156383.63 4
4452939 30.79 99747.20 39.41 159601.00 5
4453689 30.84 99749.94 39.39 161412.36 6
4454438 30.93 99751.34 39.39 38988.73 7
4455188 31.02 99753.27 39.38 40050.06 8
4455688 31.07 99754.93 39.38 40622.02 9
4456438 31.09 99758.77 39.35 41250.40 0
4456688 31.02 99759.91 39.32 941392.81 1
4458187 30.61 99767.44 39.25 840032.81 2
4462435 30.50 99760.67 39.43 785878.75 3
4462935 30.71 99760.24 39.55 149401.81 4
4463685 30.84 99762.49 39.54 153018.53 5
4464435 30.89 99761.13 39.54 154823.11 6
4465184 30.98 99761.98 39.56 37613.87 7
4465934 31.07 99764.10 39.56 38254.63 8
4466434 31.12 99763.65 39.56 39024.39 9
4467183 31.14 99767.35 39.54 39421.00 0
4467433 31.07 99766.93 39.50 869454.44 1
4468933 30.66 99769.85 39.41 781828.56 2
4473181 30.55 99765.58 39.59 736161.06 3
4473681 30.76 99765.89 39.70 143256.86 4
4474430 30.89 99766.36 39.74 146453.09 5
4475180 30.95 99768.05 39.71 147592.97 6
4475930 31.03 99769.33 39.75 35934.87 7
4476680 31.12 99771.13 39.73 36898.24 8
4477180 31.16 99774.14 39.68 37547.67 9
4477929 31.19 99773.14 39.67 38049.94 0
4478179 31.13 99774.77 39.61 810607.56 1
4479679 30.70 99775.79 39.57 732213.06 2
4483927 30.60 99783.66 39.73 703538.31 3
4484427 30.81 99784.28 39.80 138042.59 4
4485176 30.94 99785.54 39.84 141241.38 5
4485926 30.99 99788.23 39.85 143136.70 6
4486676 31.07 99789.14 39.84 34707.16 7
4487425 31.16 99792.30 39.85 35516.09 8
4487925 31.20 99792.58 39.86 36363.64 9
4488675 31.24 99791.88 39.81 36739.38 0
4488925 31.15 99790.29 39.71 764321.69 1
4490424 30.74 99792.84 39.62 695652.19 2
4494672 30.63 99804.64 39.95 671035.38 3
4495172 30.85 99800.92 39.98 133090.72 4
4495922 30.98 99800.91 39.99 136715.63 5
4496672 31.03 99800.24 39.96 138941.66 6
4497421 31.11 99799.61 39.95 33693.08 7
4498171 31.20 99800.73 39.96 34427.11 8
4498671 31.25 99799.50 39.96 35222.89 9
4499421 31.28 99798.63 39.89 35605.01 0
4499671 31.21 99798.17 39.90 720619.31 1
4501170 30.80 99797.18 39.80 663212.44 2
4505418 30.68 99799.77 39.92 643822.69 3
4505918 30.89 99799.53 40.07 128967.26 4
4506668 31.02 99800.88 40.10 132676.86 5
4507417 31.07 99802.84 40.06 134878.81 6
4508167 31.16 99802.40 40.07 32636.41 7
4508917 31.24 99804.94 40.05 33586.98 8
4509417 31.30 99807.17 40.06 34206.31 9
4510166 31.32 99810.63 40.04 34707.16 0
4510416 31.25 99811.92 39.98 683806.38 1
4511916 30.81 99807.46 39.91 634841.94 2
4516164 30.70 99806.95 40.14 626108.25 3
4516664 30.93 99806.25 40.16 125459.45 4
4517413 31.06 99805.20 40.14 128869.88 5
4518163 31.12 99807.55 40.17 131248.39 6
4518913 31.19 99807.98 40.18 31976.02 7
4519662 31.28 99812.09 40.14 32586.56 8
4520162 31.34 99816.55 40.14 33376.79 9
4520912 31.36 99814.64 40.12 33719.70 0
4521162 31.28 99815.59 40.10 656831.31 1
4522661 30.86 99811.88 40.03 610978.50 2
4526909 30.75 99803.58 40.18 606635.06 3
4527409 30.97 99804.73 40.22 121962.84 4
4528159 31.10 99804.68 40.27 125829.45 5
4528909 31.16 99807.55 40.23 126764.05 6
4529658 31.23 99806.85 40.23 30977.73 7
4530408 31.33 99809.22 40.23 31809.14 8
4530908 31.37 99810.36 40.20 32413.27 9
4531657 31.39 99812.41 40.18 33066.39 0
4531907 31.32 99811.88 40.14 626683.00 1
4533407 30.90 99811.81 40.10 589861.75 2
4537655 30.79 99803.13 40.20 587324.38 3
4538155 31.01 99802.43 40.29 118986.75 4
4538904 31.14 99800.27 40.31 122576.01 5
4539654 31.19 99801.91 40.31 124634.86 6
4540404 31.27 99802.52 40.27 30644.00 7
4541154 31.36 99804.02 40.27 31411.04 8
4541654 31.40 99804.53 40.25 31714.57 9
4542403 31.43 99802.59 40.24 32413.27 0
4542653 31.35 99803.25 40.20 601291.81 1
4544153 30.92 99803.69 40.05 570155.88 2
4548401 30.82 99809.96 40.29 566371.69 3
4548900 31.03 99809.25 40.36 116788.32 4
4549650 31.17 99810.33 40.35 119654.13 5
4550400 31.21 99810.43 40.35 122576.01 6
4551150 31.30 99811.92 40.34 29663.96 7
4551899 31.39 99812.64 40.35 30644.00 8
4552399 31.44 99813.82 40.32 31090.60 9
4553149 31.46 99815.42 40.31 31809.14 0
4553399 31.39 99815.63 40.33 585812.38 1
4554898 30.96 99811.38 40.22 553065.06 2
4559147 30.86 99799.91 40.37 555314.56 3
4559896 31.07 99798.19 40.42 114515.77 4
4560396 31.20 99797.30 40.33 117755.29 5
4561146 31.25 99798.59 40.36 120329.02 6
4561895 31.34 99800.91 40.38 29378.01 7
4562645 31.42 99800.62 40.37 29892.57 8
4563145 31.46 99800.16 40.35 30600.05 9
4563895 31.50 99801.58 40.33 31090.60 0
4564145 31.42 99800.34 40.34 563566.31 1
4565644 31.00 99795.80 40.29 537815.13 2
4569892 30.88 99790.63 40.37 543380.19 3
4570642 31.10 99790.38 40.40 112182.30 4
4571142 31.23 99792.78 40.43 115133.80 5
4571892 31.29 99791.49 40.45 117593.02 6
4572641 31.37 99792.17 40.44 28920.02 7
4573391 31.45 99790.80 40.40 29602.22 8
4574141 31.50 99787.70 40.38 30061.06 9
4574641 31.52 99791.82 40.38 30447.19 0
4574891 31.45 99791.52 40.28 546424.75 1
4576390 31.02 99793.37 40.24 525802.31 2
4580638 30.91 99795.84 40.46 527427.25 3
4581388 31.13 99793.78 40.45 110226.05 4
4581888 31.26 99794.09 40.49 113980.41 5
4582637 31.32 99793.01 40.47 116390.09 6
4583387 31.39 99790.52 40.46 28400.27 7
4584137 31.48 99788.12 40.44 29038.11 8
4584886 31.52 99783.85 40.43 29746.69 9
4585386 31.55 99785.45 40.40 30167.33 0
4585636 31.48 99787.05 40.34 530295.19 1
4587136 31.05 99786.27 40.26 511616.28 2
4591384 30.93 99791.05 40.43 520987.03 3
4592134 31.16 99790.13 40.48 108336.86 4
4592633 31.29 99788.97 40.50 111668.48 5
4593383 31.34 99785.66 40.51 113525.50 6
4594133 31.42 99781.31 40.49 27972.03 7
4594883 31.50 99777.18 40.46 28609.75 8
4595632 31.55 99776.80 40.45 29337.61 9
4596132 31.57 99774.85 40.40 29705.27 0
4596382 31.50 99776.73 40.34 519401.47 1
4597881 31.08 99776.45 40.26 501469.16 2
4602130 30.97 99771.16 40.43 505928.84 3
4602879 31.18 99770.98 40.50 106511.34 4
4603379 31.32 99771.01 40.51 110083.85 5
4604129 31.37 99771.02 40.52 113450.03 6
4604879 31.45 99769.87 40.47 27717.63 7
4605628 31.53 99770.28 40.47 28249.83 8
4606378 31.57 99768.86 40.45 28802.88 9
4606878 31.61 99768.67 40.42 29177.11 0
4607128 31.54 99770.01 40.44 508188.59 1
4608628 31.10 99767.93 40.28 490304.03 2
4612876 30.98 99770.16 40.45 497087.38 3
4613625 31.21 99770.64 40.49 104746.32 4
4614125 31.34 99770.95 40.55 108751.06 5
4614875 31.39 99772.32 40.53 111522.55 6
4615625 31.47 99773.59 40.50 27170.45 7
4616375 31.55 99773.55 40.52 27862.43 8
4617124 31.60 99770.17 40.47 28476.08 9
4617624 31.63 99768.37 40.42 28861.33 0
4618124 31.55 99768.05 40.42 498903.78 1
4619374 31.13 99765.61 40.34 479962.50 2
4623622 31.02 99754.95 40.56 490656.44 3
4624371 31.23 99757.40 40.49 104939.54 4
4624871 31.36 99758.08 40.52 107721.44 5
4625621 31.41 99756.58 40.51 110083.85 6
4626371 31.49 99755.23 40.52 27049.87 7
4627121 31.58 99753.84 40.53 27503.22 8
4627870 31.63 99752.16 40.50 28175.21 9
4628370 31.65 99753.15 40.45 28514.15 0
4628870 31.58 99753.80 40.41 486114.41 1
4630120 31.15 99750.83 40.34 473964.38 2
4634368 31.04 99741.30 40.46 484389.78 3
4635117 31.26 99741.80 40.46 103163.41 4
4635617 31.38 99742.38 40.53 107112.97 5
4636367 31.43 99742.00 40.58 109168.45 6
4637117 31.52 99742.87 40.49 26661.11 7
4637867 31.61 99743.23 40.52 27239.84 8
4638616 31.65 99742.13 40.49 27862.43 9
4639116 31.68 99742.20 40.44 28156.62 0
4639616 31.60 99741.83 40.37 474623.41 1
4640865 31.18 99743.78 40.27 460224.72 2
4645114 31.05 99741.95 40.42 476279.06 3
4645863 31.28 99738.15 40.54 101205.77 4
4646363 31.41 99737.04 40.56 105523.49 5
4647113 31.46 99734.59 40.54 107315.03 6
4647863 31.54 99733.55 40.48 26364.57 7
4648612 31.63 99733.95 40.46 26947.37 8
4649362 31.67 99734.61 40.47 27467.81 9
4649862 31.70 99734.55 40.40 27935.40 0
4650362 31.62 99732.17 40.46 464926.22 1
4651611 31.20 99732.31 40.28 454404.25 2
4655859 31.07 99734.04 40.58 469079.25 3
4656609 31.30 99732.54 40.50 100490.68 4
4657359 31.43 99731.87 40.53 102976.67 5
4657859 31.48 99729.38 40.52 106048.05 6
4658608 31.56 99731.04 40.51 26138.45 7
4659358 31.65 99728.13 40.49 26828.76 8
4660108 31.69 99725.38 40.44 27222.46 9
4660608 31.72 99724.09 40.43 27610.01 0
4661107 31.65 99724.24 40.44 454404.25 1
4662357 31.23 99720.01 40.28 449024.34 2
4666605 31.11 99715.27 40.44 463034.13 3
4667355 31.32 99710.53 40.51 98975.45 4
4668105 31.45 99711.37 40.52 102790.60 5
4668605 31.50 99708.83 40.52 104939.54 6
4669354 31.58 99709.68 40.51 25853.36 7
4670104 31.67 99709.48 40.50 26380.87 8
4670854 31.71 99710.10 40.47 26879.46 9
4671603 31.74 99707.97 40.41 27309.58 0
4671853 31.66 99708.22 40.40 450505.94 1
4673103 31.25 99706.25 40.24 443482.03 2
