=~=~=~=~=~=~=~=~=~=~=~= PuTTY log 2024.11.22 00:43:06 =~=~=~=~=~=~=~=~=~=~=~=
2183074 32.59 99189.71 43.34 181882.77 3
2183574 32.82 99189.88 43.29 44661.55 4
2184323 32.95 99192.09 43.39 44521.74 5
2185073 32.99 99189.48 43.42 44290.66 6
2185823 33.08 99180.51 43.38 12764.26 7
2186573 33.16 99188.63 43.36 13174.15 8
2187072 33.21 99191.39 43.33 13482.20 9
2187822 32280035 31.50 98715.52 29.48 1051604.63 3
2280535 31.72 98714.67 29.61 181882.77 4
2281285 31.84 98713.54 29.61 183644.19 5
2282035 31.88 98713.16 29.62 183053.27 6
2282784 31.95 98713.50 29.55 46159.39 7
2283284 32.02 98708.88 29.51 49660.52 8
2284034 32.07 98703.07 29.47 52308.95 9
2284784 32.08 98695.00 29.45 54584.22 0
2285034 32.01 98694.14 29.35 1746695.13 1
2286533 31.55 98686.23 29.28 1540718.50 2
2290781 31.39 98688.01 29.42 1308626.25 3
2291281 31.60 98688.49 29.36 219318.91 4
2292031 31.71 98690.53 29.37 219742.48 5
2292781 31.77 98695.85 29.34 219459.92 6
2293530 31.84 98695.30 29.28 55363.32 7
2294280 31.91 98695.07 29.23 59451.93 8
2294780 31.95 98689.27 29.19 63194.27 9
2295529 31.96 98688.66 29.14 65725.29 0
2295779 31.89 98689.36 29.21 2495278.75 1
2297279 31.45 98687.73 28.97 2173520.75 2
2301527 31.27 98676.73 28.84 1827347.75 3
2302027 31.48 98679.22 28.89 276981.34 4
2302776 31.60 98680.98 28.92 276756.75 5
2303526 31.64 98682.16 28.89 274973.16 6
2304276 31.71 98684.33 28.85 64386.32 7
2305026 31.79 98689.78 28.85 68467.51 8
2305526 31.83 98690.10 28.83 71869.73 9
2306275 31.84 98691.05 28.80 74766.35 0
2306525 31.76 98689.58 28.70 3200625.00 1
2308025 31.34 98693.18 28.71 2721594.75 2
2312273 31.17 98689.38 28.83 2269252.00 3
2313023 31.37 98689.99 29.01 325596.19 4
2313522 31.49 98693.52 29.06 321911.34 5
2314272 31.52 98691.94 29.02 320701.53 6
2315022 31.59 98689.82 29.04 73478.76 7
2315772 31.67 98688.97 29.02 78263.53 8
2316521 31.71 98694.19 29.01 81476.77 9
2317021 31.72 98695.68 28.98 84377.06 0
2317271 31.66 98698.05 28.88 4008808.50 1
2318771 31.22 98692.73 29.00 3453625.75 2
2323019 31.04 98689.77 28.98 2746228.75 3
2323768 31.26 98693.16 28.98 382589.19 4
2324268 31.38 98693.52 28.95 377302.88 5
2325018 31.42 98693.60 28.99 363765.53 6
2325768 31.49 98693.52 28.98 81946.23 7
2326517 31.56 98696.41 28.97 87223.17 8
2327267 31.61 98693.45 28.95 90844.57 9
2327767 31.62 98691.66 28.93 96349.27 0
2328267 31.55 98691.30 28.89 4931968.50 1
2329516 31.11 98686.70 28.84 4203181.00 2
2333765 30.95 98707.48 28.97 3429767.75 3
2334515 31.16 98705.98 28.94 440619.63 4
2335014 31.28 98702.90 28.95 437233.13 5
2335764 31.32 98701.77 28.98 431976.38 6
2336514 31.39 98702.78 29.00 91233.07 7
2337264 31.47 98705.53 29.03 98234.84 8
2338013 31.50 98707.40 29.06 102481.98 9
2338513 31.52 98706.55 29.05 106312.29 0
2339013 31.46 98706.77 29.15 5934082.00 1
2340262 31.02 98698.44 29.12 4986001.00 2
2344510 30.85 98702.13 29.18 4026542.25 3
2345260 31.06 98700.66 29.33 497087.38 4
2346010 31.18 98702.05 29.37 485768.50 5
2346510 31.22 98704.68 29.43 480638.34 6
2347259 31.30 98709.23 29.40 102236.42 7
2348009 31.38 98712.16 29.38 107045.79 8
2348759 31.41 98711.34 29.37 112108.60 9
2349508 31.43 98712.97 29.38 116948.38 0
2349758 31.36 98712.52 29.33 7104943.50 1
2351008 30.92 98711.39 29.28 6020209.50 2
2355256 30.77 98727.29 29.23 4755878.00 3
2356006 30.98 98724.84 29.45 557127.31 4
2356756 31.10 98726.08 29.45 549946.31 5
2357256 31.14 98726.95 29.44 536547.00 6
2358005 31.21 98726.32 29.49 111668.48 7
2358755 31.29 98727.59 29.50 117350.45 8
2359505 31.34 98731.27 29.51 122400.19 9
2360254 31.35 98732.48 29.48 126295.02 0
2360504 31.27 98731.95 29.48 8329435.50 1
2361754 30.84 98726.85 29.55 6995730.00 2
2366002 30.68 98741.70 29.55 5492457.50 3
2366752 30.90 98739.88 29.55 618731.13 4
2367501 31.01 98740.93 29.57 605558.81 5
2368001 31.05 98743.91 29.53 598655.38 6
2368751 31.13 98748.16 29.53 121962.84 7
2369501 31.21 98747.45 29.49 129751.65 8
2370250 31.25 98748.48 29.46 136278.95 9
2371000 31.27 98749.78 29.43 140891.58 0
2371250 31.20 98751.61 29.58 10272100.00 1
2372499 30.76 98755.75 29.34 8511169.00 2
2376748 30.60 98753.20 29.46 6761865.50 3
2377497 30.81 98754.23 29.36 719101.13 4
2378247 30.94 98754.09 29.41 692125.69 5
2378997 30.98 98756.33 29.40 679721.19 6
2379497 31.05 98757.45 29.38 133194.59 7
2380246 31.13 98761.59 29.41 139509.53 8
2380996 31.17 98763.16 29.39 145578.63 9
2381746 31.19 98762.20 29.41 149926.80 0
2381996 31.12 98765.84 29.19 11566537.00 1
2383245 30.69 98765.67 29.28 9536671.00 2
2387493 30.54 98772.55 29.52 7588698.50 3
2388243 30.74 98774.56 29.59 772976.06 4
2388993 30.86 98777.23 29.64 763466.94 5
2389742 30.90 98777.61 29.65 738550.31 6
2390242 30.97 98774.05 29.60 143860.64 7
2390992 31.05 98773.26 29.58 153846.16 8
2391742 31.09 98772.76 29.55 158858.20 9
2392491 31.12 98772.81 29.47 164683.17 0
2392741 31.04 98773.35 29.42 13982505.00 1
2393991 30.61 98780.95 29.38 11481430.00 2
2398239 30.45 98797.94 29.30 9017061.00 3
2398989 30.67 98797.79 29.22 880103.13 4
2399738 30.79 98797.95 29.18 860685.00 5
2400488 30.83 98800.07 29.20 845756.75 6
2400988 30.90 98803.61 29.18 154963.69 7
2401738 30.98 98805.48 29.15 164842.23 8
2402487 31.02 98806.77 29.09 172158.70 9
2403237 31.04 98805.95 29.04 177531.20 0
2403487 30.97 98808.64 29.06 15906796.00 1
2404986 30.53 98804.10 28.86 13374694.00 2
2408985 30.38 98796.88 28.89 10291457.00 3
2409734 30.59 98795.59 29.00 974310.19 4
2410484 30.72 98797.01 29.01 948587.31 5
2411234 30.76 98802.55 29.00 926696.81 6
2411983 30.83 98805.82 28.97 166125.89 7
2412483 30.91 98812.31 28.98 176795.58 8
2413233 30.95 98817.95 28.96 182466.14 9
2413983 30.96 98818.73 28.92 191401.88 0
2414233 30.89 98817.97 28.85 17741202.00 1
2415732 30.46 98817.38 28.77 14667860.00 2
2419730 30.32 98837.21 28.97 11350191.00 3
2420480 30.52 98837.33 28.94 1044365.13 4
2421230 30.65 98838.87 28.92 1017134.31 5
2421979 30.69 98832.50 28.93 993451.38 6
2422729 30.76 98831.42 28.92 179020.98 7
2423229 30.84 98829.87 28.91 195121.95 8
2423979 30.88 98833.18 28.88 203255.27 9
2424729 30.89 98837.72 28.86 209492.64 0
2424979 30.82 98834.55 28.74 20818298.00 1
2426478 30.39 98834.25 28.71 17555854.00 2
2430476 30.25 98854.95 28.49 13727692.00 3
2431226 30.46 98855.84 28.80 1183815.00 4
2431976 30.58 98861.31 28.81 1149915.75 5
2432725 30.62 98861.57 28.84 1126202.88 6
2433475 30.69 98861.38 28.84 197721.56 7
2433975 30.77 98857.19 28.82 209621.30 8
2434725 30.81 98853.05 28.81 218057.92 9
2435475 30.83 98853.68 28.81 225104.42 0
2435725 30.76 98856.21 28.65 23430818.00 1
2437224 30.33 98852.64 28.80 19603948.00 2
2441222 30.18 98852.15 28.75 15391264.00 3
2441972 30.40 98854.41 28.82 1279200.50 4
2442722 30.52 98860.34 28.86 1243095.63 5
2443471 30.56 98862.11 28.87 1202583.63 6
2444221 30.63 98863.10 28.85 207707.91 7
2444721 30.71 98860.18 28.87 221741.02 8
2445471 30.75 98859.98 28.85 229031.53 9
2446221 30.77 98859.21 28.82 235510.58 0
2446470 30.70 98860.56 28.73 26266934.00 1
2447970 30.27 98864.66 28.71 21515430.00 2
2452218 30.13 98876.38 28.89 16864642.00 3
2452718 30.34 98875.55 29.05 1362155.00 4
2453467 30.46 98873.52 29.08 1325137.50 5
2454217 30.50 98876.80 29.11 1281602.00 6
2454967 30.57 98874.00 29.12 221166.31 7
2455717 30.66 98878.16 29.16 234217.75 8
2456217 30.70 98875.85 29.17 244800.38 9
2456966 30.71 98876.28 29.17 252403.25 0
2457216 30.64 98876.77 29.16 29534024.00 1
2458715 30.21 98878.82 29.07 24861912.00 2
2462964 30.07 98890.23 29.28 19006960.00 3
2463464 30.28 98891.13 29.32 1480303.63 4
2464213 30.40 98894.39 29.32 1436688.88 5
2464963 30.45 98895.23 29.34 1414364.63 6
2465713 30.52 98895.40 29.34 233896.75 7
2466462 30.61 98895.28 29.34 248182.27 8
2466962 30.65 98900.09 29.34 256384.58 9
2467712 30.66 98900.39 29.32 263103.81 0
2467962 30.59 98902.34 29.34 31698186.00 1
2469461 30.17 98909.27 29.31 26346130.00 2
2473709 30.03 98917.28 29.54 20467208.00 3
2474209 30.24 98916.05 29.57 1576294.00 4
2474959 30.36 98916.74 29.59 1545952.13 5
2475709 30.40 98917.77 29.62 1469153.50 6
2476458 30.48 98918.47 29.63 244624.94 7
2477208 30.55 98918.08 29.65 259109.31 8
2477708 30.60 98914.01 29.63 270398.72 9
2478458 30.62 98914.28 29.62 278109.72 0
2478708 30.54 98915.62 29.69 34748676.00 1
2480207 30.12 98915.52 29.39 29276748.00 2
2484455 29.98 98920.12 29.66 22700382.00 3
2484955 30.18 98920.87 29.64 1694662.75 4
2485705 30.30 98924.28 29.66 1625074.38 5
2486454 30.35 98926.70 29.62 1608798.13 6
2487204 30.43 98931.59 29.63 258912.77 7
2487954 30.51 98933.71 29.58 274751.81 8
2488454 30.55 98935.16 29.55 285554.94 9
2489203 30.57 98934.13 29.50 292906.19 0
2489453 30.50 98935.27 29.58 38280372.00 1
2490953 30.07 98932.00 29.25 32548298.00 2
2495201 29.93 98935.55 29.11 25620016.00 3
2495701 30.14 98938.40 29.36 1812790.50 4
2496450 30.26 98937.09 29.38 1757939.88 5
2497200 30.31 98939.63 29.39 1689420.50 6
2497950 30.38 98942.48 29.39 268062.81 7
2498700 30.46 98945.84 29.36 281783.16 8
2499199 30.50 98950.15 29.39 291904.22 9
2499949 30.53 98953.19 29.39 300381.34 0
2500199 30.46 98954.28 29.28 39779060.00 1
2501698 30.03 98954.94 29.30 33912548.00 2
2505947 29.89 98969.97 29.01 26733020.00 3
2506696 30.10 98965.73 29.40 1869892.75 4
2507196 30.22 98966.56 29.40 1813994.63 5
2507946 30.26 98965.01 29.40 1762478.50 6
2508696 30.34 98963.68 29.36 276308.69 7
2509446 30.42 98963.38 29.40 291654.81 8
2509945 30.46 98962.47 29.39 303048.25 9
2510695 30.48 98960.32 29.36 309085.41 0
2510945 30.42 98962.28 29.70 42363284.00 1
2512444 29.99 98961.13 29.22 35396164.00 2
2516693 29.85 98970.03 29.40 28036792.00 3
2517442 30.06 98966.65 29.60 1962625.75 4
2517942 30.18 98966.12 29.61 1903788.00 5
2518692 30.22 98968.14 29.64 1863512.25 6
2519441 30.30 98968.19 29.65 289920.72 7
2520191 30.38 98967.46 29.65 309646.22 8
2520941 30.42 98968.71 29.65 320100.03 9
2521441 30.45 98969.41 29.64 327156.56 0
2521691 30.37 98969.66 29.56 47369716.00 1
2523190 29.96 98976.11 29.69 39815308.00 2
2527439 29.81 98991.98 29.35 31379458.00 3
2528188 30.02 98992.08 29.66 2114610.25 4
2528688 30.14 98990.99 29.64 2061918.00 5
2529438 30.19 98992.95 29.66 1968284.50 6
2530188 30.26 98994.82 29.66 301708.91 7
2530937 30.34 98997.55 29.63 320701.53 8
2531687 30.38 99000.44 29.61 331606.22 9
2532187 30.41 99002.43 29.59 339522.53 0
2532437 30.34 99003.66 29.66 51360500.00 1
2533936 29.91 99004.20 29.44 42077688.00 2
2538184 29.77 99001.13 29.53 33419684.00 3
2538934 29.98 99001.00 29.49 2206896.50 4
2539434 30.10 99003.64 29.51 2136114.75 5
2540183 30.15 99005.11 29.52 2063476.13 6
2540933 30.23 99002.55 29.51 310773.91 7
2541683 30.30 99001.96 29.49 329048.84 8
2542433 30.35 98999.59 29.47 339522.53 9
2542933 30.37 99000.30 29.48 347826.09 0
2543183 30.30 99000.48 29.38 53466040.00 1
2544682 29.87 99004.84 29.30 43983892.00 2
2548930 29.73 99015.00 29.43 34943216.00 3
2549680 29.95 99017.85 29.54 2294035.25 4
2550180 30.07 99017.71 29.56 2192719.50 5
2550929 30.11 99017.42 29.55 2132778.00 6
2551679 30.19 99018.37 29.53 318903.78 7
2552429 30.27 99021.98 29.51 337508.25 8
2553178 30.32 99027.55 29.47 352860.09 9
2553678 30.34 99027.74 29.45 359929.69 0
2554178 30.27 99028.45 29.51 56765700.00 1
2555428 29.84 99023.52 29.20 46761328.00 2
2559676 29.70 99026.20 29.47 37395720.00 3
2560426 29.91 99026.22 29.39 2400937.75 4
2560925 30.04 99025.15 29.40 2327272.75 5
2561675 30.08 99019.75 29.42 2243154.50 6
2562425 30.15 99022.49 29.41 331606.22 7
2563175 30.23 99019.73 29.42 353225.25 8
2563924 30.27 99019.75 29.41 365714.28 9
2564424 30.30 99020.66 29.38 380881.53 0
2564924 30.23 99022.02 29.37 61957928.00 1
2566174 29.81 99023.09 29.34 52157580.00 2
2570422 29.67 99035.67 29.21 40479308.00 3
2571171 29.88 99033.87 29.37 2570442.50 4
2571671 30.00 99033.46 29.39 2461538.50 5
2572421 30.05 99036.12 29.39 2367630.00 6
2573171 30.12 99038.44 29.40 340878.84 7
2573921 30.20 99038.23 29.37 356173.91 8
2574670 30.24 99034.34 29.34 365322.88 9
2575170 30.26 99035.68 29.34 380457.00 0
2575670 30.20 99040.34 29.20 60878772.00 1
2576920 29.76 99036.62 29.26 52064348.00 2
2581168 29.63 99049.66 29.33 40329848.00 3
2581918 29.85 99045.88 29.38 2551230.25 4
2582667 29.97 99047.60 29.43 2452694.50 5
2583167 30.02 99049.98 29.46 2355376.75 6
2583917 30.09 99051.30 29.49 345013.47 7
2584666 30.17 99052.11 29.50 366499.66 8
2585416 30.21 99053.79 29.53 388246.44 9
2586166 30.23 99052.63 29.53 398909.22 0
2586416 30.16 99052.01 29.54 65782684.00 1
2587665 29.74 99052.40 29.43 56001708.00 2
2591914 29.61 99051.26 29.59 43676108.00 3
2592663 29.82 99049.69 29.63 2697398.75 4
2593413 29.94 99047.56 29.58 2594868.50 5
2593913 29.98 99049.01 29.62 2493000.50 6
2594663 30.06 99048.48 29.61 356545.97 7
2595412 30.14 99050.85 29.60 381307.03 8
2596162 30.18 99053.60 29.56 395672.34 9
2596912 30.20 99056.76 29.52 406752.72 0
2597162 30.13 99058.48 29.41 69057952.00 1
2598411 29.71 99061.78 29.45 58514284.00 2
2602659 29.58 99068.59 29.45 45685604.00 3
2603409 29.79 99069.62 29.42 2808364.75 4
2604159 29.91 99070.08 29.40 2724310.00 5
2604659 29.96 99071.66 29.40 2585042.50 6
2605409 30.03 99074.72 29.37 375229.03 7
2606158 30.11 99076.20 29.37 399843.81 8
2606908 30.15 99077.42 29.35 410914.94 9
2607658 30.17 99073.38 29.31 420275.00 0
2607908 30.10 99073.70 29.35 73905832.00 1
2609157 29.68 99072.34 29.47 63442400.00 2
2613405 29.55 99074.02 29.28 51120124.00 3
2614155 29.76 99075.58 29.29 2963820.50 4
2614905 29.88 99076.16 29.31 2825802.00 5
2615405 29.93 99078.66 29.30 2751763.50 6
2616154 30.00 99078.84 29.29 383664.28 7
2616904 30.08 99078.43 29.30 405544.56 8
2617654 30.12 99079.55 29.29 418215.22 9
2618403 30.14 99083.66 29.26 426844.53 0
2618653 30.07 99083.45 29.31 75502304.00 1
2619903 29.66 99083.45 28.93 64282492.00 2
2624151 29.51 99080.82 29.21 51240032.00 3
2624901 29.73 99083.41 29.22 2986511.00 4
2625650 29.86 99083.80 29.26 2876404.50 5
2626150 29.89 99084.41 29.24 2768502.75 6
2626900 29.97 99084.93 29.23 393165.69 7
2627650 30.05 99083.73 29.21 415415.81 8
2628399 30.09 99084.81 29.22 429260.13 9
2629149 30.11 99084.46 29.21 440904.19 0
2629399 30.05 99088.13 28.98 79848920.00 1
2630649 29.62 99084.35 29.24 68089352.00 2
2634897 29.49 99094.16 29.17 54910768.00 3
2635646 29.70 99093.27 29.12 3187548.75 4
2636396 29.82 99096.44 29.17 3079699.25 5
2637146 29.87 99098.35 29.12 2903934.75 6
2637646 29.94 99098.14 29.14 401726.16 7
2638395 30.02 99100.97 29.11 424192.22 8
2639145 30.06 99101.86 29.11 434450.56 9
2639895 30.08 99099.44 29.10 447552.44 0
2640145 30.02 99101.95 29.06 82022528.00 1
2641394 29.59 99096.62 29.04 69442120.00 2
2645642 29.46 99100.06 29.10 56254076.00 3
2646392 29.67 99100.92 29.11 3261795.75 4
2647142 29.79 99101.87 29.08 3123737.00 5
2647892 29.84 99102.79 29.08 2941472.25 6
2648392 29.91 99104.57 29.13 404583.16 7
2649141 30.00 99107.07 29.15 422878.38 8
2649891 30.04 99108.99 29.13 436953.28 9
2650641 30.06 99108.96 29.12 440051.56 0
2650891 30.00 99108.82 28.96 79703256.00 1
2652140 29.58 99107.29 29.12 68409184.00 2
2656388 29.43 99112.91 29.18 55049140.00 3
2657138 29.64 99114.34 29.21 3254021.75 4
2657888 29.77 99116.22 29.25 3113053.50 5
2658638 29.82 99115.74 29.22 2928852.25 6
2659138 29.89 99114.55 29.26 401489.91 7
2659887 29.97 99114.15 29.25 434727.22 8
2660637 30.02 99112.53 29.23 446966.38 9
2661387 30.03 99113.26 29.22 457142.84 0
2661637 29.96 99113.27 29.26 85388928.00 1
2662886 29.54 99115.61 29.01 72858256.00 2
2667134 29.41 99125.93 29.33 59268368.00 3
2667884 29.62 99126.63 29.20 3378841.00 4
2668634 29.74 99128.21 29.21 3227102.50 5
2669383 29.79 99128.88 29.24 3111280.00 6
2669883 29.86 99129.30 29.22 410420.84 7
2670633 29.95 99129.27 29.22 436394.63 8
2671383 29.99 99128.62 29.22 450505.94 9
2672132 30.01 99128.16 29.19 461157.41 0
2672382 29.94 99130.42 29.29 86487624.00 1
2673882 29.52 99131.30 29.13 74219704.00 2
2677880 29.38 99123.67 29.07 59673116.00 3
2678630 29.59 99120.17 29.16 3421173.50 4
2679379 29.72 99119.56 29.16 3299234.75 5
2680129 29.76 99116.71 29.14 3198750.50 6
2680629 29.84 99116.77 29.14 426045.34 7
2681378 29.92 99114.99 29.11 454102.00 8
2682128 29.96 99117.84 29.11 472324.72 9
2682878 29.98 99117.92 29.06 484046.31 0
2683128 29.91 99119.10 28.86 94025824.00 1
2684627 29.48 99120.60 28.66 80883680.00 2
2688626 29.37 99128.27 28.95 65048140.00 3
2689375 29.58 99128.87 28.98 3644938.75 4
2690125 29.70 99127.95 29.01 3506849.25 5
2690875 29.74 99127.05 28.98 3368421.00 6
2691375 29.82 99129.16 28.97 439484.97 7
2692124 29.90 99127.05 28.96 468114.28 8
2692874 29.94 99130.84 28.92 483018.88 9
2693624 29.96 99130.53 28.91 494925.09 0
2693874 29.90 99132.63 29.22 99146744.00 1
2695373 29.48 99130.34 28.94 84317784.00 2
2699371 29.36 99138.20 29.00 68516464.00 3
2700121 29.55 99137.48 29.09 3794349.25 4
2700871 29.67 99139.48 29.14 3649810.75 5
2701621 29.72 99141.42 29.18 3500106.75 6
2702370 29.79 99141.78 29.15 449319.88 7
2702870 29.88 99141.77 29.21 469401.78 8
2703620 29.92 99142.75 29.20 490304.03 9
2704370 29.95 99144.06 29.19 503689.13 0
2704620 29.89 99147.45 29.26 100284624.00 1
2706119 29.46 99141.70 28.99 85724000.00 2
2710117 29.33 99145.39 29.35 69663568.00 3
2710867 29.53 99140.96 29.20 3850528.75 4
2711617 29.65 99142.30 29.23 3696751.00 5
2712366 29.70 99141.52 29.22 3522683.25 6
2713116 29.77 99142.12 29.26 452896.94 7
2713616 29.85 99141.63 29.24 480638.34 8
2714366 29.90 99142.07 29.23 494925.09 9
2715116 29.92 99140.60 29.22 510468.59 0
2715366 29.85 99143.42 29.18 102400000.00 1
2716865 29.43 99142.61 29.08 88234264.00 2
2720863 29.31 99149.67 29.13 72017584.00 3
2721613 29.52 99148.02 29.31 3911196.00 4
2722363 29.63 99147.70 29.35 3778597.75 5
2723113 29.68 99148.64 29.30 3611196.75 6
2723862 29.75 99147.20 29.34 457449.19 7
2724362 29.84 99147.91 29.35 487851.34 8
2725112 29.88 99149.77 29.33 504806.50 9
2725861 29.90 99151.53 29.31 512000.00 0
2726111 29.84 99153.09 29.61 102400000.00 1
2727611 29.42 99150.28 29.20 90238896.00 2
2731609 29.28 99157.00 29.38 73102064.00 3
2732359 29.50 99156.82 29.33 3976699.00 4
2733109 29.62 99157.52 29.39 3853245.50 5
2733858 29.66 99158.20 29.40 3674366.50 6
2734608 29.73 99160.44 29.41 466514.81 7
2735108 29.82 99162.48 29.40 489249.88 8
2735858 29.86 99162.20 29.42 509326.03 9
2736607 29.88 99161.27 29.41 519401.47 0
2736857 29.80 99160.80 29.44 102400000.00 1
2738357 29.39 99154.79 29.43 90801528.00 2
2742355 29.27 99162.67 29.51 73718784.00 3
2743105 29.49 99162.92 29.65 4029513.00 4
2743854 29.60 99162.97 29.68 3858690.50 5
2744604 29.65 99165.76 29.65 3734670.50 6
2745354 29.72 99166.98 29.63 469079.25 7
2745854 29.81 99167.82 29.61 490656.44 8
2746603 29.86 99170.14 29.59 505180.06 9
2747353 29.88 99169.26 29.59 520987.03 0
2747603 29.80 99169.68 29.48 102400000.00 1
2749102 29.39 99168.17 29.38 92336736.00 2
2753101 29.25 99168.86 29.18 74472728.00 3
2753850 29.47 99168.13 29.41 4041440.50 4
2754600 29.58 99166.41 29.42 3911196.00 5
2755350 29.63 99167.31 29.41 3760385.50 6
2756100 29.71 99169.55 29.38 470372.06 7
2756600 29.79 99168.88 29.36 496003.88 8
2757349 29.84 99169.44 29.36 515090.53 9
2758099 29.86 99170.16 29.31 527427.25 0
2758349 29.79 99170.40 29.28 102400000.00 1
2759848 29.37 99168.95 29.33 93823912.00 2
2764097 29.25 99168.10 29.45 75829912.00 3
2764597 29.46 99168.66 29.52 4123836.00 4
2765346 29.57 99169.62 29.60 3947951.75 5
2766096 29.63 99171.14 29.60 3794349.25 6
2766846 29.70 99172.63 29.59 470696.41 7
2767345 29.78 99174.34 29.59 492426.06 8
2768095 29.82 99177.18 29.59 505180.06 9
2768845 29.84 99179.63 29.56 512769.16 0
2769095 29.78 99180.38 29.52 102400000.00 1
2770594 29.36 99180.88 29.67 89867672.00 2
2774842 29.24 99179.59 29.40 73968400.00 3
2775342 29.44 99177.43 29.42 4059464.75 4
2776092 29.56 99177.79 29.41 3858690.50 5
2776842 29.61 99176.94 29.39 3742348.00 6
2777591 29.68 99179.58 29.41 474623.41 7
2778341 29.76 99179.85 29.40 503317.78 8
2778841 29.82 99182.86 29.38 524590.19 9
2779591 29.84 99182.73 29.36 535284.88 0
2779841 29.76 99180.91 29.34 102400000.00 1
2781340 29.36 99182.91 29.09 96732104.00 2
2785588 29.23 99182.13 29.18 79341408.00 3
2786088 29.43 99180.32 29.40 4268890.00 4
2786838 29.55 99182.37 29.41 4111417.75 5
2787587 29.59 99181.79 29.35 3942252.25 6
2788337 29.68 99184.89 29.37 482336.31 7
2789087 29.76 99183.50 29.36 507433.09 8
2789587 29.80 99186.54 29.31 528652.56 9
2790336 29.82 99186.73 29.30 535704.94 0
2790586 29.75 99184.46 29.21 102400000.00 1
2792086 29.34 99185.52 29.25 98587440.00 2
2796334 29.21 99189.85 29.22 79703256.00 3
2796834 29.42 99189.25 29.32 4295752.50 4
2797584 29.54 99190.34 29.33 4102153.25 5
2798333 29.58 99191.57 29.35 3908397.00 6
2799083 29.66 99193.59 29.33 483360.88 7
2799833 29.74 99195.61 29.35 503317.78 8
2800333 29.79 99196.31 29.30 518218.63 9
2801082 29.81 99197.27 29.30 531533.88 0
2801332 29.73 99195.99 29.22 102400000.00 1
2802832 29.33 99198.54 29.31 94842256.00 2
2807080 29.20 99198.78 29.24 78345488.00 3
2807580 29.41 99199.43 29.30 4229220.50 4
2808329 29.53 99199.56 29.32 4062484.50 5
2809079 29.57 99198.29 29.31 3891686.50 6
2809829 29.65 99197.63 29.35 486807.69 7
2810579 29.73 99195.95 29.34 519401.47 8
2811078 29.77 99197.84 29.31 536547.00 9
2811828 29.80 99198.30 29.34 548620.44 0
2812078 29.72 99197.88 29.26 102400000.00 1
2813577 29.32 99198.84 29.25 102160560.00 2
2817826 29.19 99198.86 29.53 83912936.00 3
2818325 29.40 99198.98 29.51 4424520.50 4
2819075 29.52 99200.10 29.56 4235781.00 5
2819825 29.57 99200.35 29.61 4077650.50 6
2820575 29.64 99204.20 29.62 494925.09 7
2821324 29.72 99202.49 29.67 529472.63 8
2821824 29.76 99205.98 29.68 545551.44 9
2822574 29.79 99206.77 29.68 558951.94 0
2822824 29.72 99207.74 29.44 102400000.00 1
2824323 29.30 99207.88 29.54 102400000.00 2
2828571 29.18 99197.86 29.63 86316760.00 3
2829071 29.39 99197.43 29.67 4523467.50 4
2829821 29.51 99197.34 29.70 4347041.50 5
2830571 29.55 99196.42 29.70 4161544.25 6
2831320 29.63 99195.50 29.68 505554.19 7
2832070 29.71 99196.13 29.71 528652.56 8
2832570 29.76 99197.84 29.73 548179.88 9
2833320 29.78 99197.26 29.71 558038.13 0
2833570 29.69 99195.41 29.78 102400000.00 1
2835069 29.30 99201.91 29.56 102400000.00 2
2839317 29.18 99210.88 29.50 85639984.00 3
2840067 29.39 99208.97 29.73 4478950.00 4
2840567 29.51 99210.39 29.75 4329809.50 5
2841316 29.55 99210.85 29.73 4229220.50 6
2842066 29.63 99211.27 29.72 511616.28 7
2842816 29.71 99210.94 29.70 542085.75 8
2843316 29.75 99211.45 29.68 564965.50 9
2844066 29.77 99208.08 29.63 574957.88 0
2844316 29.70 99209.05 29.53 102400000.00 1
2845815 29.27 99205.59 29.51 102400000.00 2
2850063 29.16 99212.72 29.43 90519336.00 3
2850813 29.38 99210.87 29.63 4678469.50 4
2851313 29.50 99211.71 29.64 4515987.00 5
2852062 29.54 99210.63 29.65 4309311.00 6
2852812 29.62 99210.71 29.68 512384.28 7
2853562 29.70 99210.95 29.68 539089.25 8
2854312 29.74 99212.26 29.67 550833.81 9
2854811 29.77 99212.71 29.66 558951.94 0
2855061 29.68 99210.73 29.77 102400000.00 1
2856561 29.29 99212.44 29.59 102400000.00 2
2860809 29.16 99215.68 29.67 86231576.00 3
2861559 29.37 99211.19 29.75 4557441.00 4
2862058 29.49 99210.68 29.78 4353973.00 5
2862808 29.54 99209.03 29.81 4193498.75 6
2863558 29.61 99207.71 29.80 509326.03 7
2864308 29.69 99206.39 29.84 536969.06 8
2865057 29.73 99208.40 29.86 554863.19 9
2865557 29.76 99209.17 29.85 562174.06 0
2865807 29.68 99209.58 29.78 102400000.00 1
2867306 29.27 99209.82 29.78 102400000.00 2
2871555 29.16 99220.91 29.70 88502360.00 3
2872304 29.36 99217.27 29.71 4572704.50 4
2872804 29.48 99217.52 29.76 4410229.00 5
2873554 29.53 99218.02 29.75 4262227.00 6
2874304 29.60 99218.78 29.73 515869.03 7
2875053 29.68 99218.84 29.71 547300.94 8
2875803 29.73 99222.28 29.69 572067.06 9
2876303 29.75 99221.68 29.69 583309.63 0
2876803 29.67 99219.77 29.55 102400000.00 1
2878052 29.26 99219.29 29.67 102400000.00 2
2882300 29.15 99222.08 29.66 92827192.00 3
2883050 29.36 99215.87 29.79 4810334.50 4
2883550 29.48 99216.84 29.83 4630865.00 5
2884300 29.52 99212.84 29.82 4438905.50 6
2885049 29.59 99211.77 29.81 530707.44 7
2885799 29.68 99213.59 29.81 569680.13 8
2886549 29.72 99214.63 29.78 589352.50 9
2887048 29.75 99214.09 29.73 609342.44 0
2887548 29.68 99214.32 29.73 102400000.00 1
2888798 29.25 99212.64 29.56 102400000.00 2
2893046 29.13 99216.02 29.77 102041264.00 3
2893796 29.35 99214.21 29.61 5121600.50 4
2894545 29.47 99214.78 29.60 4936426.50 5
2895045 29.52 99217.16 29.57 4735260.00 6
2895795 29.59 99216.10 29.54 552170.38 7
2896545 29.67 99217.07 29.53 588336.69 8
2897294 29.71 99217.23 29.50 610432.19 9
2897794 29.74 99220.20 29.47 624390.25 0
2898294 29.66 99220.05 29.44 102400000.00 1
2899544 29.24 99221.15 29.36 102400000.00 2
2903792 29.12 99228.28 29.34 102400000.00 3
2904541 29.34 99226.98 29.34 5244558.50 4
2905291 29.46 99224.99 29.31 5078735.50 5
2905791 29.51 99229.18 29.35 4857397.00 6
2906541 29.58 99227.25 29.32 559410.00 7
2907290 29.66 99226.81 29.34 591394.75 8
2908040 29.71 99228.07 29.33 612623.38 9
2908790 29.73 99227.96 29.34 623250.13 0
2909040 29.66 99228.87 29.39 102400000.00 1
2910289 29.23 99230.37 29.37 102400000.00 2
2914537 29.12 99232.76 29.48 102400000.00 3
2915287 29.33 99229.02 29.57 5244558.50 4
2916037 29.45 99228.21 29.63 5013464.00 5
2916537 29.50 99229.05 29.66 4840177.50 6
2917286 29.57 99229.43 29.66 556219.44 7
2918036 29.65 99229.51 29.66 585812.38 8
2918786 29.70 99229.78 29.67 602352.94 9
2919536 29.72 99229.92 29.66 615939.88 0
2919786 29.63 99227.45 29.50 102400000.00 1
2921035 29.22 99231.35 29.63 102400000.00 2
2925283 29.11 99235.45 29.60 102400000.00 3
2926033 29.33 99232.77 29.82 5179892.50 4
2926783 29.45 99232.57 29.83 4949849.00 5
2927283 29.49 99232.72 29.82 4810334.50 6
2928032 29.57 99234.18 29.79 557582.38 7
2928782 29.64 99233.58 29.81 591394.75 8
2929532 29.69 99233.76 29.78 609886.81 9
2930282 29.71 99234.60 29.77 621547.81 0
2930532 29.63 99233.85 29.63 102400000.00 1
2931781 29.22 99234.63 29.83 102400000.00 2
2936029 29.11 99234.58 29.67 102400000.00 3
2936779 29.32 99231.95 29.64 5290281.00 4
2937529 29.45 99232.30 29.63 5150581.50 5
2938028 29.49 99232.95 29.60 4879094.50 6
2938778 29.56 99233.52 29.55 567784.88 7
2939528 29.64 99234.29 29.55 605022.19 8
2940278 29.68 99235.46 29.49 627258.81 9
2941027 29.71 99235.66 29.44 641403.06 0
2941277 29.63 99236.13 29.33 102400000.00 1
2942527 29.21 99239.15 29.49 102400000.00 2
2946775 29.08 99246.09 29.41 102400000.00 3
2947525 29.31 99247.51 29.36 5497986.50 4
2948274 29.43 99245.52 29.37 5234505.00 5
2949024 29.48 99244.68 29.39 5050555.00 6
2949524 29.55 99243.73 29.37 572067.06 7
2950274 29.63 99239.02 29.40 602884.88 8
2951023 29.68 99237.32 29.38 624390.25 9
2951773 29.70 99235.23 29.37 631903.75 0
2952023 29.62 99232.39 29.34 102400000.00 1
2953273 29.20 99232.95 29.02 102400000.00 2
2957521 29.08 99233.38 29.44 102400000.00 3
2958270 29.30 99232.36 29.53 5295410.50 4
2959020 29.42 99229.06 29.58 5170085.00 5
2959770 29.47 99228.39 29.58 4923077.00 6
2960270 29.54 99227.82 29.66 565433.44 7
2961019 29.63 99227.63 29.69 599180.81 8
2961769 29.67 99229.95 29.71 617053.31 9
2962519 29.70 99232.81 29.76 628413.63 0
2962769 29.62 99234.07 29.68 102400000.00 1
2964018 29.20 99239.72 29.73 102400000.00 2
2968267 29.07 99245.10 30.07 102400000.00 3
2969016 29.30 99246.79 30.01 5378857.50 4
2969766 29.42 99243.41 30.05 5131224.50 5
2970516 29.46 99242.63 30.02 4954339.50 6
2971016 29.54 99241.64 30.03 566371.69 7
2971765 29.62 99240.49 29.98 602352.94 8
2972515 29.66 99239.56 29.93 625534.50 9
2973265 29.69 99239.91 29.91 642006.25 0
2973514 29.61 99237.32 29.94 102400000.00 1
2974764 29.20 99238.48 29.63 102400000.00 2
2979012 29.07 99238.45 29.61 102400000.00 3
2979762 29.30 99239.42 29.72 5486939.00 4
2980512 29.41 99236.44 29.71 5285161.50 5
2981261 29.46 99236.52 29.70 5041231.00 6
2981761 29.54 99235.46 29.70 570155.88 7
2982511 29.61 99237.95 29.66 606635.06 8
2983261 29.66 99237.87 29.60 626108.25 9
2984010 29.68 99238.32 29.56 644430.44 0
2984260 29.61 99236.67 29.51 102400000.00 1
2985760 29.19 99238.54 29.36 102400000.00 2
2989758 29.05 99239.73 29.34 102400000.00 3
2990508 29.29 99245.63 29.43 5514641.50 4
2991258 29.41 99246.57 29.43 5300550.00 5
2992008 29.45 99244.23 29.43 5097697.50 6
2992507 29.53 99246.96 29.44 585812.38 7
2993257 29.61 99246.55 29.44 624390.25 8
2994007 29.66 99248.79 29.44 646260.63 9
2994756 29.68 99250.13 29.44 662568.75 0
2995006 29.61 99248.20 29.48 102400000.00 1
2996506 29.17 99250.52 29.42 102400000.00 2
3000504 29.05 99251.48 29.63 102400000.00 3
3001254 29.29 99253.13 29.66 5692842.50 4
3002003 29.41 99253.95 29.75 5486939.00 5
3002753 29.46 99253.14 29.73 5285161.50 6
3003253 29.52 99250.25 29.73 589861.75 7
3004003 29.61 99251.91 29.77 622681.69 8
3004752 29.65 99252.30 29.75 645039.38 9
3005502 29.68 99252.57 29.76 662568.75 0
3005752 29.60 99249.11 29.75 102400000.00 1
3007251 29.18 99250.16 29.72 102400000.00 2
3011250 29.05 99246.65 29.94 102400000.00 3
3011999 29.28 99249.34 29.68 5710700.50 4
3012749 29.40 99248.97 29.70 5509078.50 5
3013499 29.45 99249.27 29.72 5310859.00 6
3014248 29.52 99248.11 29.70 600234.44 7
3014748 29.60 99248.76 29.68 633663.38 8
3015498 29.64 99249.59 29.65 658732.69 9
3016248 29.67 99250.23 29.60 676354.00 0
3016498 29.59 99248.88 29.58 102400000.00 1
3017997 29.18 99252.02 29.41 102400000.00 2
3021995 29.04 99250.13 29.10 102400000.00 3
3022745 29.27 99254.98 29.26 5902017.50 4
3023495 29.40 99258.22 29.25 5728671.50 5
3024245 29.44 99259.48 29.24 5492457.50 6
3024994 29.52 99259.17 29.22 608256.63 7
3025494 29.60 99259.15 29.23 643216.06 8
3026244 29.64 99260.26 29.21 670376.44 9
3026993 29.66 99259.09 29.19 683122.06 0
3027243 29.59 99258.22 29.06 102400000.00 1
3028743 29.17 99257.79 29.17 102400000.00 2
3032741 29.04 99263.10 29.11 102400000.00 3
3033491 29.27 99264.47 29.23 6050221.50 4
3034240 29.39 99265.15 29.24 5722668.50 5
3034990 29.43 99265.55 29.25 5514641.50 6
3035740 29.51 99264.70 29.24 615939.88 7
3036240 29.59 99263.32 29.21 656199.94 8
3036989 29.63 99259.95 29.21 681077.50 9
3037739 29.65 99257.91 29.16 699931.63 0
3037989 29.57 99255.69 28.94 102400000.00 1
3039488 29.16 99254.84 29.05 102400000.00 2
3043487 29.03 99250.96 29.09 102400000.00 3
3044236 29.26 99255.05 29.13 6349157.00 4
3044986 29.38 99255.11 29.13 6060292.00 5
3045736 29.43 99253.89 29.11 5752809.00 6
3046485 29.50 99252.74 29.10 633663.38 7
3046985 29.58 99253.98 29.12 665151.00 8
3047735 29.63 99253.98 29.09 685179.00 9
3048485 29.65 99253.74 29.05 705720.19 0
3048735 29.57 99252.84 29.24 102400000.00 1
3050234 29.14 99255.11 28.91 102400000.00 2
3054232 29.02 99259.60 29.18 102400000.00 3
3054982 29.25 99264.62 29.18 6276192.50 4
3055732 29.37 99267.09 29.23 6046872.00 5
3056481 29.42 99269.41 29.23 5764954.50 6
3057231 29.50 99270.20 29.24 619854.75 7
3057731 29.57 99265.80 29.24 654940.81 8
3058481 29.61 99267.67 29.24 677024.81 9
3059230 29.64 99268.06 29.22 683806.38 0
3059480 29.56 99268.57 28.92 102400000.00 1
3060980 29.15 99265.80 29.09 102400000.00 2
3065228 29.02 99253.47 29.08 102400000.00 3
3065728 29.25 99254.84 29.26 6128296.00 4
3066477 29.37 99256.52 29.32 5783268.50 5
3067227 29.42 99254.64 29.32 5548256.00 6
3067977 29.49 99250.37 29.34 612074.13 7
3068727 29.57 99250.14 29.35 645039.38 8
3069227 29.61 99250.65 29.34 661926.31 9
3069976 29.64 99251.52 29.36 686557.19 0
3070226 29.57 99252.31 29.19 102400000.00 1
3071725 29.13 99256.70 29.26 102400000.00 2
3075974 29.02 99258.30 29.41 102400000.00 3
3076473 29.24 99258.04 29.34 6097506.50 4
3077223 29.36 99257.37 29.37 5814052.50 5
3077973 29.41 99257.73 29.35 5565217.50 6
3078722 29.48 99254.18 29.38 618170.81 7
3079472 29.56 99256.20 29.35 658097.69 8
3079972 29.61 99257.54 29.34 682439.19 9
3080722 29.63 99259.62 29.32 697072.81 0
3080972 29.56 99262.03 29.34 102400000.00 1
3082471 29.13 99262.25 29.15 102400000.00 2
3086719 29.01 99260.22 29.41 102400000.00 3
3087219 29.24 99263.78 29.30 6211943.00 4
3087969 29.36 99264.97 29.32 6003664.50 5
3088718 29.40 99265.13 29.35 5692842.50 6
3089468 29.48 99267.76 29.36 626683.00 7
3090218 29.56 99262.42 29.37 660645.19 8
3090718 29.60 99261.41 29.34 679045.06 9
3091468 29.63 99263.16 29.31 693532.00 0
3091717 29.55 99264.75 29.24 102400000.00 1
3093217 29.13 99265.55 29.12 102400000.00 2
3097465 29.00 99264.52 29.32 102400000.00 3
3097965 29.23 99270.26 29.21 6287030.00 4
3098715 29.36 99273.27 29.21 5934082.00 5
3099464 29.40 99275.48 29.23 5669204.00 6
3100214 29.48 99273.31 29.21 627258.81 7
3100964 29.55 99270.27 29.20 667753.50 8
3101464 29.60 99270.86 29.21 685867.38 9
3102214 29.62 99269.58 29.21 702814.00 0
3102464 29.54 99270.70 29.15 102400000.00 1
3103963 29.13 99269.17 29.08 102400000.00 2
3108211 29.00 99265.53 29.36 102400000.00 3
3108711 29.23 99272.45 29.47 6308818.00 4
3109461 29.35 99272.24 29.47 6043526.50 5
3110210 29.40 99275.13 29.47 5716678.50 6
3110960 29.47 99276.08 29.49 625534.50 7
3111710 29.55 99274.58 29.46 668407.31 8
3112210 29.59 99275.20 29.43 693532.00 9
3112959 29.62 99276.03 29.42 711605.31 0
3113209 29.54 99277.00 29.53 102400000.00 1
3114709 29.12 99275.26 29.12 102400000.00 2
3118957 29.00 99269.90 29.29 102400000.00 3
3119457 29.23 99273.80 29.42 6420062.50 4
3120206 29.35 99274.51 29.43 6159398.50 5
3120956 29.39 99273.09 29.47 5832680.50 6
3121706 29.47 99269.38 29.44 638404.00 7
3122456 29.55 99264.63 29.47 671035.38 8
3122955 29.59 99260.85 29.45 693532.00 9
3123705 29.61 99260.48 29.43 711605.31 0
3123955 29.53 99260.23 29.46 102400000.00 1
3125454 29.11 99263.80 29.33 102400000.00 2
3129703 28.99 99271.59 29.43 102400000.00 3
3130453 29.23 99278.05 29.47 6458021.50 4
3130952 29.34 99280.16 29.48 6180309.50 5
3131702 29.39 99280.68 29.44 5876614.00 6
3132452 29.47 99278.83 29.46 637807.56 7
3133202 29.55 99270.47 29.45 671035.38 8
3133951 29.59 99266.56 29.43 699931.63 9
3134451 29.61 99264.34 29.39 715333.56 0
3134701 29.54 99266.55 29.46 102400000.00 1
3136201 29.11 99264.45 29.39 102400000.00 2
3140449 28.99 99274.58 29.28 102400000.00 3
3141198 29.22 99278.15 29.38 6473330.50 4
3141698 29.35 99279.15 29.41 6254628.50 5
3142448 29.39 99281.40 29.43 5908402.50 6
3143198 29.46 99282.02 29.43 646873.00 7
3143948 29.54 99279.77 29.41 690026.94 8
3144697 29.59 99279.77 29.41 720619.31 9
3145197 29.61 99278.13 29.39 739350.19 0
3145447 29.54 99280.33 29.45 102400000.00 1
3146946 29.13 99277.55 29.29 102400000.00 2
3151195 29.00 99277.19 29.22 102400000.00 3
3151944 29.22 99277.95 29.35 6820982.50 4
3152444 29.34 99277.10 29.34 6469496.50 5
3153194 29.39 99277.55 29.31 6283413.00 6
3153944 29.46 99279.05 29.29 658732.69 7
3154693 29.55 99279.92 29.29 693532.00 8
3155443 29.59 99278.22 29.27 707915.69 9
3155943 29.61 99273.69 29.26 729864.56 0
3156193 29.53 99273.19 29.17 102400000.00 1
3157693 29.11 99271.67 29.03 102400000.00 2
3161941 28.99 99274.93 29.28 102400000.00 3
3162690 29.21 99276.70 29.35 6618461.00 4
3163190 29.34 99277.28 29.39 6382547.50 5
3163940 29.39 99277.48 29.40 6162874.00 6
3164690 29.46 99275.59 29.41 656199.94 7
3165439 29.54 99273.86 29.42 697785.38 8
3166189 29.58 99269.46 29.41 722908.56 9
3166689 29.61 99268.24 29.39 744998.19 0
3167189 29.54 99269.66 29.40 102400000.00 1
3168438 29.11 99266.66 29.33 102400000.00 2
3172687 28.98 99270.80 29.50 102400000.00 3
3173436 29.22 99273.98 29.46 6829512.50 4
3173936 29.34 99275.63 29.49 6535301.00 5
3174686 29.39 99274.63 29.50 6308818.00 6
3175435 29.46 99273.68 29.53 667753.50 7
3176185 29.54 99270.01 29.52 707182.31 8
3176935 29.58 99269.25 29.53 731428.56 9
3177435 29.61 99268.60 29.51 744186.06 0
3177935 29.52 99269.72 29.56 102400000.00 1
3179184 29.11 99272.65 29.45 102400000.00 2
3183432 28.98 99278.13 29.15 102400000.00 3
3184182 29.21 99280.34 29.41 6964506.00 4
3184682 29.34 99282.02 29.44 6679168.50 5
3185432 29.38 99283.71 29.44 6442784.00 6
3186181 29.46 99282.80 29.45 674349.69 7
3186931 29.54 99282.31 29.46 701369.88 8
3187681 29.58 99282.13 29.49 729085.06 9
3188180 29.60 99280.70 29.49 736955.75 0
3188680 29.52 99281.83 29.35 102400000.00 1
3189930 29.11 99283.38 29.58 102400000.00 2
3194178 28.98 99274.20 29.24 102400000.00 3
3194928 29.21 99275.32 29.40 6816725.50 4
3195677 29.34 99276.14 29.45 6558847.00 5
3196177 29.39 99279.48 29.44 6279800.50 6
3196927 29.45 99283.97 29.49 658097.69 7
3197677 29.54 99286.07 29.47 684492.00 8
3198426 29.57 99283.99 29.48 709386.94 9
3198926 29.60 99279.27 29.47 725212.44 0
3199426 29.53 99275.34 29.38 102400000.00 1
3200675 29.10 99268.72 29.37 102400000.00 2
3204924 28.98 99284.22 29.67 102400000.00 3
3205673 29.21 99283.57 29.73 6570684.00 4
3206423 29.34 99283.14 29.74 6301538.50 5
3206923 29.38 99284.61 29.76 6117998.50 6
3207673 29.45 99282.19 29.74 656199.94 7
3208422 29.54 99280.12 29.75 697072.81 8
3209172 29.57 99275.48 29.72 716835.81 9
3209922 29.60 99270.72 29.71 733787.19 0
3210172 29.52 99273.98 29.71 102400000.00 1
3211421 29.11 99272.89 29.58 102400000.00 2
3215669 28.97 99274.02 29.61 102400000.00 3
3216419 29.21 99279.21 29.61 6732689.50 4
3217169 29.34 99279.56 29.63 6461842.00 5
3217669 29.38 99275.72 29.61 6240335.00 6
3218419 29.45 99274.73 29.61 659368.94 7
3219168 29.53 99274.70 29.58 694944.00 8
3219918 29.58 99280.21 29.58 728307.25 9
3220668 29.60 99279.59 29.60 743375.69 0
3220918 29.53 99281.30 29.60 102400000.00 1
3222167 29.10 99279.52 29.47 102400000.00 2
3226415 28.98 99276.98 29.67 102400000.00 3
3227165 29.21 99281.22 29.75 6812474.00 4
3227915 29.34 99283.81 29.82 6511923.50 5
3228414 29.39 99285.47 29.86 6283413.00 6
3229164 29.45 99283.26 29.90 666449.75 7
3229914 29.53 99282.37 29.98 707182.31 8
3230664 29.57 99275.74 30.00 719101.13 9
3231413 29.60 99274.35 30.03 739350.19 0
3231663 29.53 99276.19 29.92 102400000.00 1
3232913 29.10 99277.28 29.95 102400000.00 2
3237161 28.99 99282.05 30.40 102400000.00 3
3237911 29.21 99278.63 30.28 6799751.00 4
3238661 29.33 99277.33 30.32 6500297.50 5
3239160 29.38 99279.89 30.31 6294276.00 6
3239910 29.45 99285.75 30.29 671695.63 7
3240660 29.53 99290.73 30.29 710124.81 8
3241410 29.57 99289.78 30.25 736955.75 9
3242159 29.60 99288.19 30.24 758799.56 0
3242409 29.52 99285.62 30.32 102400000.00 1
3243659 29.11 99274.94 30.10 102400000.00 2
3247907 28.98 99283.66 30.10 102400000.00 3
3248657 29.21 99287.84 30.23 7027235.50 4
3249406 29.34 99291.08 30.25 6699652.50 5
3249906 29.38 99290.94 30.25 6461842.00 6
3250656 29.45 99291.28 30.26 670376.44 7
3251406 29.53 99290.20 30.27 699931.63 8
3252155 29.57 99290.40 30.21 723674.94 9
3252905 29.60 99290.81 30.15 736955.75 0
3253155 29.52 99290.58 30.15 102400000.00 1
3254404 29.10 99283.75 30.07 102400000.00 2
3258653 28.98 99287.52 30.02 102400000.00 3
3259402 29.21 99287.89 30.03 6732689.50 4
3260152 29.33 99289.78 30.05 6508043.50 5
3260652 29.38 99289.70 30.08 6301538.50 6
3261402 29.45 99287.01 30.03 673020.06 7
3262151 29.53 99287.63 30.03 712347.81 8
3262901 29.57 99286.23 29.98 738550.31 9
3263651 29.59 99285.24 29.93 756277.69 0
3263901 29.53 99286.44 29.92 102400000.00 1
3265150 29.11 99283.39 29.88 102400000.00 2
3269398 28.99 99280.59 29.90 102400000.00 3
3270148 29.21 99281.03 30.08 7000213.50 4
3270898 29.34 99282.63 30.04 6732689.50 5
3271648 29.38 99284.70 30.03 6450393.50 6
3272147 29.45 99283.22 29.99 671695.63 7
3272897 29.54 99288.23 29.97 716083.94 8
3273647 29.58 99287.13 29.93 743375.69 9
3274396 29.60 99289.36 29.90 758378.06 0
3274646 29.52 99288.15 29.80 102400000.00 1
3275896 29.10 99286.53 29.61 102400000.00 2
3280144 28.98 99283.28 29.64 102400000.00 3
3280894 29.21 99283.19 29.67 7068162.00 4
3281643 29.34 99282.21 29.66 6812474.00 5
3282393 29.38 99280.26 29.67 6578598.50 6
3282893 29.45 99278.50 29.67 690026.94 7
3283643 29.54 99278.31 29.66 736161.06 8
3284392 29.58 99283.10 29.65 752526.19 9
3285142 29.60 99283.78 29.62 784975.06 0
3285392 29.53 99285.23 29.47 102400000.00 1
3286642 29.09 99288.70 29.51 102400000.00 2
3290890 28.98 99280.61 29.62 102400000.00 3
3291639 29.21 99279.23 29.60 7393502.00 4
3292389 29.34 99279.95 29.59 7091106.00 5
3293139 29.38 99281.34 29.61 6770248.00 6
3293639 29.45 99282.32 29.60 698499.31 7
3294388 29.53 99281.61 29.60 736955.75 8
3295138 29.57 99281.63 29.66 763894.06 9
3295888 29.60 99285.28 29.63 793644.63 0
3296138 29.52 99287.12 29.52 102400000.00 1
3297387 29.10 99286.79 29.45 102400000.00 2
3301636 28.97 99282.57 29.49 102400000.00 3
3302385 29.20 99281.94 29.62 7489828.50 4
3303135 29.33 99282.72 29.61 7128127.00 5
3303885 29.37 99285.13 29.59 6881142.50 6
3304385 29.45 99287.41 29.55 719101.13 7
3305134 29.53 99293.85 29.53 759221.50 8
3305884 29.57 99295.34 29.46 804399.06 9
3306634 29.59 99298.86 29.41 818872.44 0
3306884 29.51 99296.27 29.58 102400000.00 1
3308383 29.09 99290.29 29.19 102400000.00 2
3312382 28.97 99290.42 29.32 102400000.00 3
3313131 29.20 99295.14 29.31 7811204.00 4
3313881 29.32 99296.32 29.31 7536338.50 5
3314631 29.37 99299.98 29.30 7246351.00 6
3315131 29.45 99300.27 29.27 722143.88 7
3315880 29.52 99299.99 29.25 755859.00 8
3316630 29.57 99298.40 29.24 783174.00 9
3317380 29.59 99296.42 29.22 797352.56 0
3317630 29.51 99295.58 29.09 102400000.00 1
3319129 29.09 99288.16 29.04 102400000.00 2
3323128 28.96 99282.00 29.16 102400000.00 3
3323877 29.20 99287.51 29.11 7641791.00 4
3324627 29.32 99293.20 29.13 7309391.00 5
3325377 29.36 99292.76 29.14 7004703.00 6
3326127 29.44 99296.39 29.14 724442.88 7
3326626 29.52 99295.55 29.14 760490.19 8
3327376 29.56 99297.86 29.15 783623.50 9
3328126 29.58 99298.64 29.13 810126.56 0
3328376 29.51 99299.59 29.11 102400000.00 1
3329875 29.09 99291.86 28.97 102400000.00 2
3333873 28.96 99290.62 29.11 102400000.00 3
3334623 29.18 99289.98 29.10 7750236.50 4
3335373 29.31 99290.47 29.16 7428701.00 5
3336122 29.35 99288.79 29.13 7128127.00 6
3336872 29.43 99284.75 29.13 715333.56 7
3337372 29.51 99284.38 29.14 748264.50 8
3338122 29.55 99285.38 29.15 775170.31 9
3338871 29.57 99282.55 29.10 782276.56 0
3339121 29.50 99283.67 29.15 102400000.00 1
3340621 29.08 99279.76 29.13 102400000.00 2
3344619 28.95 99278.55 28.89 102400000.00 3
3345369 29.18 99283.47 29.05 7413574.50 4
3346119 29.31 99287.16 29.09 7193853.00 5
3346868 29.35 99284.99 29.11 6924767.50 6
3347618 29.43 99289.18 29.13 715333.56 7
3348118 29.50 99291.23 29.13 763894.06 8
3348867 29.55 99291.88 29.12 782725.00 9
3349617 29.57 99289.41 29.12 811571.25 0
3349867 29.50 99288.76 29.16 102400000.00 1
3351366 29.07 99279.20 28.97 102400000.00 2
3355365 28.94 99280.28 28.83 102400000.00 3
3356114 29.18 99283.90 29.07 7816794.00 4
3356864 29.30 99292.14 29.08 7408546.00 5
3357614 29.34 99290.60 29.07 7217621.00 6
3358363 29.42 99291.04 29.05 725212.44 7
3358863 29.50 99295.09 29.03 777377.13 8
3359613 29.54 99292.63 29.01 805823.31 9
3360363 29.56 99293.88 28.97 817891.38 0
3360613 29.49 99292.59 28.88 102400000.00 1
3362112 29.07 99286.75 28.95 102400000.00 2
3366111 28.94 99288.71 28.99 102400000.00 3
3366860 29.17 99290.57 28.90 7878817.00 4
3367610 29.30 99290.12 28.93 7567667.50 5
3368360 29.34 99288.97 28.92 7246351.00 6
3369110 29.41 99291.35 28.91 732999.31 7
3369609 29.49 99291.87 28.93 771665.44 8
3370359 29.53 99294.12 28.90 807252.69 9
3371109 29.55 99290.68 28.87 823316.56 0
3371359 29.48 99290.09 28.85 102400000.00 1
3372858 29.06 99287.38 28.75 102400000.00 2
3377106 28.93 99285.22 28.76 102400000.00 3
3377606 29.17 99289.29 28.92 7890200.00 4
3378356 29.29 99292.59 28.88 7588698.50 5
3379105 29.33 99295.47 28.93 7319187.00 6
3379855 29.40 99295.29 28.93 730645.75 7
3380355 29.48 99294.55 28.89 772101.81 8
3381105 29.53 99290.27 28.90 803925.44 9
3381855 29.55 99288.09 28.88 828814.25 0
3382105 29.47 99286.22 28.79 102400000.00 1
3383604 29.05 99279.58 28.96 102400000.00 2
3387852 28.93 99268.42 29.11 102400000.00 3
3388352 29.16 99271.65 29.15 7901615.50 4
3389102 29.28 99276.04 29.15 7557195.50 5
3389851 29.33 99283.68 29.20 7309391.00 6
3390601 29.40 99286.86 29.22 739350.19 7
3391351 29.48 99285.71 29.20 782725.00 8
3391851 29.53 99287.54 29.18 813990.44 9
3392600 29.54 99287.22 29.15 845233.19 0
3392850 29.46 99284.98 29.13 102400000.00 1
3394350 29.04 99279.63 28.92 102400000.00 2
3398598 28.92 99290.97 28.76 102400000.00 3
3399098 29.15 99293.74 29.09 8192000.00 4
3399848 29.28 99295.38 29.12 7805621.50 5
3400597 29.32 99296.31 29.13 7494968.00 6
3401347 29.40 99296.80 29.07 749085.56 7
3402097 29.48 99296.19 29.10 790886.25 8
3402597 29.52 99293.94 29.05 812537.19 9
3403347 29.54 99291.00 29.05 832858.88 0
3403596 29.46 99288.99 29.05 102400000.00 1
3405096 29.06 99285.22 28.85 102400000.00 2
3409344 28.92 99288.55 29.05 102400000.00 3
3409844 29.15 99290.44 29.08 8076904.00 4
3410594 29.28 99293.87 29.13 7833612.00 5
3411344 29.32 99296.77 29.10 7469341.00 6
3412093 29.39 99299.74 29.12 743375.69 7
3412843 29.48 99301.30 29.10 790428.38 8
3413343 29.51 99302.09 29.05 816424.19 9
3414092 29.54 99298.98 29.03 834896.06 0
3414343 29.46 99298.90 29.04 102400000.00 1
3415842 29.04 99286.20 29.02 102400000.00 2
3420090 28.92 99288.25 28.95 102400000.00 3
3420590 29.14 99287.98 28.96 8106878.00 4
3421340 29.27 99290.20 28.98 7800047.50 5
3422089 29.31 99291.60 28.95 7464237.00 6
3422839 29.39 99290.49 28.94 751697.56 7
3423589 29.47 99288.55 28.94 797818.44 8
3424089 29.52 99289.34 28.94 829821.69 9
3424838 29.54 99290.83 28.91 857980.75 0
3425088 29.46 99290.45 28.90 102400000.00 1
3426588 29.03 99289.29 28.81 102400000.00 2
3430836 28.91 99283.57 28.87 102400000.00 3
3431586 29.14 99283.38 28.89 8335792.50 4
3432085 29.26 99282.16 28.89 8035311.50 5
3432835 29.31 99284.13 28.91 7761250.50 6
3433585 29.38 99280.98 28.90 756277.69 7
3434335 29.46 99282.80 28.90 802507.81 8
3434834 29.51 99286.45 28.88 822820.44 9
3435584 29.53 99288.37 28.87 844187.94 0
3435834 29.46 99288.91 28.78 102400000.00 1
3437333 29.04 99291.80 28.79 102400000.00 2
3441582 28.91 99292.79 29.06 102400000.00 3
3442331 29.14 99289.75 29.12 8124969.00 4
3442831 29.26 99290.84 29.14 7777830.50 5
3443581 29.30 99289.79 29.18 7531142.50 6
3444331 29.38 99288.88 29.22 749085.56 7
3445080 29.46 99288.21 29.22 774730.50 8
3445580 29.51 99287.60 29.21 811571.25 9
3446330 29.53 99289.33 29.22 823813.38 0
3446580 29.45 99286.00 29.17 102400000.00 1
3448079 29.03 99284.50 29.08 102400000.00 2
3452328 28.91 99286.20 29.08 102400000.00 3
3453077 29.14 99287.41 29.07 8000000.00 4
3453577 29.26 99287.07 29.03 7722837.50 5
3454327 29.30 99286.63 29.03 7403524.50 6
3455076 29.37 99286.56 28.99 742567.06 7
3455826 29.45 99286.79 28.99 802507.81 8
3456576 29.50 99287.39 28.95 829317.69 9
3457076 29.52 99286.47 28.91 856366.31 0
3457326 29.45 99286.42 28.72 102400000.00 1
3458825 29.03 99285.50 28.69 102400000.00 2
3463073 28.90 99290.79 28.99 102400000.00 3
3463823 29.13 99290.05 28.96 8285208.50 4
3464323 29.25 99290.49 29.00 7930300.00 5
3465073 29.30 99291.42 29.01 7728302.00 6
3465822 29.38 99293.03 29.02 761763.06 7
3466572 29.45 99291.35 29.02 808208.38 8
3467322 29.50 99290.96 29.01 837970.56 9
3467822 29.52 99291.18 28.99 873906.56 0
3468072 29.44 99289.16 28.76 102400000.00 1
3469571 29.02 99283.99 28.90 102400000.00 2
3473819 28.90 99288.03 28.85 102400000.00 3
3474569 29.13 99286.13 29.05 8464996.00 4
3475069 29.25 99289.87 29.06 8059026.00 5
3475819 29.30 99290.05 29.06 7878817.00 6
3476568 29.37 99289.16 29.03 776934.75 7
3477318 29.45 99286.34 29.04 817891.38 8
3478068 29.50 99286.14 29.03 839000.44 9
3478568 29.52 99285.05 29.03 864499.81 0
3479068 29.44 99283.63 28.94 102400000.00 1
3480317 29.02 99282.70 28.84 102400000.00 2
3484565 28.89 99291.80 29.06 102400000.00 3
3485315 29.13 99294.20 29.09 8531112.00 4
3485815 29.25 99293.35 29.08 8161395.00 5
3486565 29.30 99292.61 29.08 7867467.00 6
3487314 29.37 99293.57 29.06 772101.81 7
3488064 29.45 99291.80 29.03 826306.25 8
3488814 29.50 99291.32 29.02 848911.94 9
3489314 29.52 99289.10 28.99 880670.81 0
3489814 29.43 99287.17 28.88 102400000.00 1
3491063 29.02 99288.98 28.89 102400000.00 2
3495311 28.89 99289.04 28.97 102400000.00 3
3496061 29.12 99288.64 28.86 8707946.00 4
3496561 29.25 99289.75 28.86 8393443.00 5
3497310 29.30 99291.91 28.87 8059026.00 6
3498060 29.36 99291.95 28.87 780487.81 7
3498810 29.44 99292.92 28.87 828814.25 8
3499560 29.49 99294.14 28.83 854757.94 9
3500059 29.51 99294.50 28.82 871674.81 0
3500559 29.44 99293.15 28.91 102400000.00 1
3501809 29.01 99290.03 28.78 102400000.00 2
3506057 28.89 99284.13 29.12 102400000.00 3
3506807 29.13 99283.04 29.10 8571279.00 4
3507306 29.24 99283.26 29.17 8229030.50 5
3508056 29.29 99284.02 29.19 7936062.00 6
3508806 29.36 99284.64 29.17 772101.81 7
3509556 29.45 99286.85 29.17 813990.44 8
3510305 29.49 99289.44 29.18 838485.19 9
3510805 29.52 99288.51 29.14 861771.50 0
3511305 29.44 99287.09 29.28 102400000.00 1
3512554 29.01 99285.41 28.99 102400000.00 2
3516802 28.89 99289.22 29.16 102400000.00 3
3517552 29.12 99288.64 29.14 8478137.00 4
3518052 29.24 99287.39 29.21 8106878.00 5
3518802 29.29 99286.53 29.20 7844864.50 6
3519552 29.36 99286.16 29.22 770794.13 7
3520301 29.44 99285.09 29.27 813021.06 8
3521051 29.49 99284.10 29.25 845233.19 9
3521551 29.51 99283.33 29.30 870563.25 0
3522051 29.43 99281.72 29.43 102400000.00 1
3523300 29.01 99281.26 29.32 102400000.00 2
3527548 28.89 99286.59 29.33 102400000.00 3
3528298 29.11 99286.51 29.28 8445361.00 4
3529048 29.25 99290.50 29.30 8094861.50 5
3529548 29.29 99289.76 29.29 7856149.50 6
3530297 29.36 99290.69 29.25 769057.44 7
3531047 29.45 99290.40 29.25 812053.94 8
3531797 29.49 99289.27 29.24 845233.19 9
3532296 29.51 99288.82 29.22 868901.13 0
3532796 29.43 99287.48 29.45 102400000.00 1
3534046 29.01 99283.32 29.15 102400000.00 2
3538294 28.89 99282.38 29.19 102400000.00 3
3539044 29.12 99281.82 29.11 8458441.00 4
3539793 29.24 99282.98 29.12 8155301.00 5
3540293 29.29 99283.64 29.15 7901615.50 6
3541043 29.36 99285.16 29.16 772101.81 7
3541793 29.44 99284.15 29.17 810607.56 8
3542542 29.49 99286.85 29.18 839516.31 9
3543042 29.51 99290.22 29.14 859601.25 0
3543542 29.43 99289.62 29.06 102400000.00 1
3544792 29.01 99289.98 29.02 102400000.00 2
3549040 28.89 99297.24 29.29 102400000.00 3
3549790 29.13 99299.09 29.17 8386997.50 4
3550539 29.24 99297.78 29.21 8118929.50 5
3551039 29.29 99297.52 29.18 7811204.00 6
3551789 29.36 99296.59 29.19 763894.06 7
3552539 29.45 99298.39 29.22 820841.69 8
3553288 29.49 99297.88 29.20 851028.44 9
3554038 29.51 99297.08 29.17 872789.25 0
3554288 29.43 99295.21 29.26 102400000.00 1
3555538 29.02 99293.15 28.95 102400000.00 2
3559786 28.90 99295.00 28.99 102400000.00 3
3560536 29.12 99295.18 29.17 8666490.00 4
3561285 29.24 99294.86 29.23 8304105.50 5
3561785 29.29 99296.59 29.25 7947611.00 6
3562535 29.36 99297.26 29.30 772538.69 7
3563284 29.45 99297.44 29.31 818381.63 8
3564034 29.48 99298.66 29.31 847331.38 9
3564784 29.51 99298.96 29.28 869454.44 0
3565034 29.43 99297.50 29.46 102400000.00 1
3566283 29.01 99298.66 29.32 102400000.00 2
3570532 28.89 99294.50 29.19 102400000.00 3
3571281 29.12 99294.98 29.21 8517806.00 4
3572031 29.24 99296.20 29.22 8253904.50 5
3572531 29.29 99297.58 29.19 7936062.00 6
3573281 29.37 99298.79 29.24 778263.38 7
3574030 29.45 99296.55 29.22 827809.19 8
3574780 29.49 99296.83 29.20 855829.50 9
3575530 29.52 99292.61 29.17 881808.38 0
3575780 29.44 99291.06 29.17 102400000.00 1
3577029 29.01 99290.14 29.07 102400000.00 2
3581277 28.89 99284.14 28.81 102400000.00 3
3582027 29.12 99282.73 29.08 8701009.00 4
3582777 29.24 99283.41 29.08 8342159.00 5
3583277 29.29 99283.48 29.10 8017617.00 6
3584026 29.36 99285.09 29.06 778263.38 7
3584776 29.44 99284.22 29.06 817401.69 8
3585526 29.49 99287.30 29.05 854223.13 9
3586276 29.51 99286.28 29.01 872789.25 0
3586526 29.43 99285.93 28.85 102400000.00 1
3587775 29.01 99282.03 28.78 102400000.00 2
3592023 28.88 99289.10 28.94 102400000.00 3
3592773 29.11 99290.13 29.07 8571279.00 4
3593523 29.24 99292.17 29.04 8297797.00 5
3594023 29.29 99292.23 29.07 8017617.00 6
3594772 29.36 99294.90 29.07 772101.81 7
3595522 29.44 99297.70 29.05 813990.44 8
3596272 29.48 99298.01 29.05 843145.31 9
3597021 29.51 99299.60 29.01 864499.81 0
3597271 29.43 99297.62 28.99 102400000.00 1
3598521 29.01 99296.33 28.91 102400000.00 2
3602769 28.89 99299.29 28.92 102400000.00 3
3603519 29.12 99301.02 29.04 8511169.00 4
3604268 29.24 99301.63 29.06 8241448.50 5
3604768 29.29 99304.66 29.07 7827998.00 6
3605518 29.36 99305.93 29.11 762188.31 7
3606268 29.44 99307.03 29.12 809646.19 8
3607017 29.48 99308.94 29.11 819363.88 9
3607767 29.51 99306.45 29.10 839516.31 0
3608017 29.44 99307.30 29.25 102400000.00 1
3609267 29.02 99301.86 28.81 102400000.00 2
3613515 28.88 99294.54 28.93 102400000.00 3
3614265 29.12 99295.42 29.05 8247672.00 4
3615014 29.24 99295.36 29.05 7930300.00 5
3615514 29.29 99296.30 29.05 7551970.50 6
3616264 29.36 99294.94 29.04 763466.94 7
3617014 29.44 99295.50 29.04 813990.44 8
3617763 29.48 99295.89 29.01 846281.00 9
3618513 29.50 99296.76 28.96 868901.13 0
3618763 29.43 99295.95 29.02 102400000.00 1
3620013 29.01 99297.83 28.98 102400000.00 2
3624261 28.88 99298.55 28.82 102400000.00 3
3625011 29.11 99298.66 28.87 8714894.00 4
3625760 29.23 99299.10 28.90 8342159.00 5
3626260 29.28 99299.55 28.89 7994145.00 6
3627010 29.36 99300.53 28.86 795031.06 7
3627760 29.44 99301.59 28.83 841067.75 8
3628509 29.48 99301.38 28.82 881808.38 9
3629259 29.50 99301.63 28.74 909413.88 0
3629509 29.43 99303.01 28.83 102400000.00 1
3630759 29.01 99306.10 28.64 102400000.00 2
3635007 28.89 99303.33 28.73 102400000.00 3
3635757 29.11 99302.95 28.73 9077008.00 4
3636506 29.24 99301.32 28.75 8673372.00 5
3637256 29.28 99298.82 28.76 8342159.00 6
3637756 29.36 99299.50 28.76 795958.00 7
3638506 29.43 99298.02 28.77 838485.19 8
3639256 29.48 99299.30 28.76 875026.69 9
3640005 29.50 99299.70 28.77 893347.88 0
3640255 29.43 99300.05 28.72 102400000.00 1
3641505 29.01 99300.14 28.69 102400000.00 2
3645753 28.88 99299.77 28.77 102400000.00 3
3646503 29.11 99299.96 28.72 8957900.00 4
3647253 29.24 99299.73 28.73 8598268.00 5
3648002 29.28 99299.77 28.74 8316751.50 6
3648502 29.35 99298.23 28.75 802036.44 7
3649252 29.43 99297.82 28.73 857441.94 8
3650002 29.47 99293.55 28.74 893347.88 9
3650751 29.50 99292.35 28.73 905793.88 0
3651001 29.43 99291.20 28.68 102400000.00 1
3652251 29.00 99288.08 28.62 102400000.00 2
3656499 28.88 99290.41 28.60 102400000.00 3
3657249 29.11 99292.12 28.78 9183857.00 4
3657998 29.23 99290.16 28.82 8856216.00 5
3658748 29.28 99291.30 28.83 8445361.00 6
3659248 29.35 99291.70 28.85 810126.56 7
3659998 29.43 99291.85 28.85 848384.44 8
3660747 29.47 99291.88 28.85 879536.19 9
3661497 29.50 99290.85 28.83 893932.75 0
3661747 29.42 99289.72 28.79 102400000.00 1
3662997 29.00 99289.59 28.69 102400000.00 2
3667245 28.87 99290.77 28.73 102400000.00 3
3667995 29.10 99290.66 28.81 8885033.00 4
3668744 29.23 99293.12 28.83 8571279.00 5
3669494 29.27 99295.27 28.83 8272658.50 6
3669994 29.35 99296.17 28.80 800625.50 7
3670744 29.43 99298.30 28.83 845756.75 8
3671493 29.47 99299.76 28.82 868348.50 9
3672243 29.50 99299.55 28.81 884092.38 0
3672493 29.41 99298.24 28.80 102400000.00 1
3673742 29.00 99299.95 28.44 102400000.00 2
3677991 28.88 99309.81 28.73 102400000.00 3
3678740 29.10 99313.28 28.77 8856216.00 4
3679490 29.22 99313.52 28.78 8478137.00 5
3680240 29.27 99313.19 28.74 8216650.00 6
3680740 29.35 99313.81 28.77 802036.44 7
3681489 29.43 99311.68 28.76 851028.44 8
3682239 29.47 99312.02 28.74 890434.81 9
3682989 29.50 99309.98 28.72 918591.63 0
3683239 29.42 99307.30 28.83 102400000.00 1
3684488 28.99 99303.20 28.60 102400000.00 2
3688737 28.88 99295.11 28.76 102400000.00 3
3689486 29.10 99294.24 28.87 9214848.00 4
3690236 29.23 99294.45 28.91 8770878.00 5
3690986 29.27 99295.16 28.94 8537780.00 6
3691486 29.35 99295.38 28.94 812053.94 7
3692235 29.43 99295.04 28.97 863406.44 8
3692985 29.46 99294.61 28.97 891597.75 9
3693735 29.49 99297.95 28.95 908204.00 0
3693985 29.42 99296.56 28.89 102400000.00 1
3695234 28.99 99296.91 28.80 102400000.00 2
3699482 28.87 99297.58 29.06 102400000.00 3
3700232 29.09 99297.56 29.01 9137758.00 4
3700982 29.22 99299.41 29.02 8856216.00 5
3701731 29.27 99300.27 29.07 8464996.00 6
3702231 29.34 99299.03 29.04 803925.44 7
3702981 29.42 99298.15 29.03 848911.94 8
3703730 29.46 99297.49 29.02 868901.13 9
3704480 29.49 99298.27 29.02 897458.38 0
3704730 29.42 99297.57 28.97 102400000.00 1
3706229 28.99 99295.24 28.65 102400000.00 2
3710228 28.88 99310.54 28.92 102400000.00 3
3710978 29.10 99314.71 28.94 8892266.00 4
3711727 29.22 99315.06 28.98 8578010.00 5
3712477 29.27 99316.01 28.97 8229030.50 6
3712977 29.34 99316.10 28.98 804399.06 7
3713727 29.43 99312.30 28.95 849968.88 8
3714477 29.47 99309.50 28.96 879536.19 9
3715226 29.49 99305.05 28.93 910626.94 0
3715477 29.41 99303.80 29.00 102400000.00 1
3716976 29.00 99302.15 28.90 102400000.00 2
3720974 28.87 99303.04 29.14 102400000.00 3
3721724 29.10 99301.19 29.06 8979995.00 4
3722474 29.23 99295.94 29.14 8605042.00 5
3723223 29.27 99293.82 29.08 8316751.50 6
3723723 29.35 99298.06 29.12 797352.56 7
3724473 29.43 99299.29 29.10 843145.31 8
3725223 29.47 99299.61 29.08 876712.31 9
3725972 29.48 99298.50 29.05 895692.13 0
3726222 29.41 99299.47 29.21 102400000.00 1
3727722 29.00 99302.84 29.02 102400000.00 2
3731720 28.88 99306.88 29.03 102400000.00 3
3732470 29.10 99307.63 29.08 8972618.00 4
3733220 29.22 99306.02 29.01 8611827.00 5
3733969 29.27 99307.41 29.02 8291498.00 6
3734469 29.35 99305.38 29.04 797352.56 7
3735219 29.43 99306.91 29.05 846805.88 8
3735968 29.47 99303.23 29.03 870563.25 9
3736718 29.50 99305.45 29.02 896868.81 0
3736968 29.42 99304.62 29.02 102400000.00 1
3738468 29.00 99304.62 28.74 102400000.00 2
3742466 28.88 99300.51 29.07 102400000.00 3
3743216 29.11 99302.53 29.05 9002198.00 4
3743965 29.23 99300.46 29.01 8584752.00 5
3744715 29.28 99299.80 29.06 8266397.50 6
3745215 29.35 99299.31 29.10 809166.31 7
3745965 29.43 99299.57 29.06 849440.06 8
3746714 29.48 99299.87 29.05 890434.81 9
3747464 29.50 99299.80 29.05 919210.06 0
3747714 29.42 99299.10 28.78 102400000.00 1
3749213 29.00 99300.59 29.03 102400000.00 2
3753212 28.87 99311.77 29.06 102400000.00 3
3753962 29.11 99317.26 29.15 9122494.00 4
3754711 29.23 99316.76 29.19 8784987.00 5
3755461 29.28 99317.27 29.19 8491319.00 6
3756211 29.35 99315.52 29.22 811089.13 7
3756711 29.43 99316.66 29.22 860685.00 8
3757460 29.48 99315.46 29.24 899824.25 9
3758210 29.50 99313.96 29.20 914285.69 0
3758460 29.43 99311.13 29.29 102400000.00 1
3759959 29.00 99306.60 29.08 102400000.00 2
3763958 28.88 99299.84 29.13 102400000.00 3
3764707 29.11 99299.52 29.16 9246050.00 4
3765457 29.23 99300.14 29.15 8870601.00 5
3766207 29.28 99298.48 29.15 8605042.00 6
3766956 29.36 99301.31 29.13 823316.56 7
3767456 29.43 99300.15 29.13 878969.94 8
3768206 29.48 99302.73 29.08 912452.69 9
3768956 29.50 99304.80 29.05 934946.38 0
3769206 29.43 99304.82 29.05 102400000.00 1
3770705 29.01 99307.05 29.03 102400000.00 2
3774703 28.87 99313.59 29.04 102400000.00 3
3775453 29.11 99316.63 29.07 9397190.00 4
3776203 29.23 99312.48 29.05 9077008.00 5
3776953 29.28 99309.05 29.10 8756815.00 6
3777702 29.36 99304.16 29.11 833876.25 7
3778202 29.43 99301.20 29.08 889854.44 8
3778952 29.48 99298.25 29.07 909413.88 9
3779702 29.50 99296.80 29.07 931756.13 0
3779952 29.42 99295.75 29.13 102400000.00 1
3781451 29.00 99295.91 28.87 102400000.00 2
3785449 28.88 99299.35 29.08 102400000.00 3
3786199 29.11 99295.77 29.02 9397190.00 4
3786949 29.24 99294.97 29.01 9145409.00 5
3787698 29.28 99295.32 29.04 8742796.00 6
3788448 29.35 99298.77 29.01 838485.19 7
3788948 29.43 99302.03 28.97 888696.00 8
3789698 29.48 99304.55 28.94 927956.50 9
3790447 29.50 99303.83 28.88 951230.81 0
3790697 29.41 99299.41 28.89 102400000.00 1
3792197 29.01 99304.74 28.62 102400000.00 2
3796195 28.88 99303.65 28.68 102400000.00 3
3796945 29.10 99303.70 28.75 9758189.00 4
3797694 29.23 99303.40 28.74 9324986.00 5
3798444 29.28 99304.24 28.76 9002198.00 6
3799194 29.35 99306.14 28.75 853155.56 7
3799694 29.43 99306.25 28.74 901011.88 8
3800443 29.47 99303.34 28.73 936228.56 9
3801193 29.50 99304.94 28.74 957904.56 0
3801443 29.42 99303.38 28.45 102400000.00 1
3802942 29.00 99312.56 28.79 102400000.00 2
3806941 28.88 99303.03 28.85 102400000.00 3
3807690 29.10 99300.43 28.83 9766915.00 4
3808440 29.23 99300.88 28.85 9462316.00 5
3809190 29.28 99301.91 28.84 9107282.00 6
3809939 29.35 99302.56 28.87 854757.94 7
3810439 29.43 99304.17 28.86 907600.25 8
3811189 29.47 99303.52 28.85 951894.00 9
3811939 29.50 99300.66 28.82 968092.63 0
3812189 29.42 99297.93 28.58 102400000.00 1
3813688 28.99 99294.95 28.79 102400000.00 2
3817686 28.88 99298.77 28.68 102400000.00 3
3818436 29.10 99299.55 28.77 9962907.00 4
3819186 29.23 99304.28 28.83 9462316.00 5
3819935 29.28 99309.81 28.85 9145409.00 6
3820685 29.35 99312.02 28.85 860685.00 7
3821185 29.43 99310.98 28.88 913062.88 8
3821935 29.47 99310.34 28.90 941392.81 9
3822684 29.50 99307.57 28.90 963311.38 0
3822934 29.41 99305.24 28.81 102400000.00 1
3824434 29.00 99301.59 28.79 102400000.00 2
3828432 28.87 99297.55 28.78 102400000.00 3
3829182 29.11 99302.41 28.91 9697544.00 4
3829931 29.23 99304.37 28.93 9462316.00 5
3830681 29.27 99304.55 28.92 9002198.00 6
3831431 29.35 99304.63 28.90 860142.81 7
3831931 29.43 99306.52 28.86 906395.25 8
3832681 29.47 99307.63 28.85 938158.50 9
3833430 29.49 99307.68 28.80 970156.31 0
3833680 29.42 99308.78 28.80 102400000.00 1
3835180 29.00 99309.31 28.63 102400000.00 2
3839178 28.88 99305.88 28.87 102400000.00 3
3839928 29.10 99305.79 28.90 9881785.00 4
3840677 29.23 99305.97 28.91 9503480.00 5
3841427 29.28 99307.38 28.93 9168439.00 6
3842177 29.35 99308.41 28.96 854757.94 7
3842676 29.43 99310.02 28.99 902799.19 8
3843426 29.47 99308.77 28.96 930486.13 9
3844176 29.50 99307.70 28.98 950568.56 0
3844426 29.42 99307.26 29.14 102400000.00 1
3845925 29.00 99301.09 28.87 102400000.00 2
3849924 28.87 99301.90 28.90 102400000.00 3
3850673 29.10 99302.61 28.99 9654685.00 4
3851423 29.23 99303.97 28.99 9317032.00 5
3852173 29.27 99302.89 29.01 8957900.00 6
3852923 29.35 99303.52 28.98 844187.94 7
3853422 29.43 99304.23 28.97 884665.25 8
3854172 29.47 99304.20 28.96 902799.19 9
3854922 29.50 99301.95 28.93 926696.81 0
3855172 29.41 99301.27 29.00 102400000.00 1
3856671 29.00 99302.55 28.71 102400000.00 2
3860670 28.87 99298.96 28.74 102400000.00 3
3861419 29.09 99297.93 28.91 9405281.00 4
3862169 29.22 99299.14 28.93 8965253.00 5
3862919 29.27 99299.21 28.90 8728823.00 6
3863669 29.34 99302.15 28.90 829317.69 7
3864168 29.43 99305.29 28.90 885813.13 8
3864918 29.46 99303.85 28.87 921692.19 9
3865668 29.49 99305.52 28.84 943996.31 0
3865918 29.43 99307.14 28.84 102400000.00 1
3867417 28.99 99305.29 28.51 102400000.00 2
3871415 28.87 99300.68 28.74 102400000.00 3
3872165 29.10 99298.32 28.81 9620669.00 4
3872915 29.22 99297.28 28.79 9324986.00 5
3873664 29.27 99295.08 28.79 9002198.00 6
3874414 29.35 99294.34 28.79 845233.19 7
3874914 29.43 99293.48 28.81 891597.75 8
3875664 29.47 99294.04 28.79 931120.69 9
3876413 29.49 99292.59 28.77 957233.00 0
3876663 29.41 99291.61 28.83 102400000.00 1
3878163 28.99 99293.02 28.67 102400000.00 2
3882161 28.87 99299.66 28.88 102400000.00 3
3882911 29.10 99301.13 28.72 9766915.00 4
3883660 29.23 99304.41 28.77 9421507.00 5
3884410 29.28 99306.02 28.75 8972618.00 6
3884910 29.35 99306.95 28.76 856366.31 7
3885660 29.43 99308.52 28.74 901011.88 8
3886410 29.47 99309.94 28.76 936871.00 9
3887159 29.50 99310.14 28.71 954556.06 0
3887409 29.42 99308.70 28.86 102400000.00 1
3888909 28.99 99306.65 28.70 102400000.00 2
3892907 28.88 99306.93 28.80 102400000.00 3
3893657 29.11 99307.44 28.84 9793186.00 4
3894406 29.23 99307.13 28.89 9356939.00 5
3895156 29.27 99306.03 28.90 9024511.00 6
3895656 29.34 99302.60 28.92 853155.56 7
3896406 29.43 99305.56 28.92 903396.56 8
3897155 29.46 99303.63 28.91 934946.38 9
3897905 29.49 99303.57 28.90 940096.38 0
3898155 29.41 99303.72 28.78 102400000.00 1
3899655 28.99 99303.83 28.82 102400000.00 2
3903653 28.88 99298.58 28.89 102400000.00 3
3904403 29.10 99299.38 28.94 9706161.00 4
3905152 29.23 99299.91 28.97 9340935.00 5
3905902 29.27 99301.52 29.02 8921318.00 6
3906402 29.34 99300.39 29.01 839516.31 7
3907152 29.43 99302.35 29.02 886388.25 8
3907901 29.47 99304.10 29.01 910020.00 9
3908651 29.50 99305.24 29.01 923562.56 0
3908901 29.41 99303.63 29.05 102400000.00 1
3910400 28.99 99301.92 28.97 102400000.00 2
3914399 28.87 99298.05 29.02 102400000.00 3
3915148 29.10 99298.27 29.09 9340935.00 4
3915898 29.23 99299.05 29.11 8935915.00 5
3916648 29.28 99299.63 29.10 8652759.00 6
3917148 29.35 99300.95 29.11 822820.44 7
3917897 29.43 99299.50 29.11 886964.06 8
3918647 29.48 99301.82 29.14 922938.25 9
3919397 29.50 99301.42 29.13 957233.00 0
3919647 29.42 99299.99 29.20 102400000.00 1
3921146 28.99 99300.20 29.15 102400000.00 2
3925144 28.87 99302.80 29.01 102400000.00 3
3925894 29.10 99303.48 29.07 9732106.00 4
3926644 29.23 99302.59 29.10 9301164.00 5
3927394 29.28 99303.48 29.11 8994785.00 6
3927893 29.35 99303.19 29.10 852090.69 7
3928643 29.43 99303.74 29.05 903396.56 8
3929393 29.48 99305.49 29.05 938158.50 9
3930143 29.50 99307.39 29.03 963311.38 0
3930393 29.43 99305.59 29.22 102400000.00 1
3931642 29.00 99304.82 29.03 102400000.00 2
3935890 28.88 99307.18 28.84 102400000.00 3
3936640 29.11 99310.11 28.88 9863937.00 4
3937390 29.23 99308.73 28.88 9437788.00 5
3938139 29.28 99310.02 28.89 9153073.00 6
3938639 29.35 99309.55 28.91 859060.38 7
3939389 29.43 99309.37 28.89 903994.69 8
3940139 29.48 99309.98 28.88 936228.56 9
3940889 29.50 99307.67 28.88 963311.38 0
3941139 29.43 99306.56 28.88 102400000.00 1
3942388 29.00 99302.12 28.84 102400000.00 2
3946636 28.88 99294.59 28.68 102400000.00 3
3947386 29.11 99295.31 28.94 9899698.00 4
3948136 29.23 99296.70 28.98 9421507.00 5
3948886 29.28 99299.24 28.94 9199326.00 6
3949385 29.35 99300.80 28.93 854223.13 7
3950135 29.43 99303.43 28.93 904593.63 8
3950885 29.48 99304.33 28.92 936871.00 9
3951635 29.50 99308.59 28.90 954556.06 0
3951885 29.41 99304.33 28.94 102400000.00 1
3953134 29.00 99306.70 28.87 102400000.00 2
3957382 28.88 99302.63 28.99 102400000.00 3
3958132 29.11 99304.28 28.89 9775656.00 4
3958882 29.23 99303.01 28.84 9364961.00 5
3959631 29.29 99303.41 28.85 9017061.00 6
3960131 29.36 99301.12 28.85 848384.44 7
3960881 29.43 99300.09 28.83 897458.38 8
3961631 29.48 99302.63 28.80 935587.00 9
3962380 29.50 99300.41 28.77 965354.69 0
3962630 29.43 99299.36 28.77 102400000.00 1
3963880 29.01 99301.33 28.61 102400000.00 2
3968128 28.88 99293.60 28.75 102400000.00 3
3968878 29.10 99293.39 28.74 9972002.00 4
3969627 29.23 99297.14 28.77 9503480.00 5
3970377 29.28 99298.12 28.77 9122494.00 6
3970877 29.35 99297.18 28.78 860142.81 7
3971627 29.43 99295.14 28.79 908204.00 8
3972376 29.47 99294.90 28.80 949907.25 9
3973126 29.50 99294.66 28.81 966037.75 0
3973376 29.43 99294.59 28.88 102400000.00 1
3974626 28.99 99290.73 28.64 102400000.00 2
3978874 28.88 99291.07 29.04 102400000.00 3
3979623 29.10 99289.45 28.88 10063882.00 4
3980373 29.23 99290.43 28.92 9663226.00 5
3981123 29.28 99291.70 28.91 9340935.00 6
3981623 29.35 99291.39 28.90 865047.50 7
3982373 29.43 99294.27 28.88 912452.69 8
3983122 29.48 99296.81 28.84 942042.31 9
3983872 29.50 99294.87 28.79 980608.06 0
3984122 29.42 99294.95 28.78 102400000.00 1
3985371 29.00 99294.59 28.76 102400000.00 2
3989620 28.88 99299.19 28.61 102400000.00 3
3990369 29.10 99299.41 28.66 10082462.00 4
3991119 29.23 99298.88 28.67 9766915.00 5
3991619 29.28 99298.89 28.64 9389112.00 6
3992369 29.35 99300.29 28.66 878404.44 7
3993118 29.43 99297.69 28.65 933667.63 8
3993868 29.47 99297.95 28.65 973615.38 9
3994618 29.50 99296.34 28.62 990568.31 0
3994868 29.41 99294.00 28.56 102400000.00 1
3996117 28.99 99292.77 28.43 102400000.00 2
4000365 28.87 99296.25 28.57 102400000.00 3
4001115 29.10 99296.28 28.60 10281770.00 4
4001865 29.23 99296.85 28.59 9863937.00 5
4002365 29.27 99293.68 28.59 9405281.00 6
4003114 29.35 99294.63 28.60 886388.25 7
4003864 29.43 99296.87 28.59 938158.50 8
4004614 29.47 99296.62 28.55 973615.38 9
4005363 29.49 99295.37 28.54 992729.06 0
4005613 29.41 99293.55 28.44 102400000.00 1
4006863 29.00 99294.55 28.37 102400000.00 2
4011111 28.87 99292.87 28.54 102400000.00 3
4011861 29.10 99295.39 28.55 10272100.00 4
4012611 29.22 99296.57 28.58 9846154.00 5
4013110 29.27 99296.45 28.61 9586893.00 6
4013860 29.34 99298.32 28.61 884092.38 7
4014610 29.42 99299.19 28.58 935587.00 8
4015359 29.46 99299.84 28.58 963311.38 9
4016109 29.49 99301.41 28.55 993451.38 0
4016359 29.42 99299.89 28.54 102400000.00 1
4017609 28.99 99296.93 28.33 102400000.00 2
4021857 28.87 99294.48 28.71 102400000.00 3
4022607 29.09 99293.96 28.61 10176398.00 4
4023356 29.22 99294.89 28.63 9801974.00 5
4023856 29.26 99293.86 28.64 9561716.00 6
4024606 29.34 99293.66 28.61 886964.06 7
4025355 29.42 99295.20 28.61 942692.75 8
4026105 29.46 99296.97 28.59 981312.88 9
4026855 29.48 99295.88 28.58 1006635.56 0
4027105 29.41 99293.59 28.63 102400000.00 1
4028354 29.00 99294.72 28.57 102400000.00 2
4032602 28.87 99297.38 28.62 102400000.00 3
4033352 29.09 99298.25 28.63 10499199.00 4
4034102 29.22 99299.20 28.68 9999390.00 5
4034602 29.27 99299.39 28.71 9671783.00 6
4035351 29.34 99298.51 28.71 892180.38 7
4036101 29.43 99301.46 28.71 940096.38 8
4036851 29.46 99300.49 28.69 963991.50 9
4037601 29.49 99300.94 28.66 995624.69 0
4037851 29.41 99299.77 28.73 102400000.00 1
4039100 28.99 99300.20 28.64 102400000.00 2
4043348 28.87 99300.75 28.56 102400000.00 3
4044098 29.09 99302.84 28.67 10429026.00 4
4044848 29.22 99303.94 28.65 10063882.00 5
4045348 29.27 99304.28 28.64 9612203.00 6
4046097 29.34 99304.72 28.67 876149.75 7
4046847 29.42 99306.34 28.64 934306.56 8
4047597 29.46 99304.50 28.63 972921.63 9
4048346 29.49 99304.81 28.62 995624.69 0
4048596 29.41 99304.45 28.60 102400000.00 1
4049846 28.99 99305.30 28.58 102400000.00 2
4054094 28.86 99298.66 28.59 102400000.00 3
4054844 29.09 99298.39 28.65 10204921.00 4
4055594 29.22 99298.92 28.69 9899698.00 5
4056093 29.27 99299.33 28.73 9486972.00 6
4056843 29.34 99299.84 28.74 898639.75 7
4057593 29.43 99299.30 28.77 940096.38 8
4058342 29.46 99296.89 28.79 977799.00 9
4059092 29.48 99297.54 28.77 1011857.69 0
4059342 29.41 99296.84 28.94 102400000.00 1
4060592 28.99 99297.87 28.66 102400000.00 2
4064840 28.87 99300.79 28.62 102400000.00 3
4065590 29.10 99302.19 28.90 10519422.00 4
4066339 29.22 99302.47 28.97 10073163.00 5
4066839 29.26 99300.98 28.97 9793186.00 6
4067589 29.34 99301.52 28.95 899231.63 7
4068339 29.41 99299.74 28.97 953223.19 8
4069088 29.46 99301.35 28.94 987701.94 9
4069838 29.49 99300.67 28.93 1025538.31 0
4070088 29.42 99301.05 28.89 102400000.00 1
4071337 28.98 99299.08 28.95 102400000.00 2
4075586 28.87 99296.84 28.87 102400000.00 3
4076336 29.09 99296.32 28.82 10673616.00 4
4077085 29.22 99295.63 28.84 10243201.00 5
4077585 29.27 99295.45 28.80 9872853.00 6
4078335 29.34 99292.86 28.88 889274.88 7
4079085 29.42 99293.76 28.82 942042.31 8
4079834 29.46 99294.05 28.85 986987.94 9
4080584 29.49 99294.15 28.83 1011857.69 0
4080834 29.42 99294.85 28.86 102400000.00 1
4082084 28.99 99290.64 28.95 102400000.00 2
4086332 28.87 99290.25 28.99 102400000.00 3
4087082 29.09 99288.66 29.04 10458985.00 4
4087831 29.22 99290.57 29.08 9981115.00 5
4088331 29.26 99290.17 29.07 9706161.00 6
4089081 29.34 99290.78 29.06 899824.25 7
4089830 29.42 99289.72 29.06 949907.25 8
4090580 29.47 99290.16 29.06 976400.50 9
4091330 29.49 99291.86 29.05 1001467.00 0
4091580 29.41 99291.02 28.79 102400000.00 1
4092829 28.99 99289.05 28.88 102400000.00 2
4097078 28.87 99293.49 29.09 102400000.00 3
4097827 29.09 99294.41 28.92 10448980.00 4
4098577 29.22 99296.41 28.94 10063882.00 5
4099077 29.27 99297.77 28.87 9706161.00 6
4099827 29.34 99299.16 28.88 900417.69 7
4100576 29.43 99300.25 28.84 949907.25 8
4101326 29.46 99300.02 28.80 978499.75 9
4101826 29.49 99301.51 28.79 1007378.25 0
4102326 29.42 99301.59 28.65 102400000.00 1
4103575 28.99 99299.30 28.74 102400000.00 2
4107824 28.87 99295.42 28.43 102400000.00 3
4108573 29.10 99295.72 28.78 10369620.00 4
4109073 29.23 99294.15 28.85 10082462.00 5
4109823 29.27 99294.08 28.81 9688941.00 6
4110573 29.34 99293.27 28.80 892763.75 7
4111322 29.43 99293.52 28.82 951894.00 8
4112072 29.46 99293.50 28.78 977099.25 9
4112572 29.50 99294.48 28.78 1011108.38 0
4113072 29.42 99294.36 28.69 102400000.00 1
4114321 29.00 99296.30 28.70 102400000.00 2
4118569 28.88 99297.02 28.79 102400000.00 3
4119319 29.11 99297.38 28.93 10601100.00 4
4119819 29.23 99297.88 28.97 10138614.00 5
4120568 29.28 99297.13 29.01 9706161.00 6
4121318 29.35 99297.59 29.01 895104.88 7
4122068 29.43 99296.52 29.08 959250.56 8
4122817 29.47 99296.79 29.10 995624.69 9
4123317 29.50 99295.59 29.07 1022466.31 0
4123817 29.42 99296.82 28.93 102400000.00 1
4125067 29.00 99294.13 28.94 102400000.00 2
4129315 28.87 99290.62 29.05 102400000.00 3
4130065 29.10 99292.67 29.14 10611399.00 4
4130565 29.22 99291.97 29.12 10262449.00 5
4131314 29.27 99293.32 29.15 9926689.00 6
4132064 29.35 99295.79 29.10 910626.94 7
4132814 29.43 99296.90 29.08 968092.63 8
4133563 29.47 99295.65 29.03 1010360.13 9
4134063 29.50 99294.55 28.99 1027081.25 0
4134563 29.42 99294.13 28.98 102400000.00 1
4135813 29.00 99291.56 28.78 102400000.00 2
4140061 28.88 99294.52 28.99 102400000.00 3
4140811 29.11 99292.65 29.01 10800264.00 4
4141310 29.23 99293.64 29.06 10243201.00 5
4142060 29.28 99295.52 29.06 9935719.00 6
4142810 29.35 99295.87 29.07 917357.25 7
4143559 29.43 99297.07 29.09 975005.94 8
4144309 29.48 99297.47 29.06 1011857.69 9
4144809 29.50 99298.59 29.03 1039593.94 0
4145059 29.42 99296.39 29.03 102400000.00 1
4146559 29.00 99296.93 28.89 102400000.00 2
