=~=~=~=~=~=~=~=~=~=~=~= PuTTY log 2024.11.21 03:03:12 =~=~=~=~=~=~=~=~=~=~=~=
Y: 26   Z: -1
temperature: 24.880
gas: 438637.000
Quaternion values - X: 0.062   Y: -0.630   Z: -0.014   W: 0.774   Accuracy: 3.142
BSEC output values - iaq: 50   iaq_s: 50   b_voc_eq: 0.49   co2_eq: 600   accuracy: 1   comp_t: 24.88   comp_h: 44.94   cXYZ values - X: 15987   Y: 1885   Z: 3252
XYZ values - X: -8   Y: 15   Z: 1
temperature: 24.880
gas: 438637.000
Quaternion values - X: 0.061   Y: -0.630   Z: -0.014   W: 0.774   Accuracy: 3.142
BSEC output values - iaq: 50   iaq_s: 50   b_voc_eq: 0.49   co2_eq: 600   accuracy: 1   comp_t: 24.88   comp_h: 44.94   comp_g: 0
BSEC2 output values (%) - gas[0]: 1   gas[1]: 98   gas[2]: 0   gas[3]: 0   accuracy: 3
XYZ values - X: 16133   Y: 1800   Z: 3389
XYZ values - X: 10   Y: -10   Z: -9
temperature: 24.880
gas: 438637.000
Quaternion values - X: 0.061   Y: -0.629   Z: -0.014   W: 0.774   Accuracy: 3.142
BSEC output values - iaq: 50   iaq_s: 50   b_voc_eq: 0.49   co2_eq: 600   accuracy: 1   comp_t: 24.88   comp_h: 44.94   comp_g: 0
BSEC2 output values (%) - gas[0]: 1   gas[1]: 98   gas[2]: 0   gas[3]: 0   accuracy: 3
XYZ values - X: 3701   Y: 10366   Z: -6701
XYZ values - X: 3527   Y: -1217   Z: -3343
temperature: 24.880
gas: 470048.000
Quaternion values - X: 0.560   Y: -0.443   Z: -0.101   W: 0.693   Accuracy: 3.142
BSEC output values - iaq: 50   iaq_s: 50   b_voc_eq: 0.49   co2_eq: 600   accuracy: 1   comp_t: 24.89   comp_h: 44.43   comp_g: 0
BSEC2 output values (%) - gas[0]: 0   gas[1]: 99   gas[2]: 0   gas[3]: 0   accuracy: 3
XYZ values - X: 2911   Y: 14952   Z: -6846
XYZ values - X: 341   Y: -1749   Z: -729
temperature: 24.880
gas: 470048.000
Quaternion values - X: 0.814   Y: -0.120   Z: -0.031   W: 0.568   Accuracy: 3.142
BSEC output values - iaq: 50   iaq_s: 50   b_voc_eq: 0.49   co2_eq: 600   accuracy: 1   comp_t: 24.89   comp_h: 44.43   comp_g: 0
BSEC2 output values (%) - gas[0]: 0   gas[1]: 99   gas[2]: 0   gas[3]: 0   accuracy: 3
XYZ values - X: -742   Y: 17904   Z: 1661
XYZ values - X: -927   Y: 530   Z: 976
temperature: 24.880
gas: 470048.000
Quaternion values - X: 0.682   Y: -0.048   Z: -0.047   W: 0.728   Accuracy: 3.142
BSEC output values - iaq: 50   iaq_s: 50   b_voc_eq: 0.49   co2_eq: 600   accuracy: 1   comp_t: 24.89   comp_h: 44.43   comp_g: 0
BSEC2 output values (%) - gas[0]: 0   gas[1]: 99   gas[2]: 0   gas[3]: 0   accuracy: 3
XYZ values - X: 416   Y: 16029   Z: -3705
XYZ values - X: 1250   Y: -2575   Z: -1400
temperature: 24.880
gas: 470048.000
Quaternion values - X: 0.704   Y: -0.280   Z: -0.293   W: 0.583   Accuracy: 3.142
BSEC output values - iaq: 50   iaq_s: 50   b_voc_eq: 0.49   co2_eq: 600   accuracy: 1   comp_t: 24.89   comp_h: 44.43   comp_g: 0
BSEC2 output values (%) - gas[0]: 0   gas[1]: 99   gas[2]: 0   gas[3]: 0   accuracy: 3
XYZ values - X: 1605   Y: 17330   Z: -681
XYZ values - X: -139   Y: -468   Z: 249
temperature: 24.880
gas: 470048.000
Quaternion values - X: 0.637   Y: -0.332   Z: -0.319   W: 0.619   Accuracy: 3.142
BSEC output values - iaq: 50   iaq_s: 50   b_voc_eq: 0.49   co2_eq: 600   accuracy: 1   comp_t: 24.89   comp_h: 44.43   comp_g: 0
BSEC2 output values (%) - gas[0]: 0   gas[1]: 99   gas[2]: 0   gas[3]: 0   accuracy: 3
XYZ values - X: 3622   Y: 16771   Z: 531
XYZ values - X: -383   Y: -623   Z: 648
temperature: 24.880
gas: 470048.000
Quaternion values - X: 0.578   Y: -0.373   Z: -0.287   W: 0.667   Accuracy: 3.142
BSEC output values - iaq: 50   iaq_s: 50   b_voc_eq: 0.49   co2_eq: 600   accuracy: 1   comp_t: 24.89   comp_h: 44.43   comp_g: 0
BSEC2 output values (%) - gas[0]: 0   gas[1]: 99   gas[2]: 0   gas[3]: 0   accuracy: 3
XYZ values - X: 5075   Y: 16380   Z: 1306
XYZ values - X: -228   Y: 105   Z: 120
temperature: 24.880
gas: 470048.000
Quaternion values - X: 0.543   Y: -0.411   Z: -0.264   W: 0.682   Accuracy: 3.142
BSEC output values - iaq: 50   iaq_s: 50   b_voc_eq: 0.49   co2_eq: 600   accuracy: 1   comp_t: 24.89   comp_h: 44.43   comp_g: 0
BSEC2 output values (%) - gas[0]: 0   gas[1]: 99   gas[2]: 0   gas[3]: 0   accuracy: 3
XYZ values - X: 6471   Y: 15153   Z: 2281
XYZ values - X: -93   Y: -137   Z: -378
temperature: 24.880
gas: 470048.000
Quaternion values - X: 0.518   Y: -0.410   Z: -0.221   W: 0.717   Accuracy: 3.142
BSEC output values - iaq: 50   iaq_s: 50   b_voc_eq: 0.49   co2_eq: 600   accuracy: 1   comp_t: 24.89   comp_h: 44.43   comp_g: 0
BSEC2 output values (%) - gas[0]: 0   gas[1]: 99   gas[2]: 0   gas[3]: 0   accuracy: 3
XYZ values - X: 4400   Y: 15269   Z: 2559
XYZ values - X: -170   Y: -186   Z: 259
temperature: 24.880
gas: 470048.000
Quaternion values - X: 0.514   Y: -0.394   Z: -0.252   W: 0.719   Accuracy: 3.142
BSEC output values - iaq: 50   iaq_s: 50   b_voc_eq: 0.49   co2_eq: 600   accuracy: 1   comp_t: 24.89   comp_h: 44.43   comp_g: 0
BSEC2 output values (%) - gas[0]: 0   gas[1]: 99   gas[2]: 0   gas[3]: 0   accuracy: 3
XYZ values - X: 5697   Y: 11201   Z: -2679
XYZ values - X: -1820   Y: 3518   Z: -1033
temperature: 24.880
gas: 470048.000
Quaternion values - X: 0.486   Y: -0.633   Z: -0.139   W: 0.586   Accuracy: 3.142
BSEC output values - iaq: 50   iaq_s: 50   b_voc_eq: 0.49   co2_eq: 600   accuracy: 1   comp_t: 24.89   comp_h: 44.43   comp_g: 0
BSEC2 output values (%) - gas[0]: 0   gas[1]: 99   gas[2]: 0   gas[3]: 0   accuracy: 3
XYZ values - X: 9754   Y: 8533   Z: -4672
XYZ values - X: -984   Y: 4109   Z: 2098
temperature: 24.880
gas: 470048.000
Quaternion values - X: 0.410   Y: -0.554   Z: 0.133   W: 0.712   Accuracy: 3.142
BSEC output values - iaq: 50   iaq_s: 50   b_voc_eq: 0.49   co2_eq: 600   accuracy: 1   comp_t: 24.89   comp_h: 44.43   comp_g: 0
BSEC2 output values (%) - gas[0]: 0   gas[1]: 99   gas[2]: 0   gas[3]: 0   accuracy: 3
XYZ values - X: 13454   Y: 3829   Z: 8190
XYZ values - X: 1083   Y: 230   Z: 839
temperature: 24.920
gas: 289183.000
Quaternion values - X: 0.302   Y: -0.387   Z: 0.440   W: 0.752   Accuracy: 3.142
BSEC output values - iaq: 50   iaq_s: 50   b_voc_eq: 0.49   co2_eq: 600   accuracy: 1   comp_t: 24.92   comp_h: 44.90   comp_g: 0
BSEC2 output values (%) - gas[0]: 0   gas[1]: 99   gas[2]: 0   gas[3]: 0   accuracy: 3
XYZ values - X: 12186   Y: -4014   Z: 10423
XYZ values - X: -204   Y: 568   Z: 1671
temperature: 24.920
gas: 289183.000
Quaternion values - X: 0.135   Y: -0.426   Z: 0.577   W: 0.683   Accuracy: 3.142
BSEC output values - iaq: 50   iaq_s: 50   b_voc_eq: 0.49   co2_eq: 600   accuracy: 1   comp_t: 24.92   comp_h: 44.90   comp_g: 0
BSEC2 output values (%) - gas[0]: 0   gas[1]: 99   gas[2]: 0   gas[3]: 0   accuracy: 3
XYZ values - X: 12081   Y: -5639   Z: 10503
XYZ values - X: -195   Y: 313   Z: 466
temperature: 24.920
gas: 289183.000
Quaternion values - X: 0.126   Y: -0.433   Z: 0.563   W: 0.693   Accuracy: 3.142
BSEC output values - iaq: 50   iaq_s: 50   b_voc_eq: 0.49   co2_eq: 600   accuracy: 1   comp_t: 24.92   comp_h: 44.90   comp_g: 0
BSEC2 output values (%) - gas[0]: 0   gas[1]: 99   gas[2]: 0   gas[3]: 0   accuracy: 3
XYZ values - X: 13505   Y: -5337   Z: 8428
XYZ values - X: -13   Y: 301   Z: -14
temperature: 24.920
gas: 289183.000
Quaternion values - X: 0.130   Y: -0.458   Z: 0.548   W: 0.687   Accuracy: 3.142
BSEC output values - iaq: 50   iaq_s: 50   b_voc_eq: 0.49   co2_eq: 600   accuracy: 1   comp_t: 24.92   comp_h: 44.90   comp_g: 0
BSEC2 output values (%) - gas[0]: 0   gas[1]: 99   gas[2]: 0   gas[3]: 0   accuracy: 3
XYZ values - X: 13015   Y: -4686   Z: 9109
XYZ values - X: -104   Y: -183   Z: 43
temperature: 24.920
gas: 289183.000
Quaternion values - X: 0.144   Y: -0.458   Z: 0.546   W: 0.686   Accuracy: 3.142
BSEC output values - iaq: 50   iaq_s: 50   b_voc_eq: 0.49   co2_eq: 600   accuracy: 1   comp_t: 24.92   comp_h: 44.90   comp_g: 0
BSEC2 output values (%) - gas[0]: 0   gas[1]: 99   gas[2]: 0   gas[3]: 0   accuracy: 3
XYZ values - X: 12907   Y: -5999   Z: 8030
XYZ values - X: -85   Y: -197   Z: 152
temperature: 24.920
gas: 289183.000
Quaternion values - X: 0.157   Y: -0.467   Z: 0.544   W: 0.679   Accuracy: 3.142
BSEC output values - iaq: 50   iaq_s: 50   b_voc_eq: 0.49   co2_eq: 600   accuracy: 1   comp_t: 24.92   comp_h: 44.90   comp_g: 0
BSEC2 output values (%) - gas[0]: 0   gas[1]: 99   gas[2]: 0   gas[3]: 0   accuracy: 3
XYZ values - X: 12631   Y: -4829   Z: 9340
XYZ values - X: 343   Y: 352   Z: -12
temperature: 24.920
gas: 289183.000
Quaternion values - X: 0.154   Y: -0.461   Z: 0.548   W: 0.680   Accuracy: 3.142
BSEC output values - iaq: 50   iaq_s: 50   b_voc_eq: 0.49   co2_eq: 600   accuracy: 1   comp_t: 24.92   comp_h: 44.90   comp_g: 0
BSEC2 output values (%) - gas[0]: 0   gas[1]: 99   gas[2]: 0   gas[3]: 0   accuracy: 3
XYZ values - X: 13370   Y: -4201   Z: 8850
XYZ values - X: -145   Y: -331   Z: -85
temperature: 24.920
gas: 289183.000
Quaternion values - X: 0.158   Y: -0.464   Z: 0.545   W: 0.680   Accuracy: 3.142
BSEC output values - iaq: 50   iaq_s: 50   b_voc_eq: 0.49   co2_eq: 600   accuracy: 1   comp_t: 24.92   comp_h: 44.90   comp_g: 0
BSEC2 output values (%) - gas[0]: 0   gas[1]: 99   gas[2]: 0   gas[3]: 0   accuracy: 3
XYZ values - X: 13040   Y: -6353   Z: 7254
XYZ values - X: -156   Y: -129   Z: 89
temperature: 24.920
gas: 289183.000
Quaternion values - X: 0.153   Y: -0.463   Z: 0.547   W: 0.680   Accuracy: 3.142
BSEC output values - iaq: 50   iaq_s: 50   b_voc_eq: 0.49   co2_eq: 600   accuracy: 1   comp_t: 24.92   comp_h: 44.90   comp_g: 0
BSEC2 output values (%) - gas[0]: 0   gas[1]: 99   gas[2]: 0   gas[3]: 0   accuracy: 3
XYZ values - X: 13045   Y: -5106   Z: 7361
XYZ values - X: -410   Y: 382   Z: 128
temperature: 24.920
gas: 289183.000
Quaternion values - X: 0.124   Y: -0.487   Z: 0.525   W: 0.687   Accuracy: 3.142
BSEC output values - iaq: 50   iaq_s: 50   b_voc_eq: 0.49   co2_eq: 600   accuracy: 1   comp_t: 24.92   comp_h: 44.90   comp_g: 0
BSEC2 output values (%) - gas[0]: 0   gas[1]: 99   gas[2]: 0   gas[3]: 0   accuracy: 3
XYZ values - X: 11829   Y: -6035   Z: 9557
XYZ values - X: -950   Y: 1349   Z: 906
temperature: 24.920
gas: 289183.000
Quaternion values - X: 0.091   Y: -0.478   Z: 0.478   W: 0.731   Accuracy: 3.142
BSEC output values - iaq: 50   iaq_s: 50   b_voc_eq: 0.49   co2_eq: 600   accuracy: 1   comp_t: 24.92   comp_h: 44.90   comp_g: 0
BSEC2 output values (%) - gas[0]: 0   gas[1]: 99   gas[2]: 0   gas[3]: 0   accuracy: 3
XYZ values - X: 13136   Y: -1385   Z: -2149
XYZ values - X: 428   Y: -2553   Z: 910
temperature: 24.920
gas: 45229.000
Quaternion values - X: 0.397   Y: -0.692   Z: 0.316   W: 0.513   Accuracy: 3.142
BSEC output values - iaq: 50   iaq_s: 50   b_voc_eq: 0.49   co2_eq: 600   accuracy: 1   comp_t: 24.93   comp_h: 58.68   comp_g: 0
BSEC2 output values (%) - gas[0]: 95   gas[1]: 4   gas[2]: 0   gas[3]: 0   accuracy: 3
XYZ values - X: 3630   Y: -4034   Z: -16379
XYZ values - X: 923   Y: -1747   Z: 12
temperature: 24.920
gas: 45229.000
Quaternion values - X: -0.491   Y: 0.857   Z: -0.156   W: 0.008   Accuracy: 3.142
BSEC output values - iaq: 50   iaq_s: 50   b_voc_eq: 0.49   co2_eq: 600   accuracy: 1   comp_t: 24.93   comp_h: 58.68   comp_g: 0
BSEC2 output values (%) - gas[0]: 95   gas[1]: 4   gas[2]: 0   gas[3]: 0   accuracy: 3
XYZ values - X: -1685   Y: -3208   Z: -15950
XYZ values - X: -152   Y: -640   Z: -701
temperature: 24.920
gas: 45229.000
Quaternion values - X: -0.578   Y: 0.808   Z: -0.050   W: 0.101   Accuracy: 3.142
BSEC output values - iaq: 50   iaq_s: 50   b_voc_eq: 0.49   co2_eq: 600   accuracy: 1   comp_t: 24.93   comp_h: 58.68   comp_g: 0
BSEC2 output values (%) - gas[0]: 95   gas[1]: 4   gas[2]: 0   gas[3]: 0   accuracy: 3
XYZ values - X: -9785   Y: -7528   Z: -13983
XYZ values - X: 8   Y: -289   Z: 21
temperature: 24.920
gas: 45229.000
Quaternion values - X: -0.588   Y: 0.799   Z: 0.012   W: 0.125   Accuracy: 3.142
BSEC output values - iaq: 50   iaq_s: 50   b_voc_eq: 0.49   co2_eq: 600   accuracy: 1   comp_t: 24.93   comp_h: 58.68   comp_g: 0
BSEC2 output values (%) - gas[0]: 95   gas[1]: 4   gas[2]: 0   gas[3]: 0   accuracy: 3
XYZ values - X: -7056   Y: -1138   Z: -17862
XYZ values - X: 346   Y: 486   Z: 221
temperature: 24.920
gas: 45229.000
Quaternion values - X: -0.593   Y: 0.796   Z: 0.037   W: 0.118   Accuracy: 3.142
BSEC output values - iaq: 50   iaq_s: 50   b_voc_eq: 0.49   co2_eq: 600   accuracy: 1   comp_t: 24.93   comp_h: 58.68   comp_g: 0
BSEC2 output values (%) - gas[0]: 95   gas[1]: 4   gas[2]: 0   gas[3]: 0   accuracy: 3
XYZ values - X: -1081   Y: -1518   Z: -13242
XYZ values - X: 489   Y: 105   Z: 33
temperature: 24.920
gas: 45229.000
Quaternion values - X: -0.596   Y: 0.793   Z: 0.024   W: 0.123   Accuracy: 3.142
BSEC output values - iaq: 50   iaq_s: 50   b_voc_eq: 0.49   co2_eq: 600   accuracy: 1   comp_t: 24.93   comp_h: 58.68   comp_g: 0
BSEC2 output values (%) - gas[0]: 95   gas[1]: 4   gas[2]: 0   gas[3]: 0   accuracy: 3
XYZ values - X: -6290   Y: -1476   Z: -18791
XYZ values - X: 172   Y: 250   Z: 182
temperature: 24.920
gas: 45229.000
Quaternion values - X: -0.590   Y: 0.798   Z: 0.019   W: 0.119   Accuracy: 3.142
BSEC output values - iaq: 50   iaq_s: 50   b_voc_eq: 0.49   co2_eq: 600   accuracy: 1   comp_t: 24.93   comp_h: 58.68   comp_g: 0
BSEC2 output values (%) - gas[0]: 95   gas[1]: 4   gas[2]: 0   gas[3]: 0   accuracy: 3
XYZ values - X: -1648   Y: -2196   Z: -14035
XYZ values - X: -324   Y: 41   Z: 12
temperature: 24.920
gas: 45229.000
Quaternion values - X: -0.573   Y: 0.811   Z: -0.003   W: 0.121   Accuracy: 3.142
BSEC output values - iaq: 50   iaq_s: 50   b_voc_eq: 0.49   co2_eq: 600   accuracy: 1   comp_t: 24.93   comp_h: 58.68   comp_g: 0
BSEC2 output values (%) - gas[0]: 95   gas[1]: 4   gas[2]: 0   gas[3]: 0   accuracy: 3
XYZ values - X: -4839   Y: -1752   Z: -16627
XYZ values - X: -381   Y: 143   Z: 235
temperature: 24.920
gas: 45229.000
Quaternion values - X: -0.579   Y: 0.805   Z: -0.008   W: 0.129   Accuracy: 3.142
BSEC output values - iaq: 50   iaq_s: 50   b_voc_eq: 0.49   co2_eq: 600   accuracy: 1   comp_t: 24.93   comp_h: 58.68   comp_g: 0
BSEC2 output values (%) - gas[0]: 95   gas[1]: 4   gas[2]: 0   gas[3]: 0   accuracy: 3
XYZ values - X: -3002   Y: -3275   Z: -15023
XYZ values - X: 113   Y: 20   Z: 96
temperature: 24.920
gas: 45229.000
Quaternion values - X: -0.568   Y: 0.810   Z: -0.007   W: 0.141   Accuracy: 3.142
BSEC output values - iaq: 50   iaq_s: 50   b_voc_eq: 0.49   co2_eq: 600   accuracy: 1   comp_t: 24.93   comp_h: 58.68   comp_g: 0
BSEC2 output values (%) - gas[0]: 95   gas[1]: 4   gas[2]: 0   gas[3]: 0   accuracy: 3
XYZ values - X: -5619   Y: -2661   Z: -16331
XYZ values - X: 196   Y: 5   Z: -320
temperature: 24.840
gas: 33246.000
Quaternion values - X: -0.569   Y: 0.809   Z: -0.025   W: 0.146   Accuracy: 3.142
BSEC output values - iaq: 200   iaq_s: 115   b_voc_eq: 2.22   co2_eq: 1157   accuracy: 1   comp_t: 24.85   comp_h: 63.55   comp_g: 0
BSEC2 output values (%) - gas[0]: 99   gas[1]: 0   gas[2]: 0   gas[3]: 0   accuracy: 3
XYZ values - X: -2086   Y: -3671   Z: -15073
XYZ values - X: -306   Y: -31   Z: 363
temperature: 24.840
gas: 33246.000
Quaternion values - X: -0.562   Y: 0.815   Z: -0.014   W: 0.140   Accuracy: 3.142
BSEC output values - iaq: 200   iaq_s: 115   b_voc_eq: 2.22   co2_eq: 1157   accuracy: 1   comp_t: 24.85   comp_h: 63.55   comp_g: 0
BSEC2 output values (%) - gas[0]: 99   gas[1]: 0   gas[2]: 0   gas[3]: 0   accuracy: 3
XYZ values - X: -5158   Y: -2989   Z: -15987
XYZ values - X: 346   Y: 508   Z: -707
temperature: 24.840
gas: 33246.000
Quaternion values - X: -0.595   Y: 0.790   Z: -0.013   W: 0.149   Accuracy: 3.142
BSEC output values - iaq: 200   iaq_s: 115   b_voc_eq: 2.22   co2_eq: 1157   accuracy: 1   comp_t: 24.85   comp_h: 63.55   comp_g: 0
BSEC2 output values (%) - gas[0]: 99   gas[1]: 0   gas[2]: 0   gas[3]: 0   accuracy: 3
XYZ values - X: -3254   Y: -2940   Z: -14436
XYZ values - X: -63   Y: -693   Z: 281
temperature: 24.840
gas: 33246.000
Quaternion values - X: -0.556   Y: 0.816   Z: 0.021   W: 0.156   Accuracy: 3.142
BSEC output values - iaq: 200   iaq_s: 115   b_voc_eq: 2.22   co2_eq: 1157   accuracy: 1   comp_t: 24.85   comp_h: 63.55   comp_g: 0
BSEC2 output values (%) - gas[0]: 99   gas[1]: 0   gas[2]: 0   gas[3]: 0   accuracy: 3
XYZ values - X: -5844   Y: 199   Z: -14019
XYZ values - X: -101   Y: 802   Z: 5396
temperature: 24.840
gas: 33246.000
Quaternion values - X: -0.507   Y: 0.846   Z: 0.028   W: 0.160   Accuracy: 3.142
BSEC output values - iaq: 200   iaq_s: 115   b_voc_eq: 2.22   co2_eq: 1157   accuracy: 1   comp_t: 24.85   comp_h: 63.55   comp_g: 0
BSEC2 output values (%) - gas[0]: 99   gas[1]: 0   gas[2]: 0   gas[3]: 0   accuracy: 3
XYZ values - X: -4189   Y: -282   Z: -16446
XYZ values - X: -626   Y: 631   Z: 1626
temperature: 24.840
gas: 33246.000
Quaternion values - X: -0.473   Y: 0.866   Z: 0.044   W: 0.156   Accuracy: 3.142
BSEC output values - iaq: 200   iaq_s: 115   b_voc_eq: 2.22   co2_eq: 1157   accuracy: 1   comp_t: 24.85   comp_h: 63.55   comp_g: 0
BSEC2 output values (%) - gas[0]: 99   gas[1]: 0   gas[2]: 0   gas[3]: 0   accuracy: 3
XYZ values - X: 3826   Y: -2633   Z: -13883
XYZ values - X: 1087   Y: 404   Z: -56
temperature: 24.840
gas: 33246.000
Quaternion values - X: 0.554   Y: -0.825   Z: 0.090   W: 0.062   Accuracy: 3.142
BSEC output values - iaq: 200   iaq_s: 115   b_voc_eq: 2.22   co2_eq: 1157   accuracy: 1   comp_t: 24.85   comp_h: 63.55   comp_g: 0
BSEC2 output values (%) - gas[0]: 99   gas[1]: 0   gas[2]: 0   gas[3]: 0   accuracy: 3
XYZ values - X: 8257   Y: -1066   Z: -15388
XYZ values - X: -1708   Y: 1089   Z: 1284
temperature: 24.840
gas: 33246.000
Quaternion values - X: 0.477   Y: -0.826   Z: 0.161   W: 0.253   Accuracy: 3.142
BSEC output values - iaq: 200   iaq_s: 115   b_voc_eq: 2.22   co2_eq: 1157   accuracy: 1   comp_t: 24.85   comp_h: 63.55   comp_g: 0
BSEC2 output values (%) - gas[0]: 99   gas[1]: 0   gas[2]: 0   gas[3]: 0   accuracy: 3
XYZ values - X: 17088   Y: -1657   Z: -2265
XYZ values - X: 270   Y: 68   Z: 1099
temperature: 24.840
gas: 33246.000
Quaternion values - X: 0.258   Y: -0.668   Z: 0.289   W: 0.635   Accuracy: 3.142
BSEC output values - iaq: 200   iaq_s: 115   b_voc_eq: 2.22   co2_eq: 1157   accuracy: 1   comp_t: 24.85   comp_h: 63.55   comp_g: 0
BSEC2 output values (%) - gas[0]: 99   gas[1]: 0   gas[2]: 0   gas[3]: 0   accuracy: 3
XYZ values - X: 20658   Y: 4811   Z: 6922
XYZ values - X: 2638   Y: 2343   Z: -1076
temperature: 24.840
gas: 33246.000
Quaternion values - X: 0.214   Y: -0.625   Z: 0.120   W: 0.741   Accuracy: 3.142
BSEC output values - iaq: 200   iaq_s: 115   b_voc_eq: 2.22   co2_eq: 1157   accuracy: 1   comp_t: 24.85   comp_h: 63.55   comp_g: 0
BSEC2 output values (%) - gas[0]: 99   gas[1]: 0   gas[2]: 0   gas[3]: 0   accuracy: 3
XYZ values - X: 21298   Y: 6739   Z: 3448
XYZ values - X: -3586   Y: -2440   Z: -3863
temperature: 24.840
gas: 33246.000
Quaternion values - X: 0.350   Y: -0.507   Z: 0.181   W: 0.766   Accuracy: 3.142
BSEC output values - iaq: 200   iaq_s: 115   b_voc_eq: 2.22   co2_eq: 1157   accuracy: 1   comp_t: 24.85   comp_h: 63.55   comp_g: 0
BSEC2 output values (%) - gas[0]: 99   gas[1]: 0   gas[2]: 0   gas[3]: 0   accuracy: 3
XYZ values - X: 10613   Y: 8718   Z: 6207
XYZ values - X: -320   Y: 59   Z: 138
temperature: 24.720
gas: 50334.000
Quaternion values - X: 0.363   Y: -0.392   Z: 0.032   W: 0.845   Accuracy: 3.142
BSEC output values - iaq: 50   iaq_s: 50   b_voc_eq: 0.49   co2_eq: 600   accuracy: 1   comp_t: 24.72   comp_h: 63.72   comp_g: 0
BSEC2 output values (%) - gas[0]: 99   gas[1]: 0   gas[2]: 0   gas[3]: 0   accuracy: 3
XYZ values - X: 18019   Y: 7899   Z: 6238
XYZ values - X: 296   Y: -1090   Z: 1477
temperature: 24.720
gas: 50334.000
Quaternion values - X: 0.290   Y: -0.462   Z: 0.040   W: 0.837   Accuracy: 3.142
BSEC output values - iaq: 50   iaq_s: 50   b_voc_eq: 0.49   co2_eq: 600   accuracy: 1   comp_t: 24.72   comp_h: 63.72   comp_g: 0
BSEC2 output values (%) - gas[0]: 99   gas[1]: 0   gas[2]: 0   gas[3]: 0   accuracy: 3
XYZ values - X: 15683   Y: 2705   Z: 5866
XYZ values - X: 329   Y: -23   Z: 245
temperature: 24.720
gas: 50334.000
Quaternion values - X: 0.222   Y: -0.498   Z: 0.140   W: 0.827   Accuracy: 3.142
BSEC output values - iaq: 50   iaq_s: 50   b_voc_eq: 0.49   co2_eq: 600   accuracy: 1   comp_t: 24.72   comp_h: 63.72   comp_g: 0
BSEC2 output values (%) - gas[0]: 99   gas[1]: 0   gas[2]: 0   gas[3]: 0   accuracy: 3
XYZ values - X: 13692   Y: 4072   Z: 5588
XYZ values - X: -203   Y: 301   Z: -92
temperature: 24.720
gas: 50334.000
Quaternion values - X: 0.241   Y: -0.493   Z: 0.134   W: 0.825   Accuracy: 3.142
BSEC output values - iaq: 50   iaq_s: 50   b_voc_eq: 0.49   co2_eq: 600   accuracy: 1   comp_t: 24.72   comp_h: 63.72   comp_g: 0
BSEC2 output values (%) - gas[0]: 99   gas[1]: 0   gas[2]: 0   gas[3]: 0   accuracy: 3
XYZ values - X: 16481   Y: 5256   Z: 10505
XYZ values - X: -125   Y: 965   Z: 338
temperature: 24.720
gas: 50334.000
Quaternion values - X: 0.195   Y: -0.426   Z: 0.144   W: 0.871   Accuracy: 3.142
BSEC output values - iaq: 50   iaq_s: 50   b_voc_eq: 0.49   co2_eq: 600   accuracy: 1   comp_t: 24.72   comp_h: 63.72   comp_g: 0
BSEC2 output values (%) - gas[0]: 99   gas[1]: 0   gas[2]: 0   gas[3]: 0   accuracy: 3
XYZ values - X: 11767   Y: 3807   Z: 9081
XYZ values - X: -134   Y: 1145   Z: -1038
temperature: 24.720
gas: 50334.000
Quaternion values - X: 0.174   Y: -0.409   Z: 0.119   W: 0.888   Accuracy: 3.142
BSEC output values - iaq: 50   iaq_s: 50   b_voc_eq: 0.49   co2_eq: 600   accuracy: 1   comp_t: 24.72   comp_h: 63.72   comp_g: 0
BSEC2 output values (%) - gas[0]: 99   gas[1]: 0   gas[2]: 0   gas[3]: 0   accuracy: 3
XYZ values - X: 10110   Y: 4285   Z: 11627
XYZ values - X: -407   Y: 580   Z: -171
temperature: 24.720
gas: 50334.000
Quaternion values - X: 0.200   Y: -0.353   Z: 0.105   W: 0.908   Accuracy: 3.142
BSEC output values - iaq: 50   iaq_s: 50   b_voc_eq: 0.49   co2_eq: 600   accuracy: 1   comp_t: 24.72   comp_h: 63.72   comp_g: 0
BSEC2 output values (%) - gas[0]: 99   gas[1]: 0   gas[2]: 0   gas[3]: 0   accuracy: 3
XYZ values - X: -491   Y: 4688   Z: 16075
XYZ values - X: 239   Y: 107   Z: 452
temperature: 24.720
gas: 50334.000
Quaternion values - X: 0.115   Y: 0.127   Z: 0.417   W: 0.893   Accuracy: 3.142
BSEC output values - iaq: 50   iaq_s: 50   b_voc_eq: 0.49   co2_eq: 600   accuracy: 1   comp_t: 24.72   comp_h: 63.72   comp_g: 0
BSEC2 output values (%) - gas[0]: 99   gas[1]: 0   gas[2]: 0   gas[3]: 0   accuracy: 3
XYZ values - X: -2065   Y: 4763   Z: 18044
XYZ values - X: -288   Y: -1   Z: 43
temperature: 24.720
gas: 50334.000
Quaternion values - X: 0.111   Y: 0.116   Z: 0.436   W: 0.886   Accuracy: 3.142
BSEC output values - iaq: 50   iaq_s: 50   b_voc_eq: 0.49   co2_eq: 600   accuracy: 1   comp_t: 24.72   comp_h: 63.72   comp_g: 0
BSEC2 output values (%) - gas[0]: 99   gas[1]: 0   gas[2]: 0   gas[3]: 0   accuracy: 3
XYZ values - X: -3380   Y: 4820   Z: 13591
XYZ values - X: -212   Y: 179   Z: 464
temperature: 24.720
gas: 50334.000
Quaternion values - X: 0.091   Y: 0.203   Z: 0.463   W: 0.858   Accuracy: 3.142
BSEC output values - iaq: 50   iaq_s: 50   b_voc_eq: 0.49   co2_eq: 600   accuracy: 1   comp_t: 24.72   comp_h: 63.72   comp_g: 0
BSEC2 output values (%) - gas[0]: 99   gas[1]: 0   gas[2]: 0   gas[3]: 0   accuracy: 3
XYZ values - X: -2700   Y: 6035   Z: 14799
XYZ values - X: -264   Y: -659   Z: -343
temperature: 24.720
gas: 50334.000
Quaternion values - X: 0.081   Y: 0.178   Z: 0.457   W: 0.867   Accuracy: 3.142
BSEC output values - iaq: 50   iaq_s: 50   b_voc_eq: 0.49   co2_eq: 600   accuracy: 1   comp_t: 24.72   comp_h: 63.72   comp_g: 0
BSEC2 output values (%) - gas[0]: 99   gas[1]: 0   gas[2]: 0   gas[3]: 0   accuracy: 3
XYZ values - X: -4958   Y: 4548   Z: 17304
XYZ values - X: -353   Y: 192   Z: -68
temperature: 24.510
gas: 118738.000
Quaternion values - X: 0.072   Y: 0.177   Z: 0.455   W: 0.870   Accuracy: 3.142
BSEC output values - iaq: 50   iaq_s: 50   b_voc_eq: 0.49   co2_eq: 600   accuracy: 1   comp_t: 24.51   comp_h: 64.01   comp_g: 0
BSEC2 output values (%) - gas[0]: 97   gas[1]: 2   gas[2]: 0   gas[3]: 0   accuracy: 3
XYZ values - X: -3761   Y: 4231   Z: 13750
XYZ values - X: -41   Y: -64   Z: 332
temperature: 24.510
gas: 118738.000
Quaternion values - X: 0.080   Y: 0.176   Z: 0.462   W: 0.865   Accuracy: 3.142
BSEC output values - iaq: 50   iaq_s: 50   b_voc_eq: 0.49   co2_eq: 600   accuracy: 1   comp_t: 24.51   comp_h: 64.01   comp_g: 0
BSEC2 output values (%) - gas[0]: 97   gas[1]: 2   gas[2]: 0   gas[3]: 0   accuracy: 3
XYZ values - X: -3046   Y: 5160   Z: 15504
XYZ values - X: -228   Y: 89   Z: 317
temperature: 24.510
gas: 118738.000
Quaternion values - X: 0.089   Y: 0.162   Z: 0.465   W: 0.866   Accuracy: 3.142
BSEC output values - iaq: 50   iaq_s: 50   b_voc_eq: 0.49   co2_eq: 600   accuracy: 1   comp_t: 24.51   comp_h: 64.01   comp_g: 0
BSEC2 output values (%) - gas[0]: 97   gas[1]: 2   gas[2]: 0   gas[3]: 0   accuracy: 3
XYZ values - X: -3552   Y: 6473   Z: 15096
XYZ values - X: -106   Y: -41   Z: -177
temperature: 24.510
gas: 118738.000
Quaternion values - X: 0.085   Y: 0.159   Z: 0.467   W: 0.866   Accuracy: 3.142
BSEC output values - iaq: 50   iaq_s: 50   b_voc_eq: 0.49   co2_eq: 600   accuracy: 1   comp_t: 24.51   comp_h: 64.01   comp_g: 0
BSEC2 output values (%) - gas[0]: 97   gas[1]: 2   gas[2]: 0   gas[3]: 0   accuracy: 3
XYZ values - X: 8026   Y: 4224   Z: 17875
XYZ values - X: 659   Y: -5491   Z: 786
temperature: 24.510
gas: 118738.000
Quaternion values - X: 0.201   Y: -0.270   Z: 0.290   W: 0.896   Accuracy: 3.142
BSEC output values - iaq: 50   iaq_s: 50   b_voc_eq: 0.49   co2_eq: 600   accuracy: 1   comp_t: 24.51   comp_h: 64.01   comp_g: 0
BSEC2 output values (%) - gas[0]: 97   gas[1]: 2   gas[2]: 0   gas[3]: 0   accuracy: 3
XYZ values - X: 13264   Y: 4024   Z: 8453
XYZ values - X: -207   Y: 1140   Z: -173
temperature: 24.510
gas: 118738.000
Quaternion values - X: 0.262   Y: -0.420   Z: 0.243   W: 0.834   Accuracy: 3.142
BSEC output values - iaq: 50   iaq_s: 50   b_voc_eq: 0.49   co2_eq: 600   accuracy: 1   comp_t: 24.51   comp_h: 64.01   comp_g: 0
BSEC2 output values (%) - gas[0]: 97   gas[1]: 2   gas[2]: 0   gas[3]: 0   accuracy: 3
XYZ values - X: 13682   Y: 4512   Z: 8700
XYZ values - X: 89   Y: 253   Z: -74
temperature: 24.510
gas: 118738.000
Quaternion values - X: 0.313   Y: -0.383   Z: 0.306   W: 0.813   Accuracy: 3.142
BSEC output values - iaq: 50   iaq_s: 50   b_voc_eq: 0.49   co2_eq: 600   accuracy: 1   comp_t: 24.51   comp_h: 64.01   comp_g: 0
BSEC2 output values (%) - gas[0]: 97   gas[1]: 2   gas[2]: 0   gas[3]: 0   accuracy: 3
XYZ values - X: 13329   Y: 4453   Z: 9328
XYZ values - X: 40   Y: -38   Z: 81
temperature: 24.510
gas: 118738.000
Quaternion values - X: 0.308   Y: -0.376   Z: 0.311   W: 0.817   Accuracy: 3.142
BSEC output values - iaq: 50   iaq_s: 50   b_voc_eq: 0.49   co2_eq: 600   accuracy: 1   comp_t: 24.51   comp_h: 64.01   comp_g: 0
BSEC2 output values (%) - gas[0]: 97   gas[1]: 2   gas[2]: 0   gas[3]: 0   accuracy: 3
XYZ values - X: 12519   Y: 4099   Z: 9737
XYZ values - X: 107   Y: 1   Z: -129
temperature: 24.510
gas: 118738.000
Quaternion values - X: 0.305   Y: -0.370   Z: 0.313   W: 0.820   Accuracy: 3.142
BSEC output values - iaq: 50   iaq_s: 50   b_voc_eq: 0.49   co2_eq: 600   accuracy: 1   comp_t: 24.51   comp_h: 64.01   comp_g: 0
BSEC2 output values (%) - gas[0]: 97   gas[1]: 2   gas[2]: 0   gas[3]: 0   accuracy: 3
XYZ values - X: 12763   Y: 4834   Z: 10028
XYZ values - X: 42   Y: -32   Z: -15
temperature: 24.510
gas: 118738.000
Quaternion values - X: 0.305   Y: -0.349   Z: 0.319   W: 0.827   Accuracy: 3.142
BSEC output values - iaq: 50   iaq_s: 50   b_voc_eq: 0.49   co2_eq: 600   accuracy: 1   comp_t: 24.51   comp_h: 64.01   comp_g: 0
BSEC2 output values (%) - gas[0]: 97   gas[1]: 2   gas[2]: 0   gas[3]: 0   accuracy: 3
XYZ values - X: 13331   Y: 4725   Z: 9647
XYZ values - X: -198   Y: 80   Z: 144
temperature: 24.510
gas: 118738.000
Quaternion values - X: 0.303   Y: -0.349   Z: 0.317   W: 0.828   Accuracy: 3.142
BSEC output values - iaq: 50   iaq_s: 50   b_voc_eq: 0.49   co2_eq: 600   accuracy: 1   comp_t: 24.51   comp_h: 64.01   comp_g: 0
BSEC2 output values (%) - gas[0]: 97   gas[1]: 2   gas[2]: 0   gas[3]: 0   accuracy: 3
XYZ values - X: 10468   Y: 103   Z: 20785
XYZ values - X: -1811   Y: 612   Z: -1795
temperature: 24.520
gas: 195457.000
Quaternion values - X: 0.178   Y: -0.357   Z: 0.323   W: 0.858   Accuracy: 3.142
BSEC output values - iaq: 50   iaq_s: 50   b_voc_eq: 0.49   co2_eq: 600   accuracy: 1   comp_t: 24.52   comp_h: 70.17   comp_g: 0
BSEC2 output values (%) - gas[0]: 86   gas[1]: 13   gas[2]: 0   gas[3]: 0   accuracy: 3
