=~=~=~=~=~=~=~=~=~=~=~= PuTTY log 2024.12.06 13:29:14 =~=~=~=~=~=~=~=~=~=~=~=
3314896 27.93 101024.32 23.78 102400000.00 2
3319144 27.84 101040.65 23.71 102400000.00 3
3319644 28.07 101047.52 23.73 51210000.00 4
3320394 28.18 101051.90 23.73 50412308.00 5
3321143 28.24 101054.39 23.72 49498488.00 6
3321893 28.32 101056.37 23.71 2597336.75 7
3322643 28.40 101058.85 23.68 3397864 28.70 101397.77 22.43 2602287.25 8
3398364 28.75 101400.84 22.41 2663199.00 9
3399113 28.77 101402.91 22.35 2732488.25 0
3399363 28.70 101404.58 22.34 102400000.00 1
3400862 28.28 101409.57 22.27 102400000.00 2
3405111 28.17 101438.93 22.24 102400000.00 3
3405611 28.40 101442.95 22.25 45974044.00 4
3406360 28.53 101447.20 22.27 45542740.00 5
3407110 28.58 101449.63 22.25 45259668.00 6
3407860 28.66 101452.96 22.27 2497561.00 7
3408609 28.74 101455.15 22.29 2582597.75 8
3409109 28.79 101457.76 22.20 2645140.50 9
3409859 28.82 101461.67 22.17 2732488.25 0
3410109 28.75 101461.31 22.20 102400000.00 1
3411608 28.32 101464.91 22.10 102400000.00 2
3415856 28.22 101484.69 22.08 102400000.00 3
3416356 28.45 101490.04 22.11 46217208.00 4
3417106 28.57 101494.09 22.13 45306604.00 5
3417856 28.63 101497.33 22.13 44341000.00 6
3418605 28.71 101499.64 22.09 2483929.75 7
3419355 28.79 101501.38 22.09 2570442.50 8
3419855 28.84 101504.22 22.09 2624799.75 9
3420605 28.86 101506.68 22.06 2702738.25 0
3420855 28.79 101507.38 22.02 102400000.00 1
3422354 28.36 101508.45 21.95 102400000.00 2
3426602 28.26 101523.66 21.91 102400000.00 3
3427102 28.49 101529.07 21.97 45119448.00 4
3427852 28.62 101531.46 21.98 45447988.00 5
3428602 28.67 101535.10 21.97 44206408.00 6
3429351 28.74 101537.56 21.92 2463759.50 7
3430101 28.83 101541.28 21.93 2551230.25 8
3430601 28.88 101545.08 21.94 2597336.75 9
3431351 28.90 101545.71 21.89 2665799.00 0
3431601 28.82 101545.41 21.88 102400000.00 1
3433100 28.41 101547.28 21.81 102400000.00 2
3437348 28.29 101562.21 21.81 102400000.00 3
3437848 28.53 101568.23 21.83 45306604.00 4
3438598 28.65 101571.34 21.84 44521740.00 5
3439347 28.70 101572.97 21.83 43895512.00 6
3440097 28.78 101574.92 21.80 2448296.50 7
3440847 28.86 101578.05 21.82 2541731.25 8
3441347 28.91 101579.50 21.79 2599809.50 9
3442096 28.93 101597.53 21.78 2668404.00 0
3442346 28.86 101604.30 21.74 102400000.00 1
3443846 28.44 101600.80 21.71 102400000.00 2
3448094 28.32 101595.65 21.70 102400000.00 3
3448844 28.55 101598.87 21.73 45637884.00 4
3449344 28.69 101602.33 21.74 44296044.00 5
3450093 28.73 101603.80 21.73 43158380.00 6
3450843 28.82 101606.55 21.68 2428698.50 7
3451593 28.90 101608.28 21.71 2520615.50 8
3452093 28.95 101609.74 21.70 2589946.25 9
3452843 28.96 101610.38 21.69 2655429.50 0
3453093 28.89 101611.30 21.63 102400000.00 1
3454592 28.46 101613.14 21.58 102400000.00 2
3458840 28.36 101625.20 21.57 102400000.00 3
3459590 28.59 101625.93 21.60 44612660.00 4
3460090 28.71 101629.84 21.61 44296044.00 5
3460839 28.77 101633.11 21.61 43415700.00 6
3461589 28.85 101635.10 21.57 2415806.50 7
3462339 28.93 101635.40 21.54 2506732.00 8
3462839 28.97 101637.48 21.58 2575290.75 9
3463588 29.00 101639.30 21.54 2632390.75 0
3463838 28.92 101638.88 21.50 102400000.00 1
3465338 28.50 101642.93 21.45 102400000.00 2
3469586 28.39 101652.41 21.44 102400000.00 3
3470336 28.62 101657.32 21.47 44206408.00 4
3470836 28.74 101657.09 21.47 43807488.00 5
3471585 28.79 101658.82 21.50 42862000.00 6
3472335 28.87 101658.29 21.46 2411539.50 7
3473085 28.96 101661.22 21.44 2493000.50 8
3473835 29.00 101663.23 21.44 2568025.00 9
3474334 29.03 101665.61 21.41 2614746.25 0
3474584 28.95 101665.29 21.42 102400000.00 1
3476084 28.53 101668.05 21.30 102400000.00 2
3480332 28.41 101676.91 21.31 102400000.00 3
3481082 28.64 101681.34 21.35 44072628.00 4
3481581 28.77 101683.73 21.36 43502156.00 5
3482331 28.82 101687.64 21.37 42611184.00 6
3483081 28.90 101686.98 21.33 2411539.50 7
3483831 28.98 101685.03 21.35 2488456.75 8
3484581 29.03 101687.18 21.28 2541731.25 9
3485080 29.05 101689.10 21.31 2604769.50 0
3485330 28.98 101690.63 21.29 102400000.00 1
3486830 28.55 101691.66 21.21 102400000.00 2
3491078 28.43 101698.28 21.20 102400000.00 3
3491827 28.67 101703.86 21.23 44072628.00 4
3492327 28.79 101704.30 21.25 43458884.00 5
3493077 28.84 101708.65 21.25 42694464.00 6
3493827 28.92 101706.85 21.21 2355376.75 7
3494576 29.01 101710.41 21.20 2488456.75 8
3495326 29.05 101709.32 21.24 2537008.25 9
3495826 29.07 101709.73 21.20 2589946.25 0
3496076 29.00 101711.95 21.22 102400000.00 1
3497575 28.58 101711.64 21.12 102400000.00 2
3501823 28.46 101718.86 21.10 102400000.00 3
3502573 28.69 101721.59 21.12 44072628.00 4
3503073 28.82 101724.94 21.13 43372600.00 5
3503823 28.86 101726.11 21.13 42694464.00 6
3504572 28.94 101726.85 21.13 2355376.75 7
3505322 29.03 101727.86 21.12 2457108.50 8
3506072 29.07 101729.96 21.08 2529956.75 9
3506572 29.10 101731.05 21.06 2577721.75 0
3506822 29.02 101731.13 21.07 102400000.00 1
3508321 28.60 101728.02 20.99 102400000.00 2
3512569 28.48 101736.76 21.01 102400000.00 3
3513319 28.71 101737.06 21.04 43763608.00 4
3513819 28.84 101738.92 21.04 42946264.00 5
3514569 28.89 101741.60 21.01 42611184.00 6
3515318 28.96 101741.74 21.03 2363531.50 7
3516068 29.05 101742.39 21.01 2441728.75 8
3516818 29.09 101743.84 20.99 2509035.25 9
3517317 29.12 101743.52 20.97 2575290.75 0
3517567 29.04 101743.55 20.97 102400000.00 1
3519067 28.62 101743.19 20.89 102400000.00 2
3523315 28.50 101748.28 20.90 102400000.00 3
3524065 28.73 101749.40 20.92 43763608.00 4
3524565 28.86 101750.73 20.95 42404400.00 5
3525314 28.91 101754.19 20.94 42240412.00 6
3526064 28.99 101753.88 20.96 2345262.00 7
3526814 29.07 101753.93 20.93 2430860.50 8
3527563 29.11 101755.76 20.90 2495278.75 9
3528063 29.14 101757.67 20.87 2537008.25 0
3528313 29.05 101755.22 20.85 102400000.00 1
3529813 28.63 101754.93 20.80 102400000.00 2
3534061 28.52 101757.84 20.82 102400000.00 3
3534811 28.74 101759.55 20.84 43588960.00 4
3535310 28.87 101759.69 20.83 42862000.00 5
3536060 28.92 101761.40 20.84 42445596.00 6
3536810 29.00 101761.53 20.86 2341240.25 7
3537560 29.08 101761.65 20.78 2433026.50 8
3538309 29.13 101763.41 20.80 2497561.00 9
3538809 29.15 101765.27 20.77 2560800.25 0
3539309 29.07 101763.66 20.75 102400000.00 1
3540559 28.65 101763.22 20.71 102400000.00 2
3544807 28.53 101765.53 20.71 102400000.00 3
3545557 28.76 101765.31 20.73 42819992.00 4
3546056 28.88 101766.81 20.75 43158380.00 5
3546806 28.93 101766.88 20.75 41676312.00 6
3547556 29.02 101769.84 20.77 2341240.25 7
3548305 29.09 101768.84 20.73 2424386.00 8
3549055 29.15 101771.01 20.70 2477169.75 9
3549555 29.17 101771.53 20.70 2548848.75 0
3550055 29.09 101770.91 20.68 102400000.00 1
3551304 28.66 101769.16 20.61 102400000.00 2
3555552 28.55 101770.19 20.61 102400000.00 3
3556302 28.77 101770.59 20.64 42862000.00 4
3556802 28.90 101770.34 20.66 42528228.00 5
3557552 28.95 101771.40 20.66 42363284.00 6
3558301 29.03 101771.59 20.64 2361487.50 7
3559051 29.11 101772.51 20.63 2420088.75 8
3559801 29.17 101774.21 20.63 2483929.75 9
3560301 29.18 101772.74 20.61 2541731.25 0
3560800 29.11 101773.04 20.61 102400000.00 1
3562050 28.68 101771.97 20.52 102400000.00 2
3566298 28.56 101770.46 20.53 102400000.00 3
3567048 28.79 101771.84 20.55 43115788.00 4
3567548 28.91 101772.35 20.58 42569664.00 5
3568298 28.96 101772.09 20.58 41876040.00 6
3569047 29.04 101771.88 20.59 2317397.50 7
3569797 29.13 101775.02 20.55 2390429.00 8
3570547 29.18 101776.40 20.51 2468213.25 9
3571046 29.20 101774.30 20.52 2532303.00 0
3571546 29.12 101772.84 20.50 102400000.00 1
3572796 28.70 101773.51 20.46 102400000.00 2
3577044 28.57 101771.90 20.45 102400000.00 3
3577794 28.80 101772.79 20.48 42946264.00 4
3578543 28.93 101772.20 20.49 41996796.00 5
3579043 28.97 101772.85 20.49 41399872.00 6
3579793 29.06 101773.61 20.51 2305657.25 7
3580543 29.14 101775.73 20.46 2409411.75 8
3581292 29.20 101775.47 20.46 2472683.25 9
3581792 29.22 101775.92 20.46 2532303.00 0
3582292 29.14 101773.50 20.45 102400000.00 1
3583541 28.71 101772.00 20.37 102400000.00 2
3587790 28.59 101769.18 20.38 102400000.00 3
3588539 28.82 101770.65 20.41 42694464.00 4
3589289 28.94 101770.30 20.43 41956468.00 5
3589789 28.99 101770.34 20.40 41876040.00 6
3590539 29.08 101772.20 20.43 2327272.75 7
3591288 29.16 101771.21 20.42 2390429.00 8
3592038 29.20 101770.48 20.39 2477169.75 9
3592788 29.23 101770.63 20.42 2565612.25 0
3593038 29.15 101769.80 20.33 102400000.00 1
3594287 28.73 101765.58 20.27 102400000.00 2
3598535 28.60 101763.84 20.29 102400000.00 3
3599285 28.83 101762.86 20.33 42736224.00 4
3600035 28.95 101762.71 20.34 41517896.00 5
3600535 29.00 101762.54 20.35 41439140.00 6
3601284 29.08 101762.51 20.31 2327272.75 7
3602034 29.17 101764.86 20.38 2403050.75 8
3602784 29.21 101764.29 20.29 2459321.50 9
3603533 29.25 101764.34 20.27 2522944.25 0
3603783 29.17 101763.16 20.30 102400000.00 1
3605033 28.73 101760.36 20.23 102400000.00 2
3609281 28.62 101756.29 20.25 102400000.00 3
3610031 28.84 101756.39 20.27 42240412.00 4
3610780 28.97 101756.54 20.27 41399872.00 5
3611280 29.02 101757.70 20.25 40896100.00 6
3612030 29.09 101755.56 20.26 2286352.25 7
3612780 29.18 101757.20 20.25 2392523.25 8
3613530 29.23 101756.57 20.23 2435196.25 9
3614279 29.26 101757.00 20.19 2490726.75 0
3614529 29.18 101756.20 20.21 102400000.00 1
3615779 28.75 101749.95 20.11 102400000.00 2
3620027 28.63 101746.95 20.13 102400000.00 3
3620777 28.86 101747.38 20.19 42077688.00 4
3621526 28.98 101748.65 20.20 41088400.00 5
3622026 29.03 101748.73 20.19 41478480.00 6
3622776 29.11 101744.94 20.19 2295964.25 7
3623526 29.20 101747.69 20.23 2394621.50 8
3624275 29.24 101744.92 20.14 2422235.25 9
3625025 29.28 101746.73 20.14 2488456.75 0
3625275 29.19 101745.09 20.16 102400000.00 1
3626524 28.76 101739.48 20.07 102400000.00 2
3630773 28.64 101735.31 20.08 102400000.00 3
3631523 28.87 101737.42 20.11 42528228.00 4
3632272 29.00 101738.09 20.14 40857856.00 5
3632772 29.05 101737.79 20.12 41088400.00 6
3633522 29.13 101737.13 20.17 2276820.50 7
3634272 29.21 101733.31 20.09 2367630.00 8
3635021 29.26 101733.18 20.09 2422235.25 9
3635771 29.28 101732.63 20.11 2515970.50 0
3636021 29.21 101732.26 20.10 102400000.00 1
3637270 28.77 101728.49 19.99 102400000.00 2
3641518 28.66 101722.38 20.02 102400000.00 3
3642268 28.88 101725.12 20.05 42281292.00 4
3643018 29.01 101725.13 20.06 41557388.00 5
3643518 29.05 101724.69 20.07 41282520.00 6
3644267 29.14 101721.34 20.04 2284439.50 7
3645017 29.22 101719.40 20.07 2386251.00 8
3645767 29.27 101720.09 20.01 2426540.25 9
3646517 29.30 101719.68 20.00 2481672.25 0
3646766 29.22 101719.05 20.00 102400000.00 1
3648016 28.78 101715.48 19.95 102400000.00 2
3652264 28.67 101709.77 19.95 102400000.00 3
3653014 28.89 101710.36 19.98 41916212.00 4
3653764 29.02 101712.41 20.00 41835940.00 5
3654264 29.07 101709.14 20.00 41360680.00 6
3655013 29.15 101706.85 20.01 2274923.75 7
3655763 29.23 101706.82 19.96 2377939.00 8
3656513 29.28 101705.90 20.00 2426540.25 9
3657263 29.30 101707.66 19.99 2495278.75 0
3657512 29.23 101704.65 19.94 102400000.00 1
3658762 28.79 101700.69 19.89 102400000.00 2
3663010 28.68 101695.62 19.89 102400000.00 3
3663760 28.90 101697.09 19.93 41835940.00 4
3664510 29.04 101694.75 19.96 41517896.00 5
3665259 29.08 101692.65 19.93 40896100.00 6
3665759 29.16 101693.24 19.90 2297896.25 7
3666509 29.25 101693.05 19.88 2386251.00 8
3667259 29.29 101691.68 19.91 2413671.25 9
3668008 29.32 101690.71 19.93 2502138.00 0
3668258 29.24 101689.66 19.88 102400000.00 1
3669508 28.81 101687.73 19.83 102400000.00 2
3673756 28.69 101680.33 19.83 102400000.00 3
3674506 28.91 101678.41 19.88 42199612.00 4
3675255 29.04 101678.50 19.87 41636596.00 5
3676005 29.09 101676.50 19.86 40554456.00 6
3676505 29.17 101676.96 19.86 2301770.25 7
3677255 29.26 101676.57 19.85 2353346.75 8
3678004 29.31 101676.21 19.85 2422235.25 9
3678754 29.33 101675.23 19.85 2481672.25 0
3679004 29.25 101673.40 19.84 102400000.00 1
3680254 28.82 101667.26 19.78 102400000.00 2
3684502 28.71 101664.19 19.77 102400000.00 3
3685252 28.93 101662.45 19.83 41478480.00 4
3686001 29.05 101661.70 19.82 41557388.00 5
3686751 29.10 101660.93 19.83 40441840.00 6
3687251 29.19 101661.56 19.85 2265486.75 7
3688001 29.28 101660.65 19.81 2327272.75 8
3688750 29.32 101659.63 19.81 2394621.50 9
3689500 29.34 101658.53 19.82 2443914.00 0
3689750 29.27 101656.42 19.78 102400000.00 1
3691000 28.83 101650.15 19.70 102400000.00 2
3695248 28.71 101642.91 19.71 102400000.00 3
3695997 28.94 101646.48 19.75 41755972.00 4
3696747 29.06 101645.13 19.76 41165828.00 5
3697497 29.11 101643.82 19.77 40592132.00 6
3697997 29.19 101642.79 19.80 2246845.75 7
3698746 29.29 101643.06 19.77 2325291.00 8
3699496 29.32 101640.16 19.71 2415806.50 9
3700246 29.35 101639.50 19.73 2461538.50 0
3700496 29.28 101639.21 19.73 102400000.00 1
3701745 28.84 101634.60 19.65 102400000.00 2
3705994 28.73 101625.51 19.66 102400000.00 3
3706743 28.95 101626.14 19.71 41755972.00 4
3707493 29.08 101627.26 19.71 41204652.00 5
3708243 29.12 101626.30 19.73 40629884.00 6
3708743 29.21 101626.29 19.71 2239475.00 7
3709492 29.29 101624.06 19.73 2317397.50 8
3710242 29.34 101622.61 19.71 2422235.25 9
3710992 29.36 101622.40 19.72 2454899.50 0
3711242 29.28 101620.73 19.66 102400000.00 1
3712741 28.86 101614.72 19.61 102400000.00 2
3716740 28.73 101606.78 19.62 102400000.00 3
3717489 28.96 101608.84 19.64 41049796.00 4
3718239 29.09 101608.53 19.64 41204652.00 5
3718989 29.14 101610.41 19.69 40329848.00 6
3719488 29.22 101610.31 19.71 2223066.50 7
3720238 29.31 101609.36 19.71 2341240.25 8
3720988 29.36 101607.83 19.68 2386251.00 9
3721738 29.38 101603.31 19.66 2437369.75 0
3721988 29.30 101602.73 19.63 102400000.00 1
3723487 28.87 101594.81 19.55 102400000.00 2
3727485 28.75 101591.67 19.60 102400000.00 3
3728235 28.98 101589.79 19.61 41127080.00 4
3728985 29.10 101590.48 19.63 41088400.00 5
3729735 29.16 101591.53 19.61 39960976.00 6
3730234 29.23 101588.08 19.63 2241313.25 7
3730984 29.32 101588.05 19.60 2305657.25 8
3731734 29.36 101585.98 19.57 2369684.75 9
3732484 29.39 101583.11 19.55 2428698.50 0
3732734 29.31 101583.93 19.60 102400000.00 1
3734233 28.88 101577.47 19.49 102400000.00 2
3738231 28.76 101569.15 19.51 102400000.00 3
3738981 28.98 101572.75 19.56 40896100.00 4
3739731 29.11 101571.94 19.54 40667700.00 5
3740480 29.16 101570.32 19.57 40034208.00 6
3741230 29.24 101568.45 19.52 2228509.25 7
3741730 29.33 101568.62 19.53 2309557.25 8
3742480 29.37 101565.43 19.54 2359447.00 9
3743229 29.40 101565.28 19.58 2439547.25 0
3743479 29.32 101564.22 19.53 102400000.00 1
3744979 28.89 101558.92 19.46 102400000.00 2
3748977 28.77 101551.37 19.50 102400000.00 3
3749727 28.99 101551.84 19.52 41243548.00 4
3750477 29.12 101552.39 19.54 40781580.00 5
3751226 29.17 101551.84 19.52 40144564.00 6
3751976 29.25 101549.46 19.47 2235807.75 7
3752476 29.34 101546.73 19.51 2327272.75 8
3753226 29.38 101545.88 19.47 2367630.00 9
3753975 29.41 101545.56 19.49 2422235.25 0
3754225 29.33 101543.10 19.49 102400000.00 1
3755725 28.90 101540.47 19.40 102400000.00 2
3759723 28.78 101532.95 19.43 102400000.00 3
3760473 29.00 101532.19 19.49 40896100.00 4
3761222 29.13 101531.44 19.48 40592132.00 5
3761972 29.18 101531.54 19.48 39815308.00 6
3762722 29.27 101529.05 19.49 2219452.75 7
3763222 29.36 101528.72 19.55 2301770.25 8
3763971 29.39 101527.17 19.46 2353346.75 9
3764721 29.42 101525.34 19.48 2411539.50 0
3764971 29.34 101524.49 19.46 102400000.00 1
3766470 28.91 101518.69 19.39 102400000.00 2
3770469 28.79 101512.08 19.39 102400000.00 3
3771218 29.01 101510.99 19.44 40857856.00 4
3771968 29.14 101512.52 19.44 40255528.00 5
3772718 29.19 101510.32 19.41 40034208.00 6
3773467 29.27 101509.09 19.44 2223066.50 7
3773967 29.36 101513.48 19.47 2307605.75 8
3774717 29.41 101514.88 19.40 2353346.75 9
3775467 29.43 101511.53 19.35 2409411.75 0
3775717 29.35 101511.83 19.41 102400000.00 1
3777216 28.92 101505.03 19.33 102400000.00 2
3781215 28.80 101489.37 19.33 102400000.00 3
3781964 29.02 101489.88 19.40 40667700.00 4
3782714 29.16 101489.53 19.38 40070928.00 5
3783464 29.20 101488.27 19.39 39278392.00 6
3784213 29.29 101485.39 19.41 2215850.75 7
3784713 29.37 101483.95 19.38 2290187.25 8
3785463 29.41 101482.38 19.41 2335233.75 9
3786213 29.44 101480.34 19.38 2409411.75 0
3786463 29.36 101478.73 19.37 102400000.00 1
3787962 28.93 101476.38 19.28 102400000.00 2
3791960 28.81 101466.90 19.29 102400000.00 3
3792710 29.03 101469.23 19.33 39997560.00 4
3793460 29.16 101468.59 19.36 40107712.00 5
3794209 29.21 101466.38 19.37 39313736.00 6
3794959 29.30 101464.30 19.35 2205114.50 7
3795459 29.38 101463.66 19.42 2265486.75 8
3796209 29.42 101461.10 19.32 2343249.50 9
3796959 29.45 101459.80 19.33 2396723.25 0
3797209 29.38 101459.36 19.30 102400000.00 1
3798708 28.94 101455.96 19.25 102400000.00 2
3802706 28.82 101446.54 19.28 102400000.00 3
3803456 29.04 101445.19 19.31 40367108.00 4
3804206 29.17 101446.50 19.31 39851628.00 5
3804955 29.22 101444.45 19.30 39243112.00 6
3805705 29.30 101444.63 19.27 2201558.75 7
3806205 29.39 101444.43 19.39 2288268.25 8
3806955 29.43 101444.50 19.37 2361487.50 9
3807704 29.45 101440.25 19.30 2390429.00 0
3807954 29.38 101441.01 19.28 102400000.00 1
3809454 28.95 101433.48 19.19 102400000.00 2
3813702 28.83 101429.34 19.24 102400000.00 3
3814202 29.05 101426.12 19.28 40255528.00 4
3814951 29.18 101427.32 19.28 39634716.00 5
3815701 29.23 101425.32 19.28 39243112.00 6
3816451 29.31 101423.02 19.27 2185699.00 7
3816951 29.40 101422.54 19.28 2248696.25 8
3817700 29.44 101419.03 19.25 2329258.00 9
3818450 29.46 101416.97 19.33 2382087.75 0
3818700 29.39 101416.29 19.23 102400000.00 1
3820199 28.95 101409.02 19.20 102400000.00 2
3824447 28.83 101401.84 19.19 102400000.00 3
3824947 29.06 101404.16 19.22 40144564.00 4
3825697 29.19 101403.94 19.23 39527140.00 5
3826447 29.23 101404.15 19.25 38928424.00 6
3827197 29.32 101403.39 19.24 2185699.00 7
3827946 29.41 101398.34 19.23 2257993.50 8
3828446 29.45 101395.06 19.26 2299831.50 9
3829196 29.47 101393.47 19.26 2353346.75 0
3829446 29.40 101393.91 19.23 102400000.00 1
3830945 28.96 101391.16 19.12 102400000.00 2
3835193 28.85 101384.09 19.14 102400000.00 3
3835693 29.07 101383.94 19.18 39997560.00 4
3836443 29.20 101385.02 19.18 39420152.00 5
3837193 29.25 101383.02 19.22 38859176.00 6
3837943 29.33 101379.30 19.16 2183951.00 7
3838692 29.41 101376.65 19.21 2257993.50 8
3839192 29.45 101375.33 19.23 2325291.00 9
3839942 29.48 101373.45 19.16 2400937.75 0
3840192 29.40 101371.98 19.20 102400000.00 1
3841691 28.97 101370.12 19.10 102400000.00 2
3845939 28.85 101362.98 19.13 102400000.00 3
3846439 29.08 101365.23 19.17 39924460.00 4
3847189 29.21 101362.23 19.18 38859176.00 5
3847939 29.25 101360.46 19.18 38550588.00 6
3848688 29.34 101358.84 19.22 2189203.75 7
3849438 29.43 101358.81 19.17 2278720.50 8
3849938 29.46 101356.02 19.15 2301770.25 9
3850688 29.49 101354.31 19.16 2341240.25 0
3850938 29.42 101353.52 19.13 102400000.00 1
3852437 28.99 101351.66 19.06 102400000.00 2
3856685 28.86 101342.72 19.10 102400000.00 3
3857185 29.09 101341.80 19.11 39384616.00 4
3857935 29.22 101342.24 19.18 38997916.00 5
3858685 29.27 101341.76 19.16 38347572.00 6
3859434 29.35 101340.33 19.12 2185699.00 7
3860184 29.43 101336.98 19.22 2230329.50 8
3860684 29.48 101335.95 19.16 2321337.50 9
3861434 29.50 101334.04 19.21 2365579.00 0
3861684 29.42 101333.30 19.09 102400000.00 1
3863183 29.00 101326.45 19.05 102400000.00 2
3867431 28.88 101322.00 19.07 102400000.00 3
3867931 29.09 101322.23 19.08 39243112.00 4
3868681 29.22 101320.53 19.09 39207896.00 5
3869431 29.27 101320.24 19.12 37686028.00 6
3870180 29.35 101317.55 19.06 2144502.50 7
3870930 29.43 101315.73 19.09 2267367.75 8
3871430 29.48 101316.34 19.14 2317397.50 9
3872180 29.51 101315.11 19.06 2355376.75 0
3872430 29.43 101312.30 19.08 102400000.00 1
3873929 29.00 101308.00 19.02 102400000.00 2
3878177 28.88 101300.48 19.02 102400000.00 3
3878927 29.10 101302.16 19.07 39598792.00 4
3879427 29.23 101301.52 19.07 38790176.00 5
3880177 29.28 101300.49 19.09 38550588.00 6
3880926 29.36 101298.83 19.10 2178723.50 7
3881676 29.44 101295.81 19.06 2244998.75 8
3882176 29.49 101296.35 19.12 2284439.50 9
3882925 29.52 101293.76 19.09 2339234.75 0
3883175 29.44 101291.65 19.04 102400000.00 1
3884675 29.00 101286.30 18.99 102400000.00 2
3888923 28.88 101277.67 19.00 102400000.00 3
3889673 29.11 101278.55 19.05 38790176.00 4
3890172 29.24 101278.27 19.05 38448812.00 5
3890922 29.29 101276.49 19.08 37882080.00 6
3891672 29.37 101276.33 19.03 2168343.00 7
3892422 29.45 101275.95 19.09 2237640.00 8
3893171 29.50 101273.88 19.07 2307605.75 9
3893671 29.53 101275.00 19.03 2341240.25 0
3893921 29.45 101274.48 19.03 102400000.00 1
3895420 29.01 101266.27 18.96 102400000.00 2
3899669 28.89 101258.84 18.99 102400000.00 3
3900418 29.12 101258.39 19.01 38755764.00 4
3900918 29.24 101259.70 19.02 38721420.00 5
3901668 29.29 101259.63 19.02 37751152.00 6
3902418 29.38 101259.20 19.02 2151260.50 7
3903167 29.46 101256.63 19.03 2196246.75 8
3903917 29.50 101255.12 19.02 2256127.75 9
3904417 29.52 101253.13 18.96 2357410.00 0
3904667 29.45 101253.52 18.98 102400000.00 1
3906166 29.02 101244.71 18.92 102400000.00 2
3910414 28.89 101237.73 18.95 102400000.00 3
3911164 29.12 101239.84 18.98 38482676.00 4
3911664 29.25 101239.86 18.99 37947888.00 5
3912414 29.30 101240.55 18.97 37363740.00 6
3913164 29.38 101237.88 18.99 2161477.50 7
3913913 29.46 101236.63 19.01 2176986.50 8
3914663 29.51 101233.98 18.93 2305657.25 9
3915163 29.53 101233.33 19.01 2333238.50 0
3915413 29.46 101232.84 18.97 102400000.00 1
3916912 29.03 101227.30 18.92 102400000.00 2
3921160 28.90 101218.91 18.94 102400000.00 3
3921910 29.13 101221.95 18.97 38721420.00 4
3922410 29.25 101221.45 18.96 38013920.00 5
3923160 29.30 101220.41 18.97 37524192.00 6
3923909 29.39 101219.61 18.97 2116249.00 7
3924659 29.46 101217.41 18.91 2201558.75 8
3925409 29.53 101219.73 19.04 2256127.75 9
3925909 29.54 101214.23 18.98 2327272.75 0
3926159 29.45 101212.77 18.93 102400000.00 1
3927658 29.04 101210.08 18.88 102400000.00 2
3931906 28.91 101201.23 18.89 102400000.00 3
3932656 29.14 101203.16 18.93 38313944.00 4
3933156 29.26 101200.90 18.94 37491992.00 5
3933905 29.32 101199.82 18.93 37299944.00 6
3934655 29.39 101197.88 19.01 2117890.50 7
3935405 29.47 101197.68 18.95 2190960.25 8
3936155 29.52 101197.52 18.97 2276820.50 9
3936655 29.55 101197.39 18.87 2319365.75 0
3937154 29.47 101196.00 18.92 102400000.00 1
3938404 29.04 101191.30 18.88 102400000.00 2
3942652 28.92 101182.98 18.89 102400000.00 3
3943402 29.14 101183.45 18.91 38113404.00 4
3943902 29.27 101182.05 18.91 37556448.00 5
3944651 29.32 101180.71 18.94 36642996.00 6
3945401 29.40 101179.14 18.87 2091930.50 7
3946151 29.49 101179.31 18.95 2183951.00 8
3946901 29.53 101178.62 18.87 2232152.50 9
3947401 29.55 101178.33 18.82 2290187.25 0
3947900 29.48 101178.59 18.89 102400000.00 1
3949150 29.05 101170.13 18.82 102400000.00 2
3953398 28.92 101161.22 18.84 102400000.00 3
3954148 29.15 101165.25 18.91 37588760.00 4
3954648 29.28 101164.80 18.90 36921692.00 5
3955397 29.33 101164.53 18.94 36828324.00 6
3956147 29.40 101162.20 18.91 2112974.00 7
3956897 29.48 101157.52 18.92 2176986.50 8
3957646 29.54 101158.48 18.85 2241313.25 9
3958146 29.55 101154.52 18.93 2280623.50 0
3958646 29.48 101154.37 18.86 102400000.00 1
3959895 29.05 101149.43 18.82 102400000.00 2
3964144 28.93 101142.89 18.82 102400000.00 3
3964894 29.16 101144.55 18.84 37427756.00 4
3965643 29.28 101145.18 18.87 37109852.00 5
3966143 29.34 101145.05 18.88 36459528.00 6
3966893 29.41 101140.24 18.92 2103209.25 7
3967643 29.49 101137.94 18.88 2161477.50 8
3968392 29.54 101138.44 18.87 2215850.75 9
3968892 29.57 101136.95 18.87 2282530.00 0
3969392 29.48 101135.31 18.85 102400000.00 1
3970642 29.07 101132.41 18.80 102400000.00 2
3974890 28.93 101125.07 18.79 102400000.00 3
3975639 29.16 101126.28 18.82 37331816.00 4
3976389 29.29 101124.59 18.84 36735428.00 5
3976889 29.34 101121.40 18.84 36098044.00 6
3977639 29.41 101121.50 18.91 2082358.88 7
3978389 29.50 101121.17 18.80 2159768.00 8
3979138 29.55 101119.84 18.89 2203335.25 9
3979638 29.57 101118.13 18.83 2243154.50 0
3980138 29.49 101117.03 18.84 102400000.00 1
3981387 29.07 101114.25 18.75 102400000.00 2
3985636 28.94 101106.43 18.80 102400000.00 3
3986385 29.17 101106.52 18.82 37299944.00 4
3987135 29.29 101104.63 18.82 36551032.00 5
3987635 29.34 101102.55 18.84 35802240.00 6
3988384 29.43 101102.33 18.83 2072874.50 7
3989134 29.52 101102.05 18.83 2126135.50 8
3989884 29.55 101100.13 18.83 2203335.25 9
3990634 29.58 101099.80 18.87 2243154.50 0
3990884 29.50 101098.37 18.80 102400000.00 1
3992133 29.07 101093.43 18.75 102400000.00 2
3996381 28.95 101086.55 18.76 102400000.00 3
3997131 29.17 101086.78 18.81 36797304.00 4
3997881 29.30 101087.08 18.80 36157792.00 5
3998381 29.35 101087.02 18.81 35685272.00 6
3999130 29.43 101084.89 18.76 2066599.38 7
3999880 29.52 101083.09 18.87 2121180.75 8
4000630 29.55 101082.93 18.77 2203335.25 9
4001380 29.58 101081.73 18.82 2232152.50 0
4001630 29.50 101079.63 18.77 102400000.00 1
4002879 29.08 101074.64 18.74 102400000.00 2
4007127 28.95 101067.18 18.76 102400000.00 3
4007877 29.18 101069.13 18.78 36735428.00 4
4008627 29.31 101069.20 18.81 35802240.00 5
4009127 29.36 101068.67 18.80 35396164.00 6
4009876 29.43 101065.18 18.88 2063476.13 7
4010626 29.52 101062.76 18.80 2117890.50 8
4011376 29.57 101060.40 18.82 2187450.00 9
4012126 29.59 101058.83 18.77 2212260.25 0
4012375 29.52 101059.42 18.78 102400000.00 1
4013625 29.09 101056.79 18.74 102400000.00 2
4017873 28.96 101049.83 18.75 102400000.00 3
4018623 29.19 101052.02 18.79 35919980.00 4
4019373 29.32 101052.18 18.76 35569064.00 5
4019873 29.36 101050.44 18.81 34859576.00 6
4020622 29.44 101046.66 18.87 2026719.50 7
4021372 29.53 101043.13 18.80 2109709.00 8
4022122 29.57 101042.30 18.82 2168343.00 9
4022871 29.59 101040.89 18.80 2190960.25 0
4023121 29.52 101041.31 18.75 102400000.00 1
4024371 29.10 101044.38 18.71 102400000.00 2
4028619 28.97 101033.85 18.73 102400000.00 3
4029369 29.20 101036.18 18.75 35540132.00 4
4030118 29.32 101033.16 18.78 35224940.00 5
4030618 29.37 101030.84 18.78 34638476.00 6
4031368 29.45 101028.44 18.72 2016244.13 7
4032118 29.54 101028.37 18.89 2106454.00 8
4032868 29.57 101025.40 18.75 2152956.75 9
4033617 29.61 101024.97 18.69 2164904.75 0
4033867 29.53 101023.10 18.74 102400000.00 1
4035117 29.10 101022.49 18.66 102400000.00 2
4039365 28.98 101016.08 18.70 102400000.00 3
4040115 29.20 101016.86 18.74 35396164.00 4
4040864 29.33 101013.87 18.78 35027260.00 5
4041614 29.38 101012.47 18.77 34258232.00 6
4042114 29.46 101012.79 18.82 2002934.00 7
4042864 29.54 101010.09 18.77 2093534.38 8
4043613 29.59 101009.79 18.75 2132778.00 9
4044363 29.61 101009.42 18.74 2158061.00 0
4044613 29.54 101007.73 18.71 102400000.00 1
4045863 29.11 101006.08 18.66 102400000.00 2
4050111 28.98 101000.09 18.71 102400000.00 3
4050861 29.21 100998.45 18.72 35367512.00 4
4051610 29.34 100997.52 18.74 34474488.00 5
4052360 29.38 100997.87 18.74 33938892.00 6
4052860 29.47 100996.55 18.77 1986902.75 7
4053610 29.55 100994.58 18.73 2063476.13 8
4054359 29.60 100993.23 18.80 2109709.00 9
4055109 29.62 100991.72 18.61 2170066.25 0
4055359 29.54 100989.83 18.71 102400000.00 1
4056609 29.12 100986.39 18.64 102400000.00 2
4060857 29.00 100981.23 18.67 102400000.00 3
4061607 29.22 100981.92 18.70 34776332.00 4
4062356 29.35 100981.95 18.73 34151120.00 5
4063106 29.39 100980.66 18.72 33496550.00 6
4063606 29.48 100979.95 18.73 1961216.13 7
4064356 29.56 100977.25 18.72 2061918.00 8
4065106 29.60 100975.35 18.65 2087133.75 9
4065855 29.63 100975.61 18.71 2164904.75 0
4066105 29.56 100975.37 18.71 102400000.00 1
4067355 29.12 100968.75 18.65 102400000.00 2
4071603 29.00 100963.24 18.67 102400000.00 3
4072353 29.23 100965.59 18.68 34611036.00 4
4073102 29.35 100964.55 18.73 33965276.00 5
4073852 29.40 100961.73 18.72 33343170.00 6
4074352 29.48 100961.54 18.67 1956999.50 7
4075102 29.57 100961.41 18.78 2037304.13 8
4075851 29.62 100960.41 18.73 2085539.75 9
4076601 29.64 100959.53 18.70 2131113.50 0
4076851 29.56 100958.13 18.69 102400000.00 1
4078100 29.14 100954.33 18.62 102400000.00 2
4082349 29.01 100947.52 18.64 102400000.00 3
4083098 29.23 100947.70 18.68 34071224.00 4
4083848 29.36 100946.82 18.71 33677288.00 5
4084598 29.41 100948.09 18.70 33165992.00 6
4085098 29.49 100945.66 18.74 1929345.25 7
4085847 29.57 100944.25 18.66 2023715.38 8
4086597 29.62 100945.33 18.77 2077605.88 9
4087347 29.65 100944.34 18.68 2151260.50 0
4087597 29.57 100943.27 18.67 102400000.00 1
4089096 29.14 100937.61 18.63 102400000.00 2
4093094 29.01 100930.95 18.64 102400000.00 3
4093844 29.24 100932.42 18.66 34177836.00 4
4094594 29.37 100932.70 18.68 33343170.00 5
4095344 29.41 100931.72 18.65 32965794.00 6
4095844 29.50 100931.16 18.73 1948620.38 7
4096593 29.59 100930.81 18.66 2001465.88 8
4097343 29.63 100926.85 18.63 2060362.13 9
4098093 29.65 100926.71 18.66 2104830.50 0
4098343 29.57 100925.80 18.66 102400000.00 1
4099842 29.15 100921.83 18.60 102400000.00 2
4103841 29.03 100917.88 18.63 102400000.00 3
4104590 29.25 100919.27 18.67 33394140.00 4
4105340 29.38 100918.17 18.66 32965794.00 5
4106090 29.42 100918.45 18.67 32094026.00 6
4106839 29.50 100916.92 18.69 1925264.38 7
4107339 29.59 100915.20 18.70 1986902.75 8
4108089 29.63 100914.40 18.75 2055708.88 9
4108838 29.66 100913.66 18.68 2091930.50 0
4109088 29.59 100915.16 18.64 102400000.00 1
4110588 29.16 100909.80 18.59 102400000.00 2
4114586 29.03 100904.05 18.60 102400000.00 3
4115336 29.26 100905.50 18.64 33496550.00 4
4116086 29.38 100905.14 18.65 32548298.00 5
4116835 29.43 100904.11 18.69 32094026.00 6
4117585 29.52 100902.77 18.61 1910447.75 7
4118085 29.59 100901.08 18.67 1981136.63 8
4118835 29.64 100899.66 18.65 2032754.38 9
4119584 29.67 100899.52 18.63 2069732.25 0
4119834 29.59 100898.03 18.63 102400000.00 1
4121334 29.16 100894.52 18.57 102400000.00 2
4125332 29.04 100889.62 18.59 102400000.00 3
4126082 29.26 100892.08 18.63 32645580.00 4
4126831 29.38 100891.09 18.64 32259906.00 5
4127581 29.43 100890.48 18.66 31859990.00 6
4128331 29.51 100888.50 18.59 1887992.63 7
4128831 29.60 100886.77 18.62 1955598.00 8
4129580 29.65 100887.95 18.70 2007351.13 9
4130330 29.67 100885.80 18.65 2048000.00 0
4130580 29.59 100884.23 18.62 102400000.00 1
4132079 29.17 100883.14 18.57 102400000.00 2
4136078 29.05 100877.23 18.59 102400000.00 3
4136827 29.27 100880.06 18.61 32596866.00 4
4137577 29.39 100880.04 18.64 31883240.00 5
4138327 29.44 100877.95 18.64 31379458.00 6
4139076 29.52 100875.64 18.57 1868613.13 7
4139576 29.61 100875.79 18.63 1948620.38 8
4140326 29.65 100874.84 18.67 2000000.00 9
4141076 29.68 100874.57 18.53 2055708.88 0
4141326 29.60 100873.97 18.60 102400000.00 1
4142825 29.18 100871.04 18.56 102400000.00 2
4146823 29.05 100866.17 18.56 102400000.00 3
4147573 29.27 100868.02 18.61 32403462.00 4
4148323 29.40 100868.33 18.64 31560800.00 5
4149073 29.45 100865.02 18.66 31311992.00 6
4149822 29.54 100866.45 18.53 1876317.00 7
4150322 29.62 100865.45 18.63 1911785.25 8
4151072 29.67 100865.50 18.59 2002934.00 9
4151822 29.68 100863.03 18.70 2020720.25 0
4152072 29.61 100862.84 18.58 102400000.00 1
4153571 29.19 100859.93 18.55 102400000.00 2
4157819 29.05 100856.51 18.57 102400000.00 3
4158319 29.28 100855.34 18.60 31906524.00 4
4159069 29.41 100854.97 18.62 31289568.00 5
4159819 29.46 100855.10 18.61 30869524.00 6
4160568 29.54 100854.05 18.57 1866059.25 7
4161068 29.63 100852.94 18.62 1925264.38 8
4161818 29.67 100853.36 18.50 1969704.25 9
4162568 29.69 100850.52 18.51 2013271.13 0
4162818 29.62 100850.34 18.59 102400000.00 1
4164317 29.20 100847.73 18.54 102400000.00 2
4168565 29.07 100844.82 18.56 102400000.00 3
4169065 29.30 100846.95 18.60 31744248.00 4
4169815 29.42 100844.75 18.56 31045002.00 5
4170565 29.46 100843.47 18.60 30481860.00 6
4171314 29.55 100841.57 18.63 1854652.50 7
4171814 29.63 100842.20 18.57 1903788.00 8
4172564 29.68 100842.69 18.54 1944457.63 9
4173313 29.70 100838.65 18.55 2017734.00 0
4173563 29.63 100839.24 18.59 102400000.00 1
4175063 29.20 100836.04 18.49 102400000.00 2
4179311 29.08 100832.41 18.52 102400000.00 3
4179811 29.30 100832.23 18.59 31311992.00 4
4180561 29.43 100831.91 18.61 30825964.00 5
4181310 29.47 100832.26 18.59 30460608.00 6
4182060 29.55 100830.71 18.63 1826125.75 7
4182810 29.64 100831.34 18.62 1899814.50 8
4183310 29.69 100829.30 18.57 1956999.50 9
4184059 29.72 100828.06 18.62 1971126.13 0
4184309 29.64 100828.73 18.58 102400000.00 1
4185809 29.21 100826.77 18.50 102400000.00 2
4190057 29.09 100821.27 18.53 102400000.00 3
4190557 29.31 100823.72 18.61 30957014.00 4
4191306 29.44 100824.06 18.60 30631456.00 5
4192056 29.48 100821.94 18.59 29897810.00 6
4192806 29.57 100822.88 18.66 1824905.38 7
4193555 29.66 100820.25 18.59 1894542.13 8
4194055 29.70 100818.56 18.55 1948620.38 9
4194805 29.72 100816.91 18.53 1972550.00 0
4195055 29.64 100817.14 18.51 102400000.00 1
4196555 29.22 100816.01 18.48 102400000.00 2
4200803 29.09 100810.07 18.53 102400000.00 3
4201302 29.32 100813.61 18.55 30652946.00 4
4202052 29.44 100812.52 18.58 30567164.00 5
4202802 29.49 100811.87 18.57 29714804.00 6
4203552 29.57 100808.95 18.53 1790209.75 7
4204301 29.66 100807.92 18.58 1875028.63 8
4204801 29.70 100806.52 18.61 1895857.50 9
4205551 29.73 100806.57 18.56 1971126.13 0
4205801 29.65 100805.67 18.54 102400000.00 1
4207300 29.23 100805.11 18.51 102400000.00 2
4211549 29.10 100800.63 18.50 102400000.00 3
4212048 29.32 100803.38 18.52 30524452.00 4
4212798 29.45 100801.96 18.57 29938784.00 5
4213548 29.50 100802.40 18.57 29178984.00 6
4214297 29.57 100797.13 18.49 1797279.50 7
4215047 29.67 100799.00 18.59 1857175.25 8
4215547 29.71 100799.09 18.53 1899814.50 9
4216297 29.74 100797.48 18.47 1954198.50 0
4216547 29.66 100797.72 18.53 102400000.00 1
4218046 29.23 100796.65 18.49 102400000.00 2
4222294 29.11 100792.22 18.50 102400000.00 3
4223044 29.33 100794.84 18.52 30354794.00 4
4223544 29.45 100791.98 18.56 29836558.00 5
4224294 29.50 100790.48 18.58 29316036.00 6
4225043 29.58 100789.13 18.55 1793737.63 7
4225793 29.68 100789.48 18.59 1837183.25 8
4226293 29.72 100789.13 18.49 1903788.00 9
4227043 29.74 100787.54 18.60 1922553.38 0
4227293 29.66 100786.02 18.54 102400000.00 1
4228792 29.24 100787.44 18.48 102400000.00 2
4233040 29.11 100783.51 18.47 102400000.00 3
4233790 29.33 100784.01 18.53 29959314.00 4
4234290 29.46 100782.49 18.52 29574008.00 5
4235040 29.52 100781.63 18.53 28966188.00 6
4235789 29.59 100780.12 18.54 1770477.63 7
4236539 29.68 100782.46 18.49 1847125.13 8
4237289 29.73 100780.61 18.55 1889298.88 9
4237789 29.75 100780.66 18.57 1929345.25 0
4238038 29.67 100779.42 18.52 102400000.00 1
4239538 29.25 100778.24 18.46 102400000.00 2
4243786 29.12 100781.69 18.47 102400000.00 3
4244536 29.34 100782.23 18.51 29775556.00 4
4245036 29.47 100783.44 18.53 29218012.00 5
4245785 29.52 100782.28 18.54 28643356.00 6
4246535 29.60 100781.42 18.61 1762478.50 7
4247285 29.69 100781.70 18.52 1840898.88 8
4248035 29.73 100782.09 18.53 1873742.00 9
4248535 29.76 100778.52 18.54 1921200.75 0
4248785 29.68 100775.61 18.51 102400000.00 1
4250284 29.25 100772.52 18.45 102400000.00 2
4254532 29.13 100764.91 18.46 102400000.00 3
4255282 29.36 100765.05 18.50 29454382.00 4
4255782 29.48 100765.44 18.51 29101244.00 5
4256531 29.53 100764.23 18.52 28346020.00 6
4257281 29.61 100763.78 18.54 1744463.38 7
4258031 29.69 100760.70 18.54 1799648.50 8
4258780 29.75 100762.34 18.55 1858439.25 9
4259280 29.77 100761.48 18.50 1919850.00 0
4259780 29.69 100761.03 18.49 102400000.00 1
4261030 29.27 100760.10 18.47 102400000.00 2
4265278 29.13 100755.34 18.47 102400000.00 3
4266027 29.36 100755.40 18.50 29394932.00 4
4266527 29.48 100755.64 18.50 28870484.00 5
4267277 29.54 100756.68 18.50 28605848.00 6
4268027 29.62 100755.18 18.56 1737802.25 7
4268777 29.70 100755.82 18.54 1796097.38 8
4269526 29.74 100753.65 18.47 1859704.88 9
4270026 29.77 100752.66 18.47 1895857.50 0
4270526 29.69 100752.80 18.51 102400000.00 1
4271775 29.27 100749.98 18.43 102400000.00 2
4276024 29.15 100748.74 18.45 102400000.00 3
4276773 29.36 100745.29 18.50 28966188.00 4
4277523 29.49 100747.65 18.52 28605848.00 5
4278023 29.54 100747.27 18.50 27982920.00 6
4278773 29.62 100746.23 18.41 1731191.88 7
4279523 29.71 100744.72 18.49 1793737.63 8
4280272 29.75 100742.70 18.51 1833482.50 9
4280772 29.78 100742.45 18.45 1886688.13 0
4281272 29.70 100742.76 18.49 102400000.00 1
4282522 29.27 100740.01 18.44 102400000.00 2
4286770 29.15 100738.47 18.44 102400000.00 3
4287519 29.38 100741.88 18.48 28493914.00 4
4288269 29.50 100742.06 18.51 28401300.00 5
4288769 29.56 100745.79 18.51 27541920.00 6
4289519 29.63 100746.82 18.45 1721370.00 7
4290268 29.72 100747.41 18.50 1777392.00 8
4291018 29.77 100743.50 18.53 1821253.88 9
4291768 29.79 100741.31 18.49 1872457.13 0
4292018 29.71 100744.14 18.47 102400000.00 1
4293267 29.29 100737.10 18.41 102400000.00 2
4297515 29.16 100732.22 18.45 102400000.00 3
4298265 29.39 100733.12 18.46 28624590.00 4
4299015 29.51 100732.07 18.51 28054794.00 5
4299515 29.55 100731.77 18.49 27559294.00 6
4300264 29.65 100731.06 18.51 1719202.50 7
4301014 29.73 100728.76 18.55 1772776.50 8
4301764 29.78 100728.06 18.46 1815200.50 9
4302513 29.80 100725.71 18.50 1848375.50 0
4302763 29.72 100726.46 18.48 102400000.00 1
4304013 29.30 100725.52 18.39 102400000.00 2
4308261 29.18 100726.12 18.42 102400000.00 3
4309011 29.39 100727.39 18.45 28624590.00 4
4309761 29.52 100728.71 18.50 27804836.00 5
4310261 29.57 100727.72 18.52 27318050.00 6
4311010 29.65 100724.27 18.54 1692562.00 7
4311760 29.73 100722.13 18.49 1754551.25 8
4312510 29.78 100721.00 18.52 1806793.13 9
4313259 29.80 100720.27 18.51 1839658.63 0
4313509 29.73 100720.34 18.46 102400000.00 1
4314759 29.30 100720.86 18.40 102400000.00 2
4319007 29.18 100717.63 18.44 102400000.00 3
4319757 29.40 100719.99 18.46 28108942.00 4
4320507 29.53 100720.00 18.47 27559294.00 5
4321006 29.57 100718.70 18.48 27114604.00 6
4321756 29.66 100715.88 18.47 1682135.50 7
4322506 29.74 100713.55 18.48 1757939.88 8
4323255 29.79 100713.64 18.45 1797279.50 9
4324005 29.82 100714.16 18.46 1845876.50 0
4324255 29.73 100712.48 18.44 102400000.00 1
4325505 29.31 100713.59 18.40 102400000.00 2
4329753 29.18 100710.09 18.43 102400000.00 3
4330503 29.41 100712.30 18.48 27751852.00 4
4331252 29.54 100711.97 18.46 27386544.00 5
4332002 29.58 100708.52 18.48 26914168.00 6
4332502 29.67 100707.50 18.43 1675941.13 7
4333252 29.75 100707.56 18.55 1760206.25 8
4334002 29.80 100707.48 18.45 1791384.25 9
4334751 29.82 100706.88 18.46 1829796.75 0
4335001 29.74 100705.19 18.44 102400000.00 1
4336251 29.33 100708.49 18.40 102400000.00 2
4340499 29.20 100705.41 18.42 102400000.00 3
4341249 29.41 100705.66 18.46 27804836.00 4
4341998 29.54 100702.91 18.45 27352254.00 5
4342748 29.59 100701.70 18.47 26930758.00 6
4343248 29.68 100702.47 18.34 1663688.00 7
4343998 29.76 100701.77 18.60 1744463.38 8
4344748 29.81 100703.20 18.44 1780869.63 9
4345497 29.84 100702.28 18.43 1815200.50 0
4345747 29.76 100700.56 18.41 102400000.00 1
4346997 29.32 100701.63 18.39 102400000.00 2
4351245 29.20 100699.76 18.39 102400000.00 3
4351995 29.41 100699.56 18.45 27663994.00 4
4352744 29.55 100698.66 18.43 27114604.00 5
4353494 29.60 100697.97 18.47 26815058.00 6
4353994 29.68 100697.66 18.42 1654615.25 7
4354744 29.76 100695.86 18.39 1726812.88 8
4355493 29.82 100697.74 18.48 1764756.63 9
4356243 29.84 100696.90 18.53 1807989.38 0
4356493 29.77 100696.61 18.42 102400000.00 1
4357993 29.34 100697.20 18.37 102400000.00 2
4361991 29.21 100695.22 18.40 102400000.00 3
4362741 29.43 100694.34 18.45 27165182.00 4
4363490 29.55 100693.82 18.45 26947368.00 5
4364240 29.60 100692.76 18.45 26554294.00 6
4364740 29.69 100690.71 18.51 1652612.50 7
4365490 29.79 100692.48 18.47 1725721.50 8
4366239 29.83 100694.08 18.49 1756808.88 9
4366989 29.85 100690.71 18.40 1816408.00 0
4367239 29.77 100689.24 18.42 102400000.00 1
4368738 29.34 100690.46 18.35 102400000.00 2
4372737 29.22 100691.01 18.39 102400000.00 3
4373486 29.44 100688.44 18.42 27131442.00 4
4374236 29.56 100685.38 18.44 26635236.00 5
4374986 29.61 100685.35 18.43 26554294.00 6
4375736 29.70 100684.27 18.43 1657628.50 7
4376236 29.78 100683.98 18.42 1715961.50 8
4376985 29.83 100685.45 18.42 1756808.88 9
4377735 29.86 100684.67 18.50 1797279.50 0
4377985 29.78 100684.30 18.42 102400000.00 1
4379484 29.34 100683.35 18.36 102400000.00 2
4383483 29.23 100681.61 18.41 102400000.00 3
4384232 29.44 100679.82 18.43 26864522.00 4
4384982 29.57 100679.77 18.44 26554294.00 5
4385732 29.62 100678.78 18.44 26266934.00 6
4386481 29.70 100677.65 18.51 1632848.38 7
4386981 29.80 100679.61 18.39 1696768.88 8
4387731 29.84 100678.88 18.53 1765897.88 9
4388481 29.86 100676.80 18.37 1791384.25 0
4388731 29.78 100676.70 18.42 102400000.00 1
4390230 29.36 100676.65 18.36 102400000.00 2
4394228 29.23 100676.10 18.38 102400000.00 3
4394978 29.45 100674.97 18.40 26815058.00 4
4395728 29.57 100672.83 18.45 26282736.00 5
4396478 29.62 100673.90 18.42 25635048.00 6
4397227 29.71 100673.32 18.38 1634803.38 7
4397727 29.80 100674.51 18.43 1692562.00 8
4398477 29.84 100672.82 18.42 1745578.50 9
4399227 29.87 100671.55 18.42 1764756.63 0
4399477 29.79 100672.01 18.42 102400000.00 1
4400976 29.36 100669.34 18.36 102400000.00 2
4404974 29.24 100672.00 18.37 102400000.00 3
4405724 29.46 100668.84 18.42 26505966.00 4
4406474 29.58 100669.20 18.42 26203918.00 5
4407223 29.63 100670.37 18.44 25832086.00 6
4407973 29.71 100668.80 18.38 1635782.75 7
4408473 29.80 100669.34 18.42 1683172.38 8
4409223 29.85 100667.41 18.44 1727905.50 9
4409973 29.87 100667.25 18.39 1772776.50 0
4410222 29.80 100666.35 18.41 102400000.00 1
4411722 29.36 100663.61 18.37 102400000.00 2
4415970 29.24 100666.49 18.36 102400000.00 3
4416470 29.46 100664.02 18.42 26619008.00 4
4417220 29.58 100662.60 18.42 26047694.00 5
4417969 29.64 100664.29 18.42 25470656.00 6
4418719 29.72 100664.32 18.33 1609746.50 7
4419469 29.81 100663.18 18.37 1664702.25 8
4419969 29.86 100663.98 18.41 1733389.75 9
4420718 29.88 100662.06 18.44 1751175.75 0
4420968 29.80 100661.31 18.38 102400000.00 1
4422468 29.37 100660.49 18.36 102400000.00 2
4426716 29.25 100660.58 18.38 102400000.00 3
4427216 29.47 100659.30 18.39 26235388.00 4
4427965 29.59 100659.68 18.41 25695354.00 5
4428715 29.64 100659.66 18.44 25455816.00 6
4429465 29.73 100659.30 18.35 1615460.50 7
4430215 29.81 100657.03 18.38 1676970.38 8
4430714 29.86 100658.80 18.41 1717040.50 9
4431464 29.88 100656.99 18.41 1751175.75 0
4431714 29.80 100656.78 18.37 102400000.00 1
4433213 29.38 100655.28 18.33 102400000.00 2
4437462 29.26 100655.23 18.37 102400000.00 3
4437961 29.47 100654.78 18.39 26141204.00 4
4438711 29.60 100655.78 18.41 25847368.00 5
4439461 29.65 100657.03 18.40 25235272.00 6
4440211 29.73 100654.05 18.36 1589136.75 7
4440960 29.82 100653.45 18.40 1661663.25 8
4441460 29.87 100655.30 18.50 1708446.25 9
4442210 29.89 100654.04 18.48 1752299.50 0
4442460 29.80 100651.41 18.36 102400000.00 1
4443959 29.38 100651.53 18.32 102400000.00 2
4448207 29.27 100651.04 18.34 102400000.00 3
4448707 29.48 100652.55 18.38 26001190.00 4
4449457 29.60 100651.89 18.42 25590004.00 5
4450207 29.65 100653.09 18.39 25090352.00 6
4450956 29.73 100650.21 18.36 1605959.63 7
4451706 29.82 100649.70 18.41 1659643.38 8
4452206 29.87 100650.00 18.41 1703118.50 9
4452956 29.89 100650.76 18.39 1737802.25 0
4453206 29.82 100650.27 18.38 102400000.00 1
4454705 29.39 100646.99 18.32 102400000.00 2
4458953 29.26 100646.45 18.37 102400000.00 3
4459703 29.48 100648.01 18.37 25832086.00 4
4460203 29.61 100646.99 18.38 25665166.00 5
4460952 29.66 100647.38 18.41 24961340.00 6
4461702 29.74 100645.88 18.42 1595636.88 7
4462452 29.83 100648.38 18.42 1652612.50 8
4462952 29.87 100646.38 18.44 1697823.88 9
4463701 29.89 100645.43 18.38 1730095.00 0
4463951 29.82 100645.15 18.35 102400000.00 1
4465451 29.39 100643.64 18.33 102400000.00 2
4469699 29.27 100644.46 18.34 102400000.00 3
4470448 29.48 100644.68 18.40 25954852.00 4
4470948 29.61 100645.85 18.39 25367138.00 5
4471698 29.66 100645.85 18.40 24975610.00 6
4472448 29.74 100643.59 18.40 1580856.75 7
4473197 29.84 100646.78 18.33 1652612.50 8
4473947 29.88 100644.05 18.38 1692562.00 9
4474447 29.91 100645.95 18.30 1715961.50 0
4474697 29.83 100644.44 18.36 102400000.00 1
4476196 29.39 100641.23 18.30 102400000.00 2
4480444 29.27 100638.59 18.35 102400000.00 3
4481194 29.49 100639.74 18.37 25771136.00 4
4481694 29.61 100641.29 18.40 25090352.00 5
4482444 29.66 100640.38 18.39 24623708.00 6
4483193 29.75 100641.41 18.43 1572662.75 7
4483943 29.84 100641.27 18.35 1665717.75 8
4484693 29.89 100642.32 18.42 1682135.50 9
4485193 29.90 100639.60 18.36 1730095.00 0
4485693 29.82 100638.00 18.36 102400000.00 1
4486942 29.39 100636.35 18.30 102400000.00 2
4491190 29.27 100636.97 18.32 102400000.00 3
4491940 29.49 100637.72 18.37 25695354.00 4
4492440 29.62 100638.04 18.36 25323030.00 5
4493189 29.67 100635.89 18.40 24707258.00 6
4493939 29.75 100634.69 18.38 1571757.50 7
4494689 29.84 100635.64 18.41 1637744.88 8
4495439 29.88 100635.20 18.31 1672860.88 9
4495939 29.91 100636.88 18.39 1724631.63 0
4496438 29.83 100633.43 18.35 102400000.00 1
4497688 29.41 100633.45 18.31 102400000.00 2
4501936 29.28 100631.88 18.32 102400000.00 3
4502686 29.50 100634.91 18.35 25650098.00 4
4503436 29.63 100634.22 18.37 25004196.00 5
4503936 29.67 100633.80 18.36 24554514.00 6
4504685 29.76 100633.62 18.51 1579942.13 7
4505435 29.85 100634.39 18.38 1626042.13 8
4506185 29.89 100634.24 18.37 1682135.50 9
4506685 29.92 100634.95 18.41 1705245.63 0
4507184 29.84 100633.14 18.35 102400000.00 1
4508434 29.41 100631.22 18.31 102400000.00 2
4512682 29.29 100631.55 18.34 102400000.00 3
4513432 29.51 100631.98 18.33 25485514.00 4
4514182 29.63 100633.25 18.40 24975610.00 5
4514682 29.68 100631.54 18.38 24214298.00 6
4515431 29.76 100630.80 18.30 1567247.00 7
4516181 29.84 100630.85 18.38 1610696.00 8
4516931 29.90 100631.46 18.38 1660652.75 9
4517680 29.92 100632.14 18.44 1706311.13 0
4517930 29.85 100631.70 18.36 102400000.00 1
4519180 29.41 100628.90 18.29 102400000.00 2
4523428 29.29 100626.94 18.32 102400000.00 3
4524178 29.51 100628.98 18.37 24989896.00 4
4524927 29.64 100628.96 18.35 24819542.00 5
4525427 29.69 100630.65 18.37 24554514.00 6
4526177 29.76 100626.77 18.40 1562762.25 7
4526926 29.86 100629.42 18.33 1615460.50 8
4527676 29.90 100629.76 18.37 1661663.25 9
4528426 29.93 100629.87 18.25 1692562.00 0
4528676 29.85 100627.98 18.35 102400000.00 1
4529925 29.42 100624.98 18.29 102400000.00 2
4534174 29.30 100625.09 18.32 102400000.00 3
4534923 29.51 100625.78 18.36 25047200.00 4
4535673 29.64 100626.97 18.36 24819542.00 5
4536173 29.69 100627.38 18.38 24268098.00 6
4536923 29.78 100625.45 18.40 1547704.50 7
4537672 29.87 100627.77 18.33 1602190.50 8
4538422 29.91 100629.69 18.36 1650614.50 9
4539172 29.93 100629.95 18.31 1697823.88 0
4539422 29.86 100628.46 18.32 102400000.00 1
4540671 29.43 100625.59 18.31 102400000.00 2
4544920 29.30 100621.88 18.32 102400000.00 3
4545669 29.52 100624.97 18.33 25235272.00 4
4546419 29.65 100625.15 18.36 24763272.00 5
4547169 29.70 100625.04 18.36 24349248.00 6
4547669 29.79 100624.01 18.42 1551221.38 7
4548418 29.88 100627.11 18.36 1611646.63 8
4549168 29.92 100625.05 18.38 1654615.25 9
4549918 29.95 100625.22 18.32 1687332.63 0
4550168 29.86 100624.12 18.34 102400000.00 1
4551417 29.43 100620.02 18.28 102400000.00 2
4555665 29.31 100619.82 18.33 102400000.00 3
4556415 29.52 100619.83 18.33 24861912.00 4
4557165 29.66 100621.20 18.35 24513184.00 5
4557915 29.70 100621.91 18.36 23608070.00 6
4558414 29.78 100621.02 18.47 1537249.00 7
4559164 29.88 100622.34 18.36 1600312.50 8
4559914 29.92 100622.12 18.24 1650614.50 9
4560663 29.95 100623.55 18.27 1682135.50 0
4560914 29.86 100621.30 18.33 102400000.00 1
4562163 29.44 100616.88 18.29 102400000.00 2
4566411 29.30 100615.17 18.31 102400000.00 3
4567161 29.53 100616.59 18.32 24568322.00 4
4567911 29.66 100617.65 18.33 24444610.00 5
4568660 29.71 100617.42 18.35 24227726.00 6
4569160 29.80 100617.55 18.34 1554754.25 7
4569910 29.88 100618.13 18.27 1599375.25 8
4570659 29.93 100618.23 18.36 1627010.88 9
4571409 29.95 100617.84 18.35 1673886.38 0
4571659 29.87 100617.75 18.34 102400000.00 1
4572909 29.44 100612.89 18.27 102400000.00 2
4577157 29.32 100614.26 18.29 102400000.00 3
4577907 29.54 100614.32 18.33 24707258.00 4
4578656 29.67 100615.53 18.35 24268098.00 5
4579406 29.71 100615.44 18.34 24147384.00 6
4579906 29.80 100616.64 18.37 1536384.13 7
4580656 29.89 100616.53 18.40 1594705.13 8
4581405 29.94 100617.30 18.44 1638727.75 9
4582155 29.95 100615.05 18.32 1675941.13 0
4582405 29.88 100615.48 18.32 102400000.00 1
4583904 29.45 100611.70 18.26 102400000.00 2
4587903 29.32 100611.30 18.29 102400000.00 3
4588652 29.54 100611.93 18.34 24833650.00 4
4589402 29.66 100611.90 18.33 23531778.00 5
4590152 29.72 100611.36 18.37 23380664.00 6
4590901 29.80 100614.58 18.33 1540718.50 7
4591401 29.89 100613.27 18.31 1586367.13 8
4592151 29.94 100614.26 18.31 1634803.38 9
4592901 29.96 100612.82 18.36 1663688.00 0
4593151 29.89 100614.65 18.31 102400000.00 1
4594650 29.45 100609.20 18.27 102400000.00 2
4598648 29.33 100608.28 18.29 102400000.00 3
4599398 29.55 100610.05 18.33 24403650.00 4
4600148 29.68 100610.92 18.34 24308606.00 5
4600898 29.73 100611.72 18.32 23355666.00 6
4601647 29.81 100610.90 18.31 1535520.13 7
4602147 29.90 100610.49 18.33 1564553.13 8
4602897 29.95 100611.35 18.33 1628952.13 9
4603647 29.97 100610.81 18.40 1664702.25 0
4603897 29.89 100611.01 18.31 102400000.00 1
4605396 29.46 100605.45 18.27 102400000.00 2
4609395 29.33 100603.47 18.28 102400000.00 3
4610144 29.55 100606.26 18.32 24499440.00 4
4610894 29.69 100607.97 18.34 24014658.00 5
4611644 29.73 100607.27 18.34 23231478.00 6
4612393 29.82 100607.72 18.25 1528643.38 7
4612893 29.90 100607.52 18.28 1572662.75 8
4613643 29.95 100606.42 18.29 1627980.88 9
4614393 29.98 100607.31 18.30 1660652.75 0
4614643 29.90 100607.92 18.31 102400000.00 1
4616142 29.46 100602.60 18.24 102400000.00 2
4620140 29.34 100603.39 18.28 102400000.00 3
4620890 29.55 100604.45 18.31 24080838.00 4
4621640 29.68 100605.68 18.31 23430818.00 5
4622389 29.73 100605.47 18.34 23108604.00 6
4623139 29.82 100605.77 18.29 1517599.13 7
4623639 29.90 100604.93 18.38 1568147.00 8
4624389 29.95 100606.12 18.40 1619292.38 9
4625138 29.98 100606.76 18.34 1659643.38 0
4625388 29.90 100605.05 18.31 102400000.00 1
4626888 29.47 100600.32 18.27 102400000.00 2
4631136 29.34 100600.31 18.27 102400000.00 3
4631636 29.56 100599.61 18.31 24120722.00 4
4632386 29.69 100602.35 18.33 23280994.00 5
4633135 29.73 100601.21 18.31 23256210.00 6
4633885 29.82 100601.75 18.33 1519287.88 7
4634635 29.91 100603.07 18.34 1566348.00 8
4635135 29.96 100602.66 18.27 1612598.38 9
4635884 29.98 100602.84 18.35 1668771.63 0
4636134 29.91 100602.27 18.28 102400000.00 1
4637634 29.46 100596.07 18.25 102400000.00 2
4641882 29.34 100597.06 18.26 102400000.00 3
4642382 29.56 100598.30 18.31 24027864.00 4
4643131 29.69 100599.72 18.31 23280994.00 5
4643881 29.74 100602.16 18.33 23011236.00 6
4644631 29.82 100602.01 18.30 1504223.25 7
4645380 29.91 100600.48 18.32 1574476.25 8
4645880 29.96 100601.45 18.28 1610696.00 9
4646630 29.98 100599.62 18.33 1639711.75 0
4646880 29.91 100599.96 18.30 102400000.00 1
4648379 29.46 100596.02 18.24 102400000.00 2
4652627 29.35 100596.52 18.27 102400000.00 3
4653127 29.56 100597.98 18.31 24027864.00 4
4653877 29.70 100599.52 18.32 23330722.00 5
4654627 29.74 100597.76 18.32 22629834.00 6
4655376 29.83 100598.39 18.38 1507545.13 7
4656126 29.92 100599.73 18.30 1564553.13 8
4656626 29.96 100599.36 18.35 1612598.38 9
4657376 29.98 100598.00 18.34 1641683.38 0
4657626 29.91 100597.28 18.29 102400000.00 1
4659125 29.46 100593.16 18.22 102400000.00 2
4663373 29.35 100593.03 18.29 102400000.00 3
4663873 29.57 100594.91 18.30 24067572.00 4
4664623 29.70 100597.52 18.33 23182172.00 5
4665373 29.75 100596.77 18.32 22700382.00 6
4666122 29.84 100596.70 18.36 1502567.88 7
4666872 29.92 100596.33 18.20 1557414.50 8
4667372 29.96 100596.19 18.34 1604072.88 9
4668122 29.99 100594.84 18.28 1647626.75 0
4668372 29.91 100594.93 18.31 102400000.00 1
4669871 29.47 100589.94 18.26 102400000.00 2
4674119 29.35 100590.33 18.26 102400000.00 3
4674869 29.57 100591.38 18.30 24054322.00 4
4675369 29.70 100593.95 18.32 23059818.00 5
4676118 29.75 100592.79 18.32 22466918.00 6
4676868 29.83 100592.80 18.31 1472322.13 7
4677618 29.91 100591.96 18.33 1564553.13 8
4678367 29.97 100592.34 18.33 1611646.63 9
4678867 29.98 100591.10 18.32 1638727.75 0
4679117 29.91 100591.20 18.31 102400000.00 1
4680616 29.47 100586.27 18.22 102400000.00 2
4684865 29.35 100586.29 18.27 102400000.00 3
4685614 29.57 100587.91 18.31 23305832.00 4
4686114 29.70 100590.24 18.30 22938746.00 5
4686864 29.75 100589.03 18.30 22374872.00 6
4687614 29.83 100588.18 18.34 1481910.25 7
4688363 29.93 100590.87 18.37 1553869.50 8
4689113 29.96 100588.73 18.31 1605959.63 9
4689613 29.99 100588.91 18.28 1638727.75 0
4689863 29.91 100588.31 18.30 102400000.00 1
4691362 29.48 100583.82 18.24 102400000.00 2
4695610 29.35 100583.98 18.25 102400000.00 3
4696360 29.57 100586.70 18.29 23405714.00 4
4696860 29.70 100586.79 18.29 22890674.00 5
4697610 29.75 100587.33 18.31 22536452.00 6
4698359 29.83 100589.25 18.34 1478700.38 7
4699109 29.92 100586.79 18.30 1544203.63 8
4699859 29.96 100585.82 18.29 1594705.13 9
4700359 29.98 100585.48 18.32 1633825.25 0
4700858 29.91 100586.45 18.28 102400000.00 1
4702108 29.47 100580.98 18.24 102400000.00 2
4706356 29.36 100584.77 18.26 102400000.00 3
4707106 29.57 100585.70 18.31 23430818.00 4
4707606 29.70 100587.28 18.30 23011236.00 5
4708355 29.75 100586.29 18.29 22374872.00 6
4709105 29.84 100586.24 18.33 1472322.13 7
4709855 29.92 100586.16 18.33 1565450.00 8
4710605 29.97 100586.09 18.34 1595636.88 9
4711105 30.00 100584.48 18.30 1622178.25 0
4711604 29.91 100585.10 18.30 102400000.00 1
4712854 29.48 100580.47 18.21 102400000.00 2
4717102 29.36 100580.61 18.26 102400000.00 3
4717852 29.58 100583.31 18.31 23481190.00 4
4718602 29.70 100584.63 18.31 22653302.00 5
4719102 29.75 100584.25 18.28 22466918.00 6
4719851 29.84 100584.80 18.30 1481910.25 7
4720601 29.93 100583.98 18.33 1538114.88 8
4721351 29.97 100583.00 18.26 1591916.00 9
4722101 30.00 100583.99 18.31 1621215.13 0
4722351 29.92 100584.61 18.28 102400000.00 1
4723600 29.49 100580.16 18.20 102400000.00 2
4727848 29.36 100579.49 18.25 102400000.00 3
4728598 29.58 100583.26 18.28 23280994.00 4
4729348 29.70 100583.98 18.31 22583046.00 5
4729848 29.75 100584.30 18.32 22559724.00 6
4730597 29.83 100581.93 18.30 1470736.13 7
4731347 29.92 100581.88 18.34 1538981.75 8
4732097 29.97 100581.46 18.40 1587289.25 9
4732846 30.00 100580.34 18.28 1618332.63 0
4733097 29.92 100581.10 18.29 102400000.00 1
4734346 29.48 100579.13 18.24 102400000.00 2
4738594 29.35 100576.47 18.25 102400000.00 3
4739344 29.57 100579.22 18.31 23256210.00 4
4740094 29.71 100581.32 18.30 22676816.00 5
4740594 29.75 100579.02 18.29 22215594.00 6
4741343 29.84 100580.28 18.35 1465998.63 7
4742093 29.93 100578.91 18.31 1538114.88 8
4742843 29.97 100581.60 18.31 1576294.00 9
4743592 29.99 100581.30 18.30 1617374.13 0
4743842 29.91 100579.84 18.31 102400000.00 1
4745092 29.48 100576.10 18.23 102400000.00 2
4749340 29.36 100575.88 18.24 102400000.00 3
4750090 29.58 100578.71 18.30 23133074.00 4
4750840 29.70 100578.55 18.31 22938746.00 5
4751340 29.75 100578.20 18.32 22397812.00 6
4752089 29.84 100577.59 18.26 1455062.13 7
4752839 29.93 100578.48 18.38 1539849.63 8
4753589 29.97 100576.77 18.36 1579942.13 9
4754339 29.99 100574.95 18.33 1605015.63 0
4754589 29.92 100576.29 18.30 102400000.00 1
4755838 29.48 100573.14 18.20 102400000.00 2
4760086 29.35 100571.06 18.25 102400000.00 3
4760836 29.57 100573.29 18.29 22987022.00 4
4761586 29.70 100575.28 18.29 22723994.00 5
4762335 29.75 100573.27 18.34 22215594.00 6
4762835 29.84 100575.00 18.33 1459729.13 7
4763585 29.93 100575.84 18.28 1525228.13 8
4764335 29.97 100572.60 18.25 1574476.25 9
4765084 30.00 100574.22 18.24 1605015.63 0
4765334 29.92 100574.20 18.27 102400000.00 1
4766584 29.48 100570.80 18.22 102400000.00 2
4770832 29.36 100570.58 18.26 102400000.00 3
4771582 29.58 100572.70 18.28 22771370.00 4
4772331 29.70 100573.20 18.33 22653302.00 5
4773081 29.75 100573.84 18.28 22058566.00 6
4773581 29.84 100572.89 18.26 1451967.38 7
4774331 29.93 100574.98 18.31 1530356.75 8
4775080 29.97 100580.47 18.34 1568147.00 9
4775830 30.00 100580.94 18.37 1603131.13 0
4776080 29.92 100580.00 18.28 102400000.00 1
4777330 29.49 100576.36 18.22 102400000.00 2
4781578 29.37 100558.75 18.26 102400000.00 3
4782328 29.58 100560.54 18.28 23011236.00 4
4783077 29.71 100561.19 18.28 22443836.00 5
4783827 29.75 100558.45 18.29 22306330.00 6
4784327 29.84 100561.15 18.29 1459729.13 7
4785077 29.93 100560.98 18.29 1526933.88 8
4785826 29.98 100560.34 18.25 1561868.50 9
4786576 30.00 100571.72 18.28 1610696.00 0
4786826 29.92 100572.70 18.27 102400000.00 1
4788075 29.48 100569.15 18.22 102400000.00 2
4792324 29.36 100569.69 18.24 102400000.00 3
4793073 29.58 100569.80 18.26 22842802.00 4
4793823 29.70 100563.74 18.31 22559724.00 5
4794573 29.76 100559.59 18.29 21772758.00 6
4795073 29.85 100559.27 18.29 1447349.88 7
4795823 29.93 100560.01 18.33 1520980.38 8
4796572 29.98 100559.35 18.26 1567247.00 9
4797322 30.00 100560.34 18.25 1602190.50 0
4797572 29.92 100558.27 18.29 102400000.00 1
4799071 29.48 100566.97 18.18 102400000.00 2
4803070 29.36 100572.38 18.26 102400000.00 3
4803819 29.58 100575.35 18.31 22629834.00 4
4804569 29.71 100575.16 18.32 22490048.00 5
4805319 29.75 100569.48 18.30 22260870.00 6
4805819 29.84 100568.59 18.25 1456614.50 7
4806569 29.93 100568.51 18.24 1510881.63 8
4807318 29.98 100568.23 18.33 1552985.75 9
4808068 30.00 100567.37 18.24 1601251.00 0
4808318 29.92 100568.18 18.28 102400000.00 1
4809817 29.49 100566.13 18.23 102400000.00 2
4813816 29.36 100562.73 18.24 102400000.00 3
4814565 29.58 100565.32 18.29 22842802.00 4
4815315 29.71 100565.70 18.30 22329132.00 5
4816065 29.75 100565.71 18.29 21925728.00 6
4816815 29.85 100566.47 18.21 1450424.88 7
4817314 29.93 100566.88 18.31 1529499.63 8
4818064 29.97 100565.98 18.29 1561868.50 9
4818814 30.00 100565.54 18.31 1591916.00 0
4819064 29.92 100565.32 18.25 102400000.00 1
4820563 29.48 100562.92 18.24 102400000.00 2
4824562 29.36 100562.23 18.26 102400000.00 3
4825311 29.58 100566.10 18.27 22606416.00 4
4826061 29.71 100567.80 18.29 22215594.00 5
4826811 29.75 100567.23 18.30 21838054.00 6
4827560 29.85 100567.20 18.26 1453513.13 7
4828060 29.92 100564.70 18.32 1509211.50 8
4828810 29.98 100565.70 18.33 1560083.75 9
4829560 30.00 100565.89 18.28 1597503.88 0
4829810 29.92 100563.77 18.28 102400000.00 1
4831309 29.49 100563.70 18.22 102400000.00 2
4835308 29.36 100560.52 18.23 102400000.00 3
4836057 29.58 100563.30 18.27 22676816.00 4
4836807 29.71 100565.06 18.32 22215594.00 5
4837557 29.76 100564.59 18.30 21969830.00 6
4838306 29.84 100563.45 18.28 1438202.25 7
4838806 29.93 100563.56 18.27 1524376.63 8
4839556 29.98 100563.69 18.24 1539849.63 9
4840306 30.00 100565.95 18.24 1579942.13 0
4840556 29.93 100564.42 18.29 102400000.00 1
4842055 29.48 100560.38 18.20 102400000.00 2
4846053 29.37 100561.43 18.23 102400000.00 3
4846803 29.58 100562.65 18.30 22329132.00 4
4847553 29.71 100564.42 18.29 22397812.00 5
4848303 29.75 100563.30 18.30 21969830.00 6
4849052 29.84 100562.27 18.30 1455062.13 7
4849552 29.93 100563.09 18.24 1485134.13 8
4850302 29.98 100563.38 18.27 1558303.25 9
4851052 30.00 100563.03 18.21 1594705.13 0
4851302 29.93 100563.02 18.27 102400000.00 1
4852801 29.49 100561.65 18.21 102400000.00 2
4857049 29.36 100558.82 18.23 102400000.00 3
4857549 29.58 100561.06 18.30 22559724.00 4
4858299 29.71 100562.14 18.29 22583046.00 5
4859049 29.76 100562.50 18.30 21838054.00 6
4859798 29.84 100562.23 18.34 1442761.50 7
4860298 29.93 100561.31 18.33 1483520.50 8
4861048 29.99 100563.96 18.36 1549461.00 9
4861798 30.00 100562.67 18.35 1586367.13 0
4862048 29.92 100562.02 18.26 102400000.00 1
4863547 29.49 100560.79 18.21 102400000.00 2
4867795 29.37 100558.16 18.23 102400000.00 3
4868295 29.59 100560.81 18.28 22559724.00 4
4869045 29.71 100560.99 18.30 21969830.00 5
4869794 29.76 100560.14 18.29 21621906.00 6
4870544 29.84 100558.27 18.25 1444287.75 7
4871294 29.93 100560.43 18.26 1511718.00 8
4871793 29.98 100559.76 18.34 1564553.13 9
4872543 30.00 100560.85 18.26 1578116.00 0
4872793 29.93 100560.35 18.27 102400000.00 1
4874292 29.49 100558.10 18.21 102400000.00 2
4878541 29.37 100557.20 18.24 102400000.00 3
4879040 29.58 100560.15 18.27 22397812.00 4
4879790 29.71 100561.02 18.29 21991946.00 5
4880540 29.76 100559.50 18.29 21579190.00 6
4881290 29.85 100559.13 18.31 1429169.63 7
4882039 29.93 100558.95 18.24 1501741.50 8
4882539 29.97 100558.55 18.35 1551221.38 9
4883289 30.01 100561.23 18.33 1575384.63 0
4883539 29.93 100560.97 18.25 102400000.00 1
4885038 29.49 100557.88 18.21 102400000.00 2
4889287 29.37 100554.99 18.24 102400000.00 3
4889786 29.58 100556.82 18.26 22583046.00 4
4890536 29.71 100558.15 18.29 21794480.00 5
4891286 29.76 100557.71 18.26 21707850.00 6
4892036 29.85 100558.43 18.28 1429169.63 7
4892785 29.93 100557.23 18.27 1502567.88 8
4893285 29.98 100558.70 18.33 1545077.38 9
4894035 30.00 100559.33 18.29 1578116.00 0
4894285 29.93 100557.34 18.28 102400000.00 1
4895784 29.49 100555.00 18.22 102400000.00 2
4900032 29.36 100554.53 18.22 102400000.00 3
4900782 29.58 100556.70 18.26 22443836.00 4
4901282 29.71 100558.33 18.29 22058566.00 5
4902031 29.76 100556.52 18.28 21707850.00 6
4902781 29.84 100554.86 18.34 1447349.88 7
4903531 29.94 100556.58 18.33 1505882.38 8
4904031 29.98 100557.90 18.26 1548582.25 9
4904781 30.01 100559.32 18.25 1588212.50 0
4905031 29.93 100557.87 18.28 102400000.00 1
4906530 29.50 100554.34 18.22 102400000.00 2
4910778 29.37 100553.09 18.24 102400000.00 3
4911528 29.59 100555.45 18.26 22329132.00 4
4912028 29.71 100556.38 18.27 22148022.00 5
4912777 29.77 100555.48 18.28 21729442.00 6
4913527 29.85 100555.10 18.29 1429169.63 7
4914277 29.94 100558.13 18.27 1516756.13 8
4915027 29.98 100556.38 18.28 1544203.63 9
4915527 30.00 100556.39 18.27 1584526.13 0
4915776 29.93 100557.05 18.28 102400000.00 1
4917276 29.50 100554.22 18.21 102400000.00 2
4921524 29.38 100554.41 18.23 102400000.00 3
4922274 29.59 100556.28 18.26 22125590.00 4
4922774 29.72 100555.91 18.30 22215594.00 5
4923523 29.76 100555.44 18.30 21881804.00 6
4924273 29.85 100555.18 18.34 1423210.63 7
4925023 29.93 100556.24 18.22 1478700.38 8
4925772 29.98 100558.21 18.22 1546827.75 9
4926272 30.01 100557.22 18.28 1573569.00 0
4926522 29.93 100555.70 18.27 102400000.00 1
4928022 29.50 100554.25 18.19 102400000.00 2
4932270 29.37 100552.91 18.24 102400000.00 3
4933020 29.59 100555.75 18.28 22536452.00 4
4933519 29.71 100554.94 18.29 21707850.00 5
4934269 29.77 100555.73 18.27 21664794.00 6
4935019 29.86 100555.42 18.30 1429169.63 7
4935769 29.95 100558.87 18.32 1477100.63 8
4936518 29.99 100557.98 18.30 1552985.75 9
4937018 30.01 100557.32 18.22 1574476.25 0
4937518 29.93 100555.97 18.27 102400000.00 1
4938767 29.50 100555.16 18.21 102400000.00 2
4943016 29.37 100554.02 18.22 102400000.00 3
4943765 29.59 100558.13 18.28 22103204.00 4
4944515 29.71 100556.88 18.31 21991946.00 5
4945015 29.77 100557.37 18.27 21494260.00 6
4945765 29.85 100556.06 18.33 1417301.00 7
4946514 29.95 100556.60 18.33 1473911.50 8
4947264 29.99 100557.38 18.30 1539849.63 9
4947764 30.01 100556.25 18.25 1565450.00 0
4948264 29.93 100556.04 18.25 102400000.00 1
4949513 29.50 100555.02 18.21 102400000.00 2
4953761 29.37 100551.63 18.25 102400000.00 3
4954511 29.59 100554.44 18.27 22170500.00 4
4955261 29.72 100552.27 18.30 21991946.00 5
4955761 29.77 100553.06 18.28 21536642.00 6
4956510 29.86 100553.51 18.32 1421728.63 7
4957260 29.94 100552.73 18.26 1478700.38 8
4958010 29.99 100554.05 18.31 1547704.50 9
4958760 30.01 100552.91 18.16 1572662.75 0
4959010 29.93 100551.96 18.25 102400000.00 1
4960259 29.50 100551.13 18.20 102400000.00 2
4964507 29.37 100551.07 18.24 102400000.00 3
4965257 29.59 100553.90 18.27 22125590.00 4
4966007 29.72 100552.72 18.30 21991946.00 5
4966507 29.77 100553.69 18.27 21409996.00 6
4967256 29.84 100551.71 18.35 1421728.63 7
4968006 29.94 100552.96 18.31 1481910.25 8
4968756 29.99 100554.74 18.28 1531215.00 9
4969506 30.01 100553.48 18.25 1568147.00 0
4969755 29.94 100553.51 18.25 102400000.00 1
4971005 29.50 100551.58 18.21 102400000.00 2
4975253 29.37 100550.01 18.25 102400000.00 3
4976003 29.59 100551.59 18.27 22193024.00 4
4976753 29.72 100550.95 18.29 21838054.00 5
4977253 29.77 100551.45 18.27 21579190.00 6
4978002 29.85 100552.38 18.27 1418773.88 7
4978752 29.95 100552.73 18.40 1472322.13 8
4979502 29.99 100552.48 18.30 1536384.13 9
4980251 30.02 100553.94 18.17 1572662.75 0
4980501 29.94 100552.86 18.25 102400000.00 1
4981751 29.50 100549.32 18.20 102400000.00 2
4985999 29.38 100548.84 18.25 102400000.00 3
4986749 29.59 100550.66 18.26 22215594.00 4
4987498 29.72 100551.03 18.28 21969830.00 5
4988248 29.77 100550.70 18.29 21202200.00 6
4988748 29.85 100550.27 18.21 1424695.63 7
4989498 29.94 100551.23 18.25 1473911.50 8
4990247 29.99 100550.66 18.28 1536384.13 9
4990997 30.01 100550.84 18.23 1567247.00 0
4991247 29.93 100549.72 18.28 102400000.00 1
4992497 29.50 100549.30 18.19 102400000.00 2
4996745 29.38 100548.41 18.26 102400000.00 3
4997495 29.59 100549.62 18.27 22215594.00 4
4998244 29.72 100549.40 18.28 21881804.00 5
4998994 29.77 100548.77 18.30 21099806.00 6
4999494 29.86 100549.15 18.29 1426183.88 7
5000244 29.94 100549.35 18.24 1465998.63 8
5000993 29.98 100548.11 18.23 1534657.13 9
5001743 30.01 100549.66 18.22 1566348.00 0
5001993 29.94 100548.93 18.26 102400000.00 1
5003243 29.50 100546.98 18.19 102400000.00 2
5007491 29.38 100546.98 18.22 102400000.00 3
5008241 29.59 100547.52 18.25 22125590.00 4
5008990 29.72 100548.53 18.27 21838054.00 5
5009740 29.77 100547.48 18.28 21494260.00 6
5010240 29.85 100547.48 18.26 1424695.63 7
5010990 29.95 100547.91 18.32 1473911.50 8
5011739 29.98 100548.03 18.32 1531215.00 9
5012489 30.01 100547.88 18.27 1558303.25 0
5012739 29.94 100547.50 18.26 102400000.00 1
5013989 29.50 100544.63 18.19 102400000.00 2
5018237 29.38 100543.44 18.26 102400000.00 3
5018987 29.60 100545.67 18.27 21925728.00 4
5019736 29.72 100546.55 18.28 21816246.00 5
5020486 29.77 100547.27 18.28 21120206.00 6
5020986 29.86 100546.27 18.31 1409982.75 7
5021735 29.94 100548.45 18.31 1467574.38 8
5022485 29.99 100547.97 18.28 1527788.13 9
5023235 30.01 100547.16 18.15 1562762.25 0
5023485 29.93 100546.35 18.28 102400000.00 1
5024985 29.50 100543.85 18.21 102400000.00 2
5028983 29.38 100546.45 18.26 102400000.00 3
5029733 29.59 100546.68 18.27 21859906.00 4
5030482 29.72 100548.72 18.29 21925728.00 5
5031232 29.77 100548.01 18.28 21161124.00 6
5031732 29.85 100546.80 18.28 1414364.63 7
5032482 29.93 100544.95 18.20 1478700.38 8
5033231 29.99 100546.94 18.35 1539849.63 9
5033981 30.01 100547.35 18.39 1571757.50 0
5034231 29.93 100545.98 18.26 102400000.00 1
5035730 29.50 100545.62 18.22 102400000.00 2
5039729 29.38 100545.40 18.24 102400000.00 3
5040478 29.60 100546.82 18.27 21969830.00 4
5041228 29.72 100546.74 18.29 21536642.00 5
5041978 29.77 100546.35 18.27 21243436.00 6
5042728 29.86 100546.73 18.33 1421728.63 7
5043227 29.95 100547.62 18.40 1462857.13 8
5043977 29.98 100545.84 18.31 1532934.13 9
5044727 30.02 100547.16 18.30 1555640.00 0
5044977 29.94 100547.09 18.27 102400000.00 1
5046476 29.50 100545.00 18.18 102400000.00 2
5050474 29.38 100542.38 18.24 102400000.00 3
5051224 29.60 100545.38 18.27 22036314.00 4
5051974 29.73 100545.27 18.27 21751078.00 5
5052724 29.77 100546.04 18.25 21181642.00 6
5053473 29.86 100545.99 18.26 1401300.00 7
5053973 29.95 100546.51 18.30 1481910.25 8
5054723 29.99 100546.23 18.18 1545952.13 9
5055473 30.01 100545.61 18.18 1565450.00 0
5055723 29.94 100545.56 18.25 102400000.00 1
5057222 29.50 100544.04 18.20 102400000.00 2
5061220 29.37 100542.66 18.25 102400000.00 3
5061970 29.59 100543.46 18.27 21772758.00 4
5062720 29.72 100544.60 18.27 21473132.00 5
5063469 29.77 100546.83 18.30 21347232.00 6
5064219 29.86 100547.22 18.22 1415831.38 7
5064719 29.95 100546.00 18.24 1473911.50 8
5065469 29.99 100545.29 18.27 1526933.88 9
5066218 30.02 100546.57 18.26 1566348.00 0
5066469 29.94 100545.02 18.27 102400000.00 1
5067968 29.50 100543.09 18.21 102400000.00 2
5072216 29.38 100543.52 18.25 102400000.00 3
5072716 29.59 100546.02 18.26 21794480.00 4
5073466 29.72 100546.27 18.28 21707850.00 5
5074215 29.77 100546.32 18.30 21181642.00 6
5074965 29.86 100544.94 18.24 1414364.63 7
5075465 29.95 100545.30 18.30 1470736.13 8
5076215 29.99 100545.36 18.29 1518443.00 9
5076965 30.01 100546.00 18.22 1569048.13 0
5077215 29.94 100545.43 18.27 102400000.00 1
5078714 29.50 100544.28 18.21 102400000.00 2
5082962 29.38 100543.91 18.25 102400000.00 3
5083462 29.60 100545.32 18.26 22014108.00 4
5084211 29.73 100545.70 18.27 21947756.00 5
5084961 29.77 100545.30 18.28 21140646.00 6
5085711 29.86 100546.41 18.27 1414364.63 7
5086461 29.95 100546.18 18.29 1472322.13 8
5086960 29.99 100546.05 18.40 1529499.63 9
5087710 30.02 100545.61 18.34 1564553.13 0
5087960 29.94 100544.20 18.26 102400000.00 1
5089460 29.50 100543.55 18.21 102400000.00 2
5093708 29.38 100541.31 18.25 102400000.00 3
5094208 29.60 100543.79 18.29 21859906.00 4
5094957 29.72 100542.68 18.26 21794480.00 5
5095707 29.78 100544.63 18.28 21099806.00 6
5096457 29.86 100544.99 18.31 1415831.38 7
5097206 29.95 100545.23 18.28 1477100.63 8
5097706 30.00 100544.84 18.32 1535520.13 9
5098456 30.02 100544.77 18.32 1568147.00 0
5098706 29.94 100543.08 18.25 102400000.00 1
5100205 29.50 100542.07 18.21 102400000.00 2
5104454 29.38 100541.44 18.22 102400000.00 3
5104953 29.60 100543.90 18.27 21686300.00 4
5105703 29.73 100542.34 18.28 21579190.00 5
5106453 29.77 100541.48 18.28 21222798.00 6
5107203 29.87 100543.87 18.21 1415831.38 7
5107952 29.95 100543.52 18.26 1469153.50 8
5108452 29.99 100543.61 18.35 1524376.63 9
5109202 30.02 100543.33 18.29 1560083.75 0
5109452 29.94 100543.41 18.25 102400000.00 1
5110951 29.51 100541.76 18.19 102400000.00 2
5115199 29.38 100541.61 18.25 102400000.00 3
5115949 29.60 100541.45 18.27 21794480.00 4
5116449 29.73 100542.30 18.28 21347232.00 5
5117199 29.78 100542.57 18.27 21018602.00 6
5117949 29.87 100543.52 18.40 1414364.63 7
5118698 29.95 100544.31 18.28 1500916.13 8
5119198 30.00 100544.97 18.28 1519287.88 9
5119948 30.02 100543.76 18.14 1563657.13 0
5120198 29.94 100542.66 18.25 102400000.00 1
5121697 29.51 100541.45 18.21 102400000.00 2
5125945 29.38 100541.17 18.21 102400000.00 3
5126695 29.60 100541.26 18.30 21838054.00 4
5127195 29.73 100543.11 18.30 21600528.00 5
5127945 29.78 100544.04 18.28 20917970.00 6
5128694 29.86 100545.40 18.36 1414364.63 7
5129444 29.95 100543.67 18.32 1472322.13 8
5130194 30.00 100545.82 18.28 1530356.75 9
5130694 30.02 100543.72 18.27 1554754.25 0
5130944 29.95 100544.00 18.27 102400000.00 1
5132443 29.51 100541.06 18.19 102400000.00 2
5136691 29.39 100543.71 18.23 102400000.00 3
5137441 29.60 100544.33 18.26 21794480.00 4
5137941 29.73 100542.90 18.30 21664794.00 5
5138691 29.78 100543.13 18.30 21243436.00 6
5139441 29.87 100544.34 18.39 1409982.75 7
5140190 29.95 100543.70 18.22 1469153.50 8
5140940 30.00 100544.37 18.24 1532934.13 9
5141440 30.03 100544.12 18.34 1560083.75 0
5141940 29.95 100543.95 18.28 102400000.00 1
5143189 29.51 100539.62 18.21 102400000.00 2
5147437 29.39 100541.27 18.24 102400000.00 3
5148187 29.61 100543.01 18.26 21838054.00 4
5148687 29.73 100541.59 18.29 21838054.00 5
5149436 29.79 100542.72 18.28 21079446.00 6
5150186 29.87 100542.25 18.27 1404182.38 7
5150936 29.95 100542.30 18.28 1456614.50 8
5151686 30.00 100542.38 18.27 1528643.38 9
5152185 30.02 100541.41 18.27 1555640.00 0
5152685 29.95 100542.20 18.24 102400000.00 1
5153935 29.51 100539.05 18.19 102400000.00 2
5158183 29.39 100539.70 18.26 102400000.00 3
5158933 29.61 100540.66 18.30 21881804.00 4
5159682 29.73 100541.18 18.31 21557894.00 5
5160182 29.79 100542.23 18.28 20938020.00 6
5160932 29.87 100541.77 18.23 1412901.00 7
5161682 29.96 100543.07 18.30 1453513.13 8
5162431 30.01 100542.79 18.21 1523526.13 9
5163181 30.03 100542.50 18.31 1569048.13 0
5163431 29.96 100542.37 18.26 102400000.00 1
5164681 29.52 100540.98 18.21 102400000.00 2
5168929 29.39 100540.58 18.24 102400000.00 3
5169679 29.61 100540.83 18.26 21816246.00 4
5170428 29.74 100543.25 18.26 21515430.00 5
5170928 29.80 100542.48 18.27 21264114.00 6
5171678 29.88 100544.52 18.26 1417301.00 7
5172428 29.96 100542.46 18.28 1467574.38 8
5173177 30.01 100542.34 18.27 1528643.38 9
5173927 30.03 100541.17 18.28 1552985.75 0
5174177 29.95 100541.38 18.24 102400000.00 1
5175427 29.52 100540.76 18.21 102400000.00 2
5179675 29.39 100539.52 18.25 102400000.00 3
5180425 29.61 100539.94 18.28 21881804.00 4
5181174 29.74 100539.88 18.29 21515430.00 5
5181674 29.79 100540.35 18.31 21284832.00 6
5182424 29.88 100540.72 18.24 1411440.38 7
5183174 29.96 100542.46 18.29 1475504.38 8
5183924 30.00 100540.66 18.25 1528643.38 9
5184673 30.04 100542.63 18.27 1548582.25 0
5184923 29.96 100541.18 18.22 102400000.00 1
5186173 29.52 100538.22 18.20 102400000.00 2
5190421 29.39 100538.39 18.23 102400000.00 3
5191171 29.62 100539.90 18.27 21772758.00 4
5191920 29.75 100540.13 18.29 21579190.00 5
5192420 29.79 100539.53 18.28 21059126.00 6
5193170 29.88 100540.18 18.31 1408528.25 7
5193919 29.97 100541.99 18.29 1447349.88 8
5194669 30.02 100540.79 18.22 1523526.13 9
5195419 30.04 100539.37 18.18 1538981.75 0
5195669 29.96 100539.98 18.26 102400000.00 1
5196918 29.52 100536.91 18.20 102400000.00 2
5201166 29.40 100537.90 18.23 102400000.00 3
5201916 29.62 100538.14 18.28 21925728.00 4
5202666 29.75 100538.28 18.28 21347232.00 5
5203416 29.79 100538.41 18.28 21202200.00 6
5203916 29.88 100537.99 18.33 1409982.75 7
5204665 29.97 100539.61 18.21 1470736.13 8
5205415 30.01 100537.01 18.29 1525228.13 9
5206165 30.04 100538.23 18.27 1564553.13 0
5206415 29.96 100538.51 18.27 102400000.00 1
5207664 29.53 100535.27 18.20 102400000.00 2
5211912 29.40 100536.70 18.25 102400000.00 3
5212662 29.62 100536.53 18.24 21729442.00 4
5213412 29.75 100536.93 18.26 21264114.00 5
5214162 29.80 100537.34 18.30 21222798.00 6
5214661 29.89 100538.19 18.28 1405628.00 7
5215411 29.97 100538.48 18.35 1464426.13 8
5216161 30.02 100537.75 18.21 1514232.88 9
5216911 30.04 100536.96 18.30 1557414.50 0
5217161 29.96 100536.82 18.25 102400000.00 1
5218410 29.53 100535.46 18.19 102400000.00 2
5222658 29.41 100533.64 18.22 102400000.00 3
5223408 29.63 100534.48 18.27 21947756.00 4
5224158 29.75 100534.38 18.27 21772758.00 5
5224907 29.80 100534.61 18.30 21305592.00 6
5225407 29.88 100534.98 18.33 1411440.38 7
5226157 29.98 100536.50 18.23 1461291.50 8
5226907 30.02 100534.80 18.22 1510881.63 9
5227656 30.05 100536.59 18.23 1539849.63 0
5227906 29.98 100537.41 18.25 102400000.00 1
5229406 29.53 100532.01 18.21 102400000.00 2
5233404 29.41 100532.73 18.22 102400000.00 3
5234154 29.63 100535.07 18.28 21969830.00 4
5234903 29.76 100533.88 18.30 21707850.00 5
5235653 29.81 100535.83 18.29 21120206.00 6
5236153 29.89 100535.90 18.22 1405628.00 7
5236903 29.98 100534.96 18.27 1467574.38 8
5237652 30.02 100534.28 18.26 1517599.13 9
5238402 30.05 100534.60 18.16 1558303.25 0
5238652 29.97 100533.91 18.23 102400000.00 1
5240151 29.54 100532.83 18.20 102400000.00 2
5244150 29.41 100532.65 18.25 102400000.00 3
5244899 29.63 100533.66 18.24 21794480.00 4
5245649 29.76 100533.91 18.28 21368112.00 5
5246399 29.81 100535.03 18.29 21181642.00 6
5247149 29.89 100533.83 18.31 1402739.75 7
5247648 29.98 100533.81 18.35 1459729.13 8
5248398 30.02 100533.92 18.33 1530356.75 9
5249148 30.05 100532.94 18.27 1544203.63 0
5249398 29.97 100532.28 18.25 102400000.00 1
5250897 29.54 100532.41 18.19 102400000.00 2
5254896 29.42 100532.34 18.22 102400000.00 3
5255645 29.64 100533.60 18.24 21664794.00 4
5256395 29.76 100534.74 18.30 21326392.00 5
5257145 29.82 100535.07 18.29 20858052.00 6
5257894 29.89 100534.23 18.27 1394145.63 7
5258394 29.98 100534.54 18.31 1456614.50 8
5259144 30.03 100532.91 18.29 1508377.88 9
5259894 30.06 100534.93 18.27 1557414.50 0
5260144 29.98 100534.32 18.27 102400000.00 1
5261643 29.54 100533.02 18.21 102400000.00 2
5265641 29.41 100532.06 18.21 102400000.00 3
5266391 29.63 100534.29 18.27 21536642.00 4
5267141 29.77 100534.21 18.28 21452046.00 5
5267891 29.82 100536.46 18.27 21038844.00 6
5268640 29.90 100534.70 18.32 1414364.63 7
5269140 29.98 100533.36 18.23 1470736.13 8
5269890 30.04 100534.76 18.23 1516756.13 9
5270640 30.05 100532.84 18.18 1538114.88 0
5270890 29.98 100533.27 18.26 102400000.00 1
5272389 29.55 100530.60 18.18 102400000.00 2
5276387 29.42 100529.38 18.23 102400000.00 3
5277137 29.64 100531.62 18.26 21729442.00 4
5277887 29.77 100533.48 18.25 21368112.00 5
5278636 29.82 100533.45 18.25 21140646.00 6
5279386 29.90 100531.66 18.28 1414364.63 7
5279886 30.00 100533.09 18.22 1458170.13 8
5280636 30.04 100532.77 18.32 1522676.63 9
5281385 30.05 100528.43 18.25 1548582.25 0
5281635 29.98 100530.55 18.27 102400000.00 1
5283135 29.55 100529.12 18.20 102400000.00 2
5287383 29.42 100528.27 18.22 102400000.00 3
5287883 29.64 100529.78 18.27 21859906.00 4
5288633 29.76 100530.09 18.29 21579190.00 5
5289382 29.82 100531.09 18.30 21099806.00 6
5290132 29.90 100530.73 18.19 1408528.25 7
5290882 29.99 100529.30 18.33 1451967.38 8
5291382 30.04 100529.48 18.25 1514232.88 9
5292131 30.06 100527.91 18.24 1538981.75 0
5292381 29.98 100528.29 18.27 102400000.00 1
5293881 29.55 100527.20 18.17 102400000.00 2
5298129 29.43 100527.79 18.22 102400000.00 3
5298629 29.64 100526.68 18.27 21536642.00 4
5299379 29.77 100528.62 18.28 21557894.00 5
5300128 29.82 100529.77 18.27 20958106.00 6
5300878 29.90 100528.10 18.34 1404182.38 7
5301628 29.99 100526.45 18.22 1456614.50 8
5302128 30.03 100526.09 18.26 1522676.63 9
5302877 30.06 100526.63 18.38 1561868.50 0
53