=~=~=~=~=~=~=~=~=~=~=~= PuTTY log 2024.12.06 14:57:57 =~=~=~=~=~=~=~=~=~=~=~=
0 0.00 0.00 0.00 0.00 0
0 0.00 0.00 0.00 0.00 0
2139 35.67 100672.34 18.87 121615.20 0
2389 35.82 100675.23 18.89 12208644.00 1
3889 35.82 100675.41 18.75 11816805.00 2
3889 35.82 100675.41 18.75 11816805.00 2
3889 35.82 100675.41 18.75 11816805.00 2
7887 35.36 100676.24 1411478 28.50 101118.98 23.28 55083840.00 2
411478 28.50 101118.98 23.28 55083840.00 2
415726 28.38 101134.92 23.24 52883600.00 3
416226 28.57 101138.28 23.30 3145325.50 4
416975 28.68 101141.04 23.31 3145325.50 5
417725 28.73 101142.64 23.28 3127314.25 6
419224 28.86 101147.10 23.28 311909.84 8
419724 28.91 101151.21 23.28 316244.59 9
420724 28.88 101155.82 23.22 56728848.00 1
422223 28.51 101160.83 23.14 54910768.00 2
422223 28.51 101160.83 23.14 54910768.00 2
422223 28.51 101160.83 23.14 54910768.00 2
422223 28.51 101160.83 23.14 54910768.00 2
426471 28.40 101175.77 23.14 52565472.00 3
426971 28.59 101178.55 23.18 3169052.25 4
427721 28.71 101181.78 23.18 3147138.00 5
429220 28.81 101187.97 23.19 309646.22 7
429720 28.89 101190.59 23.16 314786.34 8
431220 28.96 101196.65 23.13 321003.13 0
431470 28.90 101197.30 23.09 56618576.00 1
432969 28.53 101199.66 23.06 54465820.00 2
432969 28.53 101199.66 23.06 54465820.00 2
432969 28.53 101199.66 23.06 54465820.00 2
436968 28.43 101219.79 23.01 52883600.00 3
437717 28.61 101219.26 23.05 3169052.25 4
438467 28.73 101221.19 23.05 3130900.00 5
439217 28.77 101224.33 23.07 3091904.25 6
439966 28.83 101228.15 23.07 309365.56 7
441216 28.95 101233.71 23.05 316537.88 9
442215 28.92 101238.36 22.99 56839548.00 1
443715 28.55 101244.14 22.94 55153376.00 2
443715 28.55 101244.14 22.94 55153376.00 2
443715 28.55 101244.14 22.94 55153376.00 2
443715 28.55 101244.14 22.94 55153376.00 2
447713 28.44 101259.49 22.93 52407836.00 3
448463 28.63 101262.54 22.95 3154409.00 4
449213 28.74 101265.48 22.95 3125524.50 5
449962 28.78 101268.63 22.95 3105971.50 6
451212 28.92 101271.25 22.96 314496.31 8
451962 28.96 101274.36 22.94 318308.97 9
452962 28.92 101278.98 22.90 57062256.00 1
454461 28.55 101283.24 22.84 55468472.00 2
454461 28.55 101283.24 22.84 55468472.00 2
454461 28.55 101283.24 22.84 55468472.00 2
458459 28.44 101298.71 22.86 53663052.00 3
459209 28.63 101300.88 22.87 3152588.00 4
459959 28.75 101306.92 22.85 3136294.00 5
460709 28.79 101316.48 22.86 3079699.25 6
461208 28.84 101318.02 22.88 309927.38 7
461958 28.93 101321.98 22.86 314496.31 8
463457 28.99 101327.58 22.85 323436.50 0
463707 28.93 101327.84 22.84 56399312.00 1
465207 28.55 101327.66 22.75 55787188.00 2
465207 28.55 101327.66 22.75 55787188.00 2
465207 28.55 101327.66 22.75 55787188.00 2
469205 28.45 101339.41 22.75 53238016.00 3
469955 28.64 101343.58 22.78 3152588.00 4
470705 28.75 101346.16 22.76 3143515.00 5
471454 28.80 101350.05 22.78 3105971.50 6
471954 28.85 101351.93 22.75 309927.38 7
473453 28.97 101355.89 22.76 318012.44 9
474453 28.94 101361.39 22.72 57211696.00 1
475703 28.57 101363.47 22.66 55716048.00 2
475703 28.57 101363.47 22.66 55716048.00 2
475703 28.57 101363.47 22.66 55716048.00 2
475703 28.57 101363.47 22.66 55716048.00 2
479951 28.45 101372.64 22.61 53696028.00 3
480700 28.65 101377.67 22.68 3202502.00 4
481450 28.76 101380.54 22.71 3165378.75 5
482200 28.80 101382.27 22.68 3113053.50 6
483449 28.94 101388.21 22.69 314496.31 8
484199 28.98 101390.81 22.67 319202.00 9
485199 28.95 101394.53 22.63 56765700.00 1
486448 28.59 101397.51 22.56 55468472.00 2
486448 28.59 101397.51 22.56 55468472.00 2
486448 28.59 101397.51 22.56 55468472.00 2
486448 28.59 101397.51 22.56 55468472.00 2
490696 28.46 101408.91 22.58 54028028.00 3
491446 28.66 101420.89 22.61 3193139.75 4
492196 28.77 101424.05 22.60 3134494.00 5
493445 28.88 101427.80 22.60 308248.03 7
494195 28.95 101430.91 22.58 314496.31 8
494945 28.99 101434.24 22.63 319202.00 9
495945 28.96 101435.33 22.53 57399604.00 1
497194 28.59 101431.63 22.48 56001708.00 2
497194 28.59 101431.63 22.48 56001708.00 2
497194 28.59 101431.63 22.48 56001708.00 2
501442 28.47 101443.14 22.51 53729044.00 3
502192 28.66 101447.10 22.53 3183832.00 4
502941 28.77 101451.41 22.53 3150769.25 5
503441 28.82 101453.09 22.52 3125524.50 6
504191 28.88 101454.44 22.50 309365.56 7
504941 28.96 101456.29 22.51 315659.69 8
506440 29.02 101459.03 22.47 322215.22 0
506690 28.96 101462.34 22.48 57136880.00 1
507940 28.60 101463.66 22.44 56362932.00 2
507940 28.60 101463.66 22.44 56362932.00 2
507940 28.60 101463.66 22.44 56362932.00 2
512188 28.48 101477.20 22.40 53961300.00 3
512938 28.67 101476.77 22.45 3178273.50 4
513687 28.79 101480.33 22.45 3181977.00 5
514187 28.83 101481.15 22.46 3143515.00 6
515687 28.96 101486.84 22.43 313629.41 8
516436 29.00 101488.87 22.39 319202.00 9
517436 28.98 101490.18 22.41 57550824.00 1
518686 28.60 101494.86 22.33 56254076.00 2
518686 28.60 101494.86 22.33 56254076.00 2
518686 28.60 101494.86 22.33 56254076.00 2
518686 28.60 101494.86 22.33 56254076.00 2
522934 28.48 101504.73 22.36 53994644.00 3
523683 28.67 101508.22 22.34 3181977.00 4
524183 28.79 101508.88 22.36 3163545.00 5
525683 28.90 101513.33 22.35 309646.22 7
526432 28.97 101516.91 22.35 314496.31 8
527682 29.04 101517.82 22.32 323743.28 0
527932 28.97 101516.77 22.35 57817380.00 1
529431 28.61 101522.30 22.26 56435736.00 2
529431 28.61 101522.30 22.26 56435736.00 2
529431 28.61 101522.30 22.26 56435736.00 2
533680 28.48 101529.00 22.26 54330364.00 3
534429 28.67 101533.35 22.28 3191273.75 4
534929 28.79 101537.19 22.32 3204381.00 5
535679 28.84 101537.77 22.30 3141706.50 6
536429 28.90 101538.95 22.30 308248.03 7
537678 29.01 101539.56 22.29 317716.41 9
538678 28.98 101544.46 22.27 57779148.00 1
540177 28.61 101545.04 22.16 56802600.00 2
540177 28.61 101545.04 22.16 56802600.00 2
540177 28.61 101545.04 22.16 56802600.00 2
540177 28.61 101545.04 22.16 56802600.00 2
544425 28.49 101552.59 22.17 54499792.00 3
544925 28.68 101554.45 22.21 3227102.50 4
545675 28.79 101557.67 22.21 3200625.00 5
546424 28.84 101558.72 22.19 3163545.00 6
547174 28.89 101561.15 22.21 310209.03 7
548424 29.01 101563.66 22.21 318012.44 9
549423 28.98 101565.52 22.17 58514284.00 1
550923 28.61 101567.18 22.10 56839548.00 2
550923 28.61 101567.18 22.10 56839548.00 2
550923 28.61 101567.18 22.10 56839548.00 2
550923 28.61 101567.18 22.10 56839548.00 2
555171 28.49 101576.08 22.09 54567860.00 3
555671 28.68 101574.47 22.14 3227102.50 4
556420 28.80 101577.48 22.12 3200625.00 5
557170 28.83 101578.08 22.15 3208145.75 6
558669 28.97 101580.26 22.14 315659.69 8
559169 29.01 101581.00 22.14 319800.13 9
560169 28.97 101583.13 22.11 58280124.00 1
561668 28.61 101584.28 22.00 56472212.00 2
561668 28.61 101584.28 22.00 56472212.00 2
561668 28.61 101584.28 22.00 56472212.00 2
561668 28.61 101584.28 22.00 56472212.00 2
565916 28.49 101592.34 22.02 55188212.00 3
566416 28.68 101590.39 22.07 3229010.75 4
567166 28.79 101590.79 22.07 3225196.75 5
568665 28.89 101593.30 22.11 310491.22 7
569165 28.96 101594.29 22.08 315368.03 8
570665 29.03 101596.24 22.06 322519.69 0
570915 28.97 101596.62 22.05 58202488.00 1
572414 28.61 101601.07 22.00 56987828.00 2
572414 28.61 101601.07 22.00 56987828.00 2
572414 28.61 101601.07 22.00 56987828.00 2
576412 28.48 101602.41 21.95 55049140.00 3
577162 28.67 101602.19 22.01 3236665.25 4
577912 28.79 101605.25 22.02 3221392.00 5
578662 28.83 101605.09 22.02 3204381.00 6
579911 28.96 101605.05 22.04 317420.97 8
580661 29.00 101605.17 22.01 318012.44 9
581660 28.97 101607.39 21.97 58436024.00 1
583160 28.61 101609.97 21.94 56728848.00 2
583160 28.61 101609.97 21.94 56728848.00 2
583160 28.61 101609.97 21.94 56728848.00 2
583160 28.61 101609.97 21.94 56728848.00 2
587158 28.48 101611.76 21.91 54773088.00 3
587908 28.66 101613.70 21.96 3248215.75 4
588658 28.79 101615.29 21.96 3206262.25 5
589407 28.82 101613.88 21.97 3185689.25 6
590657 28.96 101614.77 21.97 316831.69 8
591407 29.01 101615.73 21.96 320400.50 9
592406 28.98 101617.08 21.93 58592760.00 1
593905 28.60 101617.36 21.86 56765700.00 2
593905 28.60 101617.36 21.86 56765700.00 2
593905 28.60 101617.36 21.86 56765700.00 2
597904 28.47 101618.08 21.86 55049140.00 3
598653 28.67 101621.04 21.90 3217596.25 4
599403 28.79 101621.87 21.90 3240506.25 5
600153 28.82 101621.27 21.91 3165378.75 6
600653 28.89 101620.12 21.94 311625.06 7
601402 28.97 101622.17 21.92 317126.03 8
602902 29.03 101621.26 21.89 325596.19 0
603152 28.98 101622.49 21.88 58750336.00 1
604651 28.60 101622.73 21.81 57099544.00 2
604651 28.60 101622.73 21.81 57099544.00 2
604651 28.60 101622.73 21.81 57099544.00 2
608649 28.48 101623.57 21.83 55049140.00 3
609399 28.66 101625.20 21.86 3248215.75 4
610149 28.78 101626.23 21.88 3229010.75 5
610899 28.82 101625.20 21.86 3200625.00 6
611398 28.88 101623.13 21.85 310773.91 7
612898 29.00 101623.22 21.85 319202.00 9
613897 28.97 101624.16 21.83 58202488.00 1
615147 28.61 101628.05 21.76 56839548.00 2
615147 28.61 101628.05 21.76 56839548.00 2
615147 28.61 101628.05 21.76 56839548.00 2
615147 28.61 101628.05 21.76 56839548.00 2
619395 28.48 101625.59 21.75 54876284.00 3
620145 28.66 101625.85 21.78 3259848.75 4
620894 28.79 101627.59 21.80 3211919.25 5
621644 28.83 101627.93 21.79 3198750.50 6
622894 28.96 101625.63 21.82 317420.97 8
623643 29.00 101624.72 21.76 319800.13 9
624643 28.97 101626.55 21.78 58163744.00 1
625892 28.60 101625.85 21.71 57324296.00 2
625892 28.60 101625.85 21.71 57324296.00 2
625892 28.60 101625.85 21.71 57324296.00 2
625892 28.60 101625.85 21.71 57324296.00 2
630141 28.48 101626.01 21.73 54979864.00 3
630890 28.66 101626.33 21.73 3252084.25 4
631640 28.77 101625.32 21.74 3238584.75 5
632889 28.88 101623.02 21.73 313341.50 7
633639 28.96 101622.16 21.78 317716.41 8
634389 29.00 101622.63 21.74 321608.03 9
635389 28.96 101621.97 21.71 58319020.00 1
636638 28.60 101624.08 21.63 57099544.00 2
636638 28.60 101624.08 21.63 57099544.00 2
636638 28.60 101624.08 21.63 57099544.00 2
640886 28.48 101619.69 21.65 55188212.00 3
641636 28.66 101621.27 21.69 3263745.00 4
642386 28.78 101619.80 21.72 3225196.75 5
642886 28.82 101618.16 21.69 3191273.75 6
643635 28.88 101617.20 21.71 313629.41 7
645135 29.00 101614.90 21.70 320100.03 9
646134 28.97 101615.64 21.68 57970808.00 1
647384 28.60 101615.32 21.63 57399604.00 2
647384 28.60 101615.32 21.63 57399604.00 2
647384 28.60 101615.32 21.63 57399604.00 2
647384 28.60 101615.32 21.63 57399604.00 2
651632 28.48 101610.02 21.63 54807444.00 3
652381 28.66 101610.66 21.64 3263745.00 4
653131 28.78 101608.66 21.66 3204381.00 5
653631 28.82 101607.83 21.66 3221392.00 6
655130 28.96 101606.91 21.68 316244.59 8
655880 29.00 101606.01 21.66 321305.31 9
656880 28.97 101608.20 21.62 58163744.00 1
658130 28.59 101605.28 21.57 57136880.00 2
658130 28.59 101605.28 21.57 57136880.00 2
658130 28.59 101605.28 21.57 57136880.00 2
658130 28.59 101605.28 21.57 57136880.00 2
662378 28.47 101600.88 21.62 55188212.00 3
663127 28.66 101601.02 21.61 3255961.75 4
663627 28.77 101598.55 21.61 3244356.50 5
665126 28.88 101597.62 21.62 313917.84 7
665876 28.95 101597.80 21.63 316831.69 8
667126 29.02 101596.38 21.60 325907.06 0
667626 28.96 101595.77 21.60 58163744.00 1
668875 28.59 101595.61 21.53 57211696.00 2
668875 28.59 101595.61 21.53 57211696.00 2
668875 28.59 101595.61 21.53 57211696.00 2
673123 28.47 101590.47 21.54 55258012.00 3
673873 28.65 101586.89 21.54 3252084.25 4
674373 28.77 101587.39 21.58 3215701.75 5
675123 28.80 101585.44 21.59 3195007.75 6
675872 28.87 101586.22 21.58 313054.13 7
676622 28.95 101586.32 21.59 319800.13 8
678121 28.96 101584.18 21.54 57893992.00 1
679621 28.59 101583.11 21.50 57249180.00 2
679621 28.59 101583.11 21.50 57249180.00 2
679621 28.59 101583.11 21.50 57249180.00 2
679621 28.59 101583.11 21.50 57249180.00 2
683869 28.46 101575.36 21.48 54807444.00 3
684619 28.64 101572.64 21.54 3252084.25 4
685119 28.76 101573.04 21.52 3244356.50 5
685868 28.80 101571.95 21.56 3195007.75 6
686618 28.87 101571.24 21.52 315076.94 7
687868 28.98 101570.27 21.55 324050.63 9
688867 28.95 101569.43 21.52 58202488.00 1
690367 28.57 101563.86 21.44 57062256.00 2
690367 28.57 101563.86 21.44 57062256.00 2
690367 28.57 101563.86 21.44 57062256.00 2
690367 28.57 101563.86 21.44 57062256.00 2
694615 28.46 101559.31 21.45 55118588.00 3
695115 28.64 101557.25 21.48 3273526.50 4
695865 28.75 101556.79 21.51 3230921.00 5
696614 28.80 101558.46 21.51 3244356.50 6
698114 28.94 101555.93 21.50 317716.41 8
698614 28.98 101555.58 21.47 321305.31 9
699613 28.95 101554.44 21.44 58241280.00 1
701112 28.56 101547.24 21.43 57211696.00 2
701112 28.56 101547.24 21.43 57211696.00 2
701112 28.56 101547.24 21.43 57211696.00 2
705361 28.46 101541.99 21.42 55223088.00 3
705860 28.63 101540.20 21.43 3257904.25 4
706610 28.75 101539.53 21.46 3240506.25 5
707360 28.79 101538.39 21.45 3206262.25 6
708109 28.86 101539.41 21.47 311909.84 7
709359 28.97 101533.52 21.46 323436.50 9
710359 28.93 101533.43 21.42 57893992.00 1
711858 28.56 101529.42 21.37 57174264.00 2
711858 28.56 101529.42 21.37 57174264.00 2
711858 28.56 101529.42 21.37 57174264.00 2
711858 28.56 101529.42 21.37 57174264.00 2
716106 28.44 101522.63 21.39 55049140.00 3
716606 28.63 101522.64 21.41 3255961.75 4
717356 28.74 101522.71 21.42 3225196.75 5
718105 28.78 101521.45 21.43 3202502.00 6
719355 28.93 101518.08 21.42 319202.00 8
720105 28.96 101516.27 21.40 321305.31 9
721104 28.93 101515.52 21.38 58047828.00 1
722604 28.56 101513.78 21.34 57062256.00 2
722604 28.56 101513.78 21.34 57062256.00 2
722604 28.56 101513.78 21.34 57062256.00 2
722604 28.56 101513.78 21.34 57062256.00 2
726602 28.44 101505.08 21.34 55223088.00 3
727352 28.62 101503.59 21.36 3261795.75 4
728101 28.73 101502.15 21.40 3275489.75 5
728851 28.78 101500.33 21.39 3219493.00 6
730101 28.91 101499.09 21.40 317126.03 8
730851 28.96 101498.00 21.37 323130.31 9
731850 28.92 101495.44 21.37 58475128.00 1
733349 28.54 101492.20 21.30 57174264.00 2
733349 28.54 101492.20 21.30 57174264.00 2
733349 28.54 101492.20 21.30 57174264.00 2
737348 28.43 101485.34 21.32 55468472.00 3
738098 28.62 101484.91 21.38 3295253.50 4
738847 28.73 101484.23 21.36 3289299.25 5
739597 28.77 101484.01 21.35 3221392.00 6
740347 28.84 101482.78 21.39 314786.34 7
740847 28.91 101481.20 21.35 319500.78 8
742346 28.97 101479.07 21.36 326218.53 0
742596 28.92 101478.75 21.33 58436024.00 1
744095 28.54 101474.16 21.30 57324296.00 2
744095 28.54 101474.16 21.30 57324296.00 2
744095 28.54 101474.16 21.30 57324296.00 2
748094 28.43 101467.06 21.32 55118588.00 3
748844 28.61 101464.66 21.29 3271565.50 4
749593 28.72 101462.38 21.33 3271565.50 5
750343 28.77 101463.26 21.34 3246285.00 6
750843 28.83 101460.97 21.32 314496.31 7
752342 28.95 101459.08 21.36 322824.72 9
753342 28.92 101457.06 21.33 58908764.00 1
754841 28.54 101453.65 21.23 57062256.00 2
754841 28.54 101453.65 21.23 57062256.00 2
754841 28.54 101453.65 21.23 57062256.00 2
754841 28.54 101453.65 21.23 57062256.00 2
758839 28.42 101445.47 21.25 55188212.00 3
759589 28.61 101444.17 21.30 3275489.75 4
760339 28.72 101444.39 21.31 3303225.75 5
761089 28.77 101443.70 21.31 3244356.50 6
762338 28.90 101437.91 21.30 319202.00 8
763088 28.94 101436.92 21.29 320100.03 9
764088 28.91 101436.98 21.27 58869076.00 1
765337 28.53 101431.95 21.18 57324296.00 2
765337 28.53 101431.95 21.18 57324296.00 2
765337 28.53 101431.95 21.18 57324296.00 2
769585 28.42 101424.04 21.20 55188212.00 3
770335 28.60 101422.19 21.26 3293266.25 4
771085 28.71 101419.92 21.26 3285342.00 5
771584 28.76 101419.00 21.27 3257904.25 6
772334 28.82 101418.02 21.30 314206.81 7
773084 28.90 101416.09 21.26 320400.50 8
774583 28.96 101414.20 21.25 325907.06 0
774833 28.91 101413.77 21.26 58829444.00 1
776083 28.53 101411.28 21.18 57249180.00 2
776083 28.53 101411.28 21.18 57249180.00 2
776083 28.53 101411.28 21.18 57249180.00 2
780331 28.42 101400.91 21.20 55468472.00 3
781081 28.60 101398.09 21.21 3323326.50 4
781830 28.71 101397.47 21.24 3281394.00 5
782330 28.76 101396.54 21.25 3267650.50 6
783080 28.82 101395.55 21.24 315076.94 7
784579 28.93 101392.07 21.23 323743.28 9
785579 28.91 101391.30 21.23 58553496.00 1
786829 28.53 101385.66 21.16 57361924.00 2
786829 28.53 101385.66 21.16 57361924.00 2
786829 28.53 101385.66 21.16 57361924.00 2
786829 28.53 101385.66 21.16 57361924.00 2
791077 28.41 101377.27 21.15 55398140.00 3
791827 28.59 101377.63 21.20 3319286.75 4
792576 28.70 101374.57 21.20 3295253.50 5
793076 28.75 101374.60 21.23 3263745.00 6
794575 28.89 101373.38 21.21 318903.78 8
795325 28.93 101372.56 21.21 323130.31 9
796325 28.89 101370.32 21.20 58789864.00 1
797574 28.52 101362.94 21.14 57324296.00 2
797574 28.52 101362.94 21.14 57324296.00 2
797574 28.52 101362.94 21.14 57324296.00 2
797574 28.52 101362.94 21.14 57324296.00 2
801822 28.40 101354.50 21.13 55363040.00 3
802572 28.59 101354.02 21.17 3319286.75 4
803072 28.70 101354.71 21.17 3267650.50 5
804571 28.80 101352.45 21.17 313629.41 7
805321 28.88 101350.75 21.15 316537.88 8
806571 28.95 101348.64 21.16 327470.41 0
807070 28.89 101349.16 21.17 58908764.00 1
808320 28.52 101343.03 21.11 57211696.00 2
808320 28.52 101343.03 21.11 57211696.00 2
808320 28.52 101343.03 21.11 57211696.00 2
812568 28.39 101330.85 21.12 55398140.00 3
813318 28.58 101333.63 21.15 3297243.00 4
813817 28.70 101331.66 21.18 3299234.75 5
814567 28.74 101331.40 21.16 3283366.75 6
815317 28.80 101329.27 21.17 315076.94 7
816067 28.88 101327.85 21.17 320400.50 8
817566 28.89 101324.52 21.12 58988300.00 1
819066 28.52 101318.02 21.06 57779148.00 2
819066 28.52 101318.02 21.06 57779148.00 2
819066 28.52 101318.02 21.06 57779148.00 2
819066 28.52 101318.02 21.06 57779148.00 2
823314 28.39 101308.97 21.09 55153376.00 3
824064 28.58 101308.10 21.13 3313245.75 4
824563 28.69 101310.08 21.13 3323326.50 5
825313 28.74 101307.26 21.14 3267650.50 6
826063 28.81 101307.98 21.15 312767.25 7
827312 28.92 101304.34 21.13 322215.22 9
828312 28.89 101300.81 21.11 58789864.00 1
829811 28.51 101295.85 21.05 57550824.00 2
829811 28.51 101295.85 21.05 57550824.00 2
829811 28.51 101295.85 21.05 57550824.00 2
829811 28.51 101295.85 21.05 57550824.00 2
834059 28.39 101287.60 21.08 55292976.00 3
834559 28.57 101285.77 21.09 3299234.75 4
835309 28.69 101284.77 21.12 3323326.50 5
836808 28.80 101282.00 21.11 314786.34 7
837558 28.87 101279.19 21.12 319202.00 8
838808 28.94 101277.14 21.12 324050.63 0
839058 28.89 101278.68 21.08 58553496.00 1
840557 28.51 101272.49 21.03 57174264.00 2
840557 28.51 101272.49 21.03 57174264.00 2
840557 28.51 101272.49 21.03 57174264.00 2
844805 28.39 101264.02 21.06 55292976.00 3
845305 28.58 101262.27 21.05 3327376.00 4
846055 28.69 101263.27 21.06 3311236.75 5
846805 28.73 101261.53 21.09 3279423.50 6
847555 28.80 101257.80 21.08 313917.84 7
848804 28.91 101254.05 21.08 321911.34 9
849804 28.89 101253.55 21.05 59068048.00 1
851303 28.50 101250.51 20.99 57099544.00 2
851303 28.50 101250.51 20.99 57099544.00 2
851303 28.50 101250.51 20.99 57099544.00 2
851303 28.50 101250.51 20.99 57099544.00 2
855301 28.40 101241.23 21.00 54807444.00 3
856051 28.57 101239.65 21.03 3327376.00 4
856801 28.69 101236.63 21.06 3301229.00 5
857551 28.73 101235.70 21.05 3263745.00 6
858800 28.88 101231.66 21.06 319800.13 8
859550 28.92 101230.29 21.03 322824.72 9
860549 28.88 101228.91 21.02 59148016.00 1
862049 28.50 101226.83 20.97 57475116.00 2
862049 28.50 101226.83 20.97 57475116.00 2
862049 28.50 101226.83 20.97 57475116.00 2
862049 28.50 101226.83 20.97 57475116.00 2
866047 28.39 101216.67 21.00 55223088.00 3
866797 28.57 101213.23 21.01 3335505.00 4
867547 28.69 101212.72 21.02 3293266.25 5
868296 28.73 101209.73 21.03 3257904.25 6
869546 28.88 101208.26 21.05 319202.00 8
870296 28.92 101207.04 21.02 325596.19 9
871295 28.88 101204.70 21.04 58908764.00 1
872795 28.51 101200.65 20.98 57062256.00 2
872795 28.51 101200.65 20.98 57062256.00 2
872795 28.51 101200.65 20.98 57062256.00 2
876793 28.39 101191.62 20.98 55398140.00 3
877543 28.58 101188.07 21.01 3311236.75 4
878292 28.69 101188.11 21.00 3331435.50 5
879042 28.73 101188.15 21.02 3271565.50 6
879542 28.80 101186.09 21.04 311909.84 7
880292 28.88 101186.19 21.04 315368.03 8
881791 28.94 101179.88 21.06 329048.84 0
882041 28.89 101180.82 21.00 58908764.00 1
883540 28.51 101175.78 20.92 57324296.00 2
883540 28.51 101175.78 20.92 57324296.00 2
883540 28.51 101175.78 20.92 57324296.00 2
887539 28.39 101167.25 20.95 55327988.00 3
888288 28.58 101166.77 20.98 3335505.00 4
889038 28.69 101166.13 20.99 3315257.00 5
889788 28.73 101163.81 20.99 3271565.50 6
890288 28.80 101163.13 21.01 311340.84 7
891787 28.91 101157.95 20.96 321608.03 9
892787 28.89 101157.48 20.97 59028148.00 1
894036 28.51 101153.31 20.89 56728848.00 2
894036 28.51 101153.31 20.89 56728848.00 2
894036 28.51 101153.31 20.89 56728848.00 2
894036 28.51 101153.31 20.89 56728848.00 2
898284 28.39 101144.57 20.90 54773088.00 3
899034 28.57 101143.60 20.97 3317270.75 4
899784 28.69 101143.18 20.97 3297243.00 5
901033 28.80 101138.91 20.94 312195.13 7
901783 28.87 101136.24 20.96 321305.31 8
902533 28.91 101135.20 20.95 322519.69 9
903532 28.89 101134.03 20.94 58988300.00 1
904782 28.50 101130.82 20.89 57136880.00 2
904782 28.50 101130.82 20.89 57136880.00 2
904782 28.50 101130.82 20.89 57136880.00 2
909030 28.39 101120.01 20.90 54979864.00 3
909780 28.57 101119.24 20.93 3291281.75 4
910529 28.68 101116.32 20.94 3299234.75 5
911029 28.73 101116.77 20.95 3250148.75 6
911779 28.79 101114.66 20.92 312767.25 7
912529 28.87 101113.91 20.96 323436.50 8
914028 28.94 101110.25 20.90 326218.53 0
914278 28.88 101110.38 20.93 58553496.00 1
915528 28.50 101105.04 20.87 56765700.00 2
915528 28.50 101105.04 20.87 56765700.00 2
9