=~=~=~=~=~=~=~=~=~=~=~= PuTTY log 2024.12.06 15:18:20 =~=~=~=~=~=~=~=~=~=~=~=
572420 28.33 100339.78 20.43 57062256.00 2
572420 28.33 100339.78 20.43 57062256.00 2
576419 28.21 100337.90 20.44 55751596.00 3
577168 28.38 100338.00 20.46 3307226.50 4
577918 28.50 100336.77 20.48 3283366.75 5
578668 28.54 100335.75 20.49 3254021.75 6
579418 28.61 100336.41 20.47 315076.94625899 28.29 100319.82 20.43 57664760.00 2
625899 28.29 100319.82 20.43 57664760.00 2
625899 28.29 100319.82 20.43 57664760.00 2
630147 28.18 100317.98 20.46 55751596.00 3
630897 28.34 100318.33 20.48 3299234.75 4
631647 28.46 100317.58 20.53 3299234.75 5
632896 28.57 100317.27 20.51 317716.41 7
633646 28.66 100318.64 20.50 322215.22 8
634895 28.72 100315.13 20.50 328731.94 0
635395 28.67 100316.52 20.48 59470056.00 1
636645 28.30 100317.73 20.41 57588752.00 2
636645 28.30 100317.73 20.41 57588752.00 2
636645 28.30 100317.73 20.41 57588752.00 2
640893 28.19 100313.82 20.46 55858512.00 3
641643 28.36 100314.60 20.47 3325350.00 4
642142 28.47 100312.81 20.48 3289299.25 5
642892 28.52 100313.55 20.50 3259848.75 6
643642 28.58 100313.01 20.50 317716.41 7
644392 28.66 100313.99 20.51 320701.53 8
645891 28.68 100313.76 20.48 59551112.00 1
647391 28.31 100314.61 20.43 58009296.00 2
647391 28.31 100314.61 20.43 58009296.00 2
647391 28.31 100314.61 20.43 58009296.00 2
647391 28.31 100314.61 20.43 58009296.00 2
651639 28.20 100312.05 20.44 56181740.00 3
652388 28.37 100313.17 20.46 3325350.00 4
652888 28.48 100311.16 20.49 3323326.50 5
653638 28.52 100311.81 20.49 3269606.75 6
655137 28.68 100311.96 20.49 322215.22 8
655887 28.71 100311.88 20.48 325596.19 9
656637 28.68 100312.22 20.46 59754728.00 1
658136 28.32 100311.73 20.42 57932376.00 2
658136 28.32 100311.73 20.42 57932376.00 2
658136 28.32 100311.73 20.42 57932376.00 2
658136 28.32 100311.73 20.42 57932376.00 2
662384 28.20 100310.01 20.42 56181740.00 3
662884 28.38 100310.31 20.46 3323326.50 4
663634 28.49 100308.53 20.46 3309230.50 5
665133 28.61 100309.48 20.50 319202.00 7
665883 28.68 100309.37 20.50 323743.28 8
667132 28.75 100310.84 20.47 327784.91 0
667382 28.70 100310.70 20.47 59148016.00 1
668882 28.32 100309.04 20.40 58009296.00 2
668882 28.32 100309.04 20.40 58009296.00 2
668882 28.32 100309.04 20.40 58009296.00 2
673130 28.20 100305.45 20.41 56399312.00 3
673630 28.38 100304.82 20.45 3351882.25 4
674380 28.50 100306.54 20.45 3307226.50 5
675129 28.53 100304.39 20.48 3291281.75 6
675879 28.60 100304.64 20.49 317126.03 7
677128 28.72 100303.27 20.47 326530.63 9
678128 28.70 100306.05 20.45 59228196.00 1
679628 28.33 100304.57 20.39 57970808.00 2
679628 28.33 100304.57 20.39 57970808.00 2
679628 28.33 100304.57 20.39 57970808.00 2
679628 28.33 100304.57 20.39 57970808.00 2
683876 28.21 100302.87 20.44 55965840.00 3
684375 28.38 100303.98 20.44 3329404.50 4
685125 28.49 100301.07 20.44 3313245.75 5
685875 28.53 100301.52 20.46 3279423.50 6
687124 28.68 100301.90 20.47 321911.34 8
687874 28.73 100302.73 20.48 326218.53 9
688874 28.70 100301.97 20.46 59429608.00 1
690373 28.32 100301.46 20.40 58436024.00 2
690373 28.32 100301.46 20.40 58436024.00 2
690373 28.32 100301.46 20.40 58436024.00 2
690373 28.32 100301.46 20.40 58436024.00 2
694371 28.21 100299.79 20.41 55930020.00 3
695121 28.38 100297.44 20.43 3325350.00 4
695871 28.49 100297.48 20.45 3303225.75 5
696621 28.54 100298.39 20.48 3291281.75 6
697870 28.69 100300.27 20.47 323436.50 8
698620 28.73 100299.59 20.45 326218.53 9
699619 28.70 100298.70 20.46 59268368.00 1
701119 28.33 100298.66 20.38 57779148.00 2
701119 28.33 100298.66 20.38 57779148.00 2
701119 28.33 100298.66 20.38 57779148.00 2
705117 28.21 100298.04 20.40 56217884.00 3
705867 28.39 100296.52 20.44 3351882.25 4
706617 28.50 100296.70 20.43 3301229.00 5
707366 28.54 100295.90 20.46 3299234.75 6
708116 28.62 100297.27 20.46 319800.13 7
708616 28.69 100296.84 20.44 324050.63 8
710115 28.77 100297.06 20.46 327784.91 0
710365 28.71 100297.91 20.43 59308596.00 1
711865 28.34 100293.91 20.39 58202488.00 2
711865 28.34 100293.91 20.39 58202488.00 2
711865 28.34 100293.91 20.39 58202488.00 2
715863 28.22 100294.11 20.41 56765700.00 3
716613 28.39 100291.45 20.42 3329404.50 4
717362 28.50 100289.99 20.46 3297243.00 5
718112 28.55 100291.09 20.43 3293266.25 6
718612 28.63 100292.36 20.44 320100.03 7
720111 28.74 100292.91 20.46 326530.63 9
721111 28.71 100292.97 20.42 59551112.00 1
722360 28.35 100291.36 20.38 57740968.00 2
722360 28.35 100291.36 20.38 57740968.00 2
722360 28.35 100291.36 20.38 57740968.00 2
722360 28.35 100291.36 20.38 57740968.00 2
726609 28.22 100291.19 20.40 56692040.00 3
727358 28.39 100290.12 20.42 3329404.50 4
728108 28.51 100291.37 20.45 3323326.50 5
729358 28.63 100291.85 20.45 319500.78 7
730107 28.70 100291.95 20.42 322824.72 8
730857 28.75 100291.21 20.46 327784.91 9
731857 28.71 100292.25 20.43 60207624.00 1
733106 28.34 100288.97 20.37 58125056.00 2
733106 28.34 100288.97 20.37 58125056.00 2
733106 28.34 100288.97 20.37 58125056.00 2
737354 28.23 100287.33 20.38 56692040.00 3
738104 28.39 100285.51 20.41 3337543.25 4
738854 28.51 100285.38 20.42 3347772.75 5
739354 28.55 100285.94 20.44 3333469.00 6
740104 28.63 100286.25 20.45 320100.03 7
740853 28.70 100287.01 20.43 321608.03 8
742353 28.78 100287.51 20.43 329684.47 0
742603 28.72 100287.68 20.42 59591724.00 1
743852 28.35 100284.45 20.38 58163744.00 2
743852 28.35 100284.45 20.38 58163744.00 2
743852 28.35 100284.45 20.38 58163744.00 2
748100 28.23 100284.38 20.38 56545296.00 3
748850 28.41 100282.24 20.41 3339584.25 4
749600 28.51 100282.41 20.44 3349826.25 5
750099 28.55 100283.00 20.44 3319286.75 6
750849 28.63 100284.03 20.42 318903.78 7
752349 28.75 100284.27 20.42 327784.91 9
753348 28.72 100283.44 20.41 60207624.00 1
754598 28.34 100280.69 20.38 58514284.00 2
754598 28.34 100280.69 20.38 58514284.00 2
754598 28.34 100280.69 20.38 58514284.00 2
754598 28.34 100280.69 20.38 58514284.00 2
758846 28.23 100280.68 20.38 56728848.00 3
759596 28.41 100279.56 20.39 3360131.25 4
760345 28.52 100278.41 20.41 3313245.75 5
760845 28.56 100279.08 20.41 3295253.50 6
762345 28.71 100279.58 20.42 323436.50 8
763094 28.76 100279.98 20.41 326843.28 9
764094 28.73 100280.02 20.41 59836568.00 1
765343 28.36 100278.05 20.34 58241280.00 2
765343 28.36 100278.05 20.34 58241280.00 2
765343 28.36 100278.05 20.34 58241280.00 2
765343 28.36 100278.05 20.34 58241280.00 2
769592 28.23 100276.48 20.38 56728848.00 3
770341 28.41 100277.88 20.40 3360131.25 4
770841 28.52 100276.42 20.43 3349826.25 5
772341 28.63 100277.83 20.44 319500.78 7
773090 28.71 100278.87 20.41 323130.31 8
774340 28.78 100277.46 20.41 329366.34 0
774840 28.73 100277.05 20.39 59918628.00 1
776089 28.36 100275.30 20.36 58988300.00 2
776089 28.36 100275.30 20.36 58988300.00 2
776089 28.36 100275.30 20.36 58988300.00 2
780337 28.24 100275.14 20.38 56728848.00 3
781087 28.41 100273.86 20.40 3364271.00 4
781587 28.53 100274.70 20.39 3337543.25 5
782337 28.57 100274.47 20.42 3287319.50 6
783086 28.64 100275.00 20.40 320400.50 7
783836 28.72 100277.13 20.42 323743.28 8
785336 28.73 100274.52 20.41 59389216.00 1
786835 28.36 100272.05 20.34 58357968.00 2
786835 28.36 100272.05 20.34 58357968.00 2
786835 28.36 100272.05 20.34 58357968.00 2
786835 28.36 100272.05 20.34 58357968.00 2
791083 28.25 100271.76 20.36 56802600.00 3
791833 28.42 100270.24 20.38 3356001.75 4
792333 28.53 100272.16 20.39 3335505.00 5
793082 28.58 100273.69 20.42 3291281.75 6
794582 28.72 100273.16 20.42 322824.72 8
795082 28.77 100274.62 20.41 327156.56 9
796081 28.74 100273.23 20.41 59836568.00 1
797581 28.37 100270.38 20.35 58789864.00 2
797581 28.37 100270.38 20.35 58789864.00 2
797581 28.37 100270.38 20.35 58789864.00 2
797581 28.37 100270.38 20.35 58789864.00 2
801829 28.25 100269.77 20.36 57062256.00 3
802329 28.42 100269.55 20.38 3356001.75 4
803079 28.53 100269.52 20.41 3339584.25 5
804578 28.64 100271.19 20.39 320100.03 7
805327 28.72 100269.80 20.40 324358.56 8
806577 28.79 100269.26 20.38 330003.22 0
806827 28.73 100270.11 20.39 59429608.00 1
808326 28.37 100268.30 20.35 58632072.00 2
808326 28.37 100268.30 20.35 58632072.00 2
808326 28.37 100268.30 20.35 58632072.00 2
812575 28.25 100267.15 20.35 56545296.00 3
813074 28.42 100265.45 20.38 3364271.00 4
813824 28.53 100266.06 20.40 3327376.00 5
814574 28.58 100267.93 20.40 3311236.75 6
815323 28.65 100267.01 20.40 320100.03 7
816573 28.77 100266.80 20.41 327784.91 9
817573 28.74 100267.72 20.39 60415764.00 1
819072 28.36 100264.56 20.35 58514284.00 2
819072 28.36 100264.56 20.35 58514284.00 2
819072 28.36 100264.56 20.35 58514284.00 2
819072 28.36 100264.56 20.35 58514284.00 2
823320 28.25 100264.02 20.33 57099544.00 3
823820 28.42 100263.88 20.38 3366344.75 4
824570 28.53 100264.11 20.40 3353940.75 5
825319 28.58 100265.01 20.40 3299234.75 6
826569 28.72 100264.05 20.39 324050.63 8
827319 28.77 100264.04 20.43 327784.91 9
828318 28.74 100263.80 20.39 60457564.00 1
829818 28.36 100261.54 20.34 58202488.00 2
829818 28.36 100261.54 20.34 58202488.00 2
829818 28.36 100261.54 20.34 58202488.00 2
829818 28.36 100261.54 20.34 58202488.00 2
833816 28.24 100262.31 20.34 57099544.00 3
834566 28.42 100263.10 20.38 3343673.50 4
835316 28.53 100264.40 20.38 3362200.00 5
836065 28.58 100264.55 20.39 3319286.75 6
837315 28.72 100264.16 20.39 325596.19 8
838065 28.77 100264.13 20.42 327784.91 9
839065 28.73 100264.68 20.39 60332336.00 1
840564 28.36 100262.02 20.34 58436024.00 2
840564 28.36 100262.02 20.34 58436024.00 2
840564 28.36 100262.02 20.34 58436024.00 2
844562 28.25 100261.91 20.35 56839548.00 3
845312 28.42 100261.86 20.37 3372581.25 4
846061 28.52 100261.12 20.37 3327376.00 5
846811 28.58 100263.72 20.39 3299234.75 6
847561 28.64 100259.83 20.38 320701.53 7
848061 28.72 100259.90 20.40 324358.56 8
849560 28.79 100259.37 20.41 331928.69 0
849810 28.73 100259.48 20.37 60166168.00 1
851309 28.36 100257.59 20.34 58436024.00 2
851309 28.36 100257.59 20.34 58436024.00 2
851309 28.36 100257.59 20.34 58436024.00 2
855308 28.25 100257.45 20.35 56802600.00 3
856057 28.41 100255.98 20.38 3362200.00 4
856807 28.52 100255.27 20.41 3372581.25 5
857557 28.57 100254.03 20.39 3356001.75 6
858806 28.72 100254.00 20.42 325285.91 8
859556 28.77 100255.83 20.39 328415.66 9
860556 28.73 100254.68 20.38 60166168.00 1
862055 28.36 100254.20 20.34 58436024.00 2
862055 28.36 100254.20 20.34 58436024.00 2
862055 28.36 100254.20 20.34 58436024.00 2
862055 28.36 100254.20 20.34 58436024.00 2
866053 28.25 100253.28 20.34 57286712.00 3
866803 28.42 100254.08 20.39 3374665.25 4
867553 28.53 100254.90 20.38 3364271.00 5
868802 28.65 100253.73 20.41 321608.03 7
869552 28.72 100252.53 20.39 324667.09 8
870302 28.77 100252.79 20.40 327470.41 9
871301 28.74 100253.10 20.36 60290708.00 1
872551 28.37 100251.27 20.33 59228196.00 2
872551 28.37 100251.27 20.33 59228196.00 2
872551 28.37 100251.27 20.33 59228196.00 2
876799 28.25 100251.20 20.32 57324296.00 3
877549 28.42 100250.77 20.36 3374665.25 4
878299 28.53 100250.41 20.38 3366344.75 5
879048 28.58 100251.84 20.38 3360131.25 6
879548 28.65 100250.93 20.39 321608.03 7
880298 28.72 100249.41 20.38 325285.91 8
881797 28.79 100248.15 20.38 331606.22 0
882047 28.74 100250.55 20.36 60249140.00 1
883297 28.36 100248.27 20.31 59028148.00 2
883297 28.36 100248.27 20.31 59028148.00 2
883297 28.36 100248.27 20.31 59028148.00 2
887545 28.25 100248.30 20.34 57249180.00 3
888295 28.42 100246.88 20.37 3374665.25 4
889044 28.53 100246.18 20.38 3391430.25 5
889544 28.58 100246.93 20.38 3366344.75 6
890294 28.65 100247.79 20.38 323436.50 7
891793 28.77 100245.66 20.39 329366.34 9
892793 28.73 100245.88 20.38 60878772.00 1
894042 28.36 100246.60 20.32 59348880.00 2
894042 28.36 100246.60 20.32 59348880.00 2
894042 28.36 100246.60 20.32 59348880.00 2
894042 28.36 100246.60 20.32 59348880.00 2
898291 28.25 100243.59 20.34 57062256.00 3
899040 28.42 100244.30 20.36 3374665.25 4
899790 28.54 100245.34 20.38 3368421.00 5
900290 28.58 100244.30 20.39 3331435.50 6
901789 28.72 100242.15 20.38 324667.09 8
902539 28.77 100242.89 20.38 329366.34 9
903539 28.74 100243.31 20.36 60290708.00 1
904788 28.36 100241.35 20.31 58908764.00 2
904788 28.36 100241.35 20.31 58908764.00 2
904788 28.36 100241.35 20.31 58908764.00 2
904788 28.36 100241.35 20.31 58908764.00 2
909036 28.24 100239.28 20.33 57361924.00 3
909786 28.42 100240.05 20.36 3368421.00 4
910286 28.53 100239.99 20.37 3374665.25 5
911785 28.65 100241.49 20.39 321608.03 7
912535 28.72 100241.05 20.39 326530.63 8
913784 28.79 100240.22 20.38 331606.22 0
914285 28.73 100239.43 20.37 60541340.00 1
915534 28.36 100239.59 20.30 59348880.00 2
915534 28.36 100239.59 20.30 59348880.00 2
915534 28.36 100239.59 20.30 59348880.00 2
919782 28.25 100237.90 20.32 57361924.00 3
920532 28.42 100238.21 20.34 3391430.25 4
921032 28.53 100236.66 20.37 3356001.75 5
921781 28.57 100236.59 20.37 3325350.00 6
922531 28.64 100235.63 20.41 321911.34 7
924031 28.77 100236.09 20.38 330003.22 9
924780 28.74 100235.53 20.36 60541340.00 1
926280 28.36 100234.70 20.32 59228196.00 2
926280 28.36 100234.70 20.32 59228196.00 2
926280 28.36 100234.70 20.32 59228196.00 2
926280 28.36 100234.70 20.32 59228196.00 2
930528 28.25 100233.17 20.33 57817380.00 3
931278 28.42 100232.50 20.35 3397760.25 4
931777 28.53 100231.63 20.37 3366344.75 5
932527 28.58 100232.02 20.38 3351882.25 6
934027 28.72 100231.73 20.38 326530.63 8
934526 28.76 100231.30 20.40 328415.66 9
935526 28.74 100231.72 20.36 61006284.00 1
937025 28.37 100230.83 20.29 59348880.00 2
937025 28.37 100230.83 20.29 59348880.00 2
937025 28.37 100230.83 20.29 59348880.00 2
937025 28.37 100230.83 20.29 59348880.00 2
941274 28.25 100230.91 20.32 57211696.00 3
941773 28.42 100229.49 20.36 3380932.75 4
942523 28.53 100228.38 20.36 3372581.25 5
944023 28.64 100229.23 20.40 322215.22 7
944772 28.73 100230.09 20.37 324667.09 8
946022 28.79 100229.89 20.38 332899.88 0
946272 28.74 100230.11 20.36 60249140.00 1
947771 28.36 100227.41 20.32 59308596.00 2
947771 28.36 100227.41 20.32 59308596.00 2
947771 28.36 100227.41 20.32 59308596.00 2
952019 28.25 100226.15 20.32 57399604.00 3
952519 28.42 100226.45 20.34 3393537.75 4
953269 28.53 100224.78 20.37 3385124.00 5
954019 28.58 100225.72 20.38 3370500.00 6
954768 28.64 100224.95 20.37 323743.28 7
956018 28.77 100226.38 20.40 330642.56 9
957018 28.73 100224.73 20.36 60709588.00 1
958517 28.36 100224.70 20.30 59228196.00 2
958517 28.36 100224.70 20.30 59228196.00 2
958517 28.36 100224.70 20.30 59228196.00 2
958517 28.36 100224.70 20.30 59228196.00 2
962515 28.25 100226.11 20.33 57399604.00 3
963265 28.41 100224.23 20.34 3395647.75 4
964015 28.53 100223.06 20.34 3378841.00 5
964764 28.57 100223.45 20.38 3368421.00 6
966014 28.72 100223.34 20.38 325596.19 8
966764 28.76 100224.42 20.40 329048.84 9
967763 28.73 100223.99 20.36 60457564.00 1
969263 28.36 100222.34 20.30 59591724.00 2
969263 28.36 100222.34 20.30 59591724.00 2
969263 28.36 100222.34 20.30 59591724.00 2
969263 28.36 100222.34 20.30 59591724.00 2
973261 28.25 100221.84 20.32 57211696.00 3
974011 28.42 100220.86 20.34 3376751.75 4
974760 28.52 100219.83 20.38 3364271.00 5
975510 28.58 100221.55 20.37 3353940.75 6
976760 28.72 100220.89 20.39 327470.41 8
977509 28.77 100223.36 20.38 329048.84 9
978509 28.73 100221.78 20.36 61048904.00 1
980008 28.36 100221.21 20.30 59551112.00 2
980008 28.36 100221.21 20.30 59551112.00 2
980008 28.36 100221.21 20.30 59551112.00 2
984007 28.25 100221.43 20.29 57475116.00 3
984756 28.41 100218.64 20.35 3401993.25 4
985506 28.53 100219.52 20.36 3383027.00 5
986256 28.58 100220.45 20.38 3343673.50 6
986756 28.64 100221.14 20.35 321911.34 7
988255 28.77 100220.59 20.38 331284.38 9
989255 28.73 100220.22 20.35 60207624.00 1
990754 28.36 100220.37 20.31 59148016.00 2
990754 28.36 100220.37 20.31 59148016.00 2
990754 28.36 100220.37 20.31 59148016.00 2
990754 28.36 100220.37 20.31 59148016.00 2
994752 28.24 100220.13 20.33 57740968.00 3
995502 28.41 100220.61 20.36 3397760.25 4
996252 28.53 100218.13 20.37 3376751.75 5
997002 28.58 100219.05 20.38 3378841.00 6
998251 28.72 100220.06 20.36 326530.63 8
999001 28.77 100220.28 20.38 329048.84 9
1000000 28.74 100221.09 20.40 61091588.00 1
1001250 28.36 100218.89 20.29 59551112.00 2
1001250 28.36 100218.89 20.29 59551112.00 2
1001250 28.36 100218.89 20.29 59551112.00 2
1001250 28.36 100218.89 20.29 59551112.00 2
1005498 28.25 100217.56 20.32 57702840.00 3
1006248 28.42 100216.20 20.35 3408362.75 4
1006997 28.53 100216.93 20.38 3374665.25 5
1008247 28.64 100216.04 20.37 322519.69 7
1008997 28.71 100216.03 20.37 326218.53 8
1009747 28.77 100217.52 20.37 328415.66 9
1010746 28.74 100215.36 20.35 61091588.00 1
1011995 28.37 100215.34 20.30 59429608.00 2
1011995 28.37 100215.34 20.30 59429608.00 2
1011995 28.37 100215.34 20.30 59429608.00 2
1016244 28.25 100213.68 20.31 57626732.00 3
1016993 28.42 100211.42 20.35 3408362.75 4
1017743 28.53 100211.30 20.35 3385124.00 5
1018243 28.57 100210.63 20.36 3347772.75 6
1018993 28.64 100210.91 20.37 323436.50 7
1019743 28.72 100211.34 20.37 328415.66 8
1021242 28.79 100211.46 20.40 332575.50 0
1021492 28.73 100210.65 20.36 61219992.00 1
1022741 28.36 100209.48 20.29 60042144.00 2
1022741 28.36 100209.48 20.29 60042144.00 2
1022741 28.36 100209.48 20.29 60042144.00 2
1026989 28.25 100209.00 20.30 57437336.00 3
1027739 28.41 100206.72 20.38 3406237.00 4
1028489 28.53 100206.09 20.35 3393537.75 5
1028989 28.58 100208.33 20.37 3349826.25 6
1029738 28.65 100207.04 20.37 323436.50 7
1031238 28.77 100208.12 20.37 331284.38 9
1032237 28.74 100207.35 20.35 61305892.00 1
1033487 28.36 100207.13 20.29 59713896.00 2
1033487 28.36 100207.13 20.29 59713896.00 2
1033487 28.36 100207.13 20.29 59713896.00 2
1033487 28.36 100207.13 20.29 59713896.00 2
1037735 28.25 100206.13 20.31 58125056.00 3
1038485 28.42 100205.13 20.33 3385124.00 4
1039234 28.53 100203.66 20.38 3385124.00 5
1039734 28.58 100205.97 20.34 3368421.00 6
1041234 28.72 100204.27 20.36 327784.91 8
1042483 28.80 100205.92 20.37 333550.50 0
1042983 28.74 100206.38 20.35 60878772.00 1
1044233 28.36 100203.64 20.32 60000916.00 2
1044233 28.36 100203.64 20.32 60000916.00 2
1044233 28.36 100203.64 20.32 60000916.00 2
1048481 28.25 100203.02 20.31 58086416.00 3
1049231 28.42 100200.49 20.34 3404113.75 4
1049730 28.53 100200.36 20.36 3389325.50 5
1050480 28.58 100199.54 20.36 3335505.00 6
1051230 28.65 100201.88 20.37 324667.09 7
1051979 28.73 100201.70 20.39 328415.66 8
1053229 28.79 100201.04 20.37 333224.88 0
1053729 28.74 100202.06 20.33 61091588.00 1
1054978 28.37 100200.31 20.29 60083428.00 2
1054978 28.37 100200.31 20.29 60083428.00 2
1054978 28.37 100200.31 20.29 60083428.00 2
1059226 28.25 100200.73 20.30 57702840.00 3
1059976 28.42 100198.25 20.33 3401993.25 4
1060476 28.54 100198.09 20.36 3406237.00 5
1061226 28.59 100197.97 20.35 3374665.25 6
1061975 28.65 100198.60 20.35 322824.72 7
1063475 28.77 100197.45 20.37 330963.16 9
1064224 28.75 100198.39 20.35 61091588.00 1
1065724 28.38 100197.99 20.30 59389216.00 2
1065724 28.38 100197.99 20.30 59389216.00 2
1065724 28.38 100197.99 20.30 59389216.00 2
1065724 28.38 100197.99 20.30 59389216.00 2
1069972 28.26 100201.13 20.31 58047828.00 3
1070722 28.43 100200.16 20.35 3410491.25 4
1071222 28.54 100199.17 20.35 3383027.00 5
1071971 28.59 100199.46 20.33 3360131.25 6
1073471 28.73 100199.38 20.35 326843.28 8
1073970 28.78 100201.33 20.36 330642.56 9
1074970 28.75 100199.89 20.33 61305892.00 1
1076469 28.37 100197.89 20.29 60124772.00 2
1076469 28.37 100197.89 20.29 60124772.00 2
1076469 28.37 100197.89 20.29 60124772.00 2
1076469 28.37 100197.89 20.29 60124772.00 2
1080718 28.26 100198.61 20.30 57932376.00 3
1081217 28.43 100196.91 20.33 3416892.50 4
1081967 28.55 100197.24 20.32 3412622.25 5
1083467 28.66 100197.52 20.35 324050.63 7
1084216 28.73 100197.65 20.35 327156.56 8
1085466 28.80 100194.69 20.36 333550.50 0
1085716 28.75 100197.98 20.33 61651928.00 1
1087215 28.38 100195.31 20.28 60457564.00 2
1087215 28.38 100195.31 20.28 60457564.00 2
1087215 28.38 100195.31 20.28 60457564.00 2
1091463 28.27 100195.89 20.30 58241280.00 3
1091963 28.43 100192.76 20.31 3404113.75 4
1092713 28.55 100193.08 20.34 3416892.50 5
1093463 28.60 100194.71 20.35 3397760.25 6
1094212 28.66 100195.00 20.36 323130.31 7
1095462 28.79 100190.99 20.33 331606.22 9
1096462 28.75 100192.30 20.34 60963720.00 1
1097961 28.39 100191.23 20.26 59713896.00 2
1097961 28.39 100191.23 20.26 59713896.00 2
1097961 28.39 100191.23 20.26 59713896.00 2
1097961 28.39 100191.23 20.26 59713896.00 2
1101959 28.27 100192.01 20.30 57702840.00 3
1102709 28.44 100191.00 20.32 3406237.00 4
1103459 28.55 100191.78 20.36 3442740.00 5
1104209 28.60 100193.46 20.33 3372581.25 6
1105458 28.75 100190.13 20.35 329048.84 8
1106208 28.79 100188.73 20.32 330322.59 9
1107208 28.76 100189.40 20.32 61914028.00 1
1108707 28.39 100189.74 20.25 59551112.00 2
1108707 28.39 100189.74 20.25 59551112.00 2
1108707 28.39 100189.74 20.25 59551112.00 2
1112705 28.27 100189.25 20.28 57932376.00 3
1113455 28.44 100188.17 20.32 3406237.00 4
1114205 28.55 100186.66 20.32 3397760.25 5
1114954 28.60 100188.80 20.32 3341627.50 6
1115704 28.67 100188.52 20.34 323743.28 7
1116204 28.75 100186.05 20.35 326843.28 8
1117703 28.81 100184.06 20.30 334531.19 0
1117953 28.76 100186.05 20.32 61870192.00 1
1119452 28.39 100186.72 20.24 60166168.00 2
1119452 28.39 100186.72 20.24 60166168.00 2
1119452 28.39 100186.72 20.24 60166168.00 2
1123451 28.27 100185.28 20.26 58553496.00 3
1124201 28.45 100183.72 20.30 3425465.25 4
1124950 28.56 100184.65 20.34 3399875.50 5
1125700 28.61 100184.63 20.33 3360131.25 6
1126200 28.67 100184.88 20.34 324667.09 7
1127699 28.80 100183.66 20.35 332251.78 9
1128699 28.76 100182.84 20.31 61219992.00 1
1130198 28.39 100184.28 20.26 60249140.00 2
1130198 28.39 100184.28 20.26 60249140.00 2
1130198 28.39 100184.28 20.26 60249140.00 2
1130198 28.39 100184.28 20.26 60249140.00 2
1134196 28.27 100186.13 20.29 58280124.00 3
1134946 28.44 100183.10 20.31 3431923.00 4
1135696 28.55 100183.58 20.32 3412622.25 5
1136446 28.60 100184.95 20.32 3399875.50 6
1137695 28.74 100181.61 20.33 327784.91 8
1138445 28.79 100182.61 20.32 330963.16 9
1139445 28.76 100183.05 20.29 61565056.00 1
1140694 28.38 100182.68 20.27 60124772.00 2
1140694 28.38 100182.68 20.27 60124772.00 2
1140694 28.38 100182.68 20.27 60124772.00 2
1140694 28.38 100182.68 20.27 60124772.00 2
1144942 28.27 100184.91 20.29 58908764.00 3
1145692 28.44 100183.46 20.31 3419031.75 4
1146442 28.55 100184.96 20.32 3423318.00 5
1147691 28.66 100183.23 20.34 324050.63 7
1148441 28.74 100180.31 20.31 328099.97 8
1149191 28.79 100181.02 20.32 331928.69 9
1150191 28.76 100182.80 20.29 61651928.00 1
1151440 28.39 100182.03 20.26 59918628.00 2
1151440 28.39 100182.03 20.26 59918628.00 2
1151440 28.39 100182.03 20.26 59918628.00 2
1155688 28.27 100181.70 20.29 58125056.00 3
1156438 28.44 100180.66 20.30 3427615.00 4
1157188 28.55 100180.21 20.32 3416892.50 5
1157687 28.61 100182.91 20.33 3410491.25 6
1158437 28.67 100181.65 20.30 325596.19 7
1159936 28.80 100180.38 20.34 331284.38 9
1160936 28.76 100176.83 20.31 61651928.00 1
1162186 28.38 100178.79 20.26 60667440.00 2
1162186 28.38 100178.79 20.26 60667440.00 2
1162186 28.38 100178.79 20.26 60667440.00 2
1162186 28.38 100178.79 20.26 60667440.00 2
1166434 28.27 100181.01 20.28 57893992.00 3
1167183 28.44 100178.32 20.29 3423318.00 4
1167933 28.56 100179.48 20.32 3425465.25 5
1168433 28.61 100181.09 20.32 3378841.00 6
1169932 28.75 100177.20 20.32 328099.97 8
1170682 28.79 100176.75 20.34 329684.47 9
1171682 28.76 100177.34 20.30 61914028.00 1
1172931 28.39 100177.92 20.25 59918628.00 2
1172931 28.39 100177.92 20.25 59918628.00 2
1172931 28.39 100177.92 20.25 59918628.00 2
1172931 28.39 100177.92 20.25 59918628.00 2
1177180 28.27 100179.96 20.27 57893992.00 3
1177929 28.45 100178.02 20.31 3449263.25 4
1178679 28.56 100180.19 20.31 3393537.75 5
1179929 28.68 100178.25 20.33 324667.09 7
1180678 28.75 100177.54 20.32 329048.84 8
1181928 28.82 100176.09 20.33 334203.66 0
1182428 28.77 100176.69 20.31 61695456.00 1
1183677 28.40 100177.77 20.25 60207624.00 2
1183677 28.40 100177.77 20.25 60207624.00 2
1183677 28.40 100177.77 20.25 60207624.00 2
1187925 28.27 100176.75 20.27 58789864.00 3
1188675 28.45 100176.38 20.30 3408362.75 4
1189175 28.55 100177.09 20.31 3419031.75 5
1189924 28.61 100178.92 20.33 3374665.25 6
1190674 28.68 100175.97 20.31 323743.28 7
1191424 28.75 100176.01 20.32 328099.97 8
1192674 28.82 100174.92 20.32 333550.50 0
1193173 28.77 100176.05 20.32 62178368.00 1
1194423 28.40 100176.78 20.23 60457564.00 2
1194423 28.40 100176.78 20.23 60457564.00 2
1194423 28.40 100176.78 20.23 60457564.00 2
1198671 28.28 100177.32 20.25 58988300.00 3
1199421 28.45 100176.29 20.28 3429767.75 4
1199921 28.57 100177.58 20.32 3431923.00 5
1200671 28.61 100175.34 20.31 3408362.75 6
1201420 28.68 100174.24 20.30 324976.19 7
1202920 28.80 100173.24 20.31 331928.69 9
1203670 28.77 100172.41 20.32 61782700.00 1
1205169 28.40 100174.44 20.24 60625348.00 2
1205169 28.40 100174.44 20.24 60625348.00 2
1205169 28.40 100174.44 20.24 60625348.00 2
1205169 28.40 100174.44 20.24 60625348.00 2
1209417 28.28 100173.86 20.25 58592760.00 3
1210167 28.45 100171.58 20.30 3444911.75 4
1210667 28.57 100174.08 20.30 3449263.25 5
1212166 28.68 100169.01 20.30 325596.19 7
1212916 28.76 100170.24 20.32 328415.66 8
1214165 28.83 100169.73 20.32 334203.66 0
1214415 28.77 100170.80 20.31 61521708.00 1
1215915 28.40 100171.13 20.26 59795620.00 2
1215915 28.40 100171.13 20.26 59795620.00 2
1215915 28.40 100171.13 20.26 59795620.00 2
1220163 28.29 100169.80 20.27 58988300.00 3
1220663 28.46 100168.73 20.30 3429767.75 4
1221412 28.57 100170.12 20.32 3438405.00 5
1222162 28.63 100170.31 20.32 3429767.75 6
1222912 28.68 100168.20 20.33 325596.19 7
1224161 28.81 100169.54 20.31 332575.50 9
1225161 28.78 100167.76 20.29 61478424.00 1
1226660 28.41 100170.37 20.24 60374020.00 2
1226660 28.41 100170.37 20.24 60374020.00 2
1226660 28.41 100170.37 20.24 60374020.00 2
1226660 28.41 100170.37 20.24 60374020.00 2
1230908 28.29 100169.85 20.25 58671440.00 3
1231408 28.46 100168.30 20.30 3429767.75 4
1232158 28.57 100168.68 20.29 3431923.00 5
1232908 28.63 100169.16 20.31 3401993.25 6
1233657 28.68 100166.05 20.30 325285.91 7
1234907 28.81 100167.30 20.30 331606.22 9
1235906 28.77 100167.49 20.28 61608460.00 1
1237406 28.40 100169.25 20.23 60124772.00 2
1237406 28.40 100169.25 20.23 60124772.00 2
1237406 28.40 100169.25 20.23 60124772.00 2
1237406 28.40 100169.25 20.23 60124772.00 2
1241654 28.29 100157.42 20.25 58280124.00 3
1242154 28.46 100158.59 20.27 3442740.00 4
1242904 28.57 100167.52 20.31 3436241.50 5
1243653 28.63 100167.15 20.29 3397760.25 6
1244903 28.77 100166.13 20.31 330322.59 8
1245653 28.81 100172.27 20.30 332251.78 9
1246652 28.79 100175.22 20.28 61478424.00 1
1248151 28.41 100174.41 20.22 60415764.00 2
1248151 28.41 100174.41 20.22 60415764.00 2
1248151 28.41 100174.41 20.22 60415764.00 2
1252150 28.30 100168.83 20.26 58829444.00 3
1252899 28.46 100168.16 20.28 3473394.00 4
1253649 28.59 100169.50 20.29 3406237.00 5
1254399 28.63 100166.43 20.31 3393537.75 6
1255149 28.69 100165.94 20.29 324976.19 7
1255649 28.78 100167.27 20.32 328415.66 8
1257148 28.83 100164.43 20.30 334859.38 0
1257398 28.79 100165.03 20.27 62045916.00 1
1258897 28.41 100167.63 20.24 60625348.00 2
1258897 28.41 100167.63 20.24 60625348.00 2
1258897 28.41 100167.63 20.24 60625348.00 2
1262895 28.30 100165.91 20.27 58319020.00 3
1263645 28.48 100166.16 20.29 3434081.00 4
1264395 28.59 100164.27 20.31 3429767.75 5
1265145 28.64 100164.16 20.30 3421173.50 6
1266394 28.78 100150.19 20.30 328099.97 8
1267144 28.83 100152.11 20.32 331606.22 9
1268144 28.80 100151.30 20.28 62178368.00 1
1269643 28.42 100151.74 20.23 60415764.00 2
1269643 28.42 100151.74 20.23 60415764.00 2
1269643 28.42 100151.74 20.23 60415764.00 2
1269643 28.42 100151.74 20.23 60415764.00 2
1273641 28.31 100165.89 20.23 58514284.00 3
1274391 28.48 100165.16 20.29 3464580.25 4
1275141 28.59 100163.38 20.29 3440571.25 5
1276390 28.70 100163.36 20.29 326218.53 7
1277140 28.78 100162.83 20.30 328415.66 8
1277890 28.82 100162.86 20.32 333550.50 9
1278890 28.80 100163.32 20.28 62266984.00 1
1280139 28.42 100165.06 20.23 60583316.00 2
1280139 28.42 100165.06 20.23 60583316.00 2
1280139 28.42 100165.06 20.23 60583316.00 2
1284387 28.30 100163.24 20.26 58710864.00 3
1285137 28.46 100163.17 20.26 3442740.00 4
1285887 28.59 100161.73 20.31 3414756.25 5
1286636 28.63 100160.93 20.29 3421173.50 6
1287136 28.70 100160.16 20.30 325285.91 7
1287886 28.78 100161.43 20.28 328415.66 8
1289385 28.84 100160.44 20.30 334531.19 0
1289635 28.79 100161.22 20.28 62222644.00 1
1290885 28.41 100161.35 20.23 60836388.00 2
1290885 28.41 100161.35 20.23 60836388.00 2
1290885 28.41 100161.35 20.23 60836388.00 2
1295133 28.30 100169.20 20.24 59068048.00 3
1295883 28.47 100168.57 20.26 3423318.00 4
1296633 28.58 100168.99 20.29 3449263.25 5
1297132 28.63 100163.14 20.29 3408362.75 6
1297882 28.69 100157.42 20.29 324667.09 7
1299382 28.81 100157.55 20.29 332575.50 9
1300381 28.79 100158.61 20.31 62489632.00 1
1301631 28.41 100159.04 20.22 61006284.00 2
1301631 28.41 100159.04 20.22 61006284.00 2
1301631 28.41 100159.04 20.22 61006284.00 2
1301631 28.41 100159.04 20.22 61006284.00 2
1305879 28.30 100158.46 20.25 58908764.00 3
1306629 28.46 100157.34 20.27 3464580.25 4
1307378 28.58 100153.92 20.30 3451443.00 5
1307878 28.63 100155.41 20.29 3414756.25 6
1309378 28.77 100156.01 20.28 329366.34 8
1310127 28.81 100156.73 20.28 333550.50 9
1311127 28.78 100155.60 20.28 62178368.00 1
1312376 28.41 100156.93 20.22 60290708.00 2
1312376 28.41 100156.93 20.22 60290708.00 2
1312376 28.41 100156.93 20.22 60290708.00 2
1316625 28.29 100154.83 20.24 58908764.00 3
1317374 28.46 100156.34 20.27 3442740.00 4
1317874 28.58 100153.78 20.30 3427615.00 5
1318624 28.63 100153.49 20.30 3416892.50 6
1319374 28.69 100154.08 20.29 324667.09 7
1320123 28.77 100154.07 20.31 330322.59 8
1321373 28.83 100153.98 20.31 336842.09 0
1321873 28.78 100153.93 20.28 62090004.00 1
1323122 28.41 100156.76 20.25 60963720.00 2
1323122 28.41 100156.76 20.25 60963720.00 2
1323122 28.41 100156.76 20.25 60963720.00 2
1327371 28.29 100156.24 20.24 59028148.00 3
1328120 28.46 100153.56 20.28 3442740.00 4
1328620 28.57 100150.90 20.28 3431923.00 5
1329370 28.63 100152.41 20.27 3416892.50 6
1330120 28.68 100151.69 20.31 325907.06 7
1331619 28.81 100153.79 20.30 332899.88 9
1332369 28.78 100152.24 20.29 62355852.00 1
1333868 28.41 100154.23 20.22 61048904.00 2
1333868 28.41 100154.23 20.22 61048904.00 2
1333868 28.41 100154.23 20.22 61048904.00 2
1333868 28.41 100154.23 20.22 61048904.00 2
1338116 28.29 100154.11 20.23 59510556.00 3
1338866 28.46 100153.22 20.27 3444911.75 4
1339366 28.57 100150.99 20.27 3416892.50 5
1340116 28.62 100151.36 20.28 3419031.75 6
1341615 28.77 100151.42 20.31 328731.94 8
1342115 28.81 100152.52 20.30 333550.50 9
1343115 28.78 100152.41 20.29 62444972.00 1
1344614 28.41 100152.49 20.21 60374020.00 2
1344614 28.41 100152.49 20.21 60374020.00 2
1344614 28.41 100152.49 20.21 60374020.00 2
1344614 28.41 100152.49 20.21 60374020.00 2
1348862 28.29 100151.91 20.24 58789864.00 3
1349362 28.46 100149.57 20.29 3444911.75 4
1350112 28.58 100149.99 20.28 3468981.50 5
1351611 28.69 100149.69 20.29 327156.56 7
1352361 28.77 100150.27 20.31 329048.84 8
1353610 28.83 100151.43 20.28 336178.59 0
1353860 28.78 100151.38 20.28 62178368.00 1
1355360 28.40 100150.95 20.23 60794064.00 2
1355360 28.40 100150.95 20.23 60794064.00 2
1355360 28.40 100150.95 20.23 60794064.00 2
1359608 28.29 100150.95 20.24 59268368.00 3
1360107 28.46 100148.61 20.22 3444911.75 4
1360857 28.57 100148.07 20.28 3453625.75 5
1361607 28.62 100148.72 20.30 3404113.75 6
1362357 28.68 100146.37 20.31 326530.63 7
1363606 28.80 100148.40 20.27 334203.66 9
1364606 28.77 100148.16 20.27 62444972.00 1
1366105 28.40 100149.96 20.24 60836388.00 2
1366105 28.40 100149.96 20.24 60836388.00 2
1366105 28.40 100149.96 20.24 60836388.00 2
1366105 28.40 100149.96 20.24 60836388.00 2
1370354 28.29 100152.46 20.25 58908764.00 3
1370853 28.45 100149.41 20.24 3453625.75 4
1371603 28.57 100148.53 20.28 3451443.00 5
1372353 28.62 100148.30 20.30 3391430.25 6
1373602 28.77 100148.54 20.32 330322.59 8
1374352 28.81 100149.20 20.32 334203.66 9
1375352 28.78 100151.20 20.29 62444972.00 1
1376851 28.40 100151.37 20.22 60794064.00 2
1376851 28.40 100151.37 20.22 60794064.00 2
1376851 28.40 100151.37 20.22 60794064.00 2
1380849 28.29 100150.66 20.24 58514284.00 3
1381599 28.45 100148.13 20.26 3464580.25 4
1382349 28.56 100145.94 20.29 3457999.25 5
1383099 28.61 100146.67 20.28 3414756.25 6
1383848 28.67 100145.48 20.30 326530.63 7
1384348 28.76 100147.02 20.30 330322.59 8
1385848 28.82 100145.70 20.27 338177.00 0
1386098 28.77 100146.38 20.29 62489632.00 1
1387597 28.39 100146.45 20.22 61262912.00 2
1387597 28.39 100146.45 20.22 61262912.00 2
1387597 28.39 100146.45 20.22 61262912.00 2
1391595 28.28 100148.89 20.24 58829444.00 3
1392345 28.45 100144.62 20.27 3436241.50 4
1393095 28.57 100146.02 20.27 3475604.50 5
1393844 28.62 100145.23 20.30 3401993.25 6
1394594 28.68 100145.34 20.30 326843.28 7
1395843 28.80 100146.14 20.31 333224.88 9
1396843 28.77 100145.24 20.27 62534352.00 1
1398342 28.39 100145.25 20.22 61565056.00 2
1398342 28.39 100145.25 20.22 61565056.00 2
1398342 28.39 100145.25 20.22 61565056.00 2
1398342 28.39 100145.25 20.22 61565056.00 2
1402341 28.28 100136.06 20.26 58829444.00 3
1403090 28.45 100131.61 20.27 3440571.25 4
1403840 28.56 100130.03 20.27 3438405.00 5
1404590 28.61 100131.80 20.29 3436241.50 6
1405839 28.75 100132.01 20.31 330642.56 8
1406589 28.80 100132.75 20.30 333224.88 9
1407589 28.77 100131.80 20.28 62623984.00 1
1409088 28.39 100139.43 20.22 61177128.00 2
1409088 28.39 100139.43 20.22 61177128.00 2
1409088 28.39 100139.43 20.22 61177128.00 2
1409088 28.39 100139.43 20.22 61177128.00 2
1413086 28.27 100144.93 20.24 59268368.00 3
1413836 28.45 100142.13 20.27 3493390.25 4
1414586 28.56 100141.76 20.30 3438405.00 5
1415835 28.67 100142.45 20.29 326530.63 7
1416585 28.75 100142.30 20.31 330322.59 8
1417335 28.79 100143.88 20.28 333550.50 9
1418335 28.77 100145.56 20.27 62849196.00 1
1419584 28.39 100145.78 20.21 61305892.00 2
1419584 28.39 100145.78 20.21 61305892.00 2
1419584 28.39 100145.78 20.21 61305892.00 2
1423832 28.27 100143.67 20.24 59068048.00 3
1424582 28.44 100143.30 20.27 3504599.00 4
1425332 28.55 100141.98 20.28 3477817.75 5
1426081 28.61 100140.49 20.29 3455811.00 6
1426581 28.67 100155.34 20.29 326218.53 7
1428080 28.80 100148.45 20.30 331284.38 9
1429080 28.76 100148.39 20.29 62266984.00 1
1430330 28.39 100145.91 20.22 61219992.00 2
1430330 28.39 100145.91 20.22 61219992.00 2
1430330 28.39 100145.91 20.22 61219992.00 2
1430330 28.39 100145.91 20.22 61219992.00 2
1434578 28.27 100141.41 20.24 58948504.00 3
1435328 28.45 100139.89 20.26 3449263.25 4
1436077 28.56 100139.58 20.28 3453625.75 5
1436577 28.61 100139.50 20.29 3436241.50 6
1438077 28.75 100139.48 20.28 330642.56 8
1438826 28.80 100141.89 20.29 334203.66 9
1439826 28.76 100140.52 20.27 62894432.00 1
1441075 28.39 100140.00 20.22 61134328.00 2
1441075 28.39 100140.00 20.22 61134328.00 2
1441075 28.39 100140.00 20.22 61134328.00 2
1441075 28.39 100140.00 20.22 61134328.00 2
1445324 28.27 100140.59 20.23 59268368.00 3
1446073 28.45 100136.89 20.28 3480034.00 4
1446823 28.55 100136.72 20.31 3447086.00 5
1448073 28.67 100138.89 20.27 324667.09 7
1448822 28.75 100138.84 20.30 332251.78 8
1449572 28.79 100138.95 20.30 333876.75 9
1450572 28.76 100139.13 20.28 62534352.00 1
1451821 28.38 100139.55 20.21 61177128.00 2
1451821 28.38 100139.55 20.21 61177128.00 2
1451821 28.38 100139.55 20.21 61177128.00 2
1456069 28.27 100140.03 20.26 59148016.00 3
1456819 28.43 100135.84 20.27 3506849.25 4
1457569 28.55 100135.70 20.29 3447086.00 5
1458068 28.60 100136.41 20.27 3436241.50 6
1458818 28.66 100137.20 20.29 326530.63 7
1459568 28.74 100136.73 20.30 329684.47 8
1460817 28.81 100137.53 20.28 336842.09 0
1461317 28.76 100138.62 20.28 62355852.00 1
1462567 28.38 100140.16 20.22 61219992.00 2
1462567 28.38 100140.16 20.22 61219992.00 2
1462567 28.38 100140.16 20.22 61219992.00 2
1466815 28.26 100142.13 20.23 59591724.00 3
1467565 28.43 100139.59 20.28 3464580.25 4
1468064 28.54 100137.67 20.29 3471186.50 5
1468814 28.59 100137.70 20.29 3444911.75 6
1469564 28.66 100137.80 20.29 328415.66 7
1471063 28.79 100140.52 20.30 333876.75 9
1471813 28.75 100139.17 20.29 62534352.00 1
1473312 28.38 100141.80 20.23 60499424.00 2
1473312 28.38 100141.80 20.23 60499424.00 2
1473312 28.38 100141.80 20.23 60499424.00 2
1473312 28.38 100141.80 20.23 60499424.00 2
1477561 28.26 100140.95 20.24 59308596.00 3
1478310 28.43 100137.00 20.27 3484474.75 4
1478810 28.55 100136.80 20.28 3471186.50 5
1480309 28.66 100137.38 20.28 327156.56 7
1481059 28.74 100137.94 20.31 332575.50 8
1482309 28.80 100137.68 20.28 336510.03 0
1482559 28.75 100138.76 20.28 62713876.00 1
1484058 28.38 100139.29 20.21 61305892.00 2
1484058 28.38 100139.29 20.21 61305892.00 2
1484058 28.38 100139.29 20.21 61305892.00 2
1488306 28.26 100140.41 20.24 58869076.00 3
1488806 28.43 100135.20 20.26 3511358.75 4
1489556 28.54 100135.84 20.29 3457999.25 5
1490306 28.59 100136.37 20.29 3447086.00 6
1491055 28.66 100133.91 20.29 328731.94 7
1492305 28.78 100137.58 20.30 335188.22 9
1493305 28.75 100136.80 20.30 62579136.00 1
1494804 28.38 100137.35 20.23 60836388.00 2
1494804 28.38 100137.35 20.23 60836388.00 2
1494804 28.38 100137.35 20.23 60836388.00 2
1494804 28.38 100137.35 20.23 60836388.00 2
1499052 28.26 100138.88 20.24 59877568.00 3
1499552 28.43 100134.59 20.27 3486699.25 4
1500302 28.54 100134.33 20.29 3464580.25 5
1501052 28.59 100135.59 20.29 3451443.00 6
1501801 28.65 100135.52 20.30 326843.28 7
1503051 28.77 100136.06 20.32 333550.50 9
1504050 28.75 100137.50 20.27 62849196.00 1
1505550 28.37 100136.95 20.22 61435200.00 2
1505550 28.37 100136.95 20.22 61435200.00 2
1505550 28.37 100136.95 20.22 61435200.00 2
1505550 28.37 100136.95 20.22 61435200.00 2
1509548 28.26 100138.15 20.25 59510556.00 3
1510298 28.43 100134.77 20.27 3471186.50 4
1511048 28.54 100134.64 20.30 3468981.50 5
1511797 28.59 100135.15 20.33 3444911.75 6
1513047 28.73 100135.93 20.29 333224.88 8
1513797 28.77 100135.49 20.32 336842.09 9
1514796 28.75 100136.35 20.29 62894432.00 1
1516296 28.38 100136.58 20.23 61521708.00 2
1516296 28.38 100136.58 20.23 61521708.00 2
1516296 28.38 100136.58 20.23 61521708.00 2
1520294 28.25 100137.23 20.26 59348880.00 3
1521044 28.43 100133.88 20.28 3482253.00 4
1521793 28.54 100132.89 20.30 3468981.50 5
1522543 28.59 100134.44 20.29 3449263.25 6
1523293 28.66 100135.26 20.28 327156.56 7
1523793 28.73 100134.99 20.29 330963.16 8
1525292 28.80 100137.09 20.32 340199.34 0
1525542 28.75 100137.76 20.27 62804024.00 1
1527041 28.37 100137.39 20.23 61392036.00 2
1527041 28.37 100137.39 20.23 61392036.00 2
1527041 28.37 100137.39 20.23 61392036.00 2
1531040 28.26 100138.90 20.24 59713896.00 3
1531789 28.43 100136.31 20.26 3491157.00 4
1532539 28.54 100135.28 20.29 3455811.00 5
1533289 28.59 100135.53 20.30 3453625.75 6
1534538 28.73 100136.96 20.29 331928.69 8
1535288 28.78 100137.42 20.29 338177.00 9
1536288 28.75 100137.02 20.28 62985104.00 1
1537537 28.37 100137.06 20.23 61305892.00 2
1537537 28.37 100137.06 20.23 61305892.00 2
1537537 28.37 100137.06 20.23 61305892.00 2
1537537 28.37 100137.06 20.23 61305892.00 2
1541786 28.26 100138.03 20.25 59591724.00 3
1542535 28.43 100134.07 20.28 3502351.50 4
1543285 28.54 100133.38 20.30 3466779.50 5
1544534 28.65 100134.11 20.28 328731.94 7
1545284 28.73 100134.26 20.30 333224.88 8
1546034 28.77 100135.80 20.31 335847.81 9
1547034 28.75 100136.18 20.31 63488496.00 1
1548283 28.37 100136.39 20.23 61608460.00 2
1548283 28.37 100136.39 20.23 61608460.00 2
1548283 28.37 100136.39 20.23 61608460.00 2
1552531 28.25 100138.59 20.24 60249140.00 3
1553281 28.43 100134.59 20.29 3495626.25 4
1554031 28.54 100133.06 20.29 3488926.75 5
1554530 28.58 100133.71 20.29 3460190.00 6
1555280 28.65 100134.34 20.32 329684.47 7
1556030 28.73 100136.03 20.32 332251.78 8
1557529 28.80 100135.23 20.29 340878.84 0
1557779 28.74 100135.76 20.30 62985104.00 1
1559029 28.37 100137.41 20.22 61739048.00 2
1559029 28.37 100137.41 20.22 61739048.00 2
1559029 28.37 100137.41 20.22 61739048.00 2
1563277 28.25 100138.48 20.25 59795620.00 3
1564027 28.43 100134.13 20.28 3522683.25 4
1564776 28.53 100133.11 20.29 3502351.50 5
1565276 28.58 100133.43 20.31 3464580.25 6
1566026 28.65 100133.07 20.29 327156.56 7
1567525 28.77 100134.43 20.30 335847.81 9
1568525 28.75 100134.85 20.29 62623984.00 1
1569774 28.37 100136.63 20.23 61348936.00 2
1569774 28.37 100136.63 20.23 61348936.00 2
1569774 28.37 100136.63 20.23 61348936.00 2
1569774 28.37 100136.63 20.23 61348936.00 2
1574022 28.25 100135.37 20.26 59068048.00 3
1574772 28.43 100132.23 20.29 3506849.25 4
1575272 28.53 100131.25 20.29 3515879.75 5
1576022 28.59 100133.92 20.30 3484474.75 6
1577521 28.72 100131.80 20.30 331606.22 8
1578271 28.77 100140.49 20.29 333550.50 9
1579271 28.74 100141.59 20.29 63076036.00 1
1580520 28.37 100142.23 20.22 61914028.00 2
1580520 28.37 100142.23 20.22 61914028.00 2
1580520 28.37 100142.23 20.22 61914028.00 2
1584768 28.25 100137.20 20.23 59918628.00 3
1585518 28.42 100133.23 20.28 3515879.75 4
1586018 28.52 100132.09 20.30 3480034.00 5
1586768 28.57 100132.89 20.31 3500106.75 6
1587517 28.64 100133.84 20.30 328415.66 7
1588267 28.72 100134.09 20.30 332899.88 8
1589766 28.74 100134.48 20.29 62758916.00 1
1591266 28.37 100135.71 20.23 62178368.00 2
1591266 28.37 100135.71 20.23 62178368.00 2
1591266 28.37 100135.71 20.23 62178368.00 2
1591266 28.37 100135.71 20.23 62178368.00 2
1595514 28.25 100141.82 20.24 59389216.00 3
1596264 28.41 100138.38 20.28 3506849.25 4
1596764 28.53 100136.88 20.29 3504599.00 5
1597514 28.57 100137.59 20.30 3453625.75 6
1598264 28.64 100137.62 20.31 327470.41 7
1599513 28.77 100131.56 20.31 336842.09 9
1600513 28.74 100131.59 20.31 63030536.00 1
1602012 28.37 100130.50 20.22 62001892.00 2
1602012 28.37 100130.50 20.22 62001892.00 2
1602012 28.37 100130.50 20.22 62001892.00 2
1602012 28.37 100130.50 20.22 62001892.00 2
1606260 28.25 100132.90 20.25 59754728.00 3
1606760 28.42 100129.30 20.28 3520412.50 4
1607510 28.53 100129.55 20.30 3491157.00 5
1608260 28.58 100129.96 20.30 3484474.75 6
1609759 28.72 100130.02 20.30 333224.88 8
1610259 28.77 100130.09 20.29 334531.19 9
1611259 28.74 100130.70 20.29 62939736.00 1
1612758 28.37 100129.19 20.25 62178368.00 2
1612758 28.37 100129.19 20.25 62178368.00 2
1612758 28.37 100129.19 20.25 62178368.00 2
1612758 28.37 100129.19 20.25 62178368.00 2
1617006 28.25 100131.63 20.24 59795620.00 3
1617506 28.42 100128.22 20.28 3527233.50 4
1618256 28.53 100128.57 20.29 3475604.50 5
1619755 28.65 100129.53 20.31 327470.41 7
1620505 28.73 100129.78 20.29 332575.50 8
1621754 28.80 100129.84 20.29 338512.41 0
1622004 28.74 100128.48 20.29 63121600.00 1
1623503 28.37 100128.80 20.23 62222644.00 2
1623503 28.37 100128.80 20.23 62222644.00 2
1623503 28.37 100128.80 20.23 62222644.00 2
1627752 28.26 100129.69 20.25 60166168.00 3
1628252 28.43 100124.46 20.29 3509102.50 4
1629001 28.54 100125.38 20.29 3493390.25 5
1629751 28.59 100126.64 20.30 3451443.00 6
1630501 28.65 100126.16 20.32 326843.28 7
1631750 28.78 100127.20 20.29 336178.59 9
1632750 28.75 100125.64 20.28 63212924.00 1
1634249 28.38 100130.33 20.25 61826416.00 2
1634249 28.38 100130.33 20.25 61826416.00 2
1634249 28.38 100130.33 20.25 61826416.00 2
1634249 28.38 100130.33 20.25 61826416.00 2
1638247 28.27 100130.28 20.26 59918628.00 3
1638997 28.44 100126.80 20.27 3495626.25 4
1639747 28.55 100127.02 20.28 3484474.75 5
1640497 28.59 100125.70 20.29 3522683.25 6
1641746 28.74 100128.50 20.30 332899.88 8
1642496 28.79 100129.72 20.30 338177.00 9
1643496 28.76 100129.84 20.28 62939736.00 1
1644995 28.38 100126.29 20.22 61608460.00 2
1644995 28.38 100126.29 20.22 61608460.00 2
1644995 28.38 100126.29 20.22 61608460.00 2
1648993 28.28 100129.55 20.24 59877568.00 3
1649743 28.45 100128.73 20.29 3486699.25 4
1650493 28.56 100113.80 20.28 3488926.75 5
1651243 28.61 100114.97 20.30 3423318.00 6
1651743 28.68 100116.83 20.30 329048.84 7
1652492 28.76 100117.35 20.30 332251.78 8
1653992 28.82 100114.54 20.30 338512.41 0
1654242 28.77 100115.38 20.27 63304516.00 1
1655741 28.39 100116.98 20.22 62045916.00 2
1655741 28.39 100116.98 20.22 62045916.00 2
1655741 28.39 100116.98 20.22 62045916.00 2
1659739 28.29 100127.21 20.23 59877568.00 3
1660489 28.45 100123.02 20.26 3477817.75 4
1661239 28.57 100123.47 20.26 3493390.25 5
1661989 28.61 100124.02 20.29 3482253.00 6
1662488 28.68 100123.95 20.29 328415.66 7
1663988 28.80 100125.62 20.28 336510.03 9
1664987 28.77 100125.47 20.27 63534660.00 1
1666237 28.40 100123.50 20.21 62266984.00 2
1666237 28.40 100123.50 20.21 62266984.00 2
1666237 28.40 100123.50 20.21 62266984.00 2
1666237 28.40 100123.50 20.21 62266984.00 2
1670485 28.29 100125.05 20.22 59713896.00 3
1671235 28.46 100122.51 20.24 3488926.75 4
1671984 28.57 100122.12 20.26 3511358.75 5
1672734 28.62 100124.63 20.27 3495626.25 6
1673984 28.77 100125.48 20.28 334859.38 8
1674733 28.80 100124.58 20.29 339185.16 9
1675733 28.78 100124.97 20.26 63953160.00 1
1676982 28.41 100123.41 20.20 61826416.00 2
1676982 28.41 100123.41 20.20 61826416.00 2
1676982 28.41 100123.41 20.20 61826416.00 2
1676982 28.41 100123.41 20.20 61826416.00 2
1681231 28.29 100128.38 20.24 60415764.00 3
1681980 28.46 100122.45 20.26 3524957.00 4
1682730 28.57 100122.07 20.25 3504599.00 5
1683979 28.69 100122.11 20.27 327784.91 7
1684729 28.77 100124.57 20.29 333550.50 8
1685479 28.81 100124.38 20.28 337174.84 9
1686479 28.78 100125.01 20.27 63167228.00 1
1687728 28.41 100122.92 20.19 62134156.00 2
1687728 28.41 100122.92 20.19 62134156.00 2
1687728 28.41 100122.92 20.19 62134156.00 2
1691976 28.29 100123.57 20.23 59836568.00 3
1692726 28.46 100120.21 20.26 3513617.75 4
1693476 28.58 100121.08 20.27 3520412.50 5
1693976 28.63 100121.05 20.28 3471186.50 6
1694725 28.69 100120.88 20.27 329366.34 7
1696225 28.81 100121.49 20.27 337174.84 9
1697224 28.79 100122.47 20.24 63534660.00 1
1698474 28.41 100118.77 20.19 62489632.00 2
1698474 28.41 100118.77 20.19 62489632.00 2
1698474 28.41 100118.77 20.19 62489632.00 2
1698474 28.41 100118.77 20.19 62489632.00 2
1702722 28.30 100122.61 20.23 60374020.00 3
1703472 28.47 100118.05 20.24 3491157.00 4
1703971 28.59 100120.88 20.26 3511358.75 5
1704721 28.63 100120.17 20.26 3460190.00 6
1706220 28.78 100121.92 20.27 333876.75 8
1706970 28.82 100120.56 20.26 339860.59 9
1707970 28.79 100120.47 20.24 63953160.00 1
1709219 28.42 100119.31 20.18 61957928.00 2
1709219 28.42 100119.31 20.18 61957928.00 2
1709219 28.42 100119.31 20.18 61957928.00 2
1709219 28.42 100119.31 20.18 61957928.00 2
1713467 28.31 100119.71 20.20 60290708.00 3
1714217 28.47 100116.44 20.24 3529513.25 4
1714717 28.60 100119.37 20.26 3524957.00 5
1716216 28.70 100118.32 20.25 328731.94 7
1716966 28.78 100117.57 20.27 333550.50 8
1718216 28.84 100117.27 20.26 340878.84 0
1718466 28.80 100118.42 20.23 63258688.00 1
1719965 28.42 100114.91 20.19 61826416.00 2
1719965 28.42 100114.91 20.19 61826416.00 2
1719965 28.42 100114.91 20.19 61826416.00 2
1724213 28.31 100113.48 20.22 60499424.00 3
1724963 28.49 100114.19 20.25 3527233.50 4
1725463 28.61 100115.87 20.27 3509102.50 5
1726213 28.66 100115.95 20.26 3515879.75 6
1726962 28.72 100114.91 20.28 329048.84 7
1728212 28.85 100116.83 20.27 338177.00 9
1729211 28.82 100116.13 20.24 63488496.00 1
1730711 28.45 100113.73 20.18 61957928.00 2
1730711 28.45 100113.73 20.18 61957928.00 2
1730711 28.45 100113.73 20.18 61957928.00 2
1730711 28.45 100113.73 20.18 61957928.00 2
1734959 28.32 100112.52 20.18 59959744.00 3
1735709 28.50 100112.86 20.23 3531795.75 4
1736209 28.61 100113.48 20.23 3543252.50 5
1736958 28.66 100115.37 20.24 3497865.00 6
1737708 28.72 100114.38 20.25 330963.16 7
1738957 28.84 100114.08 20.25 338512.41 9
1739957 28.82 100116.51 20.24 63212924.00 1
1741456 28.44 100112.88 20.18 61782700.00 2
1741456 28.44 100112.88 20.18 61782700.00 2
1741456 28.44 100112.88 20.18 61782700.00 2
1741456 28.44 100112.88 20.18 61782700.00 2
1745705 28.33 100113.19 20.19 59959744.00 3
1746205 28.50 100112.37 20.20 3527233.50 4
1746955 28.62 100114.63 20.24 3527233.50 5
1748454 28.73 100115.15 20.25 329048.84 7
1749204 28.81 100115.49 20.23 333550.50 8
1750453 28.87 100113.62 20.22 342589.50 0
1750703 28.82 100115.07 20.24 63859684.00 1
1752202 28.45 100114.02 20.14 62444972.00 2
1752202 28.45 100114.02 20.14 62444972.00 2
1752202 28.45 100114.02 20.14 62444972.00 2
1756451 28.33 100112.43 20.19 61091588.00 3
1756950 28.50 100113.18 20.22 3529513.25 4
1757700 28.62 100115.13 20.24 3538661.00 5
1758450 28.66 100114.48 20.23 3486699.25 6
1759200 28.73 100115.44 20.23 330322.59 7
1760449 28.85 100115.87 20.26 335517.69 9
1761449 28.82 100114.57 20.24 63534660.00 1
1762949 28.45 100112.00 20.17 62134156.00 2
1762949 28.45 100112.00 20.17 62134156.00 2
1762949 28.45 100112.00 20.17 62134156.00 2
1762949 28.45 100112.00 20.17 62134156.00 2
1767197 28.33 100110.98 20.21 60124772.00 3
1767697 28.50 100110.35 20.23 3515879.75 4
1768446 28.62 100112.52 20.24 3547856.25 5
1769196 28.66 100112.55 20.23 3504599.00 6
1770445 28.81 100111.76 20.26 336178.59 8
1771195 28.85 100112.00 20.24 336842.09 9
1772195 28.82 100112.07 20.22 63953160.00 1
1773694 28.44 100109.33 20.15 62579136.00 2
1773694 28.44 100109.33 20.15 62579136.00 2
1773694 28.44 100109.33 20.15 62579136.00 2
1773694 28.44 100109.33 20.15 62579136.00 2
1777692 28.33 100110.61 20.19 60794064.00 3
1778442 28.50 100108.59 20.23 3557099.50 4
1779192 28.62 100110.78 20.25 3552471.75 5
1779942 28.66 100110.58 20.23 3488926.75 6
1781191 28.81 100110.83 20.21 336510.03 8
1781941 28.84 100111.27 20.25 339860.59 9
1782941 28.82 100110.23 20.23 64424676.00 1
1784440 28.45 100108.48 20.18 62178368.00 2
1784440 28.45 100108.48 20.18 62178368.00 2
1784440 28.45 100108.48 20.18 62178368.00 2
1788438 28.33 100108.39 20.18 60499424.00 3
1789188 28.50 100107.08 20.20 3552471.75 4
1789938 28.62 100109.14 20.26 3529513.25 5
1790688 28.66 100107.98 20.25 3504599.00 6
1791437 28.73 100110.01 20.26 328415.66 7
1791937 28.81 100110.51 20.24 334531.19 8
1793436 28.87 100108.76 20.22 342933.69 0
1793686 28.82 100111.77 20.24 63859684.00 1
1795186 28.45 100108.95 20.16 62311384.00 2
1795186 28.45 100108.95 20.16 62311384.00 2
1795186 28.45 100108.95 20.16 62311384.00 2
1799184 28.33 100106.63 20.17 60709588.00 3
1799934 28.50 100105.27 20.22 3573391.50 4
1800683 28.62 100108.51 20.23 3543252.50 5
1801433 28.66 100108.86 20.23 3515879.75 6
1801933 28.72 100108.12 20.25 333550.50 7
1803432 28.84 100107.49 20.22 338177.00 9
1804432 28.82 100109.23 20.25 64140936.00 1
1805931 28.44 100107.13 20.16 62001892.00 2
1805931 28.44 100107.13 20.16 62001892.00 2
1805931 28.44 100107.13 20.16 62001892.00 2
1805931 28.44 100107.13 20.16 62001892.00 2
1809930 28.32 100106.76 20.18 60499424.00 3
1810679 28.50 100115.23 20.22 3534081.00 4
1811429 28.61 100130.41 20.24 3543252.50 5
1812679 28.72 100126.64 20.24 330642.56 7
1813428 28.80 100121.09 20.25 336842.09 8
1814178 28.85 100118.54 20.22 339185.16 9
1815178 28.82 100115.77 20.22 64567488.00 1
1816427 28.45 100104.99 20.16 62355852.00 2
1816427 28.45 100104.99 20.16 62355852.00 2
1816427 28.45 100104.99 20.16 62355852.00 2
1820676 28.33 100105.31 20.19 60878772.00 3
1821425 28.50 100103.87 20.21 3552471.75 4
1822175 28.61 100106.13 20.24 3543252.50 5
1822925 28.66 100106.97 20.25 3506849.25 6
1823425 28.72 100107.18 20.23 332575.50 7
1824174 28.80 100105.81 20.25 334203.66 8
1825674 28.87 100104.95 20.22 343970.44 0
1825924 28.81 100105.91 20.22 64046908.00 1
1827173 28.43 100103.69 20.16 62579136.00 2
1827173 28.43 100103.69 20.16 62579136.00 2
1827173 28.43 100103.69 20.16 62579136.00 2
1831421 28.32 100104.02 20.22 61006284.00 3
1832171 28.49 100102.09 20.21 3592194.75 4
1832920 28.61 100104.55 20.23 3520412.50 5
1833420 28.66 100104.83 20.24 3531795.75 6
1834170 28.72 100103.48 20.26 330642.56 7
1835669 28.84 100100.71 20.25 341219.59 9
1836669 28.81 100100.41 20.24 64282492.00 1
1837919 28.44 100099.71 20.14 62668896.00 2
1837919 28.44 100099.71 20.14 62668896.00 2
1837919 28.44 100099.71 20.14 62668896.00 2
1837919 28.44 100099.71 20.14 62668896.00 2
1842167 28.32 100100.73 20.17 60709588.00 3
1842916 28.49 100099.95 20.21 3550162.50 4
1843666 28.61 100101.84 20.23 3561739.25 5
1844166 28.65 100102.13 20.23 3524957.00 6
1845665 28.79 100102.41 20.25 334531.19 8
1846415 28.83 100099.13 20.23 336510.03 9
1847415 28.81 100101.27 20.23 63719980.00 1
1848664 28.43 100102.64 20.16 63121600.00 2
1848664 28.43 100102.64 20.16 63121600.00 2
1848664 28.43 100102.64 20.16 63121600.00 2
1848664 28.43 100102.64 20.16 63121600.00 2
1852912 28.32 100102.06 20.20 60625348.00 3
1853662 28.48 100100.59 20.21 3543252.50 4
1854412 28.61 100103.15 20.23 3543252.50 5
1855662 28.71 100102.68 20.24 331606.22 7
1856411 28.79 100101.56 20.26 336842.09 8
1857661 28.85 100099.34 20.24 342933.69 0
1858161 28.80 100101.63 20.23 64235236.00 1
1859410 28.43 100100.03 20.16 63167228.00 2
1859410 28.43 100100.03 20.16 63167228.00 2
1859410 28.43 100100.03 20.16 63167228.00 2
1863658 28.31 100100.05 20.22 60583316.00 3
1864408 28.48 100100.72 20.21 3547856.25 4
1864908 28.60 100103.68 20.22 3552471.75 5
1865658 28.64 100103.45 20.25 3511358.75 6
1866408 28.71 100102.84 20.24 331284.38 7
1867907 28.84 100103.46 20.25 341561.03 9
1868657 28.80 100104.30 20.23 64663048.00 1
1870156 28.43 100101.88 20.18 62758916.00 2
1870156 28.43 100101.88 20.18 62758916.00 2
1870156 28.43 100101.88 20.18 62758916.00 2
1870156 28.43 100101.88 20.18 62758916.00 2
1874404 28.31 100101.57 20.18 61134328.00 3
1875154 28.48 100101.06 20.22 3573391.50 4
1875654 28.60 100103.81 20.24 3538661.00 5
1876404 28.64 100102.66 20.23 3554784.00 6
1877903 28.79 100101.91 20.26 336842.09 8
1878653 28.82 100100.94 20.26 340538.75 9
1879402 28.79 100101.47 20.22 63719980.00 1
1880902 28.42 100099.58 20.18 62444972.00 2
1880902 28.42 100099.58 20.18 62444972.00 2
1880902 28.42 100099.58 20.18 62444972.00 2
1880902 28.42 100099.58 20.18 62444972.00 2
1885150 28.31 100101.34 20.21 61177128.00 3
1885900 28.48 100098.75 20.27 3550162.50 4
1886399 28.59 100100.90 20.25 3566391.00 5
1887899 28.70 100101.23 20.23 331284.38 7
1888649 28.79 100101.49 20.24 334859.38 8
1889898 28.85 100099.28 20.23 343970.44 0
1890148 28.80 100101.57 20.21 64519812.00 1
1891647 28.42 100098.30 20.19 62758916.00 2
1891647 28.42 100098.30 20.19 62758916.00 2
1891647 28.42 100098.30 20.19 62758916.00 2
1895896 28.31 100098.15 20.18 60836388.00 3
1896395 28.48 100096.81 20.24 3582768.50 4
1897145 28.59 100098.96 20.24 3580419.50 5
1897895 28.64 100099.59 20.27 3506849.25 6
1898645 28.70 100097.09 20.24 329366.34 7
1899894 28.82 100096.20 20.25 336842.09 9
1900894 28.80 100098.16 20.23 64424676.00 1
1902393 28.42 100096.22 20.18 62939736.00 2
1902393 28.42 100096.22 20.18 62939736.00 2
1902393 28.42 100096.22 20.18 62939736.00 2
1902393 28.42 100096.22 20.18 62939736.00 2
1906641 28.30 100096.69 20.19 60963720.00 3
1907141 28.47 100095.81 20.22 3585120.25 4
1907891 28.60 100097.40 20.24 3540955.25 5
1908641 28.64 100097.35 20.26 3559417.75 6
1909391 28.70 100096.97 20.23 331606.22 7
1910640 28.82 100093.44 20.25 337174.84 9
1911640 28.80 100096.59 20.26 64000000.00 1
1913139 28.42 100095.75 20.19 63396372.00 2
1913139 28.42 100095.75 20.19 63396372.00 2
1913139 28.42 100095.75 20.19 63396372.00 2
1913139 28.42 100095.75 20.19 63396372.00 2
1917387 28.30 100095.05 20.21 60625348.00 3
1917887 28.47 100094.98 20.24 3568721.50 4
1918637 28.59 100097.02 20.23 3559417.75 5
1920136 28.70 100096.88 20.24 332251.78 7
1920636 28.77 100097.45 20.29 337508.25 8
1922135 28.84 100096.38 20.24 345712.34 0
1922386 28.79 100099.25 20.24 63906388.00 1
1923885 28.41 100095.42 20.18 63121600.00 2
1923885 28.41 100095.42 20.18 63121600.00 2
1923885 28.41 100095.42 20.18 63121600.00 2
1927883 28.30 100096.94 20.19 60836388.00 3
1928633 28.47 100097.29 20.23 3538661.00 4
1929382 28.58 100096.51 20.24 3559417.75 5
1930132 28.63 100098.27 20.24 3522683.25 6
1930882 28.69 100099.14 20.26 332251.78 7
1932131 28.82 100096.53 20.27 341561.03 9
1933131 28.79 100098.34 20.25 64710936.00 1
1934630 28.41 100097.13 20.18 63212924.00 2
1934630 28.41 100097.13 20.18 63212924.00 2
1934630 28.41 100097.13 20.18 63212924.00 2
1934630 28.41 100097.13 20.18 63212924.00 2
1938628 28.30 100096.12 20.19 61348936.00 3
1939378 28.47 100097.11 20.23 3611196.75 4
1940128 28.58 100096.43 20.25 3554784.00 5
1940878 28.63 100098.62 20.24 3513617.75 6
1942127 28.77 100095.38 20.27 337174.84 8
1942877 28.81 100094.70 20.26 341561.03 9
1943876 28.79 100095.55 20.25 64615232.00 1
1945376 28.41 100092.96 20.18 62894432.00 2
1945376 28.41 100092.96 20.18 62894432.00 2
1945376 28.41 100092.96 20.18 62894432.00 2
1945376 28.41 100092.96 20.18 62894432.00 2
1949374 28.30 100094.26 20.22 61177128.00 3
1950124 28.47 100093.39 20.23 3557099.50 4
1950873 28.58 100095.28 20.25 3557099.50 5
1952123 28.70 100095.71 20.26 332575.50 7
1952873 28.78 100096.66 20.28 338848.44 8
1953622 28.82 100095.20 20.26 341561.03 9
1954622 28.79 100096.40 20.24 64758892.00 1
1955871 28.41 100094.17 20.19 63121600.00 2
1955871 28.41 100094.17 20.19 63121600.00 2
1955871 28.41 100094.17 20.19 63121600.00 2
1960120 28.30 100094.36 20.21 61739048.00 3
1960869 28.46 100092.97 20.23 3601670.75 4
1961619 28.58 100095.68 20.26 3547856.25 5
1962369 28.64 100096.97 20.24 3543252.50 6
1962869 28.70 100093.65 20.27 334203.66 7
1963619 28.78 100095.56 20.25 334203.66 8
1965118 28.84 100092.78 20.27 343970.44 0
1965368 28.79 100095.41 20.23 64855024.00 1
1966617 28.42 100093.76 20.18 62985104.00 2
1966617 28.42 100093.76 20.18 62985104.00 2
1966617 28.42 100093.76 20.18 62985104.00 2
1970865 28.30 100092.60 20.19 61348936.00 3
1971615 28.47 100092.76 20.28 3601670.75 4
1972365 28.59 100094.53 20.26 3557099.50 5
1973114 28.63 100094.63 20.25 3534081.00 6
1974364 28.78 100091.82 20.26 336178.59 8
1975114 28.82 100093.75 20.28 342246.00 9
1976113 28.79 100095.63 20.23 64806924.00 1
1977363 28.42 100093.97 20.19 63304516.00 2
1977363 28.42 100093.97 20.19 63304516.00 2
1977363 28.42 100093.97 20.19 63304516.00 2
1977363 28.42 100093.97 20.19 63304516.00 2
1981611 28.30 100095.28 20.21 61262912.00 3
1982361 28.47 100095.26 20.24 3580419.50 4
1983110 28.59 100097.05 20.25 3575731.00 5
1984360 28.70 100097.19 20.28 332251.78 7
1985110 28.79 100096.80 20.27 338177.00 8
1985859 28.82 100095.66 20.27 342246.00 9
1986859 28.79 100095.52 20.23 65145128.00 1
1988108 28.43 100095.73 20.18 62985104.00 2
1988108 28.43 100095.73 20.18 62985104.00 2
1988108 28.43 100095.73 20.18 62985104.00 2
1992356 28.33 100095.25 20.29 61048904.00 3
1993106 28.50 100093.68 20.24 3550162.50 4
1993856 28.63 100096.70 20.26 3571055.00 5
1994356 28.68 100095.79 20.26 3561739.25 6
1995105 28.75 100095.45 20.25 332575.50 7
1995855 28.82 100091.41 20.26 334859.38 8
1997354 28.89 100092.00 20.27 340199.34 0
1997604 28.84 100091.88 20.25 64710936.00 1
1998854 28.48 100092.66 20.19 63488496.00 2
1998854 28.48 100092.66 20.19 63488496.00 2
1998854 28.48 100092.66 20.19 63488496.00 2
2003102 28.35 100091.34 20.19 61565056.00 3
2003852 28.52 100089.71 20.22 3559417.75 4
2004602 28.64 100092.15 20.21 3564063.50 5
2005102 28.69 100093.64 20.23 3534081.00 6
2005851 28.75 100091.91 20.27 334859.38 7
2007351 28.87 100090.84 20.25 340199.34 9
2008350 28.84 100091.98 20.23 64758892.00 1
2009600 28.47 100091.84 20.17 63627184.00 2
2009600 28.47 100091.84 20.17 63627184.00 2
2009600 28.47 100091.84 20.17 63627184.00 2
2009600 28.47 100091.84 20.17 63627184.00 2
2013848 28.34 100091.27 20.19 61262912.00 3
2014598 28.52 100090.70 20.22 3604047.50 4
2015098 28.64 100092.01 20.21 3536369.50 5
2015847 28.68 100092.15 20.24 3566391.00 6
2017347 28.82 100089.05 20.24 336842.09 8
2018096 28.87 100088.85 20.21 339522.53 9
2018846 28.84 100088.98 20.21 64235236.00 1
2020346 28.47 100089.91 20.15 63766480.00 2
2020346 28.47 100089.91 20.15 63766480.00 2
2020346 28.47 100089.91 20.15 63766480.00 2
2024594 28.35 100086.64 20.19 61651928.00 3
2025344 28.52 100086.84 20.20 3601670.75 4
2025844 28.64 100089.27 20.23 3571055.00 5
2026593 28.68 100088.14 20.22 3564063.50 6
2027343 28.75 100087.92 20.22 333224.88 7
2028593 28.86 100085.75 20.20 340878.84 9
2029592 28.83 100085.09 20.22 64710936.00 1
2031092 28.46 100087.20 20.15 63766480.00 2
2031092 28.46 100087.20 20.15 63766480.00 2
2031092 28.46 100087.20 20.15 63766480.00 2
2031092 28.46 100087.20 20.15 63766480.00 2
2035340 28.34 100087.41 20.21 61521708.00 3
2035840 28.52 100088.45 20.21 3559417.75 4
2036590 28.64 100090.03 20.21 3587475.25 5
2037339 28.68 100088.24 20.24 3545553.00 6
2038089 28.74 100087.75 20.24 334859.38 7
2039339 28.86 100086.28 20.25 343278.59 9
2040338 28.84 100088.31 20.22 64951436.00 1
2041838 28.46 100087.30 20.15 63167228.00 2
2041838 28.46 100087.30 20.15 63167228.00 2
2041838 28.46 100087.30 20.15 63167228.00 2
2041838 28.46 100087.30 20.15 63167228.00 2
2046086 28.34 100084.94 20.16 61091588.00 3
2046586 28.51 100085.37 20.23 3554784.00 4
2047335 28.63 100085.59 20.23 3585120.25 5
2048085 28.68 100086.65 20.22 3547856.25 6
2049584 28.82 100083.91 20.25 338848.44 8
2050084 28.87 100085.09 20.25 343970.44 9
2051084 28.84 100086.20 20.19 64424676.00 1
2052583 28.47 100085.62 20.16 63212924.00 2
2052583 28.47 100085.62 20.16 63212924.00 2
2052583 28.47 100085.62 20.16 63212924.00 2
2052583 28.47 100085.62 20.16 63212924.00 2
2056832 28.36 100086.41 20.21 61305892.00 3
2057332 28.54 100084.81 20.22 3585120.25 4
2058081 28.66 100086.16 20.21 3596926.50 5
2059581 28.78 100084.13 20.23 334531.19 7
2060081 28.86 100084.34 20.24 338177.00 8
2061580 28.94 100086.49 20.21 345362.56 0
2061830 28.88 100083.92 20.21 64999752.00 1
2063329 28.51 100084.39 20.16 63906388.00 2
2063329 28.51 100084.39 20.16 63906388.00 2
2063329 28.51 100084.39 20.16 63906388.00 2
2067328 28.42 100083.59 20.16 61565056.00 3
2068077 28.60 100084.79 20.19 3589833.50 4
2068827 28.71 100083.98 20.20 3580419.50 5
2069577 28.77 100082.63 20.21 3559417.75 6
2070326 28.82 100081.15 20.21 332575.50 7
2071576 28.95 100082.51 20.21 342246.00 9
2072576 28.92 100083.54 20.19 64567488.00 1
2074075 28.54 100084.19 20.12 63304516.00 2
2074075 28.54 100084.19 20.12 63304516.00 2
2074075 28.54 100084.19 20.12 63304516.00 2
2074075 28.54 100084.19 20.12 63304516.00 2
2078073 28.42 100082.48 20.12 61651928.00 3
2078823 28.60 100083.22 20.14 3615978.75 4
2079573 28.71 100082.30 20.17 3604047.50 5
2080822 28.82 100081.27 20.19 335517.69 7
2081572 28.90 100081.53 20.19 339185.16 8
2082322 28.95 100082.28 20.18 341903.19 9
2083321 28.92 100083.20 20.16 64758892.00 1
2084821 28.54 100083.71 20.11 63580888.00 2
2084821 28.54 100083.71 20.11 63580888.00 2
2084821 28.54 100083.71 20.11 63580888.00 2
2088819 28.42 100080.45 20.12 61651928.00 3
2089569 28.59 100080.27 20.14 3578073.75 4
2090318 28.71 100079.01 20.17 3608810.50 5
2091068 28.76 100077.04 20.17 3566391.00 6
2091568 28.82 100077.92 20.18 336510.03 7
2092318 28.90 100079.81 20.19 338177.00 8
2093817 28.96 100078.78 20.18 345712.34 0
2094067 28.91 100078.23 20.15 64663048.00 1
2095317 28.53 100081.17 20.10 63488496.00 2
2095317 28.53 100081.17 20.10 63488496.00 2
2095317 28.53 100081.17 20.10 63488496.00 2
2099565 28.41 100081.09 20.12 61006284.00 3
2100314 28.59 100081.35 20.16 3592194.75 4
2101064 28.70 100079.27 20.15 3582768.50 5
2101814 28.75 100079.32 20.19 3575731.00 6
2102314 28.81 100079.49 20.17 332899.88 7
2103813 28.93 100079.84 20.16 341903.19 9
2104813 28.90 100079.26 20.15 64999752.00 1
2106062 28.52 100077.84 20.09 63766480.00 2
2106062 28.52 100077.84 20.09 63766480.00 2
2106062 28.52 100077.84 20.09 63766480.00 2
2106062 28.52 100077.84 20.09 63766480.00 2
2110311 28.40 100077.03 20.13 61565056.00 3
2111060 28.58 100078.16 20.14 3592194.75 4
2111810 28.69 100076.02 20.16 3571055.00 5
2112310 28.74 100076.09 20.22 3568721.50 6
2113809 28.88 100075.52 20.18 337174.84 8
2114559 28.92 100075.23 20.20 340878.84 9
2115559 28.89 100075.37 20.14 64855024.00 1
2116808 28.51 100075.52 20.12 63906388.00 2
2116808 28.51 100075.52 20.12 63906388.00 2
2116808 28.51 100075.52 20.12 63906388.00 2
2116808 28.51 100075.52 20.12 63906388.00 2
2121056 28.39 100076.95 20.12 61565056.00 3
2121806 28.56 100076.54 20.13 3571055.00 4
2122556 28.68 100075.63 20.15 3580419.50 5
2123805 28.79 100076.27 20.18 335517.69 7
2124555 28.86 100075.79 20.17 338512.41 8
2125305 28.91 100075.94 20.18 343624.16 9
2126305 28.88 100076.05 20.17 65048140.00 1
2127554 28.50 100076.45 20.11 63627184.00 2
2127554 28.50 100076.45 20.11 63627184.00 2
2127554 28.50 100076.45 20.11 63627184.00 2
2131802 28.38 100075.91 20.12 61782700.00 3
2132552 28.55 100075.34 20.15 3585120.25 4
2133302 28.66 100074.77 20.17 3608810.50 5
2133801 28.71 100072.82 20.18 3559417.75 6
2134551 28.77 100072.77 20.18 333550.50 7
2136050 28.89 100074.35 20.17 342933.69 9
2137050 28.86 100075.39 20.16 65048140.00 1
2138300 28.49 100074.75 20.12 63953160.00 2
2138300 28.49 100074.75 20.12 63953160.00 2
2138300 28.49 100074.75 20.12 63953160.00 2
2138300 28.49 100074.75 20.12 63953160.00 2
2142548 28.36 100075.70 20.13 61870192.00 3
2143297 28.53 100074.33 20.18 3604047.50 4
2143797 28.65 100075.57 20.19 3580419.50 5
2144547 28.70 100074.33 20.21 3557099.50 6
2146046 28.84 100073.84 20.21 338177.00 8
2146796 28.88 100074.14 20.20 343970.44 9
2147546 28.86 100074.07 20.18 65437844.00 1
2149045 28.48 100075.12 20.14 64377212.00 2
2149045 28.48 100075.12 20.14 64377212.00 2
2149045 28.48 100075.12 20.14 64377212.00 2
2149045 28.48 100075.12 20.14 64377212.00 2
2153293 28.36 100075.09 20.15 61870192.00 3
2154043 28.53 100073.44 20.19 3594559.00 4
2154543 28.64 100073.45 20.20 3575731.00 5
2156042 28.75 100073.70 20.22 333224.88 7
2156792 28.83 100074.13 20.21 337508.25 8
2158041 28.89 100075.01 20.23 343970.44 0
2158291 28.84 100075.88 20.21 65048140.00 1
2159791 28.46 100076.60 20.15 63442400.00 2
2159791 28.46 100076.60 20.15 63442400.00 2
2159791 28.46 100076.60 20.15 63442400.00 2
2164039 28.35 100076.54 20.16 61651928.00 3
2164789 28.52 100078.14 20.17 3615978.75 4
2165289 28.64 100078.88 20.22 3635234.00 5
2166038 28.68 100076.39 20.22 3571055.00 6
2166788 28.75 100075.68 20.22 334531.19 7
2168038 28.86 100075.73 20.24 342933.69 9
2169037 28.83 100075.96 20.24 65339980.00 1
2170537 28.46 100077.31 20.25 64140936.00 2
2170537 28.46 100077.31 20.25 64140936.00 2
2170537 28.46 100077.31 20.25 64140936.00 2
2170537 28.46 100077.31 20.25 64140936.00 2
2174785 28.37 100075.92 20.19 61608460.00 3
2175285 28.54 100076.48 20.22 3589833.50 4
2176035 28.66 100075.28 20.23 3618374.50 5
2176784 28.71 100074.20 20.20 3566391.00 6
2177534 28.79 100074.65 20.25 335517.69 7
2178784 28.91 100073.25 20.25 348892.69 9
2179783 28.89 100073.94 20.17 65048140.00 1
2181282 28.52 100076.05 20.19 64046908.00 2
2181282 28.52 100076.05 20.19 64046908.00 2
2181282 28.52 100076.05 20.19 64046908.00 2
2181282 28.52 100076.05 20.19 64046908.00 2
2185531 28.43 100076.57 20.18 61782700.00 3
2186030 28.60 100076.11 20.20 3637655.50 4
2186780 28.72 100074.24 20.21 3596926.50 5
2188280 28.83 100073.20 20.24 335188.22 7
2189029 28.91 100072.39 20.24 341561.03 8
2190279 28.97 100071.67 20.22 346062.84 0
2190529 28.92 100072.47 20.18 65388876.00 1
2192028 28.55 100073.22 20.11 64282492.00 2
2192028 28.55 100073.22 20.11 64282492.00 2
2192028 28.55 100073.22 20.11 64282492.00 2
2196276 28.43 100070.59 20.14 62355852.00 3
2196776 28.60 100069.53 20.16 3632816.00 4
2197526 28.71 100068.09 20.20 3627989.25 5
2198276 28.77 100068.48 20.18 3568721.50 6
2199026 28.82 100066.70 20.17 334859.38 7
2200275 28.94 100066.83 20.21 344665.09 9
2201275 28.91 100066.73 20.16 66031236.00 1
2202774 28.54 100065.41 20.11 63766480.00 2
2202774 28.54 100065.41 20.11 63766480.00 2
2202774 28.54 100065.41 20.11 63766480.00 2
2202774 28.54 100065.41 20.11 63766480.00 2
2206772 28.41 100064.77 20.12 61565056.00 3
2207522 28.59 100063.85 20.16 3635234.00 4
2208272 28.70 100062.39 20.18 3604047.50 5
2209022 28.75 100063.38 20.17 3571055.00 6
2210271 28.89 100062.23 20.19 339522.53 8
2211021 28.94 100063.82 20.21 344317.41 9
2212021 28.90 100063.07 20.18 65733200.00 1
2213520 28.53 100061.33 20.11 63906388.00 2
2213520 28.53 100061.33 20.11 63906388.00 2
2213520 28.53 100061.33 20.11 63906388.00 2
2213520 28.53 100061.33 20.11 63906388.00 2
2217518 28.40 100059.49 20.10 61914028.00 3
2218268 28.58 100056.98 20.15 3642507.75 4
2219018 28.70 100057.91 20.16 3604047.50 5
2219768 28.75 100058.82 20.20 3596926.50 6
2221017 28.89 100058.48 20.20 339185.16 8
2221767 28.94 100058.22 20.19 343970.44 9
2222767 28.91 100058.15 20.18 65145128.00 1
2224266 28.55 100059.43 20.14 64377212.00 2
2224266 28.55 100059.43 20.14 64377212.00 2
2224266 28.55 100059.43 20.14 64377212.00 2
2228264 28.45 100060.70 20.14 62266984.00 3
2229014 28.63 100058.88 20.18 3644938.75 4
2229763 28.75 100058.73 20.17 3601670.75 5
2230513 28.80 100059.17 20.19 3566391.00 6
2231013 28.86 100058.47 20.18 337174.84 7
2231763 28.95 100057.76 20.21 340538.75 8
2233262 29.01 100056.02 20.16 344665.09 0
2233512 28.96 100056.91 20.16 66483388.00 1
2234762 28.59 100053.07 20.13 64377212.00 2
2234762 28.59 100053.07 20.13 64377212.00 2
2234762 28.59 100053.07 20.13 64377212.00 2
2239010 28.50 100059.75 20.15 61782700.00 3
2239760 28.68 100062.64 20.15 3613586.25 4
2240510 28.79 100060.66 20.16 3613586.25 5
2241259 28.84 100062.00 20.17 3585120.25 6
2242509 28.99 100061.43 20.17 342246.00 8
2243259 29.03 100058.97 20.17 343624.16 9
2244258 29.01 100053.45 20.14 65634452.00 1
2245508 28.64 100052.06 20.09 64188052.00 2
2245508 28.64 100052.06 20.09 64188052.00 2
2245508 28.64 100052.06 20.09 64188052.00 2
2245508 28.64 100052.06 20.09 64188052.00 2
2249756 28.54 100050.73 20.05 62355852.00 3
2250506 28.72 100050.38 20.15 3635234.00 4
2251255 28.84 100050.91 20.14 3613586.25 5
2252505 28.95 100050.81 20.15 335517.69 7
2253255 29.03 100046.80 20.14 342589.50 8
2254004 29.07 100044.65 20.14 342933.69 9
2255004 29.05 100048.70 20.13 65193732.00 1
2256253 28.68 100050.07 20.07 64046908.00 2
2256253 28.68 100050.07 20.07 64046908.00 2
2256253 28.68 100050.07 20.07 64046908.00 2
2260502 28.57 100046.24 20.09 61565056.00 3
2261251 28.76 100047.53 20.11 3611196.75 4
2262001 28.87 100049.52 20.10 3604047.50 5
2262501 28.92 100047.97 20.10 3594559.00 6
2263251 28.98 100045.41 20.09 337842.28 7
2264000 29.06 100043.56 20.13 342589.50 8
2265500 29.13 100040.66 20.09 346062.84 0
2265750 29.08 100043.63 20.09 65881880.00 1
2266999 28.71 100043.05 20.02 64140936.00 2
2266999 28.71 100043.05 20.02 64140936.00 2
2266999 28.71 100043.05 20.02 64140936.00 2
2271248 28.62 100042.81 20.04 61870192.00 3
2271998 28.79 100041.20 20.08 3642507.75 4
2272747 28.90 100038.77 20.08 3604047.50 5
2273247 28.95 100038.23 20.08 3575731.00 6
2273997 29.01 100036.93 20.11 335188.22 7
2275496 29.14 100034.42 20.09 342589.50 9
2276496 29.11 100035.45 20.08 65339980.00 1
2277745 28.75 100038.08 19.99 63766480.00 2
2277745 28.75 100038.08 19.99 63766480.00 2
2277745 28.75 100038.08 19.99 63766480.00 2
2277745 28.75 100038.08 19.99 63766480.00 2
2281993 28.64 100034.05 20.01 62090004.00 3
2282743 28.82 100035.20 20.03 3623175.50 4
2283243 28.93 100033.40 20.06 3604047.50 5
2283993 28.97 100031.67 20.06 3611196.75 6
2285492 29.12 100031.20 20.04 346414.06 8
2286242 29.16 100032.30 20.06 344665.09 9
2287242 29.14 100032.54 20.05 65437844.00 1
22