=~=~=~=~=~=~=~=~=~=~=~= KiTTY log 2024.12.06 15:32:59 =~=~=~=~=~=~=~=~=~=~=~=
0 0.00 0.00 0.00 0.00 0
0 0.00 0.00 0.00 0.00 0
2116 27.18 101009.48 35.41 10858.50 0
2366 27.39 101012.84 35.45 147465.44 1
3866 27.61 101019.11 35.40 155954.92 2
3866 27.61 101019.11 35.40 155954.92 2
3866 27.61 101019.11 35.40 155954.92 2
7865 27.72 101034.04 34.92 161425110 28.09 101090.34 33.72 653061.25 2
25110 28.09 101090.34 33.72 653061.25 2
29359 28.02 101102.70 33.69 599707.19 3
30109 28.21 101103.21 33.74 97282.92 4
30858 28.34 101105.55 33.74 95540.21 5
31359 28.38 101106.66 33.69 92219.02 6
32858 28.56 101111.55 33.67 24114.54 8
33608 28.62 101114.73 33.63 25513.26 9
34608 28.59 101117.66 33.58 919829.31 1
35857 28.22 101122.09 33.45 838485.19 2
35857 28.22 101122.09 33.45 838485.19 2
35857 28.22 101122.09 33.45 838485.19 2
40106 28.15 101132.60 33.45 770794.13 3
40856 28.35 101135.70 33.47 117431.20 4
41356 28.47 101135.71 33.49 114209.23 5
42106 28.52 101140.60 33.47 112478.03 6
42855 28.61 101140.52 33.45 25241.57 7
43605 28.69 101142.47 33.42 27032.73 8
45105 28.72 101149.33 33.33 1091975.50 1
46605 28.35 101155.35 33.23 1002938.31 2
46605 28.35 101155.35 33.23 1002938.31 2
46605 28.35 101155.35 33.23 1002938.31 2
46605 28.35 101155.35 33.23 1002938.31 2
50853 28.27 101168.37 33.22 911843.25 3
51603 28.46 101170.63 33.24 133716.38 4
52103 28.58 101171.02 33.23 130445.86 5
52853 28.64 101173.45 33.24 127617.15 6
53603 28.72 101174.14 33.23 27467.81 7
54853 28.86 101177.73 33.14 30910.41 9
55852 28.83 101180.82 33.10 1234106.63 1
57352 28.46 101186.53 32.97 1135569.75 2
57352 28.46 101186.53 32.97 1135569.75 2
57352 28.46 101186.53 32.97 1135569.75 2
57352 28.46 101186.53 32.97 1135569.75 2
61601 28.38 101195.16 32.98 1034082.31 3
62101 28.57 101198.91 33.00 147338.13 4
62850 28.69 101201.13 33.01 143377.20 5
63600 28.73 101202.72 32.99 140775.36 6
65100 28.90 101204.23 32.98 31204.29 8
65600 28.95 101205.80 32.95 32536.86 9
66600 28.92 101210.53 32.85 1351369.13 1
68099 28.55 101214.13 32.74 1248780.50 2
68099 28.55 101214.13 32.74 1248780.50 2
68099 28.55 101214.13 32.74 1248780.50 2
72098 28.46 101223.63 32.73 1132743.38 3
72848 28.65 101225.70 32.78 157248.16 4
73598 28.76 101227.18 32.80 153431.22 5
74348 28.81 101231.60 32.76 150058.61 6
75097 28.89 101233.85 32.76 30776.63 7
75597 28.99 101235.52 32.72 32661.39 8
77097 29.06 101236.92 32.64 35222.89 0
77347 29.01 101239.94 32.63 1464426.13 1
78846 28.63 101242.04 32.52 1344714.38 2
78846 28.63 101242.04 32.52 1344714.38 2
78846 28.63 101242.04 32.52 1344714.38 2
82845 28.54 101254.98 32.49 1217598.13 3
83595 28.73 101254.54 32.53 166775.25 4
84345 28.84 101256.26 32.55 162488.09 5
85095 28.89 101259.47 32.55 158710.48 6
85595 28.97 101260.83 32.53 32193.16 7
87094 29.11 101264.70 32.46 35457.06 9
88094 29.08 101267.57 32.40 1576294.00 1
89594 28.70 101272.43 32.28 1426183.88 2
89594 28.70 101272.43 32.28 1426183.88 2
89594 28.70 101272.43 32.28 1426183.88 2
89594 28.70 101272.43 32.28 1426183.88 2
93593 28.61 101282.13 32.29 1302384.75 3
94343 28.80 101280.75 32.33 176066.03 4
95092 28.91 101280.52 32.33 171123.00 5
96342 29.04 101284.95 32.32 33376.79 7
97092 29.13 101287.74 32.29 35106.96 8
97842 29.18 101289.78 32.25 36550.54 9
98842 29.14 101292.40 32.19 1663688.00 1
100091 28.76 101302.55 32.10 1526933.88 2
100091 28.76 101302.55 32.10 1526933.88 2
100091 28.76 101302.55 32.10 1526933.88 2
104340 28.66 101309.33 32.07 1367612.75 3
105090 28.84 101304.44 32.11 182661.44 4
105840 28.97 101305.88 32.13 177901.33 5
106340 29.01 101307.52 32.11 173736.00 6
107090 29.09 101309.14 32.12 34096.96 7
107840 29.18 101310.09 32.09 35965.16 8
109339 29.25 101314.15 32.03 38600.72 0
109589 29.20 101315.70 32.02 1726812.88 1
110839 28.81 101319.96 31.89 1598439.00 2
110839 28.81 101319.96 31.89 1598439.00 2
110839 28.81 101319.96 31.89 1598439.00 2
115088 28.71 101329.83 31.91 1424695.63 3
115838 28.89 101335.09 31.94 192589.81 4
116587 29.02 101337.32 31.98 183644.19 5
117087 29.06 101337.66 31.96 178833.39 6
117837 29.14 101335.23 31.94 34934.50 7
119337 29.28 101338.26 31.89 38357.80 9
120336 29.24 101338.76 31.83 1763616.75 1
121586 28.86 101336.03 31.75 1650614.50 2
121586 28.86 101336.03 31.75 1650614.50 2
121586 28.86 101336.03 31.75 1650614.50 2
121586 28.86 101336.03 31.75 1650614.50 2
125835 28.75 101344.08 31.75 1472322.13 3
126585 28.95 101345.57 31.81 197607.09 4
127085 29.06 101345.86 31.80 192807.38 5
127835 29.11 101348.07 31.80 183446.80 6
129334 29.28 101349.16 31.77 37647.06 8
130084 29.32 101348.88 31.72 38846.74 9
130834 29.29 101350.55 31.70 1816408.00 1
132333 28.91 101354.17 31.56 1688375.88 2
132333 28.91 101354.17 31.56 1688375.88 2
132333 28.91 101354.17 31.56 1688375.88 2
132333 28.91 101354.17 31.56 1688375.88 2
136582 28.80 101358.48 31.59 1524376.63 3
137332 29.00 101360.74 31.61 201337.00 4
137832 29.11 101362.76 31.65 197264.50 5
139331 29.24 101363.41 31.62 36178.63 7
140081 29.32 101363.56 31.61 38083.90 8
141331 29.39 101366.57 31.56 40660.74 0
141581 29.34 101368.43 31.53 1866059.25 1
143080 28.95 101369.54 31.41 1743349.63 2
143080 28.95 101369.54 31.41 1743349.63 2
143080 28.95 101369.54 31.41 1743349.63 2
147329 28.85 101372.84 31.47 1581772.50 3
147829 29.04 101372.87 31.49 206701.66 4
148579 29.16 101375.16 31.48 200391.39 5
149329 29.21 101376.60 31.47 196356.66 6
150079 29.29 101376.62 31.46 36644.72 7
151328 29.42 101376.77 31.39 40050.06 9
152328 29.38 101378.16 31.39 1923908.00 1
153828 29.00 101380.64 31.27 1778549.75 2
153828 29.00 101380.64 31.27 1778549.75 2
153828 29.00 101380.64 31.27 1778549.75 2
153828 29.00 101380.64 31.27 1778549.75 2
157826 28.89 101386.59 31.27 1605015.63 3
158576 29.08 101387.27 31.35 211046.98 4
159326 29.20 101388.86 31.35 205087.13 5
160076 29.24 101388.38 31.31 199338.14 6
161326 29.40 101389.73 31.32 39275.85 8
162076 29.45 101388.42 31.31 40429.56 9
163076 29.42 101391.43 31.24 1948620.38 1
164575 29.04 101394.73 31.14 1812790.50 2
164575 29.04 101394.73 31.14 1812790.50 2
164575 29.04 101394.73 31.14 1812790.50 2
168574 28.92 101394.99 31.16 1639711.75 3
169324 29.12 101396.23 31.21 212492.22 4
170073 29.23 101397.07 31.19 207961.00 5
170823 29.27 101398.42 31.21 203255.27 6
171573 29.35 101398.74 31.20 37613.87 7
172073 29.43 101387.55 31.18 39751.55 8
173573 29.50 101384.53 31.13 42022.32 0
173823 29.44 101386.68 31.09 1971126.13 1
175322 29.06 101388.72 31.03 1835948.00 2
175322 29.06 101388.72 31.03 1835948.00 2
175322 29.06 101388.72 31.03 1835948.00 2
179321 28.96 101401.24 31.02 1657628.50 3
180071 29.14 101401.45 31.08 217225.28 4
180820 29.26 101401.82 31.10 212360.02 5
181570 29.30 101402.72 31.08 205457.47 6
182070 29.38 101402.80 31.08 38016.04 7
183570 29.51 101401.74 31.05 41410.55 9
184570 29.48 101404.73 30.99 1995615.13 1
185819 29.09 101403.42 30.87 1864784.88 2
185819 29.09 101403.42 30.87 1864784.88 2
185819 29.09 101403.42 30.87 1864784.88 2
185819 29.09 101403.42 30.87 1864784.88 2
190068 28.98 101405.39 30.93 1692562.00 3
190818 29.17 101406.09 30.94 218616.56 4
191568 29.29 101407.19 30.98 212227.98 5
192068 29.33 101404.47 30.96 207581.59 6
193567 29.49 101405.95 30.95 40467.91 8
194317 29.53 101403.46 30.93 41450.78 9
195317 29.50 101405.28 30.87 2007351.13 1
196567 29.12 101407.42 30.78 1894542.13 2
196567 29.12 101407.42 30.78 1894542.13 2
196567 29.12 101407.42 30.78 1894542.13 2
200815 29.00 101408.52 30.83 1707378.13 3
201565 29.19 101408.04 30.86 220880.06 4
202315 29.30 101408.66 30.87 217363.61 5
202815 29.35 101409.91 30.86 209107.61 6
203565 29.43 101409.73 30.84 38846.74 7
204315 29.50 101406.17 30.84 40467.91 8
205814 29.59 101406.38 30.80 43039.68 0
206064 29.53 101408.47 30.78 2037304.13 1
207314 29.14 101409.49 30.66 1886688.13 2
207314 29.14 101409.49 30.66 1886688.13 2
207314 29.14 101409.49 30.66 1886688.13 2
211563 29.03 101406.85 30.68 1721370.00 3
212313 29.21 101406.13 30.77 224217.20 4
212813 29.33 101406.95 30.75 219178.08 5
213562 29.37 101407.66 30.77 212492.22 6
214312 29.44 101405.02 30.71 38988.73 7
215812 29.57 101402.07 30.70 42398.14 9
216812 29.54 101403.76 30.70 2063476.13 1
218061 29.16 101405.07 30.58 1905116.25 2
218061 29.16 101405.07 30.58 1905116.25 2
218061 29.16 101405.07 30.58 1905116.25 2
218061 29.16 101405.07 30.58 1905116.25 2
222310 29.04 101404.11 30.58 1736697.00 3
223060 29.23 101403.03 30.65 225699.80 4
223560 29.35 101403.38 30.68 223045.09 5
224310 29.38 101402.14 30.66 213823.34 6
225809 29.55 101400.55 30.64 41091.49 8
226309 29.60 101400.72 30.61 42567.34 9
227309 29.56 101399.94 30.56 2058808.75 1
228808 29.18 101402.82 30.48 1926622.75 2
228808 29.18 101402.82 30.48 1926622.75 2
228808 29.18 101402.82 30.48 1926622.75 2
228808 29.18 101402.82 30.48 1926622.75 2
233057 29.06 101397.73 30.51 1760206.25 3
233557 29.24 101397.20 30.54 226448.47 4
234307 29.36 101395.91 30.55 221309.70 5
235806 29.48 101392.80 30.54 39530.57 7
236556 29.57 101391.93 30.52 41370.39 8
237806 29.64 101392.70 30.48 43790.63 0
238056 29.58 101392.42 30.49 2085539.75 1
239556 29.19 101393.47 30.40 1941692.38 2
239556 29.19 101393.47 30.40 1941692.38 2
239556 29.19 101393.47 30.40 1941692.38 2
243804 29.08 101389.57 30.42 1760206.25 3
244304 29.26 101386.24 30.46 231831.56 4
245054 29.38 101384.85 30.46 223923.03 5
245804 29.42 101384.43 30.46 216673.72 6
247054 29.59 101383.13 30.46 41571.94 8
247804 29.63 101382.98 30.44 42823.69 9
248803 29.60 101382.13 30.38 2066599.38 1
250303 29.21 101384.09 30.28 1958403.00 2
250303 29.21 101384.09 30.28 1958403.00 2
250303 29.21 101384.09 30.28 1958403.00 2
250303 29.21 101384.09 30.28 1958403.00 2
254302 29.11 101378.87 30.33 1772776.50 3
255052 29.29 101378.49 30.37 232780.17 4
255801 29.40 101374.85 30.38 226598.81 5
256551 29.45 101374.70 30.36 222318.72 6
257801 29.61 101373.87 30.37 41775.46 8
258551 29.65 101372.99 30.36 43039.68 9
259551 29.62 101373.27 30.30 2104830.50 1
261050 29.23 101370.72 30.19 1950011.88 2
261050 29.23 101370.72 30.19 1950011.88 2
261050 29.23 101370.72 30.19 1950011.88 2
265049 29.12 101367.94 30.22 1775081.25 3
265799 29.30 101363.27 30.28 235024.09 4
266548 29.41 101361.85 30.28 227808.67 5
267298 29.46 101360.99 30.29 225252.97 6
267798 29.54 101360.38 30.27 40050.06 7
268548 29.63 101361.80 30.26 41734.59 8
270048 29.70 101360.96 30.24 43971.14 0
270298 29.63 101360.45 30.21 2072874.50 1
271547 29.25 101356.88 30.12 1932075.50 2
271547 29.25 101356.88 30.12 1932075.50 2
271547 29.25 101356.88 30.12 1932075.50 2
275796 29.13 101353.12 30.14 1777392.00 3
276546 29.32 101348.80 30.18 233736.59 4
277296 29.43 101349.63 30.19 228877.97 5
278045 29.48 101348.38 30.20 225104.42 6
278545 29.54 101345.56 30.21 40163.16 7
280045 29.68 101342.82 30.20 43214.04 9
281045 29.64 101343.71 30.12 2099974.25 1
282294 29.26 101341.98 30.03 1959808.63 2
282294 29.26 101341.98 30.03 1959808.63 2
282294 29.26 101341.98 30.03 1959808.63 2
282294 29.26 101341.98 30.03 1959808.63 2
286543 29.14 101333.58 30.08 1791384.25 3
287293 29.32 101331.28 30.12 237146.83 4
288043 29.45 101332.88 30.13 232621.53 5
289292 29.56 101328.01 30.11 40353.09 7
290042 29.65 101327.17 30.12 42146.86 8
290792 29.69 101326.77 30.08 43522.61 9
291792 29.66 101324.47 30.04 2099974.25 1
293041 29.28 101325.24 29.93 1966866.75 2
293041 29.28 101325.24 29.93 1966866.75 2
293041 29.28 101325.24 29.93 1966866.75 2
297290 29.16 101315.31 29.97 1802023.75 3
298040 29.34 101314.64 30.04 237311.70 4
298790 29.45 101312.39 30.06 232463.11 5
299290 29.50 101310.37 30.07 226598.81 6
300039 29.57 101307.50 30.07 40544.82 7
300789 29.66 101307.82 30.02 42188.53 8
302039 29.73 101304.75 30.01 44429.02 0
302539 29.67 101304.37 29.96 2087133.75 1
303789 29.28 101303.66 29.86 1971126.13 2
303789 29.28 101303.66 29.86 1971126.13 2
303789 29.28 101303.66 29.86 1971126.13 2
308037 29.16 101296.86 29.94 1798463.25 3
308787 29.34 101293.80 29.97 238973.16 4
309287 29.46 101290.72 29.96 231989.13 5
310037 29.50 101289.98 29.97 226448.47 6
310787 29.58 101289.13 29.98 40583.39 7
312286 29.71 101287.32 29.93 43567.05 9
313036 29.68 101286.17 29.91 2066599.38 1
314536 29.29 101285.11 29.81 1945843.25 2
314536 29.29 101285.11 29.81 1945843.25 2
314536 29.29 101285.11 29.81 1945843.25 2
314536 29.29 101285.11 29.81 1945843.25 2
318785 29.17 101277.41 29.86 1778549.75 3
319534 29.35 101272.89 29.88 237476.81 4
320034 29.46 101270.52 29.91 234217.75 5
320784 29.50 101270.54 29.90 228113.17 6
322284 29.67 101267.15 29.89 42272.13 8
322784 29.71 101264.40 29.87 43611.59 9
323783 29.68 101263.92 29.83 2101590.50 1
325283 29.29 101260.23 29.74 1966866.75 2
325283 29.29 101260.23 29.74 1966866.75 2
325283 29.29 101260.23 29.74 1966866.75 2
325283 29.29 101260.23 29.74 1966866.75 2
329532 29.18 101251.67 29.80 1800835.38 3
330032 29.36 101251.17 29.83 238973.16 4
330781 29.47 101250.85 29.86 234057.14 5
332281 29.59 101247.41 29.85 40816.33 7
333031 29.67 101249.33 29.84 42482.57 8
334281 29.74 101263.80 29.81 44521.74 0
334531 29.68 101263.51 29.77 2091930.50 1
336030 29.30 101249.24 29.69 1978266.13 2
336030 29.30 101249.24 29.69 1978266.13 2
336030 29.30 101249.24 29.69 1978266.13 2
340029 29.18 101229.83 29.73 1812790.50 3
340779 29.36 101227.52 29.75 240997.88 4
341528 29.47 101226.55 29.79 234539.63 5
342278 29.52 101224.45 29.79 230112.36 6
343528 29.68 101220.22 29.80 42567.34 8
344278 29.73 101220.51 29.75 43656.21 9
345277 29.69 101220.38 29.71 2099974.25 1
346777 29.31 101215.27 29.62 1988349.50 2
346777 29.31 101215.27 29.62 1988349.50 2
346777 29.31 101215.27 29.62 1988349.50 2
346777 29.31 101215.27 29.62 1988349.50 2
350776 29.18 101207.07 29.69 1827347.75 3
351526 29.36 101203.53 29.70 241168.16 4
352276 29.48 101203.20 29.72 234862.39 5
353026 29.52 101201.40 29.70 231360.14 6
354275 29.69 101200.18 29.72 42652.45 8
355025 29.73 101196.18 29.70 43611.59 9
356025 29.70 101195.06 29.65 2091930.50 1
357525 29.31 101187.85 29.55 1954198.50 2
357525 29.31 101187.85 29.55 1954198.50 2
357525 29.31 101187.85 29.55 1954198.50 2
361523 29.18 101177.73 29.61 1804405.25 3
362273 29.37 101175.02 29.62 242194.89 4
363023 29.48 101176.73 29.67 235673.19 5
363773 29.52 101174.72 29.65 231674.20 6
364273 29.60 101171.60 29.63 41051.96 7
365023 29.68 101169.94 29.66 42737.90 8
366522 29.76 101167.10 29.60 44661.55 0
366772 29.70 101168.44 29.57 2098360.75 1
368022 29.31 101164.07 29.49 1955598.00 2
368022 29.31 101164.07 29.49 1955598.00 2
368022 29.31 101164.07 29.49 1955598.00 2
372271 29.19 101154.77 29.54 1798463.25 3
373020 29.37 101153.51 29.58 240658.05 4
373770 29.48 101151.89 29.60 235836.02 5
374270 29.52 101150.59 29.58 230734.56 6
375020 29.60 101147.17 29.60 40894.57 7
376520 29.73 101145.91 29.56 43880.70 9
377519 29.70 101145.38 29.53 2066599.38 1
378769 29.31 101140.12 29.44 1944457.63 2
378769 29.31 101140.12 29.44 1944457.63 2
378769 29.31 101140.12 29.44 1944457.63 2
378769 29.31 101140.12 29.44 1944457.63 2
383018 29.19 101129.16 29.51 1785527.50 3
383768 29.37 101128.31 29.53 238305.80 4
384518 29.49 101128.83 29.54 236982.19 5
385018 29.53 101126.47 29.56 230423.05 6
386517 29.69 101123.93 29.53 42823.69 8
387267 29.74 101122.86 29.53 44107.51 9
388267 29.70 101121.41 29.44 2069732.25 1
389516 29.32 101117.65 29.41 1925264.38 2
389516 29.32 101117.65 29.41 1925264.38 2
389516 29.32 101117.65 29.41 1925264.38 2
393765 29.20 101108.92 29.42 1776235.88 3
394515 29.38 101105.12 29.47 242366.86 4
395015 29.49 101106.03 29.49 235348.20 5
395765 29.53 101102.89 29.46 231046.94 6
396514 29.61 101101.49 29.50 41051.96 7
397264 29.70 101099.41 29.49 42652.45 8
398764 29.70 101095.44 29.41 2035785.25 1
400263 29.32 101091.35 29.34 1918501.13 2
400263 29.32 101091.35 29.34 1918501.13 2
400263 29.32 101091.35 29.34 1918501.13 2
400263 29.32 101091.35 29.34 1918501.13 2
404512 29.19 101080.66 29.37 1778549.75 3
405262 29.37 101078.63 29.42 240488.50 4
405762 29.48 101078.05 29.44 234057.14 5
406512 29.53 101074.92 29.45 230423.05 6
407261 29.61 101072.35 29.44 41051.96 7
408511 29.75 101067.09 29.39 43745.73 9
409511 29.71 101066.15 29.36 2082358.88 1
411011 29.32 101065.91 29.29 1958403.00 2
411011 29.32 101065.91 29.29 1958403.00 2
411011 29.32 101065.91 29.29 1958403.00 2
411011 29.32 101065.91 29.29 1958403.00 2
415259 29.20 101055.35 29.33 1797279.50 3
415759 29.38 101053.74 29.40 241509.44 4
416509 29.50 101048.70 29.40 237807.70 5
417259 29.54 101045.52 29.35 231674.20 6
418759 29.70 101042.53 29.35 42524.92 8
419259 29.75 101041.80 29.38 43880.70 9
420258 29.72 101040.53 29.32 2026719.50 1
421758 29.32 101036.92 29.24 1915809.13 2
421758 29.32 101036.92 29.24 1915809.13 2
421758 29.32 101036.92 29.24 1915809.13 2
421758 29.32 101036.92 29.24 1915809.13 2
426007 29.20 101027.50 29.26 1761341.63 3
426506 29.39 101023.52 29.36 239981.25 4
427256 29.50 101020.01 29.35 236982.19 5
428756 29.62 101017.83 29.37 41012.50 7
429256 29.70 101015.99 29.33 42524.92 8
430755 29.77 101010.52 29.32 44521.74 0
431005 29.71 101012.59 29.26 2068164.63 1
432505 29.32 101006.55 29.17 1938934.88 2
432505 29.32 101006.55 29.17 1938934.88 2
432505 29.32 101006.55 29.17 1938934.88 2
436504 29.21 100998.28 29.21 1796097.38 3
437254 29.38 100995.34 29.27 242023.16 4
438004 29.49 100995.46 29.29 235510.58 5
438754 29.54 100992.34 29.27 231517.06 6
439503 29.62 100991.23 29.28 40816.33 7
440753 29.75 100987.16 29.26 43522.61 9
441753 29.71 100984.64 29.20 2055708.88 1
443252 29.33 100983.98 29.14 1926622.75 2
443252 29.33 100983.98 29.14 1926622.75 2
443252 29.33 100983.98 29.14 1926622.75 2
443252 29.33 100983.98 29.14 1926622.75 2
447251 29.20 100974.77 29.18 1783195.50 3
448001 29.38 100971.84 29.23 240997.88 4
448751 29.49 100969.89 29.24 237807.70 5
450001 29.62 100965.48 29.27 40894.57 7
450750 29.70 100965.02 29.22 42737.90 8
451500 29.75 100964.30 29.20 43745.73 9
452500 29.71 100961.88 29.17 2054162.50 1
453750 29.32 100959.92 29.09 1936185.25 2
453750 29.32 100959.92 29.09 1936185.25 2
453750 29.32 100959.92 29.09 1936185.25 2
457998 29.20 100951.29 29.13 1778549.75 3
458748 29.38 100947.01 29.20 240150.09 4
459498 29.49 100944.47 29.21 235673.19 5
460248 29.54 100943.99 29.18 231517.06 6
460748 29.62 100942.27 29.19 40894.57 7
461498 29.70 100940.45 29.19 42823.69 8
462997 29.77 100937.18 29.13 44521.74 0
463247 29.71 100937.87 29.14 2051076.63 1
464497 29.32 100932.72 29.05 1927983.00 2
464497 29.32 100932.72 29.05 1927983.00 2
464497 29.32 100932.72 29.05 1927983.00 2
468746 29.20 100921.40 29.11 1783195.50 3
469496 29.38 100919.10 29.13 239981.25 4
470245 29.49 100918.16 29.16 236325.88 5
470745 29.53 100916.73 29.16 232939.03 6
471495 29.61 100914.52 29.16 40973.11 7
472995 29.74 100912.23 29.14 43835.62 9
473994 29.71 100910.99 29.09 2034268.63 1
475244 29.32 100908.51 29.05 1921200.75 2
475244 29.32 100908.51 29.05 1921200.75 2
475244 29.32 100908.51 29.05 1921200.75 2
475244 29.32 100908.51 29.05 1921200.75 2
479493 29.20 100897.43 29.08 1769330.50 3
480243 29.37 100895.71 29.08 242023.16 4
480743 29.48 100894.82 29.11 236162.36 5
481493 29.53 100893.65 29.13 232304.91 6
482992 29.69 100888.53 29.10 42609.86 8
483742 29.74 100888.42 29.10 43567.05 9
484742 29.70 100885.63 29.04 2043402.38 1
485991 29.31 100883.92 28.96 1925264.38 2
485991 29.31 100883.92 28.96 1925264.38 2
485991 29.31 100883.92 28.96 1925264.38 2
485991 29.31 100883.92 28.96 1925264.38 2
490240 29.18 100874.31 29.03 1778549.75 3
490990 29.37 100872.22 29.06 239981.25 4
491490 29.48 100870.85 29.06 237642.14 5
492990 29.60 100866.48 29.08 41051.96 7
493739 29.68 100865.05 29.09 42567.34 8
495239 29.70 100863.90 29.01 2007351.13 1
496738 29.30 100859.89 28.91 1895857.50 2
496738 29.30 100859.89 28.91 1895857.50 2
496738 29.30 100859.89 28.91 1895857.50 2
496738 29.30 100859.89 28.91 1895857.50 2
500987 29.18 100852.98 28.98 1753424.63 3
501487 29.36 100849.51 29.03 241168.16 4
502237 29.47 100848.59 29.07 235510.58 5
502987 29.51 100847.83 29.03 231989.13 6
503737 29.59 100848.00 29.01 40973.11 7
504986 29.72 100843.69 29.02 43434.00 9
505986 29.69 100842.22 29.00 2008827.88 1
507486 29.30 100840.40 28.88 1901137.13 2
507486 29.30 100840.40 28.88 1901137.13 2
507486 29.30 100840.40 28.88 1901137.13 2
507486 29.30 100840.40 28.88 1901137.13 2
511734 29.17 100830.25 28.95 1753424.63 3
512234 29.35 100827.77 28.99 239476.14 4
512984 29.47 100827.36 29.02 235999.08 5
513734 29.51 100824.66 28.99 232463.11 6
514984 29.68 100822.19 29.02 42567.34 8
515734 29.72 100819.67 28.99 43170.32 9
516733 29.68 100817.45 28.94 2004404.25 1
518233 29.30 100814.17 28.86 1885385.50 2
518233 29.30 100814.17 28.86 1885385.50 2
518233 29.30 100814.17 28.86 1885385.50 2
522232 29.18 100804.52 28.93 1714883.88 3
522982 29.36 100801.98 28.96 237311.70 4
523731 29.48 100801.95 28.93 235836.02 5
524481 29.52 100799.56 28.96 230423.05 6
525231 29.59 100795.64 28.97 40777.32 7
525731 29.68 100797.31 28.96 42188.53 8
527231 29.76 100792.93 28.91 43971.14 0
527480 29.69 100791.80 28.92 1976834.00 1
528980 29.30 100789.31 28.83 1863512.25 2
528980 29.30 100789.31 28.83 1863512.25 2
528980 29.30 100789.31 28.83 1863512.25 2
532979 29.19 100782.11 28.87 1737802.25 3
533729 29.36 100779.73 28.90 237146.83 4
534478 29.48 100779.11 28.92 233098.11 5
535228 29.52 100778.00 28.90 230423.05 6
535728 29.60 100775.66 28.94 40738.38 7
537228 29.73 100773.80 28.91 43039.68 9
538227 29.70 100771.10 28.86 1968284.50 1
539727 29.31 100768.26 28.77 1857175.25 2
539727 29.31 100768.26 28.77 1857175.25 2
539727 29.31 100768.26 28.77 1857175.25 2
539727 29.31 100768.26 28.77 1857175.25 2
543726 29.19 100756.99 28.84 1714883.88 3
544476 29.37 100754.84 28.86 236982.19 4
545226 29.48 100752.41 28.86 234700.89 5
546475 29.61 100751.27 28.87 40583.39 7
547225 29.69 100749.24 28.88 42105.26 8
547975 29.74 100747.52 28.88 43214.04 9
548974 29.70 100746.22 28.83 1950011.88 1
550224 29.32 100744.40 28.78 1838420.13 2
550224 29.32 100744.40 28.78 1838420.13 2
550224 29.32 100744.40 28.78 1838420.13 2
554473 29.19 100734.50 28.77 1715961.50 3
555223 29.37 100733.94 28.82 236653.58 4
555973 29.48 100733.63 28.85 231989.13 5
556472 29.53 100733.36 28.84 230734.56 6
557222 29.61 100729.85 28.84 40506.33 7
557972 29.69 100726.52 28.85 41898.53 8
559472 29.77 100726.20 28.81 43835.62 0
559722 29.71 100725.42 28.75 1934813.38 1
560971 29.32 100724.57 28.71 1828571.38 2
560971 29.32 100724.57 28.71 1828571.38 2
560971 29.32 100724.57 28.71 1828571.38 2
565220 29.20 100714.41 28.70 1698880.13 3
565970 29.38 100711.72 28.79 236325.88 4
566720 29.48 100708.36 28.80 231989.13 5
567220 29.53 100706.55 28.82 229802.52 6
567969 29.61 100704.27 28.80 40583.39 7
569469 29.73 100701.48 28.77 42953.02 9
570469 29.71 100700.48 28.75 1918501.13 1
571719 29.32 100700.36 28.66 1832252.25 2
571719 29.32 100700.36 28.66 1832252.25 2
571719 29.32 100700.36 28.66 1832252.25 2
571719 29.32 100700.36 28.66 1832252.25 2
575967 29.19 100692.29 28.70 1674913.13 3
576717 29.38 100688.18 28.74 235024.09 4
577217 29.49 100685.49 28.75 231831.56 5
577967 29.53 100685.61 28.74 227505.00 6
579466 29.70 100683.88 28.77 41857.42 8
580216 29.75 100684.18 28.75 42823.69 9
580966 29.71 100679.91 28.68 1929345.25 1
582465 29.32 100677.38 28.61 1796097.38 2
582465 29.32 100677.38 28.61 1796097.38 2
582465 29.32 100677.38 28.61 1796097.38 2
582465 29.32 100677.38 28.61 1796097.38 2
586714 29.20 100672.21 28.67 1684210.50 3
587464 29.38 100668.20 28.69 233736.59 4
587964 29.49 100665.09 28.72 231203.44 5
589463 29.61 100663.45 28.71 40467.91 7
590213 29.70 100663.31 28.73 41612.48 8
591463 29.77 100657.48 28.68 43567.05 0
591713 29.71 100658.16 28.68 1894542.13 1
593213 29.32 100656.63 28.59 1794916.75 2
593213 29.32 100656.63 28.59 1794916.75 2
593213 29.32 100656.63 28.59 1794916.75 2
597461 29.20 100649.29 28.66 1666734.50 3
597961 29.38 100646.98 28.69 232146.91 4
598711 29.49 100646.08 28.70 230423.05 5
599461 29.53 100644.77 28.68 226448.47 6
600211 29.61 100642.45 28.68 40467.91 7
601460 29.74 100637.80 28.67 42695.13 9
602460 29.71 100639.18 28.62 1864784.88 1
603959 29.32 100637.59 28.53 1785527.50 2
603959 29.32 100637.59 28.53 1785527.50 2
603959 29.32 100637.59 28.53 1785527.50 2
603959 29.32 100637.59 28.53 1785527.50 2
608208 29.19 100629.41 28.61 1654615.25 3
608708 29.37 100626.68 28.61 232621.53 4
609458 29.49 100627.20 28.65 229493.50 5
610208 29.53 100624.13 28.65 225401.72 6
611457 29.69 100620.97 28.65 41531.47 8
612207 29.74 100618.65 28.64 42737.90 9
613207 29.71 100617.86 28.59 1862241.38 1
614706 29.32 100615.98 28.50 1761341.63 2
614706 29.32 100615.98 28.50 1761341.63 2
614706 29.32 100615.98 28.50 1761341.63 2
618705 29.19 100609.29 28.55 1633825.25 3
619455 29.37 100608.60 28.60 230423.05 4
620205 29.48 100604.61 28.61 229031.53 5
620955 29.52 100604.01 28.63 225550.66 6
621705 29.60 100603.23 28.63 40201.00 7
622205 29.69 100601.16 28.62 41450.78 8
623704 29.76 100600.19 28.59 43083.14 0
623954 29.70 100600.23 28.56 1838420.13 1
625453 29.31 100599.02 28.49 1759072.38 2
625453 29.31 100599.02 28.49 1759072.38 2
625453 29.31 100599.02 28.49 1759072.38 2
629452 29.19 100591.11 28.53 1650614.50 3
630202 29.37 100585.93 28.56 230423.05 4
630952 29.48 100585.34 28.57 226598.81 5
631702 29.52 100583.15 28.57 225252.97 6
632202 29.61 100583.77 28.58 40163.16 7
633701 29.73 100580.98 28.55 42188.53 9
634701 29.70 100579.39 28.53 1834714.50 1
635951 29.31 100575.84 28.42 1742237.38 2
635951 29.31 100575.84 28.42 1742237.38 2
635951 29.31 100575.84 28.42 1742237.38 2
635951 29.31 100575.84 28.42 1742237.38 2
640200 29.19 100572.47 28.50 1622178.25 3
640949 29.37 100567.66 28.54 229802.52 4
641699 29.48 100568.50 28.54 228265.72 5
642449 29.52 100567.29 28.55 224659.94 6
643699 29.69 100565.45 28.57 41250.40 8
644449 29.73 100562.59 28.53 42440.32 9
645448 29.70 100561.91 28.49 1829796.75 1
646698 29.30 100558.78 28.40 1742237.38 2
646698 29.30 100558.78 28.40 1742237.38 2
646698 29.30 100558.78 28.40 1742237.38 2
650947 29.18 100552.19 28.47 1626042.13 3
651697 29.36 100549.19 28.51 228418.47 4
652446 29.48 100549.41 28.51 225699.80 5
652946 29.52 100546.39 28.53 222029.48 6
653696 29.60 100546.32 28.54 39640.75 7
654446 29.68 100544.55 28.51 41290.32 8
655946 29.75 100541.74 28.46 42953.02 0
656196 29.70 100542.66 28.46 1826125.75 1
657445 29.30 100539.09 28.39 1734490.75 2
657445 29.30 100539.09 28.39 1734490.75 2
657445 29.30 100539.09 28.39 1734490.75 2
661694 29.17 100533.05 28.43 1614505.38 3
662444 29.34 100532.33 28.48 230267.59 4
663193 29.46 100530.84 28.50 228265.72 5
663693 29.50 100529.41 28.49 223923.03 6
664443 29.57 100528.27 28.51 39825.76 7
665943 29.70 100525.12 28.49 42063.75 9
666943 29.68 100524.94 28.44 1782031.75 1
668192 29.28 100523.44 28.34 1713807.50 2
668192 29.28 100523.44 28.34 1713807.50 2
668192 29.28 100523.44 28.34 1713807.50 2
668192 29.28 100523.44 28.34 1713807.50 2
672441 29.15 100514.81 28.43 1601251.00 3
673191 29.33 100515.34 28.47 229957.33 4
673691 29.45 100512.55 28.48 226448.47 5
674441 29.48 100511.50 28.50 222899.44 6
675940 29.65 100509.27 28.48 41370.39 8
676690 29.70 100509.71 28.47 42063.75 9
677440 29.66 100509.69 28.43 1805598.38 1
678940 29.27 100507.09 28.34 1717040.50 2
678940 29.27 100507.09 28.34 1717040.50 2
678940 29.27 100507.09 28.34 1717040.50 2
678940 29.27 100507.09 28.34 1717040.50 2
683188 29.14 100501.52 28.41 1604072.88 3
683688 29.32 100499.57 28.44 228265.72 4
684438 29.43 100499.78 28.46 225998.67 5
685938 29.55 100496.41 28.47 39714.55 7
686688 29.64 100497.16 28.47 41091.49 8
687938 29.71 100495.47 28.42 42695.13 0
688187 29.66 100497.12 28.39 1797279.50 1
689687 29.26 100491.90 28.32 1708446.25 2
689687 29.26 100491.90 28.32 1708446.25 2
689687 29.26 100491.90 28.32 1708446.25 2
693936 29.13 100486.85 28.36 1589136.75 3
694436 29.32 100484.77 28.44 229031.53 4
695185 29.43 100484.17 28.42 225699.80 5
695935 29.48 100483.83 28.42 222463.61 6
697185 29.63 100481.98 28.45 41131.11 8
697935 29.68 100479.64 28.41 42146.86 9
698934 29.65 100479.97 28.40 1756808.88 1
700434 29.25 100475.10 28.31 1707378.13 2
700434 29.25 100475.10 28.31 1707378.13 2
700434 29.25 100475.10 28.31 1707378.13 2
700434 29.25 100475.10 28.31 1707378.13 2
704433 29.13 100470.29 28.34 1582689.38 3
705183 29.30 100467.96 28.38 227656.73 4
705932 29.42 100468.08 28.42 223483.19 5
706682 29.47 100467.11 28.42 220167.70 6
707932 29.63 100464.48 28.42 41012.50 8
708682 29.68 100463.94 28.39 41816.40 9
709681 29.65 100463.05 28.35 1762478.50 1
711181 29.25 100459.77 28.29 1671836.75 2
711181 29.25 100459.77 28.29 1671836.75 2
711181 29.25 100459.77 28.29 1671836.75 2
715180 29.14 100454.01 28.33 1572662.75 3
715930 29.31 100451.80 28.37 227656.73 4
716679 29.43 100452.32 28.39 224217.20 5
717429 29.46 100449.33 28.39 220167.70 6
717929 29.54 100448.39 28.38 39239.73 7
718679 29.63 100447.13 28.39 40777.32 8
720178 29.70 100443.63 28.34 42440.32 0
720428 29.65 100444.28 28.36 1753424.63 1
721678 29.25 100439.50 28.26 1665717.75 2
721678 29.25 100439.50 28.26 1665717.75 2
721678 29.25 100439.50 28.26 1665717.75 2
725927 29.13 100432.90 28.30 1576294.00 3
726677 29.30 100431.50 28.31 224364.59 4
727427 29.42 100430.97 28.36 222608.70 5
728176 29.46 100429.90 28.34 221166.31 6
728676 29.54 100427.55 28.38 39677.62 7
730176 29.67 100426.38 28.37 41491.09 9
731176 29.64 100427.09 28.32 1734490.75 1
732425 29.24 100423.53 28.21 1665717.75 2
732425 29.24 100423.53 28.21 1665717.75 2
732425 29.24 100423.53 28.21 1665717.75 2
732425 29.24 100423.53 28.21 1665717.75 2
736674 29.13 100416.65 28.28 1561868.50 3
737424 29.30 100415.81 28.31 225104.42 4
738174 29.41 100413.32 28.35 222318.72 5
738674 29.45 100413.17 28.34 219318.91 6
740173 29.62 100410.20 28.35 40583.39 8
740923 29.67 100410.24 28.35 41330.32 9
741923 29.63 100408.18 28.29 1734490.75 1
743172 29.24 100407.80 28.20 1639711.75 2
743172 29.24 100407.80 28.20 1639711.75 2
743172 29.24 100407.80 28.20 1639711.75 2
747421 29.11 100402.64 28.25 1545077.38 3
748171 29.29 100399.67 28.29 223629.61 4
748921 29.40 100397.55 28.33 221885.16 5
749421 29.45 100398.05 28.33 217640.81 6
750171 29.52 100396.45 28.32 39348.29 7
750920 29.61 100397.38 28.33 40544.82 8
752170 29.68 100397.12 28.29 42105.26 0
752670 29.62 100396.26 28.26 1710586.75 1
753920 29.23 100392.57 28.19 1643659.75 2
753920 29.23 100392.57 28.19 1643659.75 2
753920 29.23 100392.57 28.19 1643659.75 2
758168 29.11 100386.21 28.24 1527788.13 3
758918 29.28 100384.63 28.26 223045.09 4
759418 29.39 100383.72 28.28 219178.08 5
760168 29.44 100383.15 28.29 218057.92 6
760918 29.51 100381.61 28.29 39239.73 7
762417 29.65 100383.79 28.30 41491.09 9
763167 29.61 100387.46 28.25 1713807.50 1
764666 29.22 100385.08 28.18 1639711.75 2
764666 29.22 100385.08 28.18 1639711.75 2
764666 29.22 100385.08 28.18 1639711.75 2
764666 29.22 100385.08 28.18 1639711.75 2
768915 29.09 100373.81 28.22 1538114.88 3
769415 29.27 100371.75 28.26 222174.00 4
770165 29.39 100371.72 28.28 220737.23 5
770915 29.43 100370.78 28.31 218616.56 6
772414 29.59 100365.35 28.30 40467.91 8
772914 29.63 100361.52 28.29 41410.55 9
773914 29.60 100361.34 28.24 1696768.88 1
775414 29.21 100363.91 28.16 1626042.13 2
775414 29.21 100363.91 28.16 1626042.13 2
775414 29.21 100363.91 28.16 1626042.13 2
775414 29.21 100363.91 28.16 1626042.13 2
779662 29.08 100359.44 28.21 1514232.88 3
780162 29.26 100358.79 28.24 221885.16 4
780912 29.37 100357.53 28.25 219884.05 5
782412 29.49 100354.58 28.30 38846.74 7
782912 29.58 100351.51 28.29 40429.56 8
784411 29.65 100348.49 28.24 41857.42 0
784661 29.59 100351.56 28.21 1678000.88 1
786161 29.20 100351.68 28.12 1604072.88 2
786161 29.20 100351.68 28.12 1604072.88 2
786161 29.20 100351.68 28.12 1604072.88 2
790160 29.07 100344.85 28.19 1516756.13 3
790910 29.25 100343.91 28.24 221597.06 4
791659 29.36 100342.32 28.25 218476.64 5
792409 29.40 100340.69 28.27 216261.88 6
793659 29.56 100334.95 28.22 40467.91 8
794409 29.61 100332.98 28.26 41170.79 9
795408 29.57 100333.39 28.23 1671836.75 1
796908 29.18 100335.66 28.12 1613551.25 2
796908 29.18 100335.66 28.12 1613551.25 2
796908 29.18 100335.66 28.12 1613551.25 2
796908 29.18 100335.66 28.12 1613551.25 2
800907 29.06 100330.41 28.18 1513393.63 3
801657 29.23 100329.01 28.20 219884.05 4
802407 29.35 100323.70 28.23 218756.67 5
803656 29.46 100321.59 28.24 38776.13 7
804406 29.55 100320.47 28.23 40163.16 8
805156 29.60 100321.30 28.24 41131.11 9
806156 29.56 100319.14 28.18 1669792.13 1
807655 29.17 100320.03 28.15 1602190.50 2
807655 29.17 100320.03 28.15 1602190.50 2
807655 29.17 100320.03 28.15 1602190.50 2
811654 29.04 100317.66 28.17 1500916.13 3
812404 29.22 100315.27 28.18 220309.81 4
813154 29.34 100312.29 28.22 218476.64 5
813904 29.38 100311.80 28.22 215715.19 6
814404 29.45 100310.52 28.24 38882.14 7
815153 29.54 100310.14 28.22 40353.09 8
816653 29.61 100308.84 28.18 41857.42 0
816903 29.55 100308.27 28.17 1676970.38 1
818153 29.16 100309.38 28.09 1584526.13 2
818153 29.16 100309.38 28.09 1584526.13 2
818153 29.16 100309.38 28.09 1584526.13 2
822402 29.04 100307.53 28.14 1475504.38 3
823151 29.21 100302.67 28.18 218756.67 4
823901 29.32 100300.30 28.21 217640.81 5
824401 29.37 100299.96 28.23 213689.48 6
825151 29.44 100297.37 28.18 38740.92 7
826650 29.57 100297.11 28.20 41131.11 9
827650 29.55 100296.49 28.16 1664702.25 1
828900 29.15 100294.00 28.09 1577204.50 2
828900 29.15 100294.00 28.09 1577204.50 2
828900 29.15 100294.00 28.09 1577204.50 2
828900 29.15 100294.00 28.09 1577204.50 2
833149 29.03 100291.27 28.14 1467574.38 3
833899 29.21 100286.88 28.16 218756.67 4
834648 29.33 100285.89 28.19 215715.19 5
835148 29.37 100285.20 28.18 214091.58 6
836648 29.52 100279.55 28.23 40201.00 8
837397 29.57 100279.98 28.21 41012.50 9
838397 29.54 100280.95 28.16 1645640.88 1
839647 29.16 100278.65 28.07 1582689.38 2
839647 29.16 100278.65 28.07 1582689.38 2
839647 29.16 100278.65 28.07 1582689.38 2
843896 29.03 100275.54 28.11 1455062.13 3
844646 29.21 100273.02 28.12 218616.56 4
845146 29.32 100273.38 28.18 216398.98 5
845895 29.37 100270.91 28.16 212360.02 6
846645 29.44 100269.81 28.20 38776.13 7
847395 29.53 100265.96 28.16 39825.76 8
848895 29.55 100266.55 28.12 1627010.88 1
850394 29.16 100265.01 28.01 1568147.00 2
850394 29.16 100265.01 28.01 1568147.00 2
850394 29.16 100265.01 28.01 1568147.00 2
850394 29.16 100265.01 28.01 1568147.00 2
854643 29.04 100261.48 28.09 1456614.50 3
855393 29.21 100260.19 28.13 217779.67 4
855893 29.33 100260.49 28.15 215171.25 5
856643 29.38 100260.17 28.14 213957.38 6
857392 29.45 100257.89 28.15 38846.74 7
858642 29.58 100254.32 28.14 40622.02 9
859642 29.55 100253.04 28.10 1626042.13 1
861141 29.16 100255.94 28.03 1541588.25 2
861141 29.16 100255.94 28.03 1541588.25 2
861141 29.16 100255.94 28.03 1541588.25 2
861141 29.16 100255.94 28.03 1541588.25 2
865390 29.04 100249.46 28.05 1436688.88 3
865890 29.23 100247.79 28.11 215851.61 4
866640 29.33 100246.49 28.11 214630.06 5
867390 29.38 100244.66 28.14 210916.58 6
868889 29.54 100241.20 28.13 39751.55 8
869389 29.58 100241.58 28.12 40622.02 9
870389 29.55 100242.01 28.06 1628952.13 1
871889 29.17 100243.76 27.99 1556526.75 2
871889 29.17 100243.76 27.99 1556526.75 2
871889 29.17 100243.76 27.99 1556526.75 2
875887 29.04 100237.84 28.04 1441238.63 3
876637 29.22 100236.41 28.09 216673.72 4
877387 29.34 100234.25 28.10 213689.48 5
878137 29.38 100234.13 28.10 212096.11 6
878887 29.46 100232.39 28.09 38600.72 7
879387 29.54 100232.85 28.08 39937.60 8
880886 29.62 100231.09 28.08 41410.55 0
881136 29.56 100230.96 28.03 1621215.13 1
882636 29.17 100231.16 27.95 1554754.25 2
882636 29.17 100231.16 27.95 1554754.25 2
882636 29.17 100231.16 27.95 1554754.25 2
886635 29.04 100226.00 27.99 1432167.88 3
887385 29.22 100225.99 28.04 216261.88 4
888134 29.34 100223.96 28.08 214360.48 5
888884 29.38 100222.63 28.07 210786.33 6
889634 29.46 100221.14 28.06 38496.24 7
890884 29.59 100220.91 28.08 40622.02 9
891884 29.55 100220.66 28.01 1596569.88 1
893383 29.17 100220.30 27.94 1530356.75 2
893383 29.17 100220.30 27.94 1530356.75 2
893383 29.17 100220.30 27.94 1530356.75 2
893383 29.17 100220.30 27.94 1530356.75 2
897382 29.05 100216.04 27.97 1420249.63 3
898132 29.23 100214.16 28.02 214630.06 4
898882 29.34 100213.99 28.05 214091.58 5
900131 29.46 100211.34 28.06 38565.83 7
900881 29.54 100212.54 28.07 39384.62 8
901631 29.59 100211.88 28.04 40544.82 9
902631 29.55 100210.60 27.97 1580856.75 1
903880 29.17 100208.95 27.94 1516756.13 2
903880 29.17 100208.95 27.94 1516756.13 2
903880 29.17 100208.95 27.94 1516756.13 2
908129 29.04 100207.10 27.95 1409982.75 3
908879 29.23 100203.41 28.02 213689.48 4
909629 29.34 100203.13 28.01 212227.98 5
910129 29.38 100201.16 28.01 208979.59 6
910879 29.46 100200.41 28.01 38426.90 7
911629 29.54 100200.19 28.02 39603.96 8
913128 29.61 100199.19 28.01 41091.49 0
913378 29.55 100200.19 27.95 1582689.38 1
914628 29.17 100196.69 27.88 1535520.13 2
914628 29.17 100196.69 27.88 1535520.13 2
914628 29.17 100196.69 27.88 1535520.13 2
918876 29.04 100193.62 27.94 1427675.13 3
919626 29.22 100191.00 27.98 213288.89 4
920376 29.34 100191.00 27.99 211177.56 5
920876 29.38 100191.07 27.99 208341.81 6
921626 29.45 100189.22 28.01 38426.90 7
923125 29.58 100187.79 27.99 40429.56 9
924125 29.55 100187.98 27.95 1565450.00 1
925375 29.17 100186.53 27.87 1504223.25 2
925375 29.17 100186.53 27.87 1504223.25 2
925375 29.17 100186.53 27.87 1504223.25 2
925375 29.17 100186.53 27.87 1504223.25 2
929623 29.04 100180.71 27.91 1392723.63 3
930373 29.22 100183.77 27.95 214360.48 4
930873 29.33 100181.34 27.97 211308.30 5
931623 29.38 100180.60 27.96 209235.80 6
933122 29.54 100177.15 27.96 39239.73 8
933872 29.58 100178.06 27.97 40353.09 9
934622 29.55 100177.11 27.94 1572662.75 1
936122 29.16 100173.67 27.86 1512555.38 2
936122 29.16 100173.67 27.86 1512555.38 2
936122 29.16 100173.67 27.86 1512555.38 2
936122 29.16 100173.67 27.86 1512555.38 2
940370 29.04 100174.83 27.90 1402739.75 3
941120 29.22 100175.01 27.93 212757.11 4
942370 29.38 100173.24 27.95 208214.72 6
943120 29.45 100170.46 27.98 38323.35 7
944369 29.59 100170.10 27.93 40506.33 9
945369 29.55 100170.38 27.92 1574476.25 1
946869 29.16 100169.91 27.87 1477100.63 2
946869 29.16 100169.91 27.87 1477100.63 2
946869 29.16 100169.91 27.87 1477100.63 2
946869 29.16 100169.91 27.87 1477100.63 2
951117 29.04 100166.23 27.88 1394145.63 3
951617 29.21 100165.63 27.90 212624.58 4
952367 29.33 100165.34 27.93 210786.33 5
953117 29.37 100165.55 27.94 208851.72 6
953867 29.45 100162.32 27.94 38323.35 7
955117 29.58 100161.42 27.91 40353.09 9
956116 29.55 100161.24 27.90 1564553.13 1
957616 29.16 100161.88 27.82 1505882.38 2
957616 29.16 100161.88 27.82 1505882.38 2
957616 29.16 100161.88 27.82 1505882.38 2
957616 29.16 100161.88 27.82 1505882.38 2
961865 29.04 100158.29 27.87 1394145.63 3
962365 29.21 100157.39 27.88 212757.11 4
963115 29.32 100156.69 27.92 211964.39 5
963864 29.37 100156.35 27.92 209107.61 6
965114 29.53 100153.55 27.92 39203.68 8
965864 29.57 100153.82 27.89 40125.39 9
966864 29.54 100153.33 27.87 1573569.00 1
968363 29.16 100153.54 27.78 1475504.38 2
968363 29.16 100153.54 27.78 1475504.38 2
968363 29.16 100153.54 27.78 1475504.38 2
972362 29.03 100147.52 27.81 1395570.75 3
973112 29.21 100148.23 27.89 213555.78 4
973862 29.33 100147.02 27.91 212227.98 5
974612 29.38 100145.79 27.90 207961.00 6
975362 29.45 100144.39 27.91 38152.01 7
975862 29.53 100143.73 27.89 39348.29 8
977361 29.60 100141.61 27.85 40933.80 0
977611 29.55 100142.09 27.87 1570853.25 1
979111 29.16 100142.41 27.77 1473911.50 2
979111 29.16 100142.41 27.77 1473911.50 2
979111 29.16 100142.41 27.77 1473911.50 2
983110 29.03 100140.50 27.82 1392723.63 3
983860 29.21 100138.59 27.84 213689.48 4
984609 29.32 100138.81 27.88 210916.58 5
985359 29.37 100138.20 27.89 208087.78 6
985859 29.45 100136.74 27.89 38117.93 7
987359 29.57 100135.16 27.89 40087.69 9
988358 29.55 100136.98 27.82 1569950.13 1
989858 29.16 100135.03 27.76 1503395.13 2
989858 29.16 100135.03 27.76 1503395.13 2
989858 29.16 100135.03 27.76 1503395.13 2
989858 29.16 100135.03 27.76 1503395.13 2
993857 29.03 100133.13 27.81 1396998.63 3
994607 29.20 100132.42 27.86 213288.89 4
995357 29.32 100132.55 27.87 210916.58 5
996606 29.45 100129.85 27.86 38323.35 7
997356 29.53 100129.43 27.88 39275.85 8
998106 29.57 100128.85 27.84 40087.69 9
999106 29.54 100128.36 27.82 1552103.13 1
1000355 29.16 100127.67 27.73 1472322.13 2
1000355 29.16 100127.67 27.73 1472322.13 2
1000355 29.16 100127.67 27.73 1472322.13 2
1004604 29.03 100124.55 27.79 1382849.38 3
1005354 29.21 100122.98 27.77 211701.47 4
1006104 29.33 100122.58 27.84 209750.11 5
1006603 29.37 100122.93 27.85 206326.81 6
1007353 29.45 100120.34 27.83 38016.04 7
1008103 29.54 100121.95 27.85 39384.62 8
1009603 29.61 100120.05 27.80 40660.74 0
1009853 29.55 100121.04 27.77 1541588.25 1
1011103 29.16 100121.04 27.72 1451967.38 2
1011103 29.16 100121.04 27.72 1451967.38 2
1011103 29.16 100121.04 27.72 1451967.38 2
1015351 29.04 100118.27 27.77 1382849.38 3
1016101 29.22 100117.03 27.78 210396.55 4
1016851 29.33 100116.63 27.81 208214.72 5
1017351 29.38 100116.18 27.81 205829.14 6
1018101 29.45 100113.71 27.81 37948.41 7
1019600 29.59 100115.53 27.80 40201.00 9
1020600 29.56 100115.38 27.75 1552103.13 1
1021850 29.17 100112.14 27.68 1462857.13 2
1021850 29.17 100112.14 27.68 1462857.13 2
1021850 29.17 100112.14 27.68 1462857.13 2
1021850 29.17 100112.14 27.68 1462857.13 2
1026099 29.05 100108.12 27.72 1382849.38 3
1026848 29.23 100105.84 27.77 212492.22 4
1027348 29.35 100106.85 27.78 208851.72 5
1028098 29.39 100107.02 27.80 206952.30 6
1029598 29.55 100105.48 27.80 39348.29 8
1030348 29.60 100103.56 27.78 39825.76 9
1031098 29.57 100104.22 27.74 1545952.13 1
1032597 29.18 100102.54 27.67 1450424.88 2
1032597 29.18 100102.54 27.67 1450424.88 2
1032597 29.18 100102.54 27.67 1450424.88 2
1032597 29.18 100102.54 27.67 1450424.88 2
1036846 29.06 100101.98 27.70 1370358.00 3
1037596 29.24 100099.86 27.73 208469.06 4
1038846 29.40 100099.02 27.76 207203.56 6
1039596 29.47 100097.79 27.77 38049.94 7
1040846 29.61 100094.77 27.79 40050.06 9
1041845 29.57 100095.87 27.73 1538981.75 1
1043345 29.19 100094.26 27.64 1441238.63 2
1043345 29.19 100094.26 27.64 1441238.63 2
1043345 29.19 100094.26 27.64 1441238.63 2
1043345 29.19 100094.26 27.64 1441238.63 2
1047594 29.06 100093.14 27.67 1362155.00 3
1048094 29.25 100091.93 27.67 209492.64 4
1048844 29.36 100092.05 27.74 208724.02 5
1049593 29.40 100090.72 27.74 205581.20 6
1050343 29.48 100090.16 27.72 37914.69 7
1051593 29.61 100087.66 27.72 39900.25 9
1052593 29.57 100087.38 27.67 1526933.88 1
1054092 29.19 100088.09 27.61 1441238.63 2
1054092 29.19 100088.09 27.61 1441238.63 2
1054092 29.19 100088.09 27.61 1441238.63 2
1054092 29.19 100088.09 27.61 1441238.63 2
1058341 29.05 100086.52 27.64 1368984.00 3
1058841 29.23 100086.34 27.68 208724.02 4
1059591 29.34 100085.64 27.70 206077.69 5
1060341 29.38 100085.63 27.72 205457.47 6
1061841 29.54 100083.05 27.69 38670.70 8
1062341 29.59 100082.76 27.68 39714.55 9
1063340 29.55 100083.09 27.65 1516756.13 1
1064840 29.16 100081.18 27.61 1436688.88 2
1064840 29.16 100081.18 27.61 1436688.88 2
1064840 29.16 100081.18 27.61 1436688.88 2
1068839 29.03 100079.69 27.64 1348699.38 3
1069589 29.21 100079.85 27.67 208469.06 4
1070338 29.32 100080.44 27.70 208214.72 5
1071088 29.37 100078.73 27.71 204718.11 6
1071838 29.45 100078.80 27.70 37780.40 7
1072338 29.53 100076.39 27.69 38917.61 8
1073838 29.60 100073.95 27.68 40544.82 0
1074088 29.54 100075.50 27.67 1515073.00 1
1075587 29.16 100073.20 27.60 1421728.63 2
1075587 29.16 100073.20 27.60 1421728.63 2
1075587 29.16 100073.20 27.60 1421728.63 2
1079586 29.03 100073.02 27.65 1340752.88 3
1080336 29.20 100070.84 27.67 209107.61 4
1081086 29.32 100070.33 27.71 207834.38 5
1081835 29.37 100071.34 27.72 204718.11 6
1083085 29.53 100070.60 27.71 38882.14 8
1083835 29.57 100069.31 27.69 39862.97 9
1084835 29.54 100070.30 27.65 1469153.50 1
1086334 29.16 100068.41 27.59 1418773.88 2
1086334 29.16 100068.41 27.59 1418773.88 2
1086334 29.16 100068.41 27.59 1418773.88 2
1086334 29.16 100068.41 27.59 1418773.88 2
1090333 29.03 100068.88 27.62 1331599.50 3
1091083 29.21 100068.98 27.66 208087.78 4
1091833 29.32 100068.11 27.70 206326.81 5
1093083 29.45 100066.42 27.71 37680.30 7
1093833 29.53 100066.92 27.69 38953.13 8
1094582 29.57 100063.66 27.68 39567.23 9
1095582 29.54 100066.45 27.65 1445817.13 1
1096832 29.16 100065.06 27.56 1391304.38 2
1096832 29.16 100065.06 27.56 1391304.38 2
1096832 29.16 100065.06 27.56 1391304.38 2
1101081 29.04 100060.94 27.61 1320012.88 3
1101830 29.21 100058.59 27.63 205457.47 4
1102580 29.33 100056.71 27.65 204595.41 5
1103080 29.37 100056.33 27.67 202531.64 6
1103830 29.45 100055.16 27.68 37713.61 7
1104580 29.53 100055.06 27.66 38846.74 8
1106079 29.61 100055.00 27.65 40163.16 0
1106329 29.55 100054.88 27.62 1467574.38 1
1107579 29.16 100054.48 27.54 1420249.63 2
1107579 29.16 100054.48 27.54 1420249.63 2
1107579 29.16 100054.48 27.54 1420249.63 2
1111828 29.04 100051.84 27.60 1332899.50 3
1112578 29.21 100052.39 27.63 207581.59 4
1113328 29.33 100051.48 27.64 205457.47 5
1113828 29.38 100049.63 27.63 202772.28 6
1114577 29.45 100049.33 27.66 37383.18 7
1116077 29.58 100048.52 27.64 39421.00 9
1117077 29.55 100048.92 27.57 1473911.50 1
1118326 29.17 100048.46 27.52 1401300.00 2
1118326 29.17 100048.46 27.52 1401300.00 2
1118326 29.17 100048.46 27.52 1401300.00 2
1118326 29.17 100048.46 27.52 1401300.00 2
1122575 29.04 100051.52 27.56 1326424.88 3
1123325 29.22 100053.38 27.60 206451.61 4
1123825 29.34 100054.38 27.64 204718.11 5
1125325 29.46 100050.91 27.61 37713.61 7
1126074 29.55 100051.40 27.62 38600.72 8
1127324 29.63 100051.32 27.62 40087.69 0
1127824 29.57 100050.44 27.56 1453513.13 1
1129074 29.18 100043.53 27.51 1396998.63 2
1129074 29.18 100043.53 27.51 1396998.63 2
1129074 29.18 100043.53 27.51 1396998.63 2
1133322 29.05 100038.16 27.56 1323852.63 3
1134072 29.23 100038.69 27.56 205705.11 4
1134572 29.35 100038.24 27.60 205333.88 5
1135322 29.39 100036.31 27.61 202411.55 6
1136072 29.46 100037.09 27.60 37580.74 7
1136822 29.55 100035.84 27.60 38705.78 8
1138321 29.57 100035.89 27.57 1421728.63 1
1139821 29.18 100034.97 27.46 1374496.63 2
1139821 29.18 100034.97 27.46 1374496.63 2
1139821 29.18 100034.97 27.46 1374496.63 2
1139821 29.18 100034.97 27.46 1374496.63 2
1144070 29.06 100033.16 27.52 1296202.50 3
1144570 29.24 100031.61 27.56 203984.06 4
1145320 29.36 100031.63 27.56 203134.30 5
1146070 29.40 100031.17 27.59 200509.11 6
1146820 29.48 100030.80 27.57 37187.68 7
1148069 29.61 100030.68 27.57 39060.12 9
1149069 29.58 100028.98 27.50 1442761.50 1
1150569 29.19 100028.70 27.43 1371734.75 2
1150569 29.19 100028.70 27.43 1371734.75 2
1150569 29.19 100028.70 27.43 1371734.75 2
1150569 29.19 100028.70 27.43 1371734.75 2
1154817 29.06 100028.75 27.48 1309881.63 3
1155317 29.25 100027.42 27.51 203984.06 4
1156067 29.36 100026.37 27.56 203255.27 5
1156817 29.40 100025.15 27.53 200039.06 6
1158317 29.57 100023.37 27.54 38254.63 8
1158817 29.61 100021.50 27.52 39203.68 9
1159816 29.58 100020.72 27.49 1439718.75 1
1161316 29.19 100022.54 27.42 1371734.75 2
1161316 29.19 100022.54 27.42 1371734.75 2
1161316 29.19 100022.54 27.42 1371734.75 2
1165315 29.06 100021.92 27.47 1294973.13 3
1166065 29.25 100019.46 27.50 203013.48 4
1166815 29.36 100020.16 27.53 201932.56 5
1167564 29.40 100021.09 27.54 199804.88 6
1168314 29.48 100019.45 27.53 37383.18 7
1169564 29.61 100016.23 27.52 39275.85 9
1170564 29.58 100016.20 27.47 1427675.13 1
1172063 29.19 100018.20 27.40 1370358.00 2
1172063 29.19 100018.20 27.40 1370358.00 2
1172063 29.19 100018.20 27.40 1370358.00 2
1172063 29.19 100018.20 27.40 1370358.00 2
1176062 29.06 100014.72 27.44 1294973.13 3
1176812 29.24 100013.77 27.49 202892.81 4
1177562 29.36 100014.52 27.51 201932.56 5
1178312 29.40 100015.05 27.49 199338.14 6
1179561 29.56 100010.11 27.52 38152.01 8
1180311 29.61 100008.38 27.47 39239.73 9
1181311 29.58 100008.22 27.45 1415831.38 1
1182810 29.19 100010.23 27.37 1366244.13 2
1182810 29.19 100010.23 27.37 1366244.13 2
1182810 29.19 100010.23 27.37 1366244.13 2
1182810 29.19 100010.23 27.37 1366244.13 2
1186809 29.07 100009.53 27.44 1288860.88 3
1187559 29.24 100008.20 27.47 203619.02 4
1188309 29.35 100008.12 27.51 201099.77 5
1189558 29.48 100004.67 27.49 37317.79 7
1190308 29.56 100001.38 27.51 38186.16 8
1191058 29.61 100001.63 27.47 39095.91 9
1192058 29.57 100001.54 27.42 1415831.38 1
1193307 29.18 100002.72 27.34 1348699.38 2
1193307 29.18 100002.72 27.34 1348699.38 2
1193307 29.18 100002.72 27.34 1348699.38 2
1197556 29.06 100001.70 27.41 1280400.13 3
1198306 29.23 100000.30 27.46 202531.64 4
1199056 29.35 100000.30 27.48 200981.36 5
1199556 29.39 99999.20 27.45 198989.50 6
1200306 29.46 99994.94 27.47 37122.97 7
1201055 29.55 99995.51 27.46 38083.90 8
1202555 29.62 99994.13 27.46 39567.23 0
1202805 29.57 99995.79 27.42 1408528.25 1
1204055 29.17 99997.23 27.37 1340752.88 2
1204055 29.17 99997.23 27.37 1340752.88 2
1204055 29.17 99997.23 27.37 1340752.88 2
1208304 29.05 99995.95 27.42 1291298.88 3
1209053 29.22 99995.57 27.47 202892.81 4
1209803 29.34 99995.10 27.45 201693.91 5
1210303 29.38 99995.55 27.46 197378.56 6
1211053 29.46 99993.70 27.47 36994.22 7
1212552 29.58 99991.76 27.45 39024.39 9
1213552 29.55 99992.59 27.41 1412901.00 1
1214802 29.17 99995.66 27.34 1347368.38 2
1214802 29.17 99995.66 27.34 1347368.38 2
1214802 29.17 99995.66 27.34 1347368.38 2
1214802 29.17 99995.66 27.34 1347368.38 2
1219051 29.04 99994.44 27.42 1281602.00 3
1219800 29.22 99993.95 27.45 201813.17 4
1220300 29.34 99992.48 27.44 203013.48 5
1221800 29.46 99988.41 27.46 37026.32 7
1222550 29.54 99986.39 27.46 38152.01 8
1223799 29.61 99986.09 27.43 39677.62 0
1224050 29.55 99985.70 27.41 1407076.63 1
1225549 29.16 99988.38 27.34 1348699.38 2
1225549 29.16 99988.38 27.34 1348699.38 2
1225549 29.16 99988.38 27.34 1348699.38 2
1229798 29.04 99986.77 27.41 1280400.13 3
1230548 29.21 99985.16 27.43 202772.28 4
1231048 29.33 99986.25 27.44 201099.77 5
1231797 29.38 99984.19 27.44 198065.77 6
1232547 29.45 99982.80 27.44 37090.70 7
1233797 29.58 99981.80 27.44 39131.77 9
1234797 29.55 99981.86 27.38 1405628.00 1
1236296 29.16 99982.85 27.32 1346040.13 2
1236296 29.16 99982.85 27.32 1346040.13 2
1236296 29.16 99982.85 27.32 1346040.13 2
1236296 29.16 99982.85 27.32 1346040.13 2
1240545 29.04 99981.77 27.36 1273235.88 3
1241045 29.21 99979.89 27.41 200863.08 4
1241795 29.33 99988.27 27.43 199804.88 5
1242545 29.38 99989.16 27.43 197836.17 6
1243295 29.45 99984.04 27.41 36962.17 7
1244544 29.58 99983.83 27.44 38846.74 9
1245544 29.55 99981.52 27.38 1404182.38 1
1247044 29.17 99980.63 27.30 1338124.75 2
1247044 29.17 99980.63 27.30 1338124.75 2
1247044 29.17 99980.63 27.30 1338124.75 2
1247044 29.17 99980.63 27.30 1338124.75 2
1251292 29.04 99977.94 27.34 1272049.75 3
1251792 29.22 99976.43 27.38 201693.91 4
1252542 29.34 99977.08 27.41 199921.91 5
1253292 29.38 99972.60 27.40 199687.98 6
1254541 29.54 99973.12 27.42 37914.69 8
1255291 29.58 99971.31 27.40 38776.13 9
1256291 29.55 99972.44 27.36 1402739.75 1
1257791 29.16 99973.52 27.28 1332899.50 2
1257791 29.16 99973.52 27.28 1332899.50 2
1257791 29.16 99973.52 27.28 1332899.50 2
1261789 29.04 99974.16 27.34 1276808.00 3
1262539 29.22 99973.45 27.40 199804.88 4
1263289 29.33 99971.00 27.38 198873.56 5
1264039 29.38 99970.83 27.40 197836.17 6
1264789 29.45 99969.08 27.38 36930.18 7
1265289 29.53 99967.60 27.39 38186.16 8
1267038 29.55 99970.64 27.36 1375881.75 1
1268538 29.16 99971.77 27.25 1320012.88 2
1268538 29.16 99971.77 27.25 1320012.88 2
1268538 29.16 99971.77 27.25 1320012.88 2
1268538 29.16 99971.77 27.25 1320012.88 2
1272537 29.04 99970.54 27.34 1245363.38 3
1273286 29.22 99971.11 27.37 199687.98 4
1274036 29.33 99968.96 27.38 198757.77 5
1274786 29.38 99968.66 27.38 196582.84 6
1276036 29.54 99967.72 27.37 37780.40 8
1276786 29.58 99966.87 27.36 38600.72 9
1277785 29.55 99968.44 27.33 1378660.38 1
1279035 29.16 99969.90 27.26 1321290.38 2
1279035 29.16 99969.90 27.26 1321290.38 2
1279035 29.16 99969.90 27.26 1321290.38 2
1279035 29.16 99969.90 27.26 1321290.38 2
1283284 29.03 99967.85 27.30 1251069.00 3
1284034 29.20 99965.57 27.33 200156.38 4
1284783 29.32 99964.16 27.37 200039.06 5
1286033 29.44 99962.05 27.37 36962.17 7
1286783 29.53 99964.95 27.36 37881.03 8
1287533 29.57 99963.04 27.30 38740.92 9
1288532 29.54 99964.47 27.29 1382849.38 1
1289782 29.16 99968.07 27.24 1325137.50 2
1289782 29.16 99968.07 27.24 1325137.50 2
1289782 29.16 99968.07 27.24 1325137.50 2
1294031 29.03 99969.16 27.30 1251069.00 3
1294781 29.20 99966.48 27.34 199454.61 4
1295530 29.32 99965.22 27.35 198757.77 5
1296030 29.36 99966.32 27.34 196469.69 6
1296780 29.44 99966.32 27.35 36802.76 7
1297530 29.52 99965.28 27.37 37713.61 8
1299030 29.60 99965.25 27.34 39275.85 0
1299280 29.54 99965.16 27.32 1380053.88 1
1300529 29.15 99966.55 27.24 1311139.63 2
1300529 29.15 99966.55 27.24 1311139.63 2
1300529 29.15 99966.55 27.24 1311139.63 2
1304778 29.02 99964.52 27.27 1247639.38 3
1305528 29.20 99964.45 27.34 199571.23 4
1306277 29.32 99963.16 27.35 198873.56 5
1306777 29.36 99963.04 27.36 196696.13 6
1307527 29.43 99961.18 27.35 36962.17 7
1309027 29.56 99960.03 27.33 38776.13 9
1310026 29.53 99961.36 27.30 1368984.00 1
1311276 29.14 99963.34 27.21 1311139.63 2
1311276 29.14 99963.34 27.21 1311139.63 2
1311276 29.14 99963.34 27.21 1311139.63 2
1311276 29.14 99963.34 27.21 1311139.63 2
1315525 29.02 99964.37 27.29 1247639.38 3
1316275 29.19 99963.55 27.33 199105.58 4
1316775 29.31 99961.77 27.35 198295.89 5
1318275 29.43 99961.41 27.35 36676.22 7
1319024 29.51 99961.37 27.35 37948.41 8
1320274 29.59 99961.98 27.33 39275.85 0
1320524 29.53 99961.14 27.31 1377269.63 1
1322024 29.14 99963.66 27.20 1312399.88 2
1322024 29.14 99963.66 27.20 1312399.88 2
1322024 29.14 99963.66 27.20 1312399.88 2
1326272 29.01 99962.83 27.26 1256827.25 3
1327022 29.19 99960.85 27.30 199571.23 4
1327522 29.30 99959.37 27.32 197836.17 5
1328272 29.35 99958.46 27.35 195569.14 6
1329022 29.42 99957.06 27.32 36834.53 7
1330271 29.55 99956.11 27.31 38670.70 9
1331271 29.52 99958.80 27.29 1378660.38 1
1332771 29.14 99956.88 27.23 1314927.75 2
1332771 29.14 99956.88 27.23 1314927.75 2
1332771 29.14 99956.88 27.23 1314927.75 2
1332771 29.14 99956.88 27.23 1314927.75 2
1337019 29.01 99959.29 27.27 1256827.25 3
1337519 29.18 99957.60 27.28 199921.91 4
1338269 29.30 99955.77 27.33 198411.16 5
1339019 29.34 99954.87 27.32 196469.69 6
1339769 29.42 99954.48 27.35 36802.76 7
1341018 29.55 99954.69 27.33 38740.92 9
1342018 29.51 99954.85 27.29 1384251.38 1
1343518 29.13 99958.29 27.19 1317465.38 2
1343518 29.13 99958.29 27.19 1317465.38 2
1343518 29.13 99958.29 27.19 1317465.38 2
1343518 29.13 99958.29 27.19 1317465.38 2
1347767 28.99 99958.98 27.26 1248780.50 3
1348266 29.17 99957.39 27.29 200509.11 4
1349016 29.29 99955.69 27.31 196923.08 5
1349766 29.32 99954.89 27.32 195345.28 6
1351016 29.49 99954.13 27.33 37746.98 8
1351765 29.53 99954.79 27.31 38670.70 9
1352765 29.50 99955.14 27.29 1368984.00 1
1354265 29.12 99958.49 27.19 1314927.75 2
1354265 29.12 99958.49 27.19 1314927.75 2
1354265 29.12 99958.49 27.19 1314927.75 2
1358264 28.99 99958.88 27.23 1251069.00 3
1359014 29.16 99956.08 27.28 199221.80 4
1359763 29.28 99953.85 27.31 197036.75 5
1360513 29.32 99953.95 27.30 195905.88 6
1361263 29.40 99954.24 27.30 36581.88 7
1362513 29.53 99951.25 27.30 38600.72 9
1363512 29.50 99951.04 27.28 1368984.00 1
1365012 29.12 99953.53 27.19 1312399.88 2
1365012 29.12 99953.53 27.19 1312399.88 2
1365012 29.12 99953.53 27.19 1312399.88 2
1365012 29.12 99953.53 27.19 1312399.88 2
1369011 28.98 99953.93 27.23 1237462.25 3
1369761 29.16 99952.08 27.26 197607.09 4
1370511 29.28 99951.09 27.31 196696.13 5
1371260 29.32 99952.00 27.29 195010.47 6
1372510 29.48 99948.85 27.27 37613.87 8
1373260 29.52 99950.20 27.29 38288.96 9
1374260 29.49 99948.16 27.27 1370358.00 1
1375509 29.10 99948.84 27.18 1291298.88 2
1375509 29.10 99948.84 27.18 1291298.88 2
1375509 29.10 99948.84 27.18 1291298.88 2
1375509 29.10 99948.84 27.18 1291298.88 2
1379758 28.98 99950.95 27.23 1231879.75 3
1380508 29.16 99946.27 27.26 199105.58 4
1381258 29.27 99945.48 27.30 197950.91 5
1382507 29.39 99943.93 27.29 36644.72 7
1383257 29.47 99945.21 27.30 37847.43 8
1384007 29.52 99943.73 27.27 38392.32 9
