=~=~=~=~=~=~=~=~=~=~=~= PuTTY log 2024.12.06 14:08:48 =~=~=~=~=~=~=~=~=~=~=~=
5308875 29.43 100525.78 18.21 102400000.00 3
5309375 29.64 100525.49 18.26 21729442.00 4
5310125 29.77 100526.99 18.26 21389034.00 5
5310875 29.82 100528.88 18.29 20938020.00 6
5311624 29.90 100527.14 18.21 1399863.25 7
5312374 29.99 100528.09 18.28 1462857.13 8
5312874 30.04 100527.45 18.31 155771197 29.53 100085.68 23.57 102400000.00 3
5771947 29.76 100090.10 23.62 35569064.00 4
5772697 29.89 100095.81 23.65 34776332.00 5
5773446 29.94 100099.75 23.64 34393072.00 6
5773946 30.01 100101.88 23.64 2029732.38 7
5774696 30.10 100105.71 23.61 2069732.25 8
5775446 30.15 100107.61 23.60 2132778.00 9
5776195 30.18 100115.16 23.59 2183951.00 0
5776445 30.10 100115.66 23.57 102400000.00 1
5777945 29.67 100122.24 23.49 102400000.00 2
5781943 29.56 100142.50 23.56 102400000.00 3
5782693 29.79 100149.63 23.58 35055364.00 4
5783443 29.92 100152.80 23.60 34556288.00 5
5784192 29.97 100158.63 23.58 33419684.00 6
5784692 30.05 100160.46 23.59 1973975.88 7
5785442 30.13 100163.95 23.57 2046465.13 8
5786192 30.18 100167.41 23.57 2116249.00 9
5786941 30.20 100170.32 23.55 2154655.50 0
5787191 30.13 100174.12 23.52 102400000.00 1
5788691 29.70 100178.10 23.44 102400000.00 2
5792689 29.58 100200.25 23.47 102400000.00 3
5793439 29.81 100206.84 23.52 34204592.00 4
5794189 29.94 100211.05 23.56 33677288.00 5
5794938 29.99 100216.29 23.55 33065590.00 6
5795688 30.07 100227.48 23.55 1962625.75 7
5796188 30.15 100232.61 23.53 2034268.63 8
5796937 30.20 100236.12 23.50 2104830.50 9
5797687 30.22 100240.87 23.52 2139462.00 0
5797937 30.14 100241.14 23.48 102400000.00 1
5799437 29.71 100246.98 23.39 102400000.00 2
5803435 29.59 100262.67 23.45 102400000.00 3
5804185 29.83 100268.49 23.50 33755344.00 4
5804935 29.95 100274.18 23.51 33573772.00 5
5805684 30.00 100278.90 23.49 32990688.00 6
5806434 30.08 100281.61 23.52 1956999.50 7
5806934 30.17 100287.05 23.51 2028224.75 8
5807684 30.21 100290.91 23.48 2079187.88 9
5808433 30.23 100292.91 23.48 2121180.75 0
5808683 30.16 100295.01 23.45 102400000.00 1
5810183 29.72 100299.16 23.38 102400000.00 2
5814181 29.60 100323.80 23.43 102400000.00 3
5814931 29.84 100331.56 23.44 33703264.00 4
5815680 29.96 100336.14 23.47 32916122.00 5
5816430 30.01 100340.20 23.48 32427512.00 6
5817180 30.08 100341.54 23.47 1921200.75 7
5817680 30.17 100347.14 23.47 2010306.75 8
5818429 30.21 100352.73 23.44 2069732.25 9
5819179 30.23 100355.13 23.43 2085539.75 0
5819429 30.16 100356.91 23.40 102400000.00 1
5820928 29.73 100362.09 23.32 102400000.00 2
5824926 29.60 100392.66 23.35 102400000.00 3
5825676 29.83 100396.24 23.44 33140834.00 4
5826426 29.96 100399.65 23.45 32524070.00 5
5827176 30.01 100403.15 23.44 32000000.00 6
5827925 30.09 100407.46 23.44 1911785.25 7
5828425 30.18 100412.46 23.45 2000000.00 8
5829175 30.21 100414.88 23.42 2017734.00 9
5829924 30.23 100419.30 23.39 2082358.88 0
5830174 30.16 100421.13 23.40 102400000.00 1
5831674 29.73 100430.74 23.32 102400000.00 2
5835922 29.60 100457.36 23.38 102400000.00 3
5836422 29.83 100462.38 23.39 32792594.00 4
5837172 29.96 100468.04 23.41 32000000.00 5
5837922 30.01 100473.05 23.43 31515268.00 6
5838671 30.09 100475.48 23.41 1880192.75 7
5839421 30.17 100478.65 23.42 1964037.38 8
5839921 30.21 100483.82 23.39 2022216.75 9
5840671 30.24 100491.30 23.37 2057257.63 0
5840921 30.16 100490.83 23.35 102400000.00 1
5842420 29.73 100498.91 23.29 102400000.00 2
5846668 29.59 100521.49 23.32 102400000.00 3
5847168 29.84 100529.84 23.40 32355468.00 4
5847918 29.96 100536.19 23.39 31652258.00 5
5848667 30.01 100541.95 23.39 31222486.00 6
5849417 30.08 100544.34 23.40 1871174.00 7
5850167 30.16 100544.76 23.42 1951405.38 8
5850667 30.21 100549.24 23.38 1984015.50 9
5851416 30.22 100553.23 23.35 2049537.13 0
5851666 30.15 100557.59 23.33 102400000.00 1
5853166 29.71 100563.09 23.25 102400000.00 2
5857414 29.59 100589.48 23.32 102400000.00 3
5857914 29.82 100597.08 23.35 31859990.00 4
5858663 29.95 100600.19 23.39 31402012.00 5
5859413 29.99 100605.04 23.38 30847728.00 6
5860163 30.07 100609.21 23.38 1845876.50 7
5860913 30.16 100614.91 23.38 1919850.00 8
5861413 30.20 100616.25 23.35 1969704.25 9
5862162 30.22 100622.98 23.34 2025216.38 0
5862412 30.14 100624.43 23.34 102400000.00 1
5863912 29.71 100628.90 23.26 102400000.00 2
5868160 29.57 100652.97 23.33 102400000.00 3
5868660 29.80 100659.24 23.36 31652258.00 4
5869409 29.93 100664.96 23.38 31402012.00 5
5870159 29.98 100671.65 23.36 30166168.00 6
5870909 30.05 100674.09 23.31 1843384.38 7
5871659 30.14 100679.36 23.35 1909112.13 8
5872159 30.18 100682.59 23.33 1968284.50 9
5872908 30.20 100686.32 23.35 2013271.13 0
5873158 30.13 100688.73 23.32 102400000.00 1
5874658 29.70 100695.64 23.24 102400000.00 2
5878906 29.56 100723.42 23.32 102400000.00 3
5879656 29.80 100727.51 23.32 31311992.00 4
5880155 29.92 100730.95 23.33 30804230.00 5
5880905 29.96 100735.85 23.34 30354794.00 6
5881655 30.04 100738.25 23.35 1822469.38 7
5882405 30.13 100743.67 23.34 1901137.13 8
5883154 30.17 100746.01 23.31 1948620.38 9
5883654 30.19 100751.88 23.31 1978266.13 0
5883904 30.11 100752.96 23.32 102400000.00 1
5885404 29.68 100763.45 23.21 102400000.00 2
5889652 29.55 100786.95 23.27 102400000.00 3
5890402 29.77 100795.08 23.32 30935096.00 4
5890902 29.89 100798.43 23.32 30567164.00 5
5891651 29.95 100803.99 23.33 30270670.00 6
5892401 30.02 100806.91 23.33 1817617.00 7
5893151 30.11 100810.94 23.37 1873742.00 8
5893900 30.15 100814.37 23.30 1930709.38 9
5894400 30.18 100819.38 23.32 1968284.50 0
5894650 30.10 100821.55 23.27 102400000.00 1
5896150 29.66 100828.34 23.22 102400000.00 2
5900398 29.53 100851.20 23.27 102400000.00 3
5901148 29.76 100859.07 23.32 30717600.00 4
5901647 29.88 100861.50 23.33 30021072.00 5
5902397 29.93 100868.29 23.34 29574008.00 6
5903147 30.00 100868.58 23.32 1806793.13 7
5903896 30.09 100872.66 23.31 1875028.63 8
5904646 30.13 100876.52 23.33 1918501.13 9
5905146 30.16 100882.22 23.33 1956999.50 0
5905646 30.07 100883.58 23.27 102400000.00 1
5906895 29.64 100891.20 23.21 102400000.00 2
5911144 29.51 100916.77 23.25 102400000.00 3
5911893 29.73 100919.56 23.31 30397032.00 4
5912393 29.86 100925.55 23.31 29877364.00 5
5913143 29.91 100930.41 23.32 29355432.00 6
5913893 29.98 100933.87 23.32 1779708.88 7
5914642 30.07 100938.80 23.33 1862241.38 8
5915392 30.11 100942.95 23.31 1885385.50 9
5915892 30.14 100946.34 23.36 1937559.13 0
5916392 30.06 100948.95 23.27 102400000.00 1
5917641 29.61 100953.05 23.22 102400000.00 2
5921889 29.48 100979.27 23.26 102400000.00 3
5922639 29.71 100985.31 23.31 30062386.00 4
5923389 29.84 100992.18 23.30 29554002.00 5
5923889 29.89 100996.09 23.34 29043208.00 6
5924638 29.97 101001.61 23.29 1771626.25 7
5925388 30.05 101003.72 23.34 1833482.50 8
5926138 30.09 101007.43 23.31 1889298.88 9
5926638 30.11 101010.54 23.28 1929345.25 0
5927137 30.04 101014.02 23.28 102400000.00 1
5928387 29.60 101017.08 23.19 102400000.00 2
5932635 29.46 101040.80 23.26 102400000.00 3
5933385 29.69 101047.55 23.32 29494150.00 4
5934135 29.82 101051.84 23.31 29004648.00 5
5934635 29.87 101057.71 23.33 28512508.00 6
5935384 29.96 101061.18 23.31 1752299.50 7
5936134 30.03 101062.30 23.29 1810386.75 8
5936884 30.07 101067.26 23.33 1872457.13 9
5937633 30.10 101069.95 23.27 1914466.00 0
5937883 30.02 101071.90 23.28 102400000.00 1
5939133 29.58 101078.91 23.21 102400000.00 2
5943381 29.44 101099.57 23.26 102400000.00 3
5944131 29.67 101106.28 23.31 29634184.00 4
5944880 29.80 101110.28 23.32 28870484.00 5
5945380 29.85 101114.82 23.32 28401300.00 6
5946130 29.93 101116.70 23.29 1732290.13 7
5946880 30.01 101119.27 23.32 1811587.75 8
5947629 30.05 101123.98 23.27 1873742.00 9
5948379 30.07 101126.98 23.27 1903788.00 0
5948629 29.99 101128.80 23.26 102400000.00 1
5949878 29.56 101136.41 23.22 102400000.00 2
5954127 29.43 101159.79 23.25 102400000.00 3
5954876 29.65 101164.21 23.28 29140062.00 4
5955626 29.77 101166.86 23.31 28662148.00 5
5956126 29.82 101171.74 23.31 28163300.00 6
5956876 29.90 101175.08 23.30 1736697.00 7
5957625 29.99 101179.33 23.33 1811587.75 8
5958375 30.03 101182.37 23.31 1862241.38 9
5959125 30.05 101186.38 23.28 1886688.13 0
5959375 29.98 101187.59 23.26 102400000.00 1
5960624 29.54 101193.35 23.22 102400000.00 2
5964873 29.40 101214.30 23.24 102400000.00 3
5965622 29.63 101220.04 23.30 28832380.00 4
5966372 29.76 101225.06 23.29 28327642.00 5
5967122 29.80 101229.01 23.30 27858024.00 6
5967621 29.88 101229.81 23.29 1720285.63 7
5968371 29.96 101233.95 23.31 1760206.25 8
5969121 30.01 101236.55 23.32 1829796.75 9
5969871 30.03 101239.30 23.28 1877607.13 0
5970121 29.96 101242.20 23.25 102400000.00 1
5971370 29.52 101247.70 23.20 102400000.00 2
5975618 29.38 101265.70 23.26 102400000.00 3
5976368 29.61 101271.93 23.30 28832380.00 4
5977118 29.73 101274.67 23.29 28272648.00 5
5977868 29.78 101278.51 23.31 27559294.00 6
5978367 29.86 101282.88 23.30 1734490.75 7
5979117 29.95 101285.29 23.30 1768184.75 8
5979867 29.99 101288.53 23.32 1822469.38 9
5980616 30.01 101291.15 23.30 1876317.00 0
5980866 29.93 101291.19 23.26 102400000.00 1
5982116 29.50 101295.94 23.20 102400000.00 2
5986364 29.36 101312.22 23.23 102400000.00 3
5987114 29.59 101318.63 23.31 28382850.00 4
5987863 29.71 101323.87 23.32 27822542.00 5
5988613 29.76 101327.38 23.33 27199004.00 6
5989113 29.84 101330.06 23.32 1691513.50 7
5989863 29.93 101333.91 23.29 1744463.38 8
5990613 29.97 101336.03 23.26 1805598.38 9
5991362 29.99 101339.34 23.26 1842140.75 0
5991612 29.91 101340.22 23.27 102400000.00 1
5992862 29.47 101342.91 23.20 102400000.00 2
5997110 29.35 101360.96 23.25 102400000.00 3
5997860 29.57 101364.98 23.27 28072820.00 4
5998609 29.69 101367.73 23.29 27716642.00 5
5999359 29.74 101370.05 23.32 27014014.00 6
5999859 29.82 101375.48 23.30 1683172.38 7
6000609 29.90 101377.27 23.28 1748932.50 8
6001358 29.95 101379.11 23.29 1804405.25 9
6002108 29.97 101384.05 23.27 1848375.50 0
6002358 29.89 101383.41 23.23 102400000.00 1
6003857 29.46 101387.22 23.21 102400000.00 2
6007856 29.32 101408.42 23.27 102400000.00 3
6008605 29.55 101410.06 23.30 27875798.00 4
6009355 29.67 101413.34 23.31 27386544.00 5
6010105 29.72 101416.41 23.32 26980650.00 6
6010855 29.81 101419.73 23.32 1686290.63 7
6011355 29.89 101434.74 23.33 1744463.38 8
6012104 29.93 101446.79 23.33 1785527.50 9
6012854 29.95 101445.96 23.27 1826125.75 0
6013104 29.87 101443.70 23.23 102400000.00 1
6014603 29.43 101441.09 23.17 102400000.00 2
6018602 29.30 101446.35 23.26 102400000.00 3
6019351 29.53 101451.81 23.29 27716642.00 4
6020101 29.65 101456.09 23.32 27182082.00 5
6020851 29.70 101455.93 23.33 26314394.00 6
6021601 29.79 101457.32 23.30 1663688.00 7
6022100 29.86 101457.69 23.31 1726812.88 8
6022850 29.91 101460.57 23.29 1752299.50 9
6023600 29.93 101463.65 23.27 1811587.75 0
6023850 29.86 101463.79 23.25 102400000.00 1
6025349 29.41 101466.63 23.18 102400000.00 2
6029348 29.29 101482.63 23.24 102400000.00 3
6030097 29.51 101485.30 23.29 27283930.00 4
6030847 29.63 101491.23 23.30 26831526.00 5
6031597 29.68 101490.98 23.33 26330254.00 6
6032346 29.75 101493.32 23.30 1654615.25 7
6032846 29.84 101497.58 23.31 1731191.88 8
6033596 29.89 101499.64 23.29 1759072.38 9
6034346 29.91 101500.59 23.30 1798463.25 0
6034596 29.83 101501.63 23.28 102400000.00 1
6036095 29.39 101503.16 23.20 102400000.00 2
6040093 29.27 101517.06 23.23 102400000.00 3
6040843 29.49 101518.90 23.28 27080992.00 4
6041593 29.61 101521.88 23.33 26749388.00 5
6042342 29.67 101523.69 23.31 26377944.00 6
6043092 29.74 101527.16 23.30 1656622.88 7
6043592 29.82 101528.70 23.28 1714883.88 8
6044342 29.87 101529.64 23.32 1753424.63 9
6045091 29.90 101533.27 23.30 1793737.63 0
6045341 29.81 101532.61 23.25 102400000.00 1
6046841 29.38 101538.05 23.16 102400000.00 2
6051089 29.25 101548.30 23.24 102400000.00 3
6051589 29.48 101552.88 23.31 26782182.00 4
6052338 29.59 101554.61 23.33 26473844.00 5
6053088 29.64 101555.04 23.30 26047694.00 6
6053838 29.72 101555.23 23.27 1643659.75 7
6054588 29.81 101557.86 23.31 1699937.75 8
6055088 29.86 101562.17 23.31 1754551.25 9
6055837 29.88 101562.54 23.26 1773928.13 0
6056087 29.80 101563.51 23.24 102400000.00 1
6057587 29.36 101565.80 23.18 102400000.00 2
6061835 29.23 101575.81 23.27 102400000.00 3
6062335 29.46 101578.31 23.27 26765774.00 4
6063084 29.58 101581.33 23.30 26314394.00 5
6063834 29.62 101582.41 23.31 25771136.00 6
6064584 29.70 101583.23 23.30 1630897.88 7
6065334 29.79 101586.52 23.31 1689420.50 8
6065833 29.84 101587.35 23.24 1740017.00 9
6066583 29.86 101589.98 23.29 1760206.25 0
6066833 29.78 101589.29 23.27 102400000.00 1
6068332 29.34 101591.23 23.19 102400000.00 2
6072581 29.21 101600.59 23.28 102400000.00 3
6073080 29.44 101602.67 23.28 26377944.00 4
6073830 29.56 101602.66 23.33 26109960.00 5
6074580 29.61 101606.14 23.30 25455816.00 6
6075329 29.68 101606.99 23.29 1614505.38 7
6076079 29.77 101607.89 23.30 1688375.88 8
6076579 29.82 101610.11 23.25 1725721.50 9
6077329 29.84 101611.73 23.28 1770477.63 0
6077579 29.76 101611.48 23.25 102400000.00 1
6079078 29.33 101613.13 23.20 102400000.00 2
6083326 29.19 101618.56 23.25 102400000.00 3
6083826 29.42 101622.73 23.30 26172524.00 4
6084576 29.54 101623.88 23.30 26001190.00 5
6085326 29.59 101624.80 23.31 25249856.00 6
6086075 29.67 101625.45 23.33 1620253.13 7
6086825 29.76 101626.34 23.29 1681100.00 8
6087325 29.80 101625.60 23.30 1706311.13 9
6088075 29.82 101628.48 23.25 1757939.88 0
6088325 29.75 101627.05 23.26 102400000.00 1
6089824 29.31 101629.34 23.17 102400000.00 2
6094072 29.17 101633.60 23.26 102400000.00 3
6094822 29.40 101639.50 23.28 26219644.00 4
6095322 29.53 101641.00 23.32 25862668.00 5
6096071 29.57 101640.65 23.27 25177104.00 6
6096821 29.65 101640.95 23.30 1606904.63 7
6097571 29.74 101642.18 23.31 1653613.25 8
6098071 29.77 101641.78 23.29 1697823.88 9
6098821 29.80 101643.41 23.30 1741126.50 0
6099071 29.73 101642.67 23.27 102400000.00 1
6100570 29.29 101642.05 23.20 102400000.00 2
6104818 29.16 101647.07 23.24 102400000.00 3
6105568 29.39 101651.26 23.29 25893322.00 4
6106068 29.51 101652.80 23.30 25560062.00 5
6106818 29.55 101654.45 23.28 24975610.00 6
6107567 29.64 101653.55 23.29 1603131.13 7
6108317 29.72 101653.65 23.30 1662675.00 8
6109067 29.76 101653.99 23.29 1684210.50 9
6109567 29.78 101653.82 23.26 1734490.75 0
6109817 29.71 101654.99 23.28 102400000.00 1
6111316 29.27 101653.29 23.21 102400000.00 2
6115564 29.14 101658.33 23.24 102400000.00 3
6116314 29.37 101661.83 23.29 25985726.00 4
6116814 29.49 101662.80 23.31 25264456.00 5
6117563 29.54 101663.56 23.30 25235272.00 6
6118313 29.62 101663.68 23.29 1579028.50 7
6119063 29.70 101664.32 23.32 1658635.38 8
6119812 29.74 101663.54 23.31 1686290.63 9
6120312 29.77 101665.38 23.29 1726812.88 0
6120562 29.69 101665.69 23.28 102400000.00 1
6122062 29.26 101662.10 23.19 102400000.00 2
6126310 29.12 101664.70 23.25 102400000.00 3
6127059 29.35 101667.60 23.28 25801574.00 4
6127559 29.47 101667.95 23.32 25426188.00 5
6128309 29.52 101668.33 23.31 25119202.00 6
6129059 29.59 101669.34 23.33 1587289.25 7
6129808 29.68 101671.17 23.33 1640697.00 8
6130558 29.73 101671.96 23.31 1692562.00 9
6131058 29.75 101671.29 23.27 1717040.50 0
6131558 29.67 101670.70 23.27 102400000.00 1
6132807 29.24 101667.63 23.21 102400000.00 2
6137056 29.11 101670.10 23.24 102400000.00 3
6137805 29.34 101673.05 23.32 25680250.00 4
6138305 29.46 101673.08 23.30 25249856.00 5
6139055 29.51 101673.27 23.31 24637594.00 6
6139805 29.59 101673.58 23.29 1569950.13 7
6140554 29.67 101675.48 23.31 1628952.13 8
6141304 29.71 101676.05 23.30 1669792.13 9
6141804 29.73 101674.84 23.28 1699937.75 0
6142304 29.66 101674.52 23.23 102400000.00 1
6143553 29.22 101671.62 23.21 102400000.00 2
6147801 29.09 101672.25 23.26 102400000.00 3
6148551 29.32 101674.12 23.30 25560062.00 4
6149301 29.44 101675.80 23.31 25047200.00 5
6149801 29.49 101676.98 23.31 24665412.00 6
6150550 29.57 101675.49 23.28 1579942.13 7
6151300 29.66 101677.06 23.32 1617374.13 8
6152050 29.70 101678.45 23.29 1670813.75 9
6152549 29.73 101678.94 23.30 1705245.63 0
6153049 29.64 101676.63 23.28 102400000.00 1
6154299 29.21 101674.26 23.20 102400000.00 2
6158547 29.07 101673.33 23.26 102400000.00 3
6159297 29.30 101674.55 23.29 25162604.00 4
6160046 29.43 101675.73 23.32 24749244.00 5
6160546 29.48 101676.76 23.31 24281586.00 6
6161296 29.55 101675.68 23.35 1567247.00 7
6162046 29.64 101676.35 23.38 1627980.88 8
6162795 29.68 101677.25 23.30 1663688.00 9
6163545 29.70 101676.57 23.27 1694662.75 0
6163795 29.63 101675.98 23.24 102400000.00 1
6165045 29.20 101672.09 23.22 102400000.00 2
6169293 29.06 101670.43 23.25 102400000.00 3
6170043 29.29 101673.12 23.30 25047200.00 4
6170792 29.41 101673.53 23.31 24833650.00 5
6171292 29.45 101671.94 23.32 24335686.00 6
6172042 29.54 101673.76 23.32 1553869.50 7
6172792 29.62 101673.86 23.31 1609746.50 8
6173541 29.66 101674.20 23.29 1653613.25 9
6174291 29.69 101672.76 23.27 1710586.75 0
6174541 29.61 101672.13 23.27 102400000.00 1
6175790 29.18 101668.59 23.21 102400000.00 2
6180039 29.04 101665.28 23.27 102400000.00 3
6180788 29.27 101668.10 23.30 24989896.00 4
6181538 29.39 101666.45 23.32 24763272.00 5
6182038 29.44 101667.66 23.30 24054322.00 6
6182787 29.52 101666.52 23.32 1541588.25 7
6183537 29.61 101669.42 23.33 1608798.13 8
6184287 29.66 101669.43 23.30 1645640.88 9
6185037 29.67 101667.02 23.28 1689420.50 0
6185287 29.60 101668.27 23.29 102400000.00 1
6186536 29.16 101663.19 23.19 102400000.00 2
6190784 29.03 101659.13 23.26 102400000.00 3
6191534 29.26 101665.29 23.32 25133652.00 4
6192284 29.38 101664.21 23.31 24376418.00 5
6192784 29.43 101663.95 23.32 24120722.00 6
6193534 29.51 101664.50 23.32 1538981.75 7
6194283 29.59 101663.98 23.32 1611646.63 8
6195033 29.64 101664.69 23.31 1641683.38 9
6195783 29.66 101661.69 23.29 1681100.00 0
6196033 29.58 101660.03 23.28 102400000.00 1
6197282 29.14 101682.77 23.20 102400000.00 2
6201530 29.02 101658.16 23.27 102400000.00 3
6202280 29.24 101654.88 23.32 24904428.00 4
6203030 29.37 101655.84 23.32 24485708.00 5
6203530 29.41 101653.88 23.32 24174106.00 6
6204279 29.50 101655.10 23.31 1539849.63 7
6205029 29.57 101652.80 23.30 1601251.00 8
6205779 29.62 101652.66 23.33 1647626.75 9
6206529 29.65 101652.22 23.30 1675941.13 0
6206779 29.57 101652.04 23.27 102400000.00 1
6208028 29.13 101646.85 23.18 102400000.00 2
6212276 29.00 101644.60 23.29 102400000.00 3
6213026 29.22 101644.71 23.30 24805450.00 4
6213776 29.36 101645.80 23.31 24471994.00 5
6214525 29.40 101644.50 23.33 24094118.00 6
6215025 29.48 101645.75 23.33 1544203.63 7
6215775 29.57 101644.67 23.32 1591916.00 8
6216525 29.61 101642.46 23.32 1627980.88 9
6217274 29.64 101642.44 23.30 1660652.75 0
6217524 29.55 101641.73 23.27 102400000.00 1
6218774 29.13 101637.48 23.21 102400000.00 2
6223022 28.99 101631.53 23.24 102400000.00 3
6223772 29.21 101633.05 23.30 24526946.00 4
6224521 29.34 101633.16 23.31 24417288.00 5
6225271 29.39 101632.57 23.33 24067572.00 6
6225771 29.46 101631.06 23.36 1531215.00 7
6226521 29.55 101629.12 23.26 1590062.13 8
6227270 29.60 101629.27 23.31 1600312.50 9
6228020 29.62 101629.01 23.27 1660652.75 0
6228270 29.54 101627.10 23.28 102400000.00 1
6229520 29.11 101623.75 23.24 102400000.00 2
6233768 28.97 101616.70 23.28 102400000.00 3
6234518 29.20 101619.30 23.31 24444610.00 4
6235267 29.33 101622.23 23.31 24308606.00 5
6236017 29.38 101619.62 23.33 23108604.00 6
6236517 29.45 101616.69 23.37 1539849.63 7
6237267 29.54 101616.80 23.35 1588212.50 8
6238016 29.58 101614.19 23.30 1612598.38 9
6238766 29.61 101613.77 23.31 1647626.75 0
6239016 29.53 101614.02 23.27 102400000.00 1
6240266 29.09 101608.95 23.23 102400000.00 2
6244514 28.96 101603.96 23.28 102400000.00 3
6245263 29.19 101607.17 23.32 24335686.00 4
6246013 29.32 101606.41 23.32 24054322.00 5
6246763 29.37 101604.83 23.35 23206798.00 6
6247263 29.44 101601.43 23.32 1518443.00 7
6248013 29.53 101599.70 23.30 1586367.13 8
6248762 29.57 101601.54 23.33 1612598.38 9
6249512 29.59 101598.27 23.34 1651612.88 0
6249762 29.52 101598.27 23.30 102400000.00 1
6251012 29.08 101594.77 23.24 102400000.00 2
6255260 28.95 101586.38 23.26 102400000.00 3
6256009 29.18 101589.41 23.32 24254626.00 4
6256759 29.30 101590.03 23.32 23531778.00 5
6257509 29.36 101589.21 23.33 23231478.00 6
6258009 29.43 101585.48 23.35 1513393.63 7
6258758 29.52 101584.55 23.41 1562762.25 8
6259508 29.56 101583.90 23.30 1603131.13 9
6260258 29.58 101583.18 23.31 1657628.50 0
6260508 29.51 101583.26 23.27 102400000.00 1
6262007 29.07 101580.09 23.25 102400000.00 2
6266005 28.94 101572.64 23.27 102400000.00 3
6266755 29.16 101573.26 23.33 24254626.00 4
6267505 29.30 101574.08 23.32 23582584.00 5
6268254 29.34 101573.02 23.35 23157598.00 6
6268754 29.42 101571.79 23.31 1511718.00 7
6269504 29.50 101570.83 23.32 1571757.50 8
6270254 29.55 101569.02 23.34 1597503.88 9
6271003 29.57 101567.82 23.30 1635782.75 0
6271253 29.49 101567.08 23.31 102400000.00 1
6272753 29.06 101564.51 23.22 102400000.00 2
6276751 28.93 101556.45 23.28 102400000.00 3
6277501 29.16 101558.05 23.33 23455978.00 4
6278250 29.28 101555.27 23.33 23506456.00 5
6279000 29.33 101555.50 23.32 23206798.00 6
6279500 29.41 101554.83 23.34 1509211.50 7
6280250 29.50 101553.69 23.34 1577204.50 8
6280999 29.54 101550.95 23.34 1594705.13 9
6281749 29.56 101550.67 23.31 1630897.88 0
6281999 29.49 101550.53 23.29 102400000.00 1
6283498 29.05 101545.76 23.23 102400000.00 2
6287496 28.92 101539.98 23.29 102400000.00 3
6288246 29.15 101538.12 23.32 24014658.00 4
6288996 29.27 101537.15 23.32 23256210.00 5
6289746 29.32 101536.39 23.33 22606416.00 6
6290495 29.40 101535.47 23.32 1504223.25 7
6290995 29.48 101534.15 23.33 1547704.50 8
6291745 29.53 101532.68 23.34 1590062.13 9
6292495 29.55 101531.59 23.32 1632848.38 0
6292744 29.48 101529.98 23.26 102400000.00 1
6294244 29.04 101526.05 23.23 102400000.00 2
6298242 28.91 101517.72 23.28 102400000.00 3
6298992 29.14 101518.23 23.30 24214298.00 4
6299742 29.26 101519.57 23.31 23256210.00 5
6300491 29.32 101517.82 23.33 22629834.00 6
6301241 29.39 101514.70 23.35 1502567.88 7
6301741 29.48 101512.17 23.35 1544203.63 8
6302491 29.52 101509.16 23.33 1587289.25 9
6303240 29.55 101508.29 23.29 1615460.50 0
6303490 29.47 101508.31 23.30 102400000.00 1
6304990 29.04 101505.64 23.23 102400000.00 2
6308988 28.90 101497.74 23.27 102400000.00 3
6309738 29.13 101499.44 23.30 23506456.00 4
6310487 29.26 101499.59 23.34 23206798.00 5
6311237 29.30 101498.11 23.34 22559724.00 6
6311987 29.39 101494.40 23.34 1503395.13 7
6312487 29.47 101492.01 23.36 1547704.50 8
6313236 29.52 101491.77 23.34 1574476.25 9
6313986 29.54 101490.33 23.31 1608798.13 0
6314236 29.46 101489.44 23.31 102400000.00 1
6315735 29.03 101486.22 23.22 102400000.00 2
6319734 28.89 101478.39 23.27 102400000.00 3
6320484 29.13 101480.80 23.32 23380664.00 4
6321233 29.25 101479.55 23.33 23157598.00 5
6321983 29.30 101477.38 23.33 22676816.00 6
6322733 29.39 101475.32 23.31 1475504.38 7
6323232 29.46 101471.67 23.34 1544203.63 8
6323982 29.51 101471.68 23.29 1579028.50 9
6324732 29.54 101471.14 23.32 1626042.13 0
6324982 29.46 101468.74 23.29 102400000.00 1
6326481 29.02 101465.80 23.24 102400000.00 2
6330480 28.89 101458.73 23.28 102400000.00 3
6331229 29.12 101459.11 23.30 23231478.00 4
6331979 29.25 101457.74 23.34 22914686.00 5
6332729 29.29 101455.55 23.34 22890674.00 6
6333479 29.37 101453.81 23.37 1475504.38 7
6333979 29.46 101452.45 23.34 1531215.00 8
6334728 29.50 101451.88 23.34 1580856.75 9
6335478 29.53 101449.91 23.30 1609746.50 0
6335728 29.45 101449.01 23.31 102400000.00 1
6337227 29.01 101443.16 23.21 102400000.00 2
6341226 28.88 101438.65 23.27 102400000.00 3
6341975 29.11 101437.94 23.31 23280994.00 4
6342725 29.24 101437.68 23.34 23108604.00 5
6343475 29.28 101435.86 23.35 22443836.00 6
6344224 29.37 101435.18 23.32 1469153.50 7
6344724 29.45 101432.28 23.33 1532934.13 8
6345474 29.50 101433.03 23.33 1585446.13 9
6346224 29.52 101431.56 23.34 1596569.88 0
6346474 29.45 101429.60 23.28 102400000.00 1
6347973 29.00 101423.86 23.22 102400000.00 2
6352222 28.88 101415.42 23.28 102400000.00 3
6352721 29.10 101416.44 23.32 23256210.00 4
6353471 29.23 101416.87 23.35 22700382.00 5
6354221 29.28 101416.13 23.34 22260870.00 6
6354970 29.36 101414.83 23.31 1459729.13 7
6355470 29.45 101412.31 23.33 1516756.13 8
6356220 29.49 101407.95 23.34 1562762.25 9
6356970 29.51 101405.27 23.31 1622178.25 0
6357220 29.44 101406.40 23.32 102400000.00 1
6358719 29.00 101402.10 23.22 102400000.00 2
6362967 28.87 101393.88 23.28 102400000.00 3
6363467 29.10 101395.71 23.34 23011236.00 4
6364217 29.22 101394.23 23.33 22866714.00 5
6364967 29.27 101394.49 23.36 22466918.00 6
6365717 29.35 101388.50 23.37 1473911.50 7
6366466 29.43 101386.62 23.35 1538981.75 8
6366966 29.48 101385.59 23.36 1552985.75 9
6367716 29.51 101384.52 23.34 1605015.63 0
6367966 29.43 101382.90 23.29 102400000.00 1
6369465 29.00 101381.91 23.24 102400000.00 2
6373713 28.86 101372.86 23.31 102400000.00 3
6374213 29.09 101373.48 23.32 22914686.00 4
6374963 29.21 101372.09 23.35 22629834.00 5
6375713 29.26 101368.23 23.33 22351978.00 6
6376463 29.34 101367.95 23.31 1456614.50 7
6377212 29.43 101366.66 23.35 1532934.13 8
6377712 29.47 101363.66 23.31 1568147.00 9
6378462 29.50 101362.05 23.30 1603131.13 0
6378712 29.42 101361.83 23.32 102400000.00 1
6380211 28.99 101360.67 23.22 102400000.00 2
6384459 28.86 101353.59 23.28 102400000.00 3
6384959 29.08 101350.63 23.32 22866714.00 4
6385709 29.21 101349.46 23.36 22583046.00 5
6386459 29.26 101348.77 23.35 22193024.00 6
6387208 29.34 101345.59 23.35 1464426.13 7
6387958 29.43 101345.93 23.32 1517599.13 8
6388458 29.47 101343.13 23.32 1584526.13 9
6389207 29.50 101342.27 23.32 1589136.75 0
6389457 29.42 101341.23 23.29 102400000.00 1
6390957 28.98 101337.61 23.23 102400000.00 2
6395205 28.85 101330.02 23.28 102400000.00 3
6395705 29.07 101328.61 23.30 23011236.00 4
6396455 29.21 101328.88 23.34 22559724.00 5
6397204 29.25 101325.68 23.37 22306330.00 6
6397954 29.33 101325.30 23.33 1445817.13 7
6398704 29.42 101323.02 23.32 1504223.25 8
6399204 29.46 101320.70 23.32 1554754.25 9
6399953 29.48 101321.49 23.30 1591916.00 0
6400203 29.41 101319.23 23.30 102400000.00 1
6401703 28.98 101316.63 23.26 102400000.00 2
6405951 28.84 101305.52 23.28 102400000.00 3
6406451 29.06 101306.91 23.34 22818942.00 4
6407200 29.20 101306.59 23.36 22559724.00 5
6407950 29.24 101304.99 23.35 22215594.00 6
6408700 29.32 101302.48 23.33 1447349.88 7
6409450 29.41 101302.09 23.34 1526933.88 8
6409949 29.45 101299.56 23.33 1567247.00 9
6410699 29.48 101297.45 23.36 1574476.25 0
6410949 29.41 101297.62 23.31 102400000.00 1
6412448 28.97 101290.48 23.24 102400000.00 2
6416697 28.83 101283.91 23.27 102400000.00 3
6417196 29.06 101284.90 23.32 22559724.00 4
6417946 29.19 101286.20 23.33 22351978.00 5
6418696 29.24 101284.23 23.33 22283578.00 6
6419445 29.32 101282.10 23.40 1455062.13 7
6420195 29.40 101280.02 23.35 1523526.13 8
6420695 29.45 101280.40 23.36 1571757.50 9
6421445 29.47 101278.30 23.33 1605015.63 0
6421695 29.40 101276.98 23.28 102400000.00 1
6423194 28.96 101272.16 23.24 102400000.00 2
6427442 28.83 101262.52 23.29 102400000.00 3
6427942 29.05 101263.48 23.33 22700382.00 4
6428692 29.18 101263.20 23.34 22260870.00 5
6429442 29.23 101261.81 23.34 22058566.00 6
6430191 29.31 101261.34 23.36 1453513.13 7
6430941 29.40 101260.04 23.35 1483520.50 8
6431441 29.44 101258.13 23.32 1544203.63 9
6432191 29.46 101256.27 23.33 1587289.25 0
6432441 29.39 101256.47 23.27 102400000.00 1
6433940 28.95 101248.95 23.23 102400000.00 2
6438189 28.82 101241.80 23.28 102400000.00 3
6438688 29.04 101243.03 23.32 22420800.00 4
6439438 29.18 101245.48 23.34 22513226.00 5
6440188 29.22 101243.80 23.35 22036314.00 6
6440937 29.31 101241.55 23.35 1444287.75 7
6441687 29.39 101240.54 23.33 1508377.88 8
6442187 29.44 101238.24 23.34 1559193.00 9
6442937 29.46 101238.23 23.34 1598439.00 0
6443187 29.39 101238.32 23.29 102400000.00 1
6444686 28.95 101229.65 23.24 102400000.00 2
6448934 28.82 101221.93 23.30 102400000.00 3
6449684 29.04 101224.30 23.33 22490048.00 4
6450184 29.18 101225.66 23.35 22215594.00 5
6450934 29.22 101224.59 23.34 21969830.00 6
6451683 29.30 101221.81 23.36 1439718.75 7
6452433 29.39 101219.47 23.31 1516756.13 8
6452933 29.43 101217.38 23.35 1569950.13 9
6453683 29.46 101217.05 23.32 1579942.13 0
6453933 29.39 101216.66 23.26 102400000.00 1
6455432 28.94 101208.09 23.21 102400000.00 2
6459680 28.82 101203.77 23.28 102400000.00 3
6460430 29.04 101205.39 23.32 22676816.00 4
6460930 29.17 101204.60 23.33 22215594.00 5
6461679 29.21 101203.12 23.35 21838054.00 6
6462429 29.29 101201.61 23.39 1429169.63 7
6463179 29.38 101200.67 23.36 1515914.13 8
6463679 29.42 101199.29 23.29 1546827.75 9
6464428 29.45 101196.98 23.33 1584526.13 0
6464678 29.38 101195.61 23.31 102400000.00 1
6466178 28.94 101190.84 23.24 102400000.00 2
6470426 28.81 101182.88 23.29 102400000.00 3
6471176 29.03 101183.27 23.33 22559724.00 4
6471676 29.16 101183.45 23.34 22306330.00 5
6472425 29.21 101181.70 23.35 21881804.00 6
6473175 29.30 101181.45 23.34 1439718.75 7
6473925 29.38 101178.87 23.35 1500916.13 8
6474675 29.42 101178.30 23.32 1555640.00 9
6475174 29.45 101176.29 23.35 1550340.63 0
6475424 29.37 101175.52 23.34 102400000.00 1
6476924 28.93 101170.35 23.24 102400000.00 2
6481172 28.80 101164.35 23.29 102400000.00 3
6481922 29.02 101163.67 23.33 22466918.00 4
6482421 29.15 101162.69 23.35 22080862.00 5
6483171 29.21 101163.18 23.32 21751078.00 6
6483921 29.28 101160.84 23.35 1447349.88 7
6484671 29.37 101161.26 23.31 1469153.50 8
6485420 29.41 101157.95 23.37 1556526.75 9
6485920 29.44 101155.81 23.33 1576294.00 0
6486170 29.37 101155.63 23.33 102400000.00 1
6487669 28.93 101150.99 23.25 102400000.00 2
6491918 28.80 101144.30 23.30 102400000.00 3
6492667 29.02 101143.73 23.33 22443836.00 4
6493167 29.15 101145.41 23.36 22080862.00 5
6493917 29.20 101142.63 23.33 21838054.00 6
6494667 29.28 101141.11 23.38 1436688.88 7
6495417 29.36 101139.93 23.41 1510046.13 8
6496166 29.40 101135.18 23.33 1550340.63 9
6496666 29.43 101135.09 23.35 1576294.00 0
6496916 29.36 101134.45 23.30 102400000.00 1
6498416 28.92 101131.09 23.26 102400000.00 2
6502664 28.79 101123.84 23.28 102400000.00 3
6503414 29.01 101124.97 23.35 22193024.00 4
6503913 29.14 101122.15 23.37 21969830.00 5
6504663 29.19 101123.05 23.34 21431000.00 6
6505413 29.27 101119.62 23.32 1448885.75 7
6506163 29.36 101116.23 23.32 1510046.13 8
6506912 29.40 101114.75 23.33 1545077.38 9
6507412 29.42 101113.61 23.35 1571757.50 0
6507662 29.35 101112.55 23.32 102400000.00 1
6509161 28.91 101109.72 23.25 102400000.00 2
6513409 28.78 101102.51 23.29 102400000.00 3
6514159 29.00 101104.87 23.34 22420800.00 4
6514659 29.13 101102.37 23.36 21969830.00 5
6515409 29.19 101100.53 23.37 21664794.00 6
6516158 29.27 101098.13 23.35 1439718.75 7
6516908 29.36 101098.79 23.36 1485134.13 8
6517658 29.40 101097.45 23.33 1560975.63 9
6518158 29.42 101095.13 23.32 1565450.00 0
6518657 29.35 101094.35 23.30 102400000.00 1
6519907 28.91 101091.64 23.24 102400000.00 2
6524155 28.78 101084.55 23.28 102400000.00 3
6524905 29.00 101085.09 23.32 22170500.00 4
6525405 29.13 101084.32 23.36 21947756.00 5
6526154 29.18 101083.01 23.37 21536642.00 6
6526904 29.26 101082.35 23.38 1418773.88 7
6527654 29.35 101081.79 23.39 1509211.50 8
6528404 29.39 101079.23 23.34 1552103.13 9
6528903 29.41 101076.63 23.33 1569048.13 0
6529403 29.34 101076.53 23.31 102400000.00 1
6530653 28.91 101071.50 23.28 102400000.00 2
6534901 28.77 101065.60 23.30 102400000.00 3
6535651 29.00 101063.75 23.31 22014108.00 4
6536151 29.12 101061.74 23.34 21707850.00 5
6536900 29.18 101063.27 23.36 21579190.00 6
6537650 29.25 101061.71 23.33 1451967.38 7
6538400 29.34 101061.23 23.36 1470736.13 8
6539149 29.39 101058.69 23.35 1539849.63 9
6539649 29.41 101056.57 23.34 1591916.00 0
6540149 29.34 101056.70 23.31 102400000.00 1
6541398 28.90 101051.20 23.24 102400000.00 2
6545647 28.77 101044.94 23.30 102400000.00 3
6546396 28.99 101044.24 23.30 21947756.00 4
6547146 29.12 101044.95 23.36 21969830.00 5
6547646 29.17 101044.30 23.37 21347232.00 6
6548396 29.25 101042.57 23.38 1441238.63 7
6549145 29.34 101040.39 23.39 1448885.75 8
6549895 29.39 101037.29 23.32 1526080.50 9
6550395 29.41 101034.50 23.35 1570853.25 0
6550895 29.33 101035.61 23.32 102400000.00 1
6552144 28.89 101031.52 23.24 102400000.00 2
6556392 28.77 101026.21 23.30 102400000.00 3
6557142 28.99 101026.77 23.35 22058566.00 4
6557892 29.12 101026.24 23.35 21969830.00 5
6558392 29.17 101025.86 23.36 21326392.00 6
6559141 29.25 101023.31 23.39 1426183.88 7
6559891 29.34 101019.66 23.30 1483520.50 8
6560641 29.38 101017.98 23.35 1537249.00 9
6561390 29.40 101015.84 23.35 1569950.13 0
6561640 29.32 101015.52 23.34 102400000.00 1
6562890 28.89 101013.44 23.24 102400000.00 2
6567138 28.76 101006.70 23.31 102400000.00 3
6567888 28.98 101010.08 23.34 22080862.00 4
6568638 29.11 101010.67 23.36 21664794.00 5
6569137 29.16 101007.07 23.38 21515430.00 6
6569887 29.24 101004.15 23.35 1435178.75 7
6570637 29.33 101003.13 23.40 1485134.13 8
6571387 29.37 101001.10 23.36 1531215.00 9
6572136 29.39 101000.91 23.34 1550340.63 0
6572386 29.32 100999.84 23.33 102400000.00 1
6573636 28.89 100997.77 23.26 102400000.00 2
6577884 28.76 100990.71 23.32 102400000.00 3
6578634 28.98 100992.83 23.34 21947756.00 4
6579383 29.11 100988.26 23.34 21621906.00 5
6579883 29.16 100988.50 23.37 21326392.00 6
6580633 29.24 100985.93 23.38 1421728.63 7
6581383 29.32 100984.68 23.40 1477100.63 8
6582132 29.37 100984.37 23.37 1526080.50 9
6582882 29.39 100981.70 23.29 1558303.25 0
6583132 29.32 100981.39 23.34 102400000.00 1
6584381 28.88 100979.26 23.25 102400000.00 2
6588630 28.75 100973.09 23.31 102400000.00 3
6589379 28.97 100969.83 23.36 22058566.00 4
6590129 29.10 100968.49 23.35 21600528.00 5
6590629 29.15 100968.46 23.38 21284832.00 6
6591379 29.23 100966.79 23.35 1433671.63 7
6592128 29.32 100966.27 23.34 1500916.13 8
6592878 29.37 100967.06 23.36 1531215.00 9
6593628 29.39 100962.87 23.36 1543330.88 0
6593878 29.32 100963.26 23.34 102400000.00 1
6595127 28.88 100956.63 23.26 102400000.00 2
6599376 28.75 100953.88 23.32 102400000.00 3
6600125 28.97 100952.93 23.36 22103204.00 4
6600875 29.10 100953.95 23.33 21707850.00 5
6601375 29.15 100951.76 23.37 21326392.00 6
6602124 29.23 100951.66 23.35 1427675.13 7
6602874 29.32 100948.43 23.38 1469153.50 8
6603624 29.37 100947.64 23.37 1533795.13 9
6604374 29.39 100945.68 23.36 1555640.00 0
6604624 29.31 100943.91 23.33 102400000.00 1
6605873 28.88 100940.00 23.23 102400000.00 2
6610121 28.74 100933.90 23.31 102400000.00 3
6610871 28.96 100933.86 23.36 21794480.00 4
6611621 29.09 100933.85 23.38 21751078.00 5
6612371 29.15 100934.03 23.36 21243436.00 6
6612870 29.23 100934.19 23.36 1404182.38 7
6613620 29.31 100930.34 23.36 1469153.50 8
6614370 29.36 100930.97 23.38 1527788.13 9
6615120 29.38 100927.70 23.33 1536384.13 0
6615370 29.31 100927.74 23.35 102400000.00 1
6616619 28.88 100923.17 23.24 102400000.00 2
6620867 28.75 100917.27 23.31 102400000.00 3
6621617 28.96 100917.61 23.36 21838054.00 4
6622367 29.09 100917.56 23.36 21389034.00 5
6623116 29.15 100917.27 23.35 21305592.00 6
6623616 29.23 100915.05 23.41 1426183.88 7
6624366 29.31 100914.09 23.35 1467574.38 8
6625116 29.36 100913.59 23.36 1521828.00 9
6625866 29.38 100912.08 23.41 1560083.75 0
6626116 29.31 100911.46 23.33 102400000.00 1
6627365 28.88 100907.56 23.26 102400000.00 2
6631613 28.75 100903.05 23.29 102400000.00 3
6632363 28.96 100904.17 23.38 21838054.00 4
6633113 29.09 100903.63 23.37 21579190.00 5
6633862 29.14 100902.66 23.42 21140646.00 6
6634362 29.23 100902.82 23.37 1423210.63 7
6635112 29.31 100902.79 23.38 1470736.13 8
6635862 29.36 100899.88 23.35 1533795.13 9
6636611 29.38 100898.46 23.39 1540718.50 0
6636861 29.31 100897.82 23.32 102400000.00 1
6638111 28.88 100893.53 23.27 102400000.00 2
6642359 28.74 100887.16 23.32 102400000.00 3
6643109 28.96 100887.84 23.35 21579190.00 4
6643858 29.09 100886.77 23.38 21494260.00 5
6644608 29.14 100886.43 23.38 21202200.00 6
6645108 29.23 100886.92 23.37 1417301.00 7
6645858 29.32 100886.32 23.34 1472322.13 8
6646607 29.36 100883.70 23.35 1533795.13 9
6647357 29.38 100880.32 23.35 1561868.50 0
6647607 29.31 100880.76 23.33 102400000.00 1
6649106 28.87 100875.57 23.25 102400000.00 2
6653105 28.74 100870.42 23.31 102400000.00 3
6653854 28.96 100871.65 23.36 21643328.00 4
6654604 29.09 100872.55 23.38 21284832.00 5
6655354 29.14 100872.40 23.38 21059126.00 6
6655854 29.22 100870.20 23.36 1417301.00 7
6656603 29.31 100869.20 23.36 1478700.38 8
6657353 29.36 100868.18 23.39 1508377.88 9
6658103 29.38 100865.93 23.35 1550340.63 0
6658353 29.30 100866.13 23.33 102400000.00 1
6659852 28.86 100860.80 23.27 102400000.00 2
6663850 28.75 100856.51 23.31 102400000.00 3
6664600 28.96 100856.68 23.37 21947756.00 4
6665350 29.09 100858.05 23.39 21431000.00 5
6666100 29.14 100858.11 23.36 21059126.00 6
6666600 29.22 100854.39 23.38 1421728.63 7
6667349 29.31 100852.35 23.39 1472322.13 8
6668099 29.36 100851.91 23.38 1517599.13 9
6668849 29.38 100849.52 23.35 1539849.63 0
6669099 29.30 100848.74 23.34 102400000.00 1
6670598 28.87 100845.76 23.26 102400000.00 2
6674597 28.74 100841.55 23.30 102400000.00 3
6675346 28.96 100842.58 23.35 21707850.00 4
6676096 29.09 100842.18 23.38 21243436.00 5
6676846 29.14 100840.91 23.35 21222798.00 6
6677595 29.22 100839.39 23.42 1417301.00 7
6678095 29.31 100840.49 23.34 1477100.63 8
6678845 29.35 100836.82 23.36 1510046.13 9
6679595 29.38 100835.41 23.36 1541588.25 0
6679845 29.30 100834.67 23.35 102400000.00 1
6681344 28.86 100831.90 23.27 102400000.00 2
6685342 28.73 100826.91 23.32 102400000.00 3
6686092 28.96 100829.52 23.36 21600528.00 4
6686842 29.08 100826.24 23.36 21284832.00 5
6687591 29.14 100826.47 23.39 21099806.00 6
6688341 29.21 100823.88 23.34 1414364.63 7
6688841 29.31 100823.86 23.38 1459729.13 8
6689591 29.35 100822.53 23.34 1512555.38 9
6690340 29.38 100823.13 23.37 1539849.63 0
6690590 29.30 100821.60 23.33 102400000.00 1
6692090 28.86 100819.39 23.26 102400000.00 2
6696088 28.74 100812.09 23.31 102400000.00 3
6696838 28.95 100812.89 23.34 21925728.00 4
6697588 29.08 100809.38 23.36 21431000.00 5
6698337 29.13 100809.70 23.37 21018602.00 6
6699087 29.21 100808.40 23.35 1407076.63 7
6699587 29.30 100808.23 23.39 1455062.13 8
6700337 29.35 100806.32 23.36 1513393.63 9
6701086 29.38 100808.18 23.31 1546827.75 0
6701336 29.30 100806.51 23.34 102400000.00 1
6702836 28.86 100801.20 23.28 102400000.00 2
6706834 28.73 100799.09 23.32 102400000.00 3
6707584 28.95 100798.75 23.37 21621906.00 4
6708333 29.08 100797.59 23.35 21409996.00 5
6709083 29.13 100796.81 23.39 21120206.00 6
6709833 29.21 100797.60 23.38 1420249.63 7
6710333 29.30 100795.18 23.38 1470736.13 8
6711082 29.35 100794.21 23.36 1510881.63 9
6711832 29.38 100793.02 23.42 1536384.13 0
6712082 29.30 100791.45 23.34 102400000.00 1
6713581 28.86 100787.14 23.28 102400000.00 2
6717580 28.74 100785.63 23.30 102400000.00 3
6718329 28.95 100784.31 23.37 21515430.00 4
6719079 29.08 100785.54 23.38 21305592.00 5
6719829 29.13 100784.73 23.38 21018602.00 6
6720578 29.22 100784.97 23.34 1398429.50 7
6721078 29.30 100782.50 23.44 1456614.50 8
6721828 29.35 100782.20 23.34 1513393.63 9
6722578 29.38 100779.40 23.35 1547704.50 0
6722828 29.30 100780.44 23.35 102400000.00 1
6724327 28.87 100775.40 23.25 102400000.00 2
6728576 28.74 100774.44 23.30 102400000.00 3
6729075 28.95 100773.12 23.34 21557894.00 4
6729825 29.08 100772.76 23.38 21079446.00 5
6730575 29.13 100774.35 23.37 21018602.00 6
6731324 29.21 100773.84 23.26 1411440.38 7
6731824 29.30 100768.76 23.34 1456614.50 8
6732574 29.34 100766.27 23.36 1509211.50 9
6733324 29.38 100768.48 23.36 1544203.63 0
6733574 29.30 100768.22 23.34 102400000.00 1
6735073 28.86 100763.33 23.27 102400000.00 2
6739321 28.73 100762.05 23.31 102400000.00 3
6739821 28.95 100761.72 23.36 21494260.00 4
6740571 29.08 100763.34 23.37 21600528.00 5
6741321 29.13 100760.75 23.39 21099806.00 6
6742071 29.21 100757.38 23.35 1411440.38 7
6742820 29.30 100756.05 23.38 1459729.13 8
6743320 29.35 100755.45 23.40 1508377.88 9
6744070 29.38 100754.91 23.38 1546827.75 0
6744320 29.30 100754.43 23.36 102400000.00 1
6745819 28.86 100752.55 23.28 102400000.00 2
6750068 28.74 100749.26 23.33 102400000.00 3
6750568 28.95 100749.11 23.36 21621906.00 4
6751317 29.08 100748.31 23.37 21347232.00 5
6752067 29.14 100748.61 23.36 21018602.00 6
6752817 29.21 100743.38 23.39 1411440.38 7
6753566 29.30 100743.79 23.38 1450424.88 8
6754066 29.35 100743.11 23.38 1506713.25 9
6754816 29.38 100740.92 23.36 1537249.00 0
6755066 29.30 100740.04 23.34 102400000.00 1
6756565 28.86 100740.07 23.27 102400000.00 2
6760814 28.73 100736.94 23.32 102400000.00 3
6761313 28.95 100738.51 23.35 21621906.00 4
6762063 29.08 100736.87 23.37 21284832.00 5
6762813 29.14 100736.52 23.39 20917970.00 6
6763562 29.22 100734.97 23.39 1388474.63 7
6764312 29.30 100733.96 23.39 1456614.50 8
6764812 29.36 100733.48 23.37 1481910.25 9
6765562 29.38 100732.84 23.37 1526080.50 0
6765812 29.30 100730.61 23.36 102400000.00 1
6767311 28.87 100730.15 23.24 102400000.00 2
6771559 28.73 100726.07 23.32 102400000.00 3
6772059 28.95 100729.42 23.36 21600528.00 4
6772809 29.08 100725.09 23.40 21018602.00 5
6773558 29.13 100724.80 23.36 20897960.00 6
6774308 29.22 100723.78 23.40 1412901.00 7
6775058 29.30 100724.14 23.38 1456614.50 8
6775558 29.35 100723.07 23.37 1483520.50 9
6776308 29.38 100721.07 23.36 1546827.75 0
6776558 29.30 100719.96 23.33 102400000.00 1
6778057 28.87 100718.26 23.26 102400000.00 2
6782305 28.74 100715.43 23.31 102400000.00 3
6782805 28.95 100715.59 23.36 21347232.00 4
6783555 29.09 100714.18 23.36 21120206.00 5
6784305 29.13 100713.73 23.37 20621774.00 6
6785054 29.21 100712.08 23.38 1401300.00 7
6785804 29.30 100711.62 23.37 1441238.63 8
6786304 29.35 100711.21 23.37 1478700.38 9
6787054 29.38 100711.66 23.39 1531215.00 0
6787304 29.30 100708.98 23.33 102400000.00 1
6788803 28.86 100707.35 23.28 102400000.00 2
6793051 28.74 100704.33 23.33 102400000.00 3
6793551 28.95 100702.46 23.38 21305592.00 4
6794301 29.09 100704.59 23.39 21494260.00 5
6795051 29.13 100702.34 23.39 20998398.00 6
6795800 29.22 100703.37 23.38 1401300.00 7
6796550 29.31 100702.36 23.37 1459729.13 8
6797050 29.35 100701.03 23.37 1507545.13 9
6797800 29.38 100699.89 23.37 1526080.50 0
6798049 29.31 100700.15 23.35 102400000.00 1
6799549 28.87 100694.19 23.26 102400000.00 2
6803797 28.74 100693.09 23.32 102400000.00 3
6804547 28.95 100690.83 23.33 21536642.00 4
6805047 29.09 100691.09 23.38 20958106.00 5
6805796 29.14 100690.41 23.38 20858052.00 6
6806546 29.21 100690.38 23.39 1389888.00 7
6807296 29.31 100690.31 23.36 1448885.75 8
6808046 29.36 100687.88 23.38 1501741.50 9
6808545 29.38 100686.91 23.33 1531215.00 0
6808795 29.31 100685.89 23.34 102400000.00 1
6810295 28.87 100682.11 23.26 102400000.00 2
6814543 28.74 100678.09 23.31 102400000.00 3
6815293 28.96 100679.14 23.32 21621906.00 4
6815793 29.09 100680.22 23.38 21059126.00 5
6816542 29.14 100679.54 23.37 21161124.00 6
6817292 29.22 100679.36 23.42 1411440.38 7
6818042 29.31 100677.12 23.36 1453513.13 8
6818791 29.36 100674.54 23.39 1514232.88 9
6819291 29.38 100672.95 23.37 1520980.38 0
6819541 29.30 100674.01 23.35 102400000.00 1
6821040 28.87 100673.44 23.28 102400000.00 2
6825289 28.74 100669.14 23.33 102400000.00 3
6826038 28.96 100670.30 23.40 21305592.00 4
6826538 29.09 100671.63 23.36 21305592.00 5
6827288 29.14 100669.80 23.36 20818298.00 6
6828038 29.23 100669.74 23.40 1388474.63 7
6828787 29.31 100665.31 23.37 1456614.50 8
6829537 29.36 100663.54 23.37 1509211.50 9
6830037 29.38 100663.75 23.36 1529499.63 0
6830287 29.31 100664.19 23.36 102400000.00 1
6831786 28.87 100660.30 23.27 102400000.00 2
6836035 28.74 100646.66 23.32 102400000.00 3
6836785 28.96 100647.83 23.36 21409996.00 4
6837284 29.09 100648.50 23.36 21079446.00 5
6838034 29.14 100659.07 23.38 20838156.00 6
6838784 29.23 100654.80 23.40 1398429.50 7
6839533 29.31 100652.55 23.37 1439718.75 8
6840283 29.36 100652.00 23.37 1511718.00 9
6840783 29.39 100652.52 23.36 1534657.13 0
6841283 29.31 100651.37 23.35 102400000.00 1
6842532 28.88 100650.23 23.27 102400000.00 2
6846781 28.75 100647.81 23.32 102400000.00 3
6847530 28.97 100649.67 23.34 21368112.00 4
6848030 29.10 100647.16 23.37 21140646.00 5
6848780 29.15 100651.01 23.39 20778694.00 6
6849529 29.23 100646.86 23.38 1395570.75 7
6850279 29.32 100645.36 23.37 1445817.13 8
6851029 29.36 100645.24 23.35 1467574.38 9
6851529 29.39 100644.59 23.35 1509211.50 0
6852028 29.32 100642.98 23.34 102400000.00 1
6853278 28.88 100643.15 23.28 102400000.00 2
6857526 28.75 100638.55 23.29 102400000.00 3
6858276 28.97 100641.05 23.37 21536642.00 4
6859026 29.10 100639.64 23.40 21161124.00 5
6859526 29.15 100638.13 23.39 20719570.00 6
6860275 29.23 100634.63 23.35 1394145.63 7
6861025 29.32 100633.96 23.36 1432167.88 8
6861775 29.37 100634.08 23.37 1483520.50 9
6862274 29.39 100632.19 23.37 1516756.13 0
6862774 29.32 100632.71 23.34 102400000.00 1
6864024 28.88 100633.36 23.27 102400000.00 2
6868272 28.75 100636.63 23.33 102400000.00 3
6869022 28.97 100637.35 23.34 21222798.00 4
6869771 29.10 100629.42 23.35 21099806.00 5
6870271 29.15 100625.85 23.36 20798476.00 6
6871021 29.23 100625.67 23.38 1402739.75 7
6871771 29.33 100625.60 23.37 1451967.38 8
6872520 29.37 100624.11 23.34 1511718.00 9
6873020 29.39 100622.55 23.36 1526933.88 0
6873520 29.32 100623.44 23.35 102400000.00 1
6874770 28.89 100624.01 23.29 102400000.00 2
6879018 28.76 100620.55 23.31 102400000.00 3
6879768 28.97 100618.60 23.37 21202200.00 4
6880517 29.10 100617.44 23.39 21347232.00 5
6881017 29.16 100615.14 23.39 20897960.00 6
6881767 29.24 100615.43 23.31 1382849.38 7
6882517 29.33 100615.76 23.39 1450424.88 8
6883266 29.37 100615.36 23.35 1475504.38 9
6884016 29.39 100613.73 23.36 1534657.13 0
6884266 29.33 100614.02 23.33 102400000.00 1
6885515 28.89 100614.32 23.29 102400000.00 2
6889764 28.76 100609.75 23.33 102400000.00 3
6890513 28.98 100608.18 23.36 21264114.00 4
6891263 29.10 100607.13 23.38 20978234.00 5
6891763 29.16 100608.25 23.38 20778694.00 6
6892513 29.24 100607.26 23.38 1389888.00 7
6893262 29.32 100604.39 23.45 1430667.13 8
6894012 29.38 100605.09 23.35 1481910.25 9
6894762 29.40 100603.39 23.38 1517599.13 0
6895012 29.32 100603.24 23.34 102400000.00 1
6896261 28.89 100598.03 23.26 102400000.00 2
6900510 28.76 100599.58 23.31 102400000.00 3
6901259 28.98 100598.16 23.36 21284832.00 4
6902009 29.10 100596.87 23.37 20938020.00 5
6902509 29.16 100596.92 23.37 20858052.00 6
6903258 29.24 100596.21 23.38 1381450.25 7
6904008 29.33 100594.84 23.34 1445817.13 8
6904758 29.38 100594.31 23.41 1481910.25 9
6905508 29.40 100592.82 23.36 1526933.88 0
6905758 29.33 100592.59 23.30 102400000.00 1
6907007 28.89 100590.34 23.28 102400000.00 2
6911255 28.76 100590.23 23.30 102400000.00 3
6912005 28.98 100587.54 23.36 21431000.00 4
6912755 29.11 100587.44 23.38 21120206.00 5
6913255 29.16 100587.95 23.40 20563540.00 6
6914004 29.24 100584.73 23.39 1401300.00 7
6914754 29.33 100584.90 23.38 1447349.88 8
6915504 29.38 100583.70 23.37 1478700.38 9
6916254 29.40 100583.30 23.35 1520133.63 0
6916504 29.33 100581.89 23.35 102400000.00 1
6917753 28.89 100578.99 23.28 102400000.00 2
6922001 28.76 100577.37 23.31 102400000.00 3
6922751 28.98 100579.02 23.36 21389034.00 4
6923501 29.11 100577.80 23.38 20958106.00 5
6924001 29.17 100578.36 23.37 20544200.00 6
6924750 29.24 100575.44 23.38 1398429.50 7
6925500 29.33 100574.80 23.42 1427675.13 8
6926250 29.37 100571.84 23.37 1461291.50 9
6927000 29.41 100574.48 23.34 1515073.00 0
6927250 29.33 100573.56 23.35 102400000.00 1
6928499 28.89 100571.67 23.26 102400000.00 2
6932747 28.77 100566.87 23.30 102400000.00 3
6933497 28.98 100568.77 23.35 21452046.00 4
6934247 29.11 100566.63 23.37 20978234.00 5
6934996 29.16 100567.66 23.36 20858052.00 6
6935496 29.25 100566.38 23.40 1391304.38 7
6936246 29.34 100565.12 23.39 1441238.63 8
6936996 29.38 100564.45 23.37 1472322.13 9
6937745 29.40 100564.42 23.37 1523526.13 0
6937995 29.33 100564.04 23.34 102400000.00 1
6939245 28.89 100560.73 23.25 102400000.00 2
6943493 28.77 100556.87 23.31 102400000.00 3
6944243 28.98 100557.78 23.36 20958106.00 4
6944992 29.11 100557.71 23.38 20838156.00 5
6945742 29.17 100557.89 23.36 20641260.00 6
6946242 29.25 100555.83 23.39 1404182.38 7
6946992 29.34 100555.85 23.40 1453513.13 8
6947742 29.38 100555.00 23.33 1500916.13 9
6948491 29.41 100555.05 23.35 1523526.13 0
6948741 29.34 100553.06 23.34 102400000.00 1
6949991 28.89 100557.39 23.27 102400000.00 2
6954239 28.76 100548.66 23.31 102400000.00 3
6954989 28.98 100550.01 23.36 21018602.00 4
6955738 29.11 100549.77 23.39 21018602.00 5
6956488 29.17 100549.90 23.36 20660782.00 6
6956988 29.25 100548.47 23.38 1394145.63 7
6957737 29.34 100549.02 23.39 1438202.25 8
6958487 29.38 100549.13 23.39 1481910.25 9
6959237 29.40 100546.75 23.37 1524376.63 0
6959487 29.33 100545.81 23.34 102400000.00 1
6960736 28.89 100542.59 23.28 102400000.00 2
6964984 28.77 100539.68 23.29 102400000.00 3
6965734 28.98 100540.13 23.37 21120206.00 4
6966484 29.12 100539.56 23.37 21059126.00 5
6967234 29.16 100538.53 23.40 20680340.00 6
6967733 29.25 100539.24 23.37 1395570.75 7
6968483 29.34 100539.52 23.37 1439718.75 8
6969233 29.38 100538.13 23.37 1478700.38 9
6969983 29.40 100537.77 23.34 1518443.00 0
6970233 29.33 100537.81 23.33 102400000.00 1
6971482 28.90 100534.68 23.28 102400000.00 2
6975730 28.76 100531.03 23.29 102400000.00 3
6976480 28.98 100530.95 23.35 20998398.00 4
6977230 29.11 100530.58 23.39 20958106.00 5
6977980 29.17 100531.26 23.39 20978234.00 6
6978479 29.25 100531.80 23.39 1385656.25 7
6979229 29.33 100530.35 23.37 1441238.63 8
6979979 29.38 100529.68 23.33 1465998.63 9
6980729 29.40 100528.05 23.37 1517599.13 0
6980979 29.34 100527.77 23.35 102400000.00 1
6982478 28.90 100523.74 23.25 102400000.00 2
6986477 28.77 100521.73 23.33 102400000.00 3
6987226 28.98 100521.85 23.37 21243436.00 4
6987976 29.11 100522.10 23.38 20798476.00 5
6988726 29.17 100522.61 23.39 20390790.00 6
6989225 29.25 100523.51 23.36 1387064.00 7
6989975 29.34 100522.77 23.38 1441238.63 8
6990725 29.39 100522.41 23.36 1462857.13 9
6991475 29.41 100520.55 23.38 1512555.38 0
6991725 29.33 100519.49 23.33 102400000.00 1
6993224 28.90 100514.53 23.29 102400000.00 2
6997222 28.77 100513.21 23.30 102400000.00 3
6997972 28.99 100515.29 23.36 21222798.00 4
6998722 29.11 100514.09 23.38 20998398.00 5
6999472 29.18 100515.95 23.40 20602326.00 6
7000221 29.25 100515.19 23.37 1381450.25 7
7000721 29.34 100514.21 23.40 1442761.50 8
7001471 29.39 100514.37 23.40 1469153.50 9
7002221 29.41 100512.95 23.36 1510881.63 0
7002471 29.34 100512.67 23.33 102400000.00 1
7003970 28.90 100507.24 23.29 102400000.00 2
7007969 28.77 100505.98 23.33 102400000.00 3
7008718 28.99 100506.68 23.36 21161124.00 4
7009468 29.11 100506.94 23.37 20818298.00 5
7010218 29.17 100507.90 23.40 20486402.00 6
7010968 29.25 100506.67 23.41 1396998.63 7
7011467 29.34 100506.65 23.39 1438202.25 8
7012217 29.39 100506.83 23.33 1472322.13 9
7012967 29.41 100505.23 23.33 1510881.63 0
7013217 29.34 100505.12 23.34 102400000.00 1
7014716 28.90 100500.67 23.27 102400000.00 2
7018715 28.77 100498.04 23.30 102400000.00 3
7019464 28.99 100499.42 23.36 21038844.00 4
7020214 29.12 100500.28 23.40 20621774.00 5
7020964 29.18 100501.01 23.38 20582914.00 6
7021714 29.26 100499.41 23.39 1392723.63 7
7022213 29.34 100497.81 23.40 1435178.75 8
7022963 29.39 100497.30 23.39 1467574.38 9
7023713 29.41 100495.72 23.40 1505882.38 0
7023963 29.34 100496.72 23.36 102400000.00 1
7025462 28.90 100490.08 23.29 102400000.00 2
7029461 28.77 100487.49 23.31 102400000.00 3
7030210 28.99 100491.34 23.36 21038844.00 4
7030960 29.12 100490.62 23.38 20978234.00 5
7031710 29.18 100498.13 23.38 20680340.00 6
7032459 29.25 100497.84 23.39 1382849.38 7
7032959 29.35 100499.24 23.38 1444287.75 8
7033709 29.39 100497.42 23.37 1462857.13 9
7034459 29.41 100496.68 23.39 1512555.38 0
7034709 29.34 100496.57 23.34 102400000.00 1
7036208 28.90 100485.18 23.28 102400000.00 2
7040206 28.77 100481.52 23.32 102400000.00 3
7040956 29.00 100484.99 23.37 20998398.00 4
7041706 29.13 100485.44 23.37 20897960.00 5
7042456 29.18 100487.48 23.39 20660782.00 6
7043205 29.26 100484.47 23.40 1387064.00 7
7043705 29.34 100483.65 23.39 1418773.88 8
7044455 29.40 100485.43 23.35 1459729.13 9
7045205 29.42 100483.27 23.36 1520133.63 0
7045455 29.34 100481.55 23.36 102400000.00 1
7046954 28.91 100478.69 23.29 102400000.00 2
7051203 28.78 100475.73 23.31 102400000.00 3
7051702 28.99 100477.64 23.37 21120206.00 4
7052452 29.12 100477.47 23.37 20917970.00 5
7053202 29.18 100479.46 23.39 20371774.00 6
7053952 29.26 100478.05 23.32 1377269.63 7
7054451 29.34 100475.75 23.38 1436688.88 8
7055201 29.39 100474.87 23.38 1467574.38 9
7055951 29.41 100474.08 23.37 1485134.13 0
7056201 29.34 100474.08 23.35 102400000.00 1
7057700 28.91 100471.70 23.30 102400000.00 2
7061948 28.78 100467.20 23.32 102400000.00 3
7062448 29.00 100468.37 23.37 21243436.00 4
7063198 29.12 100469.51 23.37 20998398.00 5
7063948 29.18 100468.41 23.38 20467208.00 6
7064698 29.26 100466.91 23.39 1392723.63 7
7065447 29.34 100465.96 23.41 1433671.63 8
7065947 29.39 100465.92 23.42 1461291.50 9
7066697 29.41 100466.31 23.36 1509211.50 0
7066947 29.34 100465.28 23.36 102400000.00 1
7068446 28.91 100463.11 23.28 102400000.00 2
7072694 28.77 100458.77 23.32 102400000.00 3
7073194 29.00 100463.46 23.32 21018602.00 4
7073944 29.13 100460.84 23.38 20858052.00 5
7074694 29.18 100463.11 23.38 20699936.00 6
7075443 29.26 100460.30 23.39 1398429.50 7
7076193 29.35 100459.99 23.44 1439718.75 8
7076693 29.39 100459.80 23.40 1469153.50 9
7077443 29.41 100459.78 23.38 1527788.13 0
7077693 29.34 100459.74 23.32 102400000.00 1
7079192 28.90 100454.45 23.27 102400000.00 2
7083440 28.78 100455.40 23.34 102400000.00 3
7083940 29.00 100456.33 23.37 21202200.00 4
7084690 29.13 100457.18 23.40 20917970.00 5
7085440 29.18 100455.22 23.38 20641260.00 6
7086189 29.26 100454.89 23.40 1384251.38 7
7086939 29.35 100454.89 23.40 1435178.75 8
7087439 29.39 100453.52 23.39 1455062.13 9
7088189 29.42 100454.73 23.39 1509211.50 0
7088439 29.34 100453.47 23.33 102400000.00 1
7089938 28.91 100450.08 23.28 102400000.00 2
7094186 28.78 100448.09 23.32 102400000.00 3
7094686 29.00 100449.34 23.37 21079446.00 4
7095436 29.12 100449.34 23.37 20998398.00 5
7096186 29.18 100450.99 23.37 20641260.00 6
7096935 29.26 100448.82 23.39 1391304.38 7
7097685 29.34 100447.25 23.35 1438202.25 8
7098185 29.39 100447.52 23.39 1470736.13 9
7098935 29.42 100447.28 23.40 1483520.50 0
7099185 29.34 100446.75 23.37 102400000.00 1
7100684 28.91 100444.20 23.28 102400000.00 2
7104932 28.78 100442.10 23.31 102400000.00 3
7105682 29.00 100442.30 23.38 21079446.00 4
7106182 29.13 100442.70 23.38 20838156.00 5
7106932 29.18 100443.03 23.39 20314942.00 6
7107681 29.25 100442.31 23.39 1378660.38 7
7108431 29.34 100441.98 23.39 1423210.63 8
7108931 29.39 100440.32 23.40 1459729.13 9
7109681 29.41 100440.38 23.37 1505052.38 0
7109931 29.34 100439.07 23.35 102400000.00 1
7111430 28.91 100436.86 23.27 102400000.00 2
7115678 28.77 100433.48 23.34 102400000.00 3
7116428 28.99 100433.84 23.38 20838156.00 4
7116928 29.12 100435.25 23.37 20680340.00 5
7117677 29.18 100434.93 23.38 20371774.00 6
7118427 29.25 100435.69 23.38 1385656.25 7
7119177 29.34 100434.25 23.38 1438202.25 8
7119927 29.39 100432.97 23.41 1469153.50 9
7120427 29.41 100431.26 23.39 1519287.88 0
7120676 29.34 100432.47 23.37 102400000.00 1
7122176 28.90 100430.73 23.26 102400000.00 2
7126424 28.77 100428.53 23.34 102400000.00 3
7127174 29.00 100429.27 23.36 21161124.00 4
7127674 29.13 100428.88 23.38 20739240.00 5
7128423 29.18 100428.59 23.38 20524898.00 6
7129173 29.25 100428.34 23.39 1387064.00 7
7129923 29.34 100427.73 23.45 1445817.13 8
7130673 29.39 100424.96 23.39 1473911.50 9
7131172 29.42 100424.50 23.38 1483520.50 0
7131422 29.34 100424.85 23.36 102400000.00 1
7132922 28.91 100420.95 23.30 102400000.00 2
7137170 28.77 100422.34 23.36 102400000.00 3
7137920 28.99 100422.68 23.37 21140646.00 4
7138420 29.12 100422.84 23.38 20758948.00 5
7139169 29.18 100424.87 23.39 20277228.00 6
7139919 29.25 100422.73 23.42 1382849.38 7
7140669 29.34 100421.59 23.40 1427675.13 8
7141418 29.39 100420.70 23.43 1470736.13 9
7141918 29.41 100418.93 23.37 1523526.13 0
7142418 29.34 100420.14 23.32 102400000.00 1
7143667 28.90 100417.06 23.30 102400000.00 2
7147916 28.78 100417.66 23.34 102400000.00 3
7148665 29.00 100418.97 23.37 21059126.00 4
7149165 29.12 100417.83 23.39 20699936.00 5
7149915 29.17 100417.48 23.40 20371774.00 6
7150665 29.25 100415.22 23.40 1380053.88 7
7151414 29.34 100415.39 23.37 1429169.63 8
7152164 29.39 100414.66 23.41 1459729.13 9
7152664 29.41 100412.99 23.44 1515914.13 0
7153164 29.34 100414.27 23.37 102400000.00 1
7154413 28.91 100419.34 23.31 102400000.00 2
7158661 28.77 100418.50 23.33 102400000.00 3
7159411 28.99 100417.52 23.37 20897960.00 4
7159911 29.12 100412.88 23.39 20582914.00 5
7160661 29.18 100414.08 23.40 20428928.00 6
7161410 29.25 100411.80 23.40 1385656.25 7
7162160 29.34 100410.87 23.40 1430667.13 8
7162910 29.39 100410.52 23.39 1464426.13 9
7163409 29.41 100408.10 23.38 1485134.13 0
7163909 29.35 100410.22 23.33 102400000.00 1
7165159 28.90 100406.16 23.29 102400000.00 2
7169407 28.76 100388.61 23.31 102400000.00 3
7170157 28.97 100387.59 23.36 20998398.00 4
7170906 29.10 100381.88 23.35 20877986.00 5
7171406 29.16 100374.89 23.37 20409842.00 6
7172156 29.23 100369.10 23.35 1395570.75 7
7172906 29.32 100362.76 23.35 1432167.88 8
7173655 29.37 100357.03 23.36 1503395.13 9
7174405 29.39 100351.91 23.33 1535520.13 0
7174655 29.32 100349.88 23.31 102400000.00 1
7175905 28.89 100339.02 23.26 102400000.00 2
7180153 28.75 100308.61 23.30 102400000.00 3
7180903 28.96 100304.81 23.33 21368112.00 4
7181652 29.09 100302.13 23.36 21181642.00 5
7182152 29.14 100297.18 23.37 20699936.00 6
7182902 29.23 100290.02 23.39 1408528.25 7
7183652 29.32 100283.35 23.40 1447349.88 8
7184401 29.35 100277.61 23.38 1473911.50 9
7185151 29.38 100273.98 23.39 1541588.25 0
7185401 29.30 100270.90 23.35 102400000.00 1
7186651 28.85 100255.95 23.26 102400000.00 2
7190899 28.69 100181.10 23.27 102400000.00 3
7191648 28.90 100164.95 23.31 21751078.00 4
7192398 29.03 100146.89 23.34 21202200.00 5
7192898 29.08 100128.95 23.37 21079446.00 6
7193648 29.15 100106.25 23.43 1436688.88 7
7194398 29.23 100087.58 23.51 1535520.13 8
7195147 29.27 100064.57 23.60 1578116.00 9
7195897 29.30 100041.52 23.69 1623142.50 0
7196147 29.23 100033.48 23.69 102400000.00 1
7197396 28.80 99988.32 23.91 102400000.00 2
7201645 28.66 99835.10 25.01 102400000.00 3
7202394 28.88 99811.48 25.32 23355666.00 4
7203144 29.01 99785.79 25.77 22938746.00 5
7203644 29.05 99758.58 26.32 22771370.00 6
7204393 29.13 99723.38 26.76 1505052.38 7
7205143 29.21 99695.52 27.05 1590062.13 8
7205893 29.26 99663.41 27.08 1651612.88 9
7206643 29.27 99636.99 27.05 1712732.63 0
7206893 29.21 99626.88 26.98 102400000.00 1
7208142 28.78 99571.48 26.71 102400000.00 2
7212390 28.64 99424.73 25.92 102400000.00 3
7213140 28.85 99399.90 25.86 25680250.00 4
7213890 28.97 99374.95 25.76 25367138.00 5
7214639 29.03 99349.43 25.62 25032850.00 6
7215139 29.11 99324.07 25.57 1616416.75 7
7215889 29.19 99297.59 25.48 1710586.75 8
7216639 29.23 99273.26 25.38 1753424.63 9
7217388 29.27 99253.49 25.26 1837183.25 0
7217638 29.19 99242.18 25.24 102400000.00 1
7218888 28.78 99195.49 25.16 102400000.00 2
7223136 28.68 99063.14 25.63 102400000.00 3
7223886 28.90 99044.58 25.73 27840272.00 4
7224635 29.03 99023.71 25.77 27734236.00 5
7225385 29.09 99004.39 25.80 27215946.00 6
7225885 29.18 98985.31 25.84 1698880.13 7
7226635 29.27 98963.94 25.82 1780869.63 8
7227384 29.32 98943.69 25.83 1840898.88 9
7228134 29.36 98925.84 25.81 1881488.25 0
7228384 29.29 98917.31 25.78 102400000.00 1
7229634 28.88 98883.05 25.63 102400000.00 2
7233882 28.79 98778.43 25.51 102400000.00 3
7234632 29.02 98765.45 25.52 29120640.00 4
7235381 29.15 98750.06 25.50 28512508.00 5
7236131 29.20 98736.91 25.44 28794376.00 6
7236631 29.28 98720.58 25.41 1776235.88 7
7237381 29.37 98706.99 25.38 1844629.63 8
7238130 29.42 98689.16 25.36 1909112.13 9
7238880 29.45 98677.76 25.27 1952801.00 0
7239130 29.38 98671.45 25.23 102400000.00 1
7240379 28.96 98644.91 25.09 102400000.00 2
7244627 28.85 98573.98 24.88 102400000.00 3
7245377 29.07 98561.75 24.87 30891350.00 4
7246127 29.20 98551.16 24.81 30524452.00 5
7246877 29.24 98540.33 24.78 29414722.00 6
7247377 29.32 98529.84 24.76 1837183.25 7
7248126 29.40 98517.45 24.74 1926622.75 8
7248876 29.45 98504.77 24.70 1985458.13 9
7249626 29.47 98495.02 24.65 2031242.25 0
7249876 29.41 98491.82 24.65 102400000.00 1
7251375 28.98 98475.67 24.51 102400000.00 2
7255374 28.84 98424.93 24.48 102400000.00 3
7256123 29.06 98419.28 24.48 31583614.00 4
7256873 29.19 98411.98 24.46 30249712.00 5
7257623 29.23 98405.89 24.47 30166168.00 6
7258122 29.30 98399.41 24.43 1654615.25 7
7258872 29.39 98390.99 24.46 1599375.25 8
7259622 29.43 98384.59 24.44 1551221.38 9
7260372 29.46 98380.45 24.46 1504223.25 0
7260621 29.39 98378.52 24.44 102400000.00 1
7262121 28.96 98367.99 24.44 102400000.00 2
7266119 28.84 98340.70 24.75 102400000.00 3
7266869 29.05 98335.56 24.83 20563540.00 4
7267619 29.19 98333.05 24.85 20202220.00 5
7268368 29.24 98329.13 24.87 19429588.00 6
7269118 29.31 98323.82 24.90 1331599.50 7
7269618 29.40 98320.96 24.92 1368984.00 8
7270368 29.44 98317.45 24.96 1396998.63 9
7271117 29.47 98313.93 24.98 1420249.63 0
7271367 29.41 98312.45 25.00 102400000.00 1
7272867 28.98 98305.75 24.96 102400000.00 2
7276865 28.88 98290.46 25.33 102400000.00 3
7277615 29.11 98289.68 25.43 19090008.00 4
7278364 29.24 98288.83 25.51 18778224.00 5
7279114 29.30 98285.77 25.54 18762096.00 6
7279864 29.38 98283.70 25.61 1330302.00 7
7280364 29.46 98279.83 25.63 1391304.38 8
7281113 29.52 98278.65 25.65 1445817.13 9
7281863 29.54 98276.76 25.65 1483520.50 0
7282113 29.47 98276.09 25.67 102400000.00 1
7283612 29.06 98273.77 25.64 102400000.00 2
7287611 28.97 98268.55 25.82 102400000.00 3
7288360 29.20 98271.73 25.82 19998780.00 4
7289110 29.33 98271.04 25.73 19781466.00 5
7289860 29.38 98268.92 25.65 19190630.00 6
7290610 29.46 98268.48 25.57 1254517.63 7
7291109 29.55 98267.75 25.44 1252216.50 8
7291859 29.61 98268.54 25.41 1267326.75 9
7292609 29.63 98268.25 25.31 1275615.13 0
7292859 29.56 98268.02 25.29 102400000.00 1
7294358 29.14 98270.60 25.04 102400000.00 2
7298357 29.04 98276.26 24.69 102400000.00 3
7299106 29.27 98277.54 24.70 16532795.00 4
7299856 29.40 98280.55 24.63 16384000.00 5
7300606 29.46 98280.39 24.58 15791807.00 6
7301356 29.53 98278.88 24.54 1117903.88 7
7301855 29.62 98280.56 24.47 1132743.38 8
7302605 29.67 98282.12 24.43 1140311.75 9
7303355 29.70 98282.02 24.39 1146054.88 0
7303605 29.63 98284.23 24.34 102400000.00 1
7305104 29.21 98288.87 24.17 102400000.00 2
7309352 29.08 98301.62 23.98 102400000.00 3
7309852 29.31 98305.78 23.95 14274886.00 4
7310602 29.44 98307.00 23.95 14018396.00 5
7311352 29.49 98309.36 23.90 13779647.00 6
7312101 29.57 98311.34 23.84 1027854.44 7
7312601 29.65 98312.38 23.81 1044365.13 8
7313351 29.70 98315.87 23.76 1052415.25 9
7314101 29.73 98317.83 23.68 1056487.00 0
7314351 29.65 98319.83 23.67 102400000.00 1
7315850 29.23 98327.25 23.48 102400000.00 2
7320098 29.09 98341.29 23.36 102400000.00 3
7320598 29.32 98345.42 23.38 13023847.00 4
7321348 29.44 98349.14 23.37 12683569.00 5
7322097 29.49 98349.75 23.37 12588552.00 6
7322847 29.55 98352.27 23.38 963991.50 7
7323597 29.64 98358.29 23.36 997078.88 8
7324097 29.68 98360.28 23.37 1025538.31 9
7324846 29.71 98363.87 23.41 1058124.50 0
7325096 29.64 98364.63 23.33 102400000.00 1
7326596 29.21 98369.83 23.38 102400000.00 2
7330844 29.08 98387.84 23.80 102400000.00 3
7331344 29.31 98394.03 23.89 12661515.00 4
7332094 29.43 98395.86 23.94 12509257.00 5
7332843 29.48 98398.91 24.02 12318797.00 6
7333593 29.55 98401.13 24.02 986275.00 7
7334343 29.63 98404.72 24.07 1045164.56 8
7334843 29.68 98407.57 24.12 1085896.13 9
7335592 29.71 98411.13 24.11 1121577.25 0
7335842 29.63 98411.36 24.15 102400000.00 1
7337342 29.21 98416.48 24.11 102400000.00 2
7341590 29.09 98436.48 24.20 102400000.00 3
7342090 29.31 98441.30 24.21 14136324.00 4
7342839 29.43 98442.80 24.24 13902418.00 5
7343589 29.48 98445.26 24.24 13473684.00 6
7344339 29.56 98449.93 24.20 1037224.63 7
7345088 29.64 98450.46 24.18 1089361.75 8
7345588 29.69 98454.91 24.19 1116989.38 9
7346338 29.71 98457.94 24.11 1140311.75 0
7346588 29.64 98459.63 24.13 102400000.00 1
7348087 29.23 98466.53 24.01 102400000.00 2
7352336 29.11 98491.82 23.96 102400000.00 3
7352836 29.34 98495.22 23.99 14463915.00 4
7353585 29.46 98495.31 23.96 13991460.00 5
7354335 29.51 98500.52 23.97 13753620.00 6
7355085 29.58 98502.70 23.93 1042769.88 7
7355834 29.68 98507.06 23.91 1072251.25 8
7356334 29.72 98510.61 23.88 1105234.75 9
7357084 29.75 98514.55 23.86 1120656.63 0
7357334 29.68 98515.69 23.86 102400000.00 1
7358833 29.26 98525.80 23.68 102400000.00 2
7363082 29.16 98557.55 23.59 102400000.00 3
7363831 29.38 98563.05 23.65 13849535.00 4
7364331 29.51 98566.06 23.60 13457084.00 5
7365081 29.56 98567.89 23.58 13482000.00 6
7365831 29.63 98562.61 23.53 996351.25 7
7366580 29.72 98573.09 23.52 1023232.56 8
7367080 29.77 98570.07 23.49 1034866.13 9
7367830 29.80 98577.67 23.45 1045965.25 0
7368080 29.73 98580.68 23.42 102400000.00 1
7369579 29.31 98589.91 23.27 102400000.00 2
7373827 29.21 98619.72 23.10 102400000.00 3
7374577 29.43 98620.35 23.13 12825049.00 4
7375077 29.56 98625.31 23.12 12445120.00 5
7375827 29.62 98626.34 23.07 11972232.00 6
7376576 29.70 98634.07 23.09 919210.06 7
7377326 29.79 98641.14 23.05 934946.38 8
7378076 29.84 98643.67 23.01 945303.50 9
7378575 29.86 98647.80 22.94 949907.25 0
7378825 29.79 98648.92 22.91 102400000.00 1
7380325 29.37 98660.67 22.82 102400000.00 2
7384573 29.28 98690.65 22.72 102400000.00 3
7385323 29.50 98693.55 22.79 11187436.00 4
7385823 29.63 98699.64 22.75 10853925.00 5
7386572 29.68 98704.95 22.74 10684056.00 6
7387322 29.76 98708.75 22.72 844187.94 7
7388072 29.86 98714.59 22.71 861227.94 8
7388821 29.90 98717.73 22.66 871118.69 9
7389321 29.93 98723.55 22.63 891597.75 0
7389571 29.86 98724.42 22.62 102400000.00 1
7391071 29.44 98733.98 22.48 102400000.00 2
7395319 29.36 98765.01 22.41 102400000.00 3
7396069 29.58 98769.94 22.42 10310887.00 4
7396568 29.71 98776.25 22.40 10129212.00 5
7397318 29.76 98781.22 22.38 9837286.00 6
7398068 29.85 98786.26 22.36 790428.38 7
7398818 29.95 98791.17 22.33 812537.19 8
7399568 29.99 98795.91 22.33 816912.63 9
7400067 30.02 98803.72 22.27 824310.75 0
7400567 29.95 98804.41 22.21 102400000.00 1
7401817 29.52 98811.72 22.14 102400000.00 2
7406065 29.43 98844.04 22.04 102400000.00 3
7406815 29.66 98849.26 22.04 9470520.00 4
7407315 29.79 98855.29 22.04 9253883.00 5
7408064 29.85 98861.40 22.01 9061947.00 6
7408814 29.93 98864.53 22.01 741760.25 7
74