=~=~=~=~=~=~=~=~=~=~=~= PuTTY log 2024.12.06 15:19:03 =~=~=~=~=~=~=~=~=~=~=~=
1233696 29.38 100210.39 10.66 90895976.00 3
1234196 29.57 100209.34 10.73 4827342.50 4
1234946 29.71 100209.65 10.71 4690524.00 5
1235695 29.75 100208.78 10.72 4615211.50 6
1236445 29.84 100208.00 10.73 463663.13 7
1237195 29.93 100208.38 10.72 479288.56 8
1237695 29.98 100208.29 10.74 492781.53 9
1238444 30.01 100210.41 10.72 500366.47 0
1238694 29.95 100208.84 10.72 102400000.00 1
1240194 29.51 100210.04 10.68 97596424.00 2
1244442 29.39 100209.85 10.69 90332184.00 3
1244942 29.59 100207.83 10.71 4806101.50 4
1245691 29.73 100208.63 10.71 4698595.00 5
1246441 29.78 100208.68 10.72 4615211.50 6
1247191 29.86 100207.32 10.73 462093.88 7
1247940 29.95 100208.95 10.72 474623.41 8
1248440 30.00 100209.84 10.74 488899.50 9
1249190 30.03 100207.34 10.74 494925.09 0
1249440 29.96 100208.73 10.71 102400000.00 1
1250940 29.53 100210.85 10.65 98476336.00 2
1255188 29.40 100208.27 10.69 89775344.00 3
1255687 29.61 100207.56 10.70 4772502.00 4
1256437 29.74 100205.78 10.72 4682480.50 5
1257187 29.79 100207.48 10.73 4584219.50 6
1257937 29.88 100207.32 10.71 463348.41 7
1258686 29.96 100206.55 10.70 478616.50 8
1259186 30.02 100207.70 10.72 489600.75 9
1259936 30.04 100205.38 10.73 497449.59 0
1260186 29.97 100207.15 10.71 102400000.00 1
1261685 29.54 100209.81 10.67 97596424.00 2
1265934 29.41 100207.77 10.66 89775344.00 3
1266433 29.62 100206.55 10.69 4755878.00 4
1267183 29.75 100207.33 10.74 4694556.00 5
1267933 29.80 100207.13 10.72 4591928.50 6
1268683 29.89 100205.02 10.71 460224.72 7
1269432 29.98 100206.20 10.73 477278.03 8
1269932 30.02 100204.52 10.71 486807.69 9
1270682 30.05 100206.30 10.73 496003.88 0
1270932 29.99 100207.54 10.71 102400000.00 1
1272431 29.55 100206.66 10.67 96411920.00 2
1276679 29.43 100206.49 10.66 89775344.00 3
1277179 29.63 100204.80 10.69 4780858.00 4
1277929 29.76 100204.19 10.69 4666477.00 5
1278679 29.81 100204.35 10.71 4588070.50 6
1279428 29.89 100201.15 10.71 457449.19 7
1280178 29.99 100204.32 10.74 474293.66 8
1280678 30.03 100204.02 10.70 486114.41 9
1281428 30.05 100204.38 10.72 494925.09 0
1281678 29.99 100205.23 10.72 102400000.00 1
1283177 29.56 100202.85 10.64 95988280.00 2
1287425 29.43 100205.70 10.68 89867672.00 3
1287925 29.64 100205.23 10.67 4727063.00 4
1288674 29.76 100202.95 10.71 4662493.00 5
1289424 29.82 100203.98 10.70 4568879.00 6
1290174 29.90 100205.05 10.73 459295.81 7
1290924 29.99 100205.09 10.72 477278.03 8
1291423 30.04 100205.93 10.76 485768.50 9
1292173 30.06 100205.28 10.70 494566.53 0
1292423 30.00 100206.60 10.70 102400000.00 1
1293922 29.56 100204.63 10.64 96411920.00 2
1298171 29.43 100204.10 10.67 88862376.00 3
1298671 29.64 100202.42 10.67 4731158.00 4
1299420 29.77 100201.74 10.69 4678469.50 5
1300170 29.82 100202.68 10.71 4623025.00 6
1300920 29.90 100199.95 10.67 457449.19 7
1301669 29.99 100200.70 10.70 475615.41 8
1302169 30.04 100200.86 10.74 486807.69 9
1302919 30.06 100199.70 10.71 493493.97 0
1303169 30.00 100202.33 10.69 102400000.00 1
1304668 29.57 100200.91 10.65 97814928.00 2
1308917 29.44 100202.11 10.65 89867672.00 3
1309416 29.64 100199.03 10.68 4835891.50 4
1310166 29.78 100199.94 10.68 4654545.50 5
1310916 29.83 100200.28 10.70 4642675.00 6
1311666 29.91 100197.67 10.71 460224.72 7
1312416 30.00 100200.26 10.71 475615.41 8
1312915 30.05 100199.06 10.70 483703.34 9
1313665 30.07 100197.01 10.71 497087.38 0
1313915 30.00 100198.51 10.68 102400000.00 1
1315414 29.57 100198.40 10.65 96625136.00 2
1319662 29.45 100199.54 10.65 89043480.00 3
1320162 29.65 100196.96 10.67 4743486.00 4
1320912 29.77 100196.15 10.70 4650582.00 5
1321662 29.84 100197.73 10.69 4584219.50 6
1322411 29.91 100196.51 10.71 457449.19 7
1323161 30.01 100196.14 10.69 475284.28 8
1323661 30.05 100196.78 10.69 485078.16 9
1324411 30.07 100195.45 10.68 494566.53 0
1324661 30.01 100197.55 10.68 102400000.00 1
1326160 29.57 100196.41 10.66 95882952.00 2
1330408 29.45 100197.61 10.64 89316528.00 3
1330908 29.65 100195.55 10.67 4785046.50 4
1331658 29.78 100194.81 10.66 4690524.00 5
1332407 29.83 100195.66 10.69 4595792.50 6
1333157 29.92 100197.73 10.70 458063.06 7
1333907 30.01 100197.95 10.69 474293.66 8
1334407 30.05 100197.67 10.70 483360.88 9
1335156 30.07 100196.83 10.70 492071.13 0
1335406 30.02 100198.26 10.67 102400000.00 1
1336906 29.58 100195.49 10.62 96946744.00 2
1341154 29.45 100196.10 10.64 88952832.00 3
1341904 29.65 100193.82 10.66 4739369.50 4
1342403 29.78 100193.17 10.68 4626941.50 5
1343153 29.84 100194.30 10.70 4619114.50 6
1343903 29.92 100194.34 10.68 457755.94 7
1344652 30.01 100197.39 10.70 476279.06 8
1345152 30.05 100196.70 10.73 486114.41 9
1345902 30.09 100195.31 10.69 491716.69 0
1346152 30.02 100196.19 10.68 102400000.00 1
1347651 29.58 100193.82 10.63 96411920.00 2
1351899 29.45 100194.95 10.61 89683200.00 3
1352649 29.66 100194.22 10.64 4760023.00 4
1353149 29.79 100193.21 10.68 4638731.50 5
1353899 29.84 100193.52 10.67 4623025.00 6
1354648 29.92 100195.82 10.67 455921.63 7
1355398 30.01 100195.63 10.69 472979.22 8
1355898 30.05 100193.71 10.68 483360.88 9
1356648 30.08 100194.59 10.70 493493.97 0
1356898 30.02 100194.36 10.69 102400000.00 1
1358397 29.59 100194.16 10.64 96518408.00 2
1362645 29.46 100195.44 10.63 89591248.00 3
1363395 29.66 100193.07 10.66 4735260.00 4
1363895 29.80 100194.16 10.66 4662493.00 5
1364645 29.84 100194.36 10.67 4534735.50 6
1365394 29.93 100194.73 10.70 456226.34 7
1366144 30.01 100194.61 10.68 472979.22 8
1366644 30.06 100193.10 10.64 485423.09 9
1367394 30.09 100192.50 10.70 492426.06 0
1367644 30.02 100193.09 10.68 102400000.00 1
1369143 29.59 100193.13 10.63 95882952.00 2
1373391 29.46 100194.73 10.60 89316528.00 3
1374141 29.66 100193.50 10.67 4702640.50 4
1374641 29.79 100191.02 10.68 4630865.00 5
1375390 29.85 100192.22 10.66 4568879.00 6
1376140 29.93 100191.67 10.70 457755.94 7
1376890 30.01 100192.05 10.71 471998.16 8
1377640 30.06 100192.83 10.67 485768.50 9
1378139 30.08 100191.13 10.70 491009.34 0
1378389 30.03 100193.82 10.66 102400000.00 1
1379889 29.59 100193.08 10.62 96199632.00 2
1384137 29.46 100193.65 10.63 88056432.00 3
1384887 29.67 100191.52 10.63 4722975.00 4
1385387 29.80 100193.11 10.67 4623025.00 5
1386136 29.85 100192.15 10.67 4599663.00 6
1386886 29.93 100192.53 10.67 458063.06 7
1387636 30.02 100192.23 10.68 474293.66 8
1388386 30.06 100192.73 10.71 485768.50 9
1388885 30.09 100192.81 10.68 491716.69 0
1389136 30.03 100193.48 10.64 102400000.00 1
1390635 29.60 100192.85 10.64 96199632.00 2
1394883 29.46 100195.03 10.61 89316528.00 3
1395633 29.67 100192.70 10.64 4735260.00 4
1396133 29.80 100192.63 10.65 4630865.00 5
1396882 29.85 100194.55 10.67 4561247.00 6
1397632 29.93 100194.36 10.69 456531.44 7
1398382 30.02 100194.93 10.68 471998.16 8
1399132 30.07 100196.13 10.64 482677.34 9
1399632 30.10 100196.55 10.63 491362.75 0
1399882 30.03 100196.34 10.67 101566832.00 1
1401381 29.60 100194.35 10.62 95672992.00 2
1405629 29.46 100193.93 10.60 89134312.00 3
1406379 29.67 100192.82 10.62 4710753.50 4
1406879 29.80 100193.57 10.66 4591928.50 5
1407628 29.85 100193.27 10.63 4584219.50 6
1408378 29.93 100191.28 10.60 456836.94 7
1409128 30.03 100194.91 10.69 472324.72 8
1409878 30.07 100192.29 10.66 484389.78 9
1410378 30.10 100190.38 10.70 496364.53 0
1410627 30.04 100192.56 10.69 102400000.00 1
1412127 29.59 100189.48 10.63 96732104.00 2
1416375 29.46 100191.74 10.61 89499488.00 3
1417125 29.67 100189.82 10.64 4739369.50 4
1417624 29.80 100189.12 10.66 4670467.50 5
1418374 29.85 100187.28 10.64 4568879.00 6
1419124 29.94 100188.56 10.64 456836.94 7
1419874 30.03 100189.38 10.67 474623.41 8
1420624 30.07 100189.03 10.65 485078.16 9
1421123 30.09 100188.11 10.65 492781.53 0
1421373 30.03 100189.00 10.65 102400000.00 1
1422873 29.59 100188.42 10.63 95672992.00 2
1427121 29.47 100189.31 10.63 88952832.00 3
1427871 29.67 100188.48 10.65 4731158.00 4
1428371 29.80 100190.34 10.65 4670467.50 5
1429120 29.86 100188.93 10.64 4519724.00 6
1429870 29.93 100187.97 10.71 458370.63 7
1430620 30.02 100188.86 10.68 470696.41 8
1431370 30.07 100189.56 10.60 483360.88 9
1431869 30.09 100187.29 10.68 493493.97 0
1432119 30.03 100189.44 10.65 102400000.00 1
1433619 29.60 100187.34 10.59 97054424.00 2
1437867 29.46 100187.71 10.62 88772096.00 3
1438617 29.67 100186.55 10.63 4772502.00 4
1439117 29.80 100187.47 10.66 4674465.00 5
1439866 29.86 100188.88 10.65 4546060.00 6
1440616 29.94 100189.16 10.64 454102.00 7
1441366 30.02 100187.54 10.65 473964.38 8
1442116 30.07 100187.31 10.66 485423.09 9
1442616 30.10 100186.27 10.64 494208.50 0
1442865 30.03 100187.91 10.64 102400000.00 1
1444365 29.59 100184.98 10.61 96199632.00 2
1448613 29.46 100185.57 10.62 89775344.00 3
1449363 29.67 100184.97 10.64 4727063.00 4
1449863 29.80 100185.70 10.66 4626941.50 5
1450612 29.85 100185.70 10.64 4523467.50 6
1451362 29.94 100186.72 10.64 456836.94 7
1452112 30.02 100184.38 10.65 473964.38 8
1452861 30.07 100184.21 10.66 484389.78 9
1453361 30.09 100183.98 10.67 495643.75 0
1453611 30.03 100185.91 10.67 102400000.00 1
1455111 29.60 100184.34 10.60 96305656.00 2
1459359 29.46 100183.73 10.61 88862376.00 3
1460109 29.68 100183.16 10.63 4735260.00 4
1460608 29.80 100183.21 10.62 4682480.50 5
1461358 29.86 100184.01 10.63 4584219.50 6
1462108 29.94 100183.09 10.60 454404.25 7
1462858 30.02 100183.37 10.66 475947.00 8
1463607 30.07 100182.47 10.65 485768.50 9
1464107 30.10 100181.08 10.65 490656.44 0
1464607 30.04 100183.38 10.67 102400000.00 1
1465856 29.60 100181.23 10.61 96411920.00 2
1470105 29.46 100181.29 10.61 89591248.00 3
1470854 29.68 100182.25 10.63 4702640.50 4
1471354 29.80 100182.27 10.64 4626941.50 5
1472104 29.85 100182.41 10.63 4603540.50 6
1472854 29.94 100184.08 10.67 456836.94 7
1473604 30.03 100183.38 10.66 470048.19 8
1474353 30.07 100181.82 10.65 484389.78 9
1474853 30.09 100179.69 10.63 491362.75 0
1475353 30.03 100183.03 10.66 102400000.00 1
1476602 29.60 100182.80 10.58 95672992.00 2
1480851 29.46 100181.17 10.60 87791024.00 3
1481600 29.67 100179.56 10.62 4674465.00 4
1482100 29.80 100179.98 10.61 4658516.00 5
1482850 29.85 100179.73 10.62 4611314.50 6
1483600 29.94 100178.85 10.67 453498.66 7
1484349 30.02 100178.88 10.65 466196.22 8
1485099 30.07 100179.30 10.67 484046.31 9
1485599 30.10 100177.48 10.66 490304.03 0
1486099 30.03 100178.95 10.63 101096800.00 1
1487348 29.60 100178.68 10.60 95463944.00 2
1491596 29.47 100178.86 10.61 87879320.00 3
1492346 29.67 100175.54 10.60 4694556.00 4
1492846 29.81 100178.59 10.62 4626941.50 5
1493595 29.85 100177.87 10.64 4527217.50 6
1494345 29.94 100177.41 10.64 452296.81 7
1495095 30.02 100178.03 10.64 471998.16 8
1495845 30.07 100175.09 10.63 484046.31 9
1496345 30.09 100174.33 10.66 491362.75 0
1496844 30.03 100177.06 10.63 100747120.00 1
1498094 29.59 100175.16 10.62 93723272.00 2
1502342 29.46 100175.13 10.60 87439624.00 3
1503092 29.67 100174.43 10.61 4678469.50 4
1503592 29.80 100175.90 10.62 4619114.50 5
1504341 29.85 100175.84 10.63 4486309.00 6
1505091 29.93 100175.84 10.65 455313.47 7
1505841 30.02 100175.09 10.67 470696.41 8
1506590 30.07 100173.67 10.64 480300.19 9
1507090 30.09 100173.94 10.62 489952.16 0
1507590 30.03 100176.01 10.61 101685024.00 1
1508840 29.59 100172.32 10.59 94636824.00 2
1513088 29.46 100173.95 10.61 88502360.00 3
1513838 29.67 100171.95 10.62 4722975.00 4
1514337 29.80 100172.81 10.64 4630865.00 5
1515087 29.85 100174.08 10.64 4515987.00 6
1515837 29.93 100172.73 10.63 452596.69 7
1516587 30.02 100174.03 10.64 468435.50 8
1517336 30.07 100172.98 10.64 481655.69 9
1517836 30.09 100169.27 10.64 489600.75 0
1518336 30.03 100172.77 10.64 101331272.00 1
1519586 29.59 100173.12 10.60 94534440.00 2
1523834 29.47 100173.70 10.61 88592088.00 3
1524584 29.67 100172.74 10.63 4702640.50 4
1525083 29.80 100173.09 10.63 4638731.50 5
1525833 29.85 100173.69 10.63 4572704.50 6
1526583 29.93 100172.35 10.65 453197.63 7
1527333 30.02 100172.91 10.66 469401.78 8
1528082 30.06 100170.44 10.64 481655.69 9
1528582 30.09 100172.27 10.64 491009.34 0
1529082 30.02 100172.70 10.63 100979968.00 1
1530331 29.60 100173.05 10.60 94127112.00 2
1534580 29.46 100173.15 10.58 87527216.00 3
1535329 29.66 100171.48 10.60 4630865.00 4
1536079 29.80 100173.66 10.61 4623025.00 5
1536579 29.85 100174.31 10.62 4467957.50 6
1537329 29.93 100170.77 10.63 453197.63 7
1538078 30.02 100172.09 10.63 470372.06 8
1538828 30.06 100169.40 10.62 480300.19 9
1539328 30.09 100169.68 10.63 491009.34 0
1539828 30.02 100171.16 10.64 102400000.00 1
1541077 29.59 100170.80 10.58 95152088.00 2
1545325 29.46 100173.19 10.59 87702912.00 3
1546075 29.67 100171.55 10.62 4710753.50 4
1546825 29.80 100173.03 10.63 4603540.50 5
1547325 29.85 100174.38 10.63 4504811.50 6
1548074 29.93 100173.11 10.63 455313.47 7
1548824 30.02 100173.50 10.61 469724.78 8
1549574 30.06 100171.53 10.66 478616.50 9
1550074 30.09 100171.17 10.63 486807.69 0
1550573 30.03 100174.90 10.62 101803496.00 1
1551823 29.59 100171.99 10.56 94432280.00 2
1556071 29.46 100174.16 10.58 88592088.00 3
1556821 29.67 100174.56 10.61 4686499.00 4
1557571 29.80 100173.35 10.61 4642675.00 5
1558070 29.85 100175.13 10.62 4523467.50 6
1558820 29.93 100173.68 10.63 456531.44 7
1559570 30.02 100173.82 10.65 469724.78 8
1560319 30.07 100173.26 10.63 479288.56 9
1561069 30.09 100172.30 10.60 488549.63 0
1561319 30.03 100173.60 10.62 100631096.00 1
1562568 29.59 100172.45 10.57 94945312.00 2
1566817 29.47 100173.90 10.59 87352216.00 3
1567566 29.67 100171.30 10.61 4702640.50 4
1568316 29.80 100174.71 10.61 4634795.00 5
1568816 29.86 100172.63 10.62 4512255.50 6
1569566 29.93 100172.41 10.63 454404.25 7
1570316 30.02 100172.20 10.64 469079.25 8
1571065 30.07 100171.11 10.62 481316.09 9
1571815 30.09 100170.47 10.62 489249.88 0
1572065 30.03 100171.87 10.62 102400000.00 1
1573314 29.59 100168.59 10.57 94636824.00 2
1577562 29.46 100169.03 10.59 88502360.00 3
1578312 29.67 100167.71 10.63 4706693.50 4
1579062 29.80 100168.56 10.60 4603540.50 5
1579562 29.85 100168.49 10.62 4497392.50 6
1580311 29.93 100168.10 10.62 455313.47 7
1581061 30.02 100166.87 10.68 470696.41 8
1581811 30.07 100165.49 10.62 478952.28 9
1582561 30.09 100165.14 10.59 489600.75 0
1582811 30.03 100166.56 10.62 102400000.00 1
1584060 29.59 100166.48 10.57 94432280.00 2
1588308 29.47 100167.69 10.59 87879320.00 3
1589058 29.68 100166.12 10.61 4727063.00 4
1589808 29.80 100166.15 10.62 4603540.50 5
1590307 29.86 100167.41 10.61 4482626.50 6
1591057 29.94 100164.55 10.62 453197.63 7
1591807 30.03 100162.95 10.64 470048.19 8
1592557 30.07 100161.59 10.66 476944.56 9
1593306 30.10 100162.51 10.63 487851.34 0
1593556 30.04 100165.16 10.60 102160560.00 1
1594806 29.60 100165.34 10.55 94636824.00 2
1599054 29.47 100165.31 10.60 87177920.00 3
1599804 29.68 100164.63 10.59 4678469.50 4
1600553 29.81 100165.86 10.60 4666477.00 5
1601053 29.86 100167.31 10.62 4457018.50 6
1601803 29.94 100165.56 10.61 455010.00 7
1602553 30.03 100163.81 10.62 470048.19 8
1603303 30.07 100161.41 10.63 479625.28 9
1604052 30.10 100165.06 10.62 489249.88 0
1604302 30.03 100165.60 10.62 101922240.00 1
1605552 29.61 100164.81 10.58 94739432.00 2
1609800 29.47 100163.59 10.58 88056432.00 3
1610550 29.68 100164.09 10.60 4694556.00 4
1611299 29.81 100164.10 10.60 4530973.50 5
1611799 29.86 100163.98 10.58 4486309.00 6
1612549 29.94 100164.33 10.61 453498.66 7
1613299 30.03 100162.83 10.62 468114.28 8
1614049 30.07 100162.85 10.69 480300.19 9
1614798 30.10 100162.02 10.63 489952.16 0
1615048 30.04 100163.80 10.61 102400000.00 1
1616298 29.61 100163.09 10.59 94842256.00 2
1620546 29.48 100165.06 10.56 88952832.00 3
1621296 29.68 100163.14 10.58 4694556.00 4
1622045 29.81 100162.07 10.59 4623025.00 5
1622545 29.86 100161.44 10.60 4580374.50 6
1623295 29.94 100161.47 10.62 457755.94 7
1624045 30.03 100160.47 10.68 469079.25 8
1624794 30.07 100160.23 10.62 482336.31 9
1625544 30.10 100159.54 10.62 489249.88 0
1625794 30.04 100162.80 10.62 102041264.00 1
1627043 29.61 100162.01 10.56 95359768.00 2
1631292 29.48 100162.69 10.53 88056432.00 3
1632041 29.68 100163.54 10.59 4674465.00 4
1632791 29.82 100164.52 10.60 4561247.00 5
1633291 29.86 100164.47 10.59 4534735.50 6
1634041 29.95 100165.12 10.59 452296.81 7
1634790 30.04 100164.83 10.61 470696.41 8
1635540 30.08 100162.10 10.63 482336.31 9
1636290 30.10 100160.71 10.62 489249.88 0
1636540 30.04 100161.37 10.58 101448920.00 1
1637789 29.61 100162.74 10.57 94127112.00 2
1642037 29.47 100162.67 10.57 87879320.00 3
1642787 29.68 100162.05 10.58 4702640.50 4
1643537 29.81 100163.13 10.59 4527217.50 5
1644037 29.86 100164.07 10.59 4572704.50 6
1644786 29.95 100161.36 10.61 454102.00 7
1645536 30.04 100160.82 10.63 470048.19 8
1646286 30.08 100159.64 10.60 481655.69 9
1647036 30.11 100160.35 10.63 488549.63 0
1647285 30.04 100162.00 10.61 102160560.00 1
1648535 29.61 100161.24 10.55 94534440.00 2
1652783 29.48 100159.98 10.54 87702912.00 3
1653533 29.69 100160.33 10.57 4698595.00 4
1654282 29.82 100161.90 10.59 4588070.50 5
1654782 29.87 100161.27 10.60 4515987.00 6
1655532 29.95 100159.78 10.61 455313.47 7
1656282 30.04 100157.88 10.60 468757.16 8
1657031 30.09 100156.49 10.59 477946.31 9
1657781 30.11 100158.01 10.61 488200.25 0
1658031 30.05 100159.04 10.59 102400000.00 1
1659281 29.61 100158.80 10.55 95359768.00 2
1663529 29.48 100159.33 10.57 87879320.00 3
1664278 29.69 100160.00 10.58 4658516.00 4
1665028 29.82 100159.02 10.61 4611314.50 5
1665528 29.87 100160.06 10.61 4482626.50 6
1666278 29.96 100157.15 10.60 451997.34 7
1667027 30.04 100155.98 10.55 466833.81 8
1667777 30.09 100156.15 10.61 478616.50 9
1668527 30.12 100155.94 10.60 489952.16 0
1668777 30.05 100156.60 10.59 102400000.00 1
1670026 29.62 100156.49 10.57 94432280.00 2
1674274 29.49 100156.51 10.57 88323448.00 3
1675024 29.69 100156.21 10.56 4654545.50 4
1675774 29.83 100157.03 10.60 4572704.50 5
1676274 29.88 100157.80 10.59 4497392.50 6
1677023 29.96 100154.20 10.62 453197.63 7
1677773 30.04 100152.73 10.60 466833.81 8
1678523 30.09 100152.34 10.60 480300.19 9
1679273 30.11 100150.79 10.56 486460.81 0
1679523 30.05 100152.93 10.60 102400000.00 1
1680772 29.63 100153.51 10.55 94739432.00 2
1685020 29.50 100153.98 10.54 86917768.00 3
1685770 29.70 100152.49 10.59 4658516.00 4
1686520 29.83 100154.45 10.58 4557441.00 5
1687269 29.88 100153.99 10.58 4497392.50 6
1687769 29.96 100151.46 10.61 451399.59 7
1688519 30.05 100150.94 10.58 466833.81 8
1689269 30.10 100151.45 10.61 478281.19 9
1690018 30.13 100151.88 10.59 486460.81 0
1690268 30.06 100151.23 10.63 101448920.00 1
1691518 29.63 100152.74 10.54 93924760.00 2
1695766 29.50 100153.95 10.55 86745200.00 3
1696516 29.70 100153.60 10.56 4674465.00 4
1697266 29.84 100155.17 10.60 4646625.00 5
1698015 29.88 100154.52 10.57 4489997.50 6
1698515 29.97 100153.51 10.57 452596.69 7
1699265 30.06 100150.85 10.61 467793.50 8
1700014 30.10 100150.42 10.59 479625.28 9
1700764 30.13 100152.48 10.61 486114.41 0
1701014 30.07 100152.31 10.58 100515336.00 1
1702264 29.63 100152.24 10.55 93924760.00 2
1706512 29.50 100153.49 10.50 86659176.00 3
1707262 29.70 100153.52 10.57 4658516.00 4
1708011 29.84 100153.70 10.57 4557441.00 5
1708761 29.89 100154.27 10.60 4460659.00 6
1709261 29.97 100153.77 10.61 451101.31 7
1710010 30.05 100151.47 10.59 466514.81 8
1710760 30.10 100149.87 10.59 476944.56 9
1711510 30.13 100150.27 10.57 482336.31 0
1711760 30.07 100151.38 10.59 98476336.00 1
1713009 29.63 100150.16 10.53 91754984.00 2
1717258 29.50 100151.74 10.53 85724000.00 3
1718007 29.71 100151.83 10.54 4611314.50 4
1718757 29.84 100153.00 10.56 4486309.00 5
1719507 29.89 100151.36 10.58 4497392.50 6
1720006 29.97 100148.27 10.58 455010.00 7
1720756 30.06 100149.54 10.60 459605.03 8
1721506 30.11 100149.40 10.58 479288.56 9
1722256 30.13 100146.37 10.61 485078.16 0
1722506 30.07 100148.57 10.59 99598784.00 1
1723755 29.63 100150.69 10.53 92925912.00 2
1728003 29.51 100151.09 10.57 86917768.00 3
1728753 29.71 100148.84 10.57 4634795.00 4
1729503 29.84 100151.59 10.57 4497392.50 5
1730252 29.89 100149.51 10.58 4538504.00 6
1730752 29.98 100148.38 10.59 452896.94 7
1731502 30.06 100148.95 10.66 465243.06 8
1732252 30.11 100147.37 10.61 478616.50 9
1733001 30.14 100149.35 10.60 485768.50 0
1733251 30.07 100148.52 10.57 100054960.00 1
1734501 29.64 100149.73 10.56 93123976.00 2
1738749 29.51 100148.76 10.53 86573312.00 3
1739499 29.71 100149.06 10.57 4698595.00 4
1740248 29.85 100150.94 10.58 4538504.00 5
1740998 29.89 100148.55 10.60 4449755.50 6
1741498 29.98 100148.32 10.56 452596.69 7
1742248 30.06 100147.31 10.59 467153.28 8
1742997 30.11 100146.63 10.57 479625.28 9
1743747 30.13 100145.86 10.57 482677.34 0
1743997 30.07 100147.84 10.56 99826352.00 1
1745246 29.64 100147.51 10.54 93223328.00 2
1749495 29.51 100148.40 10.54 87264984.00 3
1750244 29.71 100149.39 10.52 4666477.00 4
1750994 29.85 100149.55 10.58 4642675.00 5
1751744 29.89 100149.60 10.57 4486309.00 6
1752243 29.98 100147.13 10.55 450505.94 7
1752993 30.07 100146.36 10.56 467153.28 8
1753743 30.12 100147.85 10.57 474623.41 9
1754493 30.14 100145.92 10.59 487502.97 0
1754743 30.07 100146.07 10.58 101685024.00 1
1755992 29.64 100148.05 10.54 93522656.00 2
1760240 29.52 100148.12 10.53 87439624.00 3
1760990 29.72 100147.62 10.58 4626941.50 4
1761740 29.85 100147.62 10.58 4615211.50 5
1762490 29.90 100145.56 10.58 4580374.50 6
1762989 29.98 100144.84 10.60 449912.13 7
1763739 30.07 100144.84 10.57 464926.22 8
1764489 30.12 100145.46 10.56 474953.63 9
1765239 30.15 100144.87 10.54 486114.41 0
1765489 30.08 100145.98 10.59 100631096.00 1
1766738 29.64 100145.83 10.53 93622856.00 2
1770986 29.52 100144.02 10.53 86745200.00 3
1771736 29.72 100145.03 10.55 4670467.50 4
1772486 29.85 100145.03 10.58 4572704.50 5
1773236 29.90 100142.33 10.57 4464305.00 6
1773736 29.99 100142.70 10.57 453498.66 7
1774485 30.07 100142.80 10.58 463663.13 8
1775235 30.12 100143.17 10.59 476279.06 9
1775985 30.14 100141.86 10.56 483360.88 0
1776235 30.08 100141.64 10.57 102160560.00 1
1777484 29.64 100142.37 10.55 94025824.00 2
1781732 29.51 100141.07 10.52 87439624.00 3
1782482 29.72 100140.38 10.56 4682480.50 4
1783232 29.85 100142.11 10.59 4576536.50 5
1783981 29.91 100141.68 10.57 4512255.50 6
1784481 29.99 100139.05 10.53 449912.13 7
1785231 30.07 100140.34 10.57 468114.28 8
1785981 30.12 100140.63 10.57 476279.06 9
1786731 30.14 100138.80 10.60 482677.34 0
1786980 30.07 100140.20 10.56 100399848.00 1
1788480 29.65 100142.22 10.50 93422664.00 2
1792478 29.52 100140.87 10.53 86316760.00 3
1793228 29.72 100140.04 10.54 4576536.50 4
1793978 29.85 100139.55 10.55 4523467.50 5
1794727 29.90 100139.32 10.54 4435300.50 6
1795227 29.99 100139.90 10.60 452296.81 7
1795977 30.07 100140.03 10.59 462720.28 8
1796727 30.12 100138.95 10.56 473964.38 9
1797476 30.14 100138.82 10.59 483703.34 0
1797726 30.07 100138.17 10.56 99146744.00 1
1799226 29.64 100142.25 10.51 92336736.00 2
1803224 29.52 100129.53 10.52 85472448.00 3
1803974 29.72 100129.86 10.52 4568879.00 4
1804724 29.86 100141.17 10.54 4576536.50 5
1805473 29.90 100139.59 10.57 4403117.50 6
1806223 29.99 100141.43 10.59 450505.94 7
1806723 30.07 100136.20 10.54 465243.06 8
1807472 30.12 100144.63 10.56 474293.66 9
1808222 30.15 100146.41 10.56 483703.34 0
1808472 30.09 100148.30 10.56 99259368.00 1
1809972 29.66 100147.70 10.52 91948088.00 2
1813970 29.52 100141.78 10.53 85892528.00 3
1814720 29.72 100141.87 10.54 4658516.00 4
1815469 29.86 100141.06 10.55 4591928.50 5
1816219 29.90 100139.65 10.54 4435300.50 6
1816969 29.99 100139.57 10.55 450803.44 7
1817469 30.08 100140.22 10.58 462093.88 8
1818218 30.13 100138.60 10.59 473635.53 9
1818968 30.15 100137.59 10.59 483703.34 0
1819218 30.09 100139.94 10.56 99485392.00 1
1820717 29.66 100139.88 10.52 92239272.00 2
1824716 29.52 100136.83 10.52 85472448.00 3
1825465 29.73 100138.03 10.53 4615211.50 4
1826215 29.86 100136.61 10.54 4546060.00 5
1826965 29.91 100140.97 10.58 4464305.00 6
1827715 29.99 100123.94 10.54 448434.41 7
1828214 30.08 100123.27 10.58 462720.28 8
1828964 30.12 100121.24 10.59 474953.63 9
1829714 30.15 100122.61 10.55 482336.31 0
1829964 30.08 100122.42 10.57 98698792.00 1
1831463 29.65 100122.98 10.53 92142000.00 2
1835461 29.53 100136.95 10.53 85808184.00 3
1836211 29.73 100137.58 10.52 4580374.50 4
1836961 29.86 100135.59 10.56 4561247.00 5
1837711 29.91 100136.70 10.56 4464305.00 6
1838460 30.00 100133.88 10.57 446966.38 7
1838960 30.08 100137.18 10.56 462093.88 8
1839710 30.12 100133.99 10.59 475615.41 9
1840460 30.15 100135.20 10.56 484046.31 0
1840710 30.08 100134.72 10.55 99712440.00 1
1842209 29.65 100136.57 10.52 92630392.00 2
1846207 29.53 100135.13 10.51 85556136.00 3
1846957 29.73 100134.25 10.53 4557441.00 4
1847707 29.86 100132.70 10.53 4515987.00 5
1848456 29.91 100131.82 10.58 4471615.50 6
1849206 29.99 100131.95 10.60 447259.22 7
1849706 30.08 100132.98 10.56 462720.28 8
1850456 30.13 100132.76 10.57 475284.28 9
1851205 30.15 100131.99 10.55 478952.28 0
1851456 30.08 100131.51 10.55 100284624.00 1
1852955 29.66 100133.12 10.52 92044944.00 2
1856953 29.52 100140.43 10.52 85639984.00 3
1857703 29.72 100138.04 10.55 4615211.50 4
1858452 29.86 100138.22 10.56 4538504.00 5
1859202 29.91 100133.57 10.59 4367902.00 6
1859952 29.99 100129.77 10.53 448729.19 7
1860452 30.08 100130.20 10.58 462093.88 8
1861201 30.13 100129.42 10.58 469724.78 9
1861951 30.15 100128.94 10.58 478281.19 0
1862201 30.09 100130.84 10.59 96305656.00 1
1863701 29.66 100129.27 10.52 91085480.00 2
1867699 29.52 100128.83 10.53 85222368.00 3
1868449 29.73 100127.98 10.54 4576536.50 4
1869198 29.86 100125.48 10.58 4557441.00 5
1869948 29.90 100124.37 10.57 4442516.50 6
1870698 30.00 100126.73 10.56 445507.94 7
1871197 30.07 100123.85 10.59 461469.13 8
1871947 30.13 100124.05 10.60 475284.28 9
1872697 30.15 100124.40 10.55 479288.56 0
1872947 30.09 100125.21 10.57 97705552.00 1
1874446 29.65 100125.29 10.53 90895976.00 2
1878694 29.52 100125.77 10.53 84644496.00 3
1879194 29.73 100123.30 10.55 4565060.00 4
1879944 29.86 100121.79 10.55 4460659.00 5
1880694 29.91 100122.80 10.57 4399570.50 6
1881443 30.00 100123.31 10.58 449319.88 7
1882193 30.07 100122.52 10.58 460224.72 8
1882693 30.13 100122.88 10.60 471998.16 9
1883443 30.15 100122.39 10.69 478952.28 0
1883693 30.09 100123.45 10.58 97487544.00 1
1885192 29.66 100125.40 10.57 90895976.00 2
1889440 29.52 100122.41 10.55 84236504.00 3
1889940 29.73 100119.72 10.57 4542279.00 4
1890690 29.86 100119.58 10.57 4501099.00 5
1891440 29.91 100118.15 10.60 4435300.50 6
1892189 29.99 100119.54 10.60 446090.19 7
1892939 30.08 100118.95 10.65 460535.19 8
1893439 30.12 100118.30 10.59 474293.66 9
1894189 30.15 100118.27 10.59 478281.19 0
1894439 30.09 100118.77 10.60 97162344.00 1
1895938 29.65 100119.02 10.57 90707264.00 2
1900186 29.52 100119.25 10.56 85056456.00 3
1900686 29.73 100117.44 10.58 4576536.50 4
1901436 29.86 100117.52 10.55 4471615.50 5
1902185 29.91 100116.80 10.60 4446133.00 6
1902935 29.98 100116.89 10.61 446090.19 7
1903685 30.07 100116.98 10.60 462093.88 8
1904185 30.12 100116.13 10.59 469401.78 9
1904935 30.15 100115.51 10.60 479288.56 0
1905185 30.08 100116.08 10.59 96518408.00 1
1906684 29.65 100117.20 10.56 90519336.00 2
1910932 29.52 100117.04 10.55 83671880.00 3
1911432 29.73 100112.00 10.59 4538504.00 4
1912182 29.86 100114.01 10.61 4449755.50 5
1912932 29.91 100112.34 10.60 4364411.50 6
1913681 29.99 100113.45 10.61 444058.97 7
1914431 30.07 100110.85 10.62 460224.72 8
1914931 30.12 100114.48 10.64 471346.38 9
1915681 30.14 100110.93 10.61 478616.50 0
1915931 30.08 100112.70 10.61 97814928.00 1
1917430 29.65 100112.10 10.56 91466856.00 2
1921678 29.52 100112.57 10.58 85139328.00 3
1922178 29.72 100109.16 10.58 4549847.50 4
1922928 29.86 100109.17 10.60 4464305.00 5
1923677 29.91 100110.85 10.61 4478950.00 6
1924427 29.99 100110.35 10.65 444058.97 7
1925177 30.07 100111.39 10.66 459605.03 8
1925677 30.12 100109.04 10.61 472651.75 9
1926426 30.15 100110.76 10.61 477611.94 0
1926676 30.08 100110.10 10.59 96411920.00 1
1928176 29.66 100111.64 10.57 89960192.00 2
1932424 29.51 100111.36 10.58 83273192.00 3
1932924 29.72 100107.99 10.61 4591928.50 4
1933673 29.86 100108.34 10.61 4467957.50 5
1934423 29.90 100107.63 10.62 4357447.00 6
1935173 29.99 100109.08 10.62 449319.88 7
1935922 30.08 100107.27 10.59 463348.41 8
1936422 30.12 100107.34 10.61 472651.75 9
1937172 30.14 100106.98 10.63 478281.19 0
1937422 30.08 100109.65 10.62 97814928.00 1
1938921 29.65 100108.44 10.60 90145808.00 2
1943170 29.52 100107.45 10.58 85139328.00 3
1943669 29.72 100102.78 10.62 4508530.50 4
1944419 29.86 100104.80 10.60 4460659.00 5
1945169 29.90 100103.38 10.62 4357447.00 6
1945919 29.99 100105.40 10.65 443482.03 7
1946668 30.07 100103.78 10.62 455921.63 8
1947168 30.11 100102.72 10.64 470696.41 9
1947918 30.14 100102.05 10.65 479625.28 0
1948168 30.08 100104.09 10.62 97378904.00 1
1949667 29.65 100102.09 10.60 90990632.00 2
1953915 29.51 100102.81 10.59 84399224.00 3
1954415 29.72 100099.80 10.61 4542279.00 4
1955165 29.85 100100.56 10.62 4464305.00 5
1955915 29.90 100100.34 10.63 4460659.00 6
1956664 29.98 100102.06 10.63 449912.13 7
1957414 30.07 100098.26 10.63 462093.88 8
1957914 30.11 100098.19 10.63 471346.38 9
1958664 30.14 100098.92 10.65 476279.06 0
1958914 30.07 100099.59 10.63 95882952.00 1
1960413 29.64 100096.62 10.60 89134312.00 2
1964661 29.51 100088.04 10.60 83591840.00 3
1965161 29.71 100083.52 10.62 4542279.00 4
1965911 29.85 100085.81 10.62 4538504.00 5
1966661 29.89 100085.37 10.64 4364411.50 6
1967410 29.98 100084.60 10.64 448434.41 7
1968160 30.07 100084.41 10.59 459605.03 8
1968660 30.11 100080.70 10.69 471346.38 9
1969409 30.14 100078.98 10.66 479288.56 0
1969659 30.07 100080.77 10.67 96732104.00 1
1971159 29.64 100092.84 10.59 89960192.00 2
1975407 29.51 100095.45 10.61 83752080.00 3
1976157 29.71 100091.10 10.66 4534735.50 4
1976656 29.84 100093.31 10.64 4460659.00 5
1977406 29.90 100093.37 10.66 4446133.00 6
1978156 29.98 100089.47 10.67 445798.88 7
1978906 30.07 100092.77 10.66 459914.66 8
1979406 30.11 100092.25 10.64 468435.50 9
1980155 30.13 100091.34 10.66 479288.56 0
1980405 30.07 100094.35 10.65 96518408.00 1
1981905 29.63 100089.45 10.62 90052904.00 2
1986153 29.51 100092.81 10.63 83752080.00 3
1986903 29.71 100090.30 10.66 4549847.50 4
1987402 29.84 100090.63 10.66 4471615.50 5
1988152 29.89 100093.15 10.67 4350504.50 6
1988902 29.97 100098.23 10.65 444058.97 7
1989651 30.06 100096.02 10.67 459295.81 8
1990151 30.11 100095.14 10.68 470696.41 9
1990901 30.13 100095.95 10.68 478281.19 0
1991151 30.07 100097.70 10.65 97270504.00 1
1992650 29.64 100089.53 10.63 90519336.00 2
1996898 29.50 100087.80 10.65 83993592.00 3
1997648 29.70 100085.37 10.65 4523467.50 4
1998148 29.84 100086.24 10.66 4438905.50 5
1998898 29.89 100087.48 10.66 4392493.50 6
1999647 29.97 100083.06 10.66 444058.97 7
2000397 30.05 100085.12 10.68 461157.41 8
2001147 30.10 100081.89 10.67 467153.28 9
2001647 30.12 100083.20 10.70 478952.28 0
2001897 30.07 100085.52 10.67 95777856.00 1
2003396 29.64 100083.44 10.63 89316528.00 2
2007644 29.50 100083.43 10.65 83114776.00 3
2008394 29.70 100082.55 10.68 4538504.00 4
2008894 29.83 100083.37 10.69 4501099.00 5
2009644 29.88 100082.53 10.69 4367902.00 6
2010393 29.97 100081.90 10.68 445507.94 7
2011143 30.06 100082.91 10.67 457449.19 8
2011893 30.10 100080.24 10.68 466833.81 9
2012392 30.13 100076.65 10.68 477611.94 0
2012642 30.06 100081.52 10.68 96732104.00 1
2014142 29.63 100080.43 10.66 89316528.00 2
2018390 29.50 100079.47 10.64 83193904.00 3
2019139 29.70 100078.65 10.66 4501099.00 4
2019639 29.84 100080.13 10.69 4410229.00 5
2020389 29.89 100080.47 10.68 4378407.50 6
2021139 29.97 100081.30 10.72 444348.00 7
2021888 30.05 100080.80 10.71 460846.09 8
2022638 30.10 100077.01 10.73 471021.16 9
2023138 30.12 100076.14 10.72 479962.50 0
2023388 30.07 100081.35 10.70 96946744.00 1
2024887 29.63 100080.50 10.65 90332184.00 2
2029135 29.50 100079.96 10.67 84155376.00 3
2029885 29.70 100080.16 10.68 4534735.50 4
2030385 29.83 100080.70 10.70 4508530.50 5
2031135 29.88 100080.95 10.70 4406670.50 6
2031885 29.96 100080.49 10.70 446090.19 7
2032634 30.05 100078.71 10.70 459605.03 8
2033384 30.09 100076.09 10.75 469724.78 9
2033884 30.12 100077.63 10.66 475284.28 0
2034134 30.06 100081.51 10.71 97054424.00 1
2035633 29.63 100080.07 10.66 90332184.00 2
2039881 29.50 100079.03 10.69 83432208.00 3
2040631 29.70 100077.01 10.70 4542279.00 4
2041131 29.83 100079.34 10.69 4435300.50 5
2041880 29.88 100080.19 10.68 4392493.50 6
2042630 29.96 100079.23 10.72 445217.41 7
2043380 30.05 100076.26 10.72 463034.13 8
2044130 30.10 100077.77 10.69 471672.03 9
2044630 30.12 100071.08 10.73 476944.56 0
2044880 30.06 100076.66 10.73 95463944.00 1
2046379 29.62 100074.93 10.67 90425664.00 2
2050627 29.49 100075.05 10.67 83752080.00 3
2051377 29.70 100074.51 10.69 4546060.00 4
2051877 29.83 100076.32 10.70 4467957.50 5
2052626 29.88 100076.56 10.72 4392493.50 6
2053376 29.96 100074.29 10.74 443194.13 7
2054126 30.04 100073.48 10.74 463348.41 8
2054876 30.09 100071.81 10.72 469724.78 9
2055375 30.11 100071.61 10.77 478281.19 0
2055625 30.05 100074.28 10.70 96305656.00 1
2057125 29.63 100073.44 10.67 89867672.00 2
2061373 29.49 100073.40 10.68 83671880.00 3
2062123 29.70 100072.50 10.72 4530973.50 4
2062623 29.83 100073.60 10.71 4442516.50 5
2063372 29.88 100074.07 10.72 4353973.00 6
2064122 29.95 100073.77 10.71 444637.44 7
2064872 30.04 100069.83 10.74 458370.63 8
2065622 30.09 100073.11 10.73 469724.78 9
2066122 30.11 100071.03 10.74 478281.19 0
2066371 30.05 100073.72 10.71 96411920.00 1
2067871 29.63 100072.73 10.68 89775344.00 2
2072119 29.49 100074.15 10.70 83511944.00 3
2072869 29.69 100070.09 10.69 4538504.00 4
2073369 29.82 100072.45 10.71 4424520.50 5
2074118 29.88 100072.21 10.72 4336686.00 6
2074868 29.96 100070.98 10.72 444927.22 7
2075618 30.04 100067.70 10.74 459605.03 8
2076367 30.09 100069.89 10.76 468435.50 9
2076867 30.11 100070.36 10.73 476611.59 0
2077117 30.05 100072.42 10.73 96518408.00 1
2078617 29.62 100069.60 10.71 89316528.00 2
2082865 29.48 100068.91 10.71 82799744.00 3
2083615 29.69 100069.80 10.72 4497392.50 4
2084114 29.82 100071.94 10.77 4417363.00 5
2084864 29.87 100072.02 10.74 4371398.00 6
2085614 29.95 100070.07 10.75 443194.13 7
2086364 30.04 100068.28 10.76 452296.81 8
2087113 30.09 100069.68 10.70 468757.16 9
2087613 30.11 100066.39 10.72 473964.38 0
2087863 30.05 100071.23 10.74 95255816.00 1
2089362 29.62 100071.88 10.71 89407912.00 2
2093611 29.48 100070.27 10.71 83114776.00 3
2094360 29.69 100071.13 10.73 4515987.00 4
2094860 29.82 100071.30 10.75 4428108.00 5
2095610 29.87 100070.72 10.76 4340132.50 6
2096360 29.95 100072.54 10.74 443194.13 7
2097110 30.04 100069.02 10.76 458063.06 8
2097859 30.08 100066.55 10.76 468114.28 9
2098359 30.11 100067.19 10.78 476279.06 0
2098609 30.05 100069.05 10.75 95988280.00 1
2100108 29.61 100067.68 10.72 88772096.00 2
2104357 29.48 100069.21 10.73 82565040.00 3
2105106 29.69 100068.80 10.76 4489997.50 4
2105606 29.82 100069.76 10.75 4435300.50 5
2106356 29.87 100070.05 10.76 4347041.50 6
2107106 29.95 100068.88 10.77 441760.13 7
2107855 30.04 100066.15 10.77 454706.94 8
2108605 30.09 100065.96 10.77 469724.78 9
2109105 30.11 100064.40 10.76 475947.00 0
2109355 30.05 100069.02 10.75 95048584.00 1
2110854 29.61 100067.46 10.72 87879320.00 2
2115103 29.48 100067.98 10.72 82331656.00 3
2115852 29.69 100068.53 10.76 4478950.00 4
2116352 29.82 100069.16 10.78 4399570.50 5
2117102 29.87 100069.20 10.76 4333245.00 6
2117852 29.95 100068.93 10.77 440051.56 7
2118601 30.04 100067.68 10.78 457142.84 8
2119351 30.08 100065.77 10.77 466196.22 9
2119851 30.11 100066.59 10.78 474623.41 0
2120101 30.05 100069.66 10.76 94842256.00 1
2121600 29.61 100066.03 10.73 88234264.00 2
2125848 29.48 100067.55 10.73 82956960.00 3
2126598 29.69 100068.75 10.75 4420939.00 4
2127098 29.82 100069.34 10.77 4413793.00 5
2127847 29.87 100068.30 10.78 4340132.50 6
2128597 29.95 100069.34 10.82 442332.63 7
2129347 30.04 100066.16 10.79 451698.28 8
2130096 30.08 100065.16 10.79 466514.81 9
2130596 30.11 100063.46 10.82 474953.63 0
2130846 30.05 100067.09 10.78 95255816.00 1
2132346 29.61 100067.79 10.75 88234264.00 2
2136594 29.48 100066.58 10.76 82254160.00 3
2137344 29.69 100067.21 10.76 4475280.00 4
2137843 29.82 100068.13 10.78 4396029.00 5
2138593 29.87 100068.11 10.77 4275574.00 6
2139343 29.96 100066.39 10.79 440619.63 7
2140093 30.04 100070.29 10.79 458987.00 8
2140842 30.09 100071.56 10.82 469079.25 9
2141342 30.11 100072.28 10.81 473635.53 0
2141592 30.05 100074.85 10.77 95255816.00 1
2143091 29.61 100072.72 10.76 89043480.00 2
2147340 29.49 100067.79 10.76 82565040.00 3
2148089 29.69 100067.00 10.78 4457018.50 4
2148589 29.83 100070.04 10.81 4417363.00 5
2149339 29.87 100067.19 10.79 4305913.50 6
2150089 29.95 100067.74 10.79 440904.19 7
2150838 30.04 100065.40 10.78 458370.63 8
2151588 30.08 100063.31 10.80 465560.34 9
2152088 30.11 100062.34 10.76 475284.28 0
2152588 30.05 100066.87 10.80 95463944.00 1
2153837 29.61 100065.47 10.75 89591248.00 2
2158086 29.48 100072.09 10.76 82331656.00 3
2158835 29.68 100069.84 10.75 4449755.50 4
2159335 29.82 100072.92 10.79 4420939.00 5
2160085 29.87 100072.77 10.81 4319536.00 6
2160834 29.95 100064.98 10.80 441474.47 7
2161584 30.04 100060.61 10.84 460224.72 8
2162334 30.09 100059.05 10.82 469079.25 9
2162834 30.11 100058.34 10.83 478281.19 0
2163334 30.04 100061.98 10.80 96625136.00 1
2164583 29.61 100063.43 10.73 90238896.00 2
2168831 29.48 100064.10 10.76 83752080.00 3
2169581 29.68 100063.73 10.81 4501099.00 4
2170081 29.82 100062.64 10.81 4453384.00 5
2170830 29.87 100063.96 10.82 4343584.50 6
2171580 29.96 100062.66 10.82 443482.03 7
2172330 30.04 100061.72 10.84 457142.84 8
2173079 30.09 100061.02 10.77 465243.06 9
2173579 30.10 100057.34 10.83 475615.41 0
2174079 30.04 100059.90 10.79 95463944.00 1
2175329 29.61 100062.15 10.78 89591248.00 2
2179577 29.47 100062.42 10.77 82799744.00 3
2180327 29.68 100062.60 10.79 4478950.00 4
2180826 29.82 100063.47 10.83 4417363.00 5
2181576 29.86 100063.89 10.80 4285639.50 6
2182326 29.94 100062.22 10.81 440335.41 7
2183076 30.04 100058.72 10.82 459295.81 8
2183825 30.08 100059.06 10.82 464609.81 9
2184325 30.11 100058.87 10.85 472651.75 0
2184825 30.04 100060.44 10.81 94025824.00 1
2186075 29.61 100060.57 10.80 87614976.00 2
2190323 29.47 100058.63 10.81 81945608.00 3
2191072 29.68 100060.54 10.82 4542279.00 4
2191572 29.82 100060.91 10.84 4388963.50 5
2192322 29.86 100060.91 10.83 4336686.00 6
2193072 29.95 100059.46 10.78 438356.16 7
2193821 30.04 100056.67 10.81 456836.94 8
2194571 30.08 100057.48 10.89 466514.81 9
2195071 30.11 100055.71 10.82 475284.28 0
2195571 30.04 100059.67 10.83 95048584.00 1
2196820 29.61 100062.32 10.78 87879320.00 2
2201069 29.48 100063.12 10.80 82254160.00 3
2201818 29.68 100060.67 10.82 4508530.50 4
2202318 29.81 100062.59 10.83 4381920.50 5
2203068 29.87 100064.83 10.82 4299134.00 6
2203818 29.95 100064.54 10.85 440619.63 7
2204567 30.04 100060.10 10.86 451997.34 8
2205317 30.08 100060.68 10.85 467153.28 9
2205817 30.10 100058.55 10.93 476944.56 0
2206317 30.04 100061.74 10.82 94842256.00 1
2207566 29.61 100060.56 10.77 88145256.00 2
2211814 29.47 100062.27 10.81 82643128.00 3
2212564 29.68 100051.59 10.81 4446133.00 4
2213064 29.81 100051.12 10.83 4403117.50 5
2213814 29.86 100050.43 10.84 4319536.00 6
2214563 29.95 100051.56 10.86 443482.03 7
2215313 30.03 100046.98 10.89 458063.06 8
2216063 30.08 100044.84 10.87 465243.06 9
2216563 30.10 100045.70 10.81 471998.16 0
2217062 30.04 100046.91 10.84 92630392.00 1
2218312 29.61 100061.27 10.78 86659176.00 2
2222560 29.48 100060.03 10.79 80958616.00 3
2223310 29.68 100060.17 10.82 4471615.50 4
2223810 29.81 100060.46 10.86 4413793.00 5
2224559 29.86 100060.69 10.85 4312714.00 6
2225309 29.95 100059.33 10.86 442046.19 7
2226059 30.03 100056.05 10.83 455921.63 8
2226809 30.07 100057.56 10.83 460535.19 9
2227309 30.10 100056.90 10.85 475947.00 0
2227808 30.03 100057.84 10.83 93422664.00 1
2229058 29.60 100058.81 10.79 88412816.00 2
2233306 29.47 100059.25 10.81 81259768.00 3
2234056 29.68 100058.94 10.83 4442516.50 4
2234556 29.81 100059.91 10.85 4413793.00 5
2235305 29.86 100061.61 10.86 4278924.00 6
2236055 29.94 100059.70 10.85 440335.41 7
2236805 30.03 100057.40 10.86 453197.63 8
2237554 30.08 100057.40 10.86 464926.22 9
2238054 30.09 100056.82 10.87 471998.16 0
2238554 30.03 100058.95 10.87 92925912.00 1
2239804 29.60 100060.41 10.83 87004312.00 2
2244052 29.47 100060.55 10.80 81487096.00 3
2244802 29.67 100059.46 10.82 4428108.00 4
2245301 29.81 100060.63 10.83 4347041.50 5
2246051 29.85 100060.23 10.87 4322955.00 6
2246801 29.94 100061.50 10.86 442332.63 7
2247550 30.03 100060.20 10.83 454706.94 8
2248300 30.07 100055.99 10.86 465878.06 9
2248800 30.10 100056.38 10.82 474623.41 0
2249300 30.04 100060.48 10.86 94127112.00 1
2250549 29.60 100061.12 10.81 88234264.00 2
2254797 29.47 100059.55 10.80 81792200.00 3
2255547 29.68 100059.93 10.83 4467957.50 4
2256047 29.80 100061.02 10.84 4396029.00 5
2256797 29.85 100060.51 10.85 4282279.00 6
2257546 29.94 100059.54 10.85 440904.19 7
2258296 30.03 100057.45 10.87 450803.44 8
2259046 30.07 100057.08 10.86 465878.06 9
2259546 30.10 100057.29 10.84 472651.75 0
2260045 30.04 100060.54 10.87 93322888.00 1
2261295 29.60 100060.83 10.80 87004312.00 2
2265543 29.47 100060.99 10.84 80585304.00 3
2266293 29.68 100061.26 10.83 4475280.00 4
2266793 29.80 100062.84 10.85 4381920.50 5
2267543 29.86 100062.31 10.89 4302521.00 6
2268292 29.93 100061.25 10.83 442046.19 7
2269042 30.02 100059.34 10.87 453197.63 8
2269792 30.07 100058.04 10.82 462093.88 9
2270292 30.09 100057.10 10.87 471998.16 0
2270791 30.03 100059.48 10.84 93024840.00 1
2272041 29.60 100060.60 10.81 86316760.00 2
2276289 29.46 100060.24 10.83 80585304.00 3
2277039 29.67 100060.14 10.86 4428108.00 4
2277789 29.80 100062.29 10.85 4364411.50 5
2278289 29.85 100061.43 10.86 4278924.00 6
2279038 29.94 100061.76 10.86 437793.94 7
2279788 30.02 100060.00 10.88 452296.81 8
2280538 30.07 100057.02 10.91 463663.13 9
2281038 30.09 100057.82 10.88 471998.16 0
2281538 30.03 100059.62 10.86 93024840.00 1
2282787 29.59 100059.66 10.82 86573312.00 2
2287035 29.46 100058.67 10.84 80585304.00 3
2287785 29.66 100057.77 10.89 4438905.50 4
2288535 29.77 100056.27 10.91 4374900.00 5
2289035 29.80 100053.14 10.96 4282279.00 6
2289784 29.87 100048.82 11.02 439202.22 7
2290534 29.95 100043.79 11.10 454102.00 8
2291284 29.97 100035.80 11.26 466514.81 9
2291784 29.98 100028.76 11.39 472651.75 0
2292283 29.91 100026.43 11.46 92044944.00 1
2293533 29.46 100006.34 11.81 84155376.00 2
2297781 29.32 99914.88 13.26 76226808.00 3
2298531 29.52 99895.78 13.54 4312714.00 4
2299280 29.63 99877.30 13.78 4232498.00 5
2299780 29.67 99862.39 14.08 4209661.00 6
2300530 29.74 99837.59 14.36 440619.63 7
2301280 29.82 99815.47 14.65 449024.34 8
2302029 29.87 99795.73 14.92 466196.22 9
2302529 29.89 99770.88 15.16 474953.63 0
2303029 29.83 99763.36 15.26 91085480.00 1
2304279 29.40 99721.13 15.63 83114776.00 2
2308527 29.27 99579.21 16.73 76560744.00 3
2309276 29.46 99552.82 16.93 4424520.50 4
2310026 29.58 99528.52 17.09 4343584.50 5
2310526 29.63 99504.77 17.25 4265556.00 6
2311276 29.71 99479.33 17.45 451997.34 7
2312025 29.80 99457.05 17.57 470696.41 8
2312775 29.84 99433.02 17.72 478952.28 9
2313275 29.86 99407.77 17.84 492426.06 0
2313775 29.79 99399.41 17.84 93223328.00 1
2315024 29.38 99355.06 17.99 86745200.00 2
2319272 29.23 99214.70 18.52 78911496.00 3
2320022 29.44 99193.67 18.56 4588070.50 4
2320772 29.55 99170.10 18.62 4515987.00 5
2321272 29.60 99150.77 18.66 4471615.50 6
2322021 29.67 99130.46 18.69 467793.50 7
2322771 29.75 99110.17 18.71 488899.50 8
2323521 29.80 99090.83 18.79 496725.69 9
2324021 29.83 99069.42 18.81 511233.16 0
2324521 29.76 99060.59 18.80 100515336.00 1
2325770 29.34 99022.73 18.79 93024840.00 2
2330018 29.20 98908.06 19.10 84074408.00 3
2330768 29.38 98886.47 19.18 4764175.50 4
2331518 29.50 98868.67 19.25 4727063.00 5
2332018 29.55 98851.90 19.33 4670467.50 6
2332767 29.62 98833.23 19.35 485078.16 7
2333517 29.70 98817.66 19.39 507056.19 8
2334267 29.74 98800.10 19.44 519796.97 9
2335016 29.76 98783.52 19.47 522582.28 0
2335266 29.69 98777.70 19.48 102400000.00 1
2336516 29.27 98747.65 19.52 97487544.00 2
2340764 29.11 98656.34 19.81 88323448.00 3
2341514 29.31 98644.23 19.82 5022685.50 4
2342264 29.43 98630.16 19.86 4927519.00 5
2342763 29.47 98612.83 19.92 4883457.50 6
2343513 29.54 98601.21 19.93 502946.97 7
2344263 29.62 98588.38 19.94 515090.53 8
2345013 29.66 98573.66 19.95 536969.06 9
2345762 29.68 98561.04 20.00 545551.44 0
2346012 29.60 98556.44 19.95 102400000.00 1
2347262 29.19 98537.04 19.95 101448920.00 2
2351510 29.03 98470.52 20.14 92532296.00 3
2352260 29.23 98458.07 20.18 5174984.00 4
2353010 29.34 98445.84 20.21 5165195.50 5
2353509 29.39 98437.22 20.24 5018070.50 6
2354259 29.45 98427.07 20.25 515869.03 7
2355009 29.54 98422.02 20.30 536969.06 8
2355758 29.57 98411.70 20.31 548179.88 9
2356508 29.58 98402.34 20.32 556673.00 0
2356758 29.51 98398.33 20.33 102400000.00 1
2358008 29.08 98381.88 20.29 102400000.00 2
2362256 28.92 98334.82 20.41 97487544.00 3
2363005 29.13 98327.52 20.51 5357750.00 4
2363755 29.24 98321.01 20.52 5363011.50 5
2364255 29.29 98317.42 20.56 5274951.50 6
2365005 29.36 98309.98 20.59 536547.00 7
2365754 29.43 98304.42 20.60 554412.56 8
2366504 29.47 98299.45 20.60 568257.50 9
2367254 29.48 98292.16 20.60 580334.38 0
2367504 29.41 98289.85 20.58 102400000.00 1
2368754 28.98 98277.09 20.54 102400000.00 2
2373002 28.82 98251.21 20.72 102400000.00 3
2373751 29.03 98266.07 20.79 5628306.50 4
2374501 29.14 98263.91 20.84 5542625.00 5
2375001 29.18 98256.13 20.83 5432360.50 6
2375751 29.25 98246.53 20.88 555314.56 7
2376501 29.33 98235.95 20.88 572067.06 8
2377250 29.37 98231.09 20.93 587830.06 9
