=~=~=~=~=~=~=~=~=~=~=~= PuTTY log 2024.12.06 14:36:37 =~=~=~=~=~=~=~=~=~=~=~=
7410813 30.09 98879.66 21.90 789971.06 0
7411313 30.03 98883.27 21.86 102400000.00 1
7412563 29.59 98891.47 21.78 102400000.00 2
7416811 29.50 98928.65 21.65 102400000.00 3
7417561 29.72 98931.63 21.70 8680265.00 4
7418310 29.85 98938.00 21.70 8598268.00 5
7418810 29.90 98942.22 21.69 832307438302 29.57 99102.33 21.06 102400000.00 3
7439052 29.80 99105.52 21.05 7652499.00 4
7439802 29.94 99109.69 21.05 7484696.00 5
7440302 29.99 99116.45 21.03 7338858.00 6
7441051 30.07 99119.31 21.01 643216.06 7
7441801 30.16 99122.46 21.00 658097.69 8
7442551 30.20 99128.94 21.01 676354.00 9
7443300 30.23 99137.34 20.93 681757.69 0
7443550 30.16 99137.80 20.89 102400000.00 1
7444800 29.73 99146.27 20.81 102400000.00 2
7449048 29.63 99181.59 20.71 102400000.00 3
7449798 29.85 99189.52 20.72 7275311.00 4
7450548 29.99 99196.91 20.73 7160839.00 5
7451047 30.04 99202.47 20.73 6968949.50 6
7451797 30.11 99207.89 20.69 620982.44 7
7452547 30.21 99212.58 20.68 637212.19 8
7453296 30.25 99219.29 20.65 651192.38 9
7454046 30.28 99223.48 20.63 665151.00 0
7454296 30.21 99225.98 20.61 102400000.00 1
7455546 29.78 99234.68 20.49 102400000.00 2
7459794 29.67 99265.74 20.42 102400000.00 3
7460544 29.90 99272.84 20.44 7045366.50 4
7461293 30.03 99279.05 20.43 6850930.50 5
7461793 30.08 99284.07 20.42 6753503.50 6
7462543 30.16 99287.88 20.41 600762.69 7
7463293 30.24 99292.44 20.40 620982.44 8
7464042 30.29 99298.88 20.36 632489.19 9
7464792 30.32 99304.67 20.33 643822.69 0
7465042 30.24 99306.12 20.27 102400000.00 1
7466292 29.82 99320.30 20.21 102400000.00 2
7470540 29.70 99351.16 20.12 102400000.00 3
7471289 29.93 99357.66 20.14 6770248.00 4
7472039 30.06 99365.16 20.16 6662871.00 5
7472789 30.11 99366.97 20.11 6504168.50 6
7473289 30.19 99370.49 20.12 585812.38 7
7474038 30.27 99375.89 20.13 607174.63 8
7474788 30.32 99379.20 20.06 621547.81 9
7475538 30.35 99384.81 20.05 631903.75 0
7475788 30.27 99388.33 19.98 102400000.00 1
7477037 29.84 99401.08 19.94 102400000.00 2
7481285 29.72 99433.32 19.84 102400000.00 3
7482035 29.95 99440.67 19.87 6539213.50 4
7482785 30.08 99444.55 19.84 6401250.00 5
7483535 30.13 99450.04 19.84 6290651.00 6
7484035 30.21 99453.52 19.83 573508.81 7
7484784 30.30 99460.21 19.81 591394.75 8
7485534 30.34 99465.78 19.82 606635.06 9
7486284 30.37 99470.11 19.79 612623.38 0
7486534 30.29 99472.38 19.74 102400000.00 1
7487783 29.87 99483.43 19.64 102400000.00 2
7492031 29.74 99515.38 19.57 102400000.00 3
7492781 29.97 99520.68 19.60 6360248.50 4
7493531 30.10 99524.97 19.60 6279800.50 5
7494280 30.14 99529.54 19.61 6124860.00 6
7494780 30.22 99535.98 19.58 564031.94 7
7495530 30.31 99540.53 19.54 582811.63 8
7496280 30.35 99547.01 19.55 598130.81 9
7497029 30.38 99551.06 19.52 603417.81 0
7497279 30.31 99554.13 19.50 102400000.00 1
7498529 29.88 99560.95 19.41 102400000.00 2
7502777 29.75 99591.16 19.32 102400000.00 3
7503526 29.98 99600.96 19.36 6243902.50 4
7504276 30.10 99604.55 19.35 6117998.50 5
7505026 30.16 99610.51 19.34 5826458.00 6
7505526 30.22 99614.55 19.32 553962.69 7
7506275 30.32 99620.98 19.27 569205.13 8
7507025 30.36 99625.24 19.27 587830.06 9
7507775 30.39 99629.65 19.25 598655.38 0
7508025 30.31 99631.16 19.22 102400000.00 1
7509524 29.88 99640.27 19.15 102400000.00 2
7513523 29.75 99678.73 19.07 102400000.00 3
7514272 29.98 99681.11 19.09 6100912.50 4
7515022 30.11 99680.02 19.08 5851428.50 5
7515772 30.16 99683.28 19.07 5716678.50 6
7516272 30.23 99687.26 19.10 546862.50 7
7517021 30.32 99692.69 19.07 565902.19 8
7517771 30.37 99698.19 19.06 577878.13 9
7518521 30.39 99704.56 19.03 585812.38 0
7518771 30.31 99703.55 19.00 102400000.00 1
7520270 29.88 99715.59 18.91 102400000.00 2
7524268 29.76 99743.98 18.85 102400000.00 3
7525018 29.99 99749.90 18.87 5889288.50 4
7525768 30.11 99757.48 18.87 5758875.00 5
7526518 30.16 99760.68 18.87 5639931.00 6
7527267 30.24 99763.63 18.85 536547.00 7
7527767 30.33 99768.83 18.86 551724.13 8
7528517 30.37 99773.62 18.82 566841.94 9
7529267 30.39 99778.02 18.80 578858.13 0
7529517 30.31 99778.52 18.78 102400000.00 1
7531016 29.89 99789.05 18.66 102400000.00 2
7535014 29.76 99815.07 18.62 102400000.00 3
7535764 29.99 99821.59 18.64 5777151.00 4
7536514 30.11 99827.06 18.65 5692842.50 5
7537263 30.16 99832.13 18.62 5492457.50 6
7538013 30.23 99833.29 18.63 531533.88 7
7538513 30.33 99838.77 18.63 547300.94 8
7539263 30.37 99841.60 18.59 562174.06 9
7540013 30.39 99848.22 18.62 570632.50 0
7540263 30.31 99850.75 18.54 102400000.00 1
7541762 29.88 99858.03 18.47 102400000.00 2
7545760 29.75 99885.89 18.44 102400000.00 3
7546510 29.98 99892.01 18.43 5651604.00 4
7547260 30.11 99897.28 18.45 5537005.50 5
7548009 30.16 99899.66 18.43 5454061.50 6
7548759 30.23 99904.34 18.44 521783.44 7
7549259 30.32 99910.38 18.44 541226.19 8
7550009 30.36 99914.98 18.39 553065.06 9
7550758 30.39 99917.30 18.39 558038.13 0
7551008 30.31 99919.70 18.35 102400000.00 1
7552508 29.88 99925.60 18.28 102400000.00 2
7556506 29.75 99951.97 18.23 102400000.00 3
7557256 29.98 99958.11 18.24 5553898.50 4
7558006 30.11 99962.91 18.24 5443189.50 5
7558755 30.16 99967.30 18.24 5342028.00 6
7559505 30.23 99970.16 18.17 515869.03 7
7560005 30.32 99975.74 18.23 538239.19 8
7560755 30.36 99982.27 18.18 545987.75 9
7561504 30.39 99986.68 18.17 562637.38 0
7561754 30.30 99986.44 18.13 102400000.00 1
7563254 29.88 99994.95 18.07 102400000.00 2
7567502 29.74 100018.22 18.02 102400000.00 3
7568002 29.97 100023.46 18.04 5514641.50 4
7568751 30.10 100028.40 18.04 5384160.50 5
7569501 30.14 100033.49 18.05 5254650.50 6
7570251 30.22 100035.84 17.97 511616.28 7
7570751 30.31 100041.53 17.99 525802.31 8
7571500 30.35 100045.37 17.96 542948.06 9
7572250 30.38 100049.72 17.99 552617.38 0
7572500 30.30 100049.38 17.97 102400000.00 1
7573999 29.86 100059.45 17.89 102400000.00 2
7578248 29.75 100085.05 17.82 102400000.00 3
7578748 29.97 100092.68 17.87 5416198.50 4
7579497 30.09 100095.48 17.85 5295410.50 5
7580247 30.13 100098.08 17.85 5174984.00 6
7580997 30.21 100101.58 17.85 505928.84 7
7581747 30.30 100103.73 17.86 526207.63 8
7582246 30.35 100107.74 17.81 534028.69 9
7582996 30.36 100110.25 17.79 547300.94 0
7583246 30.29 100115.02 17.75 102400000.00 1
7584746 29.86 100119.75 17.67 102400000.00 2
7588994 29.74 100150.06 17.66 102400000.00 3
7589494 29.95 100151.63 17.67 5347258.50 4
7590243 30.08 100156.67 17.67 5249599.50 5
7590993 30.12 100161.19 17.67 5116802.00 6
7591743 30.20 100164.52 17.66 499268.66 7
7592492 30.29 100167.84 17.65 521783.44 8
7592992 30.33 100169.27 17.66 532778.38 9
7593742 30.36 100174.54 17.59 541226.19 0
7593992 30.27 100174.40 17.59 102400000.00 1
7595491 29.85 100183.80 17.50 102400000.00 2
7599739 29.73 100207.12 17.50 102400000.00 3
7600239 29.94 100209.39 17.49 5274951.50 4
7600989 30.07 100210.88 17.51 5170085.00 5
7601739 30.11 100214.39 17.50 5092943.50 6
7602488 30.20 100219.12 17.47 497087.38 7
7603238 30.28 100222.37 17.46 515869.03 8
7603738 30.32 100226.94 17.45 534028.69 9
7604488 30.35 100230.68 17.42 545115.81 0
7604738 30.27 100232.28 17.39 102400000.00 1
7606237 29.84 100236.63 17.30 102400000.00 2
7610485 29.71 100259.80 17.30 102400000.00 3
7610985 29.93 100264.30 17.32 5300550.00 4
7611735 30.05 100266.87 17.32 5165195.50 5
7612484 30.10 100270.88 17.32 5045888.50 6
7613234 30.18 100271.96 17.33 494925.09 7
7613984 30.27 100274.23 17.26 515090.53 8
7614484 30.30 100279.88 17.27 524993.56 9
7615234 30.33 100282.34 17.27 536125.63 0
7615484 30.25 100285.11 17.24 102400000.00 1
7616983 29.82 100288.44 17.18 102400000.00 2
7621231 29.70 100312.87 17.16 102160560.00 3
7621981 29.91 100313.94 17.15 5214513.00 4
7622481 30.04 100319.48 17.16 5174984.00 5
7623230 30.09 100321.48 17.14 5013464.00 6
7623980 30.16 100324.69 17.14 494566.53 7
7624730 30.25 100330.80 17.15 510468.59 8
7625480 30.30 100332.11 17.13 522982.63 9
7625979 30.32 100335.88 17.12 531120.31 0
7626229 30.24 100335.73 17.11 102400000.00 1
7627729 29.80 100340.66 17.00 102400000.00 2
7631977 29.69 100362.53 16.98 100863408.00 3
7632727 29.90 100365.56 17.03 5184810.00 4
7633227 30.04 100370.72 17.03 5092943.50 5
7633976 30.07 100371.17 17.02 4976913.50 6
7634726 30.15 100374.91 16.99 484733.72 7
7635476 30.24 100378.70 17.01 508188.59 8
7636226 30.28 100380.88 16.95 519006.59 9
7636725 30.30 100383.89 16.93 529062.25 0
7636975 30.23 100386.00 16.94 102400000.00 1
7638475 29.79 100392.60 16.86 102400000.00 2
7642723 29.68 100416.25 16.84 100747120.00 3
7643473 29.89 100416.67 16.85 5121600.50 4
7643972 30.02 100418.52 16.86 5031941.00 5
7644722 30.06 100422.27 16.82 4940892.50 6
7645472 30.14 100423.30 16.84 487851.34 7
7646222 30.22 100426.78 16.85 508188.59 8
7646971 30.26 100429.70 16.81 514314.41 9
7647471 30.29 100433.93 16.81 527427.25 0
7647971 30.21 100433.04 16.76 102400000.00 1
7649220 29.77 100439.73 16.72 102400000.00 2
7653469 29.66 100460.81 16.67 98365480.00 3
7654218 29.87 100463.38 16.72 5136050.00 4
7654718 30.00 100467.38 16.70 5059913.50 5
7655468 30.04 100472.54 16.71 4954339.50 6
7656218 30.13 100473.30 16.69 486460.81 7
7656967 30.21 100477.63 16.68 503689.13 8
7657717 30.25 100479.07 16.67 517433.06 9
7658217 30.28 100482.80 16.67 523383.59 0
7658717 30.20 100482.17 16.64 102400000.00 1
7659966 29.76 100486.81 16.51 102400000.00 2
7664214 29.64 100507.20 16.53 99146744.00 3
7664964 29.86 100509.30 16.55 5107232.00 4
7665714 29.98 100510.88 16.56 5022685.50 5
7666214 30.03 100514.91 16.55 4900987.00 6
7666963 30.11 100517.75 16.53 479625.28 7
7667713 30.19 100518.77 16.53 501469.16 8
7668463 30.23 100520.18 16.50 512769.16 9
7668963 30.26 100523.88 16.48 524993.56 0
7669462 30.18 100524.93 16.50 102400000.00 1
7670712 29.74 100530.36 16.41 102400000.00 2
7674960 29.63 100549.99 16.38 98587440.00 3
7675710 29.84 100551.72 16.41 5083462.50 4
7676460 29.96 100555.59 16.41 4936426.50 5
7676960 30.01 100557.80 16.40 4857397.00 6
7677709 30.09 100559.45 16.42 479625.28 7
7678459 30.17 100561.05 16.40 497812.34 8
7679209 30.22 100563.01 16.39 513154.59 9
7679958 30.24 100566.37 16.35 520987.03 0
7680208 30.16 100568.63 16.36 102400000.00 1
7681458 29.73 100571.50 16.28 102400000.00 2
7685706 29.61 100587.21 16.27 97270504.00 3
7686456 29.82 100590.84 16.26 5059913.50 4
7687205 29.95 100594.95 16.27 4900987.00 5
7687705 30.00 100597.05 16.26 4844470.50 6
7688455 30.07 100597.73 16.25 477611.94 7
7689205 30.16 100601.84 16.27 496725.69 8
7689954 30.20 100604.61 16.22 504806.50 9
7690704 30.23 100604.78 16.24 520193.03 0
7690954 30.15 100606.53 16.21 102400000.00 1
7692204 29.72 100609.98 16.13 102400000.00 2
7696452 29.59 100624.71 16.10 98254872.00 3
7697202 29.80 100626.30 16.16 5008866.00 4
7697951 29.93 100631.98 16.14 4936426.50 5
7698451 29.98 100635.14 16.15 4806101.50 6
7699201 30.05 100635.24 16.11 475947.00 7
7699951 30.14 100638.35 16.10 493493.97 8
7700700 30.18 100640.14 16.10 507056.19 9
7701450 30.21 100643.45 16.10 517433.06 0
7701700 30.13 100644.05 16.08 102400000.00 1
7702949 29.70 100645.26 16.03 102400000.00 2
7707198 29.57 100661.34 15.99 96732104.00 3
7707947 29.79 100663.46 16.03 5050555.00 4
7708697 29.91 100666.38 15.99 4936426.50 5
7709197 29.97 100668.76 16.03 4793446.50 6
7709947 30.04 100669.89 16.02 473635.53 7
7710696 30.13 100673.71 16.03 493493.97 8
7711446 30.17 100674.90 16.00 507433.09 9
7712196 30.19 100677.07 15.95 517041.16 0
7712446 30.11 100677.39 15.96 102400000.00 1
7713695 29.68 100678.10 15.89 102400000.00 2
7717943 29.56 100691.88 15.86 95568352.00 3
7718693 29.77 100692.48 15.89 4995122.00 4
7719443 29.90 100696.02 15.89 4861721.00 5
7720192 29.95 100697.34 15.88 4818823.50 6
7720692 30.03 100700.24 15.89 471672.03 7
7721442 30.11 100699.91 15.88 492071.13 8
7722192 30.15 100703.58 15.85 506304.09 9
7722941 30.18 100703.18 15.88 515869.03 0
7723191 30.10 100702.16 15.85 102400000.00 1
7724441 29.67 100706.72 15.76 102400000.00 2
7728689 29.55 100723.30 15.75 97487544.00 3
7729439 29.76 100722.09 15.79 5036581.50 4
7730189 29.89 100723.35 15.80 4963344.50 5
7730938 29.93 100726.16 15.78 4831613.00 6
7731438 30.01 100728.12 15.76 474293.66 7
7732188 30.10 100730.11 15.78 493493.97 8
7732937 30.14 100729.89 15.77 503317.78 9
7733687 30.16 100731.52 15.73 513154.59 0
7733937 30.09 100732.64 15.74 102400000.00 1
7735187 29.65 100738.58 15.65 102400000.00 2
7739435 29.53 100750.98 15.65 95152088.00 3
7740185 29.74 100751.02 15.67 4940892.50 4
7740934 29.87 100751.23 15.67 4887828.00 5
7741684 29.92 100752.77 15.64 4760023.00 6
7742184 30.00 100754.23 15.69 471672.03 7
7742933 30.09 100756.08 15.63 489600.75 8
7743683 30.12 100756.95 15.66 503317.78 9
7744433 30.15 100760.03 15.66 510850.59 0
7744683 30.07 100761.77 15.60 102400000.00 1
7746182 29.65 100766.52 15.55 102400000.00 2
7750181 29.52 100777.27 15.53 94945312.00 3
7750930 29.73 100779.84 15.54 4990557.50 4
7751680 29.86 100781.09 15.53 4892206.50 5
7752430 29.90 100782.32 15.54 4764175.50 6
7752930 29.99 100782.73 15.55 468757.16 7
7753679 30.07 100783.78 15.55 488899.50 8
7754429 30.11 100784.20 15.49 501101.06 9
7755179 30.14 100785.55 15.51 508567.16 0
7755429 30.07 100788.99 15.50 102400000.00 1
7756928 29.63 100790.85 15.43 102400000.00 2
7760927 29.50 100800.99 15.40 94842256.00 3
7761676 29.71 100802.98 15.47 4954339.50 4
7762426 29.85 100805.67 15.44 4861721.00 5
7763176 29.89 100805.77 15.46 4731158.00 6
7763926 29.97 100807.22 15.46 468114.28 7
7764425 30.06 100809.72 15.43 485078.16 8
7765175 30.10 100810.87 15.43 500000.00 9
7765925 30.12 100811.41 15.41 507056.19 0
7766175 30.05 100813.19 15.41 102400000.00 1
7767674 29.62 100815.72 15.32 102400000.00 2
7771673 29.49 100826.12 15.31 95048584.00 3
7772422 29.70 100825.18 15.36 4976913.50 4
7773172 29.83 100827.15 15.33 4831613.00 5
7773922 29.88 100829.16 15.33 4743486.00 6
7774672 29.95 100828.69 15.33 469079.25 7
7775171 30.04 100830.68 15.35 480300.19 8
7775921 30.08 100831.23 15.32 496364.53 9
7776671 30.11 100832.68 15.30 504433.50 0
7776921 30.03 100832.02 15.30 102400000.00 1
7778420 29.61 100838.00 15.22 102400000.00 2
7782419 29.48 100845.24 15.22 94534440.00 3
7783168 29.68 100845.98 15.24 4927519.00 4
7783918 29.82 100847.37 15.25 4857397.00 5
7784668 29.86 100847.37 15.23 4751740.00 6
7785418 29.95 100849.93 15.22 466514.81 7
7785917 30.03 100849.87 15.25 484389.78 8
7786667 30.08 100852.27 15.21 496003.88 9
7787417 30.10 100853.05 15.20 513154.59 0
7787667 30.02 100853.29 15.17 102400000.00 1
7789166 29.59 100856.17 15.13 102400000.00 2
7793164 29.46 100864.53 15.11 93723272.00 3
7793914 29.68 100865.13 15.12 4887828.00 4
7794664 29.80 100868.92 15.13 4835891.50 5
7795414 29.85 100867.95 15.12 4710753.50 6
7796163 29.94 100868.42 15.10 461781.28 7
7796663 30.02 100869.74 15.13 484046.31 8
7797413 30.06 100869.95 15.14 496725.69 9
7798163 30.08 100870.65 15.12 504061.03 0
7798413 30.01 100870.96 15.10 102400000.00 1
7799912 29.59 100874.48 15.03 102400000.00 2
7804160 29.45 100880.95 15.00 94842256.00 3
7804660 29.67 100882.55 15.02 4892206.50 4
7805410 29.79 100884.25 15.04 4780858.00 5
7806160 29.84 100886.10 15.04 4670467.50 6
7806909 29.92 100888.30 15.05 462406.88 7
7807659 30.01 100887.62 15.06 479288.56 8
7808159 30.05 100888.04 15.04 492781.53 9
7808909 30.08 100887.59 14.96 503689.13 0
7809159 30.00 100890.11 14.98 102400000.00 1
7810658 29.57 100889.05 14.91 101566832.00 2
7814906 29.44 100895.20 14.92 91754984.00 3
7815406 29.65 100894.60 14.94 4870392.50 4
7816156 29.78 100897.94 14.94 4793446.50 5
7816905 29.83 100900.36 14.96 4694556.00 6
7817655 29.91 100899.80 14.95 461469.13 7
7818405 30.00 100902.02 14.92 481995.75 8
7818905 30.04 100902.05 14.89 494208.50 9
7819654 30.06 100903.23 14.92 502946.97 0
7819904 29.98 100903.32 14.88 102400000.00 1
7821404 29.55 100903.92 14.86 102400000.00 2
7825652 29.43 100910.85 14.82 93223328.00 3
7826152 29.64 100910.66 14.83 4892206.50 4
7826901 29.77 100910.23 14.86 4793446.50 5
7827651 29.82 100911.79 14.85 4646625.00 6
7828401 29.89 100913.71 14.86 464293.81 7
7829151 29.98 100915.50 14.86 478281.19 8
7829651 30.03 100915.54 14.82 494208.50 9
7830400 30.05 100916.65 14.82 499268.66 0
7830650 29.97 100916.12 14.80 102400000.00 1
7832150 29.55 100919.04 14.74 102400000.00 2
7836398 29.41 100922.00 14.74 94330336.00 3
7836898 29.63 100922.61 14.74 4892206.50 4
7837647 29.75 100921.94 14.76 4789243.00 5
7838397 29.80 100924.37 14.76 4674465.00 6
7839147 29.89 100924.62 14.76 459605.03 7
7839897 29.97 100926.34 14.76 480300.19 8
7840397 30.01 100925.65 14.74 491362.75 9
7841146 30.04 100926.65 14.75 500366.47 0
7841396 29.96 100926.26 14.74 102400000.00 1
7842895 29.54 100929.30 14.64 101922240.00 2
7847144 29.40 100932.13 14.63 93422664.00 3
7847893 29.61 100933.34 14.67 4806101.50 4
7848393 29.74 100934.15 14.65 4793446.50 5
7849143 29.79 100935.35 14.68 4654545.50 6
7849893 29.86 100934.28 14.65 460224.72 7
7850643 29.96 100935.48 14.66 483360.88 8
7851142 30.01 100937.20 14.68 500000.00 9
7851892 30.02 100936.21 14.68 502576.69 0
7852142 29.95 100937.28 14.63 102400000.00 1
7853641 29.52 100938.66 14.57 102400000.00 2
7857890 29.39 100942.57 14.56 93422664.00 3
7858639 29.60 100941.48 14.59 4870392.50 4
7859139 29.73 100941.53 14.59 4797657.50 5
7859889 29.78 100943.18 14.57 4670467.50 6
7860638 29.86 100944.11 14.57 462093.88 7
7861388 29.95 100944.52 14.59 477946.31 8
7862138 29.99 100944.69 14.58 490304.03 9
7862638 30.01 100944.84 14.55 500366.47 0
7862888 29.94 100945.51 14.55 102400000.00 1
7864387 29.52 100947.26 14.48 102400000.00 2
7868635 29.39 100950.63 14.49 94330336.00 3
7869385 29.59 100950.03 14.52 4866053.00 4
7869885 29.71 100950.63 14.51 4785046.50 5
7870635 29.76 100951.05 14.50 4686499.00 6
7871384 29.84 100951.64 14.51 457449.19 7
7872134 29.94 100953.62 14.49 481655.69 8
7872884 29.98 100954.45 14.48 487502.97 9
7873383 30.01 100953.59 14.48 497812.34 0
7873633 29.92 100953.32 14.48 102400000.00 1
7875133 29.50 100955.87 14.39 101685024.00 2
7879381 29.38 100958.94 14.41 94636824.00 3
7880131 29.58 100957.49 14.42 4883457.50 4
7880631 29.71 100959.91 14.45 4785046.50 5
7881380 29.76 100960.05 14.44 4658516.00 6
7882130 29.84 100959.59 14.43 456226.34 7
7882880 29.92 100957.38 14.41 477946.31 8
7883630 29.98 100959.29 14.43 488200.25 9
7884129 30.00 100958.02 14.43 502946.97 0
7884629 29.92 100956.07 14.41 102400000.00 1
7885879 29.49 100960.22 14.34 100979968.00 2
7890127 29.37 100965.63 14.34 92239272.00 3
7890877 29.58 100964.22 14.35 4831613.00 4
7891376 29.70 100966.48 14.35 4755878.00 5
7892126 29.75 100965.82 14.35 4666477.00 6
7892876 29.83 100965.95 14.33 457755.94 7
7893626 29.92 100967.30 14.34 476279.06 8
7894375 29.96 100967.60 14.36 491362.75 9
7894875 29.99 100967.67 14.33 496725.69 0
7895375 29.91 100967.54 14.33 102400000.00 1
7896625 29.48 100966.92 14.25 102400000.00 2
7900873 29.36 100968.91 14.21 93223328.00 3
7901623 29.57 100967.95 14.28 4870392.50 4
7902372 29.69 100968.95 14.27 4760023.00 5
7902872 29.74 100970.09 14.28 4642675.00 6
7903622 29.82 100969.63 14.29 461469.13 7
7904372 29.91 100968.81 14.26 471346.38 8
7905122 29.96 100969.90 14.26 486114.41 9
7905871 29.98 100968.80 14.26 503317.78 0
7906121 29.90 100970.17 14.26 102400000.00 1
7907371 29.48 100969.91 14.19 102160560.00 2
7911619 29.35 100971.35 14.17 94330336.00 3
7912369 29.56 100970.30 14.20 4874739.50 4
7913118 29.68 100968.84 14.19 4751740.00 5
7913618 29.73 100971.66 14.19 4638731.50 6
7914368 29.81 100972.13 14.21 454706.94 7
7915117 29.89 100970.48 14.18 474293.66 8
7915867 29.95 100973.01 14.17 491716.69 9
7916617 29.97 100972.19 14.19 501837.78 0
7916867 29.89 100971.31 14.18 102400000.00 1
7918116 29.47 100972.72 14.11 102400000.00 2
7922365 29.34 100973.51 14.10 94127112.00 3
7923114 29.55 100972.85 14.14 4840177.50 4
7923864 29.68 100972.34 14.13 4706693.50 5
7924364 29.73 100974.04 14.11 4646625.00 6
7925114 29.81 100975.20 14.16 455921.63 7
7925863 29.90 100974.32 14.13 478616.50 8
7926613 29.94 100974.19 14.15 487155.09 9
7927363 29.96 100974.22 14.13 499268.66 0
7927613 29.89 100974.41 14.09 102400000.00 1
7928862 29.46 100974.88 14.04 102400000.00 2
7933110 29.34 100974.61 14.04 92827192.00 3
7933860 29.54 100972.36 14.06 4793446.50 4
7934610 29.67 100975.66 14.06 4727063.00 5
7935360 29.71 100975.74 14.06 4666477.00 6
7935859 29.80 100975.01 14.09 463034.13 7
7936609 29.88 100974.27 14.05 478616.50 8
7937359 29.93 100976.29 14.08 494208.50 9
7938108 29.96 100974.98 14.02 503689.13 0
7938358 29.88 100976.23 14.04 102400000.00 1
7939608 29.45 100975.60 13.98 101213896.00 2
7943856 29.32 100976.40 13.95 93123976.00 3
7944606 29.53 100974.64 13.97 4785046.50 4
7945356 29.66 100976.46 14.00 4743486.00 5
7946105 29.71 100976.40 13.99 4650582.00 6
7946605 29.79 100978.77 14.03 457142.84 7
7947355 29.88 100981.27 14.00 473307.16 8
7948105 29.93 100980.96 13.95 496725.69 9
7948854 29.95 100985.70 13.97 505180.06 0
7949104 29.87 100989.66 13.95 102400000.00 1
7950354 29.45 100987.72 13.90 101685024.00 2
7954602 29.32 100977.03 13.89 93422664.00 3
7955352 29.53 100977.53 13.91 4848772.00 4
7956101 29.65 100975.77 13.94 4768335.50 5
7956851 29.70 100976.88 13.91 4630865.00 6
7957351 29.79 100978.23 13.91 462720.28 7
7958101 29.87 100977.64 13.91 478281.19 8
7958850 29.92 100978.31 13.91 485768.50 9
7959600 29.95 100978.68 13.85 502206.97 0
7959850 29.86 100976.68 13.91 102400000.00 1
7961349 29.45 100977.28 13.84 102400000.00 2
7965348 29.32 100977.02 13.81 92336736.00 3
7966098 29.52 100975.20 13.83 4840177.50 4
7966848 29.65 100976.72 13.85 4735260.00 5
7967597 29.70 100976.25 13.87 4634795.00 6
7968097 29.79 100977.79 13.84 460846.09 7
7968847 29.88 100978.07 13.82 479288.56 8
7969597 29.92 100977.93 13.86 489600.75 9
7970346 29.94 100975.98 13.84 504061.03 0
7970596 29.87 100977.71 13.83 102400000.00 1
7972096 29.44 100977.14 13.78 102400000.00 2
7976094 29.31 100976.70 13.75 92728688.00 3
7976844 29.52 100976.51 13.80 4835891.50 4
7977593 29.65 100978.80 13.79 4764175.50 5
7978343 29.70 100977.20 13.79 4662493.00 6
7979093 29.77 100975.21 13.78 463348.41 7
7979593 29.86 100977.77 13.78 480638.34 8
7980342 29.91 100977.14 13.80 490304.03 9
7981092 29.94 100976.98 13.77 503689.13 0
7981342 29.86 100976.16 13.76 102400000.00 1
7982841 29.43 100975.13 13.73 102400000.00 2
7986839 29.30 100975.65 13.68 93622856.00 3
7987589 29.52 100975.88 13.71 4861721.00 4
7988339 29.64 100974.74 13.74 4760023.00 5
7989089 29.69 100974.15 13.72 4678469.50 6
7989838 29.77 100975.53 13.74 462720.28 7
7990338 29.86 100976.90 13.74 479625.28 8
7991088 29.90 100975.13 13.73 492426.06 9
7991838 29.93 100974.84 13.69 502946.97 0
7992088 29.85 100974.91 13.69 102400000.00 1
7993587 29.43 100972.85 13.64 102400000.00 2
7997585 29.30 100974.51 13.64 93522656.00 3
7998335 29.51 100974.35 13.64 4853080.50 4
7999085 29.64 100975.47 13.66 4797657.50 5
7999835 29.68 100974.53 13.67 4690524.00 6
8000585 29.77 100974.70 13.69 463034.13 7
8001084 29.85 100975.57 13.65 479288.56 8
8001834 29.90 100973.81 13.67 496725.69 9
8002584 29.93 100973.34 13.64 500000.00 0
8002834 29.85 100974.27 13.63 102400000.00 1
8004333 29.42 100974.44 13.57 102280144.00 2
8008581 29.29 100971.67 13.58 93223328.00 3
8009081 29.50 100971.05 13.59 4831613.00 4
8009831 29.63 100971.68 13.61 4714820.00 5
8010581 29.68 100970.33 13.63 4634795.00 6
8011330 29.76 100971.27 13.63 466196.22 7
8011830 29.84 100972.19 13.62 480977.00 8
8012580 29.89 100971.46 13.63 492781.53 9
8013330 29.91 100969.46 13.61 502946.97 0
8013580 29.84 100969.69 13.59 102400000.00 1
8015079 29.41 100969.43 13.55 102160560.00 2
8019327 29.28 100968.38 13.52 93422664.00 3
8019827 29.49 100967.48 13.53 4814575.50 4
8020577 29.63 100968.60 13.56 4718894.00 5
8021327 29.67 100967.63 13.54 4642675.00 6
8022076 29.75 100968.42 13.55 461157.41 7
8022826 29.84 100966.16 13.53 478952.28 8
8023326 29.89 100967.80 13.56 494208.50 9
8024075 29.91 100966.58 13.56 500366.47 0
8024325 29.83 100966.70 13.52 102400000.00 1
8025825 29.41 100966.01 13.47 101331272.00 2
8030073 29.28 100963.91 13.46 92142000.00 3
8030573 29.48 100962.61 13.49 4835891.50 4
8031323 29.61 100962.95 13.50 4722975.00 5
8032072 29.66 100963.19 13.51 4642675.00 6
8032822 29.75 100963.41 13.48 461157.41 7
8033572 29.84 100962.22 13.50 474293.66 8
8034072 29.88 100961.86 13.52 490656.44 9
8034821 29.90 100962.41 13.46 503317.78 0
8035071 29.82 100962.03 13.46 102400000.00 1
8036571 29.41 100959.86 13.42 101448920.00 2
8040819 29.27 100959.84 13.42 92827192.00 3
8041319 29.48 100958.73 13.43 4806101.50 4
8042068 29.61 100959.10 13.45 4747609.50 5
8042818 29.66 100959.55 13.44 4642675.00 6
8043568 29.74 100957.38 13.47 458678.63 7
8044318 29.83 100957.52 13.44 476944.56 8
8044818 29.88 100956.67 13.42 494566.53 9
8045567 29.90 100956.57 13.43 496725.69 0
8045817 29.82 100955.74 13.42 102400000.00 1
8047317 29.41 100956.62 13.36 100631096.00 2
8051565 29.27 100955.09 13.35 93123976.00 3
8052315 29.48 100954.87 13.38 4818823.50 4
8052815 29.61 100954.87 13.40 4706693.50 5
8053564 29.66 100954.87 13.39 4588070.50 6
8054314 29.74 100954.05 13.37 461469.13 7
8055064 29.84 100953.65 13.39 478952.28 8
8055564 29.88 100953.73 13.39 493137.50 9
8056314 29.89 100952.78 13.35 503317.78 0
8056564 29.82 100953.09 13.36 102400000.00 1
8058063 29.40 100951.59 13.33 100631096.00 2
8062311 29.27 100950.01 13.32 92532296.00 3
8063061 29.48 100950.00 13.35 4801875.50 4
8063561 29.61 100951.59 13.34 4764175.50 5
8064311 29.66 100952.02 13.32 4690524.00 6
8065060 29.73 100948.20 13.33 459605.03 7
8065810 29.82 100948.73 13.35 476279.06 8
8066560 29.86 100948.10 13.34 493850.97 9
8067060 29.89 100947.41 13.33 503317.78 0
8067310 29.81 100946.66 13.29 102400000.00 1
8068809 29.39 100947.13 13.28 101213896.00 2
8073057 29.26 100946.52 13.25 93024840.00 3
8073807 29.47 100945.80 13.29 4866053.00 4
8074307 29.60 100947.18 13.29 4739369.50 5
8075056 29.65 100947.30 13.27 4658516.00 6
8075806 29.73 100945.64 13.24 463663.13 7
8076556 29.82 100945.86 13.29 476279.06 8
8077306 29.86 100945.95 13.24 493493.97 9
8077806 29.89 100943.57 13.28 501469.16 0
8078055 29.81 100942.80 13.28 102400000.00 1
8079555 29.39 100945.09 13.21 101566832.00 2
8083803 29.27 100943.29 13.22 93223328.00 3
8084553 29.47 100942.30 13.23 4806101.50 4
8085053 29.59 100941.55 13.22 4751740.00 5
8085803 29.64 100941.54 13.25 4623025.00 6
8086552 29.73 100939.41 13.27 462720.28 7
8087302 29.82 100940.34 13.24 476944.56 8
8088052 29.86 100938.96 13.19 492071.13 9
8088552 29.88 100938.69 13.25 504433.50 0
8089051 29.80 100938.44 13.21 102400000.00 1
8090301 29.39 100938.89 13.15 102400000.00 2
8094549 29.26 100935.93 13.15 92728688.00 3
8095299 29.47 100935.91 13.17 4818823.50 4
8095799 29.59 100935.28 13.17 4731158.00 5
8096549 29.64 100934.98 13.18 4662493.00 6
8097298 29.73 100935.23 13.19 463034.13 7
8098048 29.82 100934.64 13.19 477278.03 8
8098798 29.86 100933.75 13.17 494566.53 9
8099297 29.88 100932.00 13.18 503689.13 0
8099797 29.80 100931.48 13.17 102400000.00 1
8101047 29.39 100933.59 13.12 102400000.00 2
8105295 29.25 100929.46 13.13 93223328.00 3
8106045 29.46 100928.66 13.15 4857397.00 4
8106794 29.59 100929.31 13.15 4776676.50 5
8107294 29.64 100928.15 13.13 4611314.50 6
8108044 29.71 100927.63 13.12 462720.28 7
8108794 29.81 100926.77 13.15 480977.00 8
8109544 29.85 100926.44 13.15 491362.75 9
8110293 29.88 100926.46 13.13 503689.13 0
8110543 29.80 100926.29 13.12 102400000.00 1
8111793 29.38 100924.20 13.09 101566832.00 2
8116041 29.26 100924.10 13.08 93823912.00 3
8116791 29.46 100924.38 13.10 4844470.50 4
8117540 29.59 100921.91 13.10 4731158.00 5
8118040 29.64 100922.52 13.08 4654545.50 6
8118790 29.72 100921.45 13.10 465878.06 7
8119540 29.81 100921.05 13.08 479288.56 8
8120289 29.86 100919.64 13.08 495284.16 9
8121039 29.88 100919.27 13.11 500733.50 0
8121289 29.80 100919.67 13.06 102400000.00 1
8122538 29.38 100919.52 13.02 101922240.00 2
8126787 29.25 100916.93 13.00 93024840.00 3
8127536 29.45 100915.52 13.04 4853080.50 4
8128286 29.59 100914.95 13.03 4772502.00 5
8128786 29.64 100916.23 13.02 4630865.00 6
8129535 29.71 100914.81 13.04 462720.28 7
8130285 29.81 100912.90 13.07 478281.19 8
8131035 29.85 100912.98 13.07 493850.97 9
8131785 29.88 100912.56 13.04 498539.44 0
8132035 29.80 100912.45 13.03 102400000.00 1
8133284 29.38 100913.01 12.95 100399848.00 2
8137532 29.25 100910.80 12.97 91948088.00 3
8138282 29.46 100909.84 12.99 4806101.50 4
8139032 29.59 100909.59 13.01 4735260.00 5
8139531 29.63 100907.91 12.98 4619114.50 6
8140281 29.72 100907.02 13.02 461157.41 7
8141031 29.80 100907.68 12.94 484389.78 8
8141780 29.85 100908.05 13.00 495284.16 9
8142530 29.88 100907.52 12.97 506679.88 0
8142780 29.79 100905.45 12.99 102400000.00 1
8144030 29.38 100908.65 12.92 101566832.00 2
8148278 29.25 100904.05 12.94 92728688.00 3
8149028 29.45 100904.32 12.96 4861721.00 4
8149777 29.58 100902.77 12.95 4710753.50 5
8150277 29.63 100903.75 12.96 4638731.50 6
8151027 29.71 100899.46 12.96 457142.84 7
8151777 29.80 100901.33 12.97 480977.00 8
8152526 29.84 100899.16 12.94 494208.50 9
8153276 29.87 100898.95 12.95 500733.50 0
8153526 29.79 100897.91 12.89 102400000.00 1
8154775 29.38 100899.55 12.88 101566832.00 2
8159024 29.25 100895.42 12.91 92239272.00 3
8159773 29.46 100894.26 12.92 4844470.50 4
8160523 29.58 100893.18 12.93 4743486.00 5
8161023 29.63 100893.56 12.93 4662493.00 6
8161773 29.71 100891.23 12.90 463348.41 7
8162523 29.79 100890.28 12.92 484733.72 8
8163272 29.84 100890.41 12.87 489952.16 9
8164022 29.87 100891.25 12.93 501837.78 0
8164272 29.80 100890.93 12.86 102400000.00 1
8165521 29.37 100891.04 12.84 101213896.00 2
8169770 29.24 100890.17 12.83 93622856.00 3
8170519 29.45 100887.02 12.86 4879094.50 4
8171269 29.58 100887.63 12.87 4806101.50 5
8172019 29.62 100886.00 12.87 4662493.00 6
8172519 29.71 100885.29 12.87 462720.28 7
8173268 29.79 100885.12 12.89 477946.31 8
8174018 29.84 100885.38 12.85 495284.16 9
8174768 29.87 100884.73 12.85 506679.88 0
8175018 29.79 100884.32 12.84 102400000.00 1
8176267 29.37 100884.44 12.82 101922240.00 2
8180515 29.25 100883.20 12.80 93522656.00 3
8181265 29.45 100878.77 12.81 4874739.50 4
8182015 29.57 100878.70 12.86 4760023.00 5
8182765 29.62 100877.75 12.84 4654545.50 6
8183264 29.70 100877.66 12.81 462720.28 7
8184014 29.79 100877.64 12.83 483018.88 8
8184764 29.84 100879.35 12.82 496003.88 9
8185514 29.87 100878.51 12.85 502576.69 0
8185764 29.80 100877.62 12.81 102400000.00 1
8187013 29.37 100875.99 12.76 100515336.00 2
8191261 29.24 100874.95 12.74 93123976.00 3
8192011 29.45 100873.17 12.77 4866053.00 4
8192761 29.57 100870.63 12.79 4814575.50 5
8193511 29.62 100871.21 12.79 4686499.00 6
8194010 29.71 100871.74 12.79 465560.34 7
8194760 29.80 100872.09 12.80 484046.31 8
8195510 29.84 100872.25 12.83 493137.50 9
8196260 29.87 100871.02 12.78 507433.09 0
8196510 29.79 100871.41 12.76 102400000.00 1
8197759 29.37 100870.19 12.73 101803496.00 2
8202007 29.24 100870.28 12.74 93422664.00 3
8202757 29.45 100866.05 12.75 4866053.00 4
8203506 29.58 100867.18 12.75 4831613.00 5
8204256 29.63 100866.32 12.73 4654545.50 6
8204756 29.70 100865.41 12.76 463034.13 7
8205506 29.80 100865.82 12.75 479288.56 8
8206255 29.84 100865.83 12.72 500366.47 9
8207005 29.86 100863.10 12.76 505180.06 0
8207255 29.79 100863.23 12.73 102400000.00 1
8208755 29.37 100863.74 12.69 102041264.00 2
8212753 29.25 100861.44 12.68 93622856.00 3
8213502 29.45 100859.52 12.69 4892206.50 4
8214252 29.57 100860.32 12.70 4780858.00 5
8215002 29.62 100859.02 12.72 4722975.00 6
8215502 29.71 100859.07 12.74 465243.06 7
8216251 29.80 100859.00 12.71 483360.88 8
8217001 29.84 100856.92 12.70 495643.75 9
8217751 29.87 100855.12 12.71 504806.50 0
8218001 29.79 100856.78 12.69 102400000.00 1
8219500 29.37 100857.55 12.66 102160560.00 2
8223498 29.24 100854.80 12.66 93823912.00 3
8224248 29.45 100852.04 12.68 4810334.50 4
8224998 29.57 100852.89 12.69 4760023.00 5
8225748 29.62 100853.24 12.67 4682480.50 6
8226248 29.70 100852.09 12.68 461469.13 7
8226997 29.80 100851.73 12.68 483018.88 8
8227747 29.84 100850.70 12.69 497087.38 9
8228497 29.87 100848.84 12.65 509706.31 0
8228747 29.79 100848.71 12.65 102400000.00 1
8230246 29.37 100849.80 12.61 101213896.00 2
8234244 29.24 100846.59 12.62 93622856.00 3
8234994 29.45 100846.51 12.63 4914217.00 4
8235744 29.57 100846.11 12.62 4823079.00 5
8236493 29.63 100847.10 12.64 4694556.00 6
8237243 29.71 100846.23 12.63 464926.22 7
8237743 29.79 100842.74 12.66 486460.81 8
8238493 29.84 100842.35 12.66 500366.47 9
8239242 29.86 100842.17 12.65 503689.13 0
8239492 29.79 100842.78 12.62 102400000.00 1
8240992 29.38 100842.39 12.59 102160560.00 2
8244990 29.24 100839.24 12.56 94228616.00 3
8245740 29.44 100838.68 12.56 4900987.00 4
8246489 29.57 100839.39 12.60 4827342.50 5
8247239 29.63 100838.45 12.59 4674465.00 6
8247989 29.71 100838.08 12.56 462406.88 7
8248489 29.79 100835.09 12.63 483703.34 8
8249238 29.84 100836.74 12.60 494208.50 9
8249988 29.87 100834.24 12.62 505180.06 0
8250238 29.78 100833.22 12.57 102400000.00 1
8251738 29.37 100835.55 12.54 101448920.00 2
8255736 29.23 100831.24 12.55 93024840.00 3
8256486 29.45 100830.27 12.54 4844470.50 4
8257235 29.57 100831.14 12.58 4747609.50 5
8257985 29.62 100831.18 12.56 4670467.50 6
8258735 29.70 100827.89 12.62 467473.19 7
8259235 29.79 100826.54 12.56 481655.69 8
8259985 29.84 100826.33 12.56 499268.66 9
8260734 29.87 100827.64 12.58 504806.50 0
8260984 29.79 100826.83 12.53 102400000.00 1
8262484 29.36 100826.30 12.49 100747120.00 2
8266482 29.24 100823.17 12.50 92728688.00 3
8267232 29.45 100824.23 12.52 4861721.00 4
8267981 29.57 100823.63 12.54 4797657.50 5
8268731 29.63 100823.44 12.55 4678469.50 6
8269481 29.70 100819.53 12.53 462406.88 7
8269981 29.79 100818.20 12.55 479625.28 8
8270730 29.84 100820.87 12.54 494925.09 9
8271480 29.87 100819.87 12.53 508188.59 0
8271730 29.79 100819.63 12.51 102400000.00 1
8273230 29.37 100820.81 12.46 101331272.00 2
8277228 29.24 100819.24 12.46 93123976.00 3
8277978 29.45 100816.45 12.49 4883457.50 4
8278727 29.57 100815.20 12.50 4793446.50 5
8279477 29.63 100814.25 12.50 4727063.00 6
8280227 29.71 100813.45 12.48 466833.81 7
8280727 29.79 100812.80 12.53 486807.69 8
8281476 29.84 100813.77 12.49 496725.69 9
8282226 29.87 100812.02 12.51 504433.50 0
8282476 29.79 100812.76 12.47 102400000.00 1
8283975 29.37 100813.61 12.43 102280144.00 2
8287974 29.25 100819.53 12.43 93322888.00 3
8288723 29.45 100817.46 12.47 4879094.50 4
8289473 29.58 100810.77 12.45 4789243.00 5
8290223 29.62 100807.95 12.46 4674465.00 6
8290973 29.71 100807.99 12.49 464926.22 7
8291472 29.80 100809.45 12.43 484733.72 8
8292222 29.84 100807.87 12.43 493493.97 9
8292972 29.87 100807.29 12.49 502946.97 0
8293222 29.79 100805.96 12.46 102400000.00 1
8294721 29.37 100809.01 12.39 102400000.00 2
8298969 29.24 100805.23 12.41 92532296.00 3
8299469 29.45 100802.91 12.40 4844470.50 4
8300219 29.58 100802.50 12.43 4797657.50 5
8300969 29.62 100799.95 12.45 4694556.00 6
8301718 29.70 100798.72 12.39 465243.06 7
8302468 29.79 100799.91 12.42 485768.50 8
8302968 29.85 100800.39 12.43 494925.09 9
8303718 29.87 100799.38 12.42 508567.16 0
8303968 29.79 100798.81 12.43 102400000.00 1
8305467 29.37 100800.50 12.37 102041264.00 2
8309715 29.25 100799.28 12.35 93823912.00 3
8310215 29.45 100797.70 12.37 4874739.50 4
8310965 29.58 100796.24 12.39 4814575.50 5
8311715 29.63 100795.45 12.37 4731158.00 6
8312464 29.71 100794.41 12.43 467473.19 7
8313214 29.80 100794.41 12.41 480977.00 8
8313714 29.84 100793.51 12.38 498175.63 9
8314464 29.87 100794.20 12.38 506679.88 0
8314714 29.79 100792.40 12.36 102400000.00 1
8316213 29.37 100792.86 12.35 102400000.00 2
8320461 29.24 100790.70 12.33 94025824.00 3
8320961 29.46 100788.27 12.36 4905389.00 4
8321711 29.58 100785.81 12.36 4835891.50 5
8322460 29.63 100785.66 12.36 4678469.50 6
8323210 29.71 100786.18 12.38 468114.28 7
8323960 29.80 100786.91 12.40 488899.50 8
8324460 29.85 100786.52 12.37 498539.44 9
8325210 29.88 100784.49 12.39 506679.88 0
8325460 29.80 100785.07 12.36 102400000.00 1
8326959 29.38 100782.45 12.31 102400000.00 2
8331207 29.25 100782.55 12.29 94432280.00 3
8331707 29.46 100779.29 12.33 4879094.50 4
8332457 29.58 100778.34 12.35 4831613.00 5
8333206 29.63 100779.95 12.36 4722975.00 6
8333956 29.71 100781.66 12.31 466514.81 7
8334706 29.80 100780.78 12.35 484046.31 8
8335205 29.84 100780.27 12.34 496364.53 9
8335955 29.88 100780.66 12.33 507433.09 0
8336205 29.80 100779.80 12.33 102400000.00 1
8337704 29.38 100778.20 12.27 102400000.00 2
8341953 29.25 100775.25 12.26 94739432.00 3
8342452 29.45 100773.38 12.31 4874739.50 4
8343202 29.58 100771.64 12.32 4814575.50 5
8343952 29.63 100771.22 12.31 4702640.50 6
8344701 29.71 100770.68 12.31 467153.28 7
8345451 29.80 100771.55 12.33 481995.75 8
8345951 29.85 100771.16 12.34 500000.00 9
8346700 29.87 100769.98 12.36 509326.03 0
8346950 29.79 100768.63 12.32 102400000.00 1
8348450 29.38 100767.71 12.26 102400000.00 2
8352698 29.25 100768.45 12.26 94945312.00 3
8353448 29.45 100764.47 12.27 4940892.50 4
8353948 29.58 100764.57 12.28 4818823.50 5
8354697 29.63 100764.59 12.28 4751740.00 6
8355447 29.71 100763.17 12.27 469724.78 7
8356197 29.80 100762.73 12.30 486114.41 8
8356946 29.85 100762.39 12.27 498903.78 9
8357446 29.87 100760.73 12.31 511233.16 0
8357696 29.80 100761.93 12.28 102400000.00 1
8359196 29.37 100759.23 12.22 102400000.00 2
8363444 29.25 100760.35 12.22 95463944.00 3
8364193 29.45 100757.91 12.23 4900987.00 4
8364693 29.58 100755.91 12.25 4853080.50 5
8365443 29.63 100757.27 12.25 4735260.00 6
8366193 29.71 100757.02 12.25 471021.16 7
8366943 29.80 100756.92 12.28 488200.25 8
8367692 29.85 100754.08 12.23 497812.34 9
8368192 29.87 100751.28 12.23 512000.00 0
8368442 29.79 100753.70 12.24 102400000.00 1
8369941 29.38 100754.69 12.19 102400000.00 2
8374190 29.25 100752.13 12.21 95882952.00 3
8374939 29.46 100751.70 12.20 4954339.50 4
8375439 29.58 100750.98 12.23 4870392.50 5
8376189 29.63 100752.30 12.22 4789243.00 6
8376939 29.72 100751.90 12.21 468114.28 7
8377688 29.81 100748.83 12.23 483703.34 8
8378438 29.85 100748.31 12.23 502206.97 9
8378938 29.88 100748.28 12.23 512000.00 0
8379188 29.80 100748.51 12.20 102400000.00 1
8380687 29.38 100749.24 12.17 102400000.00 2
8384935 29.25 100753.08 12.16 94842256.00 3
8385685 29.45 100751.13 12.17 4905389.00 4
8386185 29.58 100752.35 12.18 4874739.50 5
8386934 29.63 100752.70 12.18 4731158.00 6
8387684 29.71 100751.12 12.21 467793.50 7
8388434 29.81 100750.44 12.24 486114.41 8
8389184 29.85 100747.26 12.24 500000.00 9
8389684 29.88 100748.25 12.21 508188.59 0
8390183 29.80 100747.76 12.20 102400000.00 1
8391433 29.37 100748.21 12.14 102041264.00 2
8395681 29.25 100746.48 12.15 94534440.00 3
8396431 29.46 100745.20 12.17 4936426.50 4
8396931 29.59 100745.86 12.19 4870392.50 5
8397680 29.63 100744.86 12.18 4764175.50 6
8398430 29.71 100743.92 12.15 470372.06 7
8399180 29.80 100742.72 12.18 488200.25 8
8399930 29.85 100739.91 12.17 499634.06 9
8400429 29.88 100738.90 12.20 511616.28 0
8400929 29.80 100739.31 12.16 102400000.00 1
8402179 29.38 100736.13 12.13 102400000.00 2
8406427 29.25 100733.67 12.09 93622856.00 3
8407177 29.45 100732.66 12.12 4949849.00 4
8407677 29.58 100732.10 12.14 4831613.00 5
8408426 29.63 100732.73 12.15 4735260.00 6
8409176 29.71 100729.46 12.14 468114.28 7
8409926 29.80 100727.76 12.14 487851.34 8
8410676 29.85 100725.51 12.16 500000.00 9
8411176 29.88 100725.06 12.14 508567.16 0
8411675 29.80 100723.51 12.15 102400000.00 1
8412925 29.38 100725.63 12.08 102400000.00 2
8417173 29.25 100724.72 12.10 94330336.00 3
8417923 29.45 100723.73 12.12 4954339.50 4
8418672 29.58 100724.29 12.14 4861721.00 5
8419172 29.63 100720.80 12.11 4739369.50 6
8419922 29.71 100720.02 12.12 468114.28 7
8420672 29.80 100718.27 12.13 487502.97 8
8421421 29.85 100718.94 12.15 497812.34 9
8421921 29.88 100719.46 12.11 510468.59 0
8422421 29.80 100718.96 12.13 102400000.00 1
8423670 29.38 100720.21 12.07 102400000.00 2
8427919 29.25 100718.94 12.04 94636824.00 3
8428668 29.46 100718.66 12.08 4900987.00 4
8429418 29.59 100716.95 12.09 4874739.50 5
8429918 29.63 100713.54 12.10 4739369.50 6
8430668 29.71 100713.52 12.08 468114.28 7
8431417 29.80 100712.57 12.11 488549.63 8
8432167 29.85 100712.88 12.11 502576.69 9
8432917 29.87 100711.55 12.09 509326.03 0
8433167 29.80 100711.72 12.07 102400000.00 1
8434416 29.38 100714.58 12.04 102400000.00 2
8438664 29.25 100710.24 12.04 94127112.00 3
8439414 29.46 100711.60 12.06 4940892.50 4
8440164 29.58 100707.55 12.07 4806101.50 5
8440664 29.64 100706.64 12.07 4743486.00 6
8441413 29.72 100704.84 12.06 467793.50 7
8442163 29.81 100704.73 12.06 485423.09 8
8442913 29.86 100705.82 12.07 501837.78 9
8443663 29.88 100704.96 12.07 511616.28 0
8443913 29.80 100704.17 12.07 102400000.00 1
8445162 29.38 100706.05 12.00 102400000.00 2
8449410 29.25 100704.85 12.01 95152088.00 3
8450160 29.46 100700.35 12.04 4936426.50 4
8450910 29.59 100699.22 12.04 4840177.50 5
8451410 29.64 100700.23 12.04 4727063.00 6
8452159 29.71 100697.68 12.04 473635.53 7
8452909 29.81 100698.08 12.06 485768.50 8
8453659 29.85 100696.21 12.03 497812.34 9
8454409 29.88 100696.66 12.05 512384.28 0
8454659 29.80 100695.91 12.03 102400000.00 1
8455908 29.39 100699.86 12.01 102400000.00 2
8460156 29.25 100706.04 11.98 94025824.00 3
8460906 29.46 100703.40 12.01 4923077.00 4
8461656 29.58 100699.32 12.03 4853080.50 5
8462156 29.63 100699.29 12.01 4755878.00 6
8462905 29.71 100698.98 12.04 469724.78 7
8463655 29.81 100698.86 12.01 487155.09 8
8464405 29.85 100692.04 12.02 501469.16 9
8465155 29.88 100690.48 12.01 514314.41 0
8465405 29.80 100689.81 12.00 102400000.00 1
8466654 29.38 100692.84 11.96 102400000.00 2
8470902 29.25 100689.63 11.97 94945312.00 3
8471652 29.46 100686.16 12.01 4954339.50 4
8472402 29.59 100685.73 11.98 4883457.50 5
8472901 29.64 100685.10 12.00 4768335.50 6
8473651 29.72 100683.77 12.02 468114.28 7
8474401 29.81 100684.65 11.99 487851.34 8
8475151 29.85 100681.10 11.97 502576.69 9
8475900 29.88 100682.36 12.01 513540.63 0
8476150 29.81 100682.14 12.00 102400000.00 1
8477400 29.39 100683.05 11.95 102400000.00 2
8481648 29.26 100683.18 11.95 95463944.00 3
8482398 29.46 100678.72 11.97 4981453.50 4
8483147 29.59 100677.89 11.98 4870392.50 5
8483897 29.64 100677.60 11.97 4751740.00 6
8484397 29.72 100676.38 11.99 471998.16 7
8485147 29.82 100677.86 11.98 489249.88 8
8485896 29.86 100675.30 11.98 500366.47 9
8486646 29.89 100676.24 11.96 512000.00 0
8486896 29.81 100674.58 11.95 102400000.00 1
8488145 29.39 100673.94 11.91 102400000.00 2
8492394 29.26 100676.29 11.90 95777856.00 3
8493143 29.46 100671.77 11.92 4967859.50 4
8493893 29.60 100672.58 11.95 4853080.50 5
8494643 29.64 100672.18 11.95 4760023.00 6
8495143 29.73 100670.98 11.98 470048.19 7
8495892 29.82 100670.31 11.97 487851.34 8
8496642 29.86 100668.29 11.95 498903.78 9
8497392 29.88 100667.40 11.94 510850.59 0
8497642 29.81 100667.96 11.94 102400000.00 1
8498891 29.39 100667.00 11.90 102400000.00 2
8503139 29.26 100668.05 11.86 94636824.00 3
8503889 29.46 100663.98 11.89 4931968.50 4
8504639 29.60 100664.85 11.92 4879094.50 5
8505388 29.64 100663.44 11.92 4710753.50 6
8505888 29.73 100662.50 11.92 469724.78 7
8506638 29.82 100662.53 11.93 484046.31 8
8507388 29.86 100661.04 11.92 501837.78 9
8508138 29.89 100660.80 11.92 508188.59 0
8508388 29.81 100660.00 11.90 102400000.00 1
8509887 29.39 100660.84 11.85 102400000.00 2
8513885 29.26 100658.58 11.87 94432280.00 3
8514635 29.47 100658.18 11.86 4927519.00 4
8515385 29.60 100657.02 11.90 4835891.50 5
8516134 29.65 100658.45 11.91 4727063.00 6
8516634 29.73 100656.41 11.92 470048.19 7
8517384 29.82 100655.66 11.93 488549.63 8
8518134 29.87 100656.13 11.91 500000.00 9
8518883 29.89 100655.78 11.91 508567.16 0
8519133 29.81 100652.98 11.88 102400000.00 1
8520633 29.39 100654.17 11.87 102400000.00 2
8524631 29.27 100652.13 11.84 95672992.00 3
8525381 29.48 100652.14 11.87 4940892.50 4
8526130 29.60 100651.33 11.87 4866053.00 5
8526880 29.64 100649.48 11.89 4727063.00 6
8527380 29.73 100648.48 11.89 470048.19 7
8528130 29.82 100648.52 11.88 488200.25 8
8528879 29.87 100649.07 11.88 499268.66 9
8529629 29.89 100647.74 11.90 512769.16 0
8529879 29.81 100647.27 11.86 102400000.00 1
8531379 29.39 100646.77 11.82 102400000.00 2
8535377 29.27 100646.31 11.82 95568352.00 3
8536127 29.47 100643.38 11.87 4963344.50 4
8536876 29.59 100642.01 11.86 4905389.00 5
8537626 29.65 100642.85 11.85 4776676.50 6
8538376 29.73 100642.91 11.88 470048.19 7
8538876 29.82 100643.56 11.88 487155.09 8
8539625 29.87 100644.27 11.86 501101.06 9
8540375 29.89 100641.41 11.86 512384.28 0
8540625 29.82 100641.67 11.87 102400000.00 1
8542124 29.40 100641.05 11.81 102400000.00 2
8546123 29.27 100639.08 11.82 94842256.00 3
8546872 29.48 100637.51 11.83 4967859.50 4
8547622 29.61 100637.80 11.84 4857397.00 5
8548372 29.66 100638.58 11.85 4755878.00 6
8549121 29.73 100636.60 11.84 470048.19 7
8549621 29.82 100635.00 11.86 488549.63 8
8550371 29.87 100635.73 11.84 498175.63 9
8551121 29.89 100632.98 11.84 511233.16 0
8551371 29.82 100633.51 11.83 102400000.00 1
8552870 29.40 100633.02 11.78 102400000.00 2
8556868 29.27 100630.20 11.77 95672992.00 3
8557618 29.47 100627.64 11.79 4949849.00 4
8558368 29.61 100627.97 11.82 4823079.00 5
8559118 29.66 100627.78 11.82 4739369.50 6
8559868 29.74 100627.43 11.82 468435.50 7
8560367 29.83 100627.04 11.81 484733.72 8
8561117 29.87 100626.63 11.84 500366.47 9
8561867 29.89 100624.21 11.81 512000.00 0
8562117 29.82 100622.94 11.82 102400000.00 1
8563616 29.39 100624.18 11.75 102400000.00 2
8567614 29.27 100622.56 11.75 94842256.00 3
8568364 29.48 100621.06 11.78 4945366.50 4
8569114 29.61 100622.46 11.78 4835891.50 5
8569864 29.65 100617.89 11.79 4776676.50 6
8570613 29.74 100620.07 11.81 471672.03 7
8571113 29.83 100621.61 11.79 485078.16 8
8571863 29.88 100620.39 11.81 503317.78 9
8572613 29.90 100617.34 11.80 512769.16 0
8572862 29.82 100617.24 11.79 102400000.00 1
8574362 29.40 100614.87 11.75 102400000.00 2
8578610 29.27 100612.23 11.77 94228616.00 3
8579110 29.48 100610.13 11.76 4945366.50 4
8579860 29.61 100611.02 11.79 4857397.00 5
8580609 29.66 100611.81 11.77 4747609.50 6
8581359 29.73 100609.70 11.77 471672.03 7
8581859 29.83 100610.30 11.78 486460.81 8
8582609 29.88 100611.33 11.76 497812.34 9
8583358 29.90 100609.50 11.76 507433.09 0
8583608 29.82 100607.60 11.76 102400000.00 1
8585108 29.41 100607.48 11.72 102400000.00 2
8589356 29.28 100604.30 11.71 95463944.00 3
8589856 29.48 100603.02 11.72 4931968.50 4
8590606 29.61 100603.70 11.75 4835891.50 5
8591355 29.66 100604.47 11.75 4776676.50 6
8592105 29.73 100601.49 11.77 470696.41 7
8592855 29.83 100603.11 11.78 490656.44 8
8593355 29.88 100603.01 11.75 498903.78 9
8594104 29.90 100602.84 11.75 512000.00 0
8594354 29.83 100602.34 11.75 102400000.00 1
8595854 29.41 100600.12 11.70 102041264.00 2
8600102 29.28 100597.95 11.70 95152088.00 3
8600602 29.49 100597.14 11.73 4931968.50 4
8601352 29.61 100597.27 11.73 4835891.50 5
8602101 29.66 100598.06 11.72 4702640.50 6
8602851 29.74 100596.31 11.72 469079.25 7
8603601 29.84 100598.00 11.73 485078.16 8
8604101 29.88 100596.63 11.76 496364.53 9
8604850 29.90 100595.41 11.74 511616.28 0
8605100 29.82 100594.56 11.73 102400000.00 1
8606600 29.41 100593.79 11.69 102400000.00 2
8610848 29.28 100593.59 11.67 93823912.00 3
8611348 29.48 100591.57 11.72 4954339.50 4
8612098 29.61 100591.24 11.72 4810334.50 5
8612847 29.66 100592.20 11.71 4793446.50 6
8613597 29.74 100591.98 11.74 468114.28 7
8614347 29.84 100592.53 11.75 487155.09 8
8614847 29.88 100590.63 11.71 500733.50 9
8615596 29.90 100591.80 11.73 510087.19 0
8615846 29.83 100590.70 11.71 102400000.00 1
8617346 29.41 100589.97 11.66 102400000.00 2
8621594 29.28 100588.27 11.66 95568352.00 3
8622094 29.48 100587.05 11.66 4923077.00 4
8622843 29.61 100588.83 11.70 4857397.00 5
8623593 29.66 100589.38 11.70 4768335.50 6
8624343 29.74 100586.47 11.77 468757.16 7
8625092 29.83 100586.94 11.69 485423.09 8
8625592 29.88 100588.00 11.72 502206.97 9
8626342 29.91 100587.84 11.73 512769.16 0
8626592 29.83 100586.95 11.69 102400000.00 1
8628091 29.41 100584.02 11.67 102400000.00 2
8632340 29.28 100583.06 11.64 94636824.00 3
8633089 29.48 100581.05 11.66 4931968.50 4
8633589 29.61 100583.11 11.67 4810334.50 5
8634339 29.66 100582.36 11.67 4735260.00 6
8635089 29.75 100582.87 11.76 470048.19 7
8635838 29.84 100582.10 11.70 485768.50 8
8636338 29.88 100580.90 11.69 501837.78 9
8637088 29.90 100579.53 11.67 512769.16 0
8637338 29.82 100579.65 11.69 102400000.00 1
8638837 29.41 100578.39 11.63 102400000.00 2
8643086 29.29 100577.99 11.64 95463944.00 3
8643835 29.49 100575.87 11.65 4990557.50 4
8644335 29.62 100578.16 11.66 4883457.50 5
8645085 29.67 100577.26 11.67 4772502.00 6
8645834 29.75 100574.91 11.65 469724.78 7
8646584 29.84 100574.66 11.64 487851.34 8
8647334 29.88 100574.42 11.68 500366.47 9
8647834 29.91 100574.32 11.68 511616.28 0
8648084 29.83 100573.86 11.65 102400000.00 1
8649583 29.41 100570.13 11.61 102400000.00 2
8653831 29.29 100567.48 11.62 95359768.00 3
8654581 29.49 100568.20 11.62 4940892.50 4
8655081 29.61 100568.53 11.65 4879094.50 5
8655830 29.67 100567.95 11.63 4739369.50 6
8656580 29.75 100567.09 11.71 470048.19 7
8657330 29.84 100566.80 11.63 486807.69 8
8658080 29.89 100568.09 11.65 498903.78 9
8658580 29.91 100565.20 11.62 511233.16 0
8658830 29.83 100564.88 11.65 102400000.00 1
8660329 29.41 100564.62 11.61 102400000.00 2
8664577 29.29 100563.88 11.61 94432280.00 3
8665327 29.49 100564.73 11.61 4918643.00 4
8665826 29.62 100565.32 11.62 4840177.50 5
8666576 29.67 100563.52 11.65 4751740.00 6
8667326 29.75 100560.61 11.62 469401.78 7
8668076 29.84 100560.59 11.63 486114.41 8
8668825 29.89 100560.46 11.64 500733.50 9
8669325 29.91 100559.71 11.63 507810.56 0
8669825 29.84 100559.80 11.64 102400000.00 1
8671075 29.41 100558.84 11.58 102400000.00 2
8675323 29.29 100557.23 11.57 94842256.00 3
8676072 29.49 100556.91 11.59 4936426.50 4
8676572 29.62 100559.08 11.59 4848772.00 5
8677322 29.67 100558.00 11.62 4776676.50 6
8678072 29.75 100556.59 11.61 468757.16 7
8678821 29.85 100557.56 11.62 484733.72 8
8679571 29.89 100555.28 11.59 499634.06 9
8680071 29.91 100555.20 11.62 514702.19 0
8680571 29.84 100555.48 11.59 102400000.00 1
8681820 29.41 100555.51 11.54 102400000.00 2
8686069 29.29 100553.16 11.57 95777856.00 3
8686818 29.49 100552.66 11.58 4981453.50 4
8687318 29.62 100552.41 11.59 4892206.50 5
8688068 29.67 100552.55 11.62 4755878.00 6
8688818 29.75 100551.86 11.63 471021.16 7
8689567 29.84 100550.46 11.58 488899.50 8
8690317 29.88 100550.69 11.59 500000.00 9
8690817 29.91 100550.51 11.62 509326.03 0
8691317 29.84 100551.27 11.59 102400000.00 1
8692566 29.42 100550.85 11.55 102400000.00 2
8696815 29.29 100548.16 11.53 95568352.00 3
8697564 29.50 100548.95 11.58 4923077.00 4
8698314 29.62 100546.44 11.57 4883457.50 5
8698814 29.67 100546.90 11.55 4764175.50 6
8699564 29.75 100545.92 11.58 467473.19 7
8700313 29.84 100546.90 11.60 485768.50 8
8701063 29.89 100545.10 11.60 504061.03 9
8701563 29.91 100545.31 11.59 511233.16 0
8702063 29.84 100544.67 11.56 102400000.00 1
8703312 29.41 100544.28 11.52 102400000.00 2
8707560 29.29 100543.07 11.54 95777856.00 3
8708310 29.49 100542.79 11.55 5013464.00 4
8709060 29.62 100542.05 11.57 4874739.50 5
8709560 29.67 100541.38 11.55 4793446.50 6
8710309 29.74 100539.01 11.58 468757.16 7
8711059 29.84 100540.53 11.59 488549.63 8
8711809 29.89 100540.91 11.56 500366.47 9
8712558 29.91 100539.96 11.59 512000.00 0
8712809 29.84 100539.60 11.55 102400000.00 1
8714058 29.41 100540.45 11.52 102400000.00 2
8718306 29.29 100537.02 11.51 96199632.00 3
8719056 29.50 100538.01 11.53 4940892.50 4
8719806 29.62 100535.73 11.53 4853080.50 5
8720305 29.67 100537.03 11.53 4760023.00 6
8721055 29.75 100536.32 11.57 468757.16 7
8721805 29.85 100537.16 11.54 486114.41 8
8722555 29.89 100536.40 11.54 501469.16 9
8723304 29.91 100536.23 11.56 510850.59 0
8723554 29.84 100534.98 11.53 102400000.00 1
8724804 29.41 100535.63 11.50 102400000.00 2
8729052 29.29 100533.17 11.50 94945312.00 3
8729802 29.49 100531.41 11.52 4931968.50 4
8730551 29.62 100530.14 11.52 4874739.50 5
8731051 29.67 100529.88 11.52 4751740.00 6
8731801 29.75 100528.42 11.55 470696.41 7
8732550 29.84 100529.16 11.52 486114.41 8
8733300 29.88 100529.70 11.53 501469.16 9
8734050 29.91 100528.36 11.54 512000.00 0
8734300 29.83 100527.49 11.53 102400000.00 1
8735549 29.41 100528.55 11.48 102400000.00 2
8739798 29.29 100526.35 11.46 94636824.00 3
8740547 29.49 100524.62 11.49 4940892.50 4
8741297 29.62 100525.46 11.51 4861721.00 5
8741797 29.66 100524.33 11.50 4764175.50 6
8742547 29.75 100524.77 11.52 469401.78 7
8743296 29.84 100525.16 11.53 488549.63 8
8744046 29.89 100525.38 11.54 502946.97 9
8744796 29.91 100523.61 11.51 513540.63 0
8745046 29.83 100522.23 11.52 102400000.00 1
