=~=~=~=~=~=~=~=~=~=~=~= KiTTY log 2024.12.06 15:42:47 =~=~=~=~=~=~=~=~=~=~=~=
2379499 28.88 98211.96 20.94 102400000.00 2
2383748 28.72 98196.28 21.29 102400000.00 3
2384497 28.91 98190.87 21.39 5795543.00 4
2385247 29.03 98189.88 21.50 5710700.50 5
2385747 29.07 98187.96 21.51 5622512.00 6
2386497 29.13 98184.98 21.60 576901.44 7
2387247 29.21 98181.95 21.57 591394.75 2655643 28.39 99355.17 23.40 840550.00 8
2656392 28.44 99360.65 23.36 848384.44 9
2657142 28.46 99364.68 23.31 859060.38 0
2657392 28.39 99366.20 23.28 102400000.00 1
2658891 27.98 99376.95 23.18 102400000.00 2
2662890 27.88 99408.15 23.15 102400000.00 3
2663639 28.11 99414.95 23.17 9462316.00 4
2664389 28.24 99417.62 23.17 9301164.00 5
2665139 28.28 99420.27 23.14 9160749.00 6
2665889 28.37 99427.44 23.11 804399.06 7
2666389 28.45 99430.58 23.09 820348.50 8
2667138 28.51 99438.28 23.08 839000.44 9
2667888 28.54 99442.70 23.05 856903.75 0
2668138 28.46 99443.52 23.04 102400000.00 1
2669637 28.05 99453.65 22.91 102400000.00 2
2673636 27.96 99484.72 22.88 102400000.00 3
2674385 28.18 99489.33 22.89 9277463.00 4
2675135 28.30 99493.98 22.93 9061947.00 5
2675885 28.35 99499.43 22.87 8892266.00 6
2676634 28.44 99505.19 22.85 787692.31 7
2677134 28.53 99510.78 22.86 809646.19 8
2677884 28.57 99516.15 22.81 822324.81 9
2678634 28.60 99520.67 22.83 822820.44 0
2678884 28.52 99519.66 22.76 102400000.00 1
2680383 28.11 99534.23 22.68 102400000.00 2
2684381 28.02 99563.94 22.62 102400000.00 3
2685131 28.23 99570.40 22.64 9009623.00 4
2685881 28.36 99576.24 22.61 8834726.00 5
2686631 28.42 99582.67 22.60 8680265.00 6
2687380 28.50 99586.91 22.59 774730.50 7
2687880 28.59 99592.45 22.62 790886.25 8
2688630 28.64 99598.97 22.54 807252.69 9
2689380 28.66 99603.47 22.46 818381.63 0
2689630 28.59 99604.91 22.50 102400000.00 1
2691129 28.17 99613.99 22.43 102400000.00 2
2695128 28.08 99643.51 22.36 102400000.00 3
2695877 28.30 99651.01 22.38 8784987.00 4
2696627 28.42 99654.86 22.37 8659619.00 5
2697377 28.48 99660.02 22.37 8393443.00 6
2698126 28.56 99664.05 22.35 764749.81 7
2698626 28.64 99669.63 22.28 795958.00 8
2699376 28.70 99676.99 22.34 798751.94 9
2700126 28.73 99682.82 22.26 816424.19 0
2700376 28.65 99683.12 22.25 102400000.00 1
2701875 28.23 99689.66 22.16 102400000.00 2
2705873 28.13 99722.12 22.10 102400000.00 3
2706623 28.36 99728.21 22.10 8645910.00 4
2707373 28.48 99733.52 22.13 8458441.00 5
2708123 28.54 99738.34 22.10 8266397.50 6
2708872 28.62 99744.89 22.13 751697.56 7
2709372 28.71 99748.23 22.10 773852.25 8
2710122 28.75 99752.97 22.13 790428.38 9
2710872 28.78 99759.29 22.06 807730.25 0
2711122 28.71 99762.74 22.01 102400000.00 1
2712621 28.29 99769.30 21.95 102400000.00 2
2716619 28.18 99802.94 21.88 102400000.00 3
2717369 28.41 99805.63 21.91 8571279.00 4
2718119 28.54 99811.04 21.91 8374137.50 5
2718869 28.58 99815.44 21.90 8297797.00 6
2719618 28.67 99822.83 21.83 752111.63 7
2720118 28.75 99828.01 21.87 760066.81 8
2720868 28.80 99833.30 21.88 780041.88 9
2721618 28.83 99839.45 21.83 788602.25 0
2721867 28.75 99841.66 21.81 102400000.00 1
2723367 28.33 99851.42 21.73 102400000.00 2
2727365 28.23 99881.30 21.65 102400000.00 3
2728115 28.46 99887.53 21.67 8304105.50 4
2728865 28.58 99892.99 21.70 8204306.50 5
2729614 28.64 99899.15 21.69 8076904.00 6
2730364 28.71 99902.51 21.71 741760.25 7
2730864 28.80 99906.79 21.66 756277.69 8
2731614 28.86 99913.95 21.63 765178.38 9
2732363 28.88 99917.60 21.62 782725.00 0
2732613 28.81 99919.91 21.59 102400000.00 1
2734113 28.38 99929.40 21.50 102400000.00 2
2738111 28.27 99956.17 21.44 102400000.00 3
2738861 28.50 99963.91 21.48 8222835.50 4
2739611 28.63 99970.27 21.47 8064976.50 5
2740360 28.68 99972.98 21.47 7953398.00 6
2741110 28.76 99978.14 21.50 730645.75 7
2741610 28.85 99981.12 21.45 749085.56 8
2742360 28.89 99986.41 21.45 757536.50 9
2743109 28.92 99990.77 21.44 767328.56 0
2743359 28.84 99993.58 21.39 102400000.00 1
2744859 28.42 100001.91 21.30 102400000.00 2
2748857 28.32 100029.55 21.26 102400000.00 3
2749607 28.55 100035.52 21.32 8167497.50 4
2750357 28.68 100041.66 21.29 8070936.00 5
2751106 28.73 100044.46 21.30 7873138.00 6
2751856 28.80 100047.77 21.28 720619.31 7
2752356 28.89 100051.80 21.28 737752.19 8
2753106 28.94 100056.02 21.27 757957.06 9
2753855 28.97 100059.86 21.23 757536.50 0
2754105 28.89 100062.83 21.20 102400000.00 1
2755605 28.46 100067.67 21.11 102400000.00 2
2759603 28.36 100093.84 21.10 102400000.00 3
2760353 28.59 100100.62 21.12 8100865.50 4
2761103 28.72 100103.78 21.12 7918801.50 5
2761852 28.77 100108.20 21.11 7766769.50 6
2762602 28.85 100113.10 21.17 710124.81 7
2763102 28.94 100117.82 21.06 738550.31 8
2763852 28.99 100121.52 21.10 747445.25 9
2764601 29.01 100125.34 21.06 749085.56 0
2764851 28.93 100124.75 21.01 102400000.00 1
2766351 28.51 100130.59 20.96 102400000.00 2
2770349 28.40 100154.77 20.91 102400000.00 3
2771099 28.63 100162.27 20.93 7861804.00 4
2771849 28.76 100167.33 20.96 7777830.50 5
2772598 28.81 100171.25 20.94 7525953.00 6
2773348 28.89 100174.59 20.93 707182.31 7
2773848 28.98 100178.18 20.91 726756.56 8
2774597 29.03 100182.94 20.89 738550.31 9
2775347 29.05 100185.73 20.89 743375.69 0
2775597 28.97 100186.27 20.87 102400000.00 1
2777097 28.55 100194.42 20.77 102400000.00 2
2781095 28.44 100217.78 20.75 102400000.00 3
2781845 28.67 100224.14 20.75 7827998.00 4
2782594 28.80 100226.02 20.76 7811204.00 5
2783344 28.85 100230.56 20.77 7641791.00 6
2784094 28.93 100233.19 20.79 704991.38 7
2784594 29.02 100238.41 20.73 725983.69 8
2785343 29.07 100241.69 20.69 739350.19 9
2786093 29.10 100247.02 20.72 740151.81 0
2786343 29.02 100247.05 20.67 102400000.00 1
2787843 28.59 100254.25 20.62 102400000.00 2
2791841 28.48 100280.74 20.55 102400000.00 3
2792591 28.71 100286.12 20.59 7822392.00 4
2793340 28.84 100289.95 20.60 7615152.00 5
2794090 28.88 100293.95 20.60 7500114.50 6
2794840 28.97 100298.24 20.54 698499.31 7
2795340 29.06 100301.23 20.57 718344.44 8
2796089 29.11 100305.18 20.58 730645.75 9
2796839 29.13 100308.02 20.55 737752.19 0
2797089 29.05 100308.84 20.53 102400000.00 1
2798588 28.64 100315.60 20.43 102400000.00 2
2802587 28.52 100342.59 20.39 102400000.00 3
2803337 28.75 100351.45 20.43 7772296.00 4
2804086 28.88 100354.63 20.43 7647141.00 5
2804836 28.93 100358.04 20.43 7562428.00 6
2805586 29.01 100359.05 20.40 689330.19 7
2806086 29.10 100363.25 20.39 713091.94 8
2806835 29.15 100362.65 20.37 724442.88 9
2807585 29.17 100363.77 20.35 739350.19 0
2807835 29.09 100364.63 20.32 102400000.00 1
2809335 28.67 100372.18 20.26 102400000.00 2
2813333 28.56 100391.05 20.24 102400000.00 3
2814083 28.79 100396.30 20.25 7690213.50 4
2814833 28.92 100402.12 20.25 7641791.00 5
2815582 28.96 100403.91 20.24 7418610.00 6
2816332 29.05 100406.96 20.21 690026.94 7
2816832 29.14 100410.31 20.25 706450.50 8
2817582 29.19 100415.19 20.21 713837.56 9
2818331 29.21 100418.46 20.20 727531.06 0
2818581 29.13 100418.50 20.19 102400000.00 1
2820081 28.71 100423.90 20.08 102400000.00 2
2824079 28.60 100440.31 20.09 102400000.00 3
2824829 28.82 100446.22 20.11 7657864.00 4
2825579 28.95 100450.62 20.09 7531142.50 5
2826328 29.00 100453.84 20.11 7358634.50 6
2826828 29.09 100458.32 20.09 680398.69 7
2827578 29.18 100460.65 20.09 695652.19 8
2828328 29.22 100461.78 20.09 712347.81 9
2829077 29.25 100466.80 20.03 719101.13 0
2829327 29.17 100465.30 20.03 102400000.00 1
2830827 28.75 100468.01 19.96 102400000.00 2
2834825 28.63 100484.02 19.92 102400000.00 3
2835575 28.86 100489.39 19.97 7567667.50 4
2836324 28.99 100492.88 19.96 7418610.00 5
2837074 29.04 100496.09 19.94 7270468.00 6
2837574 29.13 100498.84 19.93 673020.06 7
2838324 29.21 100502.94 19.93 692125.69 8
2839073 29.26 100503.79 19.96 701369.88 9
2839823 29.29 100507.63 19.89 710124.81 0
2840073 29.21 100508.84 19.87 102400000.00 1
2841572 28.78 100509.95 19.80 102400000.00 2
2845571 28.67 100526.47 19.79 102400000.00 3
2846320 28.89 100530.23 19.81 7443889.00 4
2847070 29.02 100532.88 19.81 7368563.00 5
2847820 29.07 100535.92 19.82 7160839.00 6
2848320 29.16 100539.09 19.83 665151.00 7
2849069 29.24 100541.96 19.84 693532.00 8
2849819 29.29 100544.43 19.79 711605.31 9
2850569 29.32 100549.42 19.78 711605.31 0
2850819 29.25 100550.70 19.75 102400000.00 1
2852318 28.81 100550.02 19.68 102400000.00 2
2856317 28.70 100566.77 19.67 102400000.00 3
2857066 28.93 100571.68 19.68 7433757.00 4
2857816 29.06 100573.95 19.69 7294746.00 5
2858566 29.11 100576.58 19.67 7170240.50 6
2859066 29.19 100577.74 19.64 667101.00 7
2859815 29.29 100581.53 19.62 684492.00 8
2860565 29.33 100583.18 19.70 698499.31 9
2861315 29.36 100585.45 19.63 710864.31 0
2861565 29.27 100587.27 19.61 102400000.00 1
2863064 28.85 100589.85 19.55 102400000.00 2
2867063 28.74 100605.63 19.53 102400000.00 3
2867812 28.96 100604.11 19.57 7280160.00 4
2868562 29.09 100606.43 19.54 7132782.00 5
2869312 29.14 100609.75 19.56 7009198.00 6
2869812 29.23 100611.43 19.54 667101.00 7
2870561 29.32 100612.94 19.52 684492.00 8
2871311 29.36 100615.12 19.51 694944.00 9
2872061 29.39 100616.40 19.52 704991.38 0
2872311 29.31 100617.29 19.48 102400000.00 1
2873810 28.88 100621.20 19.39 102400000.00 2
2877808 28.77 100632.88 19.39 102400000.00 3
2878558 29.00 100635.29 19.42 7222393.50 4
2879308 29.13 100637.09 19.43 7104943.50 5
2880058 29.18 100638.48 19.43 7009198.00 6
2880558 29.26 100639.89 19.46 662568.75 7
2881307 29.35 100641.62 19.39 675016.50 8
2882057 29.40 100644.52 19.36 689330.19 9
2882807 29.43 100646.98 19.39 702091.19 0
2883057 29.34 100645.00 19.36 102400000.00 1
2884556 28.92 100650.45 19.30 102400000.00 2
2888554 28.80 100658.77 19.26 102400000.00 3
2889304 29.04 100663.98 19.32 7227172.50 4
2890054 29.16 100666.18 19.29 7100325.00 5
2890804 29.21 100669.83 19.28 6924767.50 6
2891303 29.30 100667.79 19.20 660645.19 7
2892053 29.39 100669.23 19.34 676354.00 8
2892803 29.43 100671.01 19.31 684492.00 9
2893553 29.46 100673.04 19.19 695652.19 0
2893803 29.38 100674.48 19.24 102400000.00 1
2895302 28.95 100675.95 19.17 102400000.00 2
2899300 28.84 100685.38 19.14 102400000.00 3
2900050 29.07 100690.38 19.18 7142110.00 4
2900800 29.20 100692.81 19.16 7000213.50 5
2901549 29.25 100696.08 19.17 6907251.50 6
2902049 29.33 100696.55 19.22 659368.94 7
2902799 29.41 100697.84 19.19 672357.19 8
2903549 29.46 100696.06 19.17 687248.31 9
2904299 29.48 100697.73 19.12 699214.75 0
2904548 29.41 100699.95 19.11 102400000.00 1
2906048 28.98 100699.19 19.03 102400000.00 2
2910046 28.87 100711.19 19.00 102400000.00 3
2910796 29.11 100715.59 19.03 7160839.00 4
2911546 29.23 100717.27 19.05 6995730.00 5
2912296 29.29 100719.85 19.04 6894172.00 6
2912795 29.37 100719.30 19.02 655569.81 7
2913545 29.46 100721.06 18.95 669718.75 8
2914295 29.50 100721.66 18.99 685179.00 9
2915045 29.53 100723.00 19.05 689330.19 0
2915295 29.45 100723.74 19.00 102400000.00 1
2916794 29.02 100723.92 18.91 102400000.00 2
2920792 28.91 100732.86 18.90 102400000.00 3
2921542 29.14 100734.83 18.93 7068162.00 4
2922292 29.27 100737.90 18.90 7009198.00 5
2923042 29.32 100738.50 18.94 6829512.50 6
2923541 29.40 100740.14 18.93 648101.25 7
2924291 29.49 100740.95 18.95 669718.75 8
2925041 29.53 100741.40 18.89 685179.00 9
2925790 29.56 100744.41 18.89 688634.81 0
2926040 29.49 100745.25 18.87 102400000.00 1
2927540 29.05 100745.81 18.79 102400000.00 2
2931538 28.94 100752.23 18.76 102400000.00 3
2932288 29.17 100757.05 18.80 7170240.50 4
2933037 29.30 100756.64 18.81 6977853.50 5
2933787 29.36 100758.66 18.80 6850930.50 6
2934287 29.43 100757.10 18.81 646873.00 7
2935037 29.52 100757.59 18.78 665151.00 8
2935786 29.57 100761.45 18.82 679721.19 9
2936536 29.60 100763.32 18.73 684492.00 0
2936786 29.52 100762.52 18.74 102400000.00 1
2938285 29.09 100763.55 18.69 102400000.00 2
2942284 28.98 100771.02 18.66 102400000.00 3
2943033 29.21 100773.38 18.66 7045366.50 4
2943783 29.34 100775.67 18.69 6889823.50 5
2944533 29.39 100776.69 18.68 6816725.50 6
2945033 29.47 100777.20 18.76 644430.44 7
2945782 29.56 100778.36 18.70 660645.19 8
2946532 29.61 100777.63 18.72 673020.06 9
2947282 29.63 100778.24 18.67 683806.38 0
2947532 29.55 100777.30 18.65 102400000.00 1
2949031 29.13 100780.47 18.58 102400000.00 2
2953029 29.02 100784.53 18.54 102400000.00 3
2953779 29.25 100790.55 18.58 7059026.50 4
2954529 29.38 100790.45 18.60 6942373.00 5
2955279 29.42 100789.28 18.57 6787075.50 6
2955779 29.51 100789.11 18.65 640200.06 7
2956528 29.59 100789.77 18.61 654940.81 8
2957278 29.65 100790.84 18.52 668407.31 9
2958028 29.67 100790.65 18.52 677696.88 0
2958278 29.59 100789.73 18.56 102400000.00 1
2959777 29.16 100792.12 18.47 102400000.00 2
2963775 29.04 100794.10 18.44 102400000.00 3
2964525 29.28 100800.85 18.49 7000213.50 4
2965275 29.41 100800.55 18.49 6885480.00 5
2966024 29.45 100802.15 18.48 6749330.50 6
2966524 29.55 100801.98 18.47 634841.94 7
2967274 29.64 100801.90 18.47 651192.38 8
2968024 29.68 100802.05 18.49 671695.63 9
2968773 29.70 100802.41 18.45 676354.00 0
2969023 29.63 100802.91 18.42 102400000.00 1
2970523 29.20 100803.58 18.35 102400000.00 2
2974521 29.09 100806.45 18.35 102400000.00 3
2975271 29.32 100811.99 18.38 6991252.50 4
2976021 29.44 100811.45 18.38 6937963.00 5
2976770 29.49 100811.65 18.36 6749330.50 6
2977270 29.59 100810.98 18.36 632489.19 7
2978020 29.67 100810.67 18.36 656199.94 8
2978770 29.72 100812.51 18.32 667101.00 9
2979520 29.74 100811.49 18.42 675016.50 0
2979770 29.67 100813.28 18.32 102400000.00 1
2981269 29.24 100814.15 18.25 102400000.00 2
2985267 29.12 100816.08 18.25 102400000.00 3
2986017 29.35 100819.98 18.25 7004703.00 4
2986767 29.48 100821.05 18.29 6902886.00 5
2987516 29.53 100821.41 18.27 6736842.00 6
2988016 29.62 100819.52 18.28 630153.88 7
2988766 29.71 100819.17 18.34 651192.38 8
2989516 29.75 100821.28 18.23 669718.75 9
2990265 29.78 100821.26 18.24 676354.00 0
2990515 29.70 100821.44 18.22 102400000.00 1
2992015 29.27 100821.42 18.13 102400000.00 2
2996013 29.16 100824.72 18.14 102400000.00 3
2996763 29.38 100826.62 18.14 6955635.50 4
2997512 29.52 100829.93 18.16 6894172.00 5
2998262 29.57 100829.42 18.17 6675086.50 6
2998762 29.65 100828.73 18.13 636617.94 7
2999512 29.74 100827.91 18.19 656199.94 8
3000262 29.80 100829.35 18.19 667101.00 9
3001011 29.83 100830.82 18.13 674349.69 0
3001261 29.74 100830.48 18.13 102400000.00 1
3002761 29.31 100829.65 18.06 102400000.00 2
3006759 29.20 100832.13 18.03 102400000.00 3
3007509 29.43 100835.51 18.08 6894172.00 4
3008258 29.55 100834.75 18.05 6774447.00 5
3009008 29.60 100835.13 18.05 6712003.50 6
3009508 29.69 100834.45 18.02 637212.19 7
3010258 29.79 100833.00 18.06 649334.19 8
3011007 29.83 100833.60 18.04 664503.56 9
3011757 29.86 100833.75 18.01 673684.19 0
3012007 29.77 100830.54 18.01 102400000.00 1
3013507 29.35 100831.77 17.96 102400000.00 2
3017505 29.23 100830.93 17.93 102400000.00 3
3018254 29.46 100832.70 17.96 6920380.00 4
3019004 29.59 100834.35 17.97 6795520.50 5
3019754 29.64 100835.22 17.93 6654752.00 6
3020504 29.73 100832.76 17.99 634841.94 7
3021004 29.83 100834.11 17.94 654940.81 8
3021753 29.87 100834.53 17.93 660645.19 9
3022503 29.89 100832.97 17.87 675684.56 0
3022753 29.82 100832.47 17.91 102400000.00 1
3024252 29.38 100833.24 17.85 102400000.00 2
3028251 29.28 100833.36 17.81 102400000.00 3
3029000 29.50 100835.61 17.83 6964506.00 4
3029750 29.63 100835.58 17.87 6787075.50 5
3030500 29.68 100836.75 17.85 6658809.00 6
3031249 29.77 100833.77 17.86 634252.06 7
3031749 29.86 100833.45 17.82 649952.38 8
3032499 29.91 100836.37 17.92 663857.38 9
3033249 29.94 100836.55 17.79 673020.06 0
3033499 29.86 100835.81 17.81 102400000.00 1
3034998 29.43 100833.75 17.73 102400000.00 2
3038996 29.31 100831.89 17.72 102400000.00 3
3039746 29.54 100834.49 17.76 6911622.00 4
3040496 29.67 100834.79 17.76 6749330.50 5
3041246 29.72 100832.23 17.76 6699652.50 6
3041995 29.81 100833.45 17.74 630736.06 7
3042495 29.90 100832.52 17.72 654313.13 8
3043245 29.95 100833.13 17.71 658097.69 9
3043994 29.98 100834.21 17.79 672357.19 0
3044244 29.90 100833.68 17.72 102400000.00 1
3045744 29.46 100829.88 17.63 102400000.00 2
3049742 29.35 100828.81 17.64 102400000.00 3
3050492 29.57 100830.59 17.66 6960068.00 4
3051241 29.70 100829.55 17.66 6799751.00 5
3051991 29.75 100829.22 17.65 6695545.50 6
3052741 29.85 100829.59 17.63 634841.94 7
3053241 29.94 100830.91 17.65 652437.06 8
3053990 29.99 100831.66 17.70 661926.31 9
3054740 30.01 100829.91 17.59 667753.50 0
3054990 29.93 100829.12 17.61 102400000.00 1
3056489 29.50 100827.68 17.54 102400000.00 2
3060488 29.39 100825.88 17.52 102400000.00 3
3061237 29.61 100826.02 17.55 6973398.50 4
3061987 29.74 100824.55 17.58 6838063.50 5
3062737 29.80 100825.01 17.56 6712003.50 6
3063487 29.88 100822.72 17.58 627835.69 7
3063986 29.98 100825.34 17.58 646873.00 8
3064736 30.02 100823.77 17.55 658097.69 9
3065486 30.04 100822.43 17.53 670376.44 0
3065736 29.97 100822.10 17.53 102400000.00 1
3067235 29.53 100818.81 17.46 102400000.00 2
3071234 29.41 100815.23 17.46 102400000.00 3
3071983 29.64 100814.58 17.51 6960068.00 4
3072733 29.77 100814.58 17.46 6778651.00 5
3073483 29.83 100815.08 17.47 6666938.00 6
3074232 29.92 100816.91 17.51 627258.81 7
3074732 30.00 100815.70 17.48 646873.00 8
3075482 30.05 100815.11 17.39 656831.31 9
3076232 30.07 100813.37 17.47 667753.50 0
3076482 30.00 100814.80 17.44 102400000.00 1
3077981 29.57 100810.51 17.39 102400000.00 2
3081979 29.45 100806.24 17.35 102400000.00 3
3082729 29.68 100806.02 17.37 6933559.00 4
3083479 29.82 100808.20 17.38 6812474.00 5
3084229 29.86 100807.62 17.38 6695545.50 6
3084978 29.96 100807.91 17.39 623819.69 7
3085478 30.05 100808.05 17.40 643216.06 8
3086228 30.09 100805.59 17.39 659368.94 9
3086978 30.12 100805.37 17.42 669062.38 0
3087228 30.04 100805.63 17.36 102400000.00 1
3088727 29.60 100799.31 17.30 102400000.00 2
3092725 29.49 100794.11 17.28 102400000.00 3
3093475 29.72 100796.88 17.31 6951209.00 4
3094225 29.85 100798.12 17.29 6812474.00 5
3094975 29.90 100798.13 17.32 6658809.00 6
3095724 29.99 100798.04 17.27 627835.69 7
3096224 30.08 100798.13 17.32 648101.25 8
3096974 30.13 100794.75 17.32 659368.94 9
3097723 30.16 100793.59 17.29 665799.75 0
3097973 30.07 100795.63 17.27 102400000.00 1
3099473 29.64 100791.16 17.21 102400000.00 2
3103471 29.52 100787.38 17.18 102400000.00 3
3104221 29.75 100789.71 17.24 6968949.50 4
3104971 29.89 100789.54 17.25 6898526.50 5
3105720 29.94 100789.20 17.22 6699652.50 6
3106470 30.03 100786.63 17.19 623819.69 7
3106970 30.11 100782.62 17.19 643216.06 8
3107720 30.16 100781.88 17.19 648717.13 9
3108469 30.19 100781.37 17.19 658732.69 0
3108719 30.11 100780.93 17.20 102400000.00 1
3110219 29.67 100781.35 17.13 102400000.00 2
3114217 29.55 100773.13 17.13 102400000.00 3
3114967 29.79 100774.03 17.15 6889823.50 4
3115717 29.92 100773.77 17.12 6778651.00 5
3116466 29.97 100772.90 17.16 6691443.50 6
3117216 30.06 100771.81 17.16 622681.69 7
3117716 30.15 100770.47 17.21 644430.44 8
3118465 30.20 100771.00 17.15 656199.94 9
3119215 30.23 100769.85 17.17 663212.44 0
3119465 30.14 100769.26 17.12 102400000.00 1
3120964 29.71 100766.42 17.05 102400000.00 2
3124963 29.59 100763.21 17.03 102400000.00 3
3125713 29.83 100766.29 17.08 6946788.00 4
3126462 29.96 100761.72 17.05 6791295.50 5
3127212 30.01 100761.48 17.08 6638573.50 6
3127962 30.10 100759.63 17.02 621547.81 7
3128462 30.19 100761.12 17.04 640801.00 8
3129211 30.23 100760.57 17.09 653061.25 9
3129961 30.26 100757.38 17.07 660645.19 0
3130211 30.18 100758.62 17.04 102400000.00 1
3131710 29.74 100757.41 16.99 102400000.00 2
3135709 29.63 100753.36 16.95 102400000.00 3
3136458 29.86 100752.77 17.00 6820982.50 4
3137208 29.99 100751.04 16.99 6808227.50 5
3137958 30.04 100749.59 17.00 6671010.00 6
3138708 30.14 100749.96 17.02 623250.13 7
3139207 30.21 100746.52 16.98 643822.69 8
3139957 30.27 100746.19 17.00 654313.13 9
3140707 30.29 100745.02 17.00 658732.69 0
3140957 30.21 100743.46 16.94 102400000.00 1
3142456 29.78 100736.21 16.93 102400000.00 2
3146704 29.66 100734.70 16.90 102400000.00 3
3147204 29.90 100735.30 16.91 6795520.50 4
3147954 30.03 100734.14 16.92 6787075.50 5
3148704 30.08 100733.44 16.88 6606451.50 6
3149453 30.17 100731.95 16.92 620982.44 7
3149953 30.27 100732.73 17.00 642006.25 8
3150703 30.31 100730.63 16.92 648101.25 9
3151453 30.33 100728.38 16.96 663857.38 0
3151702 30.25 100728.17 16.90 102400000.00 1
3153202 29.82 100724.73 16.83 102400000.00 2
3157450 29.70 100716.72 16.82 102400000.00 3
3157950 29.93 100718.83 16.85 6791295.50 4
3158700 30.07 100719.38 16.85 6687347.00 5
3159449 30.11 100718.27 16.86 6606451.50 6
3160199 30.21 100718.80 16.91 624961.88 7
3160949 30.29 100723.13 16.88 634252.06 8
3161449 30.35 100724.68 16.85 659368.94 9
3162198 30.38 100723.13 16.78 655569.81 0
3162448 30.30 100721.25 16.83 102400000.00 1
3163948 29.86 100717.48 16.77 102400000.00 2
3168196 29.74 100710.66 16.76 102400000.00 3
3168696 29.98 100708.31 16.76 6766054.00 4
3169445 30.10 100704.80 16.80 6703764.50 5
3170195 30.16 100704.30 16.82 6594486.00 6
3170945 30.25 100702.29 16.76 626108.25 7
3171695 30.33 100700.61 16.86 637212.19 8
3172195 30.38 100700.87 16.76 643216.06 9
3172944 30.41 100700.59 16.77 658097.69 0
3173194 30.33 100699.14 16.77 102400000.00 1
3174693 29.89 100694.42 16.71 102400000.00 2
3178942 29.78 100687.72 16.71 102400000.00 3
3179441 30.01 100690.29 16.74 6787075.50 4
3180191 30.14 100689.16 16.72 6695545.50 5
3180941 30.19 100688.43 16.71 6531393.50 6
3181691 30.28 100689.36 16.73 621547.81 7
3182440 30.37 100686.24 16.64 634841.94 8
3182940 30.41 100684.04 16.71 651814.13 9
3183690 30.45 100687.11 16.73 660006.44 0
3183940 30.37 100684.91 16.70 102400000.00 1
3185439 29.93 100676.70 16.65 102400000.00 2
3189687 29.82 100672.09 16.64 102400000.00 3
3190187 30.05 100673.86 16.66 6795520.50 4
3190937 30.18 100673.80 16.67 6646653.00 5
3191687 30.23 100674.55 16.67 6606451.50 6
3192436 30.32 100675.13 16.70 610432.19 7
3193186 30.40 100672.27 16.68 634841.94 8
3193686 30.46 100672.59 16.64 645039.38 9
3194436 30.49 100671.52 16.73 657463.88 0
3194686 30.40 100669.83 16.64 102400000.00 1
3196185 29.96 100661.13 16.58 102400000.00 2
3200433 29.85 100655.53 16.59 102400000.00 3
3200933 30.08 100658.14 16.61 6749330.50 4
3201683 30.21 100657.13 16.62 6671010.00 5
3202432 30.26 100656.67 16.61 6481012.50 6
3203182 30.36 100656.52 16.61 617053.31 7
3203932 30.45 100656.08 16.59 635432.81 8
3204431 30.49 100653.18 16.59 648101.25 9
3205181 30.52 100652.11 16.54 661285.13 0
3205431 30.43 100650.99 16.57 102400000.00 1
3206931 30.00 100646.89 16.52 102400000.00 2
3211179 29.89 100638.18 16.51 102400000.00 3
3211679 30.11 100641.71 16.52 6749330.50 4
3212428 30.25 100639.79 16.57 6610450.00 5
3213178 30.29 100639.92 16.55 6481012.50 6
3213928 30.39 100640.26 16.53 617053.31 7
3214677 30.48 100637.88 16.53 643822.69 8
3215177 30.54 100637.66 16.53 650571.81 9
3215927 30.55 100636.22 16.58 657463.88 0
3216177 30.48 100635.76 16.49 102400000.00 1
3217676 30.03 100630.43 16.46 102400000.00 2
3221924 29.92 100622.88 16.45 102400000.00 3
3222424 30.15 100623.18 16.51 6720262.50 4
3223174 30.28 100623.55 16.47 6570684.00 5
3223924 30.33 100622.11 16.48 6477169.50 6
3224673 30.42 100622.52 16.44 617053.31 7
3225423 30.52 100623.55 16.54 637212.19 8
3225923 30.56 100619.60 16.44 647486.56 9
3226673 30.59 100619.45 16.45 653061.25 0
3226923 30.51 100618.70 16.45 102400000.00 1
3228422 30.07 100612.97 16.40 102400000.00 2
3232670 29.96 100606.81 16.40 102400000.00 3
3233420 30.18 100606.20 16.42 6736842.00 4
3233920 30.32 100607.05 16.41 6618461.00 5
3234670 30.36 100605.45 16.42 6523591.50 6
3235419 30.46 100605.02 16.45 615939.88 7
3236169 30.55 100601.87 16.41 631319.38 8
3236669 30.60 100601.04 16.42 648717.13 9
3237419 30.62 100597.73 16.43 659368.94 0
3237669 30.54 100599.22 16.39 102400000.00 1
3239168 30.10 100593.35 16.34 102400000.00 2
3243416 29.99 100589.18 16.34 102400000.00 3
3244166 30.21 100589.14 16.36 6749330.50 4
3244666 30.34 100591.03 16.37 6578598.50 5
3245415 30.40 100588.77 16.38 6504168.50 6
3246165 30.49 100585.89 16.36 613173.63 7
3246915 30.57 100584.33 16.36 642610.63 8
3247415 30.63 100585.11 16.43 650571.81 9
3248165 30.66 100583.85 16.31 657463.88 0
3248415 30.57 100583.09 16.34 102400000.00 1
3249914 30.14 100581.24 16.29 102400000.00 2
3254162 30.02 100575.84 16.27 102400000.00 3
3254912 30.25 100578.65 16.29 6728542.00 4
3255412 30.38 100574.94 16.30 6598469.50 5
3256161 30.43 100575.55 16.30 6450393.50 6
3256911 30.52 100573.76 16.29 615939.88 7
3257661 30.61 100572.69 16.30 637807.56 8
3258411 30.66 100571.90 16.30 646873.00 9
3258910 30.68 100570.48 16.28 649334.19 0
3259160 30.61 100569.97 16.27 102400000.00 1
3260660 30.16 100566.82 16.23 102400000.00 2
3264908 30.05 100559.34 16.23 102400000.00 3
3265658 30.28 100557.86 16.27 6675086.50 4
3266157 30.41 100556.84 16.25 6562788.00 5
3266907 30.46 100556.99 16.25 6435192.50 6
3267657 30.55 100555.72 16.28 613173.63 7
3268406 30.64 100555.17 16.27 633075.75 8
3269156 30.70 100553.96 16.26 638404.00 9
3269656 30.72 100552.69 16.27 653686.56 0
3269906 30.64 100551.72 16.24 102400000.00 1
3271406 30.20 100545.39 16.20 102400000.00 2
3275654 30.09 100542.85 16.17 102400000.00 3
3276403 30.32 100543.09 16.22 6675086.50 4
3276903 30.45 100543.41 16.20 6488713.00 5
3277653 30.50 100542.89 16.22 6427618.50 6
3278403 30.58 100541.13 16.23 615939.88 7
3279153 30.68 100540.58 16.23 630153.88 8
3279902 30.72 100537.58 16.23 649334.19 9
3280402 30.74 100533.66 16.21 654313.13 0
3280902 30.67 100534.45 16.19 102400000.00 1
3282151 30.23 100538.48 16.12 102400000.00 2
3286400 30.12 100526.69 16.14 102400000.00 3
3287149 30.34 100527.61 16.18 6650700.00 4
3287649 30.48 100528.28 16.17 6539213.50 5
3288399 30.53 100527.98 16.17 6408762.00 6
3289149 30.63 100525.93 16.19 618170.81 7
3289898 30.71 100520.28 16.18 632489.19 8
3290648 30.75 100519.60 16.17 648101.25 9
3291148 30.77 100517.19 16.11 656199.94 0
3291648 30.70 100517.68 16.13 102400000.00 1
3292897 30.27 100516.67 16.07 102400000.00 2
3297145 30.14 100510.84 16.10 102400000.00 3
3297895 30.38 100512.73 16.10 6671010.00 4
3298395 30.50 100512.45 16.12 6531393.50 5
3299145 30.56 100510.33 16.12 6416291.50 6
3299895 30.64 100507.35 16.14 615384.63 7
3300645 30.74 100506.63 16.12 633075.75 8
3301394 30.78 100506.52 16.15 640200.06 9
3301894 30.81 100505.88 16.12 653686.56 0
3302394 30.73 100504.68 16.11 102400000.00 1
3303643 30.29 100503.33 16.04 102400000.00 2
3307892 30.18 100498.90 16.04 102400000.00 3
3308641 30.40 100500.05 16.06 6638573.50 4
3309391 30.54 100497.73 16.08 6488713.00 5
3309891 30.59 100495.93 16.07 6356547.00 6
3310641 30.68 100495.52 16.08 611525.81 7
3311390 30.77 100495.48 16.02 634841.94 8
3312140 30.81 100494.01 16.05 642006.25 9
3312640 30.84 100493.88 16.05 651814.13 0
3313140 30.76 100492.80 16.07 102400000.00 1
3314389 30.32 100490.88 16.01 102400000.00 2
3318637 30.21 100487.18 16.01 102400000.00 3
3319387 30.43 100485.89 16.02 6679168.50 4
3320137 30.57 100485.15 16.02 6477169.50 5
3320636 30.61 100483.11 16.03 6312464.00 6
3321386 30.71 100483.74 16.03 609886.81 7
3322136 30.80 100482.37 16.03 630736.06 8
3322886 30.84 100481.74 16.03 643822.69 9
3323635 30.87 100478.51 16.00 654313.13 0
3323885 30.79 100479.81 16.00 102400000.00 1
3325135 30.36 100476.43 15.94 102400000.00 2
3329383 30.23 100474.23 15.95 102400000.00 3
3330133 30.46 100473.87 15.97 6614453.00 4
3330883 30.59 100472.20 15.98 6496431.50 5
3331382 30.64 100471.98 15.99 6397501.00 6
3332132 30.73 100470.68 16.02 614277.13 7
3332882 30.82 100469.93 15.97 628992.63 8
3333631 30.87 100469.42 16.00 642006.25 9
3334381 30.89 100469.32 16.00 655569.81 0
3334631 30.82 100470.63 15.94 102400000.00 1
3335881 30.38 100466.37 15.95 102400000.00 2
3340129 30.27 100462.19 15.91 102400000.00 3
3340879 30.50 100461.67 15.93 6650700.00 4
3341628 30.63 100463.83 15.93 6484860.50 5
3342128 30.67 100460.48 15.94 6367664.00 6
3342878 30.77 100458.88 15.94 612074.13 7
3343628 30.86 100457.34 15.96 627835.69 8
3344377 30.90 100457.34 15.95 646260.63 9
3345127 30.93 100456.71 15.92 648717.13 0
3345377 30.85 100456.40 15.92 102400000.00 1
3346626 30.41 100451.16 15.86 102400000.00 2
3350875 30.30 100448.52 15.87 102400000.00 3
3351624 30.52 100451.23 15.90 6547053.00 4
3352374 30.66 100451.33 15.89 6405004.00 5
3352874 30.70 100448.74 15.89 6305176.00 6
3353624 30.79 100448.48 15.90 609886.81 7
3354373 30.88 100447.21 15.92 630736.06 8
3355123 30.92 100446.80 15.90 640200.06 9
3355873 30.96 100447.38 15.92 648717.13 0
3356123 30.88 100445.65 15.88 102400000.00 1
3357372 30.44 100443.16 15.81 102400000.00 2
3361620 30.32 100438.88 15.83 102400000.00 3
3362370 30.55 100440.01 15.86 6570684.00 4
3363120 30.68 100438.31 15.86 6469496.50 5
3363620 30.73 100439.71 15.86 6360248.50 6
3364369 30.82 100438.55 15.91 606635.06 7
3365119 30.91 100439.30 15.88 624390.25 8
3365869 30.96 100438.39 15.85 643216.06 9
3366618 30.99 100437.45 15.88 645039.38 0
3366868 30.91 100435.98 15.85 102400000.00 1
3368118 30.47 100430.38 15.78 102400000.00 2
3372366 30.35 100424.10 15.79 102400000.00 3
3373116 30.58 100425.05 15.79 6504168.50 4
3373865 30.71 100424.74 15.83 6382547.50 5
3374615 30.76 100423.56 15.80 6360248.50 6
3375115 30.85 100424.62 15.82 602352.94 7
3375865 30.95 100424.93 15.84 625534.50 8
3376615 30.98 100423.67 15.83 633663.38 9
3377365 31.01 100423.15 15.79 649952.38 0
3377614 30.93 100423.29 15.80 102400000.00 1
3378864 30.49 100416.85 15.75 102400000.00 2
3383112 30.38 100415.37 15.74 102400000.00 3
3383862 30.61 100416.74 15.79 6535301.00 4
3384611 30.73 100416.19 15.77 6427618.50 5
3385361 30.78 100415.27 15.76 6327090.00 6
3385861 30.88 100416.40 15.77 609886.81 7
3386611 30.97 100416.42 15.79 624961.88 8
3387360 31.01 100413.70 15.74 635432.81 9
3388110 31.04 100413.98 15.76 646873.00 0
3388360 30.95 100412.59 15.75 102400000.00 1
3389609 30.52 100408.30 15.70 102400000.00 2
3393858 30.39 100406.46 15.72 102400000.00 3
3394607 30.63 100406.98 15.75 6574639.00 4
3395357 30.76 100408.53 15.73 6458021.50 5
3396107 30.81 100407.91 15.73 6261800.00 6
3396607 30.90 100405.78 15.70 608256.63 7
3397357 30.98 100404.84 15.77 624961.88 8
3398106 31.04 100402.97 15.73 641403.06 9
3398856 31.06 100402.16 15.74 647486.56 0
3399106 30.98 100401.70 15.73 102400000.00 1
3400356 30.54 100398.17 15.67 102400000.00 2
3404604 30.42 100391.08 15.68 102400000.00 3
3405353 30.65 100393.04 15.69 6562788.00 4
3406103 30.78 100392.75 15.73 6405004.00 5
3406853 30.83 100392.84 15.71 6283413.00 6
3407353 30.92 100392.63 15.74 608256.63 7
3408103 31.02 100392.73 15.72 626108.25 8
3408852 31.07 100392.63 15.67 635432.81 9
3409602 31.09 100390.45 15.71 647486.56 0
3409852 31.00 100388.70 15.68 102400000.00 1
3411351 30.57 100386.93 15.65 102400000.00 2
3415350 30.45 100378.76 15.63 102400000.00 3
3416099 30.68 100382.29 15.65 6531393.50 4
3416849 30.80 100380.38 15.66 6442784.00 5
3417599 30.86 100379.91 15.66 6301538.50 6
3418098 30.95 100379.30 15.71 610432.19 7
3418848 31.03 100377.52 15.68 627835.69 8
3419598 31.08 100377.78 15.69 638404.00 9
3420348 31.11 100377.91 15.68 648101.25 0
3420598 31.03 100376.88 15.62 102400000.00 1
3422097 30.59 100373.87 15.58 102400000.00 2
3426095 30.48 100370.70 15.59 102400000.00 3
3426845 30.70 100371.40 15.62 6527490.00 4
3427595 30.82 100370.84 15.63 6412524.50 5
3428344 30.88 100368.80 15.62 6283413.00 6
3428844 30.96 100368.88 15.67 607715.13 7
3429594 31.06 100367.66 15.61 626108.25 8
3430344 31.11 100367.80 15.64 639001.56 9
3431093 31.14 100365.84 15.63 647486.56 0
3431343 31.05 100364.64 15.61 102400000.00 1
3432843 30.62 100362.72 15.56 102400000.00 2
3436841 30.50 100361.52 15.53 102400000.00 3
3437591 30.71 100358.66 15.59 6535301.00 4
3438340 30.84 100358.01 15.60 6461842.00 5
3439090 30.90 100358.16 15.60 6323427.00 6
3439840 30.99 100357.16 15.62 608256.63 7
3440339 31.08 100357.43 15.63 628413.63 8
3441089 31.13 100356.76 15.61 638404.00 9
3441839 31.16 100355.71 15.62 648101.25 0
3442089 31.07 100354.81 15.60 102400000.00 1
3443588 30.63 100349.61 15.54 102400000.00 2
3447587 30.51 100347.02 15.53 102400000.00 3
3448336 30.74 100348.28 15.55 6598469.50 4
3449086 30.86 100347.42 15.58 6511923.50 5
3449836 30.91 100347.71 15.58 6330757.50 6
3450585 31.01 100347.88 15.59 607174.63 7
3451085 31.11 100347.87 15.58 625534.50 8
3451835 31.15 100344.65 15.57 639001.56 9
3452584 31.17 100344.12 15.57 646873.00 0
3452834 31.09 100344.16 15.55 102400000.00 1
3454334 30.65 100339.77 15.50 102400000.00 2
3458332 30.54 100338.17 15.48 102400000.00 3
3459082 30.76 100338.65 15.51 6511923.50 4
3459832 30.89 100338.19 15.53 6488713.00 5
3460581 30.94 100337.65 15.55 6363954.00 6
3461331 31.04 100337.69 15.59 609886.81 7
3461831 31.13 100334.98 15.56 624390.25 8
3462581 31.16 100334.33 15.55 636024.88 9
3463330 31.19 100332.86 15.54 645649.44 0
3463580 31.11 100333.52 15.50 102400000.00 1
3465080 30.67 100329.16 15.47 102400000.00 2
3469078 30.55 100326.75 15.47 102400000.00 3
3469828 30.77 100327.02 15.51 6504168.50 4
3470577 30.90 100326.80 15.51 6508043.50 5
3471327 30.95 100327.15 15.52 6341784.50 6
3472077 31.04 100324.41 15.49 608799.06 7
3472577 31.13 100323.08 15.55 623819.69 8
3473326 31.18 100320.96 15.50 636024.88 9
3474076 31.20 100320.54 15.52 646260.63 0
3474326 31.12 100318.80 15.50 102400000.00 1
3475826 30.68 100316.61 15.44 102400000.00 2
3480074 30.56 100311.20 15.45 102400000.00 3
3480573 30.79 100312.82 15.46 6590507.00 4
3481323 30.92 100310.59 15.51 6504168.50 5
3482073 30.96 100306.37 15.48 6360248.50 6
3482823 31.06 100306.61 15.50 609342.44 7
3483322 31.15 100306.52 15.50 628413.63 8
3484072 31.18 100304.30 15.50 638404.00 9
3484822 31.22 100303.34 15.52 645649.44 0
3485072 31.13 100301.44 15.47 102400000.00 1
3486571 30.69 100299.13 15.42 102400000.00 2
3490819 30.57 100295.87 15.43 102400000.00 3
3491319 30.79 100294.85 15.49 6547053.00 4
3492069 30.92 100291.07 15.46 6408762.00 5
3492818 30.97 100290.08 15.47 6319768.50 6
3493568 31.06 100289.96 15.48 613173.63 7
3494318 31.15 100288.33 15.48 625534.50 8
3494818 31.20 100289.03 15.51 637212.19 9
3495568 31.23 100287.36 15.50 647486.56 0
3495817 31.14 100284.76 15.46 102400000.00 1
3497317 30.69 100281.17 15.42 102400000.00 2
3501565 30.57 100274.87 15.43 102400000.00 3
3502065 30.79 100274.34 15.45 6582563.50 4
3502814 30.92 100272.98 15.47 6435192.50 5
3503564 30.97 100272.41 15.45 6341784.50 6
3504314 31.06 100270.43 15.51 607174.63 7
3505064 31.15 100270.45 15.54 625534.50 8
3505563 31.20 100268.34 15.46 637807.56 9
3506313 31.21 100265.59 15.49 645039.38 0
3506563 31.13 100264.91 15.46 102400000.00 1
3508062 30.69 100256.87 15.42 102400000.00 2
3512311 30.56 100255.34 15.41 102400000.00 3
3512811 30.79 100252.05 15.45 6539213.50 4
3513560 30.91 100252.05 15.46 6393756.00 5
3514310 30.96 100251.70 15.48 6363954.00 6
3515060 31.05 100248.86 15.47 607715.13 7
3515810 31.15 100247.93 15.49 628413.63 8
3516309 31.19 100243.52 15.49 635432.81 9
3517059 31.22 100241.46 15.48 643216.06 0
3517309 31.13 100241.65 15.46 102400000.00 1
3518808 30.69 100239.02 15.42 102400000.00 2
3523057 30.56 100232.20 15.42 102400000.00 3
3523557 30.78 100233.39 15.45 6543131.00 4
3524306 30.91 100233.08 15.45 6431403.50 5
3525056 30.96 100230.35 15.48 6308818.00 6
3525806 31.04 100226.33 15.49 603417.81 7
3526556 31.13 100224.30 15.50 622681.69 8
3527055 31.18 100223.38 15.49 639001.56 9
3527805 31.20 100220.88 15.47 649334.19 0
3528055 31.12 100220.98 15.47 102400000.00 1
3529554 30.68 100220.45 15.42 102400000.00 2
3533803 30.55 100212.76 15.44 102400000.00 3
3534552 30.78 100214.83 15.47 6543131.00 4
3535052 30.89 100210.27 15.48 6450393.50 5
3535802 30.95 100208.23 15.49 6316114.00 6
3536552 31.04 100204.39 15.49 607715.13 7
3537301 31.13 100203.83 15.49 625534.50 8
3538051 31.17 100202.25 15.49 639001.56 9
3538551 31.20 100199.88 15.48 643216.06 0
3538801 31.11 100199.13 15.48 102400000.00 1
3540300 30.67 100199.21 15.44 102400000.00 2
3544549 30.54 100194.94 15.44 102400000.00 3
3545298 30.76 100194.22 15.46 6590507.00 4
3545798 30.89 100191.41 15.47 6488713.00 5
3546548 30.94 100190.40 15.49 6305176.00 6
3547298 31.03 100186.61 15.47 606635.06 7
3548047 31.12 100186.55 15.55 627258.81 8
3548797 31.17 100186.45 15.52 639001.56 9
3549297 31.18 100182.77 15.54 649334.19 0
3549547 31.10 100182.45 15.47 102400000.00 1
3551046 30.66 100183.88 15.46 102400000.00 2
3555294 30.53 100173.99 15.46 102400000.00 3
3556044 30.75 100171.35 15.48 6582563.50 4
3556544 30.88 100170.89 15.50 6446586.50 5
3557294 30.92 100160.36 15.50 6294276.00 6
3558043 31.01 100157.28 15.51 608799.06 7
3558793 31.10 100154.82 15.51 624961.88 8
3559543 31.14 100151.92 15.47 635432.81 9
3560043 31.18 100152.25 15.47 649334.19 0
3560542 31.09 100150.69 15.47 102400000.00 1
3561792 30.65 100148.70 15.43 102400000.00 2
3566040 30.52 100156.66 15.43 102400000.00 3
3566790 30.74 100153.43 15.49 6550979.50 4
3567290 30.86 100153.23 15.49 6371378.50 5
3568039 30.91 100153.16 15.51 6294276.00 6
3568789 31.01 100153.67 15.53 607174.63 7
3569539 31.09 100151.39 15.51 624961.88 8
3570289 31.14 100149.30 15.51 638404.00 9
3570788 31.16 100149.35 15.51 644430.44 0
3571288 31.08 100147.98 15.50 102400000.00 1
3572538 30.63 100143.20 15.45 102400000.00 2
3576786 30.51 100145.54 15.46 102400000.00 3
3577536 30.73 100142.03 15.50 6539213.50 4
3578036 30.85 100141.58 15.52 6378820.50 5
3578785 30.90 100141.48 15.52 6251049.00 6
3579535 31.00 100141.54 15.54 608799.06 7
3580285 31.07 100137.42 15.51 623250.13 8
3581034 31.13 100137.88 15.50 633075.75 9
3581534 31.15 100137.42 15.50 642610.63 0
3582034 31.07 100137.18 15.51 102400000.00 1
3583284 30.62 100134.13 15.47 102400000.00 2
3587532 30.49 100127.74 15.48 102400000.00 3
3588282 30.71 100126.13 15.53 6446586.50 4
3589031 30.84 100126.46 15.52 6382547.50 5
3589531 30.89 100130.05 15.54 6272588.00 6
3590281 30.98 100133.48 15.57 605558.81 7
3591031 31.06 100131.56 15.51 625534.50 8
3591780 31.11 100131.18 15.53 634252.06 9
3592530 31.14 100130.92 15.48 645649.44 0
3592780 31.05 100128.30 15.50 102400000.00 1
3594029 30.61 100126.71 15.48 102400000.00 2
3598278 30.48 100114.77 15.49 102400000.00 3
3599027 30.70 100115.43 15.50 6547053.00 4
3599777 30.82 100115.25 15.52 6416291.50 5
3600277 30.87 100115.23 15.53 6211943.00 6
3601027 30.96 100112.74 15.58 607715.13 7
3601777 31.05 100113.73 15.52 627258.81 8
3602526 31.09 100113.27 15.53 640801.00 9
3603276 31.13 100113.41 15.47 643822.69 0
3603526 31.04 100111.61 15.52 102400000.00 1
3604776 30.59 100108.42 15.47 102400000.00 2
3609024 30.46 100105.52 15.48 102400000.00 3
3609774 30.68 100106.20 15.49 6578598.50 4
3610523 30.81 100105.20 15.55 6393756.00 5
3611023 30.86 100105.04 15.53 6294276.00 6
3611773 30.95 100104.04 15.57 611525.81 7
3612523 31.04 100105.22 15.54 628992.63 8
3613272 31.09 100104.40 15.56 639600.25 9
3614022 31.11 100103.48 15.55 650571.81 0
3614272 31.02 100101.49 15.53 102400000.00 1
3615522 30.58 100099.95 15.50 102400000.00 2
3619770 30.45 100095.93 15.51 102400000.00 3
3620519 30.67 100097.46 15.52 6543131.00 4
3621269 30.80 100096.55 15.53 6450393.50 5
3621769 30.84 100096.39 15.56 6301538.50 6
3622519 30.93 100095.41 15.55 610978.50 7
3623268 31.02 100096.26 15.57 630736.06 8
3624018 31.07 100096.65 15.56 645649.44 9
3624768 31.09 100095.86 15.58 653061.25 0
3625018 31.01 100094.31 15.53 102400000.00 1
3626267 30.57 100088.95 15.50 102400000.00 2
3630515 30.43 100086.41 15.50 102400000.00 3
3631265 30.66 100087.30 15.53 6574639.00 4
3632015 30.79 100089.12 15.58 6454205.00 5
3632765 30.83 100088.35 15.57 6294276.00 6
3633265 30.92 100087.25 15.56 609886.81 7
3634014 31.01 100088.36 15.58 632489.19 8
3634764 31.05 100088.04 15.54 644430.44 9
3635514 31.07 100087.33 15.59 649952.38 0
3635764 30.99 100086.63 15.56 102400000.00 1
3637013 30.55 100082.42 15.51 102400000.00 2
3641261 30.42 100079.95 15.51 102400000.00 3
3642011 30.64 100081.29 15.55 6531393.50 4
3642761 30.77 100079.07 15.55 6450393.50 5
3643510 30.82 100079.70 15.57 6341784.50 6
3644010 30.90 100078.31 15.59 609342.44 7
3644760 31.00 100079.01 15.58 630153.88 8
3645510 31.04 100079.71 15.58 645649.44 9
3646260 31.06 100078.53 15.58 653686.56 0
3646510 30.98 100076.40 15.56 102400000.00 1
3647759 30.54 100070.43 15.51 102400000.00 2
3652007 30.40 100067.32 15.53 102400000.00 3
3652757 30.63 100068.20 15.55 6606451.50 4
3653507 30.75 100068.53 15.58 6508043.50 5
3654256 30.80 100068.63 15.57 6330757.50 6
3654756 30.88 100067.76 15.57 607715.13 7
3655506 30.98 100069.77 15.60 627835.69 8
3656255 31.02 100066.81 15.63 642610.63 9
3657005 31.04 100065.40 15.59 648101.25 0
3657255 30.96 100064.81 15.58 102400000.00 1
3658505 30.52 100060.41 15.52 102400000.00 2
3662753 30.38 100055.99 15.54 102400000.00 3
3663502 30.61 100056.39 15.57 6594486.00 4
3664252 30.73 100057.07 15.58 6469496.50 5
3665002 30.79 100057.78 15.59 6316114.00 6
3665502 30.87 100055.49 15.63 611525.81 7
3666251 30.96 100056.76 15.60 633663.38 8
3667001 31.00 100056.53 15.61 639600.25 9
3667751 31.02 100054.88 15.59 654313.13 0
3668001 30.95 100055.66 15.58 102400000.00 1
3669500 30.50 100049.18 15.54 102400000.00 2
3673498 30.36 100048.60 15.55 102400000.00 3
3674248 30.59 100050.75 15.58 6606451.50 4
3674998 30.71 100050.48 15.59 6477169.50 5
3675748 30.77 100049.91 15.58 6367664.00 6
3676247 30.85 100049.07 15.59 607174.63 7
3676997 30.93 100048.38 15.64 634252.06 8
3677747 30.98 100049.05 15.60 640801.00 9
3678497 31.01 100047.83 15.57 648101.25 0
3678747 30.92 100047.14 15.59 102400000.00 1
3680246 30.48 100043.08 15.57 102400000.00 2
3684244 30.35 100040.88 15.56 102400000.00 3
3684994 30.57 100042.44 15.58 6666938.00 4
3685744 30.70 100043.00 15.60 6431403.50 5
3686494 30.75 100043.22 15.63 6283413.00 6
3687243 30.83 100042.09 15.62 611525.81 7
3687743 30.92 100041.81 15.64 630736.06 8
3688493 30.96 100042.61 15.64 642610.63 9
3689243 30.99 100041.47 15.64 651192.38 0
3689493 30.91 100040.60 15.61 102400000.00 1
3690992 30.46 100034.46 15.57 102400000.00 2
3694990 30.32 100030.61 15.58 102400000.00 3
3695740 30.55 100032.53 15.59 6654752.00 4
3696490 30.68 100035.76 15.63 6519697.50 5
3697239 30.72 100033.75 15.63 6367664.00 6
3697989 30.81 100031.70 15.65 608799.06 7
3698489 30.90 100032.42 15.63 631903.75 8
3699239 30.94 100030.09 15.63 645649.44 9
3699988 30.97 100029.61 15.66 652437.06 0
3700238 30.88 100029.52 15.62 102400000.00 1
3701738 30.44 100024.75 15.58 102400000.00 2
3705736 30.30 100023.64 15.60 102400000.00 3
3706486 30.54 100025.18 15.61 6654752.00 4
3707236 30.66 100026.51 15.63 6550979.50 5
3707985 30.71 100026.69 15.65 6412524.50 6
3708735 30.79 100026.04 15.67 614830.38 7
3709235 30.88 100025.82 15.63 640200.06 8
3709984 30.93 100024.64 15.63 648101.25 9
3710734 30.95 100024.20 15.68 654940.81 0
3710984 30.87 100023.55 15.64 102400000.00 1
3712483 30.43 100020.55 15.60 102400000.00 2
3716482 30.29 100017.05 15.60 102400000.00 3
3717232 30.52 100021.07 15.65 6638573.50 4
3717981 30.65 100021.01 15.66 6488713.00 5
3718731 30.69 100019.71 15.65 6416291.50 6
3719481 30.77 100018.60 15.66 620982.44 7
3719981 30.86 100023.37 15.68 637212.19 8
3720730 30.91 100024.71 15.70 642006.25 9
3721480 30.93 100024.22 15.64 653686.56 0
3721730 30.85 100023.98 15.64 102400000.00 1
3723229 30.41 100020.09 15.59 102400000.00 2
3727477 30.28 100011.98 15.63 102400000.00 3
3727977 30.50 100014.38 15.64 6622473.50 4
3728727 30.63 100015.64 15.66 6527490.00 5
3729477 30.68 100015.80 15.68 6367664.00 6
3730227 30.76 100014.84 15.66 616496.06 7
3730727 30.84 100012.84 15.72 633075.75 8
3731476 30.89 100013.91 15.67 642006.25 9
3732226 30.91 100013.30 15.66 658732.69 0
3732476 30.84 100013.51 15.66 102400000.00 1
3733975 30.40 100010.35 15.63 102400000.00 2
3738224 30.26 100010.63 15.61 102400000.00 3
3738723 30.49 100014.34 15.64 6666938.00 4
3739473 30.61 100017.03 15.66 6515808.50 5
3740223 30.66 100016.73 15.68 6416291.50 6
3740973 30.75 100015.73 15.67 617053.31 7
3741722 30.84 100014.38 15.70 637212.19 8
3742222 30.88 100012.67 15.71 645649.44 9
3742972 30.90 100012.99 15.70 657463.88 0
3743222 30.82 100013.38 15.71 102400000.00 1
3744721 30.38 100008.91 15.63 102400000.00 2
3748969 30.24 100009.36 15.67 102400000.00 3
3749469 30.47 100012.53 15.70 6662871.00 4
3750219 30.61 100014.04 15.70 6554911.00 5
3750969 30.65 100014.68 15.70 6458021.50 6
3751719 30.73 100011.23 15.68 621547.81 7
3752468 30.82 100011.29 15.65 636617.94 8
3752968 30.86 100010.22 15.66 654940.81 9
3753718 30.89 100010.55 15.71 658732.69 0
3753968 30.80 100009.91 15.67 102400000.00 1
3755467 30.36 100006.47 15.64 102400000.00 2
3759715 30.23 100004.59 15.63 102400000.00 3
3760215 30.46 100007.70 15.68 6795520.50 4
3760965 30.59 100009.73 15.69 6642611.00 5
3761715 30.63 100010.60 15.69 6492570.00 6
3762464 30.72 100008.03 15.69 622681.69 7
3763214 30.80 100008.03 15.71 642006.25 8
3763714 30.84 100006.65 15.70 645649.44 9
3764464 30.87 100006.48 15.75 654940.81 0
3764714 30.79 100006.80 15.70 102400000.00 1
3766213 30.36 100003.84 15.67 102400000.00 2
3770461 30.21 100002.50 15.66 102400000.00 3
3770961 30.45 100005.96 15.69 6712003.50 4
3771711 30.57 100007.41 15.70 6539213.50 5
3772460 30.62 100007.21 15.72 6458021.50 6
3773210 30.70 100005.46 15.71 615939.88 7
3773960 30.79 100004.98 15.70 642006.25 8
3774460 30.84 100006.47 15.73 654940.81 9
3775209 30.86 100005.47 15.72 664503.56 0
3775459 30.78 100005.54 15.71 102400000.00 1
3776959 30.34 100001.39 15.68 102400000.00 2
3781207 30.20 100002.04 15.69 102400000.00 3
3781957 30.44 100006.80 15.69 6728542.00 4
3782456 30.55 100006.56 15.71 6574639.00 5
3783206 30.61 100006.30 15.73 6504168.50 6
3783956 30.69 100005.50 15.74 619854.75 7
3784706 30.79 100006.72 15.76 642610.63 8
3785205 30.83 100006.68 15.72 654313.13 9
3785955 30.84 100004.72 15.70 665151.00 0
3786205 30.77 100004.63 15.71 102400000.00 1
3787704 30.32 100000.39 15.65 102400000.00 2
3791953 30.20 100004.33 15.67 102400000.00 3
3792702 30.42 100006.63 15.67 6787075.50 4
3793202 30.55 100010.96 15.71 6594486.00 5
3793952 30.60 100012.31 15.72 6550979.50 6
3794702 30.69 100012.15 15.74 627258.81 7
3795451 30.77 100010.78 15.67 643216.06 8
3796201 30.82 100010.52 15.76 656831.31 9
3796701 30.84 100011.61 15.70 661926.31 0
3796951 30.76 100011.95 15.73 102400000.00 1
3798450 30.32 100008.09 15.67 102400000.00 2
3802699 30.18 100008.91 15.67 102400000.00 3
3803448 30.41 100011.08 15.71 6761865.50 4
3803948 30.54 100012.83 15.71 6671010.00 5
3804698 30.59 100014.53 15.70 6535301.00 6
3805448 30.68 100013.54 15.72 624961.88 7
3806197 30.76 100011.50 15.74 650571.81 8
3806947 30.80 100010.84 15.71 657463.88 9
3807447 30.83 100009.52 15.72 667101.00 0
3807697 30.75 100010.40 15.72 102400000.00 1
3809196 30.30 100005.70 15.66 102400000.00 2
3813444 30.18 100005.70 15.68 102400000.00 3
3814194 30.40 100008.59 15.71 6846636.00 4
3814694 30.53 100008.55 15.73 6707881.50 5
3815444 30.58 100009.70 15.70 6606451.50 6
3816194 30.67 100009.75 15.70 626683.00 7
3816943 30.76 100009.88 15.73 649334.19 8
3817693 30.80 100008.49 15.72 665799.75 9
3818193 30.82 100006.65 15.74 671695.63 0
3818693 30.74 100008.07 15.70 102400000.00 1
3819942 30.30 100005.07 15.66 102400000.00 2
3824190 30.16 100006.24 15.69 102400000.00 3
3824940 30.39 100007.99 15.70 6863846.00 4
3825440 30.52 100010.00 15.71 6707881.50 5
3826190 30.57 100010.45 15.73 6602458.00 6
3826939 30.66 100010.85 15.73 636024.88 7
3827689 30.75 100010.86 15.72 645649.44 8
3828439 30.79 100012.77 15.76 657463.88 9
3828939 30.82 100014.24 15.71 667753.50 0
3829438 30.73 100013.70 15.70 102400000.00 1
3830688 30.29 100009.02 15.67 102400000.00 2
3834936 30.16 100012.88 15.69 102400000.00 3
3835686 30.39 100014.13 15.70 6868162.00 4
3836436 30.52 100015.50 15.71 6728542.00 5
3836936 30.56 100016.18 15.72 6622473.50 6
3837685 30.66 100015.91 15.74 630153.88 7
3838435 30.73 100015.81 15.71 643216.06 8
3839185 30.78 100016.59 15.72 664503.56 9
3839684 30.80 100014.79 15.70 669718.75 0
3840184 30.72 100014.31 15.68 102400000.00 1
3841434 30.28 100010.07 15.69 102400000.00 2
3845682 30.15 100009.16 15.70 102400000.00 3
3846432 30.38 100013.24 15.70 6846636.00 4
3847181 30.51 100014.67 15.71 6782860.50 5
3847681 30.55 100015.44 15.75 6614453.00 6
3848431 30.64 100015.89 15.70 633075.75 7
3849180 30.73 100016.27 15.73 652437.06 8
3849930 30.78 100016.87 15.80 661926.31 9
3850680 30.80 100015.00 15.74 664503.56 0
3850930 30.72 100015.55 15.72 102400000.00 1
3852179 30.28 100011.53 15.68 102400000.00 2
3856428 30.15 100013.36 15.68 102400000.00 3
3857177 30.37 100014.56 15.70 6838063.50 4
3857927 30.50 100016.80 15.71 6679168.50 5
3858427 30.55 100018.65 15.74 6610450.00 6
3859176 30.64 100018.08 15.75 628413.63 7
3859926 30.73 100018.14 15.69 652437.06 8
3860676 30.77 100018.77 15.77 665151.00 9
3861425 30.79 100017.97 15.71 671035.38 0
3861676 30.71 100018.16 15.72 102400000.00 1
3862925 30.27 100013.28 15.68 102400000.00 2
3867173 30.14 100015.05 15.68 102400000.00 3
3867923 30.36 100016.95 15.73 6808227.50 4
3868673 30.49 100017.64 15.71 6736842.00 5
3869172 30.54 100019.80 15.73 6630514.00 6
3869922 30.63 100018.59 15.76 634841.94 7
3870672 30.72 100020.04 15.75 653686.56 8
3871422 30.76 100020.12 15.71 664503.56 9
3872171 30.78 100018.27 15.73 672357.19 0
3872421 30.70 100019.05 15.73 102400000.00 1
3873671 30.26 100016.14 15.65 102400000.00 2
3877919 30.13 100019.63 15.70 102400000.00 3
3878669 30.36 100021.13 15.73 6907251.50 4
3879418 30.49 100022.80 15.72 6745162.50 5
3880168 30.54 100023.55 15.74 6671010.00 6
3880668 30.62 100023.05 15.71 631319.38 7
3881418 30.71 100022.34 15.73 656831.31 8
3882167 30.76 100022.88 15.73 665151.00 9
3882917 30.78 100023.84 15.75 676354.00 0
3883167 30.70 100024.76 15.72 102400000.00 1
3884417 30.25 100019.32 15.65 102400000.00 2
3888665 30.13 100021.30 15.70 102400000.00 3
3889415 30.35 100021.11 15.69 6898526.50 4
3890164 30.48 100021.56 15.72 6812474.00 5
3890914 30.53 100022.27 15.73 6658809.00 6
3891414 30.62 100023.29 15.74 636617.94 7
3892164 30.71 100023.49 15.70 653061.25 8
3892913 30.75 100021.80 15.76 669718.75 9
3893663 30.77 100020.98 15.72 675016.50 0
3893913 30.69 100021.65 15.73 102400000.00 1
3895163 30.25 100018.87 15.69 102400000.00 2
3899411 30.13 100019.31 15.69 102400000.00 3
3900161 30.35 100018.48 15.72 6951209.00 4
3900910 30.48 100022.19 15.73 6829512.50 5
3901660 30.53 100021.62 15.75 6749330.50 6
3902160 30.62 100024.54 15.77 637807.56 7
3902910 30.71 100024.45 15.75 656831.31 8
3903659 30.75 100022.99 15.76 667753.50 9
3904409 30.77 100023.09 15.70 678370.31 0
3904659 30.69 100022.85 15.73 102400000.00 1
3906158 30.24 100017.84 15.69 102400000.00 2
3910157 30.11 100017.04 15.68 102400000.00 3
3910907 30.34 100020.72 15.71 6915998.50 4
3911656 30.47 100021.74 15.74 6838063.50 5
3912406 30.52 100021.16 15.73 6658809.00 6
3912906 30.61 100023.70 15.75 643822.69 7
3913655 30.70 100023.89 15.75 657463.88 8
3914405 30.75 100025.30 15.73 666449.75 9
3915155 30.76 100022.94 15.72 679045.06 0
3915405 30.68 100022.22 15.73 102400000.00 1
3916904 30.24 100018.47 15.70 102400000.00 2
3920902 30.11 100018.54 15.69 102400000.00 3
3921652 30.33 100020.27 15.73 6946788.00 4
3922402 30.47 100021.38 15.75 6838063.50 5
3923152 30.52 100022.97 15.74 6712003.50 6
3923901 30.60 100020.77 15.75 641403.06 7
3924401 30.68 100020.27 15.76 657463.88 8
3925151 30.73 100020.62 15.76 669718.75 9
3925901 30.75 100019.93 15.74 678370.31 0
3926151 30.68 100021.13 15.71 102400000.00 1
3927650 30.23 100018.05 15.66 102400000.00 2
3931648 30.11 100019.70 15.70 102400000.00 3
3932398 30.33 100020.75 15.72 6937963.00 4
3933148 30.46 100023.21 15.72 6787075.50 5
3933898 30.51 100024.09 15.75 6728542.00 6
3934647 30.59 100024.68 15.78 643216.06 7
3935147 30.68 100024.79 15.76 658097.69 8
3935897 30.73 100025.69 15.73 671695.63 9
3936646 30.75 100026.20 15.72 679045.06 0
3936896 30.67 100025.46 15.74 102400000.00 1
3938396 30.23 100021.48 15.68 102400000.00 2
3942394 30.10 100021.05 15.71 102400000.00 3
3943144 30.32 100024.42 15.73 6986780.50 4
3943893 30.46 100024.31 15.73 6881142.50 5
3944643 30.50 100025.77 15.70 6825244.50 6
3945393 30.59 100025.78 15.77 643822.69 7
3945893 30.68 100024.02 15.75 658732.69 8
3946642 30.72 100025.01 15.79 671695.63 9
3947392 30.75 100024.47 15.75 684492.00 0
3947642 30.67 100024.77 15.73 102400000.00 1
3949141 30.22 100018.53 15.69 102400000.00 2
3953140 30.09 100019.82 15.69 102400000.00 3
3953889 30.32 100019.95 15.70 7036289.50 4
3954639 30.45 100020.18 15.75 6907251.50 5
3955389 30.50 100020.90 15.74 6732689.50 6
3956139 30.59 100022.54 15.75 640200.06 7
3956639 30.68 100024.20 15.76 661285.13 8
3957388 30.72 100023.73 15.80 674349.69 9
3958138 30.74 100022.44 15.69 683806.38 0
3958388 30.66 100021.83 15.74 102400000.00 1
3959887 30.22 100018.77 15.70 102400000.00 2
3964136 30.09 100026.90 15.68 102400000.00 3
3964635 30.31 100028.30 15.74 7063591.50 4
3965385 30.45 100028.21 15.72 6889823.50 5
3966135 30.50 100023.91 15.74 6741000.00 6
3966885 30.58 100022.48 15.75 644430.44 7
3967384 30.66 100023.27 15.77 661926.31 8
3968134 30.71 100025.16 15.76 673684.19 9
3968884 30.74 100025.27 15.75 683122.06 0
3969134 30.66 100025.38 15.74 102400000.00 1
3970633 30.21 100020.48 15.70 102400000.00 2
3974881 30.08 100023.36 15.70 102400000.00 3
3975381 30.30 100025.30 15.72 7040825.00 4
3976131 30.43 100025.23 15.73 6915998.50 5
3976881 30.48 100025.07 15.72 6838063.50 6
3977630 30.57 100024.97 15.75 648101.25 7
3978380 30.66 100027.03 15.77 657463.88 8
3978880 30.71 100027.59 15.73 681077.50 9
3979630 30.73 100027.32 15.76 690725.13 0
3979880 30.65 100026.73 15.75 102400000.00 1
3981379 30.20 100021.95 15.68 102400000.00 2
3985627 30.07 100020.67 15.70 102400000.00 3
3986127 30.30 100020.59 15.74 7040825.00 4
3986877 30.42 100009.38 15.76 6964506.00 5
3987627 30.48 100009.29 15.74 6825244.50 6
3988376 30.56 100009.80 15.70 643822.69 7
3989126 30.65 100009.87 15.78 667101.00 8
3989626 30.69 100008.82 15.76 677696.88 9
3990376 30.70 100006.52 15.74 689330.19 0
3990625 30.63 100009.07 15.77 102400000.00 1
3992125 30.19 100004.19 15.70 102400000.00 2
3996373 30.06 100013.01 15.74 102400000.00 3
3996873 30.28 100013.05 15.77 7086505.00 4
3997623 30.41 100013.20 15.77 6951209.00 5
3998372 30.46 100015.92 15.80 6803986.50 6
3999122 30.55 100015.80 15.82 646260.63 7
3999872 30.64 100015.30 15.76 669062.38 8
4000372 30.68 100014.76 15.80 680398.69 9
4001121 30.70 100012.60 15.75 683806.38 0
4001371 30.63 100012.36 15.76 102400000.00 1
4002871 30.18 100007.55 15.72 102400000.00 2
4007119 30.04 100005.05 15.73 102400000.00 3
4007869 30.27 100006.48 15.76 7059026.50 4
4008369 30.40 100007.52 15.76 6946788.00 5
4009118 30.44 100006.91 15.79 6855230.00 6
4009868 30.54 100008.89 15.79 650571.81 7
4010618 30.61 100006.52 15.83 662568.75 8
4011118 30.66 100007.05 15.82 683122.06 9
4011868 30.69 100006.95 15.80 690026.94 0
4012118 30.61 100005.29 15.78 102400000.00 1
4013617 30.16 100001.28 15.74 102400000.00 2
4017865 30.03 99998.63 15.76 102400000.00 3
4018615 30.25 100000.23 15.80 7118835.50 4
4019115 30.38 100000.63 15.82 6964506.00 5
4019864 30.43 100001.34 15.81 6838063.50 6
4020614 30.52 100003.20 15.85 654940.81 7
4021364 30.60 100002.96 15.81 665799.75 8
4022114 30.64 100002.97 15.87 674349.69 9
4022613 30.67 100002.84 15.80 689330.19 0
4022864 30.59 100002.53 15.79 102400000.00 1
4024363 30.14 99994.89 15.75 102400000.00 2
4028611 30.01 99989.85 15.77 102400000.00 3
4029361 30.23 99989.41 15.83 7114199.00 4
4029861 30.36 99991.51 15.83 6964506.00 5
4030610 30.41 99990.20 15.83 6842347.00 6
4031360 30.50 99990.57 15.89 648717.13 7
4032110 30.59 99989.93 15.88 669062.38 8
4032860 30.63 99988.43 15.85 683122.06 9
4033359 30.65 99988.06 15.86 687940.88 0
4033609 30.57 99986.90 15.83 102400000.00 1
4035109 30.13 99981.39 15.79 102400000.00 2
4039357 30.00 99982.55 15.80 102400000.00 3
4040107 30.22 99982.75 15.84 7142110.00 4
4040607 30.34 99984.17 15.84 6995730.00 5
4041356 30.39 99984.16 15.87 6833785.00 6
4042106 30.49 99985.20 15.89 654940.81 7
4042856 30.57 99983.35 15.85 667753.50 8
4043606 30.61 99982.66 15.85 684492.00 9
4044105 30.64 99982.50 15.85 689330.19 0
4044605 30.56 99983.10 15.85 102400000.00 1
4045855 30.11 99977.65 15.80 102400000.00 2
4050103 29.98 99974.44 15.83 102400000.00 3
4050853 30.20 99979.16 15.86 7118835.50 4
4051353 30.33 99979.36 15.89 6960068.00 5
4052102 30.38 99977.56 15.88 6902886.00 6
4052852 30.46 99976.20 15.89 648101.25 7
4053602 30.55 99977.78 15.83 668407.31 8
4054352 30.59 99976.65 15.82 687248.31 9
4054852 30.62 99975.68 15.87 696361.81 0
4055351 30.54 99975.45 15.86 102400000.00 1
4056601 30.10 99971.97 15.83 102400000.00 2
4060849 29.96 99970.46 15.84 102400000.00 3
4061599 30.18 99970.53 15.89 7222393.50 4
4062349 30.32 99974.63 15.88 7072739.00 5
4062848 30.36 99975.28 15.89 6933559.00 6
4063598 30.46 99974.53 15.90 653061.25 7
4064348 30.54 99973.76 15.90 678370.31 8
4065098 30.58 99972.93 15.90 690725.13 9
4065847 30.61 99973.29 15.89 695652.19 0
4066097 30.53 99971.61 15.89 102400000.00 1
4067347 30.08 99968.81 15.84 102400000.00 2
4071595 29.95 99968.02 15.87 102400000.00 3
4072345 30.16 99970.48 15.89 7212855.00 4
4073094 30.30 99971.50 15.90 7086505.00 5
4073594 30.34 99972.65 15.90 6995730.00 6
4074344 30.44 99972.40 15.92 657463.88 7
4075094 30.52 99971.02 15.95 677696.88 8
4075843 30.57 99970.67 15.88 690026.94 9
4076593 30.59 99971.41 15.89 696361.81 0
4076843 30.50 99969.24 15.91 102400000.00 1
4078093 30.07 99965.55 15.85 102400000.00 2
4082341 29.93 99966.07 15.89 102400000.00 3
4083091 30.16 99968.20 15.89 7275311.00 4
4083840 30.28 99968.06 15.93 7128127.00 5
4084340 30.33 99969.80 15.93 6991252.50 6
4085090 30.42 99968.73 15.95 660006.44 7
4085839 30.51 99970.73 15.93 679045.06 8
4086589 30.55 99968.93 15.95 694944.00 9
4087339 30.58 99970.53 15.94 697072.81 0
4087589 30.49 99969.14 15.93 102400000.00 1
4088838 30.04 99964.63 15.89 102400000.00 2
4093087 29.91 99968.35 15.89 102400000.00 3
4093836 30.14 99970.47 15.94 7275311.00 4
4094586 30.26 99970.38 15.94 7128127.00 5
4095086 30.31 99971.59 15.95 6982314.00 6
4095836 30.40 99971.73 15.99 661926.31 7
4096585 30.49 99971.34 15.97 681757.69 8
4097335 30.53 99970.83 15.94 692828.13 9
4098085 30.55 99970.77 15.94 702814.00 0
4098335 30.47 99969.78 15.95 102400000.00 1
4099584 30.03 99963.08 15.90 102400000.00 2
4103832 29.90 99962.68 15.93 102400000.00 3
4104582 30.12 99965.36 15.96 7289877.50 4
4105332 30.25 99967.65 15.96 7151462.00 5
4106082 30.29 99968.44 15.95 7068162.00 6
4106582 30.38 99967.03 15.97 665799.75 7
4107331 30.47 99967.54 16.03 687248.31 8
4108081 30.52 99965.98 15.99 693532.00 9
4108831 30.54 99965.84 15.99 702814.00 0
4109081 30.45 99966.42 16.00 102400000.00 1
4110330 30.02 99964.44 15.91 102400000.00 2
4114578 29.89 99964.15 15.95 102400000.00 3
4115328 30.11 99965.34 15.96 7343792.00 4
4116078 30.24 99966.62 15.98 7179667.00 5
4116827 30.28 99967.52 15.98 7049914.00 6
4117327 30.38 99967.14 16.07 662568.75 7
4118077 30.46 99968.95 16.00 685867.38 8
4118827 30.50 99966.76 16.01 699214.75 9
4119576 30.53 99966.21 16.05 704991.38 0
4119826 30.45 99966.50 15.99 102400000.00 1
4121076 30.01 99963.70 15.94 102400000.00 2
4125324 29.88 99965.70 15.95 102400000.00 3
4126074 30.10 99966.60 15.98 7319187.00 4
4126823 30.23 99969.48 15.99 7179667.00 5
4127573 30.28 99970.62 15.97 7059026.50 6
4128073 30.36 99969.20 16.01 665151.00 7
4128823 30.46 99970.21 16.02 685867.38 8
4129573 30.50 99971.59 16.03 696361.81 9
4130322 30.52 99970.30 15.97 705720.19 0
4130572 30.44 99970.77 15.98 102400000.00 1
4131822 30.00 99968.27 15.94 102400000.00 2
4136070 29.87 99973.30 15.95 102400000.00 3
4136820 30.10 99974.93 15.99 7358634.50 4
4137570 30.23 99976.08 15.98 7217621.00 5
4138319 30.27 99977.07 16.00 7072739.00 6
4138819 30.36 99979.71 16.02 663212.44 7
4139569 30.45 99980.38 16.02 685179.00 8
4140319 30.50 99981.38 16.02 694237.31 9
4141068 30.52 99979.84 15.96 709386.94 0
4141318 30.43 99979.55 15.98 102400000.00 1
4142818 30.00 99978.12 15.93 102400000.00 2
4146816 29.86 99981.47 15.96 102400000.00 3
4147566 30.09 99985.82 15.97 7368563.00 4
4148315 30.21 99985.41 16.01 7246351.00 5
4149065 30.26 99986.19 16.00 7114199.00 6
4149565 30.35 99987.28 16.02 667753.50 7
4150315 30.44 99988.66 15.99 688634.81 8
4151065 30.48 99988.77 15.95 699931.63 9
4151814 30.51 99990.13 16.04 709386.94 0
4152064 30.43 99989.84 15.99 102400000.00 1
4153564 29.99 99987.88 15.93 102400000.00 2
4157562 29.86 99992.28 15.94 102400000.00 3
4158312 30.08 99994.70 16.00 7413574.50 4
4159061 30.21 99994.82 15.98 7198594.00 5
4159811 30.25 99996.13 15.99 7118835.50 6
4160311 30.35 99997.17 16.05 667101.00 7
4161061 30.44 99998.76 16.00 684492.00 8
4161810 30.48 99997.76 16.00 701369.88 9
4162560 30.50 99997.69 16.01 705720.19 0
4162810 30.43 99996.13 15.99 102400000.00 1
4164309 29.98 99993.25 15.97 102400000.00 2
4168308 29.85 99993.91 15.94 102400000.00 3
4169058 30.07 99996.60 15.98 7398510.00 4
4169807 30.20 99997.19 16.00 7255978.50 5
4170557 30.25 99998.83 16.01 7109568.00 6
4171307 30.34 99998.27 16.02 672357.19 7
4171806 30.42 99997.97 16.02 685179.00 8
4172556 30.47 100000.15 16.03 702814.00 9
4173306 30.50 100001.13 15.97 707915.69 0
4173556 30.41 99999.98 16.01 102400000.00 1
4175055 29.97 99996.27 15.95 102400000.00 2
4179053 29.83 99997.78 15.97 102400000.00 3
4179803 30.06 99999.20 16.01 7464237.00 4
4180553 30.19 100000.69 16.03 7299621.50 5
4181302 30.23 100000.02 16.04 7160839.00 6
4182052 30.31 99997.71 16.01 674349.69 7
4182552 30.41 99998.61 16.05 694944.00 8
4183302 30.46 100000.79 16.00 700650.00 9
4184052 30.48 99999.50 15.99 712347.81 0
4184301 30.40 99997.92 16.04 102400000.00 1
4185801 29.96 99997.34 15.97 102400000.00 2
4189799 29.82 99995.83 15.98 102400000.00 3
4190549 30.05 99997.27 16.00 7459139.50 4
4191298 30.17 99996.45 16.03 7319187.00 5
4192048 30.22 99995.88 16.04 7198594.00 6
4192798 30.31 99997.30 16.04 675016.50 7
4193298 30.40 99998.38 16.05 692125.69 8
4194047 30.44 99997.21 16.03 701369.88 9
4194797 30.47 99998.71 16.07 713837.56 0
4195047 30.39 99997.20 16.02 102400000.00 1
4196547 29.95 99994.36 15.99 102400000.00 2
4200545 29.82 99995.98 16.00 102400000.00 3
4201295 30.04 99999.54 16.03 7443889.00 4
4202044 30.16 99999.25 16.04 7358634.50 5
4202794 30.21 99998.95 16.05 7208095.00 6
4203544 30.30 99998.56 16.07 677696.88 7
4204044 30.39 99999.05 16.06 690026.94 8
4204793 30.44 99999.72 16.05 707182.31 9
4205543 30.46 99996.79 16.05 710124.81 0
4205793 30.38 99995.85 16.04 102400000.00 1
4207292 29.94 99994.25 15.99 102400000.00 2
4211291 29.80 99994.89 16.02 102400000.00 3
4212040 30.03 99996.45 16.04 7479571.00 4
4212790 30.16 99997.81 16.05 7383506.00 5
4213540 30.20 99998.44 16.02 7260802.00 6
4214290 30.29 99996.90 16.03 677696.88 7
4214789 30.38 99997.78 16.04 690026.94 8
4215539 30.42 99998.93 16.06 707182.31 9
4216289 30.45 99998.62 16.08 713837.56 0
4216539 30.36 99996.08 16.07 102400000.00 1
4218038 29.93 99995.78 15.99 102400000.00 2
4222286 29.79 99995.92 16.01 102400000.00 3
4222786 30.02 99997.96 16.06 7557195.50 4
4223536 30.14 99997.65 16.07 7393502.00 5
4224286 30.19 99998.22 16.05 7222393.50 6
4225035 30.28 99997.63 16.12 680398.69 7
4225535 30.37 99998.34 16.05 697785.38 8
4226285 30.41 99997.83 16.05 709386.94 9
4227035 30.44 99999.27 16.09 718344.44 0
4227285 30.35 99998.37 16.09 102400000.00 1
4228784 29.91 99996.15 16.02 102400000.00 2
4233032 29.78 99995.84 16.03 102400000.00 3
4233532 30.01 99998.41 16.09 7531142.50 4
4234282 30.13 99999.66 16.07 7388500.50 5
4235031 30.18 99999.95 16.08 7275311.00 6
4235781 30.27 99998.84 16.06 678370.31 7
4236531 30.35 99999.10 16.06 702814.00 8
4237031 30.40 99998.61 16.11 710124.81 9
4237780 30.43 99999.93 16.06 716835.81 0
4238030 30.34 99998.14 16.09 102400000.00 1
4239530 29.91 99997.91 16.03 102400000.00 2
4243778 29.77 99996.80 16.06 102400000.00 3
4244278 29.99 99999.02 16.06 7505268.00 4
4245028 30.12 99998.60 16.08 7423652.00 5
4245777 30.17 99998.34 16.10 7309391.00 6
4246527 30.25 99997.73 16.08 679721.19 7
4247277 30.34 99998.06 16.10 698499.31 8
4247777 30.39 99998.69 16.08 711605.31 9
4248526 30.41 100000.28 16.08 720619.31 0
4248777 30.33 99998.81 16.09 102400000.00 1
4250276 29.89 99996.34 16.04 102400000.00 2
4254524 29.76 100005.14 16.10 102400000.00 3
4255024 29.99 100006.52 16.07 7520771.00 4
4255774 30.12 100006.09 16.08 7393502.00 5
4256523 30.16 99999.75 16.13 7255978.50 6
4257273 30.26 99999.87 16.11 682439.19 7
4258023 30.34 99999.62 16.11 702091.19 8
4258523 30.38 100000.59 16.07 705720.19 9
4259272 30.40 100000.69 16.13 716083.94 0
4259522 30.32 99999.47 16.10 102400000.00 1
4261022 29.88 99999.38 16.06 102400000.00 2
4265270 29.75 100000.95 16.06 102400000.00 3
4265770 29.98 100004.41 16.10 7588698.50 4
4266519 30.10 100003.89 16.12 7383506.00 5
4267269 30.15 100005.20 16.13 7319187.00 6
4268019 30.24 100005.67 16.10 682439.19 7
4268769 30.33 100004.51 16.13 702091.19 8
4269268 30.37 100003.85 16.13 711605.31 9
4270018 30.40 100003.30 16.12 720619.31 0
4270268 30.32 100003.27 16.09 102400000.00 1
4271767 29.88 100003.90 16.05 102400000.00 2
4276016 29.74 99989.37 16.08 102400000.00 3
4276765 29.96 100001.03 16.10 7641791.00 4
4277265 30.09 100004.27 16.14 7515596.50 5
4278015 30.14 100003.34 16.12 7324095.00 6
4278765 30.23 100001.63 16.12 684492.00 7
4279514 30.32 100004.12 16.14 704991.38 8
4280264 30.36 100002.44 16.10 710864.31 9
4280764 30.38 100001.83 16.08 725983.69 0
4281014 30.30 100002.32 16.13 102400000.00 1
4282513 29.87 100002.68 16.06 102400000.00 2
4286762 29.73 100005.01 16.10 102400000.00 3
4287511 29.96 100008.17 16.11 7690213.50 4
4288011 30.09 100008.12 16.14 7515596.50 5
4288761 30.13 100009.59 16.12 7343792.00 6
4289510 30.22 100009.09 16.16 685179.00 7
4290260 30.30 100008.41 16.18 700650.00 8
4291010 30.36 100009.85 16.14 713091.94 9
4291510 30.38 100009.30 16.12 717589.38 0
4291760 30.29 100009.70 16.12 102400000.00 1
4293259 29.85 100007.02 16.09 102400000.00 2
4297507 29.72 100006.88 16.06 102400000.00 3
4298257 29.95 100010.05 16.16 7690213.50 4
4298757 30.07 100011.59 16.15 7536338.50 5
4299506 30.13 100011.19 16.17 7368563.00 6
4300256 30.21 100008.96 16.14 686557.19 7
4301006 30.30 100009.19 16.14 702091.19 8
4301756 30.35 100010.22 16.11 722908.56 9
4302255 30.37 100008.80 16.14 729085.06 0
4302505 30.29 100008.49 16.15 102400000.00 1
4304005 29.84 100008.10 16.09 102400000.00 2
4308253 29.71 100007.05 16.10 102400000.00 3
4309003 29.94 100010.29 16.15 7744741.00 4
4309502 30.06 100009.27 16.15 7567667.50 5
4310252 30.11 100008.04 16.16 7433757.00 6
4311002 30.20 100009.66 16.17 687940.88 7
4311752 30.29 100009.27 16.14 704264.13 8
4312501 30.34 100011.23 16.14 711605.31 9
4313001 30.36 100009.34 16.19 728307.25 0
4313501 30.27 100008.07 16.18 102400000.00 1
4314751 29.84 100008.54 16.11 102400000.00 2
4318999 29.70 100009.52 16.12 102400000.00 3
4319749 29.93 100012.69 16.17 7739253.50 4
4320248 30.05 100012.05 16.17 7557195.50 5
4320998 30.11 100012.99 16.18 7393502.00 6
4321748 30.20 100011.48 16.20 688634.81 7
4322497 30.28 100011.78 16.21 705720.19 8
4323247 30.32 100011.21 16.17 723674.94 9
4323747 30.34 100011.31 16.14 734576.75 0
4324247 30.27 100010.68 16.16 102400000.00 1
4325496 29.82 100008.48 16.13 102400000.00 2
4329745 29.69 100008.98 16.14 102400000.00 3
4330494 29.92 100010.78 16.16 7755739.50 4
4330994 30.04 100010.73 16.17 7572914.50 5
4331744 30.10 100011.72 16.19 7464237.00 6
4332493 30.18 100009.10 16.20 691424.69 7
4333243 30.27 100009.02 16.23 710864.31 8
4333993 30.32 100009.76 16.20 723674.94 9
4334493 30.34 100009.50 16.19 730645.75 0
4334993 30.26 100010.29 16.16 102400000.00 1
4336242 29.82 100010.22 16.13 102400000.00 2
4340490 29.68 100014.11 16.13 102400000.00 3
4341240 29.92 100015.82 16.17 7728302.00 4
4341990 30.04 100015.56 16.18 7604548.50 5
4342490 30.09 100015.05 16.19 7443889.00 6
4343239 30.17 100013.82 16.24 691424.69 7
4343989 30.26 100014.95 16.20 711605.31 8
4344739 30.30 100015.74 16.20 726756.56 9
4345239 30.33 100015.38 16.25 729085.06 0
4345739 30.25 100015.05 16.20 102400000.00 1
4346988 29.80 100013.57 16.14 102400000.00 2
4351236 29.67 100018.28 16.15 102400000.00 3
4351986 29.91 100018.05 16.19 7827998.00 4
4352736 30.03 100018.68 16.20 7657864.00 5
4353236 30.07 100018.21 16.22 7484696.00 6
4353985 30.16 100017.70 16.17 692125.69 7
4354735 30.24 100018.28 16.22 708650.50 8
4355485 30.29 100018.82 16.20 726756.56 9
4356235 30.32 100018.64 16.23 730645.75 0
4356484 30.24 100019.30 16.19 102400000.00 1
4357734 29.80 100016.88 16.17 102400000.00 2
4361982 29.66 100021.31 16.17 102400000.00 3
4362732 29.89 100020.40 16.21 7861804.00 4
4363482 30.02 100020.37 16.20 7647141.00 5
4363982 30.07 100021.76 16.22 7562428.00 6
4364731 30.16 100020.12 16.18 701369.88 7
4365481 30.24 100020.45 16.23 722143.88 8
4366231 30.29 100018.93 16.27 730645.75 9
4366980 30.31 100020.58 16.20 740151.81 0
4367230 30.23 100019.23 16.20 102400000.00 1
4368480 29.79 100017.70 16.16 102400000.00 2
4372728 29.66 100024.23 16.19 102400000.00 3
4373478 29.88 100023.78 16.20 7867467.00 4
4374227 30.01 100025.66 16.22 7711932.00 5
4374727 30.05 100025.32 16.24 7578168.50 6
4375477 30.14 100021.82 16.23 698499.31 7
4376227 30.23 100023.37 16.17 719859.38 8
4376977 30.28 100022.93 16.21 731428.56 9
4377726 30.30 100023.05 16.21 734576.75 0
4377976 30.22 100022.34 16.22 102400000.00 1
4379226 29.78 100020.19 16.19 102400000.00 2
4383474 29.64 100022.05 16.19 102400000.00 3
4384224 29.87 100024.03 16.18 7794481.50 4
4384973 30.00 100022.42 16.24 7733774.00 5
4385473 30.05 100023.64 16.22 7625785.50 6
4386223 30.13 100022.95 16.21 704991.38 7
4386972 30.22 100022.17 16.22 719101.13 8
4387722 30.26 100022.91 16.21 731428.56 9
4388472 30.30 100024.56 16.23 736955.75 0
4388722 30.21 100025.16 16.25 102400000.00 1
4389972 29.76 100021.16 16.20 102400000.00 2
4394220 29.63 100025.91 16.19 102400000.00 3
4394970 29.86 100024.98 16.20 7907336.00 4
4395719 29.99 100024.03 16.23 7783373.00 5
4396219 30.04 100025.30 16.21 7593974.50 6
4396969 30.13 100025.35 16.24 705720.19 7
4397718 30.20 100023.47 16.23 722908.56 8
4398468 30.26 100024.18 16.25 730645.75 9
4399218 30.28 100023.98 16.19 737752.19 0
4399468 30.20 100024.91 16.22 102400000.00 1
4400717 29.76 100025.30 16.23 102400000.00 2
4404966 29.63 100024.63 16.17 102400000.00 3
4405715 29.85 100023.80 16.21 7890200.00 4
4406465 29.98 100023.80 16.25 7827998.00 5
4406965 30.02 100025.09 16.24 7657864.00 6
4407715 30.11 100024.19 16.18 701369.88 7
4408464 30.20 100023.80 16.31 722908.56 8
4409214 30.25 100024.38 16.30 736161.06 9
4409964 30.27 100023.59 16.27 744186.06 0
4410214 30.19 100024.99 16.25 102400000.00 1
4411463 29.75 100024.76 16.20 102400000.00 2
4415712 29.61 100024.02 16.21 102400000.00 3
4416461 29.84 100023.46 16.24 7941832.50 4
4417211 29.97 100025.02 16.26 7739253.50 5
4417711 30.02 100024.98 16.24 7722837.50 6
4418461 30.11 100026.13 16.31 702091.19 7
4419210 30.19 100025.34 16.29 724442.88 8
4419960 30.23 100025.03 16.25 735368.06 9
4420710 30.25 100023.91 16.25 742567.06 0
4420960 30.18 100026.35 16.26 102400000.00 1
4422209 29.73 100028.52 16.21 102400000.00 2
4426457 29.60 100031.98 16.23 102400000.00 3
4427207 29.83 100031.02 16.26 7988298.50 4
4427957 29.96 100031.45 16.25 7833612.00 5
4428706 30.01 100031.05 16.25 7701057.50 6
4429206 30.10 100031.53 16.28 708650.50 7
4429956 30.17 100029.26 16.29 719101.13 8
4430706 30.22 100031.32 16.32 740955.13 9
4431455 30.25 100033.13 16.23 743375.69 0
4431705 30.16 100032.63 16.23 102400000.00 1
4432955 29.72 100034.58 16.22 102400000.00 2
4437203 29.59 100032.96 16.23 102400000.00 3
4437953 29.82 100033.05 16.26 8017617.00 4
4438702 29.95 100033.06 16.30 7895903.50 5
4439452 30.00 100034.41 16.27 7766769.50 6
4439952 30.08 100034.26 16.27 710864.31 7
4440702 30.17 100036.71 16.33 722908.56 8
4441452 30.20 100036.60 16.26 741760.25 9
4442201 30.23 100036.99 16.27 748264.50 0
4442451 30.16 100037.02 16.27 102400000.00 1
4443701 29.71 100036.94 16.21 102400000.00 2
4447949 29.58 100039.16 16.24 102400000.00 3
4448699 29.81 100041.73 16.25 8041227.00 4
4449448 29.94 100038.36 16.26 7895903.50 5
4450198 29.98 100039.05 16.30 7761250.50 6
4450698 30.07 100037.20 16.31 707182.31 7
4451448 30.16 100037.73 16.33 736161.06 8
4452197 30.20 100037.63 16.32 739350.19 9
4452947 30.22 100035.99 16.24 755023.06 0
4453197 30.14 100036.14 16.29 102400000.00 1
4454446 29.70 100033.52 16.24 102400000.00 2
4458695 29.57 100032.84 16.24 102400000.00 3
4459444 29.80 100034.04 16.27 7982460.50 4
4460194 29.93 100034.15 16.31 7873138.00 5
4460944 29.98 100031.94 16.30 7722837.50 6
4461444 30.06 100031.51 16.27 713091.94 7
4462193 30.14 100031.44 16.28 730645.75 8
4462943 30.19 100031.46 16.29 744186.06 9
4463693 30.21 100030.88 16.29 752111.63 0
4463943 30.13 100031.07 16.29 102400000.00 1
4465192 29.70 100033.95 16.24 102400000.00 2
4469441 29.56 100035.85 16.24 102400000.00 3
4470190 29.79 100038.78 16.29 8064976.50 4
4470940 29.92 100037.23 16.30 7918801.50 5
4471690 29.96 100036.44 16.34 7822392.00 6
4472189 30.05 100036.12 16.33 719101.13 7
4472939 30.14 100035.49 16.35 729864.56 8
4473689 30.18 100036.29 16.29 746627.75 9
4474438 30.21 100037.86 16.29 752111.63 0
4474688 30.13 100037.00 16.30 102400000.00 1
4476188 29.68 100038.30 16.25 102400000.00 2
4480186 29.55 100039.26 16.23 102400000.00 3
4480936 29.78 100042.28 16.30 8106878.00 4
4481686 29.91 100039.92 16.32 7873138.00 5
4482435 29.96 100039.20 16.33 7844864.50 6
4482935 30.05 100038.84 16.34 713837.56 7
4483685 30.13 100037.71 16.36 736161.06 8
4484435 30.18 100037.98 16.33 752941.19 9
4485184 30.20 100037.01 16.35 756696.81 0
4485434 30.12 100037.16 16.33 102400000.00 1
4486934 29.68 100037.38 16.26 102400000.00 2
4490932 29.55 100038.84 16.30 102400000.00 3
4491682 29.77 100040.57 16.30 8047151.50 4
4492431 29.90 100038.35 16.31 7964997.50 5
4493181 29.95 100039.23 16.34 7873138.00 6
4493681 30.04 100037.04 16.36 716835.81 7
4494431 30.12 100036.61 16.36 739350.19 8
4495180 30.17 100037.78 16.31 743375.69 9
4495930 30.19 100038.13 16.35 758799.56 0
4496180 30.11 100037.88 16.35 102400000.00 1
4497679 29.67 100038.67 16.29 102400000.00 2
4501678 29.54 100039.42 16.30 102400000.00 3
4502427 29.77 100042.63 16.32 8185860.50 4
4503177 29.90 100040.96 16.32 8017617.00 5
4503927 29.95 100041.24 16.35 7930300.00 6
4504427 30.03 100039.40 16.35 713091.94 7
4505177 30.11 100040.87 16.40 747445.25 8
4505926 30.16 100041.13 16.39 751283.94 9
4506676 30.18 100041.01 16.35 758799.56 0
4506926 30.11 100041.14 16.33 102400000.00 1
4508425 29.66 100043.56 16.31 102400000.00 2
4512424 29.53 100042.98 16.32 102400000.00 3
4513173 29.76 100045.39 16.35 8149216.50 4
4513923 29.89 100043.80 16.34 8047151.50 5
4514673 29.94 100043.81 16.37 7878817.00 6
4515173 30.02 100041.66 16.35 719859.38 7
4515922 30.11 100042.80 16.38 739350.19 8
4516672 30.16 100042.20 16.38 744186.06 9
4517422 30.19 100041.78 16.39 761763.06 0
4517672 30.10 100040.09 16.34 102400000.00 1
4519171 29.65 100038.50 16.31 102400000.00 2
4523169 29.52 100039.13 16.31 102400000.00 3
4523919 29.75 100042.79 16.35 8070936.00 4
4524669 29.88 100039.01 16.36 7994145.00 5
4525418 29.93 100040.18 16.39 7822392.00 6
4526168 30.02 100040.30 16.42 721380.75 7
4526668 30.10 100039.51 16.38 737752.19 8
4527418 30.14 100039.22 16.39 746627.75 9
4528167 30.17 100037.32 16.42 758799.56 0
4528417 30.09 100037.41 16.35 102400000.00 1
4529917 29.64 100038.15 16.33 102400000.00 2
4533915 29.52 100037.80 16.33 102400000.00 3
4534665 29.73 100039.74 16.37 8185860.50 4
4535415 29.87 100038.31 16.40 8017617.00 5
4536164 29.92 100037.34 16.39 7918801.50 6
4536914 30.00 100036.75 16.36 725212.44 7
4537414 30.09 100037.89 16.37 741760.25 8
4538164 30.13 100037.50 16.37 750458.06 9
4538913 30.16 100036.54 16.37 764321.69 0
4539163 30.08 100036.46 16.36 102400000.00 1
4540663 29.64 100036.49 16.34 102400000.00 2
4544661 29.51 100038.14 16.32 102400000.00 3
4545411 29.73 100040.02 16.35 8094861.50 4
4546160 29.87 100039.41 16.36 8029404.50 5
4546910 29.91 100037.95 16.40 7970810.00 6
4547660 30.01 100038.62 16.42 718344.44 7
4548160 30.09 100037.11 16.40 742567.06 8
4548909 30.13 100038.63 16.38 752526.19 9
4549659 30.16 100037.82 16.40 765607.50 0
4549909 30.07 100037.84 16.38 102400000.00 1
4551408 29.63 100040.13 16.34 102400000.00 2
4555407 29.50 100040.80 16.34 102400000.00 3
4556156 29.73 100042.53 16.40 8260146.00 4
4556906 29.86 100041.59 16.40 8106878.00 5
4557656 29.91 100041.89 16.41 7970810.00 6
4558406 30.00 100040.81 16.43 720619.31 7
4558905 30.08 100041.00 16.44 744186.06 8
4559655 30.13 100039.61 16.39 756696.81 9
4560405 30.15 100039.74 16.38 760490.19 0
4560655 30.07 100039.38 16.41 102400000.00 1
4562154 29.63 100039.94 16.34 102400000.00 2
4566152 29.50 100040.06 16.37 102400000.00 3
4566902 29.72 100041.23 16.39 8260146.00 4
4567652 29.86 100041.26 16.39 8118929.50 5
4568402 29.90 100040.70 16.42 7988298.50 6
4569152 29.99 100039.97 16.38 726756.56 7
4569652 30.07 100040.32 16.41 742567.06 8
4570401 30.12 100038.50 16.42 758799.56 9
4571151 30.15 100040.34 16.38 773413.88 0
4571401 30.07 100038.99 16.39 102400000.00 1
4572900 29.62 100038.55 16.36 102400000.00 2
4576899 29.49 100037.08 16.36 102400000.00 3
4577648 29.72 100039.00 16.41 8185860.50 4
4578398 29.85 100040.40 16.43 8094861.50 5
4579148 29.89 100038.37 16.40 7959193.50 6
4579897 29.99 100038.95 16.40 725212.44 7
4580397 30.07 100037.83 16.40 746627.75 8
4581147 30.11 100036.95 16.44 760066.81 9
4581897 30.14 100037.75 16.43 770794.13 0
4582147 30.06 100038.09 16.41 102400000.00 1
4583646 29.61 100037.95 16.35 102400000.00 2
4587644 29.48 100035.54 16.37 102400000.00 3
4588394 29.71 100035.46 16.42 8260146.00 4
4589144 29.84 100033.97 16.42 8149216.50 5
4589894 29.89 100034.48 16.43 8011736.00 6
4590643 29.98 100033.79 16.46 736955.75 7
4591143 30.06 100032.80 16.43 741760.25 8
4591893 30.11 100032.43 16.46 759643.94 9
4592643 30.13 100033.41 16.46 758378.06 0
4592893 30.05 100032.52 16.42 102400000.00 1
4594392 29.61 100033.76 16.38 102400000.00 2
4598390 29.48 100034.40 16.39 102400000.00 3
4599140 29.70 100035.23 16.41 8253904.50 4
4599890 29.83 100034.48 16.41 8179730.50 5
4600640 29.88 100034.29 16.42 7947611.00 6
4601389 29.97 100034.09 16.47 730645.75 7
4601889 30.06 100035.01 16.44 753772.56 8
4602639 30.11 100034.27 16.44 758799.56 9
4603389 30.13 100033.94 16.44 766467.06 0
4603639 30.05 100034.53 16.41 102400000.00 1
4605138 29.60 100034.18 16.37 102400000.00 2
4609386 29.47 100035.67 16.39 102400000.00 3
4609886 29.70 100037.27 16.43 8247672.00 4
4610636 29.83 100039.09 16.41 8173609.50 5
4611385 29.88 100036.37 16.43 8011736.00 6
4612135 29.97 100036.31 16.47 732999.31 7
4612635 30.05 100036.07 16.48 750458.06 8
4613385 30.09 100034.76 16.43 758378.06 9
4614134 30.13 100036.42 16.44 769057.44 0
4614384 30.04 100036.34 16.44 102400000.00 1
4615884 29.59 100037.30 16.38 102400000.00 2
4620132 29.47 100039.78 16.40 102400000.00 3
4620632 29.70 100042.66 16.42 8310423.50 4
4621382 29.82 100044.66 16.44 8179730.50 5
4622131 29.87 100043.37 16.46 8041227.00 6
4622881 29.96 100039.61 16.42 732213.06 7
4623381 30.05 100039.05 16.49 745812.06 8
4624131 30.09 100040.92 16.50 759643.94 9
4624880 30.11 100038.07 16.42 776051.56 0
4625130 30.04 100037.98 16.46 102400000.00 1
4626630 29.59 100040.15 16.39 102400000.00 2
4630878 29.46 100022.33 16.42 102400000.00 3
4631378 29.69 100025.92 16.42 8419322.00 4
4632127 29.82 100021.80 16.45 8198148.50 5
4632877 29.87 100022.88 16.48 8070936.00 6
4633627 29.96 100022.13 16.50 735368.06 7
4634376 30.04 100032.68 16.51 755859.00 8
4634876 30.09 100031.07 16.45 763040.25 9
4635626 30.11 100030.23 16.46 770359.25 0
4635876 30.03 100031.11 16.45 102400000.00 1
4637375 29.59 100030.75 16.39 102400000.00 2
4641623 29.46 100030.38 16.42 102400000.00 3
4642123 29.68 100031.28 16.45 8291498.00 4
4642873 29.82 100035.44 16.45 8247672.00 5
4643623 29.86 100032.20 16.46 8100865.50 6
4644373 29.95 100033.48 16.50 736161.06 7
4645122 30.04 100033.81 16.42 757957.06 8
4645622 30.08 100036.23 16.46 766037.00 9
4646372 30.10 100034.16 16.52 774291.13 0
4646622 30.02 100033.99 16.46 102400000.00 1
4648121 29.58 100035.73 16.42 102400000.00 2
4652369 29.45 100034.84 16.42 102400000.00 3
4652869 29.68 100039.00 16.47 8329435.50 4
4653619 29.81 100038.95 16.46 8285208.50 5
4654369 29.85 100035.36 16.47 8088867.00 6
4655118 29.95 100034.52 16.49 737752.19 7
4655868 30.04 100035.41 16.49 759643.94 8
4656368 30.07 100034.97 16.45 766897.56 9
4657118 30.09 100032.92 16.49 780041.88 0
4657367 30.02 100033.63 16.47 102400000.00 1
4658867 29.57 100033.75 16.42 102400000.00 2
4663115 29.45 100036.95 16.44 102400000.00 3
4663615 29.67 100039.88 16.47 8361316.50 4
4664365 29.81 100040.42 16.51 8316751.50 5
4665114 29.85 100039.92 16.47 8192000.00 6
4665864 29.94 100037.47 16.46 744186.06 7
4666614 30.03 100037.95 16.48 752111.63 8
4667114 30.07 100039.14 16.48 774291.13 9
4667863 30.09 100038.06 16.52 779151.63 0
4668113 30.02 100038.71 16.47 102400000.00 1
4669613 29.57 100038.42 16.44 102400000.00 2
4673861 29.44 100037.84 16.45 102400000.00 3
4674361 29.67 100043.40 16.49 8471562.00 4
4675110 29.80 100044.03 16.50 8285208.50 5
4675860 29.84 100043.05 16.50 8192000.00 6
4676610 29.94 100040.14 16.49 739350.19 7
4677360 30.03 100041.35 16.56 765607.50 8
4677859 30.07 100040.42 16.55 769057.44 9
4678609 30.09 100041.75 16.48 783174.00 0
4678859 30.01 100040.93 16.48 102400000.00 1
4680358 29.57 100041.82 16.45 102400000.00 2
4684607 29.43 100040.66 16.46 102400000.00 3
4685107 29.66 100042.59 16.49 8471562.00 4
4685856 29.79 100043.28 16.50 8335792.50 5
4686606 29.84 100042.77 16.51 8216650.00 6
4687355 29.93 100040.27 16.55 743375.69 7
4688105 30.02 100040.22 16.51 765607.50 8
4688605 30.06 100041.05 16.56 780487.81 9
4689355 30.08 100039.38 16.54 776934.75 0
4689605 30.00 100040.51 16.50 102400000.00 1
4691104 29.56 100042.48 16.46 102400000.00 2
4695352 29.43 100040.91 16.46 102400000.00 3
4695852 29.66 100041.28 16.51 8517806.00 4
4696602 29.79 100044.13 16.53 8367722.00 5
4697352 29.84 100045.13 16.50 8216650.00 6
4698101 29.93 100041.72 16.50 748264.50 7
4698851 30.02 100041.31 16.54 765607.50 8
4699351 30.05 100039.93 16.54 780934.25 9
4700101 30.08 100039.32 16.54 788147.00 0
4700351 30.00 100038.04 16.51 102400000.00 1
4701850 29.55 100037.81 16.45 102400000.00 2
4706098 29.43 100034.57 16.48 102400000.00 3
4706598 29.66 100037.49 16.46 8537780.00 4
4707348 29.78 100040.10 16.49 8348535.00 5
4708097 29.83 100039.91 16.50 8229030.50 6
4708847 29.93 100036.76 16.53 744998.19 7
4709597 30.01 100036.97 16.54 761338.31 8
4710097 30.04 100035.33 16.51 772101.81 9
4710846 30.07 100036.27 16.55 788602.25 0
4711096 29.99 100038.35 16.52 102400000.00 1
4712596 29.55 100039.30 16.47 102400000.00 2
4716844 29.43 100040.23 16.50 102400000.00 3
4717594 29.64 100043.51 16.52 8557848.00 4
4718094 29.78 100044.96 16.53 8412837.00 5
4718844 29.83 100045.31 16.55 8266397.50 6
4719593 29.92 100041.39 16.52 747445.25 7
4720343 30.00 100040.07 16.52 766037.00 8
4720843 30.05 100039.78 16.53 777377.13 9
4721593 30.07 100039.24 16.55 782725.00 0
4721843 29.99 100039.57 16.52 102400000.00 1
4723342 29.55 100040.80 16.48 102400000.00 2
4727590 29.42 100040.90 16.50 102400000.00 3
4728340 29.64 100044.91 16.55 8652759.00 4
4728840 29.78 100045.22 16.53 8497925.00 5
4729589 29.82 100045.13 16.54 8266397.50 6
4730339 29.91 100042.66 16.55 757116.44 7
