=~=~=~=~=~=~=~=~=~=~=~= KiTTY log 2024.12.06 15:53:47 =~=~=~=~=~=~=~=~=~=~=~=
0 0.00 0.00 0.00 0.00 0
0 0.00 0.00 0.00 0.00 0
2136 27.15 100118.05 21.91 302779.41 0
2386 27.37 100120.46 21.94 51755972.00 1
3885 27.62 100125.90 21.91 51090236.00 2
3885 27.62 100125.90 21.91 51090236.00 2
3885 27.62 100125.90 21.91 51090236.00 2
7883 27.70 100136.36 2429968 27.79 99572.30 22.51 105916.42 9
430967 27.77 99588.48 22.49 8235235.00 1
432467 27.43 99609.97 22.30 8076904.00 2
432467 27.43 99609.97 22.30 8076904.00 2
432467 27.43 99609.97 22.30 8076904.00 2
432467 27.43 99609.97 22.30 8076904.00 2
436715 27.38 99669.13 22.03 7861804.00 3
437215 27.58 99680.45 22.01 734576.75 4
437964 27.70 99690.45 21.96 723674.94 5
438714 27.76 99700.31 21.96 720619.31 6
439464 27.82 99708.76 21.91 99669.07 7
440714 27.97 99730.28 21.83 100136.91 9
441713 27.95 99745.65 21.76 7469341.00 1
443213 27.61 99765.02 21.63 7329009.00 2
443213 27.61 99765.02 21.63 7329009.00 2
443213 27.61 99765.02 21.63 7329009.00 2
443213 27.61 99765.02 21.63 7329009.00 2
447211 27.55 99829.58 21.38 7165537.00 3
447961 27.74 99836.03 21.42 682439.19 4
448710 27.86 99847.02 21.38 677024.81 5
449460 27.91 99858.98 21.33 670376.44 6
450710 28.07 99882.17 21.27 95808.38 8
451459 28.13 99893.19 21.24 95008.35 9
452459 28.11 99910.13 21.15 6812474.00 1
453958 27.75 99931.91 20.98 6687347.00 2
453958 27.75 99931.91 20.98 6687347.00 2
453958 27.75 99931.91 20.98 6687347.00 2
457956 27.69 99992.57 20.82 6515808.50 3
458706 27.88 100001.03 20.80 637807.56 4
459456 28.00 100014.21 20.78 635432.81 5
460206 28.05 100023.66 20.75 627835.69 6
460955 28.13 100036.34 20.73 90077.41 7
461455 28.21 100047.55 20.70 90172.59 8
462955 28.30 100068.59 20.59 89323.10 0
463205 28.25 100073.06 20.59 6382547.50 1
464704 27.89 100094.71 20.47 6240335.00 2
464704 27.89 100094.71 20.47 6240335.00 2
464704 27.89 100094.71 20.47 6240335.00 2
468702 27.81 100159.95 20.25 6111152.50 3
469452 28.00 100171.10 20.23 605022.19 4
470202 28.13 100182.23 20.24 599180.81 5
470952 28.18 100191.96 20.22 591907.50 6
471452 28.24 100201.81 20.17 85906.04 7
472951 28.38 100225.63 20.10 86691.50 9
473951 28.36 100240.87 20.03 5851428.50 1
475200 28.00 100261.62 19.95 5752809.00 2
475200 28.00 100261.62 19.95 5752809.00 2
475200 28.00 100261.62 19.95 5752809.00 2
475200 28.00 100261.62 19.95 5752809.00 2
479448 27.92 100324.50 19.72 5675095.50 3
480198 28.12 100332.93 19.74 573508.81 4
480948 28.23 100342.79 19.73 569205.13 5
481698 28.29 100353.88 19.70 565433.44 6
482947 28.43 100372.24 19.64 83879.42 8
483697 28.49 100383.43 19.62 84210.52 9
484697 28.46 100398.42 19.54 5531397.50 1
485946 28.10 100417.48 19.42 5421575.00 2
485946 28.10 100417.48 19.42 5421575.00 2
485946 28.10 100417.48 19.42 5421575.00 2
485946 28.10 100417.48 19.42 5421575.00 2
490194 28.02 100479.06 19.26 5280051.50 3
490944 28.21 100489.77 19.24 549061.69 4
491694 28.33 100498.25 19.22 541226.19 5
492943 28.44 100520.48 19.18 81321.48 7
493693 28.53 100530.06 19.15 82740.79 8
495192 28.61 100548.77 19.08 82024.99 0
495442 28.55 100553.54 19.07 5234505.00 1
496692 28.19 100574.27 18.97 5092943.50 2
496692 28.19 100574.27 18.97 5092943.50 2
496692 28.19 100574.27 18.97 5092943.50 2
500940 28.11 100629.02 18.84 4995122.00 3
501690 28.29 100635.34 18.78 527835.06 4
502439 28.41 100645.81 18.78 524993.56 5
502939 28.46 100654.86 18.73 520589.72 6
503689 28.52 100663.93 18.74 79281.51 7
505188 28.66 100683.23 18.66 78987.97 9
506188 28.63 100696.91 18.60 4972382.50 1
507437 28.27 100714.77 18.47 4866053.00 2
507437 28.27 100714.77 18.47 4866053.00 2
507437 28.27 100714.77 18.47 4866053.00 2
507437 28.27 100714.77 18.47 4866053.00 2
511686 28.17 100765.30 18.36 4785046.50 3
512435 28.36 100772.55 18.35 510087.19 4
512935 28.48 100783.06 18.33 505180.06 5
513685 28.52 100790.29 18.31 506679.88 6
515184 28.68 100808.30 18.25 78696.59 8
515934 28.73 100817.27 18.24 78263.53 9
516933 28.71 100830.23 18.20 4718894.00 1
518183 28.34 100841.67 18.08 4630865.00 2
518183 28.34 100841.67 18.08 4630865.00 2
518183 28.34 100841.67 18.08 4630865.00 2
518183 28.34 100841.67 18.08 4630865.00 2
522431 28.24 100884.54 17.94 4530973.50 3
523181 28.43 100891.69 17.93 494925.09 4
523681 28.54 100900.41 17.94 488549.63 5
525180 28.66 100916.44 17.90 76167.80 7
525930 28.75 100926.05 17.86 75964.39 8
527180 28.82 100938.44 17.81 76715.61 0
527430 28.77 100940.03 17.79 4471615.50 1
528929 28.39 100952.52 17.67 4378407.50 2
528929 28.39 100952.52 17.67 4378407.50 2
528929 28.39 100952.52 17.67 4378407.50 2
533177 28.29 100988.23 17.53 4302521.00 3
533927 28.48 100994.13 17.55 476279.06 4
534427 28.61 101003.05 17.51 471998.16 5
535177 28.65 101009.16 17.49 470048.19 6
535926 28.72 101017.38 17.51 74245.94 7
537176 28.85 101029.18 17.42 74700.91 9
538176 28.82 101036.78 17.39 4255584.50 1
539675 28.45 101047.92 17.28 4167896.25 2
539675 28.45 101047.92 17.28 4167896.25 2
539675 28.45 101047.92 17.28 4167896.25 2
539675 28.45 101047.92 17.28 4167896.25 2
543923 28.34 101082.05 17.15 4092930.25 3
544423 28.54 101087.21 17.17 461157.41 4
545173 28.65 101092.23 17.15 459605.03 5
545923 28.70 101097.98 17.13 454706.94 6
546672 28.77 101104.05 17.11 72851.45 7
547922 28.89 101113.45 17.08 73289.44 9
548921 28.87 101121.07 17.02 4102153.25 1
550421 28.49 101130.73 16.93 4014702.25 2
550421 28.49 101130.73 16.93 4014702.25 2
550421 28.49 101130.73 16.93 4014702.25 2
550421 28.49 101130.73 16.93 4014702.25 2
554669 28.39 101158.88 16.80 3919617.25 3
555169 28.58 101163.02 16.83 451101.31 4
555919 28.69 101167.22 16.80 447846.06 5
556668 28.74 101173.06 16.80 442332.63 6
558168 28.90 101182.92 16.76 72112.68 8
558668 28.94 101186.20 16.73 72051.79 9
559667 28.91 101192.41 16.68 3913999.00 1
561167 28.53 101197.59 16.59 3837002.25 2
561167 28.53 101197.59 16.59 3837002.25 2
561167 28.53 101197.59 16.59 3837002.25 2
561167 28.53 101197.59 16.59 3837002.25 2
565415 28.42 101224.35 16.48 3757798.25 3
565915 28.62 101226.06 16.48 438074.88 4
566665 28.74 101230.67 16.47 433898.31 5
568164 28.85 101238.20 16.43 70041.04 7
568664 28.93 101242.12 16.38 70679.18 8
570163 29.00 101247.34 16.38 70679.18 0
570413 28.95 101250.38 16.38 3739785.50 1
571912 28.57 101257.75 16.28 3647373.00 2
571912 28.57 101257.75 16.28 3647373.00 2
571912 28.57 101257.75 16.28 3647373.00 2
575911 28.46 101274.49 16.14 3557099.50 3
576661 28.64 101278.34 16.14 424455.97 4
577410 28.77 101284.24 16.16 421572.66 5
578160 28.82 101286.09 16.12 418728.28 6
579410 28.97 101293.12 16.10 69357.90 8
580159 29.01 101291.23 16.07 69357.90 9
581159 28.97 101295.95 16.02 3545553.00 1
582658 28.59 101298.70 15.94 3460190.00 2
582658 28.59 101298.70 15.94 3460190.00 2
582658 28.59 101298.70 15.94 3460190.00 2
582658 28.59 101298.70 15.94 3460190.00 2
586657 28.49 101314.92 15.80 3380932.75 3
587406 28.68 101318.27 15.86 411658.28 4
588156 28.80 101320.95 15.83 407481.09 5
588906 28.84 101323.38 15.82 406510.53 6
590155 28.99 101326.44 15.79 67814.57 8
590905 29.04 101329.86 15.77 68467.51 9
591905 29.01 101331.49 15.74 3425465.25 1
593404 28.63 101333.23 15.65 3331435.50 2
593404 28.63 101333.23 15.65 3331435.50 2
593404 28.63 101333.23 15.65 3331435.50 2
597402 28.51 101338.54 15.54 3230921.00 3
598152 28.70 101341.86 15.54 400782.78 4
598902 28.82 101346.62 15.55 400782.78 5
599651 28.86 101346.91 15.55 394073.50 6
600151 28.93 101348.16 15.50 66545.36 7
600901 29.02 101349.54 15.51 66963.12 8
602401 29.09 101350.58 15.45 67492.75 0
602651 29.03 101353.20 15.43 3309230.50 1
603900 28.65 101352.09 15.36 3210031.25 2
603900 28.65 101352.09 15.36 3210031.25 2
603900 28.65 101352.09 15.36 3210031.25 2
608148 28.54 101356.62 15.25 3152588.00 3
608898 28.73 101361.70 15.26 390690.56 4
609648 28.84 101364.15 15.26 386706.94 5
610397 28.89 101364.73 15.26 384962.41 6
610897 28.95 101366.39 15.23 65573.77 7
612396 29.09 101365.47 15.21 65877.51 9
613396 29.05 101366.77 15.16 3183832.00 1
614645 28.67 101366.48 15.07 3098922.00 2
614645 28.67 101366.48 15.07 3098922.00 2
614645 28.67 101366.48 15.07 3098922.00 2
614645 28.67 101366.48 15.07 3098922.00 2
618894 28.55 101368.77 14.98 2973502.75 3
619643 28.75 101370.34 14.99 383018.50 4
620393 28.86 101372.34 14.98 379399.78 5
620893 28.91 101372.57 14.97 376470.59 6
622392 29.05 101371.16 14.95 64925.18 8
623142 29.10 101370.15 14.93 65173.12 9
624142 29.07 101371.39 14.90 3111280.00 1
625391 28.69 101369.80 14.83 2986511.00 2
625391 28.69 101369.80 14.83 2986511.00 2
625391 28.69 101369.80 14.83 2986511.00 2
625391 28.69 101369.80 14.83 2986511.00 2
629639 28.57 101371.48 14.72 2907026.25 3
630389 28.76 101372.84 14.73 375229.03 4
631139 28.88 101373.25 14.74 366499.66 5
632388 28.99 101374.10 14.69 63570.89 7
633138 29.07 101372.50 14.70 63856.32 8
633888 29.11 101370.76 14.70 64192.58 9
634888 29.09 101373.27 14.63 2938307.00 1
636137 28.71 101370.24 14.56 2846421.25 2
636137 28.71 101370.24 14.56 2846421.25 2
636137 28.71 101370.24 14.56 2846421.25 2
640385 28.60 101370.25 14.49 2802600.00 3
641135 28.78 101369.38 14.49 359550.56 4
641885 28.89 101371.09 14.48 357666.78 5
642384 28.94 101371.98 14.46 358417.91 6
643134 29.00 101368.43 14.48 62914.72 7
643884 29.09 101368.88 14.45 63100.81 8
645133 29.16 101369.06 14.42 63147.51 0
645633 29.10 101368.92 14.39 2785447.25 1
646883 28.72 101365.56 14.32 2751763.50 2
646883 28.72 101365.56 14.32 2751763.50 2
646883 28.72 101365.56 14.32 2751763.50 2
651131 28.60 101360.69 14.24 2700066.00 3
651881 28.79 101360.35 14.25 353225.25 4
652380 28.91 101360.27 14.25 349965.81 5
653130 28.95 101359.89 14.23 348536.41 6
653880 29.02 101356.80 14.23 61731.37 7
655379 29.14 101356.16 14.22 62317.43 9
656129 29.11 101356.16 14.16 2737968.00 1
657628 28.74 101354.05 14.09 2665799.00 2
657628 28.74 101354.05 14.09 2665799.00 2
657628 28.74 101354.05 14.09 2665799.00 2
657628 28.74 101354.05 14.09 2665799.00 2
661877 28.61 101347.80 13.98 2617252.50 3
662626 28.80 101347.51 14.01 347118.66 4
663126 28.92 101347.66 14.01 341219.59 5
664626 29.03 101345.05 13.98 60981.42 7
665375 29.11 101343.48 13.99 61332.05 8
666625 29.18 101341.52 13.93 61553.26 0
666875 29.13 101342.15 13.94 2650275.00 1
668374 28.75 101336.79 13.85 2587492.00 2
668374 28.75 101336.79 13.85 2587492.00 2
668374 28.75 101336.79 13.85 2587492.00 2
672622 28.63 101332.40 13.79 2522944.25 3
673372 28.81 101319.45 13.77 337508.25 4
673872 28.93 101317.91 13.75 337174.84 5
674622 28.97 101316.16 13.77 335847.81 6
675371 29.04 101313.23 13.75 59785.15 7
676621 29.17 101308.80 13.74 60505.79 9
677620 29.14 101309.68 13.71 2570442.50 1
679120 28.75 101316.36 13.63 2502138.00 2
679120 28.75 101316.36 13.63 2502138.00 2
679120 28.75 101316.36 13.63 2502138.00 2
679120 28.75 101316.36 13.63 2502138.00 2
683368 28.64 101308.03 13.56 2459321.50 3
683868 28.82 101306.76 13.57 332575.50 4
684617 28.94 101306.38 13.58 330003.22 5
685367 28.98 101305.07 13.57 327784.91 6
686117 29.05 101303.31 13.54 58918.30 7
687366 29.17 101296.59 13.53 59534.88 9
688366 29.14 101296.23 13.49 2483929.75 1
689865 28.76 101295.54 13.41 2415806.50 2
689865 28.76 101295.54 13.41 2415806.50 2
689865 28.76 101295.54 13.41 2415806.50 2
689865 28.76 101295.54 13.41 2415806.50 2
694114 28.64 101286.02 13.35 2377939.00 3
694613 28.83 101285.23 13.37 324976.19 4
695363 28.95 101282.11 13.37 323743.28 5
696113 28.99 101280.16 13.35 320400.50 6
697612 29.14 101275.46 13.34 58514.29 8
698112 29.18 101274.73 13.33 58796.51 9
699112 29.15 101272.37 13.27 2407287.75 1
700611 28.78 101270.51 13.21 2335233.75 2
700611 28.78 101270.51 13.21 2335233.75 2
700611 28.78 101270.51 13.21 2335233.75 2
704609 28.66 101260.98 13.14 2284439.50 3
705359 28.84 101263.58 13.14 318012.44 4
706109 28.95 101262.67 13.16 317716.41 5
706859 29.00 101260.45 13.14 316831.69 6
707609 29.06 101258.74 13.13 57066.43 7
708108 29.14 101255.29 13.13 57528.09 8
709608 29.21 101253.87 13.09 58076.23 0
709858 29.16 101253.41 13.07 2359447.00 1
711357 28.78 101247.60 13.02 2299831.50 2
711357 28.78 101247.60 13.02 2299831.50 2
711357 28.78 101247.60 13.02 2299831.50 2
715355 28.66 101227.92 12.95 2250549.50 3
716105 28.84 101224.88 12.96 312195.13 4
716855 28.95 101225.21 12.98 312195.13 5
717605 29.00 101223.41 12.96 310491.22 6
718354 29.06 101221.33 12.95 56537.10 7
719604 29.20 101212.83 12.93 57104.62 9
720604 29.16 101211.63 12.91 2276820.50 1
722103 28.78 101208.13 12.86 2237640.00 2
722103 28.78 101208.13 12.86 2237640.00 2
722103 28.78 101208.13 12.86 2237640.00 2
722103 28.78 101208.13 12.86 2237640.00 2
726101 28.66 101196.78 12.79 2180463.25 3
726851 28.85 101195.59 12.77 307138.56 4
727601 28.96 101193.47 12.77 306037.06 5
728351 29.00 101189.06 12.78 304671.22 6
729600 29.16 101183.20 12.77 56128.04 8
730350 29.20 101185.54 12.77 56462.29 9
731349 29.17 101181.01 12.70 2208681.50 1
732849 28.79 101178.45 12.66 2170066.25 2
732849 28.79 101178.45 12.66 2170066.25 2
732849 28.79 101178.45 12.66 2170066.25 2
732849 28.79 101178.45 12.66 2170066.25 2
736847 28.67 101165.94 12.62 2109709.00 3
737597 28.85 101162.01 12.56 299590.41 4
738347 28.96 101161.83 12.60 300117.22 5
739596 29.07 101156.88 12.58 55006.45 7
740346 29.15 101153.88 12.55 55220.02 8
741845 29.23 101148.05 12.55 55652.18 0
742095 29.17 101146.98 12.55 2151260.50 1
743345 28.79 101141.09 12.48 2106454.00 2
743345 28.79 101141.09 12.48 2106454.00 2
743345 28.79 101141.09 12.48 2106454.00 2
747593 28.67 101127.60 12.43 2046465.13 3
748342 28.85 101128.37 12.41 294422.09 4
749092 28.96 101125.05 12.42 294930.88 5
749842 29.01 101124.42 12.43 292404.34 6
750342 29.07 101120.96 12.41 54375.53 7
751841 29.20 101114.63 12.40 54619.16 9
752841 29.17 101112.70 12.38 2093534.38 1
754090 28.79 101108.00 12.29 2057257.63 2
754090 28.79 101108.00 12.29 2057257.63 2
754090 28.79 101108.00 12.29 2057257.63 2
754090 28.79 101108.00 12.29 2057257.63 2
758338 28.67 101090.51 12.26 2001465.88 3
759088 28.85 101090.55 12.26 290167.19 4
759838 28.97 101087.86 12.25 289920.72 5
760338 29.01 101085.36 12.26 288207.16 6
761837 29.16 101080.49 12.23 53860.72 8
762587 29.21 101079.34 12.23 54202.84 9
763586 29.18 101075.34 12.20 2038825.25 1
764836 28.80 101067.11 12.13 1984015.50 2
764836 28.80 101067.11 12.13 1984015.50 2
764836 28.80 101067.11 12.13 1984015.50 2
764836 28.80 101067.11 12.13 1984015.50 2
769084 28.68 101055.85 12.06 1938934.88 3
769834 28.86 101054.00 12.08 282951.09 4
770584 28.97 101053.11 12.07 282951.09 5
771833 29.08 101048.05 12.06 52729.14 7
772583 29.16 101045.20 12.08 53024.03 8
773333 29.21 101042.66 12.05 53322.22 9
774333 29.18 101038.38 12.04 1973975.88 1
775582 28.80 101031.40 11.96 1934813.38 2
775582 28.80 101031.40 11.96 1934813.38 2
775582 28.80 101031.40 11.96 1934813.38 2
779830 28.67 101016.72 11.91 1876317.00 3
780580 28.85 101016.91 11.93 278791.19 4
781330 28.96 101014.81 11.92 277431.59 5
781829 29.00 101010.77 11.93 276085.19 6
782579 29.07 101008.12 11.93 51863.86 7
783329 29.15 101006.70 11.92 52341.04 8
784578 29.23 101000.88 11.91 52664.06 0
785078 29.17 100998.73 11.88 1903788.00 1
786328 28.79 100996.21 11.82 1858439.25 2
786328 28.79 100996.21 11.82 1858439.25 2
786328 28.79 100996.21 11.82 1858439.25 2
790576 28.66 100982.62 11.77 1826125.75 3
791326 28.85 100979.73 11.78 272340.44 4
791826 28.96 100975.99 11.78 272775.72 5
792576 29.00 100975.17 11.79 271474.03 6
793325 29.07 100972.95 11.79 51118.21 7
794824 29.20 100964.29 11.75 51895.40 9
795824 29.17 100962.81 11.74 1853393.63 1
797074 28.79 100957.81 11.67 1811587.75 2
797074 28.79 100957.81 11.67 1811587.75 2
797074 28.79 100957.81 11.67 1811587.75 2
797074 28.79 100957.81 11.67 1811587.75 2
801322 28.66 100947.37 11.64 1778549.75 3
802072 28.85 100945.59 11.63 266597.25 4
802571 28.96 100943.05 11.63 266181.44 5
803321 29.01 100940.40 11.63 265560.16 6
804820 29.16 100935.63 11.60 51026.51 8
805570 29.20 100932.15 11.61 51118.21 9
806320 29.17 100928.29 11.59 1796097.38 1
807819 28.79 100924.84 11.53 1754551.25 2
807819 28.79 100924.84 11.53 1754551.25 2
807819 28.79 100924.84 11.53 1754551.25 2
807819 28.79 100924.84 11.53 1754551.25 2
812068 28.66 100910.86 11.48 1730095.00 3
812817 28.84 100905.59 11.49 261091.28 4
813317 28.96 100902.63 11.49 261091.28 5
814816 29.07 100897.31 11.49 50009.77 7
815566 29.15 100894.75 11.47 50274.94 8
816816 29.22 100889.47 11.46 50662.97 0
817066 29.16 100890.23 11.46 1757939.88 1
818565 28.78 100881.33 11.41 1722455.88 2
818565 28.78 100881.33 11.41 1722455.88 2
818565 28.78 100881.33 11.41 1722455.88 2
822813 28.65 100866.10 11.34 1691513.50 3
823313 28.84 100865.27 11.36 258716.53 4
824063 28.95 100863.86 11.35 257934.52 5
824813 28.99 100861.52 11.37 256192.14 6
825562 29.06 100859.06 11.35 49401.77 7
826812 29.19 100850.27 11.33 49951.22 9
827811 29.16 100848.43 11.33 1699937.75 1
829311 28.78 100843.64 11.26 1681100.00 2
829311 28.78 100843.64 11.26 1681100.00 2
829311 28.78 100843.64 11.26 1681100.00 2
829311 28.78 100843.64 11.26 1681100.00 2
833559 28.66 100831.04 11.18 1635782.75 3
834059 28.84 100828.82 11.21 251473.48 4
834809 28.95 100823.70 11.22 252964.42 5
835559 28.99 100825.63 11.21 251844.56 6
837058 29.15 100824.40 11.22 49089.16 8
837558 29.20 100822.02 11.22 49344.64 9
838557 29.17 100821.01 11.20 1654615.25 1
840057 28.79 100813.38 11.14 1625074.38 2
840057 28.79 100813.38 11.14 1625074.38 2
840057 28.79 100813.38 11.14 1625074.38 2
840057 28.79 100813.38 11.14 1625074.38 2
844305 28.65 100797.20 11.08 1582689.38 3
844805 28.84 100793.02 11.08 248362.84 4
845554 28.95 100791.26 11.10 248362.84 5
847054 29.07 100786.52 11.09 48066.09 7
847554 29.14 100782.19 11.07 48558.42 8
849053 29.22 100776.69 11.06 48475.67 0
849303 29.16 100776.90 11.06 1606904.63 1
850802 28.78 100772.39 11.01 1568147.00 2
850802 28.78 100772.39 11.01 1568147.00 2
850802 28.78 100772.39 11.01 1568147.00 2
854801 28.65 100760.84 10.97 1553869.50 3
855551 28.83 100758.91 10.97 243751.48 4
856300 28.94 100755.64 10.99 243230.41 5
857050 28.99 100753.28 10.98 241680.44 6
857800 29.05 100749.17 10.99 47716.68 7
859049 29.18 100743.64 10.96 48311.00 9
860049 29.15 100741.50 10.94 1577204.50 1
861548 28.77 100738.05 10.89 1545952.13 2
861548 28.77 100738.05 10.89 1545952.13 2
861548 28.77 100738.05 10.89 1545952.13 2
861548 28.77 100738.05 10.89 1545952.13 2
865547 28.65 100726.59 10.84 1515914.13 3
866296 28.83 100723.45 10.87 239140.59 4
867046 28.94 100720.00 10.87 241680.44 5
867796 28.99 100717.85 10.86 239476.14 6
869045 29.14 100716.76 10.85 46562.39 8
869795 29.19 100713.24 10.85 46817.85 9
870795 29.16 100710.49 10.83 1510046.13 1
872294 28.78 100706.54 10.77 1469153.50 2
872294 28.78 100706.54 10.77 1469153.50 2
872294 28.78 100706.54 10.77 1469153.50 2
872294 28.78 100706.54 10.77 1469153.50 2
876292 28.65 100693.20 10.73 1435178.75 3
877042 28.82 100690.38 10.74 234862.39 4
877792 28.94 100690.43 10.73 235024.09 5
879041 29.05 100686.23 10.75 45470.69 7
879791 29.14 100683.70 10.73 46010.07 8
880541 29.18 100680.95 10.74 46010.07 9
881540 29.15 100677.76 10.71 1459729.13 1
883039 28.77 100671.33 10.68 1433671.63 2
883039 28.77 100671.33 10.68 1433671.63 2
883039 28.77 100671.33 10.68 1433671.63 2
887038 28.64 100659.29 10.61 1398429.50 3
887787 28.82 100657.10 10.64 230734.56 4
888537 28.93 100655.88 10.64 230734.56 5
889287 28.98 100653.59 10.63 229185.31 6
889787 29.05 100650.91 10.63 45133.99 7
890537 29.13 100648.81 10.62 45519.20 8
892036 29.20 100642.28 10.63 45861.70 0
892286 29.14 100642.78 10.62 1429169.63 1
893536 28.77 100639.29 10.57 1399863.25 2
893536 28.77 100639.29 10.57 1399863.25 2
893536 28.77 100639.29 10.57 1399863.25 2
897784 28.64 100628.09 10.52 1381450.25 3
898534 28.82 100625.45 10.54 228571.42 4
899283 28.93 100623.19 10.52 227808.67 5
900033 28.98 100621.46 10.53 226298.34 6
901282 29.13 100616.30 10.55 44896.53 8
902032 29.17 100613.27 10.54 45038.71 9
903032 29.14 100611.17 10.49 1408528.25 1
904281 28.76 100607.85 10.47 1371734.75 2
904281 28.76 100607.85 10.47 1371734.75 2
904281 28.76 100607.85 10.47 1371734.75 2
904281 28.76 100607.85 10.47 1371734.75 2
908529 28.63 100601.87 10.39 1340752.88 3
909279 28.81 100601.16 10.42 222318.72 4
910029 28.93 100599.22 10.42 223336.97 5
911278 29.04 100594.37 10.41 44244.73 7
912028 29.12 100591.93 10.42 44475.33 8
912778 29.16 100589.44 10.41 44521.74 9
913778 29.14 100586.88 10.43 1363515.38 1
915027 28.75 100585.34 10.35 1332899.50 2
915027 28.75 100585.34 10.35 1332899.50 2
915027 28.75 100585.34 10.35 1332899.50 2
919275 28.63 100573.56 10.31 1302384.75 3
920025 28.80 100572.38 10.30 220737.23 4
920775 28.92 100567.68 10.34 220025.78 5
921274 28.97 100564.50 10.31 219601.11 6
922024 29.04 100562.39 10.32 43790.63 7
922774 29.12 100558.61 10.33 44198.89 8
924273 29.18 100552.85 10.32 44429.02 0
924523 29.13 100552.26 10.30 1340752.88 1
925773 28.75 100548.93 10.26 1321290.38 2
925773 28.75 100548.93 10.26 1321290.38 2
925773 28.75 100548.93 10.26 1321290.38 2
930021 28.62 100538.26 10.23 1285221.25 3
930771 28.80 100532.73 10.23 217363.61 4
931520 28.92 100531.70 10.25 217363.61 5
932020 28.96 100529.30 10.20 217363.61 6
932770 29.03 100526.80 10.24 43345.75 7
934269 29.16 100523.08 10.23 43700.92 9
935269 29.14 100523.02 10.20 1308626.25 1
936519 28.75 100514.63 10.16 1282806.13 2
936519 28.75 100514.63 10.16 1282806.13 2
936519 28.75 100514.63 10.16 1282806.13 2
936519 28.75 100514.63 10.16 1282806.13 2
940767 28.62 100507.10 10.12 1256827.25 3
941517 28.80 100507.40 10.10 213288.89 4
942016 28.93 100506.74 10.13 213555.78 5
942766 28.96 100505.27 10.14 212227.98 6
944265 29.12 100500.55 10.11 42909.82 8
945015 29.16 100498.02 10.11 43170.32 9
945765 29.13 100496.82 10.10 1282806.13 1
947264 28.75 100494.19 10.07 1257985.25 2
947264 28.75 100494.19 10.07 1257985.25 2
947264 28.75 100494.19 10.07 1257985.25 2
947264 28.75 100494.19 10.07 1257985.25 2
951512 28.61 100484.11 10.02 1227449.75 3
952262 28.80 100484.22 10.04 210786.33 4
952762 28.91 100483.69 10.03 211439.19 5
954261 29.02 100476.15 10.04 42609.86 7
955011 29.11 100474.23 10.04 42695.13 8
956261 29.18 100468.60 10.04 42823.69 0
956511 29.13 100469.01 10.02 1253366.00 1
958010 28.74 100465.16 9.96 1218684.88 2
958010 28.74 100465.16 9.96 1218684.88 2
958010 28.74 100465.16 9.96 1218684.88 2
962258 28.61 100455.35 9.95 1197310.75 3
962758 28.79 100455.39 9.97 207203.56 4
963508 28.91 100451.94 9.94 207707.91 5
964258 28.96 100450.64 9.97 206202.17 6
965007 29.03 100449.74 9.94 42022.32 7
966257 29.15 100447.02 9.97 42482.57 9
967257 29.13 100444.10 9.96 1225246.75 1
968756 28.74 100440.09 9.88 1202583.63 2
968756 28.74 100440.09 9.88 1202583.63 2
968756 28.74 100440.09 9.88 1202583.63 2
968756 28.74 100440.09 9.88 1202583.63 2
973004 28.61 100434.79 9.84 1173639.00 3
973504 28.79 100430.84 9.86 203255.27 4
974254 28.91 100431.55 9.86 203984.06 5
975003 28.95 100429.05 9.85 202052.09 6
975753 29.02 100425.87 9.87 41653.11 7
977003 29.14 100422.24 9.86 42146.86 9
978002 29.11 100419.34 9.84 1193125.50 1
979502 28.73 100415.76 9.83 1166619.25 2
979502 28.73 100415.76 9.83 1166619.25 2
979502 28.73 100415.76 9.83 1166619.25 2
979502 28.73 100415.76 9.83 1166619.25 2
983750 28.60 100406.36 9.79 1145093.63 3
984250 28.79 100408.20 9.80 200391.39 4
985000 28.89 100406.19 9.79 201099.77 5
986499 29.01 100401.96 9.77 41051.96 7
987249 29.10 100400.75 9.78 41571.94 8
988498 29.16 100396.10 9.77 41693.81 0
988748 29.11 100396.00 9.78 1161656.25 1
990248 28.73 100393.13 9.73 1150885.13 2
990248 28.73 100393.13 9.73 1150885.13 2
990248 28.73 100393.13 9.73 1150885.13 2
994496 28.61 100389.40 9.69 1129931.00 3
994996 28.78 100386.57 9.70 197836.17 4
995746 28.90 100387.62 9.70 197836.17 5
996495 28.94 100385.09 9.71 196923.08 6
997245 29.01 100383.66 9.69 40816.33 7
998494 29.14 100380.69 9.71 41131.11 9
999494 29.11 100378.40 9.68 1161656.25 1
1000994 28.72 100374.98 9.66 1127132.63 2
1000994 28.72 100374.98 9.66 1127132.63 2
1000994 28.72 100374.98 9.66 1127132.63 2
1000994 28.72 100374.98 9.66 1127132.63 2
1004992 28.59 100365.95 9.61 1106130.13 3
1005741 28.78 100366.32 9.63 194899.13 4
1006491 28.89 100363.67 9.64 194565.84 5
1007241 28.94 100363.97 9.64 194676.81 6
1008490 29.09 100359.02 9.63 40429.56 8
1009240 29.14 100357.34 9.64 40816.33 9
1010240 29.11 100356.09 9.62 1140311.75 1
1011739 28.72 100351.30 9.58 1111533.25 2
1011739 28.72 100351.30 9.58 1111533.25 2
1011739 28.72 100351.30 9.58 1111533.25 2
1011739 28.72 100351.30 9.58 1111533.25 2
1015737 28.60 100343.24 9.53 1087626.13 3
1016487 28.77 100342.17 9.56 192807.38 4
1017237 28.89 100342.27 9.56 193134.67 5
1017987 28.94 100342.97 9.54 191616.77 6
1019236 29.09 100340.68 9.55 40087.69 8
1019986 29.14 100339.49 9.57 40314.96 9
1020986 29.11 100337.98 9.55 1101667.63 1
1022485 28.72 100330.91 9.48 1080738.75 2
1022485 28.72 100330.91 9.48 1080738.75 2
1022485 28.72 100330.91 9.48 1080738.75 2
1026483 28.59 100326.11 9.43 1065556.75 3
1027233 28.77 100325.20 9.47 185843.92 4
1027983 28.89 100326.16 9.48 185843.92 5
1028733 28.94 100326.07 9.46 184438.05 6
1029232 29.00 100322.82 9.49 39603.96 7
1029982 29.09 100320.74 9.49 39862.97 8
1031481 29.15 100316.01 9.47 39975.02 0
1031731 29.10 100316.98 9.46 1094601.88 1
1033231 28.72 100314.16 9.40 1071409.88 2
1033231 28.72 100314.16 9.40 1071409.88 2
1033231 28.72 100314.16 9.40 1071409.88 2
1037229 28.59 100303.10 9.42 1045965.25 3
1037979 28.77 100303.34 9.40 183842.02 4
1038728 28.89 100303.91 9.42 183644.19 5
1039478 28.93 100302.32 9.42 183053.27 6
1039978 29.00 100296.59 9.42 39275.85 7
1041477 29.13 100295.28 9.44 39567.23 9
1042477 29.09 100292.02 9.38 1068893.50 1
1043727 28.71 100289.99 9.35 1049180.38 2
1043727 28.71 100289.99 9.35 1049180.38 2
1043727 28.71 100289.99 9.35 1049180.38 2
1043727 28.71 100289.99 9.35 1049180.38 2
1047975 28.58 100283.02 9.33 1030181.06 3
1048725 28.77 100284.16 9.34 181882.77 4
1049475 28.88 100282.78 9.34 181882.77 5
1050225 28.93 100282.03 9.34 181110.72 6
1051474 29.08 100280.51 9.34 39060.12 8
1052224 29.12 100278.34 9.33 39275.85 9
1053223 29.09 100276.01 9.33 1036437.25 1
1054473 28.71 100274.03 9.31 1018652.06 2
1054473 28.71 100274.03 9.31 1018652.06 2
1054473 28.71 100274.03 9.31 1018652.06 2
1058721 28.58 100267.80 9.27 997078.88 3
1059471 28.76 100265.71 9.27 177716.08 4
1060221 28.88 100265.84 9.29 178272.98 5
1060720 28.93 100263.63 9.26 178086.95 6
1061470 28.99 100262.89 9.29 38565.83 7
1062220 29.07 100260.68 9.26 38670.70 8
1063719 29.14 100253.58 9.26 38776.13 0
1063969 29.09 100255.17 9.26 1019412.63 1
1065219 28.71 100251.71 9.22 1000000.00 2
1065219 28.71 100251.71 9.22 1000000.00 2
1065219 28.71 100251.71 9.22 1000000.00 2
1069467 28.57 100243.23 9.22 987701.94 3
1070217 28.76 100243.64 9.21 176066.03 4
1070966 28.88 100244.82 9.23 176795.58 5
1071466 28.92 100243.42 9.22 176066.03 6
1072216 28.99 100243.14 9.20 38392.32 7
1073715 29.12 100235.66 9.21 38426.90 9
1074715 29.10 100234.83 9.20 999268.13 1
1075965 28.71 100241.08 9.14 981312.88 2
1075965 28.71 100241.08 9.14 981312.88 2
1075965 28.71 100241.08 9.14 981312.88 2
1075965 28.71 100241.08 9.14 981312.88 2
1080213 28.58 100236.16 9.13 963991.50 3
1080962 28.76 100232.67 9.16 174268.20 4
1081712 28.88 100229.34 9.15 173913.05 5
1082212 28.92 100227.02 9.17 172681.28 6
1083711 29.07 100225.63 9.15 37847.43 8
1084461 29.12 100224.64 9.16 37982.20 9
1085461 29.09 100221.83 9.15 995624.69 1
1086710 28.70 100221.86 9.10 970156.31 2
1086710 28.70 100221.86 9.10 970156.31 2
1086710 28.70 100221.86 9.10 970156.31 2
1086710 28.70 100221.86 9.10 970156.31 2
1090958 28.57 100219.43 9.07 951230.81 3
1091708 28.75 100219.84 9.09 171812.08 4
1092208 28.87 100218.27 9.11 171466.84 5
1093707 28.98 100213.47 9.08 37613.87 7
1094457 29.06 100212.02 9.13 37746.98 8
1095707 29.13 100207.73 9.11 37780.40 0
1096207 29.08 100207.95 9.07 972228.81 1
1097456 28.70 100208.34 9.03 949246.81 2
1097456 28.70 100208.34 9.03 949246.81 2
1097456 28.70 100208.34 9.03 949246.81 2
1101704 28.56 100190.48 9.00 934306.56 3
1102454 28.75 100187.74 9.02 169592.58 4
1102954 28.87 100185.30 9.03 170439.42 5
1103704 28.91 100185.17 9.04 169761.27 6
1104453 28.98 100183.28 9.03 37122.97 7
1105203 29.06 100181.05 9.02 37220.12 8
1106702 29.08 100181.18 9.02 942042.31 1
1108202 28.70 100192.01 9.00 930486.13 2
1108202 28.70 100192.01 9.00 930486.13 2
1108202 28.70 100192.01 9.00 930486.13 2
1108202 28.70 100192.01 9.00 930486.13 2
1112450 28.57 100186.15 8.95 911234.69 3
1113200 28.75 100183.99 8.98 166612.44 4
1113700 28.86 100182.25 8.96 166775.25 5
1114449 28.91 100181.41 8.98 167265.59 6
1115199 28.98 100179.66 8.97 36898.24 7
1116698 29.11 100179.79 8.95 37220.12 9
1117448 29.08 100176.07 8.96 943344.06 1
1118948 28.69 100171.07 8.93 914285.69 2
1118948 28.69 100171.07 8.93 914285.69 2
1118948 28.69 100171.07 8.93 914285.69 2
1118948 28.69 100171.07 8.93 914285.69 2
1123196 28.56 100171.92 8.89 900417.69 3
1123945 28.74 100168.40 8.91 164524.42 4
1124445 28.86 100167.36 8.91 165481.58 5
1125195 28.91 100169.21 8.92 164524.42 6
1126695 29.05 100164.39 8.91 36707.77 8
1127195 29.11 100165.63 8.91 36866.36 9
1128194 29.08 100163.32 8.90 932392.44 1
1129693 28.69 100159.79 8.86 904593.63 2
1129693 28.69 100159.79 8.86 904593.63 2
1129693 28.69 100159.79 8.86 904593.63 2
1129693 28.69 100159.79 8.86 904593.63 2
1133942 28.55 100157.88 8.85 887540.63 3
1134441 28.74 100157.75 8.87 164049.98 4
1135191 28.85 100158.59 8.86 164365.97 5
1136691 28.97 100157.13 8.86 36425.73 7
1137940 29.10 100155.20 8.89 36394.66 9
1138940 29.07 100154.41 8.85 911843.25 1
1140439 28.69 100150.79 8.82 884665.25 2
1140439 28.69 100150.79 8.82 884665.25 2
1140439 28.69 100150.79 8.82 884665.25 2
1140439 28.69 100150.79 8.82 884665.25 2
1144687 28.55 100142.63 8.79 872789.25 3
1145187 28.73 100142.85 8.81 161259.84 4
1145937 28.85 100143.09 8.81 162488.09 5
1146687 28.89 100141.94 8.81 161718.25 6
1147437 28.96 100140.47 8.82 36056.34 7
1148686 29.09 100135.48 8.84 36147.98 9
1149686 29.07 100133.66 8.80 901606.88 1
1151185 28.68 100134.25 8.75 875026.69 2
1151185 28.68 100134.25 8.75 875026.69 2
1151185 28.68 100134.25 8.75 875026.69 2
1151185 28.68 100134.25 8.75 875026.69 2
1155183 28.54 100130.57 8.76 854757.94 3
1155933 28.73 100129.81 8.77 160200.25 4
1156683 28.84 100131.41 8.78 160200.25 5
1157433 28.89 100128.48 8.75 159303.05 6
1158682 29.04 100123.07 8.75 35814.21 8
1159432 29.09 100122.88 8.79 35844.30 9
1160432 29.06 100118.76 8.75 885238.81 1
1161931 28.67 100120.06 8.73 861227.94 2
1161931 28.67 100120.06 8.73 861227.94 2
1161931 28.67 100120.06 8.73 861227.94 2
1165929 28.53 100117.19 8.70 844187.94 3
1166679 28.71 100118.11 8.70 158415.84 4
1167429 28.84 100118.86 8.71 158268.94 5
1168178 28.88 100117.05 8.72 157538.47 6
1168928 28.95 100114.09 8.73 35339.59 7
1169428 29.03 100113.20 8.71 35694.37 8
1170927 29.10 100109.98 8.72 35694.37 0
1171177 29.04 100109.68 8.70 871674.81 1
1172677 28.66 100110.77 8.68 849968.88 2
1172677 28.66 100110.77 8.68 849968.88 2
1172677 28.66 100110.77 8.68 849968.88 2
1176675 28.52 100105.77 8.65 824808.69 3
1177425 28.71 100107.24 8.67 155386.95 4
1178175 28.83 100105.22 8.67 156383.63 5
1178924 28.87 100102.60 8.64 155386.95 6
1179674 28.95 100101.94 8.68 35020.52 7
1180924 29.07 100099.55 8.68 35457.06 9
1181923 29.04 100097.90 8.67 849440.06 1
1183423 28.66 100099.57 8.63 828814.25 2
1183423 28.66 100099.57 8.63 828814.25 2
1183423 28.66 100099.57 8.63 828814.25 2
1183423 28.66 100099.57 8.63 828814.25 2
1187421 28.52 100094.16 8.61 811571.25 3
1188171 28.70 100095.91 8.62 154682.78 4
1188920 28.82 100093.98 8.62 154402.89 5
1189670 28.87 100093.16 8.63 154124.02 6
1190920 29.01 100089.53 8.64 35164.84 8
1191670 29.06 100088.61 8.65 35106.96 9
1192669 29.03 100085.78 8.63 839516.31 1
1193919 28.64 100085.90 8.58 816424.19 2
1193919 28.64 100085.90 8.58 816424.19 2
1193919 28.64 100085.90 8.58 816424.19 2
1193919 28.64 100085.90 8.58 816424.19 2
1198167 28.52 100084.17 8.54 802979.81 3
1198917 28.69 100081.80 8.57 151928.78 4
1199666 28.82 100081.87 8.59 152064.16 5
1200916 28.93 100080.45 8.58 34538.59 7
1201665 29.01 100080.37 8.60 34650.79 8
1202415 29.05 100079.22 8.60 34820.46 9
1203415 29.03 100078.34 8.58 822820.44 1
1204664 28.64 100078.59 8.53 801095.25 2
1204664 28.64 100078.59 8.53 801095.25 2
1204664 28.64 100078.59 8.53 801095.25 2
1208912 28.50 100078.54 8.54 788147.00 3
1209662 28.68 100079.63 8.54 150588.23 4
1210412 28.81 100076.78 8.55 150854.45 5
1211161 28.84 100075.76 8.55 150455.48 6
1211661 28.91 100075.64 8.55 34206.31 7
1212411 28.99 100073.15 8.56 34538.59 8
1213910 29.06 100068.48 8.58 34848.90 0
1214160 29.01 100067.98 8.55 814476.06 1
1215410 28.62 100061.98 8.52 797818.44 2
1215410 28.62 100061.98 8.52 797818.44 2
1215410 28.62 100061.98 8.52 797818.44 2
1219658 28.49 100057.97 8.52 778263.38 3
1220408 28.67 100056.23 8.52 148750.72 4
1221157 28.79 100057.20 8.52 149271.14 5
1221657 28.83 100055.87 8.50 149532.70 6
1222407 28.90 100055.30 8.52 34178.91 7
1223906 29.03 100051.21 8.51 34151.55 9
1224906 29.00 100049.58 8.51 800625.50 1
1226155 28.62 100049.02 8.48 782725.00 2
1226155 28.62 100049.02 8.48 782725.00 2
1226155 28.62 100049.02 8.48 782725.00 2
1226155 28.62 100049.02 8.48 782725.00 2
1230404 28.48 100050.36 8.44 772976.06 3
1231153 28.66 100049.84 8.47 149010.48 4
1231903 28.78 100051.74 8.45 147848.69 5
1233153 28.89 100051.84 8.45 33880.36 7
1233902 28.97 100049.80 8.46 33961.26 8
1234652 29.02 100047.21 8.46 33934.25 9
1235652 28.99 100048.37 8.44 783174.00 1
1236901 28.61 100050.47 8.40 761338.31 2
1236901 28.61 100050.47 8.40 761338.31 2
1236901 28.61 100050.47 8.40 761338.31 2
1241149 28.47 100055.47 8.36 740955.13 3
1241899 28.66 100056.36 8.41 145827.41 4
1242649 28.78 100057.02 8.40 146077.03 5
1243148 28.82 100057.36 8.40 145454.55 6
1243898 28.90 100056.79 8.41 33507.85 7
1244648 28.98 100056.13 8.41 33586.98 8
1245898 29.05 100055.10 8.42 33639.95 0
1246398 29.00 100057.47 8.41 769057.44 1
1247647 28.62 100059.16 8.35 742567.06 2
1247647 28.62 100059.16 8.35 742567.06 2
1247647 28.62 100059.16 8.35 742567.06 2
1251895 28.49 100070.12 8.34 729085.06 3
1252645 28.67 100068.77 8.34 143256.86 4
1253145 28.80 100073.61 8.34 143618.52 5
1253895 28.84 100073.65 8.34 143377.20 6
1254644 28.91 100075.49 8.34 33040.79 7
1256144 29.04 100075.32 8.32 33246.75 9
1257143 29.01 100078.53 8.33 743375.69 1
1258393 28.63 100081.83 8.29 725212.44 2
1258393 28.63 100081.83 8.29 725212.44 2
1258393 28.63 100081.83 8.29 725212.44 2
1258393 28.63 100081.83 8.29 725212.44 2
1262641 28.50 100090.08 8.25 707182.31 3
1263391 28.67 100091.44 8.25 140775.36 4
1263890 28.80 100090.45 8.27 140891.58 5
1264640 28.84 100092.44 8.28 140197.16 6
1266139 28.99 100093.27 8.28 32887.98 8
1266889 29.04 100094.30 8.28 32887.98 9
1267639 29.01 100095.25 8.26 729864.56 1
1269138 28.63 100097.86 8.22 713091.94 2
1269138 28.63 100097.86 8.22 713091.94 2
1269138 28.63 100097.86 8.22 713091.94 2
1269138 28.63 100097.86 8.22 713091.94 2
1273387 28.49 100105.51 8.19 697072.81 3
1274136 28.68 100108.27 8.21 139168.25 4
1274636 28.80 100109.76 8.21 139168.25 5
1276135 28.91 100107.02 8.23 32266.20 7
1276885 29.00 100106.68 8.19 32437.91 8
1278135 29.06 100104.80 8.21 32536.86 0
1278385 29.01 100106.37 8.21 713091.94 1
1279884 28.63 100107.08 8.17 693532.00 2
1279884 28.63 100107.08 8.17 693532.00 2
1279884 28.63 100107.08 8.17 693532.00 2
1284132 28.49 100109.90 8.14 681077.50 3
1284632 28.67 100111.95 8.15 136387.86 4
1285382 28.79 100113.45 8.15 137044.97 5
1286132 28.84 100114.36 8.17 136825.23 6
1286881 28.91 100111.74 8.17 31880.45 7
1288131 29.04 100110.95 8.18 32241.81 9
1289130 29.01 100108.84 8.15 697785.38 1
1290630 28.63 100108.56 8.12 681077.50 2
1290630 28.63 100108.56 8.12 681077.50 2
1290630 28.63 100108.56 8.12 681077.50 2
1290630 28.63 100108.56 8.12 681077.50 2
1294878 28.48 100109.06 8.10 667753.50 3
1295378 28.67 100111.47 8.10 134665.97 4
1296127 28.79 100110.45 8.11 134878.81 5
1296877 28.83 100110.02 8.11 134559.80 6
1297627 28.91 100106.36 8.13 31691.01 7
1298877 29.03 100102.51 8.12 32000.00 9
1299876 29.00 100100.55 8.09 687940.88 1
1301375 28.61 100100.70 8.08 671035.38 2
1301375 28.61 100100.70 8.08 671035.38 2
1301375 28.61 100100.70 8.08 671035.38 2
1301375 28.61 100100.70 8.08 671035.38 2
1305624 28.48 100098.18 8.06 656831.31 3
1306123 28.66 100098.11 8.07 132987.02 4
1306873 28.79 100096.34 8.08 133194.59 5
1307623 28.83 100093.23 8.08 133194.59 6
1309122 28.98 100091.29 8.10 31620.55 8
1309622 29.03 100090.28 8.10 31573.75 9
1310622 29.00 100090.37 8.06 677024.81 1
1312121 28.62 100089.52 8.02 664503.56 2
1312121 28.62 100089.52 8.02 664503.56 2
1312121 28.62 100089.52 8.02 664503.56 2
1316369 28.48 100086.92 8.05 644430.44 3
1316869 28.66 100085.02 8.02 131856.81 4
1317619 28.78 100084.36 8.04 131147.55 5
1318369 28.82 100081.68 8.04 131755.02 6
1319119 28.89 100079.67 8.05 31295.84 7
1320368 29.02 100075.73 8.03 31250.00 9
1321368 29.00 100074.69 8.04 664503.56 1
1322867 28.61 100073.68 8.00 648101.25 2
1322867 28.61 100073.68 8.00 648101.25 2
1322867 28.61 100073.68 8.00 648101.25 2
1322867 28.61 100073.68 8.00 648101.25 2
1326865 28.48 100069.63 7.98 636024.88 3
1327615 28.65 100068.33 7.98 130147.43 4
1328365 28.77 100066.32 7.99 130445.86 5
1329115 28.82 100065.45 8.00 130246.76 6
1330364 28.97 100062.88 8.02 30932.82 8
1331114 29.01 100060.00 8.02 31022.78 9
1332114 28.99 100058.23 8.01 651814.13 1
1333613 28.60 100053.00 7.96 634252.06 2
1333613 28.60 100053.00 7.96 634252.06 2
1333613 28.60 100053.00 7.96 634252.06 2
1333613 28.60 100053.00 7.96 634252.06 2
1337611 28.46 100050.82 7.95 626683.00 3
1338361 28.64 100049.37 7.97 128481.80 4
1339111 28.77 100049.87 7.97 128675.55 5
1339861 28.81 100048.62 7.97 128192.29 6
1341110 28.96 100042.74 8.01 30644.00 8
1341860 29.01 100041.34 8.00 30732.29 9
1342860 28.98 100039.21 7.96 640801.00 1
1344359 28.60 100038.73 7.96 627258.81 2
1344359 28.60 100038.73 7.96 627258.81 2
1344359 28.60 100038.73 7.96 627258.81 2
1348357 28.46 100031.84 7.93 615939.88 3
1349107 28.64 100032.18 7.93 126576.02 4
1349857 28.76 100032.02 7.94 126858.27 5
1350607 28.81 100031.82 7.92 126858.27 6
1351106 28.88 100026.34 7.94 30317.38 7
1351856 28.96 100024.50 7.93 30425.48 8
1353355 29.03 100020.09 7.95 30732.29 0
1353605 28.98 100019.95 7.93 633663.38 1
1355105 28.59 100020.06 7.91 616496.06 2
1355105 28.59 100020.06 7.91 616496.06 2
1355105 28.59 100020.06 7.91 616496.06 2
1359103 28.45 100014.46 7.89 606096.50 3
1359853 28.64 100013.70 7.90 125736.74 4
1360603 28.75 100010.62 7.91 125644.17 5
1361353 28.80 100010.23 7.94 125551.74 6
1361853 28.88 100008.41 7.94 30061.06 7
1363352 29.00 100004.09 7.92 30317.38 9
1364352 28.98 100002.65 7.90 623250.13 1
1365601 28.58 99999.59 7.89 607174.63 2
1365601 28.58 99999.59 7.89 607174.63 2
1365601 28.58 99999.59 7.89 607174.63 2
1365601 28.58 99999.59 7.89 607174.63 2
1369849 28.45 100002.06 7.86 596041.94 3
1370599 28.63 99998.75 7.87 124271.84 4
1371349 28.75 99991.97 7.89 124271.84 5
1372099 28.80 99991.44 7.88 124271.84 6
1373348 28.95 99990.64 7.90 30018.76 8
1374098 29.00 99987.72 7.90 30124.73 9
1375098 28.97 99986.91 7.88 608256.63 1
1376347 28.58 99985.38 7.83 596041.94 2
1376347 28.58 99985.38 7.83 596041.94 2
1376347 28.58 99985.38 7.83 596041.94 2
1376347 28.58 99985.38 7.83 596041.94 2
1380595 28.46 99984.44 7.83 581322.75 3
1381345 28.63 99979.68 7.86 122488.04 4
1382095 28.75 99979.73 7.85 122664.11 5
1383344 28.86 99977.81 7.86 29684.60 7
1384094 28.95 99975.50 7.90 29809.04 8
1384844 28.99 99974.64 7.87 29871.64 9
1385843 28.96 99971.98 7.86 604486.44 1
1387093 28.57 99954.80 7.83 590371.88 2
1387093 28.57 99954.80 7.83 590371.88 2
1387093 28.57 99954.80 7.83 590371.88 2
1391341 28.45 99964.16 7.80 580828.13 3
1392090 28.62 99964.49 7.82 121875.74 4
1392840 28.74 99962.91 7.83 121788.77 5
1393340 28.79 99962.57 7.85 121701.92 6
1394090 28.85 99958.92 7.83 29520.29 7
1394840 28.94 99959.18 7.85 29643.35 8
1396339 29.01 99954.27 7.84 29725.96 0
1396589 28.96 99955.08 7.83 596041.94 1
1397838 28.57 99951.69 7.81 583808.44 2
1397838 28.57 99951.69 7.81 583808.44 2
1397838 28.57 99951.69 7.81 583808.44 2
1402086 28.44 99953.95 7.78 572067.06 3
1402836 28.61 99952.85 7.83 119906.32 4
1403586 28.73 99954.02 7.80 120584.08 5
1404086 28.78 99953.45 7.80 120159.59 6
1405585 28.93 99952.25 7.83 29520.29 8
1406335 28.98 99950.08 7.82 29561.20 9
1407334 28.95 99948.31 7.79 587324.38 1
1408584 28.56 99944.48 7.77 573027.44 2
1408584 28.56 99944.48 7.77 573027.44 2
1408584 28.56 99944.48 7.77 573027.44 2
1408584 28.56 99944.48 7.77 573027.44 2
1412832 28.43 99942.01 7.76 562174.06 3
1413582 28.61 99941.57 7.77 119402.98 4
1414082 28.72 99941.23 7.78 119319.51 5
1415581 28.84 99938.14 7.79 29097.52 7
1416331 28.93 99936.29 7.78 29317.45 8
1417580 28.99 99933.32 7.79 29337.61 0
1418080 28.95 99934.49 7.78 577389.31 1
1419330 28.55 99930.05 7.73 567313.00 2
1419330 28.55 99930.05 7.73 567313.00 2
1419330 28.55 99930.05 7.73 567313.00 2
1423578 28.42 99928.10 7.73 557127.31 3
1424328 28.60 99928.95 7.76 118326.79 4
1424828 28.71 99928.70 7.74 118655.85 5
1425577 28.76 99927.81 7.78 118162.94 6
1426327 28.83 99926.36 7.76 28900.43 7
1427077 28.92 99926.13 7.75 28998.64 8
1428576 28.94 99922.89 7.77 569205.13 1
1430076 28.55 99920.67 7.74 557582.38 2
1430076 28.55 99920.67 7.74 557582.38 2
1430076 28.55 99920.67 7.74 557582.38 2
1430076 28.55 99920.67 7.74 557582.38 2
1434324 28.41 99918.66 7.72 549946.31 3
1435074 28.59 99919.77 7.74 117108.88 4
1435574 28.71 99919.41 7.75 117350.45 5
1436323 28.76 99920.03 7.75 117108.88 6
1437073 28.83 99919.67 7.75 28725.31 7
1438323 28.96 99915.45 7.78 28841.82 9
1439322 28.93 99913.93 7.77 567313.00 1
1440821 28.53 99911.87 7.73 552617.38 2
1440821 28.53 99911.87 7.73 552617.38 2
1440821 28.53 99911.87 7.73 552617.38 2
1440821 28.53 99911.87 7.73 552617.38 2
1445070 28.40 99909.24 7.70 540797.44 3
1445570 28.58 99908.52 7.72 115680.07 4
1446319 28.70 99908.88 7.72 116152.45 5
1447069 28.75 99908.59 7.73 116231.55 6
1448568 28.90 99905.53 7.75 28744.67 8
1449068 28.95 99905.13 7.72 28686.69 9
1450068 28.92 99904.43 7.73 558951.94 1
1451567 28.53 99903.08 7.70 546862.50 2
1451567 28.53 99903.08 7.70 546862.50 2
1451567 28.53 99903.08 7.70 546862.50 2
1451567 28.53 99903.08 7.70 546862.50 2
1455815 28.40 99904.41 7.69 537391.75 3
1456315 28.57 99904.01 7.69 115056.18 4
1457065 28.69 99904.45 7.71 115289.35 5
1458565 28.81 99903.67 7.70 28476.08 7
1459314 28.90 99903.36 7.72 28457.09 8
1460564 28.96 99900.15 7.71 28590.57 0
1460814 28.91 99900.03 7.71 552617.38 1
1462313 28.52 99899.62 7.67 540369.38 2
1462313 28.52 99899.62 7.67 540369.38 2
1462313 28.52 99899.62 7.67 540369.38 2
1466561 28.39 99899.02 7.69 529472.63 3
1467061 28.57 99901.32 7.68 113980.41 4
1467811 28.68 99900.80 7.67 114209.23 5
1468561 28.73 99901.95 7.69 114285.71 6
1469310 28.80 99902.05 7.70 28212.47 7
1470560 28.93 99898.85 7.69 28381.38 9
1471559 28.90 99896.55 7.68 543380.19 1
1473059 28.52 99895.23 7.66 529883.56 2
1473059 28.52 99895.23 7.66 529883.56 2
1473059 28.52 99895.23 7.66 529883.56 2
1473059 28.52 99895.23 7.66 529883.56 2
1477057 28.38 99897.38 7.64 523383.59 3
1477807 28.55 99896.52 7.64 112849.90 4
1478557 28.68 99895.43 7.67 113149.17 5
1479306 28.72 99893.72 7.68 113149.17 6
1480556 28.87 99891.65 7.68 28268.55 8
1481306 28.93 99892.66 7.66 28156.62 9
1482305 28.90 99890.37 7.66 537815.13 1
1483805 28.50 99888.00 7.66 526207.63 2
1483805 28.50 99888.00 7.66 526207.63 2
1483805 28.50 99888.00 7.66 526207.63 2
1483805 28.50 99888.00 7.66 526207.63 2
1487803 28.37 99889.99 7.63 515479.50 3
1488553 28.55 99891.78 7.64 112035.01 4
1489302 28.67 99892.60 7.64 111888.11 5
1490802 28.78 99889.78 7.68 27880.64 7
1491302 28.86 99887.73 7.65 28008.75 8
1492801 28.93 99883.91 7.63 28064.02 0
1493051 28.88 99885.27 7.65 531120.31 1
1494550 28.48 99882.91 7.60 520589.72 2
1494550 28.48 99882.91 7.60 520589.72 2
1494550 28.48 99882.91 7.60 520589.72 2
1498549 28.36 99883.95 7.61 510087.19 3
1499298 28.53 99883.87 7.63 110870.51 4
1500048 28.66 99884.54 7.64 111304.35 5
1500798 28.70 99882.20 7.66 110870.51 6
1501298 28.77 99882.45 7.63 27681.66 7
1502797 28.90 99882.59 7.65 27898.87 9
1503797 28.87 99881.46 7.64 527835.06 1
1505296 28.48 99878.95 7.61 515090.53 2
1505296 28.48 99878.95 7.61 515090.53 2
1505296 28.48 99878.95 7.61 515090.53 2
1505296 28.48 99878.95 7.61 515090.53 2
1509294 28.36 99880.96 7.61 505928.84 3
1510044 28.52 99877.16 7.59 110226.05 4
1510794 28.64 99879.38 7.61 109871.24 5
1511544 28.69 99877.73 7.62 110297.29 6
1512793 28.84 99877.33 7.63 27627.89 8
1513543 28.89 99876.91 7.62 27627.89 9
1514543 28.87 99876.22 7.60 520193.03 1
1515792 28.47 99874.38 7.59 507810.56 2
1515792 28.47 99874.38 7.59 507810.56 2
1515792 28.47 99874.38 7.59 507810.56 2
1515792 28.47 99874.38 7.59 507810.56 2
1520040 28.33 99873.82 7.57 497812.34 3
1520790 28.51 99872.45 7.59 108751.06 4
1521540 28.63 99872.91 7.58 109168.45 5
1522789 28.75 99872.55 7.57 27397.26 7
1523539 28.83 99871.35 7.61 27592.15 8
1524289 28.88 99871.21 7.63 27538.73 9
1525289 28.85 99868.86 7.59 515090.53 1
1526538 28.46 99869.04 7.58 502576.69 2
1526538 28.46 99869.04 7.58 502576.69 2
1526538 28.46 99869.04 7.58 502576.69 2
1530786 28.32 99866.74 7.55 496003.88 3
1531536 28.50 99867.02 7.58 107994.09 4
1532286 28.62 99868.05 7.58 108268.13 5
1532785 28.67 99869.43 7.59 108199.49 6
1533535 28.74 99867.95 7.58 27257.24 7
1534285 28.82 99869.55 7.58 27309.58 8
1535784 28.89 99867.01 7.60 27292.11 0
1536034 28.84 99868.70 7.59 505180.06 1
1537284 28.45 99868.28 7.54 495284.16 2
1537284 28.45 99868.28 7.54 495284.16 2
1537284 28.45 99868.28 7.54 495284.16 2
1541532 28.32 99870.36 7.53 484733.72 3
1542282 28.49 99868.29 7.56 107382.55 4
1543032 28.61 99868.68 7.56 107382.55 5
1543532 28.66 99868.30 7.56 107382.55 6
1544281 28.72 99867.79 7.55 26981.45 7
1545780 28.86 99869.35 7.58 27222.46 9
1546780 28.83 99869.77 7.57 500733.50 1
1548030 28.44 99865.70 7.53 489600.75 2
1548030 28.44 99865.70 7.53 489600.75 2
1548030 28.44 99865.70 7.53 489600.75 2
1548030 28.44 99865.70 7.53 489600.75 2
1552278 28.31 99867.66 7.51 481655.69 3
1553028 28.48 99866.93 7.54 106180.01 4
1553527 28.61 99866.26 7.54 106777.89 5
1554277 28.65 99867.37 7.57 106048.05 6
1555777 28.80 99869.38 7.57 27015.62 8
1556526 28.84 99868.09 7.55 27084.21 9
1557526 28.82 99867.13 7.56 494208.50 1
1558775 28.43 99865.85 7.53 484046.31 2
1558775 28.43 99865.85 7.53 484046.31 2
1558775 28.43 99865.85 7.53 484046.31 2
1558775 28.43 99865.85 7.53 484046.31 2
1563023 28.30 99866.55 7.51 473964.38 3
1563773 28.47 99865.59 7.52 105523.49 4
1564273 28.59 99866.30 7.53 105719.59 5
1565772 28.71 99866.02 7.56 26795.06 7
1566522 28.79 99864.18 7.53 26677.78 8
1567772 28.86 99859.48 7.55 26896.41 0
1568021 28.81 99860.97 7.52 489952.16 1
1569521 28.41 99854.94 7.50 478952.28 2
1569521 28.41 99854.94 7.50 478952.28 2
1569521 28.41 99854.94 7.50 478952.28 2
1573769 28.30 99857.93 7.49 469401.78 3
1574519 28.46 99854.85 7.54 104043.89 4
1575019 28.58 99855.70 7.53 104875.05 5
1575769 28.63 99854.88 7.53 104617.90 6
1576518 28.70 99853.77 7.55 26479.11 7
1577768 28.83 99851.91 7.52 26578.07 9
1578768 28.80 99853.42 7.54 483360.88 1
1580267 28.41 99852.70 7.49 475615.41 2
1580267 28.41 99852.70 7.49 475615.41 2
1580267 28.41 99852.70 7.49 475615.41 2
1580267 28.41 99852.70 7.49 475615.41 2
1584515 28.28 99855.47 7.49 464926.22 3
1585015 28.45 99854.38 7.50 102852.55 4
1585765 28.57 99854.98 7.49 103980.50 5
1586515 28.62 99854.97 7.50 103664.71 6
1588014 28.78 99857.84 7.53 26479.11 8
1588514 28.82 99854.46 7.52 26611.23 9
1589513 28.79 99852.67 7.51 479962.50 1
1591013 28.40 99852.39 7.47 466833.81 2
1591013 28.40 99852.39 7.47 466833.81 2
1591013 28.40 99852.39 7.47 466833.81 2
1591013 28.40 99852.39 7.47 466833.81 2
1595261 28.28 99856.61 7.47 460224.72 3
1595761 28.45 99853.88 7.47 102790.60 4
1596510 28.56 99851.46 7.50 103038.84 5
1598010 28.68 99851.68 7.51 26218.76 7
1598510 28.77 99851.11 7.52 26348.29 8
1600009 28.83 99844.68 7.49 26495.55 0
1600259 28.79 99849.47 7.51 472324.72 1
1601759 28.39 99847.10 7.45 462406.88 2
1601759 28.39 99847.10 7.45 462406.88 2
1601759 28.39 99847.10 7.45 462406.88 2
1605757 28.27 99849.56 7.45 451997.34 3
1606507 28.44 99847.02 7.45 101506.74 4
1607256 28.55 99847.29 7.48 102114.08 5
1608006 28.61 99848.00 7.48 101870.27 6
1608756 28.67 99846.69 7.49 26026.84 7
1610005 28.80 99843.14 7.47 26234.88 9
1611005 28.78 99845.23 7.49 469401.78 1
1612504 28.39 99844.30 7.44 458063.06 2
1612504 28.39 99844.30 7.44 458063.06 2
1612504 28.39 99844.30 7.44 458063.06 2
1612504 28.39 99844.30 7.44 458063.06 2
1616502 28.26 99846.41 7.44 451698.28 3
1617252 28.43 99846.31 7.45 100906.59 4
1618002 28.55 99846.28 7.44 101145.79 5
1618752 28.60 99847.88 7.45 101386.14 6
1620001 28.75 99846.71 7.46 26058.63 8
1620751 28.80 99845.27 7.45 26138.45 9
1621751 28.77 99844.34 7.48 462720.28 1
1623250 28.38 99845.00 7.44 454404.25 2
1623250 28.38 99845.00 7.44 454404.25 2
1623250 28.38 99845.00 7.44 454404.25 2
1623250 28.38 99845.00 7.44 454404.25 2
1627248 28.25 99846.38 7.44 443482.03 3
1627998 28.42 99845.29 7.45 100313.48 4
1628748 28.54 99845.98 7.46 100372.48 5
1629997 28.65 99843.34 7.48 25697.65 7
1630747 28.75 99842.80 7.47 25822.07 8
1631497 28.79 99838.14 7.48 25900.45 9
1632497 28.77 99837.99 7.45 453498.66 1
1633996 28.38 99838.21 7.44 446381.88 2
1633996 28.38 99838.21 7.44 446381.88 2
1633996 28.38 99838.21 7.44 446381.88 2
1637994 28.25 99838.98 7.41 437233.13 3
1638744 28.41 99837.95 7.44 99378.88 4
1639494 28.53 99840.02 7.43 99147.95 5
1640244 28.58 99839.86 7.44 99205.58 6
1640743 28.65 99839.20 7.42 25559.11 7
1641493 28.73 99836.45 7.47 25682.18 8
1642992 28.81 99832.13 7.47 25837.71 0
1643243 28.75 99832.43 7.45 452296.81 1
1644492 28.36 99831.38 7.42 443770.31 2
1644492 28.36 99831.38 7.42 443770.31 2
1644492 28.36 99831.38 7.42 443770.31 2
1648740 28.24 99834.90 7.41 434727.22 3
1649490 28.41 99832.69 7.41 98121.88 4
1650240 28.52 99833.02 7.44 98461.54 5
1650990 28.57 99834.10 7.44 98291.42 6
1651489 28.64 99833.96 7.42 25437.20 7
1652989 28.78 99829.55 7.45 25437.20 9
1653988 28.75 99829.49 7.44 445798.88 1
1655238 28.36 99829.84 7.39 436115.84 2
1655238 28.36 99829.84 7.39 436115.84 2
1655238 28.36 99829.84 7.39 436115.84 2
1655238 28.36 99829.84 7.39 436115.84 2
1659486 28.23 99834.05 7.42 427111.56 3
1660236 28.40 99832.57 7.42 97560.98 4
1660985 28.52 99834.28 7.44 97616.78 5
1661485 28.57 99833.76 7.41 97560.98 6
1662985 28.73 99829.41 7.43 25301.44 8
1663734 28.77 99828.62 7.45 25528.52 9
1664734 28.75 99828.57 7.43 443770.31 1
1665983 28.35 99829.30 7.38 433898.31 2
1665983 28.35 99829.30 7.38 433898.31 2
1665983 28.35 99829.30 7.38 433898.31 2
1665983 28.35 99829.30 7.38 433898.31 2
1670232 28.22 99832.73 7.38 425249.16 3
1670981 28.40 99832.32 7.39 96841.31 4
1671731 28.52 99831.84 7.43 97282.92 5
1672981 28.64 99831.23 7.42 25211.74 7
1673730 28.72 99827.84 7.42 25286.45 8
1675230 28.79 99826.46 7.42 25331.49 0
1675480 28.74 99826.93 7.41 436673.78 1
1676729 28.35 99826.13 7.39 429800.63 2
1676729 28.35 99826.13 7.39 429800.63 2
1676729 28.35 99826.13 7.39 429800.63 2
1680977 28.22 99829.05 7.38 419500.22 3
1681727 28.39 99827.02 7.39 96132.18 4
1682227 28.51 99827.80 7.41 96512.73 5
1682977 28.55 99828.06 7.40 96403.69 6
1683726 28.63 99828.37 7.41 25122.67 7
1685226 28.76 99822.95 7.40 25107.88 9
1686225 28.73 99822.86 7.39 432797.97 1
1687475 28.34 99822.54 7.38 421572.66 2
1687475 28.34 99822.54 7.38 421572.66 2
1687475 28.34 99822.54 7.38 421572.66 2
1687475 28.34 99822.54 7.38 421572.66 2
1691723 28.21 99822.41 7.35 416938.13 3
1692473 28.39 99824.09 7.38 95220.38 4
1692973 28.50 99824.13 7.41 95486.76 5
1693723 28.54 99823.63 7.39 95754.63 6
1695222 28.70 99817.37 7.42 25078.37 8
1695972 28.75 99818.04 7.40 25048.92 9
1696722 28.73 99817.88 7.39 428990.38 1
1698221 28.34 99817.52 7.35 418471.59 2
1698221 28.34 99817.52 7.35 418471.59 2
1698221 28.34 99817.52 7.35 418471.59 2
1698221 28.34 99817.52 7.35 418471.59 2
1702469 28.20 99815.70 7.34 413403.31 3
1703219 28.38 99815.47 7.37 94587.10 4
1703719 28.49 99816.05 7.37 95061.27 5
1705218 28.61 99812.84 7.40 24830.26 7
1705968 28.70 99810.81 7.39 24888.20 8
1707217 28.77 99809.33 7.40 24873.69 0
1707467 28.72 99809.76 7.40 423402.94 1
1708967 28.33 99811.08 7.36 414155.72 2
1708967 28.33 99811.08 7.36 414155.72 2
1708967 28.33 99811.08 7.36 414155.72 2
1713215 28.20 99811.09 7.35 408700.84 3
1713715 28.38 99812.77 7.36 92318.79 4
1714464 28.49 99813.03 7.36 94377.88 5
1715214 28.54 99813.77 7.37 94013.95 6
1715964 28.61 99810.00 7.39 24758.22 7
1717213 28.74 99808.16 7.39 24672.32 9
1718213 28.71 99806.89 7.36 415415.81 1
1719712 28.33 99810.05 7.35 410420.84 2
1719712 28.33 99810.05 7.35 410420.84 2
1719712 28.33 99810.05 7.35 410420.84 2
1719712 28.33 99810.05 7.35 410420.84 2
1723961 28.20 99809.77 7.34 402436.63 3
1724460 28.37 99811.08 7.36 91428.57 4
1725210 28.49 99813.06 7.36 91624.91 5
1725960 28.54 99812.30 7.36 91921.01 6
1726710 28.61 99808.00 7.37 24404.20 7
1727959 28.74 99806.55 7.35 24530.47 9
1728959 28.71 99807.16 7.36 417448.03 1
1730458 28.32 99809.27 7.34 408456.31 2
1730458 28.32 99809.27 7.34 408456.31 2
1730458 28.32 99809.27 7.34 408456.31 2
1730458 28.32 99809.27 7.34 408456.31 2
1734706 28.20 99814.38 7.32 400312.75 3
1735206 28.37 99815.09 7.34 91038.41 4
1735956 28.48 99814.80 7.36 91038.41 5
1736706 28.53 99814.64 7.38 91428.57 6
1737956 28.68 99809.95 7.35 24502.30 8
1738705 28.73 99807.01 7.36 24587.02 9
1739705 28.71 99806.39 7.35 411162.41 1
1741204 28.32 99802.13 7.33 400782.78 2
1741204 28.32 99802.13 7.33 400782.78 2
1741204 28.32 99802.13 7.33 400782.78 2
1745202 28.19 99794.59 7.32 395672.34 3
1745952 28.36 99795.03 7.35 90172.59 4
1746702 28.48 99789.59 7.32 90555.36 5
1747452 28.52 99789.64 7.35 90555.36 6
1748201 28.59 99795.55 7.36 24293.04 7
1748701 28.68 99799.24 7.33 24390.24 8
1750200 28.76 99796.27 7.37 24404.20 0
1750450 28.70 99795.59 7.35 408212.09 1
1751950 28.31 99798.52 7.31 398676.28 2
1751950 28.31 99798.52 7.31 398676.28 2
1751950 28.31 99798.52 7.31 398676.28 2
1755948 28.18 99800.17 7.31 390467.13 3
1756698 28.35 99799.88 7.32 89698.67 4
1757448 28.47 99801.29 7.33 89698.67 5
1758197 28.51 99799.39 7.32 89793.05 6
1758697 28.59 99797.38 7.33 24169.18 7
1760196 28.72 99797.80 7.32 24265.40 9
1761196 28.69 99798.57 7.33 406268.59 1
1762696 28.30 99800.81 7.31 394757.13 2
1762696 28.30 99800.81 7.31 394757.13 2
1762696 28.30 99800.81 7.31 394757.13 2
1762696 28.30 99800.81 7.31 394757.13 2
1766694 28.18 99801.91 7.31 388910.00 3
1767444 28.35 99801.95 7.31 88950.66 4
1768193 28.46 99800.02 7.32 89416.70 5
1769443 28.58 99797.06 7.32 24046.59 7
1770192 28.67 99796.84 7.34 24128.18 8
1770942 28.71 99795.37 7.35 24100.92 9
1771942 28.68 99792.39 7.33 398211.16 1
1773191 28.30 99794.76 7.28 388910.00 2
1773191 28.30 99794.76 7.28 388910.00 2
1773191 28.30 99794.76 7.28 388910.00 2
1777439 28.18 99802.58 7.26 384312.25 3
1778189 28.34 99801.31 7.31 87942.29 4
1778939 28.46 99798.41 7.30 88489.46 5
1779689 28.50 99798.45 7.31 88765.60 6
1780189 28.58 99798.00 7.30 23831.69 7
1780938 28.66 99797.86 7.33 23992.50 8
1782438 28.73 99796.68 7.32 23979.02 0
1782688 28.68 99797.36 7.32 393619.06 1
1783937 28.29 99797.35 7.29 384745.44 2
1783937 28.29 99797.35 7.29 384745.44 2
1783937 28.29 99797.35 7.29 384745.44 2
1788185 28.17 99801.41 7.27 378138.84 3
1788935 28.34 99800.87 7.29 87761.40 4
1789685 28.46 99800.91 7.29 87942.29 5
1790185 28.51 99800.27 7.32 87851.75 6
1790934 28.57 99797.91 7.33 23778.56 7
1792434 28.71 99798.04 7.31 23818.38 9
1793433 28.68 99797.53 7.30 392487.53 1
1794683 28.29 99797.86 7.26 383664.28 2
1794683 28.29 99797.86 7.26 383664.28 2
1794683 28.29 99797.86 7.26 383664.28 2
1794683 28.29 99797.86 7.26 383664.28 2
1798931 28.16 99801.24 7.26 378348.41 3
1799681 28.33 99799.39 7.28 86779.66 4
1800431 28.45 99799.64 7.29 87581.25 5
1800931 28.50 99798.12 7.29 87581.25 6
1802430 28.65 99796.87 7.30 23752.09 8
1803179 28.70 99795.88 7.29 23633.68 9
1804179 28.68 99796.29 7.28 388467.38 1
1805429 28.29 99798.49 7.25 381307.03 2
1805429 28.29 99798.49 7.25 381307.03 2
1805429 28.29 99798.49 7.25 381307.03 2
1805429 28.29 99798.49 7.25 381307.03 2
1809677 28.16 99798.35 7.28 366106.53 3
1810427 28.33 99798.11 7.27 86515.71 4
1811176 28.45 99799.22 7.29 86691.50 5
1812426 28.56 99793.84 7.26 23555.39 7
1813176 28.65 99794.25 7.30 23568.40 8
1814425 28.72 99791.03 7.29 23620.59 0
1814925 28.67 99791.73 7.29 383448.78 1
1816174 28.28 99791.83 7.27 376470.59 2
1816174 28.28 99791.83 7.27 376470.59 2
1816174 28.28 99791.83 7.27 376470.59 2
1820422 28.16 99792.35 7.24 360690.38 3
1821172 28.32 99791.79 7.27 85647.38 4
1821672 28.44 99791.64 7.28 86079.35 5
1822422 28.48 99788.18 7.27 86166.27 6
1823172 28.56 99788.13 7.28 23490.55 7
1823921 28.64 99787.25 7.28 23005.03 8
1825421 28.66 99787.47 7.28 380669.16 1
1826920 28.28 99790.52 7.25 361837.47 2
1826920 28.28 99790.52 7.25 361837.47 2
1826920 28.28 99790.52 7.25 361837.47 2
1826920 28.28 99790.52 7.25 361837.47 2
1831168 28.15 99794.22 7.23 357292.41 3
1831918 28.32 99793.52 7.24 85049.84 4
1832418 28.43 99793.20 7.25 85219.71 5
1833167 28.48 99790.22 7.25 85219.71 6
1833917 28.54 99787.48 7.27 22783.91 7
1835167 28.69 99788.95 7.26 22980.25 9
1836166 28.66 99788.03 7.26 376886.28 1
1837666 28.27 99790.84 7.25 361071.94 2
1837666 28.27 99790.84 7.25 361071.94 2
1837666 28.27 99790.84 7.25 361071.94 2
1837666 28.27 99790.84 7.25 361071.94 2
1841914 28.15 99793.49 7.23 353225.25 3
1842414 28.31 99791.68 7.25 84293.71 4
1843163 28.43 99792.05 7.25 84880.63 5
1843913 28.48 99789.07 7.26 84712.11 6
1845412 28.63 99787.58 7.29 22783.91 8
1845912 28.68 99786.55 7.28 22783.91 9
1846912 28.65 99787.02 7.26 361071.94 1
1848411 28.26 99788.86 7.24 357292.41 2
1848411 28.26 99788.86 7.24 357292.41 2
1848411 28.26 99788.86 7.24 357292.41 2
1848411 28.26 99788.86 7.24 357292.41 2
1852659 28.14 99793.37 7.26 349965.81 3
1853159 28.31 99790.81 7.23 83961.95 4
1853909 28.42 99790.34 7.25 84377.06 5
1855408 28.54 99787.00 7.26 22519.35 7
1856158 28.63 99787.29 7.26 22711.14 8
1857408 28.69 99784.08 7.26 22686.99 0
1857658 28.65 99785.48 7.25 359929.69 1
1859157 28.26 99789.31 7.24 354325.25 2
1859157 28.26 99789.31 7.24 354325.25 2
1859157 28.26 99789.31 7.24 354325.25 2
1863405 28.14 99794.22 7.17 348180.91 3
1863905 28.30 99793.40 7.23 83550.91 4
1864655 28.41 99793.33 7.24 83632.80 5
1865405 28.46 99791.31 7.22 83797.05 6
1866654 28.62 99790.48 7.23 22543.15 8
1867404 28.66 99788.34 7.26 22471.91 9
1868403 28.64 99789.96 7.24 358794.69 1
1869903 28.25 99789.78 7.20 351769.16 2
1869903 28.25 99789.78 7.20 351769.16 2
1869903 28.25 99789.78 7.20 351769.16 2
1869903 28.25 99789.78 7.20 351769.16 2
1873901 28.13 99792.20 7.21 345013.47 3
1874651 28.29 99792.35 7.21 82821.09 4
1875401 28.41 99790.62 7.23 83143.88 5
1876151 28.46 99789.89 7.23 83143.88 6
1877400 28.62 99789.24 7.24 22401.12 8
1878150 28.66 99785.42 7.25 22377.62 9
1879150 28.63 99786.19 7.22 354325.25 1
1880649 28.25 99788.82 7.22 346414.06 2
1880649 28.25 99788.82 7.22 346414.06 2
1880649 28.25 99788.82 7.22 346414.06 2
1884647 28.12 99791.09 7.18 341903.19 3
1885397 28.29 99791.30 7.21 82024.99 4
1886147 28.40 99790.77 7.21 82421.12 5
1886897 28.45 99789.01 7.21 82421.12 6
1887396 28.52 99786.38 7.21 22168.34 7
1888146 28.61 99788.45 7.22 22237.67 8
1889646 28.68 99786.13 7.23 22307.42 0
1889896 28.63 99787.17 7.23 349249.66 1
1891395 28.24 99788.36 7.18 343624.16 2
1891395 28.24 99788.36 7.18 343624.16 2
1891395 28.24 99788.36 7.18 343624.16 2
1895393 28.11 99794.29 7.17 338177.00 3
1896143 28.28 99793.18 7.20 81554.63 4
1896893 28.39 99794.48 7.22 81710.82 5
1897643 28.44 99791.91 7.20 81946.23 6
1898143 28.50 99788.85 7.22 22053.76 7
1899642 28.64 99790.91 7.22 22168.34 9
1900642 28.62 99790.52 7.22 345013.47 1
1901891 28.23 99793.33 7.18 340538.75 2
1901891 28.23 99793.33 7.18 340538.75 2
1901891 28.23 99793.33 7.18 340538.75 2
1901891 28.23 99793.33 7.18 340538.75 2
1906140 28.10 99794.48 7.18 334531.19 3
1906889 28.27 99794.06 7.20 80706.18 4
1907639 28.39 99795.13 7.23 81012.66 5
1908389 28.43 99787.00 7.20 81089.64 6
1909638 28.59 99777.00 7.21 21985.57 8
1910388 28.63 99775.73 7.22 22076.58 9
1911388 28.61 99775.48 7.20 344665.09 1
1912637 28.22 99778.31 7.17 337174.84 2
1912637 28.22 99778.31 7.17 337174.84 2
1912637 28.22 99778.31 7.17 337174.84 2
1912637 28.22 99778.31 7.17 337174.84 2
1916885 28.09 99788.70 7.16 332251.78 3
1917635 28.27 99789.70 7.17 80175.38 4
1918385 28.38 99789.34 7.19 80859.13 5
1919634 28.50 99786.33 7.20 21895.31 7
1920384 28.58 99785.59 7.18 21962.94 8
1921134 28.63 99785.77 7.17 22008.25 9
1922134 28.60 99783.45 7.20 340878.84 1
1923383 28.21 99784.87 7.18 332575.50 2
1923383 28.21 99784.87 7.18 332575.50 2
1923383 28.21 99784.87 7.18 332575.50 2
1927631 28.09 99798.89 7.16 329366.34 3
1928381 28.26 99797.45 7.18 79800.50 4
1929131 28.38 99799.41 7.16 79725.95 5
1929630 28.42 99798.53 7.18 80402.01 6
1930380 28.49 99797.77 7.18 21694.92 7
1931130 28.57 99795.38 7.20 21694.92 8
1932629 28.65 99790.05 7.19 21872.86 0
1932879 28.60 99788.23 7.17 338512.41 1
1934129 28.21 99792.37 7.17 331284.38 2
1934129 28.21 99792.37 7.17 331284.38 2
1934129 28.21 99792.37 7.17 331284.38 2
1938377 28.08 99796.43 7.17 325596.19 3
1939127 28.25 99795.02 7.15 79134.47 4
1939627 28.37 99794.58 7.16 79875.20 5
1940377 28.41 99794.74 7.15 79800.50 6
1941126 28.48 99793.36 7.16 21672.88 7
1942626 28.61 99791.59 7.16 21717.00 9
1943625 28.59 99790.26 7.17 334203.66 1
1944875 28.21 99793.54 7.15 327156.56 2
1944875 28.21 99793.54 7.15 327156.56 2
1944875 28.21 99793.54 7.15 327156.56 2
1944875 28.21 99793.54 7.15 327156.56 2
1949123 28.08 99795.88 7.13 321608.03 3
1949873 28.25 99796.55 7.15 78624.08 4
1950373 28.36 99797.64 7.14 78842.01 5
1951122 28.41 99798.35 7.16 78769.23 6
1952622 28.56 99793.85 7.16 21541.57 8
1953371 28.62 99795.82 7.16 21563.34 9
1954121 28.59 99791.20 7.16 331606.22 1
1955621 28.21 99794.82 7.12 323130.31 2
1955621 28.21 99794.82 7.12 323130.31 2
1955621 28.21 99794.82 7.12 323130.31 2
1959869 28.07 99797.18 7.13 318903.78 3
1960619 28.24 99796.19 7.09 78335.38 4
1961118 28.36 99796.66 7.13 78335.38 5
1961868 28.40 99795.54 7.14 78551.70 6
1962618 28.47 99791.52 7.15 21347.56 7
1963867 28.61 99790.94 7.15 21498.15 9
1964867 28.58 99794.63 7.13 326843.28 1
1966367 28.20 99781.01 7.14 320400.50 2
1966367 28.20 99781.01 7.14 320400.50 2
1966367 28.20 99781.01 7.14 320400.50 2
1966367 28.20 99781.01 7.14 320400.50 2
1970615 28.06 99797.90 7.10 316244.59 3
1971114 28.24 99798.98 7.11 77341.39 4
1971864 28.36 99798.63 7.14 77622.80 5
1972614 28.40 99797.12 7.14 77906.27 6
1973364 28.47 99797.05 7.16 21220.16 7
1974613 28.61 99793.27 7.15 21390.38 9
1975613 28.58 99791.78 7.13 327470.41 1
1977112 28.19 99794.05 7.11 319202.00 2
1977112 28.19 99794.05 7.11 319202.00 2
1977112 28.19 99794.05 7.11 319202.00 2
1977112 28.19 99794.05 7.11 319202.00 2
1981360 28.07 99799.24 7.11 313629.41 3
1981860 28.23 99798.39 7.09 77131.66 4
1982610 28.35 99798.22 7.11 77271.35 5
1983360 28.39 99798.23 7.12 77552.26 6
1984609 28.54 99792.28 7.12 21283.67 8
1985359 28.60 99793.91 7.13 21262.46 9
1986358 28.57 99792.27 7.12 321911.34 1
1987858 28.18 99793.93 7.09 315951.88 2
1987858 28.18 99793.93 7.09 315951.88 2
1987858 28.18 99793.93 7.09 315951.88 2
1991856 28.05 99796.52 7.08 312480.94 3
1992606 28.23 99796.23 7.11 76372.31 4
1993356 28.34 99797.44 7.11 76923.08 5
1994105 28.38 99794.86 7.11 76923.08 6
1994855 28.45 99794.93 7.11 21052.63 7
1995355 28.54 99790.71 7.12 21094.27 8
1996854 28.61 99790.55 7.09 21136.06 0
1997104 28.56 99790.25 7.10 318012.44 1
1998604 28.18 99792.17 7.07 311625.06 2
1998604 28.18 99792.17 7.07 311625.06 2
1998604 28.18 99792.17 7.07 311625.06 2
2002602 28.05 99793.89 7.05 307692.31 3
2003352 28.22 99794.76 7.08 75964.39 4
2004102 28.34 99795.54 7.10 76372.31 5
2004851 28.38 99795.55 7.09 76167.80 6
2005351 28.45 99797.19 7.10 20928.71 7
2006851 28.58 99791.91 7.10 20990.49 9
2007850 28.55 99791.33 7.10 315951.88 1
2009350 28.18 99794.54 7.07 307415.19 2
2009350 28.18 99794.54 7.07 307415.19 2
2009350 28.18 99794.54 7.07 307415.19 2
2009350 28.18 99794.54 7.07 307415.19 2
2013348 28.04 99795.71 7.06 305216.09 3
2014098 28.21 99796.09 7.07 75360.61 4
2014848 28.33 99794.64 7.08 75762.06 5
2015597 28.38 99795.86 7.08 75627.77 6
2016847 28.52 99789.67 7.10 20887.73 8
2017596 28.57 99789.54 7.10 20908.20 9
2018596 28.55 99788.31 7.11 313054.13 1
2019846 28.18 99792.36 7.07 306037.06 2
2019846 28.18 99792.36 7.07 306037.06 2
2019846 28.18 99792.36 7.07 306037.06 2
2019846 28.18 99792.36 7.07 306037.06 2
2024094 28.04 99794.00 7.01 300645.91 3
2024844 28.20 99793.07 7.06 74635.57 4
2025593 28.32 99794.03 7.08 75161.48 5
2026843 28.43 99790.16 7.07 20765.74 7
2027593 28.52 99778.41 7.09 20745.54 8
2028343 28.57 99775.84 7.08 20765.74 9
2029342 28.54 99775.71 7.09 306586.81 1
2030592 28.16 99777.65 7.04 302511.09 2
2030592 28.16 99777.65 7.04 302511.09 2
2030592 28.16 99777.65 7.04 302511.09 2
2034840 28.04 99791.64 7.05 298803.63 3
2035590 28.21 99792.86 7.07 74052.65 4
2036340 28.32 99792.38 7.06 74440.24 5
2036839 28.36 99793.18 7.07 74375.36 6
2037589 28.43 99791.40 7.05 20605.28 7
2038339 28.52 99787.86 7.09 20705.27 8
2039838 28.59 99787.73 7.09 20665.16 0
2040088 28.54 99787.75 7.06 306037.06 1
2041338 28.16 99787.39 7.04 300117.22 2
2041338 28.16 99787.39 7.04 300117.22 2
2041338 28.16 99787.39 7.04 300117.22 2
2045586 28.02 99791.73 7.03 294930.88 3
2046336 28.20 99793.13 7.05 73415.55 4
2047085 28.32 99792.60 7.05 73860.36 5
2047585 28.36 99792.73 7.04 73988.44 6
2048335 28.43 99802.84 7.05 20486.56 7
2049834 28.56 99812.03 7.07 20685.20 9
2050834 28.53 99806.57 7.06 303587.31 1
2052083 28.16 99797.50 7.03 297760.97 2
2052083 28.16 99797.50 7.03 297760.97 2
2052083 28.16 99797.50 7.03 297760.97 2
2052083 28.16 99797.50 7.03 297760.97 2
2056332 28.02 99789.56 7.01 293915.03 3
2057081 28.20 99790.52 7.03 72789.31 4
2057581 28.31 99790.89 7.05 73478.76 5
2059080 28.42 99787.55 7.05 20427.71 7
2059830 28.50 99784.66 7.06 20486.56 8
2061080 28.58 99784.13 7.08 20447.29 0
2061580 28.53 99783.95 7.06 298020.97 1
2062829 28.15 99785.50 6.99 293662.19 2
2062829 28.15 99785.50 6.99 293662.19 2
2062829 28.15 99785.50 6.99 293662.19 2
2067077 28.02 99776.30 7.00 289183.84 3
2067827 28.19 99775.27 7.04 73038.52 4
2068327 28.30 99777.18 7.03 73163.76 5
2069076 28.36 99774.72 7.03 73289.44 6
2069826 28.42 99771.41 7.05 20253.16 7
2070576 28.50 99771.63 7.04 20369.19 8
2072075 28.53 99774.68 7.03 298020.97 1
2073575 28.15 99785.41 7.01 292154.06 2
2073575 28.15 99785.41 7.01 292154.06 2
2073575 28.15 99785.41 7.01 292154.06 2
2073575 28.15 99785.41 7.01 292154.06 2
2077823 28.02 99787.88 7.01 286995.53 3
2078572 28.19 99785.62 7.00 72112.68 4
2079072 28.30 99787.23 7.03 72541.80 5
2079822 28.35 99786.46 7.03 72603.52 6
2080572 28.42 99781.34 7.04 20233.96 7
2081821 28.55 99779.52 7.04 20311.01 9
2082821 28.53 99778.41 7.02 293409.75 1
2084320 28.15 99781.84 6.99 289429.06 2
2084320 28.15 99781.84 6.99 289429.06 2
2084320 28.15 99781.84 6.99 289429.06 2
2084320 28.15 99781.84 6.99 289429.06 2
2088568 28.01 99784.96 6.98 283892.44 3
2089068 28.18 99784.46 7.00 71748.88 4
2089818 28.30 99784.69 7.04 72112.68 5
2090568 28.34 99784.10 7.03 71930.32 6
2092067 28.49 99778.58 7.02 20119.46 8
2092567 28.54 99778.13 7.02 20176.54 9
2093567 28.52 99775.91 7.02 290414.06 1
2095066 28.14 99778.75 6.99 286754.41 2
2095066 28.14 99778.75 6.99 286754.41 2
2095066 28.14 99778.75 6.99 286754.41 2
2095066 28.14 99778.75 6.99 286754.41 2
2099314 28.00 99778.77 6.97 281318.69 3
2099814 28.18 99777.85 6.98 70914.13 4
2100564 28.29 99786.82 7.02 71508.38 5
2102063 28.41 99786.25 7.02 20081.58 7
2102563 28.49 99782.62 7.00 20043.85 8
2104063 28.56 99774.93 7.00 20119.46 0
2104313 28.51 99774.63 7.01 288207.16 1
2105812 28.13 99777.15 6.97 284128.75 2
2105812 28.13 99777.15 6.97 284128.75 2
2105812 28.13 99777.15 6.97 284128.75 2
2109810 28.00 99779.92 6.97 280394.31 3
2110560 28.17 99777.56 6.98 70503.99 4
2111310 28.29 99778.23 6.98 71150.64 5
2112059 28.34 99778.44 6.99 70973.11 6
2112809 28.40 99772.83 7.01 19912.88 7
2114059 28.53 99769.78 7.01 19950.13 9
2115058 28.50 99768.58 7.02 283892.44 1
2116558 28.13 99774.32 6.95 280855.72 2
2116558 28.13 99774.32 6.95 280855.72 2
2116558 28.13 99774.32 6.95 280855.72 2
2116558 28.13 99774.32 6.95 280855.72 2
2120556 27.99 99775.35 6.96 276308.69 3
2121306 28.16 99775.39 6.95 70329.67 4
2122055 28.28 99774.89 6.99 70445.79 5
2122805 28.33 99774.84 6.98 70679.18 6
2124055 28.48 99768.29 6.99 19801.98 8
2124804 28.52 99768.13 6.98 19820.38 9
2125804 28.50 99765.91 6.99 282716.72 1
2127303 28.12 99770.41 6.97 279475.97 2
2127303 28.12 99770.41 6.97 279475.97 2
2127303 28.12 99770.41 6.97 279475.97 2
2127303 28.12 99770.41 6.97 279475.97 2
2131302 27.99 99771.26 6.96 274973.16 3
2132051 28.16 99770.17 6.97 69811.84 4
2132801 28.27 99770.03 6.99 70387.68 5
2134051 28.39 99765.90 6.97 19710.50 7
2134800 28.47 99765.71 7.00 19801.98 8
2135550 28.52 99763.55 6.99 19765.29 9
2136550 28.49 99763.55 7.00 281087.03 1
2138049 28.11 99766.52 6.95 275862.06 2
2138049 28.11 99766.52 6.95 275862.06 2
2138049 28.11 99766.52 6.95 275862.06 2
2142047 27.98 99770.70 6.94 271474.03 3
2142797 28.15 99770.98 6.95 69584.13 4
2143547 28.27 99769.55 6.98 69697.80 5
2144296 28.31 99766.60 6.96 69640.91 6
2144796 28.38 99765.16 7.00 19637.93 7
2145546 28.46 99762.92 7.00 19637.93 8
2147045 28.54 99760.05 6.94 19710.50 0
2147295 28.48 99760.59 6.99 279475.97 1
2148545 28.10 99762.98 6.95 275194.84 2
2148545 28.10 99762.98 6.95 275194.84 2
2148545 28.10 99762.98 6.95 275194.84 2
2152793 27.97 99768.77 6.94 271906.53 3
2153543 28.15 99768.84 6.97 68965.52 4
2154292 28.26 99769.32 6.96 69189.19 5
2155042 28.31 99769.00 6.98 69245.34 6
2156292 28.46 99764.40 6.98 19583.84 8
2157041 28.50 99763.05 6.99 19601.84 9
2158041 28.48 99763.27 6.97 274751.81 1
2159290 28.10 99766.13 6.93 269757.63 2
2159290 28.10 99766.13 6.93 269757.63 2
2159290 28.10 99766.13 6.93 269757.63 2
2159290 28.10 99766.13 6.93 269757.63 2
2163539 27.97 99767.40 6.92 267642.44 3
2164288 28.14 99767.94 6.94 68357.81 4
2165038 28.25 99767.02 6.96 68687.95 5
2166287 28.37 99763.46 6.96 19458.80 7
2167037 28.45 99763.23 6.96 19494.37 8
2167787 28.49 99760.94 6.96 19494.37 9
2168787 28.46 99760.03 6.95 274310.22 1
2170036 28.09 99764.38 6.92 270613.09 2
2170036 28.09 99764.38 6.92 270613.09 2
2170036 28.09 99764.38 6.92 270613.09 2
2174284 27.95 99766.22 6.94 265560.16 3
2175034 28.13 99766.20 6.95 68085.11 4
2175784 28.25 99766.59 6.95 68467.51 5
2176284 28.29 99763.73 6.97 68522.48 6
2177033 28.36 99761.51 6.93 19405.70 7
2177783 28.44 99759.09 6.97 19423.37 8
2179282 28.51 99755.89 6.94 19388.06 0
2179532 28.46 99755.36 6.97 270827.81 1
2180782 28.08 99758.90 6.92 267432.75 2
2180782 28.08 99758.90 6.92 267432.75 2
2180782 28.08 99758.90 6.92 267432.75 2
2185030 27.95 99760.91 6.92 263713.63 3
2185780 28.12 99761.02 6.94 67814.57 4
2186530 28.24 99762.12 6.94 68193.93 5
2187030 28.28 99760.45 6.94 68412.62 6
2187779 28.35 99755.45 6.94 19248.12 7
2189279 28.48 99756.27 6.95 19335.35 9
2190278 28.45 99754.09 6.96 269757.63 1
2191528 28.07 99756.16 6.93 265560.16 2
2191528 28.07 99756.16 6.93 265560.16 2
2191528 28.07 99756.16 6.93 265560.16 2
2191528 28.07 99756.16 6.93 265560.16 2
2195776 27.95 99760.68 6.95 262901.16 3
2196526 28.11 99758.79 6.94 67121.13 4
2197026 28.22 99758.74 6.93 67814.57 5
2197776 28.27 99757.20 6.96 67868.51 6
2199275 28.42 99754.40 6.94 19230.77 8
2200024 28.47 99753.12 6.94 19230.77 9
2200774 28.45 99754.30 6.95 269119.59 1
2202274 28.06 99756.36 6.94 263510.03 2
2202274 28.06 99756.36 6.94 263510.03 2
2202274 28.06 99756.36 6.94 263510.03 2
2202274 28.06 99756.36 6.94 263510.03 2
2206522 27.93 99757.66 6.91 258324.92 3
2207271 28.10 99758.95 6.94 66701.41 4
2207771 28.22 99758.35 6.92 67015.70 5
2209271 28.34 99755.41 6.94 19093.08 7
2210020 28.41 99754.75 6.96 19076.01 8
2211270 28.49 99752.81 6.94 19144.48 0
2211520 28.44 99753.91 6.95 264326.28 1
2213019 28.05 99755.28 6.88 260692.47 2
2213019 28.05 99755.28 6.88 260692.47 2
2213019 28.05 99755.28 6.88 260692.47 2
2217267 27.93 99757.43 6.90 257739.75 3
2217767 28.10 99757.16 6.92 66545.36 4
2218517 28.21 99756.27 6.93 66649.31 5
2219267 28.26 99755.22 6.92 66805.84 6
2220016 28.32 99752.30 6.96 18991.10 7
2221266 28.46 99749.26 6.92 19076.01 9
2222265 28.43 99748.77 6.91 262093.67 1
2223765 28.05 99751.43 6.92 257545.27 2
2223765 28.05 99751.43 6.92 257545.27 2
2223765 28.05 99751.43 6.92 257545.27 2
2223765 28.05 99751.43 6.92 257545.27 2
2228013 27.91 99751.09 6.89 255234.30 3
2228513 28.09 99751.63 6.93 66184.08 4
2229263 28.21 99749.41 6.91 66493.51 5
2230012 28.25 99749.05 6.91 66493.51 6
2230762 28.32 99749.16 6.90 18940.52 7
2232012 28.45 99749.34 6.94 18974.21 9
2233011 28.43 99749.53 6.94 261091.28 1
2234511 28.04 99750.42 6.90 256770.31 2
2234511 28.04 99750.42 6.90 256770.31 2
2234511 28.04 99750.42 6.90 256770.31 2
2234511 28.04 99750.42 6.90 256770.31 2
2238509 27.91 99753.53 6.90 253339.94 3
2239259 28.08 99752.62 6.91 65826.69 4
2240008 28.20 99752.08 6.92 66081.57 5
2240758 28.25 99751.29 6.90 66235.45 6
2242008 28.40 99748.19 6.90 18856.81 8
2242757 28.45 99747.94 6.92 18906.94 9
2243757 28.42 99746.66 6.93 260493.52 1
2245257 28.04 99748.91 6.90 255616.58 2
2245257 28.04 99748.91 6.90 255616.58 2
2245257 28.04 99748.91 6.90 255616.58 2
2249255 27.90 99752.89 6.90 251473.48 3
2250005 28.07 99753.09 6.90 65473.14 4
2250754 28.20 99753.03 6.90 65877.51 5
2251504 28.25 99749.71 6.90 65979.38 6
2252254 28.30 99747.88 6.91 18806.94 7
2253503 28.43 99747.09 6.93 18806.94 9
2254503 28.41 99747.17 6.89 256770.31 1
2256002 28.03 99749.49 6.86 253152.05 2
2256002 28.03 99749.49 6.86 253152.05 2
2256002 28.03 99749.49 6.86 253152.05 2
2256002 28.03 99749.49 6.86 253152.05 2
2260001 27.90 99751.63 6.90 249817.03 3
2260750 28.07 99751.08 6.87 65173.12 4
2261500 28.19 99751.05 6.91 65272.82 5
2262250 28.23 99749.47 6.92 65473.14 6
2263499 28.38 99748.40 6.90 18790.37 8
2264249 28.43 99748.00 6.92 18691.59 9
2265248 28.41 99746.05 6.92 254853.16 1
2266748 28.03 99747.83 6.87 250550.53 2
2266748 28.03 99747.83 6.87 250550.53 2
2266748 28.03 99747.83 6.87 250550.53 2
2266748 28.03 99747.83 6.87 250550.53 2
2270746 27.89 99748.97 6.86 247283.27 3
2271496 28.07 99748.84 6.88 64679.13 4
2272246 28.18 99747.43 6.88 64777.33 5
2273495 28.30 99743.85 6.91 18577.65 7
2274245 28.38 99740.98 6.90 18724.40 8
2274994 28.42 99740.25 6.92 18610.06 9
2275994 28.40 99739.96 6.89 252030.52 1
2277244 28.02 99743.59 6.86 250183.23 2
2277244 28.02 99743.59 6.86 250183.23 2
2277244 28.02 99743.59 6.86 250183.23 2
2281492 27.88 99746.45 6.84 245858.34 3
2282242 28.05 99746.65 6.87 64532.39 4
2282991 28.18 99746.26 6.88 64581.23 5
2283491 28.22 99743.93 6.87 64826.54 6
2284241 28.29 99743.45 6.90 18497.11 7
2284991 28.37 99741.20 6.91 18529.24 8
2286490 28.44 99738.89 6.89 18610.06 0
2286740 28.39 99739.10 6.89 250366.75 1
2287990 28.01 99743.02 6.86 247104.25 2
2287990 28.01 99743.02 6.86 247104.25 2
2287990 28.01 99743.02 6.86 247104.25 2
2292238 27.88 99743.83 6.86 241851.67 3
2292988 28.05 99743.63 6.88 63523.57 4
2293737 28.17 99743.97 6.88 63856.32 5
2294237 28.21 99741.33 6.87 64289.30 6
2294987 28.28 99740.19 6.87 18481.09 7
2296486 28.41 99739.62 6.89 18481.09 9
2297486 28.39 99738.67 6.88 248906.17 1
2298735 28.00 99741.16 6.87 245858.34 2
2298735 28.00 99741.16 6.87 245858.34 2
2298735 28.00 99741.16 6.87 245858.34 2
2298735 28.00 99741.16 6.87 245858.34 2
2302983 27.87 99742.05 6.87 241851.67 3
2303733 28.04 99742.27 6.84 63054.19 4
2304483 28.16 99743.04 6.87 63904.14 5
2304983 28.21 99740.83 6.88 63713.29 6
2306482 28.36 99739.66 6.89 18481.09 8
2307232 28.40 99737.99 6.89 18417.27 9
2308231 28.38 99736.61 6.87 248182.27 1
2309481 28.00 99740.91 6.87 242366.86 2
2309481 28.00 99740.91 6.87 242366.86 2
2309481 28.00 99740.91 6.87 242366.86 2
2309481 28.00 99740.91 6.87 242366.86 2
2313729 27.86 99743.09 6.85 239308.25 3
2314479 28.04 99744.34 6.84 62868.37 4
2314979 28.16 99740.06 6.86 63429.14 5
2316478 28.27 99740.45 6.88 18290.94 7
2317228 28.35 99740.78 6.88 18290.94 8
2318477 28.42 99737.88 6.88 18369.69 0
2318977 28.38 99739.15 6.87 246568.75 1
2320227 28.00 99741.63 6.86 242023.16 2
2320227 28.00 99741.63 6.86 242023.16 2
2320227 28.00 99741.63 6.86 242023.16 2
2324475 27.86 99743.98 6.83 240319.17 3
2325225 28.03 99744.90 6.86 62637.63 4
2325725 28.15 99743.71 6.89 63100.81 5
2326474 28.19 99738.88 6.88 62868.37 6
2327224 28.27 99738.62 6.87 18120.04 7
2327974 28.35 99738.65 6.87 18228.43 8
2329473 28.37 99734.08 6.85 244100.13 1
2330973 27.99 99738.74 6.84 239981.25 2
2330973 27.99 99738.74 6.84 239981.25 2
2330973 27.99 99738.74 6.84 239981.25 2
2330973 27.99 99738.74 6.84 239981.25 2
2335221 27.86 99738.16 6.84 237146.83 3
2335721 28.03 99740.54 6.85 62226.54 4
2336470 28.15 99737.73 6.86 62500.00 5
2337220 28.19 99736.54 6.86 62775.87 6
2338720 28.35 99734.66 6.86 18197.33 8
2339220 28.39 99734.96 6.86 18166.34 9
2340219 28.37 99732.98 6.88 241168.16 1
2341719 27.99 99736.55 6.83 238805.97 2
2341719 27.99 99736.55 6.83 238805.97 2
2341719 27.99 99736.55 6.83 238805.97 2
2341719 27.99 99736.55 6.83 238805.97 2
2345967 27.85 99736.98 6.82 234862.39 3
2346467 28.03 99739.51 6.86 61865.64 4
2347216 28.14 99735.16 6.84 62408.58 5
2348716 28.26 99735.29 6.87 18073.99 7
2349465 28.34 99731.55 6.84 18058.69 8
2350715 28.41 99735.97 6.86 18058.69 0
2350965 28.36 99736.49 6.86 241509.44 1
2352464 27.99 99739.24 6.83 235836.02 2
2352464 27.99 99739.24 6.83 235836.02 2
2352464 27.99 99739.24 6.83 235836.02 2
2356712 27.85 99741.05 6.81 233896.75 3
2357212 28.02 99740.85 6.83 61508.89 4
2357962 28.14 99741.15 6.85 62045.57 5
2358712 28.18 99738.38 6.86 61776.06 6
2359461 28.26 99737.69 6.86 17907.11 7
2360711 28.38 99735.35 6.87 18028.17 9
2361711 28.36 99735.46 6.84 238472.28 1
2363210 27.97 99736.39 6.85 235024.09 2
2363210 27.97 99736.39 6.85 235024.09 2
2363210 27.97 99736.39 6.85 235024.09 2
2363210 27.97 99736.39 6.85 235024.09 2
2367208 27.85 99739.74 6.82 232146.91 3
2367958 28.02 99739.84 6.81 61642.19 4
2368708 28.14 99739.92 6.84 61820.82 5
2369458 28.18 99736.38 6.84 61955.47 6
2370707 28.33 99734.06 6.83 17892.09 8
2371457 28.38 99732.93 6.87 17892.09 9
2372456 28.36 99733.12 6.84 236325.88 1
2373956 27.97 99735.34 6.83 234057.14 2
2373956 27.97 99735.34 6.83 234057.14 2
2373956 27.97 99735.34 6.83 234057.14 2
2373956 27.97 99735.34 6.83 234057.14 2
2377954 27.85 99735.80 6.77 229031.53 3
2378704 28.02 99735.30 6.84 60850.96 4
2379453 28.13 99732.74 6.82 61553.26 5
2380703 28.25 99731.59 6.84 17758.05 7
2381453 28.33 99731.02 6.85 17892.09 8
2382203 28.38 99729.60 6.83 17862.13 9
2383202 28.35 99729.48 6.84 233576.64 1
2384452 27.97 99732.94 6.80 232304.91 2
2384452 27.97 99732.94 6.80 232304.91 2
2384452 27.97 99732.94 6.80 232304.91 2
2388700 27.84 99733.59 6.80 227960.81 3
2389450 28.02 99734.34 6.83 60462.92 4
2390199 28.13 99730.94 6.83 60850.96 5
2390949 28.18 99730.04 6.84 60677.89 6
2391449 28.24 99729.00 6.82 17669.79 7
2392199 28.32 99728.71 6.84 17832.27 8
2393698 28.39 99727.23 6.85 17832.27 0
2393948 28.35 99728.20 6.85 232463.11 1
2395197 27.97 99730.93 6.80 230112.36 2
2395197 27.97 99730.93 6.80 230112.36 2
2395197 27.97 99730.93 6.80 230112.36 2
2399446 27.83 99732.06 6.79 225104.42 3
2400195 28.00 99730.40 6.81 59995.31 4
2400945 28.13 99729.25 6.85 60505.79 5
2401445 28.18 99728.81 6.80 60634.77 6
2402195 28.24 99726.55 6.83 17611.45 7
2403694 28.36 99724.66 6.85 17743.28 9
2404694 28.34 99724.45 6.84 231674.20 1
2405943 27.96 99727.79 6.80 229185.31 2
2405943 27.96 99727.79 6.80 229185.31 2
2405943 27.96 99727.79 6.80 229185.31 2
2405943 27.96 99727.79 6.80 229185.31 2
2410191 27.83 99729.82 6.81 225699.80 3
2410941 28.00 99729.01 6.82 60122.13 4
2411691 28.12 99725.96 6.83 60122.13 5
2412191 28.17 99726.02 6.82 60591.71 6
2413690 28.32 99725.59 6.82 17611.45 8
2414440 28.36 99724.15 6.83 17626.00 9
2415440 28.34 99722.55 6.84 229493.50 1
2416689 27.96 99725.39 6.82 226148.41 2
2416689 27.96 99725.39 6.82 226148.41 2
2416689 27.96 99725.39 6.82 226148.41 2
2416689 27.96 99725.39 6.82 226148.41 2
2420937 27.82 99726.12 6.81 223336.97 3
2421687 27.99 99725.52 6.80 59410.54 4
2422187 28.11 99723.74 6.82 60037.52 5
2423686 28.23 99722.02 6.84 17467.25 7
2424436 28.31 99720.47 6.84 17539.05 8
2425685 28.38 99718.69 6.86 17582.42 0
2426186 28.33 99718.23 6.83 227960.81 1
2427435 27.96 99721.79 6.80 224807.91 2
2427435 27.96 99721.79 6.80 224807.91 2
2427435 27.96 99721.79 6.80 224807.91 2
2431683 27.82 99721.20 6.81 220880.06 3
2432433 27.99 99720.77 6.81 59245.55 4
2432933 28.11 99719.83 6.81 59995.31 5
2433682 28.16 99717.73 6.82 59701.49 6
2434432 28.23 99717.25 6.81 17396.03 7
2435931 28.35 99715.53 6.84 17553.48 9
2436681 28.33 99714.36 6.84 226900.06 1
2438181 27.95 99719.88 6.81 223776.22 2
2438181 27.95 99719.88 6.81 223776.22 2
2438181 27.95 99719.88 6.81 223776.22 2
2438181 27.95 99719.88 6.81 223776.22 2
2442429 27.82 99720.77 6.79 220594.58 3
2443179 27.99 99719.09 6.79 59204.44 4
2443678 28.11 99718.45 6.81 59451.93 5
2444428 28.15 99718.09 6.80 59618.07 6
2445928 28.30 99715.96 6.81 17452.96 8
2446428 28.35 99714.84 6.81 17438.69 9
2447427 28.33 99714.13 6.80 225252.97 1
2448926 27.94 99715.76 6.81 221453.28 2
2448926 27.94 99715.76 6.81 221453.28 2
2448926 27.94 99715.76 6.81 221453.28 2
2448926 27.94 99715.76 6.81 221453.28 2
2453175 27.81 99720.35 6.77 217502.13 3
2453674 27.98 99718.27 6.81 58634.91 4
2454424 28.09 99715.83 6.81 59081.47 5
2455924 28.21 99714.71 6.82 17325.39 7
2456673 28.30 99713.90 6.84 17297.30 8
2457923 28.36 99712.11 6.83 17367.71 0
2458173 28.31 99712.15 6.83 223190.94 1
2459672 27.93 99716.02 6.79 219742.48 2
2459672 27.93 99716.02 6.79 219742.48 2
2459672 27.93 99716.02 6.79 219742.48 2
2463921 27.80 99718.44 6.79 217779.67 3
2464420 27.98 99720.08 6.79 58155.38 4
2465170 28.09 99717.60 6.81 58837.05 5
2465920 28.14 99717.99 6.80 58877.64 6
2466670 28.20 99715.88 6.82 17269.29 7
2467919 28.34 99714.56 6.83 17339.47 9
2468919 28.31 99715.66 6.81 221453.28 1
2470418 27.93 99720.23 6.79 219178.08 2
2470418 27.93 99720.23 6.79 219178.08 2
2470418 27.93 99720.23 6.79 219178.08 2
2470418 27.93 99720.23 6.79 219178.08 2
2474416 27.80 99721.32 6.77 216124.95 3
2475166 27.97 99722.32 6.78 57879.27 4
2475916 28.09 99720.02 6.78 58394.16 5
2476666 28.13 99719.52 6.81 58634.91 6
2477915 28.29 99716.74 6.80 17241.38 8
2478665 28.34 99717.98 6.79 17213.56 9
2479664 28.31 99717.70 6.82 220737.23 1
2481164 27.92 99718.34 6.77 215988.19 2
2481164 27.92 99718.34 6.77 215988.19 2
2481164 27.92 99718.34 6.77 215988.19 2
2481164 27.92 99718.34 6.77 215988.19 2
2485162 27.80 99722.59 6.77 213155.70 3
2485912 27.96 99720.49 6.77 57800.86 4
2486661 28.08 99718.52 6.79 57957.89 5
2487411 28.13 99718.91 6.80 58314.35 6
2488661 28.28 99718.49 6.81 17130.62 8
2489411 28.33 99717.86 6.81 17158.18 9
2490410 28.30 99716.64 6.79 218616.56 1
2491910 27.92 99716.73 6.78 215578.95 2
2491910 27.92 99716.73 6.78 215578.95 2
2491910 27.92 99716.73 6.78 215578.95 2
2495908 27.79 99718.44 6.77 212492.22 3
2496657 27.95 99716.35 6.77 57450.63 4
2497407 28.07 99714.57 6.79 57605.76 5
2498157 28.12 99715.37 6.80 57840.04 6
2498657 28.19 99713.94 6.79 17007.71 7
2499406 28.28 99714.71 6.79 17116.88 8
2500906 28.35 99710.90 6.80 17116.88 0
