=~=~=~=~=~=~=~=~=~=~=~= PuTTY log 2024.11.24 20:15:09 =~=~=~=~=~=~=~=~=~=~=~=
20910 33.70 98260.53 46.52 409436.22 6
21659 33.78 98261.91 46.49 84544.25 7
22409 33.87 98262.72 46.43 90363.57 8
22909 33.92 98261.45 46.42 95754.63 9
23659 33.94 98262.08 46.37 98803.55 0
23909 33.86 98262.49 46.31 5199619.00 1
25408 33.41 98263.84 46.24 4438905.50 2
29656 33.30 98265.22 46.45 6083921.50 3
30156 33.52 98263.71 46.54 464926.22 4
30906 33.64 98262.95 46.55 436394.63 5
31655 33.70 98265.92 46.49 414658.84 6
32405 33.79 98269.30 46.49 85049.84 7
33155 33.88 98270.35 46.42 89887.64 8
33655 33.92 98270.13 46.38 95061.27 9
34404 33.94 98269.32 46.34 98065.51 0
34654 33.87 98271.36 46.28 5170085.00 1
36154 33.43 98270.66 46.20 4438905.50 2
40402 33.30 98266.55 46.43 6046872.00 3
41152 33.53 98265.66 46.55 462406.88 4
41651 33.65 98265.63 46.52 432797.97 5
42401 33.71 98267.70 46.50 408945.69 6
43151 33.80 98267.93 46.49 83632.80 7
43901 33.89 98268.89 46.46 88858.04 8
44650 33.93 98268.88 46.40 94534.71 9
45150 33.95 98267.74 46.32 97282.92 0
45650 33.87 98267.38 46.29 5045888.50 1
46900 33.43 98269.77 46.23 4357447.00 2
51148 33.30 98270.93 46.41 5882944.50 3
51897 33.53 98271.07 46.50 456836.94 4
52647 33.66 98271.64 46.49 425249.16 5
53147 33.71 98272.30 46.49 401253.91 6
53897 33.80 98274.21 46.49 82821.09 7
54647 33.88 98270.60 46.44 88306.31 8
55396 33.93 98269.76 46.42 91330.72 9
56146 33.95 98269.49 46.36 95167.29 0
56396 33.87 98269.38 46.29 4945366.50 1
57645 33.43 98269.63 46.20 4275574.00 2
61894 33.30 98267.92 46.42 5783268.50 3
62643 33.53 98268.91 46.50 449912.13 4
63393 33.66 98270.66 46.51 418728.28 5
63893 33.71 98276.17 46.48 396822.31 6
64643 33.79 98276.88 46.46 81710.82 7
65392 33.88 98278.45 46.42 86253.37 8
66142 33.93 98280.00 46.38 90555.36 9
66892 33.95 98279.88 46.36 94639.55 0
67142 33.87 98280.45 46.28 4840177.50 1
68391 33.43 98280.44 46.18 4187068.75 2
72639 33.30 98271.95 46.39 5657458.50 3
73389 33.53 98272.49 46.48 444637.44 4
74139 33.65 98271.70 46.49 416175.56 5
74889 33.71 98272.91 46.47 391362.50 6
75389 33.79 98270.96 46.41 80629.92 7
76138 33.89 98270.80 46.42 85647.38 8
76888 33.92 98267.50 46.37 89229.70 9
77638 33.94 98267.55 46.35 91526.63 0
77888 33.87 98270.30 46.25 4735260.00 1
79137 33.43 98270.57 46.18 4099074.25 2
83385 33.30 98278.34 46.42 5622512.00 3
84135 33.52 98277.39 46.46 437513.34 4
84884 33.65 98279.20 46.46 406995.22 5
85634 33.70 98279.25 46.46 387365.25 6
86134 33.79 98282.69 46.40 79651.52 7
86884 33.88 98283.12 46.40 84210.52 8
87633 33.92 98282.52 46.39 87942.29 9
88383 33.94 98283.59 46.30 90077.41 0
88633 33.86 98283.22 46.22 4603540.50 1
90132 33.42 98281.44 46.16 4059464.75 2
94131 33.29 98276.07 46.41 5559552.00 3
94880 33.52 98274.91 46.43 432797.97 4
95630 33.64 98274.52 46.49 400782.78 5
96380 33.70 98277.79 46.43 381733.47 6
97130 33.78 98279.56 46.41 79061.15 7
97630 33.87 98281.17 46.39 83062.95 8
98379 33.91 98283.13 46.29 86779.66 9
99129 33.93 98284.84 46.28 89043.48 0
99379 33.86 98285.28 46.22 4542279.00 1
100878 33.41 98281.82 46.15 3982498.75 2
104876 33.29 98274.88 46.33 5509078.50 3
105626 33.51 98274.84 46.38 426844.53 4
106376 33.63 98274.29 46.40 397284.19 5
107126 33.68 98274.31 46.40 376263.09 6
107875 33.77 98275.02 46.36 77906.27 7
108375 33.86 98278.45 46.33 82740.79 8
109125 33.90 98278.92 46.32 85475.80 9
109875 33.93 98282.16 46.26 88489.46 0
110124 33.85 98283.60 46.17 4428108.00 1
111624 33.40 98278.17 46.08 3905602.00 2
115872 33.27 98275.11 46.32 5454061.50 3
116372 33.49 98269.42 46.37 421572.66 4
117121 33.62 98268.56 46.37 392036.75 5
117871 33.67 98274.43 46.34 364542.53 6
118621 33.76 98275.64 46.37 77131.66 7
119371 33.85 98278.61 46.34 81399.05 8
119871 33.89 98278.73 46.26 85049.84 9
120620 33.91 98279.40 46.23 87134.10 0
120870 33.84 98281.33 46.16 4326379.50 1
122370 33.39 98277.99 46.09 3864151.00 2
126618 33.26 98278.47 46.27 5378857.50 3
127367 33.48 98279.88 46.35 415922.00 4
127867 33.61 98278.71 46.34 388246.44 5
128617 33.66 98277.68 46.32 359172.22 6
129367 33.75 98276.49 46.30 76304.02 7
130116 33.84 98278.34 46.27 80935.82 8
130866 33.88 98279.21 46.20 83550.91 9
131366 33.91 98279.96 46.15 86515.71 0
131616 33.83 98280.81 46.16 4258903.00 1
133115 33.38 98282.76 46.04 3765571.25 2
137364 33.25 98279.09 46.23 5300550.00 3
138113 33.47 98277.78 46.31 410174.25 4
138613 33.61 98279.74 46.27 380881.53 5
139363 33.65 98278.82 46.27 353225.25 6
140112 33.74 98281.73 46.25 74963.40 7
140862 33.82 98281.19 46.21 79651.52 8
141612 33.87 98283.52 46.18 82421.12 9
142112 33.89 98283.94 46.10 85647.38 0
142612 33.82 98284.51 46.14 4161544.25 1
143861 33.37 98282.90 45.98 3750057.25 2
148109 33.25 98280.09 46.20 5244558.50 3
148859 33.46 98278.70 46.27 405063.28 4
149609 33.59 98275.57 46.27 368477.88 5
150109 33.63 98272.98 46.27 349607.38 6
150858 33.72 98273.48 46.23 74570.34 7
151608 33.81 98273.99 46.19 79207.92 8
152358 33.86 98274.39 46.15 81632.66 9
153107 33.88 98274.40 46.10 84210.52 0
153357 33.80 98274.23 46.05 4096000.00 1
154607 33.36 98273.31 45.94 3681797.75 2
158855 33.22 98276.06 46.14 5194673.50 3
159605 33.45 98275.51 46.23 401018.22 4
160355 33.57 98277.48 46.23 364153.63 5
160855 33.62 98277.65 46.23 344665.09 6
161604 33.71 98277.35 46.17 73542.09 7
162354 33.80 98279.45 46.10 77481.84 8
163104 33.84 98278.23 46.13 80859.13 9
163853 33.87 98277.02 46.04 83306.22 0
164103 33.79 98278.09 46.01 4029513.00 1
165353 33.34 98277.21 45.89 3642507.75 2
169601 33.21 98275.70 46.14 5170085.00 3
170351 33.44 98273.20 46.18 395672.34 4
171100 33.57 98272.02 46.20 363765.53 5
171850 33.61 98269.81 46.15 341561.03 6
172350 33.70 98267.91 46.14 72789.31 7
173100 33.79 98270.98 46.11 77062.01 8
173849 33.83 98273.88 46.06 80250.78 9
174599 33.86 98274.52 46.00 82821.09 0
174849 33.78 98276.19 45.97 3925251.50 1
176099 33.33 98273.84 45.84 3608810.50 2
180347 33.20 98274.48 46.05 5078735.50 3
181097 33.43 98274.22 46.12 392262.03 4
181847 33.55 98274.15 46.12 355432.16 5
182596 33.60 98272.77 46.11 338512.41 6
183096 33.69 98275.26 46.08 71748.88 7
183846 33.77 98275.63 46.05 76099.88 8
184596 33.82 98277.31 46.00 79429.10 9
185345 33.84 98279.12 45.94 81089.64 0
185595 33.76 98279.03 45.92 3905602.00 1
187095 33.32 98278.34 45.82 3547856.25 2
191093 33.19 98278.04 45.98 5050555.00 3
191843 33.41 98279.40 46.07 387585.16 4
192592 33.54 98278.88 46.09 352495.69 5
193342 33.59 98277.48 46.06 334531.19 6
194092 33.66 98276.05 46.01 71388.73 7
194592 33.76 98276.86 46.02 75694.85 8
195341 33.80 98275.64 45.96 78769.23 9
196091 33.83 98275.95 45.93 81012.66 0
196341 33.75 98277.60 45.83 3810232.50 1
197841 33.30 98274.30 45.78 3488926.75 2
202089 33.18 98274.24 45.96 4995122.00 3
202588 33.39 98274.80 46.06 384962.41 4
203338 33.52 98274.65 46.01 349607.38 5
204088 33.57 98273.23 46.00 334531.19 6
204838 33.66 98274.95 46.00 70679.18 7
205338 33.75 98274.93 45.92 74700.91 8
206087 33.79 98277.81 45.89 77835.21 9
206837 33.81 98276.41 45.85 80100.13 0
207087 33.73 98275.45 45.80 3742348.00 1
208587 33.29 98275.95 45.73 3457999.25 2
212835 33.16 98273.17 45.91 4976913.50 3
213335 33.38 98272.12 45.96 381733.47 4
214084 33.51 98271.50 45.98 346414.06 5
214834 33.55 98268.60 45.98 326843.28 6
215584 33.64 98271.26 45.93 69584.13 7
216333 33.73 98273.98 45.91 73924.34 8
216833 33.77 98275.45 45.82 76992.48 9
217583 33.80 98274.70 45.77 79577.24 0
217833 33.72 98274.08 45.77 3699255.00 1
219332 33.27 98276.30 45.65 3449263.25 2
223580 33.14 98288.22 45.81 4896593.00 3
224330 33.37 98287.25 45.93 366893.59 4
224830 33.49 98285.13 45.94 342589.50 5
225580 33.54 98278.84 45.86 324358.56 6
226330 33.63 98272.90 45.90 69470.83 7
227079 33.71 98277.69 45.85 73924.34 8
227829 33.76 98281.25 45.84 76577.92 9
228329 33.79 98280.28 45.76 78769.23 0
228579 33.71 98279.75 45.71 3657142.75 1
230078 33.26 98273.40 45.62 3393537.75 2
234326 33.12 98273.89 45.82 4879094.50 3
235076 33.34 98274.09 45.84 366499.66 4
235576 33.48 98274.71 45.87 339860.59 5
236325 33.52 98272.81 45.85 322215.22 6
237075 33.61 98274.41 45.83 69077.17 7
237825 33.70 98277.66 45.76 72913.70 8
238575 33.74 98279.42 45.75 76099.88 9
239074 33.77 98279.72 45.70 77906.27 0
239574 33.68 98279.81 45.65 3557099.50 1
240824 33.24 98271.05 45.56 3360131.25 2
245072 33.11 98270.18 45.76 4827342.50 3
245822 33.33 98269.40 45.82 363378.28 4
246571 33.46 98264.95 45.81 336842.09 5
247071 33.51 98262.29 45.80 320400.50 6
247821 33.60 98263.90 45.74 67922.52 7
248571 33.68 98269.93 45.74 72357.27 8
249320 33.73 98273.59 45.70 75029.30 9
250070 33.75 98275.04 45.68 77062.01 0
250320 33.67 98277.13 45.60 3513617.75 1
251569 33.23 98275.97 45.49 3341627.50 2
255818 33.10 98266.78 45.71 4801875.50 3
256567 33.32 98270.60 45.77 357666.78 4
257317 33.45 98271.53 45.77 334859.38 5
257817 33.49 98268.84 45.76 314496.31 6
258567 33.58 98270.59 45.73 67599.68 7
259316 33.66 98269.98 45.68 71448.51 8
260066 33.71 98270.35 45.70 74700.91 9
260816 33.73 98270.73 45.64 76509.27 0
261066 33.66 98272.20 45.58 3460190.00 1
262316 33.21 98272.27 45.48 3319286.75 2
266564 33.08 98267.70 45.70 4751740.00 3
267314 33.30 98269.27 45.73 355802.66 4
268063 33.43 98271.46 45.73 329684.47 5
268813 33.47 98271.65 45.70 314496.31 6
269313 33.56 98271.82 45.70 67068.38 7
270063 33.65 98271.31 45.64 71269.48 8
270812 33.70 98270.50 45.58 73796.48 9
271562 33.72 98270.16 45.54 75627.77 0
271812 33.64 98269.46 45.51 3421173.50 1
273061 33.20 98268.70 45.42 3281394.00 2
277310 33.07 98266.56 45.61 4706693.50 3
278059 33.29 98267.73 45.68 355802.66 4
278809 33.41 98267.13 45.73 325907.06 5
279559 33.46 98267.45 45.65 309365.56 6
280059 33.54 98265.64 45.66 67226.89 7
280808 33.63 98264.76 45.59 70679.18 8
281558 33.68 98264.75 45.58 73289.44 9
282308 33.70 98266.30 45.51 75161.48 0
282558 33.63 98268.08 45.49 3385124.00 1
284057 33.18 98266.32 45.39 3265696.75 2
288055 33.05 98263.23 45.59 4670467.50 3
288805 33.27 98265.44 45.62 351407.00 4
289555 33.39 98265.93 45.63 324976.19 5
290304 33.44 98266.12 45.60 308805.78 6
291054 33.52 98265.85 45.57 66338.43 7
291554 33.62 98265.23 45.57 69811.84 8
292303 33.65 98264.75 45.53 72727.27 9
293053 33.69 98265.85 45.46 74700.91 0
293303 33.61 98265.87 45.43 3323326.50 1
294803 33.16 98262.96 45.31 3242430.25 2
298801 33.03 98253.06 45.52 4623025.00 3
299551 33.25 98255.45 45.60 346062.84 4
300300 33.38 98258.33 45.59 322519.69 5
301050 33.43 98258.43 45.56 306037.06 6
301800 33.51 98259.98 45.56 66235.45 7
302300 33.60 98260.88 45.52 69245.34 8
303049 33.64 98260.95 45.49 72051.79 9
303799 33.66 98261.23 45.43 74375.36 0
304049 33.59 98262.05 45.39 3311236.75 1
305549 33.14 98262.48 45.31 3234748.25 2
309797 33.01 98258.40 45.51 4591928.50 3
310297 33.23 98259.74 45.57 349607.38 4
311046 33.37 98262.42 45.57 321911.34 5
311796 33.41 98263.46 45.48 303317.53 6
312546 33.49 98262.41 45.52 65372.83 7
313296 33.58 98262.91 45.47 69133.13 8
313796 33.63 98261.55 45.40 72173.66 9
314545 33.65 98258.68 45.34 74052.65 0
314795 33.57 98260.63 45.33 3232833.50 1
316295 33.13 98257.20 45.25 3189410.25 2
320543 32.99 98251.88 45.44 4576536.50 3
321043 33.22 98253.02 45.52 342246.00 4
321792 33.35 98254.23 45.51 318903.78 5
322542 33.39 98252.52 45.51 301708.91 6
323292 33.48 98250.21 45.45 65024.13 7
324041 33.57 98252.30 45.44 68412.62 8
324541 33.61 98252.27 45.40 71688.60 9
325291 33.63 98252.80 45.37 73226.55 0
325541 33.55 98254.58 45.28 3255961.75 1
327040 33.11 98254.76 45.21 3204381.00 2
331288 32.98 98251.02 45.40 4515987.00 3
332038 33.21 98253.39 45.46 341219.59 4
332538 33.33 98254.70 45.46 315659.69 5
333288 33.38 98254.01 45.45 298803.63 6
334038 33.46 98254.72 45.44 64875.82 7
334787 33.55 98255.38 45.41 67976.63 8
335537 33.59 98256.38 45.34 71269.48 9
336037 33.62 98255.55 45.25 72976.05 0
336287 33.54 98255.57 45.27 3185689.25 1
337786 33.10 98253.12 45.16 3174578.50 2
342034 32.96 98250.65 45.35 4508530.50 3
342784 33.19 98252.14 45.40 338512.41 4
343284 33.32 98252.40 45.42 313054.13 5
344034 33.36 98251.38 45.39 295697.38 6
344783 33.44 98249.89 45.39 63570.89 7
345533 33.53 98249.77 45.37 67653.27 8
346283 33.57 98249.80 45.30 69983.59 9
346783 33.60 98250.07 45.26 72665.34 0
347283 33.52 98250.23 45.23 3158057.00 1
348532 33.08 98251.30 45.12 3159884.25 2
352780 32.95 98247.41 45.33 4435300.50 3
353530 33.18 98249.48 45.37 336510.03 4
354280 33.29 98249.09 45.37 312480.94 5
354780 33.34 98250.52 45.33 297760.97 6
355529 33.43 98249.20 45.35 63334.98 7
356279 33.51 98248.98 45.30 67121.13 8
357029 33.56 98251.04 45.26 69868.99 9
357779 33.58 98250.37 45.19 71930.32 0
358029 33.51 98252.26 45.15 3102442.75 1
359278 33.07 98253.02 45.09 3121951.25 2
363526 32.93 98251.88 45.28 4406670.50 3
364276 33.16 98252.29 45.36 334859.38 4
365026 33.29 98252.79 45.34 310491.22 5
365525 33.32 98251.78 45.34 291157.25 6
366275 33.42 98250.99 45.28 63288.01 7
367025 33.50 98250.66 45.25 67015.70 8
367775 33.55 98251.00 45.23 68854.23 9
368524 33.57 98248.74 45.19 71329.06 0
368774 33.49 98250.16 45.16 3079699.25 1
370024 33.04 98249.65 45.07 3129106.25 2
374272 32.91 98244.70 45.21 4392493.50 3
375022 33.13 98247.48 45.32 332251.78 4
375771 33.27 98249.73 45.31 307692.31 5
376521 33.31 98250.86 45.30 293409.75 6
377021 33.39 98251.10 45.31 62729.72 7
377771 33.48 98249.14 45.23 66338.43 8
378520 33.52 98249.54 45.24 69133.13 9
379270 33.55 98251.57 45.16 71150.64 0
379520 33.47 98251.22 45.12 2973502.75 1
381019 33.02 98245.98 45.01 3105971.50 2
385018 32.89 98244.84 45.21 4360926.50 3
385767 33.12 98244.67 45.28 329366.34 4
386517 33.25 98243.15 45.24 307138.56 5
387267 33.29 98242.03 45.24 288939.06 6
388017 33.38 98243.24 45.22 62408.58 7
388517 33.46 98243.03 45.19 66030.44 8
389266 33.51 98245.53 45.15 68467.51 9
390016 33.54 98247.26 45.11 70329.67 0
390266 33.45 98247.73 45.09 2947823.00 1
391765 33.01 98243.35 44.98 3105971.50 2
395763 32.87 98238.63 45.15 4292376.00 3
396513 33.10 98241.15 45.23 328731.94 4
397263 33.23 98241.94 45.22 303857.56 5
398013 33.27 98240.18 45.22 285794.03 6
398762 33.36 98240.30 45.19 62181.20 7
399262 33.44 98240.76 45.16 65473.14 8
400012 33.49 98240.52 45.16 68030.83 9
400762 33.51 98241.48 45.07 70213.93 0
401012 33.44 98242.42 45.03 2907026.25 1
402511 32.99 98240.53 44.96 3074498.00 2
406759 32.86 98234.36 45.14 4289005.00 3
407259 33.09 98236.17 45.21 323436.50 4
408009 33.22 98237.27 45.20 302511.09 5
408759 33.27 98234.54 45.18 286513.72 6
409508 33.34 98231.09 45.19 61686.75 7
410258 33.43 98230.63 45.15 65422.95 8
410758 33.47 98230.91 45.10 67814.57 9
411508 33.49 98230.20 45.02 69527.43 0
411758 33.42 98231.55 45.01 2897771.50 1
413257 32.97 98230.02 44.91 3057286.75 2
417505 32.84 98231.57 45.10 4229220.50 3
418005 33.07 98234.90 45.15 322824.72 4
418755 33.20 98237.38 45.16 302779.41 5
419504 33.25 98237.09 45.17 282015.97 6
420254 33.32 98241.06 45.13 61642.19 7
421004 33.41 98240.99 45.11 64728.19 8
421504 33.45 98235.47 45.06 67226.89 9
422253 33.48 98234.63 44.96 69077.17 0
422503 33.40 98234.39 44.97 2876404.50 1
424002 32.95 98231.04 44.88 3076229.75 2
428251 32.82 98222.11 45.05 4239068.50 3
429000 33.05 98224.95 45.12 321911.34 4
429500 33.18 98227.80 45.14 300117.22 5
430250 33.23 98232.13 45.10 282015.97 6
431000 33.31 98228.35 45.08 60591.71 7
431749 33.39 98228.06 45.06 64875.82 8
432499 33.44 98226.67 44.98 66910.61 9
432999 33.46 98227.70 44.96 69077.17 0
433249 33.39 98228.74 44.89 2840499.25 1
434748 32.95 98233.31 44.77 2996342.25 2
438997 32.81 98239.51 45.01 4171079.50 3
439746 33.04 98239.66 45.09 319202.00 4
440246 33.16 98239.82 45.07 297501.44 5
440996 33.21 98237.38 45.05 280855.72 6
441746 33.29 98237.16 45.07 60462.92 7
442495 33.38 98236.71 45.02 63665.75 8
443245 33.42 98235.21 44.94 66701.41 9
443745 33.45 98234.72 44.89 68357.81 0
444245 33.37 98235.66 44.90 2817056.50 1
445494 32.93 98232.57 44.76 2989781.00 2
449742 32.79 98227.08 44.97 4126952.25 3
450492 33.02 98228.52 45.01 318903.78 4
451242 33.14 98229.47 45.02 293915.03 5
451742 33.20 98230.67 45.02 278563.66 6
452491 33.28 98231.20 44.99 59911.07 7
453241 33.36 98231.33 44.98 63760.90 8
453991 33.41 98229.78 44.92 66441.73 9
454741 33.43 98228.77 44.92 68030.83 0
454991 33.36 98229.73 44.81 2776949.25 1
456240 32.91 98227.84 44.68 2979992.75 2
460488 32.78 98228.35 44.94 4117617.50 3
461238 33.00 98230.77 44.93 317716.41 4
461988 33.13 98228.58 44.98 292906.19 5
462737 33.18 98229.00 44.94 280624.84 6
463237 33.27 98230.02 44.96 59953.16 7
463987 33.35 98228.97 44.92 63147.51 8
464737 33.39 98229.34 44.82 66132.78 9
465486 33.42 98228.80 44.82 67976.63 0
465736 33.34 98228.48 44.79 2757320.75 1
466986 32.89 98226.34 44.70 2951008.75 2
471234 32.76 98228.13 44.87 4059464.75 3
471984 32.98 98228.28 44.90 313341.50 4
472734 33.11 98230.77 44.95 292154.06 5
473483 33.16 98230.61 44.91 275862.06 6
473983 33.25 98230.48 44.89 59410.54 7
474733 33.33 98228.44 44.85 62591.69 8
475482 33.38 98229.22 44.77 65322.79 9
476232 33.40 98226.99 44.78 67173.97 0
476482 33.32 98228.54 44.72 2729756.75 1
477981 32.88 98226.34 44.65 2989781.00 2
481980 32.75 98224.63 44.81 4035468.00 3
482730 32.97 98224.13 44.88 312480.94 4
483479 33.10 98226.45 44.87 292154.06 5
484229 33.15 98225.18 44.83 274973.16 6
484979 33.23 98224.06 44.83 59743.29 7
485478 33.32 98225.27 44.78 62591.69 8
486228 33.36 98224.55 44.77 65422.95 9
486978 33.38 98223.04 44.72 66858.19 0
487228 33.31 98225.20 44.66 2727030.75 1
488727 32.86 98225.73 44.56 2986511.00 2
492725 32.72 98226.71 44.73 4008808.50 3
493475 32.95 98229.50 44.81 311625.06 4
494225 33.09 98231.27 44.82 287964.00 5
494975 33.13 98232.45 44.79 275416.91 6
495724 33.22 98231.68 44.78 59245.55 7
496224 33.29 98223.83 44.76 62362.97 8
496974 33.34 98224.81 44.72 64974.62 9
497724 33.36 98223.70 44.62 66701.41 0
497974 33.29 98225.48 44.59 2692080.25 1
499473 32.85 98223.34 44.53 2973502.75 2
503721 32.71 98221.05 44.68 3988315.50 3
504221 32.94 98220.86 44.74 307969.94 4
504971 33.07 98221.75 44.76 288939.06 5
505721 33.12 98223.09 44.76 274089.94 6
506471 33.20 98219.42 44.68 58594.64 7
507220 33.29 98216.52 44.68 61910.52 8
507720 33.32 98216.98 44.67 64483.63 9
508470 33.36 98217.04 44.61 66753.59 0
508720 33.28 98218.36 44.57 2686782.50 1
510219 32.83 98215.11 44.45 2951008.75 2
514467 32.70 98212.13 44.64 3945100.00 3
514967 32.92 98214.20 44.69 308805.78 4
515717 33.05 98214.59 44.68 289920.72 5
516466 33.10 98213.97 44.66 270827.81 6
517216 33.18 98212.77 44.65 58314.35 7
517966 33.27 98212.38 44.62 61820.82 8
518466 33.32 98213.33 44.55 64192.58 9
519215 33.33 98211.55 44.51 66132.78 0
519465 33.26 98214.25 44.48 2665799.00 1
520965 32.81 98213.84 44.39 2944644.25 2
525213 32.68 98209.80 44.53 3902810.75 3
525963 32.90 98211.43 44.60 306037.06 4
526463 33.03 98210.54 44.61 283892.44 5
527212 33.08 98210.91 44.63 270613.09 6
527962 33.17 98207.95 44.61 58155.38 7
528712 33.25 98210.88 44.53 61420.34 8
529461 33.30 98209.25 44.51 64144.32 9
529961 33.32 98207.80 44.45 65826.69 0
530211 33.24 98207.68 44.43 2642580.75 1
531711 32.80 98202.04 44.30 2976744.25 2
535959 32.66 98202.56 44.46 3861418.75 3
536709 32.89 98204.87 44.54 305762.91 4
537208 33.01 98207.58 44.52 283656.50 5
537958 33.07 98210.91 44.48 269119.59 6
538708 33.14 98210.60 44.51 58115.78 7
539458 33.23 98209.89 44.45 61068.70 8
540207 33.28 98208.45 44.39 63382.02 9
540707 33.31 98208.20 44.38 65422.95 0
541207 33.23 98210.50 44.36 2602287.25 1
542456 32.78 98207.37 44.25 2944644.25 2
546705 32.65 98204.94 44.40 3866887.00 3
547454 32.88 98207.79 44.44 305489.25 4
548204 33.00 98209.23 44.46 284365.47 5
548704 33.05 98210.41 44.44 266805.63 6
549454 33.14 98209.62 44.46 57644.68 7
550203 33.22 98210.59 44.39 60721.06 8
550953 33.27 98209.30 44.34 63382.02 9
551703 33.29 98209.16 44.30 65473.14 0
551953 33.21 98208.28 44.25 2602287.25 1
553202 32.76 98205.85 44.17 2967041.00 2
557450 32.63 98203.09 44.31 3826249.50 3
558200 32.86 98203.43 44.37 302779.41 4
558950 32.98 98203.13 44.40 279475.97 5
559450 33.04 98204.20 44.36 264736.31 6
560199 33.12 98205.43 44.36 57644.68 7
560949 33.20 98203.97 44.33 60505.79 8
561699 33.25 98204.05 44.29 63100.81 9
562449 33.27 98203.59 44.25 64679.13 0
562699 33.20 98205.56 44.18 2592405.00 1
563948 32.75 98203.49 44.08 2963820.50 2
568196 32.62 98203.83 44.24 3765571.25 3
568946 32.84 98206.45 44.32 299853.59 4
569696 32.97 98205.45 44.34 280394.31 5
570445 33.02 98207.39 44.31 263306.75 6
570945 33.11 98206.59 44.27 57219.49 7
571695 33.19 98205.86 44.26 60037.52 8
572445 33.24 98205.66 44.25 63382.02 9
573194 33.26 98205.78 44.19 64826.54 0
573445 33.18 98206.29 44.14 2558401.00 1
574944 32.73 98204.05 44.03 2986511.00 2
578942 32.61 98205.47 44.20 3747484.00 3
579692 32.82 98203.06 44.26 299327.69 4
580442 32.95 98202.02 44.27 276981.34 5
581191 33.00 98202.77 44.25 263103.81 6
581941 33.09 98204.98 44.24 56876.25 7
582441 33.18 98205.36 44.19 60377.36 8
583191 33.22 98206.31 44.17 62591.69 9
583940 33.24 98205.13 44.11 64777.33 0
584190 33.16 98206.13 44.11 2563204.00 1
585690 32.72 98201.60 43.96 2967041.00 2
589688 32.58 98201.84 44.13 3716878.50 3
590438 32.81 98201.83 44.20 299065.41 4
591188 32.94 98204.01 44.24 277883.31 5
591937 32.98 98202.99 44.18 262093.67 6
592687 33.07 98201.32 44.15 56649.70 7
593187 33.16 98201.65 44.16 60164.51 8
593937 33.20 98202.91 44.06 62500.00 9
594686 33.23 98203.06 44.06 64096.14 0
594936 33.15 98204.01 44.02 2532303.00 1
596436 32.71 98203.80 43.91 2979992.75 2
600684 32.57 98203.63 44.07 3652251.50 3
601184 32.79 98202.66 44.15 297242.38 4
601933 32.92 98204.41 44.13 275194.84 5
602683 32.97 98206.16 44.12 260294.86 6
603433 33.06 98206.81 44.12 56462.29 7
604182 33.14 98204.74 44.10 59410.54 8
604682 33.19 98204.56 44.05 62181.20 9
605432 33.21 98203.30 43.97 63760.90 0
605682 33.13 98203.16 43.96 2509035.25 1
607181 32.69 98200.96 43.90 2967041.00 2
611430 32.56 98200.52 44.04 3635234.00 3
611929 32.78 98197.75 44.09 295441.44 4
612679 32.91 98197.02 44.13 275416.91 5
613429 32.95 98197.13 44.07 260891.72 6
614178 33.04 98195.65 44.07 56387.66 7
614928 33.13 98197.59 44.00 59576.45 8
615428 33.17 98198.98 43.98 61553.26 9
616178 33.20 98196.28 43.95 63523.57 0
616428 33.12 98196.94 43.91 2490726.75 1
617927 32.67 98195.13 43.83 2973502.75 2
622175 32.54 98193.47 43.96 3618374.50 3
622925 32.76 98194.52 44.04 291904.22 4
623425 32.89 98196.02 44.04 271906.53 5
624174 32.94 98194.70 44.07 258912.77 6
624924 33.02 98194.31 44.02 56128.04 7
625674 33.12 98195.58 44.02 59327.93 8
626424 33.16 98194.46 43.95 61508.89 9
626923 33.18 98193.86 43.93 63618.29 0
627173 33.11 98195.70 43.87 2488456.75 1
628673 32.66 98190.03 43.74 2967041.00 2
632921 32.53 98191.16 43.93 3568721.50 3
633671 32.75 98194.26 43.97 290909.09 4
634171 32.88 98193.93 43.98 271042.88 5
634920 32.92 98192.88 43.95 258129.56 6
635670 33.01 98191.87 43.98 55834.24 7
636420 33.10 98192.99 43.92 58918.30 8
637169 33.14 98192.41 43.88 61642.19 9
637669 33.16 98192.55 43.84 62868.37 0
638169 33.09 98191.38 43.80 2461538.50 1
639419 32.64 98184.81 43.71 2954201.25 2
643667 32.50 98182.06 43.86 3524957.00 3
644417 32.73 98184.03 43.90 292404.34 4
645166 32.86 98185.54 43.93 269331.94 5
645666 32.91 98184.95 43.94 257545.27 6
646416 32.99 98183.23 43.90 55471.29 7
647166 33.08 98181.73 43.88 58634.91 8
647915 33.13 98182.27 43.83 60764.30 9
648665 33.15 98182.15 43.77 62729.72 0
648915 33.07 98182.77 43.75 2446103.25 1
650165 32.63 98181.59 43.67 2976744.25 2
654413 32.50 98180.41 43.81 3504599.00 3
655162 32.72 98180.37 43.88 290909.09 4
655912 32.85 98181.16 43.90 270613.09 5
656412 32.89 98180.98 43.85 257157.20 6
657162 32.98 98179.35 43.84 55220.02 7
657911 33.07 98177.69 43.84 58594.64 8
658661 33.11 98177.64 43.76 60548.72 9
659411 33.14 98177.77 43.75 62500.00 0
659661 33.05 98177.98 43.71 2443914.00 1
660910 32.61 98177.20 43.63 2973502.75 2
665158 32.48 98175.05 43.77 3477817.75 3
665908 32.70 98174.59 43.84 288207.16 4
666658 32.83 98176.27 43.87 267223.38 5
667408 32.88 98176.09 43.82 253528.09 6
667907 32.96 98174.57 43.85 55113.02 7
668657 33.05 98174.70 43.79 58394.16 8
669407 33.10 98174.63 43.76 60420.11 9
670157 33.12 98172.39 43.73 62408.58 0
670407 33.05 98174.54 43.69 2417945.75 1
671656 32.60 98173.97 43.56 2983248.25 2
675904 32.46 98169.81 43.72 3460190.00 3
676654 32.70 98171.69 43.79 286513.72 4
677404 32.82 98169.39 43.81 270398.72 5
678154 32.86 98168.37 43.77 253339.94 6
678654 32.95 98172.30 43.76 54900.28 7
679403 33.04 98172.14 43.75 57683.64 8
680153 33.08 98170.79 43.69 60505.79 9
680903 33.11 98173.92 43.68 61910.52 0
681153 33.03 98174.09 43.65 2403050.75 1
682652 32.58 98171.80 43.53 2979992.75 2
686650 32.45 98164.80 43.73 3416892.50 3
687400 32.67 98162.93 43.73 286513.72 4
688150 32.80 98163.64 43.77 269119.59 5
688899 32.85 98163.09 43.73 253528.09 6
689649 32.93 98161.88 43.72 54654.14 7
690149 33.01 98161.23 43.68 57800.86 8
690899 33.07 98160.48 43.68 59869.04 9
691649 33.09 98160.06 43.64 62000.48 0
691899 33.01 98160.12 43.58 2382087.75 1
693398 32.57 98156.80 43.47 3062430.00 2
697396 32.43 98159.81 43.66 3380932.75 3
698146 32.66 98161.40 43.72 282951.09 4
698896 32.79 98161.62 43.69 264121.75 5
699645 32.84 98159.55 43.71 253152.05 6
700395 32.92 98159.25 43.68 54514.48 7
700895 33.01 98160.84 43.66 57840.04 8
701645 33.05 98161.38 43.63 59701.49 9
702394 33.08 98162.62 43.60 61508.89 0
702644 33.00 98161.54 43.52 2390429.00 1
704144 32.56 98161.74 43.47 2986511.00 2
708392 32.43 98160.69 43.59 3368421.00 3
708892 32.65 98161.20 43.68 283420.97 4
709641 32.77 98161.96 43.65 264736.31 5
710391 32.82 98161.56 43.67 251658.89 6
711141 32.91 98159.74 43.67 54271.78 7
711891 32.99 98158.66 43.62 57066.43 8
712391 33.04 98159.65 43.59 59743.29 9
713140 33.07 98160.24 43.53 61731.37 0
713390 32.98 98159.75 43.48 2369684.75 1
714889 32.54 98156.48 43.42 2993058.00 2
719138 32.40 98157.69 43.52 3339584.25 3
719887 32.63 98160.53 43.61 281087.03 4
720387 32.76 98162.44 43.63 263306.75 5
721137 32.80 98160.95 43.63 250366.75 6
721887 32.89 98163.45 43.59 54271.78 7
722636 32.97 98162.14 43.57 57605.76 8
723386 33.02 98163.31 43.55 59204.44 9
723886 33.05 98165.16 43.48 61464.59 0
724136 32.97 98165.23 43.47 2343249.50 1
725635 32.53 98160.31 43.39 3065868.25 2
729883 32.40 98157.72 43.50 3293266.25 3
730633 32.62 98159.03 43.57 280164.16 4
731133 32.75 98161.50 43.61 260692.47 5
731883 32.79 98160.32 43.56 247642.08 6
732632 32.88 98160.03 43.54 53860.72 7
733382 32.96 98161.53 43.52 56990.20 8
734132 33.00 98160.55 43.51 58918.30 9
734632 33.03 98161.01 43.44 61112.44 0
735132 32.95 98159.98 43.43 2329258.00 1
736381 32.51 98162.23 43.34 2976744.25 2
740629 32.38 98160.23 43.47 3281394.00 3
741379 32.61 98160.10 43.57 279019.06 4
742129 32.73 98160.27 43.53 261091.28 5
742629 32.78 98161.97 43.55 246568.75 6
743378 32.86 98158.98 43.51 53422.37 7
744128 32.95 98159.22 43.50 56876.25 8
744878 33.00 98158.51 43.48 59204.44 9
745628 33.02 98157.49 43.45 60634.77 0
745878 32.94 98159.36 43.37 2329258.00 1
747127 32.50 98159.38 43.28 2996342.25 2
751375 32.37 98151.60 43.43 3244356.50 3
752125 32.59 98154.43 43.53 277883.31 4
752875 32.72 98154.67 43.51 259503.30 5
753375 32.77 98154.44 43.50 246746.98 6
754124 32.85 98155.05 43.50 53758.93 7
754874 32.94 98155.52 43.46 56762.75 8
755624 32.98 98157.02 43.47 58918.30 9
756373 33.01 98154.98 43.35 60249.47 0
756623 32.93 98157.11 43.37 2319365.75 1
757873 32.48 98155.08 43.24 3065868.25 2
762121 32.36 98150.05 43.42 3234748.25 3
762871 32.58 98153.13 43.46 275639.31 4
763620 32.71 98156.69 43.48 257157.20 5
764370 32.75 98157.48 43.48 245328.22 6
764870 32.84 98153.46 43.48 53422.37 7
765620 32.93 98153.31 43.46 56537.10 8
766370 32.97 98151.90 43.41 58634.91 9
767119 32.99 98152.56 43.36 60462.92 0
767369 32.91 98154.36 43.31 2299831.50 1
768619 32.48 98157.55 43.21 2976744.25 2
772867 32.34 98158.54 43.40 3213809.25 3
773617 32.57 98159.65 43.44 276756.75 4
774367 32.69 98158.56 43.44 256192.14 5
775116 32.74 98160.30 43.43 244976.08 6
775616 32.82 98156.77 43.43 53255.67 7
776366 32.91 98156.33 43.37 56239.02 8
777116 32.96 98154.90 43.34 58394.16 9
777865 32.98 98156.09 43.30 60420.11 0
778115 32.90 98155.41 43.29 2294035.25 1
779615 32.46 98151.65 43.20 2993058.00 2
783613 32.32 98148.89 43.33 3154409.00 3
784363 32.55 98149.89 43.40 275416.91 4
785112 32.68 98147.91 43.40 255808.14 5
785862 32.73 98146.07 43.41 244976.08 6
786612 32.82 98146.92 43.39 53222.45 7
787112 32.90 98147.32 43.38 56239.02 8
787861 32.95 98149.77 43.35 58155.38 9
788611 32.97 98153.11 43.28 60164.51 0
788861 32.89 98153.54 43.27 2263608.75 1
790360 32.45 98154.52 43.11 2967041.00 2
794359 32.32 98155.52 43.31 3127314.25 3
795108 32.55 98155.00 43.37 271474.03 4
795858 32.67 98154.80 43.39 254473.16 5
796608 32.72 98156.96 43.37 242194.89 6
797358 32.80 98154.66 43.34 53156.14 7
797857 32.89 98153.78 43.35 56091.15 8
798607 32.93 98153.47 43.28 57997.28 9
799357 32.96 98152.29 43.25 59869.04 0
799607 32.88 98155.09 43.22 2257993.50 1
801106 32.44 98148.91 43.11 2983248.25 2
805354 32.31 98146.41 43.30 3102442.75 3
805854 32.54 98150.25 43.36 271042.88 4
806604 32.65 98150.71 43.39 253152.05 5
807354 32.70 98151.91 43.35 239812.64 6
808103 32.79 98150.38 43.34 53024.03 7
808853 32.88 98149.74 43.31 55507.37 8
809353 32.92 98149.66 43.26 57605.76 9
810103 32.94 98149.63 43.26 59493.38 0
810352 32.86 98148.70 43.19 2256127.75 1
811852 32.43 98149.73 43.09 2996342.25 2
816100 32.29 98151.42 43.24 3090154.75 3
816600 32.52 98150.60 43.33 270613.09 4
817350 32.64 98148.95 43.32 254663.02 5
818099 32.69 98147.05 43.29 239812.64 6
818849 32.78 98147.16 43.30 52664.06 7
819599 32.86 98147.47 43.27 55761.27 8
820099 32.91 98147.84 43.24 57528.09 9
820848 32.93 98153.14 43.20 59410.54 0
821098 32.86 98153.28 43.16 2248696.25 1
822598 32.41 98151.98 43.05 2989781.00 2
826846 32.28 98152.12 43.23 2993058.00 3
827346 32.51 98149.36 43.28 269757.63 4
828095 32.63 98142.25 43.27 253152.05 5
828845 32.68 98137.74 43.29 239981.25 6
829595 32.77 98134.34 43.28 52341.04 7
830345 32.85 98133.17 43.26 55327.43 8
830844 32.89 98137.09 43.19 57605.76 9
831594 32.92 98137.81 43.14 59245.55 0
831844 32.84 98140.46 43.14 2232152.50 1
833343 32.41 98140.89 43.04 2993058.00 2
837592 32.27 98139.34 43.19 2970268.25 3
838341 32.50 98140.66 43.26 268907.56 4
838841 32.62 98141.45 43.28 249269.72 5
839591 32.67 98139.30 43.28 239476.14 6
840341 32.75 98138.07 43.24 52405.32 7
841090 32.84 98138.61 43.25 55579.68 8
841840 32.88 98137.41 43.17 57644.68 9
842340 32.91 98138.35 43.14 59410.54 0
842840 32.84 98139.80 43.05 2230329.50 1
844089 32.39 98138.05 43.02 2967041.00 2
848338 32.25 98126.78 43.18 2954201.25 3
849087 32.49 98124.23 43.23 267223.38 4
849587 32.61 98117.22 43.26 249817.03 5
850337 32.66 98111.06 43.22 237476.81 6
851087 32.75 98109.23 43.20 52149.11 7
851837 32.83 98109.41 43.16 55399.27 8
852586 32.88 98112.37 43.16 57489.33 9
853086 32.90 98115.09 43.13 58877.64 0
853586 32.82 98117.30 43.07 2205114.50 1
854835 32.38 98123.50 42.98 2989781.00 2
859084 32.25 98133.70 43.13 2951008.75 3
859833 32.47 98135.48 43.19 266181.44 4
860583 32.60 98136.05 43.24 250734.58 5
861083 32.65 98134.43 43.20 235673.19 6
861833 32.73 98134.22 43.20 52117.27 7
862582 32.82 98131.64 43.18 55220.02 8
863332 32.86 98130.05 43.11 57219.49 9
864082 32.89 98129.13 43.08 58837.05 0
864332 32.81 98128.45 43.07 2198014.50 1
865581 32.37 98124.91 42.94 2979992.75 2
869829 32.23 98130.70 43.13 2916340.25 3
870579 32.46 98136.01 43.17 266805.63 4
871329 32.59 98138.30 43.21 248906.17 5
871829 32.64 98138.50 43.20 238973.16 6
872578 32.72 98135.99 43.20 51769.46 7
873328 32.81 98134.67 43.15 54724.24 8
874078 32.85 98131.68 43.14 57028.29 9
874827 32.87 98136.15 43.05 58675.22 0
875077 32.80 98138.40 42.98 2194481.75 1
876327 32.36 98140.98 42.95 2993058.00 2
880575 32.23 98144.59 43.12 2891634.25 3
881325 32.45 98145.43 43.14 263510.03 4
882074 32.59 98147.39 43.17 248724.80 5
882824 32.63 98148.57 43.14 236325.88 6
883324 32.71 98155.02 43.16 51675.41 7
884074 32.80 98148.72 43.12 54900.28 8
884823 32.84 98145.76 43.08 56649.70 9
885573 32.87 98142.66 43.07 58434.15 0
885823 32.79 98143.51 43.04 2178723.50 1
887073 32.35 98141.55 42.90 2986511.00 2
891321 32.21 98132.36 43.08 2885523.00 3
892070 32.44 98139.25 43.14 263306.75 4
892820 32.57 98142.91 43.15 246390.77 5
893570 32.62 98144.93 43.13 236162.36 6
894070 32.70 98141.91 43.13 51395.30 7
894819 32.79 98138.74 43.14 54410.20 8
895569 32.83 98141.25 43.07 56424.95 9
896319 32.86 98141.40 43.05 58274.53 0
896569 32.78 98138.46 43.00 2164904.75 1
898068 32.34 98126.91 42.87 2993058.00 2
902066 32.21 98133.30 43.04 2837547.75 3
902816 32.43 98135.75 43.10 260692.47 4
903566 32.56 98136.75 43.10 244976.08 5
904316 32.61 98138.46 43.08 232621.53 6
905065 32.69 98135.77 43.06 51210.24 7
905565 32.78 98137.34 43.07 54340.90 8
906315 32.82 98140.13 43.07 56537.10 9
907064 32.84 98139.00 43.01 57997.28 0
907314 32.77 98139.86 42.98 2147876.25 1
908814 32.33 98137.07 42.88 2979992.75 2
912812 32.20 98131.73 43.05 2814153.25 3
913562 32.42 98133.73 43.09 262093.67 4
914312 32.55 98132.39 43.11 244976.08 5
915061 32.60 98131.96 43.10 232146.91 6
915811 32.68 98129.83 43.10 51644.14 7
916311 32.77 98132.55 43.02 54237.29 8
917061 32.81 98130.50 43.02 56499.67 9
917810 32.83 98128.90 42.98 58155.38 0
918060 32.76 98129.43 42.92 2164904.75 1
919560 32.32 98127.30 42.84 2989781.00 2
923808 32.18 98125.90 43.00 2811256.00 3
924308 32.41 98126.45 43.04 260493.52 4
925057 32.54 98128.22 43.10 246390.77 5
925807 32.59 98126.43 43.06 232304.91 6
926557 32.67 98126.39 43.05 50753.37 7
927307 32.76 98130.05 43.00 53997.05 8
927806 32.80 98133.50 43.00 56164.98 9
928556 32.82 98134.42 42.95 57957.89 0
928806 32.75 98136.52 42.89 2134445.00 1
930305 32.30 98133.13 42.84 2993058.00 2
934554 32.17 98131.57 42.99 2793997.25 3
935053 32.40 98134.18 43.05 259898.48 4
935803 32.53 98131.88 43.07 244274.81 5
936553 32.58 98131.28 43.03 233098.11 6
937303 32.66 98129.01 43.02 51118.21 7
938052 32.75 98130.03 42.98 53928.80 8
938552 32.79 98131.76 42.93 55834.24 9
939302 32.81 98131.47 42.92 57142.86 0
939552 32.74 98133.77 42.88 2127792.25 1
941051 32.29 98133.63 42.77 2996342.25 2
945300 32.16 98134.05 42.96 2771312.50 3
946049 32.39 98136.99 43.00 257739.75 4
946549 32.52 98141.95 42.99 242194.89 5
947299 32.57 98142.15 43.00 232463.11 6
948049 32.65 98142.10 42.99 50813.82 7
948798 32.74 98142.72 42.96 53691.27 8
949548 32.78 98141.95 42.96 55615.90 9
950048 32.80 98139.48 42.92 57450.63 0
950298 32.73 98141.59 42.85 2122829.75 1
951797 32.29 98139.74 42.77 2986511.00 2
956046 32.15 98138.05 42.92 2746228.75 3
956795 32.38 98139.09 42.99 256963.61 4
957295 32.51 98138.27 42.99 240997.88 5
958045 32.56 98136.60 42.97 233576.64 6
958795 32.64 98130.16 42.97 50662.97 7
959544 32.73 98137.46 42.94 53691.27 8
960294 32.77 98140.05 42.91 55543.50 9
960794 32.80 98139.20 42.90 57566.90 0
961294 32.72 98139.51 42.83 2119534.25 1
962543 32.28 98138.72 42.73 3065868.25 2
966791 32.14 98140.74 42.89 2746228.75 3
967541 32.37 98146.16 42.97 257157.20 4
968291 32.50 98148.88 42.98 240997.88 5
968791 32.55 98147.82 42.94 229493.50 6
969540 32.64 98149.23 42.93 50572.89 7
970290 32.71 98148.63 42.97 53691.27 8
971040 32.76 98145.15 42.89 55797.73 9
971789 32.79 98140.23 42.87 56990.20 0
972039 32.71 98135.55 42.83 2112974.00 1
973289 32.27 98131.42 42.74 2979992.75 2
977537 32.14 98130.64 42.88 2713481.25 3
978287 32.36 98141.38 42.95 257545.27 4
979037 32.49 98145.59 42.96 240488.50 5
979536 32.54 98150.24 42.94 228571.42 6
980286 32.62 98144.67 42.88 50632.91 7
981036 32.71 98138.30 42.91 53522.89 8
981786 32.75 98130.38 42.88 55435.25 9
982535 32.78 98134.08 42.84 57373.38 0
982785 32.70 98141.45 42.81 2111340.25 1
984035 32.27 98153.60 42.71 2996342.25 2
988283 32.13 98152.14 42.85 2702738.25 3
989033 32.35 98152.24 42.92 254283.58 4
989783 32.48 98147.11 42.95 242194.89 5
990282 32.53 98133.87 42.89 228113.17 6
991032 32.61 98105.98 42.90 50874.40 7
991782 32.70 98108.70 42.87 53355.57 8
992532 32.75 98126.42 42.82 55543.50 9
993281 32.77 98127.84 42.81 56876.25 0
993531 32.69 98127.63 42.79 2099974.25 1
994781 32.25 98123.57 42.66 2983248.25 2
999029 32.13 98118.20 42.86 2700066.00 3
999779 32.34 98115.88 42.87 255616.58 4
1000528 32.47 98111.00 42.90 238639.02 5
1001278 32.52 98120.18 42.89 229493.50 6
1001778 32.61 98124.66 42.88 50542.94 7
1002528 32.70 98127.88 42.87 53090.00 8
1003277 32.74 98128.94 42.85 55471.29 9
1004027 32.76 98126.74 42.76 56876.25 0
1004277 32.68 98127.23 42.74 2076026.38 1
1005776 32.24 98121.41 42.64 2983248.25 2
1009775 32.11 98130.97 42.79 2671014.00 3
1010524 32.33 98129.02 42.85 252777.09 4
1011274 32.46 98122.03 42.90 238805.97 5
1012024 32.51 98114.73 42.86 227353.47 6
1012523 32.60 98113.41 42.84 50186.24 7
1013273 32.68 98126.64 42.85 53090.00 8
1014023 32.73 98128.02 42.81 55220.02 9
1014773 32.75 98128.08 42.75 56649.70 0
1015023 32.68 98129.45 42.76 2080772.13 1
1016522 32.23 98137.53 42.63 2976744.25 2
1020520 32.10 98133.60 42.78 2637475.75 3
1021270 32.32 98135.27 42.84 253339.94 4
1022019 32.46 98136.52 42.87 239476.14 5
1022769 32.51 98137.70 42.83 225252.97 6
1023519 32.59 98138.61 42.85 50039.09 7
1024019 32.68 98136.17 42.80 53156.14 8
1024768 32.71 98134.48 42.77 55184.31 9
1025518 32.75 98132.52 42.78 56800.53 0
1025768 32.67 98133.20 42.71 2085539.75 1
1027267 32.22 98130.09 42.63 2996342.25 2
1031266 32.09 98123.63 42.74 2640025.75 3
1032015 32.31 98122.82 42.80 251288.34 4
1032765 32.45 98126.73 42.81 236162.36 5
1033515 32.50 98127.83 42.79 226448.47 6
1034264 32.58 98125.39 42.80 49718.39 7
1034764 32.67 98124.95 42.76 52761.75 8
1035514 32.71 98123.79 42.76 54935.62 9
1036264 32.74 98123.80 42.71 56350.43 0
1036514 32.66 98127.09 42.70 2061918.00 1
1038013 32.21 98125.40 42.58 2979992.75 2
1042261 32.09 98126.08 42.76 2597336.75 3
1042761 32.30 98125.70 42.83 250918.89 4
1043511 32.44 98128.70 42.80 236162.36 5
1044261 32.49 98128.50 42.80 224364.59 6
1045011 32.57 98126.15 42.78 49980.48 7
1045760 32.66 98125.48 42.76 52827.07 8
1046260 32.70 98125.44 42.76 54864.98 9
1047010 32.73 98125.38 42.69 56612.12 0
1047260 32.65 98127.02 42.65 2069732.25 1
1048759 32.20 98124.02 42.56 2976744.25 2
1053008 32.09 98126.84 42.73 2597336.75 3
1053507 32.30 98128.03 42.76 251473.48 4
1054257 32.43 98131.70 42.80 236162.36 5
1055007 32.48 98132.79 42.79 223483.19 6
1055756 32.56 98133.80 42.74 49805.45 7
1056506 32.65 98132.52 42.73 52534.38 8
1057006 32.70 98133.69 42.71 54689.17 9
1057756 32.71 98133.58 42.67 56313.24 0
1058006 32.64 98134.41 42.61 2057257.63 1
1059505 32.19 98130.16 42.52 3057286.75 2
1063753 32.07 98137.17 42.70 2585042.50 3
1064503 32.29 98133.57 42.74 252777.09 4
1065003 32.42 98134.68 42.75 234217.75 5
1065753 32.47 98130.83 42.77 224364.59 6
1066503 32.55 98129.44 42.76 49863.65 7
1067252 32.64 98128.35 42.69 52566.73 8
1068002 32.68 98125.58 42.66 54444.92 9
1068502 32.71 98127.23 42.65 56313.24 0
1068752 32.63 98128.24 42.62 2057257.63 1
1070251 32.18 98127.57 42.50 2979992.75 2
1074499 32.06 98128.47 42.67 2565612.25 3
1075249 32.28 98129.71 42.72 249087.81 4
1075749 32.41 98129.05 42.75 235673.19 5
1076498 32.46 98127.14 42.71 224070.02 6
1077248 32.55 98127.80 42.70 49573.97 7
1077998 32.63 98128.50 42.66 52469.77 8
1078748 32.68 98129.04 42.67 54340.90 9
1079247 32.70 98128.96 42.58 56091.15 0
1079747 32.63 98129.86 42.58 2046465.13 1
1080997 32.19 98127.52 42.50 2976744.25 2
1085245 32.05 98123.70 42.67 2558401.00 3
1085995 32.27 98124.28 42.71 247642.08 4
1086744 32.41 98126.14 42.68 234378.58 5
1087244 32.45 98125.38 42.69 222463.61 6
1087994 32.54 98125.96 42.68 49776.39 7
1088744 32.63 98123.76 42.67 52181.00 8
1089493 32.67 98122.20 42.62 54271.78 9
1090243 32.69 98119.63 42.59 56128.04 0
1090493 32.61 98119.70 42.54 2041874.38 1
1091743 32.17 98123.98 42.45 2989781.00 2
1095991 32.04 98132.34 42.62 2525277.50 3
1096741 32.26 98133.69 42.68 247462.55 4
1097490 32.40 98137.08 42.70 233416.91 5
1097990 32.45 98137.08 42.70 224364.59 6
1098740 32.53 98134.60 42.67 49373.19 7
1099490 32.61 98135.55 42.66 52053.68 8
1100240 32.66 98137.11 42.59 54237.29 9
1100989 32.68 98136.22 42.56 55615.90 0
1101239 32.61 98137.52 42.52 2022216.75 1
1102489 32.16 98125.17 42.43 2979992.75 2
1106737 32.04 98146.71 42.60 2522944.25 3
1107487 32.25 98157.62 42.67 246390.77 4
1108236 32.38 98159.27 42.66 232304.91 5
1108986 32.44 98143.56 42.64 221023.09 6
1109486 32.52 98136.33 42.65 49373.19 7
1110236 32.61 98125.50 42.61 52341.04 8
1110985 32.65 98118.64 42.63 54031.24 9
1111735 32.68 98132.82 42.56 55870.80 0
1111985 32.60 98135.35 42.49 2022216.75 1
1113234 32.15 98130.09 42.40 2976744.25 2
1117483 32.03 98132.41 42.58 2509035.25 3
1118232 32.25 98126.20 42.65 247462.55 4
1118982 32.37 98123.34 42.62 231046.94 5
1119732 32.43 98119.98 42.64 221023.09 6
1120232 32.51 98119.41 42.59 49174.03 7
1120981 32.59 98117.34 42.62 51738.07 8
1121731 32.64 98120.55 42.59 53928.80 9
1122481 32.66 98122.55 42.51 55543.50 0
1122731 32.59 98122.64 42.50 2008827.88 1
1124230 32.14 98118.61 42.39 2976744.25 2
1128228 32.01 98124.63 42.54 2502138.00 3
1128978 32.23 98123.69 42.61 244800.38 4
1129728 32.37 98123.25 42.64 231203.44 5
1130477 32.42 98125.28 42.63 221453.28 6
1130977 32.50 98125.13 42.59 49202.38 7
1131727 32.59 98123.33 42.56 51990.25 8
1132477 32.63 98122.02 42.56 53962.90 9
1133226 32.66 98120.58 42.49 55507.37 0
1133476 32.58 98123.16 42.48 1997074.63 1
1134976 32.13 98121.44 42.40 2996342.25 2
1138974 32.01 98124.24 42.51 2483929.75 3
1139724 32.23 98122.92 42.59 243925.67 4
1140474 32.36 98121.70 42.60 229493.50 5
1141223 32.41 98121.37 42.58 220025.78 6
1141973 32.49 98117.17 42.58 48864.29 7
1142473 32.58 98117.80 42.56 51675.41 8
1143223 32.63 98121.09 42.52 53860.72 9
1143972 32.65 98122.83 42.47 55615.90 0
1144222 32.57 98124.62 42.44 1994157.75 1
1145722 32.13 98121.23 42.36 2963820.50 2
1149720 31.99 98122.57 42.44 2470446.25 3
1150470 32.22 98122.87 42.56 245858.34 4
1151219 32.35 98124.56 42.58 231046.94 5
1151969 32.40 98123.70 42.55 221453.28 6
1152719 32.49 98124.09 42.55 48613.75 7
1153219 32.57 98121.35 42.51 51706.73 8
1153968 32.61 98118.05 42.46 53725.08 9
1154718 32.64 98117.67 42.47 54829.73 0
1154968 32.57 98119.61 42.41 1998536.25 1
1156467 32.12 98118.68 42.29 2957400.75 2
1160716 31.99 98117.29 42.46 2459321.50 3
1161215 32.21 98118.95 42.56 242023.16 4
1161965 32.33 98119.77 42.55 229493.50 5
1162715 32.38 98120.98 42.51 223190.94 6
1163465 32.47 98121.11 42.55 49117.42 7
1164214 32.56 98121.98 42.48 51612.90 8
1164714 32.61 98123.52 42.47 53322.22 9
1165464 32.63 98124.45 42.40 55077.45 0
1165714 32.55 98126.88 42.41 1984015.50 1
1167213 32.11 98123.38 42.27 2963820.50 2
1171461 31.98 98117.24 42.45 2446103.25 3
1171961 32.20 98115.97 42.52 242194.89 4
1172711 32.33 98115.98 42.55 230578.70 5
1173460 32.37 98115.01 42.51 219884.05 6
1174210 32.46 98116.71 42.48 48948.38 7
1174960 32.55 98114.91 42.49 51706.73 8
1175460 32.60 98115.61 42.43 53623.80 9
1176209 32.62 98116.64 42.40 55148.64 0
1176459 32.54 98115.58 42.37 1972550.00 1
1177959 32.10 98114.45 42.27 2973502.75 2
1182207 31.98 98121.73 42.44 2430860.50 3
1182957 32.20 98119.74 42.47 241168.16 4
1183457 32.31 98115.65 42.48 228877.97 5
1184206 32.36 98113.63 42.47 218896.97 6
1184956 32.46 98117.48 42.49 48641.46 7
1185706 32.55 98117.87 42.47 51395.30 8
1186455 32.59 98117.45 42.40 53322.22 9
1186955 32.61 98121.92 42.36 55041.93 0
1187205 32.54 98124.70 42.35 1969704.25 1
1188705 32.09 98120.05 42.25 2944644.25 2
1192953 31.96 98111.37 42.42 2420088.75 3
1193702 32.18 98109.95 42.44 242539.08 4
1194202 32.31 98108.70 42.48 227505.00 5
1194952 32.36 98109.25 42.46 219178.08 6
1195702 32.45 98114.73 42.47 48948.38 7
1196452 32.54 98116.84 42.46 51426.28 8
1197201 32.58 98116.48 42.38 53222.45 9
1197701 32.61 98117.63 42.34 54900.28 0
1198201 32.53 98118.26 42.33 1962625.75 1
1199451 32.08 98113.91 42.22 2986511.00 2
1203699 31.96 98119.66 42.36 2386251.00 3
1204449 32.17 98118.61 42.43 240150.09 4
1204948 32.30 98120.62 42.44 227202.13 5
1205698 32.35 98119.77 42.44 219601.11 6
1206448 32.43 98119.23 42.42 48365.77 7
1207198 32.53 98120.70 42.39 51550.54 8
1207947 32.57 98119.34 42.39 53522.89 9
1208447 32.60 98117.40 42.35 54829.73 0
1208947 32.52 98119.08 42.32 1973975.88 1
1210197 32.08 98118.28 42.19 2954201.25 2
1214445 31.95 98109.30 42.38 2394621.50 3
1215194 32.16 98108.32 42.40 240150.09 4
1215944 32.29 98108.86 42.43 229185.31 5
1216444 32.34 98111.27 42.41 218336.89 6
1217194 32.43 98111.30 42.40 48530.80 7
1217943 32.52 98109.35 42.39 51457.29 8
1218693 32.56 98109.54 42.36 52958.21 9
1219443 32.59 98111.98 42.31 54584.22 0
1219693 32.51 98114.26 42.27 1956999.50 1
1220942 32.07 98115.28 42.18 2963820.50 2
1225191 31.94 98111.15 42.34 2373804.75 3
1225940 32.15 98112.42 42.40 242023.16 4
1226690 32.29 98114.14 42.40 227505.00 5
1227190 32.33 98110.59 42.43 216536.27 6
1227939 32.42 98109.08 42.40 48448.14 7
1228689 32.51 98106.87 42.38 51087.61 8
1229439 32.55 98107.71 42.33 53288.93 9
1230189 32.58 98109.01 42.30 54444.92 0
1230439 32.50 98111.34 42.25 1954198.50 1
1231688 32.06 98109.66 42.19 2963820.50 2
1235936 31.92 98113.95 42.34 2363531.50 3
1236686 32.15 98112.47 42.36 239476.14 4
1237436 32.27 98112.25 42.38 226900.06 5
1238185 32.32 98111.98 42.38 218057.92 6
1238685 32.41 98112.45 42.36 48393.20 7
1239435 32.50 98112.02 42.36 51148.85 8
1240184 32.55 98112.99 42.28 52991.10 9
1240934 32.57 98110.25 42.30 54168.43 0
1241184 32.50 98110.23 42.23 1954198.50 1
1242434 32.04 98099.26 42.19 2967041.00 2
1246682 31.92 98096.11 42.28 2353346.75 3
1247432 32.14 98099.21 42.38 240319.17 4
1248181 32.27 98104.67 42.40 225252.97 5
1248931 32.31 98103.97 42.35 215715.19 6
1249431 32.40 98104.52 42.37 48448.14 7
1250180 32.49 98102.98 42.32 50844.09 8
1250930 32.54 98098.81 42.31 52469.77 9
1251680 32.56 98097.53 42.22 54410.20 0
1251930 32.48 98098.55 42.22 1940312.63 1
1253429 32.04 98095.13 42.15 2957400.75 2
1257427 31.91 98099.46 42.26 2353346.75 3
1258177 32.13 98100.46 42.31 237642.14 4
1258927 32.26 98102.04 42.35 224364.59 5
1259677 32.30 98102.00 42.34 216124.95 6
1260426 32.39 98101.86 42.32 48174.63 7
1260926 32.48 98099.95 42.32 50753.37 8
1261676 32.53 98101.24 42.23 52827.07 9
1262426 32.55 98100.05 42.24 54340.90 0
1262676 32.48 98102.34 42.21 1951405.38 1
1264175 32.03 98099.84 42.10 2970268.25 2
1268173 31.90 98098.88 42.26 2337232.50 3
1268923 32.13 98099.01 42.31 239140.59 4
1269673 32.25 98099.43 42.34 225699.80 5
1270422 32.30 98098.50 42.36 214765.09 6
1271172 32.38 98099.32 42.33 48147.45 7
1271672 32.47 98098.92 42.29 50904.75 8
1272422 32.52 98101.35 42.29 52631.58 9
1273171 32.55 98099.70 42.20 54031.24 0
1273421 32.47 98099.95 42.22 1930709.38 1
1274921 32.02 98095.38 42.10 2960607.25 2
1279169 31.90 98099.13 42.22 2331246.50 3
1279669 32.11 98097.35 42.30 239140.59 4
1280418 32.24 98097.88 42.31 224512.17 5
1281168 32.29 98099.09 42.34 216398.98 6
1281918 32.37 98097.56 42.26 47958.04 7
1282668 32.46 98098.99 42.22 50813.82 8
1283167 32.51 98097.53 42.22 52631.58 9
1283917 32.54 98097.96 42.20 53894.74 0
1284167 32.46 98098.02 42.17 1934813.38 1
1285666 32.02 98097.95 42.06 2957400.75 2
1289915 31.89 98097.41 42.20 2329258.00 3
1290414 32.10 98096.65 42.29 237476.81 4
1291164 32.23 98098.13 42.30 224807.91 5
1291914 32.28 98099.71 42.28 215578.95 6
1292664 32.36 98096.63 42.28 48229.09 7
1293413 32.46 98098.24 42.26 50483.14 8
1293913 32.50 98097.47 42.23 52696.58 9
1294663 32.52 98096.59 42.18 54340.90 0
1294913 32.45 98099.70 42.19 1925264.38 1
1296412 32.00 98097.41 42.07 2983248.25 2
1300660 31.88 98097.02 42.20 2311512.50 3
1301160 32.09 98096.10 42.27 236817.77 4
1301910 32.22 98095.38 42.27 225699.80 5
1302660 32.27 98096.01 42.25 214630.06 6
1303409 32.36 98097.24 42.25 47958.04 7
1304159 32.45 98096.07 42.26 50572.89 8
1304659 32.49 98098.78 42.22 52631.58 9
1305409 32.52 98097.92 42.17 53792.81 0
1305659 32.43 98097.81 42.12 1915809.13 1
1307158 32.00 98096.75 42.03 2935148.75 2
1311406 31.88 98094.09 42.19 2288268.25 3
1312156 32.09 98094.77 42.25 236817.77 4
1312656 32.22 98097.91 42.26 224807.91 5
1313406 32.27 98100.00 42.26 213288.89 6
1314155 32.35 98100.84 42.22 47796.86 7
1314905 32.44 98102.98 42.23 50632.91 8
1315655 32.48 98099.95 42.21 52373.16 9
1316154 32.51 98097.39 42.15 54168.43 0
1316404 32.44 98098.29 42.10 1913124.75 1
1317904 31.99 98094.35 42.01 2922583.00 2
1322152 31.86 98084.89 42.17 2280623.50 3
1322902 32.08 98092.23 42.23 234700.89 4
1323402 32.21 98090.30 42.22 222029.48 5
1324151 32.25 98088.96 42.24 215035.70 6
1324901 32.34 98089.77 42.24 47958.04 7
1325651 32.43 98093.24 42.21 50423.48 8
1326400 32.48 98098.41 42.17 52244.90 9
1326900 32.50 98097.94 42.15 53826.75 0
1327400 32.43 98097.44 42.15 1918501.13 1
1328650 31.98 98090.67 42.00 2935148.75 2
1332898 31.86 98096.21 42.17 2295964.25 3
1333648 32.07 98092.52 42.24 235673.19 4
1334147 32.20 98091.30 42.25 223629.61 5
1334897 32.25 98092.13 42.24 214091.58 6
1335647 32.33 98093.17 42.23 46766.53 7
1336397 32.43 98089.98 42.21 50453.29 8
1337146 32.46 98088.74 42.18 51958.59 9
1337646 32.49 98089.56 42.13 53928.80 0
1338146 32.41 98087.16 42.12 1922553.38 1
1339395 31.98 98089.04 42.01 2947823.00 2
1343644 31.86 98094.01 42.18 2278720.50 3
1344393 32.07 98093.77 42.23 234862.39 4
1345143 32.19 98094.59 42.21 222608.70 5
1345643 32.24 98094.78 42.23 213155.70 6
1346393 32.32 98092.28 42.21 47904.19 7
1347142 32.42 98093.87 42.20 50423.48 8
1347892 32.46 98093.45 42.15 52181.00 9
1348642 32.49 98090.11 42.13 53725.08 0
1348892 32.41 98091.14 42.09 1899814.50 1
1350141 31.97 98090.97 42.01 2951008.75 2
1354390 31.84 98092.36 42.15 2244998.75 3
1355139 32.05 98092.44 42.18 234378.58 4
1355889 32.18 98092.98 42.26 221597.06 5
1356389 32.23 98095.03 42.21 212360.02 6
1357139 32.31 98093.42 42.19 46715.33 7
1357888 32.40 98092.84 42.21 50127.28 8
1358638 32.46 98093.65 42.09 51895.40 9
1359388 32.48 98092.78 42.16 53489.34 0
1359638 32.40 98093.41 42.11 1907778.25 1
1360887 31.96 98091.62 41.99 2944644.25 2
1365135 31.82 98087.18 42.13 2265486.75 3
1365885 32.05 98088.88 42.18 233576.64 4
1366635 32.18 98089.16 42.18 222174.00 5
1367384 32.22 98086.65 42.20 212624.58 6
1367884 32.32 98087.81 42.18 46613.25 7
1368634 32.40 98086.70 42.16 49922.00 8
1369384 32.45 98086.95 42.15 52053.68 9
1370133 32.47 98085.37 42.12 53758.93 0
1370383 32.39 98086.52 42.06 1899814.50 1
1371633 31.96 98086.10 41.97 2931997.25 2
1375881 31.83 98087.45 42.12 2244998.75 3
1376631 32.04 98087.77 42.19 233896.75 4
1377380 32.17 98090.64 42.20 220594.58 5
1378130 32.22 98092.32 42.18 211308.30 6
1378630 32.30 98093.17 42.22 46460.98 7
1379380 32.39 98093.20 42.20 50097.85 8
1380129 32.44 98090.67 42.09 51800.89 9
1380879 32.46 98087.33 42.13 53657.52 0
1381129 32.38 98087.73 42.04 1884084.63 1
1382628 31.95 98086.69 41.96 2938307.00 2
1386627 31.82 98090.28 42.11 2243154.50 3
1387376 32.04 98090.78 42.19 232304.91 4
1388126 32.16 98093.01 42.17 220167.70 5
1388876 32.21 98092.17 42.19 212096.11 6
1389626 32.29 98091.35 42.13 46511.63 7
1390125 32.38 98088.65 42.15 49892.81 8
1390875 32.43 98086.45 42.15 51863.86 9
1391625 32.46 98087.27 42.12 53725.08 0
1391875 32.38 98086.48 42.08 1885385.50 1
1393374 31.94 98082.90 41.97 2925714.25 2
1397373 31.81 98086.39 42.13 2226692.00 3
1398122 32.03 98089.18 42.15 233576.64 4
1398872 32.15 98090.43 42.15 220309.81 5
1399622 32.20 98089.28 42.18 211570.25 6
1400371 32.29 98087.89 42.15 46410.44 7
1400871 32.38 98087.20 42.13 50009.77 8
1401621 32.43 98087.76 42.12 52117.27 9
1402371 32.45 98087.65 42.13 53156.14 0
1402621 32.38 98088.09 42.04 1878899.13 1
1404120 31.94 98088.24 41.95 2910124.25 2
1408118 31.80 98088.91 42.11 2215850.75 3
1408868 32.02 98088.79 42.15 231517.06 4
1409618 32.15 98090.36 42.15 219318.91 5
1410367 32.20 98089.67 42.14 210396.55 6
1411117 32.28 98087.74 42.16 46309.70 7
1411617 32.37 98088.02 42.11 49776.39 8
1412367 32.42 98090.23 42.12 51738.07 9
1413116 32.45 98089.63 42.05 53623.80 0
1413366 32.36 98088.28 42.04 1886688.13 1
1414866 31.93 98088.66 41.92 2925714.25 2
1419114 31.80 98087.98 42.08 2221258.25 3
1419614 32.02 98087.13 42.10 231203.44 4
1420363 32.14 98088.68 42.13 221885.16 5
1421113 32.19 98087.61 42.11 212096.11 6
1421863 32.28 98088.42 42.12 46259.49 7
1422613 32.36 98089.05 42.11 49892.81 8
1423112 32.41 98091.07 42.08 52085.45 9
1423862 32.44 98093.28 42.07 53388.95 0
1424112 32.36 98093.62 42.01 1872457.13 1
1425611 31.91 98089.19 41.92 2931997.25 2
1429859 31.79 98087.36 42.06 2217650.25 3
1430359 32.01 98085.51 42.11 231674.20 4
1431109 32.14 98088.65 42.10 219318.91 5
1431859 32.19 98092.09 42.14 209879.08 6
1432608 32.27 98090.36 42.15 46360.02 7
1433358 32.36 98086.02 42.09 50039.09 8
1433858 32.40 98085.85 42.06 51895.40 9
1434608 32.43 98089.27 42.08 53322.22 0
1434858 32.35 98089.97 42.01 1877607.13 1
1436357 31.92 98092.65 41.89 2938307.00 2
1440605 31.79 98092.48 42.04 2196246.75 3
1441355 32.01 98091.80 42.10 229957.33 4
1441855 32.13 98094.20 42.12 218756.67 5
1442604 32.18 98094.39 42.17 212096.11 6
1443354 32.26 98094.08 42.09 46209.39 7
1444104 32.35 98093.45 42.10 49776.39 8
1444854 32.40 98093.51 42.06 51550.54 9
1445353 32.43 98094.99 42.02 53388.95 0
1445603 32.34 98094.73 42.00 1871174.00 1
1447103 31.91 98093.44 41.92 2903934.75 2
1451351 31.79 98096.73 42.05 2205114.50 3
1452101 32.00 98095.65 42.12 230890.64 4
1452601 32.13 98096.52 42.10 218756.67 5
1453350 32.17 98096.34 42.10 209879.08 6
1454100 32.25 98096.77 42.10 46259.49 7
1454850 32.35 98096.54 42.09 49776.39 8
1455600 32.39 98093.70 42.05 51118.21 9
1456099 32.42 98095.46 42.01 52925.37 0
1456599 32.34 98094.90 41.99 1868613.13 1
1457849 31.91 98095.84 41.88 2928852.25 2
1462097 31.77 98097.39 42.06 2185699.00 3
1462847 31.99 98092.86 42.11 228877.97 4
1463597 32.12 98094.93 42.10 219037.44 5
1464096 32.16 98093.94 42.07 209879.08 6
1464846 32.25 98094.50 42.08 46209.39 7
1465596 32.34 98094.15 42.06 49863.65 8
1466346 32.38 98093.97 42.03 51519.42 9
1467095 32.41 98094.52 42.00 53422.37 0
1467345 32.34 98096.41 41.94 1873742.00 1
1468595 31.90 98091.13 41.88 2928852.25 2
1472843 31.77 98092.97 42.00 2182205.75 3
1473593 31.99 98096.20 42.09 229493.50 4
1474342 32.11 98098.09 42.11 217779.67 5
1474842 32.16 98098.80 42.08 208724.02 6
1475592 32.25 98099.67 42.10 46209.39 7
1476342 32.34 98100.50 42.07 49747.38 8
1477091 32.38 98097.80 42.04 51333.47 9
1477841 32.41 98097.17 41.98 52958.21 0
1478091 32.33 98098.28 41.95 1857175.25 1
1479340 31.89 98094.65 41.88 2910124.25 2
1483589 31.77 98095.62 42.01 2190960.25 3
1484338 31.98 98094.13 42.07 229031.53 4
1485088 32.11 98097.27 42.07 217640.81 5
1485588 32.16 98097.84 42.07 209235.80 6
1486338 32.24 98097.26 42.06 46259.49 7
1487087 32.32 98096.66 42.06 49631.64 8
1487837 32.37 98097.98 42.00 51333.47 9
1488587 32.41 98100.48 41.96 53090.00 0
1488837 32.32 98100.80 41.94 1859704.88 1
1490086 31.89 98095.58 41.88 2919458.25 2
1494334 31.75 98096.41 41.99 2161477.50 3
1495084 31.98 98096.13 42.05 228418.47 4
1495834 32.11 98096.70 42.04 217779.67 5
1496584 32.15 98094.07 42.05 209235.80 6
1497084 32.23 98095.23 42.04 46059.73 7
1497833 32.32 98094.43 42.02 49344.64 8
1498583 32.37 98094.23 42.00 51240.99 9
1499333 32.39 98091.77 41.94 52761.75 0
1499583 32.31 98093.99 41.91 1849627.50 1
1500832 31.88 98093.12 41.82 2903934.75 2
1505080 31.75 98092.25 41.98 2156357.00 3
1505830 31.96 98090.84 42.04 228724.59 4
1506580 32.10 98094.71 42.05 216673.72 5
1507330 32.14 98093.94 42.06 208979.59 6
1507830 32.23 98094.10 41.99 45960.50 7
1508579 32.31 98092.76 41.99 49545.19 8
1509329 32.36 98092.30 42.01 51148.85 9
1510079 32.38 98091.22 41.93 52794.39 0
1510329 32.31 98094.02 41.89 1849627.50 1
1511828 31.87 98090.59 41.83 2894699.75 2
1515826 31.74 98087.06 41.93 2161477.50 3
1516576 31.96 98088.24 42.00 227505.00 4
1517325 32.09 98089.29 42.06 217225.28 5
1518075 32.13 98089.79 42.04 208214.72 6
1518825 32.22 98091.55 42.03 45812.46 7
1519325 32.30 98090.36 41.98 49174.03 8
1520075 32.35 98089.65 41.96 51026.51 9
1520824 32.38 98088.11 41.91 52859.80 0
1521074 32.30 98088.85 41.90 1852136.50 1
1522573 31.87 98087.21 41.80 2941472.25 2
1526572 31.73 98084.57 41.93 2156357.00 3
1527322 31.95 98085.02 42.03 228877.97 4
1528071 32.08 98085.30 42.01 216124.95 5
1528821 32.13 98085.68 42.00 207203.56 6
1529571 32.21 98086.28 41.97 45911.05 7
1530071 32.30 98086.20 41.97 49060.94 8
1530820 32.34 98084.56 41.96 51302.61 9
1531570 32.37 98085.55 41.91 52502.05 0
1531820 32.30 98087.09 41.89 1840898.88 1
1533319 31.86 98085.34 41.77 2888575.50 2
1537568 31.72 98086.61 41.95 2151260.50 3
1538067 31.95 98086.73 41.97 226900.06 4
1538817 32.07 98089.46 42.00 217225.28 5
1539567 32.13 98089.83 41.96 207455.42 6
1540316 32.20 98088.73 41.94 45567.82 7
1540816 32.29 98088.84 41.97 49174.03 8
1541566 32.34 98089.96 41.95 50996.02 9
1542316 32.36 98089.19 41.91 52437.53 0
1542566 32.29 98089.61 41.87 1850881.13 1
1544065 31.85 98089.01 41.77 2900849.75 2
1548313 31.72 98087.66 41.92 2129451.50 3
1548813 31.95 98088.57 41.92 226598.81 4
1549563 32.07 98088.59 41.98 216811.34 5
1550313 32.13 98090.38 41.97 207077.86 6
1551062 32.21 98090.15 41.95 45960.50 7
1551812 32.29 98089.58 41.92 49145.71 8
1552312 32.34 98087.92 41.92 50935.14 9
1553062 32.36 98086.80 41.91 52599.14 0
1553312 32.28 98088.29 41.85 1844629.63 1
1554811 31.84 98085.61 41.76 2891634.25 2
1559059 31.71 98087.79 41.87 2144502.50 3
1559559 31.94 98087.05 41.93 227202.13 4
1560309 32.06 98088.09 41.97 216124.95 5
1561059 32.11 98090.34 41.97 206701.66 6
1561808 32.20 98089.05 41.95 45812.46 7
1562558 32.28 98088.01 41.95 48948.38 8
1563058 32.33 98087.42 41.89 51026.51 9
1563808 32.35 98088.04 41.90 52405.32 0
1564058 32.28 98089.11 41.86 1844629.63 1
1565557 31.84 98086.11 41.78 2888575.50 2
1569805 31.71 98086.41 41.88 2114610.25 3
1570555 31.93 98086.91 41.94 226298.34 4
1571055 32.06 98087.68 41.94 215171.25 5
1571804 32.11 98089.70 41.95 207581.59 6
1572554 32.19 98089.91 41.94 45714.29 7
1573304 32.28 98090.01 41.93 49174.03 8
1574054 32.32 98089.25 41.90 50996.02 9
1574553 32.34 98088.44 41.82 52664.06 0
1574803 32.27 98088.77 41.83 1837183.25 1
1576303 31.84 98089.34 41.73 2894699.75 2
1580551 31.70 98085.59 41.87 2126135.50 3
1581301 31.93 98085.34 41.92 225252.97 4
1581801 32.05 98086.07 41.95 215851.61 5
1582550 32.10 98087.91 41.94 207329.42 6
1583300 32.18 98087.97 41.92 45714.29 7
1584050 32.27 98087.98 41.88 49145.71 8
1584800 32.32 98089.68 41.88 50753.37 9
1585299 32.34 98089.02 41.86 52534.38 0
1585799 32.27 98090.78 41.78 1845876.50 1
1587049 31.83 98087.28 41.70 2888575.50 2
1591297 31.70 98087.49 41.85 2109709.00 3
1592047 31.92 98086.84 41.93 226448.47 4
1592796 32.05 98088.33 41.91 215035.70 5
1593296 32.09 98087.70 41.87 206451.61 6
1594046 32.18 98087.55 41.86 45763.32 7
1594796 32.27 98086.30 41.88 49089.16 8
1595545 32.31 98086.78 41.84 50965.56 9
1596295 32.33 98086.65 41.81 52566.73 0
1596545 32.25 98088.35 41.81 1831023.75 1
1597795 31.83 98087.73 41.74 2894699.75 2
1602043 31.69 98082.80 41.84 2119534.25 3
1602793 31.91 98084.78 41.87 225849.14 4
1603542 32.04 98087.49 41.92 215035.70 5
1604042 32.09 98087.22 41.89 206202.17 6
1604792 32.17 98085.56 41.88 45616.54 7
1605542 32.26 98087.13 41.90 49259.19 8
1606291 32.31 98087.45 41.84 50813.82 9
1607041 32.33 98087.08 41.82 52405.32 0
1607291 32.25 98088.79 41.77 1831023.75 1
1608540 31.82 98086.69 41.66 2894699.75 2
1612789 31.69 98087.02 41.83 2121180.75 3
1613538 31.91 98086.38 41.85 225849.14 4
1614288 32.04 98087.05 41.87 215851.61 5
1614788 32.09 98089.65 41.88 206701.66 6
1615538 32.16 98086.22 41.86 45665.36 7
1616287 32.25 98088.05 41.89 48780.49 8
1617037 32.30 98086.40 41.83 50783.57 9
1617787 32.32 98084.01 41.78 52341.04 0
1618037 32.25 98085.27 41.76 1843384.38 1
1619286 31.82 98081.75 41.66 2888575.50 2
1623534 31.68 98082.29 41.79 2108080.25 3
1624284 31.91 98082.35 41.87 225998.67 4
1625034 32.03 98081.91 41.88 214765.09 5
1625783 32.08 98083.58 41.87 206576.56 6
1626283 32.16 98082.98 41.87 45616.54 7
1627033 32.25 98084.30 41.83 49060.94 8
1627783 32.29 98083.61 41.79 50813.82 9
1628532 32.32 98079.97 41.80 52308.95 0
1628782 32.24 98081.63 41.77 1828571.38 1
1630032 31.81 98082.38 41.66 2888575.50 2
1634280 31.68 98079.08 41.79 2099974.25 3
1635030 31.90 98078.88 41.83 224659.94 4
1635780 32.03 98079.98 41.85 215306.98 5
1636529 32.08 98080.80 41.88 205953.34 6
1637029 32.16 98079.64 41.84 45470.69 7
1637779 32.24 98079.61 41.82 48976.47 8
1638529 32.29 98081.55 41.79 50813.82 9
1639278 32.32 98080.48 41.77 52117.27 0
1639528 32.24 98081.89 41.73 1820040.00 1
1641028 31.81 98080.97 41.63 2903934.75 2
1645026 31.66 98077.44 41.74 2079187.88 3
1645776 31.90 98080.18 41.81 224364.59 4
1646525 32.02 98082.25 41.84 214225.94 5
1647275 32.07 98084.46 41.85 206077.69 6
1648025 32.15 98084.09 41.86 45616.54 7
1648525 32.24 98086.89 41.82 48780.49 8
1649274 32.29 98086.67 41.74 50632.91 9
1650024 32.31 98086.52 41.73 52181.00 0
1650274 32.23 98087.19 41.72 1820040.00 1
1651773 31.80 98086.23 41.62 2873377.75 2
1655772 31.66 98084.86 41.76 2083948.13 3
1656521 31.89 98084.14 41.78 224217.20 4
1657271 32.01 98084.57 41.80 213689.48 5
1658021 32.06 98085.03 41.83 206952.30 6
1658770 32.15 98084.16 41.82 45567.82 7
1659270 32.23 98083.51 41.83 48920.31 8
1660020 32.28 98083.67 41.77 50844.09 9
1660770 32.30 98080.61 41.71 52021.95 0
1661020 32.23 98082.88 41.72 1816408.00 1
1662519 31.80 98081.80 41.59 2876404.50 2
1666767 31.66 98079.97 41.73 2066599.38 3
1667267 31.89 98079.45 41.81 222899.44 4
1668017 32.01 98078.59 41.81 212889.81 5
1668767 32.06 98080.95 41.78 204472.84 6
1669516 32.14 98077.48 41.79 45519.20 7
1670016 32.23 98076.13 41.81 48808.39 8
1670766 32.27 98072.34 41.72 50572.89 9
1671516 32.30 98072.80 41.68 52053.68 0
1671766 32.22 98073.30 41.66 1813994.63 1
1673265 31.79 98072.82 41.61 2888575.50 2
1677513 31.64 98075.27 41.72 2079187.88 3
1678013 31.89 98078.45 41.81 223336.97 4
1678763 32.01 98078.96 41.80 212757.11 5
1679513 32.06 98080.28 41.75 204963.97 6
1680262 32.14 98079.34 41.76 45470.69 7
1681012 32.22 98078.98 41.75 48586.07 8
1681512 32.27 98078.76 41.70 50483.14 9
1682262 32.30 98079.90 41.71 52053.68 0
1682512 32.22 98081.23 41.64 1800835.38 1
1684011 31.79 98083.03 41.57 2879437.50 2
1688259 31.65 98076.85 41.72 2049537.13 3
1688759 31.88 98079.64 41.76 223776.22 4
1689509 32.00 98080.24 41.78 212492.22 5
1690258 32.05 98078.76 41.76 204718.11 6
1691008 32.14 98076.93 41.75 45422.29 7
1691758 32.22 98071.03 41.77 48503.22 8
1692258 32.27 98069.73 41.71 50753.37 9
1693008 32.29 98072.45 41.69 51926.98 0
1693258 32.21 98073.80 41.69 1798463.25 1
1694757 31.78 98076.02 41.57 2861334.25 2
1699005 31.65 98073.17 41.70 2069732.25 3
1699755 31.88 98072.99 41.73 223190.94 4
1700255 32.00 98071.34 41.78 211701.47 5
1701004 32.05 98072.76 41.74 204963.97 6
1701754 32.14 98077.11 41.74 45277.68 7
1702504 32.22 98074.48 41.74 48586.07 8
1703254 32.27 98075.16 41.71 50274.94 9
1703753 32.29 98079.23 41.65 51800.89 0
1704003 32.21 98078.09 41.65 1799648.50 1
1705503 31.78 98079.17 41.51 2873377.75 2
1709751 31.65 98077.58 41.64 2066599.38 3
1710501 31.87 98079.38 41.73 222753.97 4
1711001 32.00 98080.80 41.76 212360.02 5
1711750 32.05 98081.21 41.73 203862.23 6
1712500 32.13 98078.41 41.72 45181.79 7
1713250 32.21 98078.09 41.72 48448.14 8
1713999 32.26 98078.08 41.69 50453.29 9
1714499 32.29 98078.98 41.67 51706.73 0
1714999 32.21 98079.40 41.62 1803213.75 1
1716249 31.78 98076.21 41.54 2867343.25 2
1720497 31.64 98076.53 41.67 2052618.38 3
1721247 31.87 98075.87 41.73 222318.72 4
1721747 31.99 98076.31 41.73 211439.19 5
1722497 32.04 98076.16 41.71 203984.06 6
1723246 32.13 98074.80 41.71 45325.78 7
1723996 32.21 98076.48 41.70 48311.00 8
1724746 32.25 98077.74 41.71 50483.14 9
1725246 32.28 98078.32 41.67 51926.98 0
1725745 32.20 98079.48 41.64 1798463.25 1
1726995 31.77 98078.03 41.51 2846421.25 2
1731243 31.63 98071.70 41.65 2046465.13 3
1731993 31.87 98073.51 41.71 222318.72 4
1732743 31.98 98075.85 41.71 211570.25 5
1733242 32.04 98075.81 41.73 203619.02 6
1733992 32.12 98074.20 41.69 45133.99 7
1734742 32.20 98069.59 41.68 48420.66 8
1735491 32.25 98063.60 41.67 50186.24 9
1736241 32.28 98067.62 41.66 51769.46 0
1736491 32.20 98069.05 41.63 1784360.75 1
1737741 31.77 98072.26 41.53 2843457.25 2
1741989 31.64 98067.59 41.63 2043402.38 3
1742739 31.86 98068.68 41.71 221597.06 4
1743488 31.98 98071.38 41.72 211701.47 5
1743988 32.03 98072.41 41.72 204350.42 6
1744738 32.12 98073.50 41.69 45133.99 7
1745488 32.20 98073.84 41.71 48201.84 8
1746238 32.25 98071.47 41.67 50513.02 9
1746987 32.27 98073.35 41.63 51738.07 0
1747237 32.20 98074.34 41.60 1789036.88 1
1748487 31.76 98071.81 41.49 2855350.25 2
1752735 31.63 98070.19 41.63 2032754.38 3
1753485 31.86 98070.65 41.68 222318.72 4
1754234 31.98 98072.87 41.70 212096.11 5
1754734 32.03 98074.32 41.66 203497.61 6
1755484 32.12 98073.88 41.70 45277.68 7
1756234 32.20 98072.97 41.72 48174.63 8
1756983 32.25 98074.00 41.66 49951.22 9
1757733 32.27 98074.89 41.58 51488.34 0
1757983 32.19 98075.49 41.62 1792560.13 1
1759232 31.77 98075.78 41.49 2840499.25 2
1763481 31.63 98072.24 41.64 2025216.38 3
1764230 31.86 98071.17 41.69 221166.31 4
1764980 31.98 98070.29 41.72 211308.30 5
1765730 32.02 98069.16 41.66 203376.36 6
1766230 32.11 98069.63 41.67 45181.79 7
1766980 32.20 98070.57 41.67 48147.45 8
1767729 32.24 98070.88 41.67 50186.24 9
1768479 32.27 98070.68 41.61 51271.78 0
1768729 32.19 98071.08 41.57 1796097.38 1
1769978 31.75 98069.38 41.49 2852367.75 2
1774227 31.62 98073.23 41.62 2035785.25 3
1774976 31.85 98076.61 41.67 221741.02 4
1775726 31.98 98077.95 41.71 210916.58 5
1776476 32.02 98079.05 41.68 203740.55 6
1776975 32.11 98080.37 41.70 45133.99 7
1777725 32.20 98081.28 41.66 48201.84 8
1778475 32.24 98081.42 41.67 49922.00 9
1779225 32.27 98079.13 41.62 51271.78 0
1779475 32.19 98080.89 41.54 1779708.88 1
1780974 31.75 98078.67 41.48 2834602.00 2
1784972 31.62 98079.06 41.58 2017734.00 3
1785722 31.85 98079.23 41.66 219742.48 4
1786472 31.98 98080.38 41.65 210396.55 5
1787221 32.02 98081.40 41.69 203255.27 6
1787971 32.11 98081.39 41.62 44849.34 7
1788471 32.19 98082.01 41.63 48147.45 8
1789221 32.23 98080.73 41.62 49863.65 9
1789970 32.26 98081.94 41.59 51519.42 0
1790220 32.19 98085.20 41.52 1773928.13 1
1791720 31.75 98081.40 41.45 2843457.25 2
1795718 31.62 98082.93 41.59 2023715.38 3
1796468 31.84 98082.86 41.69 220880.06 4
1797217 31.97 98084.77 41.69 210786.33 5
1797967 32.02 98084.20 41.66 203013.48 6
1798717 32.10 98084.63 41.65 45133.99 7
1799217 32.18 98083.63 41.66 48039.03 8
1799966 32.23 98085.00 41.63 49892.81 9
1800716 32.26 98085.23 41.61 51457.29 0
1800966 32.18 98086.32 41.54 1775081.25 1
1802465 31.75 98087.52 41.43 2837547.75 2
1806464 31.62 98086.86 41.59 2014756.50 3
1807213 31.85 98086.65 41.64 220025.78 4
1807963 31.97 98087.55 41.65 210396.55 5
1808713 32.02 98087.11 41.67 202531.64 6
1809462 32.10 98088.60 41.68 44802.24 7
1809962 32.18 98088.12 41.68 48039.03 8
1810712 32.23 98089.52 41.63 49747.38 9
1811462 32.25 98087.94 41.60 51581.70 0
1811712 32.18 98091.22 41.53 1782031.75 1
1813211 31.75 98090.34 41.43 2828729.25 2
1817459 31.61 98089.06 41.60 2017734.00 3
1817959 31.84 98089.99 41.65 220309.81 4
1818709 31.96 98090.36 41.65 209621.30 5
1819458 32.01 98088.24 41.66 201337.00 6
1820208 32.10 98089.04 41.65 44896.53 7
1820958 32.18 98085.88 41.65 48066.09 8
1821458 32.23 98087.58 41.58 49602.79 9
1822208 32.25 98087.03 41.58 51210.24 0
1822457 32.18 98088.32 41.53 1770477.63 1
1823957 31.74 98089.38 41.43 2822880.75 2
1828205 31.61 98090.75 41.56 1991249.38 3
1828705 31.84 98091.72 41.64 219318.91 4
1829455 31.96 98090.80 41.63 209621.30 5
1830204 32.01 98088.73 41.61 202531.64 6
1830954 32.10 98087.95 41.64 44943.82 7
1831704 32.18 98086.32 41.63 46817.85 8
1832204 32.23 98087.23 41.60 49863.65 9
1832953 32.25 98086.51 41.57 51333.47 0
1833203 32.18 98088.77 41.50 1770477.63 1
1834703 31.74 98088.04 41.43 2825802.00 2
1838951 31.61 98091.51 41.55 1998536.25 3
1839451 31.84 98087.94 41.61 220594.58 4
1840200 31.96 98089.25 41.64 209879.08 5
1840950 32.01 98090.73 41.63 201455.83 6
1841700 32.10 98091.09 41.62 44755.25 7
1842450 32.18 98091.39 41.61 47904.19 8
1842950 32.23 98092.56 41.56 49922.00 9
1843699 32.25 98091.93 41.53 51118.21 0
1843949 32.17 98094.94 41.50 1763616.75 1
1845449 31.74 98092.98 41.42 2819965.50 2
1849697 31.61 98090.30 41.57 1985458.13 3
1850447 31.83 98089.70 41.61 219459.92 4
1850947 31.96 98092.04 41.65 208724.02 5
1851696 32.00 98092.27 41.63 201574.80 6
1852446 32.09 98092.96 41.59 44755.25 7
1853196 32.17 98093.19 41.62 48039.03 8
1853945 32.21 98092.34 41.58 49980.48 9
1854445 32.25 98093.32 41.55 50996.02 0
1854695 32.17 98094.71 41.50 1763616.75 1
1856195 31.73 98093.14 41.42 2817056.50 2
1860443 31.60 98095.07 41.53 1995615.13 3
1861192 31.83 98094.86 41.63 219037.44 4
1861692 31.96 98096.02 41.64 209364.14 5
1862442 32.00 98093.28 41.60 202651.89 6
1863192 32.09 98093.55 41.61 44896.53 7
1863942 32.17 98094.09 41.60 47743.38 8
1864691 32.22 98092.88 41.60 49863.65 9
1865191 32.24 98091.72 41.53 51426.28 0
1865691 32.16 98091.54 41.49 1762478.50 1
1866940 31.73 98087.17 41.42 2814153.25 2
1871189 31.61 98091.19 41.52 1989798.38 3
1871938 31.83 98090.15 41.59 220167.70 4
1872438 31.95 98090.36 41.62 210008.20 5
1873188 32.00 98090.61 41.64 202291.58 6
1873938 32.09 98092.62 41.59 44849.34 7
1874687 32.17 98091.39 41.59 48066.09 8
1875437 32.22 98093.59 41.54 49631.64 9
1875937 32.25 98094.30 41.51 51240.99 0
1876437 32.16 98094.70 41.51 1767040.50 1
1877686 31.73 98092.48 41.40 2819965.50 2
1881934 31.60 98094.12 41.54 1998536.25 3
1882684 31.83 98095.57 41.62 219178.08 4
1883434 31.95 98095.09 41.61 208724.02 5
1883934 32.00 98094.87 41.61 201337.00 6
1884683 32.08 98094.99 41.58 44896.53 7
1885433 32.17 98095.62 41.57 48066.09 8
1886183 32.21 98095.85 41.54 49718.39 9
1886933 32.24 98095.36 41.52 51210.24 0
1887183 32.16 98097.16 41.51 1764756.63 1
1888432 31.73 98095.09 41.37 2828729.25 2
1892680 31.60 98092.40 41.53 1992702.50 3
1893430 31.82 98091.84 41.59 220025.78 4
1894180 31.95 98091.87 41.64 208469.06 5
1894680 32.00 98092.84 41.59 202411.55 6
1895429 32.08 98093.20 41.60 44661.55 7
1896179 32.17 98093.37 41.59 47958.04 8
1896929 32.21 98093.67 41.50 49545.19 9
1897679 32.24 98094.23 41.52 51057.04 0
1897929 32.16 98094.51 41.48 1753424.63 1
1899178 31.73 98095.37 41.40 2825802.00 2
1903426 31.60 98096.32 41.52 1981136.63 3
1904176 31.82 98095.45 41.57 217779.67 4
1904926 31.95 98098.06 41.56 209235.80 5
1905426 31.99 98096.38 41.58 200981.36 6
1906175 32.08 98097.93 41.60 44475.33 7
1906925 32.16 98093.83 41.61 47663.38 8
1907675 32.21 98090.77 41.51 49459.04 9
1908424 32.24 98092.60 41.46 50996.02 0
1908674 32.16 98096.74 41.48 1745578.50 1
1909924 31.72 98095.05 41.38 2779776.00 2
1914172 31.59 98094.52 41.53 1965451.00 3
1914922 31.82 98091.63 41.57 218476.64 4
1915671 31.95 98088.73 41.62 208341.81 5
1916421 31.99 98089.09 41.60 201337.00 6
1916921 32.08 98094.19 41.56 44568.25 7
1917671 32.16 98099.56 41.53 47796.86 8
1918420 32.21 98104.09 41.50 49602.79 9
1919170 32.23 98103.91 41.47 50813.82 0
1919420 32.16 98104.93 41.48 1751175.75 1
1920670 31.72 98105.88 41.36 2802600.00 2
1924918 31.59 98104.72 41.51 1978266.13 3
1925668 31.82 98104.47 41.57 219884.05 4
1926417 31.95 98105.72 41.60 207707.91 5
1927167 31.99 98102.48 41.57 200156.38 6
1927667 32.07 98101.09 41.59 44475.33 7
1928416 32.16 98102.72 41.56 46613.25 8
1929166 32.21 98106.02 41.50 49573.97 9
1929916 32.23 98103.84 41.49 50844.09 0
1930166 32.16 98102.70 41.50 1750053.38 1
1931665 31.71 98102.32 41.36 2799726.50 2
1935663 31.60 98105.44 41.49 1971126.13 3
1936413 31.81 98100.48 41.59 218197.31 4
1937163 31.95 98101.87 41.59 208214.72 5
1937912 31.99 98099.13 41.57 199571.23 6
1938412 32.07 98098.34 41.57 44568.25 7
1939162 32.16 98098.26 41.55 47877.31 8
1939912 32.20 98098.85 41.54 49516.44 9
1940661 32.23 98100.24 41.48 50723.20 0
1940911 32.16 98103.23 41.49 1747813.13 1
1942411 31.71 98101.16 41.35 2788291.25 2
1946409 31.58 98090.36 41.50 1964037.38 3
1947159 31.81 98090.74 41.53 218057.92 4
1947908 31.94 98089.27 41.56 208724.02 5
1948658 31.99 98090.60 41.59 199921.91 6
1949408 32.07 98090.01 41.54 44336.68 7
1949908 32.16 98092.97 41.53 46766.53 8
1950658 32.20 98092.71 41.51 49401.77 9
1951407 32.23 98092.26 41.47 50965.56 0
1951657 32.16 98094.42 41.43 1747813.13 1
1953157 31.72 98092.95 41.35 2785447.25 2
1957155 31.59 98091.73 41.47 1976834.00 3
1957905 31.81 98094.90 41.55 217640.81 4
1958654 31.94 98096.98 41.57 207581.59 5
1959404 31.99 98096.79 41.58 200744.95 6
1960154 32.06 98096.38 41.57 44614.85 7
1960654 32.15 98097.92 41.52 46715.33 8
1961404 32.20 98101.63 41.52 49487.73 9
1962153 32.22 98101.77 41.47 50996.02 0
1962404 32.14 98102.06 41.49 1746695.13 1
1963903 31.71 98101.16 41.38 2782608.75 2
1967901 31.59 98093.18 41.47 1961216.13 3
1968651 31.80 98089.24 41.56 217225.28 4
1969401 31.94 98088.60 41.56 207455.42 5
1970150 31.99 98090.65 41.57 200039.06 6
1970900 32.07 98093.00 41.53 44382.80 7
1971400 32.15 98093.95 41.51 46766.53 8
1972149 32.19 98092.97 41.48 49545.19 9
1972899 32.22 98094.30 41.47 51118.21 0
1973149 32.14 98096.48 41.41 1737802.25 1
1974648 31.71 98092.80 41.35 2802600.00 2
1978897 31.58 98099.30 41.48 1958403.00 3
1979397 31.81 98098.80 41.55 217087.13 4
1980146 31.94 98102.42 41.57 208341.81 5
1980896 31.98 98101.98 41.54 200039.06 6
1981646 32.07 98102.14 41.46 44382.80 7
1982395 32.15 98103.43 41.51 46613.25 8
1982895 32.20 98105.77 41.48 49344.64 9
1983645 32.22 98105.96 41.45 50935.14 0
1983895 32.14 98108.05 41.43 1744463.38 1
1985394 31.71 98106.79 41.30 2788291.25 2
1989642 31.58 98097.38 41.40 1956999.50 3
1990142 31.80 98095.76 41.50 216949.16 4
1990892 31.93 98097.22 41.53 207961.00 5
1991642 31.98 98097.02 41.51 200273.81 6
1992391 32.07 98102.78 41.52 44429.02 7
1993141 32.15 98104.91 41.46 46715.33 8
1993641 32.20 98103.39 41.47 49259.19 9
1994391 32.22 98101.71 41.47 50844.09 0
1994641 32.14 98101.87 41.37 1748932.50 1
1996140 31.70 98100.68 41.31 2788291.25 2
2000388 31.58 98095.95 41.45 1950011.88 3
2000888 31.80 98099.66 41.49 216811.34 4
2001638 31.93 98097.46 41.48 207455.42 5
2002388 31.98 98098.25 41.52 199921.91 6
2003137 32.06 98097.53 41.48 44244.73 7
2003887 32.15 98101.41 41.49 46715.33 8
2004387 32.19 98103.20 41.49 49259.19 9
2005137 32.21 98099.47 41.41 50753.37 0
2005387 32.14 98098.52 41.41 1736697.00 1
2006886 31.70 98096.33 41.30 2782608.75 2
2011134 31.58 98099.19 41.43 1954198.50 3
2011884 31.80 98097.81 41.48 216261.88 4
2012384 31.93 98099.08 41.48 207961.00 5
2013133 31.98 98099.04 41.51 200156.38 6
2013883 32.06 98097.30 41.47 44336.68 7
2014633 32.14 98096.66 41.48 46613.25 8
2015133 32.19 98098.76 41.46 48836.32 9
2015882 32.21 98100.20 41.44 50602.89 0
2016132 32.14 98100.49 41.38 1734490.75 1
2017632 31.70 98097.19 41.30 2791141.50 2
2021880 31.58 98099.93 41.44 1945843.25 3
2022630 31.80 98098.37 41.44 216398.98 4
2023129 31.93 98097.38 41.51 207203.56 5
2023879 31.97 98095.66 41.47 199571.23 6
2024629 32.06 98096.28 41.48 44107.51 7
2025379 32.14 98098.16 41.48 46664.23 8
2026128 32.19 98097.27 41.43 49202.38 9
2026628 32.21 98097.84 41.42 50393.70 0
2026878 32.14 98099.21 41.38 1737802.25 1
2028377 31.70 98095.77 41.28 2762900.50 2
2032626 31.57 98094.78 41.41 1945843.25 3
2033375 31.80 98095.48 41.48 215851.61 4
2033875 31.93 98096.08 41.46 206202.17 5
2034625 31.98 98095.91 41.49 200273.81 6
2035375 32.06 98094.73 41.50 44061.96 7
2036124 32.14 98094.47 41.45 46511.63 8
2036874 32.19 98093.71 41.41 49060.94 9
2037374 32.21 98092.47 41.42 50304.58 0
2037874 32.14 98091.97 41.39 1736697.00 1
2039123 31.70 98088.96 41.28 2768502.75 2
2043371 31.57 98089.76 41.40 1951405.38 3
2044121 31.80 98088.52 41.47 216261.88 4
2044621 31.93 98089.09 41.49 207834.38 5
2045371 31.97 98090.34 41.44 199921.91 6
2046120 32.06 98092.13 41.45 44290.66 7
2046870 32.14 98093.93 41.45 46511.63 8
2047620 32.18 98093.46 41.43 49344.64 9
2048120 32.21 98094.48 41.40 50693.07 0
2048619 32.14 98094.58 41.36 1730095.00 1
2049869 31.69 98089.38 41.25 2796859.00 2
2054117 31.57 98088.84 41.37 1952801.00 3
2054867 31.79 98089.59 41.44 215988.19 4
2055616 31.93 98091.12 41.48 208724.02 5
2056116 31.97 98093.02 41.44 199221.80 6
2056866 32.05 98094.23 41.46 44382.80 7
2057616 32.14 98097.34 41.43 46259.49 8
2058365 32.18 98097.70 41.41 49174.03 9
2059115 32.21 98096.66 41.37 50423.48 0
2059365 32.13 98096.67 41.34 1719202.50 1
2060614 31.69 98093.42 41.26 2746228.75 2
2064863 31.57 98094.73 41.36 1934813.38 3
2065612 31.79 98092.15 41.41 215306.98 4
2066362 31.92 98092.37 41.46 206576.56 5
2066862 31.97 98092.34 41.43 198757.77 6
2067612 32.05 98091.99 41.45 44153.16 7
2068362 32.13 98091.97 41.41 46360.02 8
2069111 32.18 98091.70 41.39 48948.38 9
2069861 32.20 98091.06 41.40 50393.70 0
2070111 32.13 98093.28 41.33 1718120.75 1
2071360 31.69 98090.98 41.22 2771312.50 2
2075609 31.57 98088.59 41.37 1936185.25 3
2076358 31.79 98087.67 41.40 216124.95 4
2077108 31.92 98087.66 41.41 206451.61 5
2077608 31.96 98087.13 41.44 198989.50 6
2078358 32.05 98088.10 41.42 44244.73 7
2079107 32.14 98089.79 41.38 46410.44 8
2079857 32.18 98089.05 41.36 49202.38 9
2080607 32.20 98090.13 41.34 50453.29 0
2080857 32.13 98091.59 41.35 1727905.50 1
2082106 31.69 98090.27 41.22 2771312.50 2
2086354 31.56 98085.81 41.34 1940312.63 3
2087104 31.79 98087.23 41.40 215988.19 4
2087854 31.91 98089.09 41.44 206576.56 5
2088603 31.96 98090.81 41.41 198757.77 6
2089103 32.04 98090.98 41.43 44107.51 7
2089853 32.13 98090.88 41.38 46460.98 8
2090603 32.18 98090.41 41.38 49174.03 9
2091352 32.20 98090.05 41.32 50632.91 0
2091602 32.12 98090.23 41.32 1735593.25 1
2092852 31.68 98088.02 41.20 2765698.75 2
2097100 31.56 98086.59 41.33 1943074.00 3
2097850 31.78 98085.93 41.39 215442.88 4
2098600 31.91 98085.71 41.41 206701.66 5
2099349 31.96 98085.40 41.40 199338.14 6
2099849 32.04 98086.99 41.40 44107.51 7
2100599 32.12 98085.92 41.33 46360.02 8
2101349 32.17 98084.68 41.31 49060.94 9
2102098 32.20 98086.87 41.32 50245.34 0
2102348 32.11 98085.20 41.31 1731191.88 1
2103598 31.69 98088.08 41.20 2760107.75 2
2107846 31.56 98086.12 41.32 1926622.75 3
2108596 31.78 98084.55 41.39 215578.95 4
2109345 31.91 98085.94 41.39 207581.59 5
2110095 31.96 98087.51 41.39 199454.61 6
2110595 32.04 98086.47 41.35 44107.51 7
2111345 32.13 98087.54 41.32 46410.44 8
2112094 32.17 98085.45 41.34 49174.03 9
2112844 32.20 98085.61 41.29 50632.91 0
2113094 32.12 98085.71 41.28 1726812.88 1
2114594 31.68 98083.45 41.14 2746228.75 2
2118592 31.56 98079.09 41.29 1932075.50 3
2119342 31.77 98078.94 41.35 215851.61 4
2120092 31.91 98082.66 41.37 206952.30 5
2120841 31.96 98082.32 41.40 199454.61 6
2121341 32.04 98084.00 41.37 44107.51 7
2122091 32.12 98086.83 41.35 46410.44 8
2122841 32.16 98087.14 41.33 48948.38 9
2123590 32.19 98087.20 41.27 50602.89 0
2123840 32.12 98089.04 41.26 1724631.63 1
2125340 31.68 98088.73 41.18 2785447.25 2
2129338 31.55 98094.68 41.30 1936185.25 3
2130087 31.78 98094.63 41.34 216398.98 4
2130837 31.90 98092.98 41.37 206451.61 5
2131587 31.95 98090.12 41.37 199921.91 6
2132337 32.03 98090.90 41.36 44061.96 7
2132836 32.12 98092.97 41.34 46259.49 8
2133586 32.16 98094.48 41.31 48724.78 9
2134336 32.18 98097.13 41.26 49951.22 0
2134586 32.11 98097.83 41.23 1713807.50 1
2136085 31.67 98094.93 41.18 2748993.25 2
2140083 31.55 98094.45 41.29 1926622.75 3
2140833 31.77 98090.23 41.37 215715.19 4
2141583 31.90 98090.65 41.33 206326.81 5
2142333 31.95 98089.73 41.33 198757.77 6
2143082 32.03 98089.17 41.33 44016.51 7
2143582 32.12 98091.52 41.31 46109.51 8
2144332 32.16 98090.55 41.25 48696.98 9
2145082 32.18 98092.93 41.26 50513.02 0
2145331 32.11 98094.88 41.25 1727905.50 1
2146831 31.67 98093.84 41.15 2757320.75 2
2151079 31.54 98083.14 41.27 1923908.00 3
2151579 31.77 98086.30 41.35 214900.31 4
2152328 31.89 98087.53 41.36 205210.42 5
2153078 31.95 98088.31 41.32 198873.56 6
2153828 32.02 98088.20 41.30 44153.16 7
2154328 32.11 98088.78 41.30 46460.98 8
2155077 32.16 98088.84 41.32 49004.59 9
2155827 32.18 98090.61 41.27 50393.70 0
2156077 32.11 98091.25 41.21 1715961.50 1
2157576 31.67 98092.12 41.14 2735225.50 2
2161825 31.54 98092.38 41.27 1913124.75 3
2162324 31.76 98088.53 41.33 215035.70 4
2163074 31.89 98087.57 41.32 206451.61 5
2163824 31.94 98087.81 41.36 198526.56 6
2164574 32.02 98087.66 41.33 43835.62 7
2165323 32.11 98090.85 41.30 46460.98 8
2165823 32.15 98095.49 41.28 49004.59 9
21