=~=~=~=~=~=~=~=~=~=~=~= PuTTY log 2024.11.22 02:26:49 =~=~=~=~=~=~=~=~=~=~=~=
8185236 30.00 99615.98 35.20 159900.06 0
8185486 29.93 99619.27 35.20 9495219.00 1
8186736 29.51 99630.17 35.05 7022717.50 2
8190984 29.41 99662.34 35.22 5310859.00 3
8191734 29.63 99668.26 35.28 629572.69 4
8192483 29.76 99674.66 35.24 626683.00 5
8193233 29.82 99679.54 35.25 620982.44 6
8492618 30.95 99810.07 38.65 250734.58 4
8493367 31.08 99807.91 38.67 253716.55 5
8494117 31.13 99807.52 38.72 252777.09 6
8494617 31.21 99803.74 38.70 63760.90 7
8495367 31.30 99804.93 38.68 67599.68 8
8496116 31.36 99803.63 38.63 69926.25 9
8496866 31.38 99803.45 38.63 72112.68 0
8497116 31.32 99803.74 38.53 2147876.25 1
8498366 30.88 99802.15 38.47 1745578.50 2
8502614 30.78 99802.09 38.56 1574476.25 3
8503364 30.99 99800.96 38.64 247283.27 4
8504113 31.13 99801.24 38.76 248362.84 5
8504863 31.18 99801.72 38.68 248182.27 6
8505363 31.26 99801.25 38.68 62683.64 7
8506112 31.35 99801.51 38.65 66805.84 8
8506862 31.40 99800.65 38.64 69301.57 9
8507612 31.43 99801.30 38.63 71091.37 0
8507862 31.36 99800.80 38.58 2088730.25 1
8509111 30.92 99796.95 38.48 1700996.63 2
8513359 30.82 99785.95 38.78 1545952.13 3
8514109 31.04 99784.31 38.67 243057.20 4
8514859 31.17 99786.30 38.66 245504.67 5
8515609 31.21 99784.31 38.73 244976.08 6
8516108 31.30 99785.73 38.67 62181.20 7
8516858 31.39 99785.01 38.66 65775.95 8
8517608 31.44 99781.45 38.63 68193.93 9
8518357 31.47 99778.55 38.63 69811.84 0
8518607 31.39 99778.30 38.57 2041874.38 1
8520107 30.96 99769.13 38.48 1675941.13 2
8524105 30.85 99761.86 38.63 1519287.88 3
8524855 31.07 99760.07 38.67 239476.14 4
8525605 31.21 99762.41 38.71 241509.44 5
8526354 31.26 99761.13 38.67 241168.16 6
8526854 31.34 99757.66 38.65 60981.42 7
8527604 31.43 99756.56 38.66 64728.19 8
8528353 31.47 99757.47 38.62 67546.17 9
8529103 31.50 99754.95 38.61 69133.13 0
8529353 31.43 99755.20 38.63 1995615.13 1
8530852 31.00 99752.23 38.50 1632848.38 2
8534851 30.90 99753.05 38.47 1469153.50 3
8535600 31.11 99755.08 38.65 235510.58 4
8536350 31.24 99758.70 38.70 237807.70 5
8537100 31.29 99755.60 38.66 236982.19 6
8537600 31.37 99755.62 38.64 60079.79 7
8538349 31.46 99753.66 38.64 63808.57 8
8539099 31.51 99752.31 38.63 65523.42 9
8539849 31.53 99750.98 38.60 67814.57 0
8540099 31.46 99750.46 38.58 1958403.00 1
8541598 31.03 99740.59 38.48 1599375.25 2
8545596 30.91 99733.70 38.54 1441238.63 3
8546346 31.14 99732.39 38.68 233098.11 4
8547096 31.27 99733.98 38.70 233576.64 5
8547845 31.32 99734.15 38.62 233416.91 6
8548345 31.40 99732.48 38.66 59040.59 7
8549095 31.49 99730.70 38.64 63054.19 8
8549845 31.54 99730.49 38.60 65272.82 9
8550595 31.57 99729.34 38.60 67226.89 0
8550845 31.50 99729.52 38.58 1907778.25 1
8552344 31.06 99727.88 38.38 1561868.50 2
8556342 30.95 99723.45 38.53 1414364.63 3
8557092 31.16 99723.48 38.61 229031.53 4
8557842 31.30 99721.96 38.58 230578.70 5
8558591 31.35 99723.09 38.66 231989.13 6
8559341 31.43 99723.24 38.65 58634.91 7
8559841 31.51 99719.52 38.61 61910.52 8
8560590 31.56 99717.84 38.61 64679.13 9
8561340 31.59 99717.70 38.55 66286.90 0
8561590 31.51 99717.05 38.52 1866059.25 1
8563090 31.10 99715.47 38.41 1534657.13 2
8567088 30.97 99704.62 38.50 1389888.00 3
8567838 31.20 99702.69 38.60 227505.00 4
8568587 31.33 99703.22 38.64 227808.67 5
8569337 31.38 99702.42 38.64 228418.47 6
8570087 31.46 99702.15 38.65 58274.53 7
8570587 31.54 99701.20 38.62 61288.00 8
8571336 31.59 99698.59 38.60 64048.04 9
8572086 31.62 99696.28 38.57 65523.42 0
8572336 31.56 99698.86 38.51 1816408.00 1
8573835 31.12 99694.21 38.50 1504223.25 2
8577834 31.00 99692.05 38.65 1367612.75 3
8578583 31.22 99691.06 38.64 222029.48 4
8579333 31.35 99693.26 38.64 225998.67 5
8580083 31.40 99693.20 38.66 225252.97 6
8580833 31.48 99693.20 38.62 57334.83 7
8581332 31.57 99689.60 38.61 60634.77 8
8582082 31.61 99688.09 38.57 62868.37 9
8582832 31.64 99685.59 38.56 64875.82 0
8583082 31.57 99687.21 38.51 1793737.63 1
8584581 31.14 99685.23 38.41 1455062.13 2
8588579 31.03 99681.17 38.52 1336814.63 3
8589329 31.25 99681.13 38.62 219459.92 4
8590079 31.38 99680.79 38.61 221885.16 5
8590829 31.43 99678.70 38.61 221741.02 6
8591578 31.50 99675.48 38.60 56574.59 7
8592078 31.59 99673.38 38.59 59911.07 8
8592828 31.63 99672.88 38.57 62226.54 9
8593578 31.66 99668.79 38.51 64434.94 0
8593828 31.59 99669.66 38.51 1753424.63 1
8595327 31.17 99669.33 38.41 1438202.25 2
8599325 31.04 99668.55 38.45 1323852.63 3
8600075 31.27 99672.17 38.60 216398.98 4
8600825 31.40 99672.37 38.64 218756.67 5
8601575 31.45 99669.17 38.59 217779.67 6
8602324 31.52 99666.12 38.57 56164.98 7
8602824 31.62 99665.11 38.58 59204.44 8
8603574 31.66 99661.44 38.57 61508.89 9
8604323 31.69 99658.05 38.53 63147.51 0
8604573 31.62 99658.77 38.47 1718120.75 1
8606073 31.19 99654.14 38.35 1405628.00 2
8610071 31.07 99649.97 38.72 1303628.25 3
8610821 31.29 99646.94 38.59 213689.48 4
8611570 31.42 99646.11 38.59 216949.16 5
8612320 31.46 99646.98 38.56 216811.34 6
8613070 31.55 99647.05 38.57 55077.45 7
8613570 31.63 99648.20 38.56 58234.76 8
8614319 31.68 99649.88 38.54 60548.72 9
8615069 31.70 99650.94 38.52 62317.43 0
8615319 31.63 99650.88 38.46 1683172.38 1
8616818 31.21 99650.32 38.41 1387064.00 2
8621067 31.09 99640.13 38.46 1282806.13 3
8621566 31.31 99630.84 38.59 211570.25 4
8622316 31.44 99626.29 38.60 213288.89 5
8623066 31.49 99625.06 38.59 212624.58 6
8623816 31.57 99626.93 38.56 54584.22 7
8624316 31.66 99629.94 38.56 57761.73 8
8625065 31.70 99630.66 38.52 60122.13 9
8625815 31.73 99631.21 38.49 61508.89 0
8626065 31.66 99631.69 38.46 1667752.50 1
8627564 31.23 99626.61 38.44 1355393.75 2
8631812 31.11 99627.33 38.59 1262638.75 3
8632312 31.33 99623.80 38.54 208596.45 4
8633062 31.46 99625.31 38.58 210916.58 5
8633812 31.50 99622.70 38.56 211701.47 6
8634561 31.59 99623.63 38.56 53826.75 7
8635311 31.68 99623.04 38.52 57028.29 8
8635811 31.72 99622.81 38.52 59081.47 9
8636561 31.75 99622.28 38.50 60981.42 0
8636811 31.68 99620.83 38.48 1629924.38 1
8638310 31.25 99617.77 38.35 1347368.38 2
8642558 31.13 99609.73 38.51 1245363.38 3
8643058 31.35 99610.16 38.55 207329.42 4
8643808 31.48 99609.40 38.53 209235.80 5
8644558 31.53 99607.75 38.53 208469.06 6
8645307 31.61 99607.81 38.54 53288.93 7
8646057 31.70 99604.66 38.52 56838.37 8
8646557 31.75 99608.64 38.52 59245.55 9
8647307 31.77 99607.27 38.49 60894.39 0
8647557 31.70 99607.26 38.44 1600312.50 1
8649056 31.27 99604.47 38.45 1320012.88 2
8653304 31.15 99591.77 38.44 1223051.63 3
8653804 31.36 99590.54 38.56 204718.11 4
8654554 31.49 99590.36 38.54 206952.30 5
8655303 31.54 99591.88 38.58 207329.42 6
8656053 31.63 99591.79 38.54 52827.07 7
8656803 31.71 99590.29 38.52 56054.30 8
8657303 31.77 99592.37 38.49 58195.04 9
8658052 31.79 99592.57 38.45 59743.29 0
8658302 31.72 99593.33 38.45 1583607.25 1
8659802 31.29 99593.30 38.33 1291298.88 2
8664050 31.17 99586.65 38.34 1210044.38 3
8664550 31.39 99586.91 38.53 203013.48 4
8665300 31.51 99585.46 38.54 203134.30 5
8666049 31.56 99582.97 38.49 205457.47 6
8666799 31.64 99580.77 38.53 52437.53 7
8667549 31.74 99583.26 38.51 55291.58 8
8668049 31.79 99580.21 38.48 57840.04 9
8668798 31.81 99579.97 38.45 59327.93 0
8669048 31.74 99581.24 38.39 1551221.38 1
8670548 31.31 99582.37 38.31 1280400.13 2
8674796 31.17 99576.21 38.40 1195214.50 3
8675546 31.40 99575.48 38.49 200273.81 4
8676045 31.52 99570.59 38.53 202291.58 5
8676795 31.58 99569.18 38.56 200981.36 6
8677545 31.66 99567.11 38.52 52244.90 7
8678295 31.75 99565.83 38.49 55041.93 8
8678795 31.80 99568.11 38.45 57296.33 9
8679544 31.82 99565.84 38.45 58634.91 0
8679794 31.75 99565.51 38.39 1518443.00 1
8681294 31.32 99567.62 38.34 1267326.75 2
8685542 31.20 99563.16 38.35 1173639.00 3
8686292 31.42 99558.30 38.47 198526.56 4
8686791 31.54 99555.31 38.45 201455.83 5
8687541 31.59 99554.51 38.53 201455.83 6
8688291 31.67 99555.40 38.51 51706.73 7
8689040 31.77 99553.50 38.49 53997.05 8
8689790 31.81 99553.02 38.44 56725.02 9
8690290 31.84 99552.95 38.42 57605.76 0
8690540 31.77 99553.28 38.40 1467574.38 1
8692039 31.35 99556.73 38.35 1247639.38 2
8696288 31.21 99552.72 38.39 1164629.00 3
8697037 31.44 99550.09 38.48 195569.14 4
8697537 31.55 99548.22 38.45 199687.98 5
8698287 31.61 99549.20 38.47 197607.09 6
8699037 31.69 99549.52 38.48 50874.40 7
8699786 31.79 99549.55 38.48 53355.57 8
8700536 31.83 99550.80 38.44 56313.24 9
8701036 31.86 99551.13 38.40 57918.55 0
8701286 31.78 99550.37 38.39 1447349.88 1
8702785 31.35 99549.46 38.30 1234106.63 2
8707033 31.23 99547.58 38.41 1154778.63 3
8707783 31.45 99542.80 38.43 193902.67 4
8708283 31.57 99541.70 38.47 196018.38 5
8709033 31.62 99541.43 38.45 196809.53 6
8709782 31.71 99541.02 38.46 50844.09 7
8710532 31.80 99539.97 38.44 53691.27 8
8711282 31.84 99538.83 38.42 55652.18 9
8711782 31.87 99536.24 38.39 57028.29 0
8712282 31.79 99535.99 38.40 1436688.88 1
8713531 31.36 99534.76 38.26 1214349.25 2
8717779 31.24 99526.91 38.52 1140311.75 3
8718529 31.46 99523.92 38.43 191832.14 4
8719029 31.59 99522.13 38.48 194787.91 5
8719779 31.64 99521.15 38.49 195905.88 6
8720528 31.71 99521.05 38.46 50009.77 7
8721278 31.81 99521.98 38.39 53024.03 8
8722028 31.86 99523.79 38.44 54654.14 9
8722528 31.89 99522.75 38.39 56838.37 0
8723028 31.81 99523.73 38.36 1405628.00 1
8724277 31.38 99523.88 38.23 1191043.88 2
8728525 31.26 99518.62 38.35 1125274.75 3
8729275 31.48 99516.34 38.47 186861.31 4
8729775 31.60 99514.72 38.47 192916.36 5
8730525 31.65 99512.48 38.46 193682.63 6
8731274 31.73 99511.68 38.43 49631.64 7
8732024 31.82 99512.73 38.43 52566.73 8
8732774 31.87 99511.43 38.41 54689.17 9
8733274 31.90 99511.64 38.37 56239.02 0
8733774 31.84 99512.89 38.36 1382849.38 1
8735023 31.41 99512.49 38.20 1176673.38 2
8739271 31.26 99504.15 38.32 1114254.63 3
8740021 31.48 99500.94 38.41 185238.78 4
8740771 31.61 99497.37 38.43 187271.39 5
8741271 31.66 99497.24 38.40 187271.39 6
8742020 31.75 99499.07 38.41 49373.19 7
8742770 31.84 99500.12 38.42 51990.25 8
8743520 31.88 99499.39 38.37 54099.75 9
8744269 31.91 99503.21 38.36 56350.43 0
8744519 31.83 99502.50 38.38 1370358.00 1
8745769 31.40 99502.61 38.25 1153802.88 2
8750017 31.29 99505.31 38.42 1101667.63 3
8750767 31.50 99500.20 38.37 184438.05 4
8751517 31.63 99500.69 38.47 185843.92 5
8752016 31.68 99494.40 38.44 186046.52 6
8752766 31.77 99496.38 38.40 49202.38 7
8753516 31.86 99495.32 38.41 51990.25 8
8754265 31.91 99493.08 38.36 54202.84 9
8755015 31.93 99491.02 38.33 55291.58 0
8755265 31.85 99491.34 38.33 1348699.38 1
8756515 31.43 99487.38 38.23 1152828.63 2
8760763 31.30 99498.05 38.36 1089361.75 3
8761513 31.51 99498.42 38.37 182076.81 4
8762262 31.64 99499.49 38.39 184637.58 5
8762762 31.69 99498.30 38.41 184438.05 6
8763512 31.77 99496.04 38.39 48724.78 7
8764262 31.86 99493.89 38.41 51581.70 8
8765011 31.91 99488.84 38.38 52761.75 9
8765761 31.93 99482.95 38.31 54444.92 0
8766011 31.86 99483.14 38.32 1336814.63 1
8767261 31.43 99476.02 38.23 1139360.25 2
8771509 31.30 99475.88 38.36 1078178.50 3
8772259 31.52 99475.14 38.44 179397.34 4
8773008 31.64 99475.30 38.38 183249.83 5
8773508 31.70 99477.43 38.47 183644.19 6
8774258 31.79 99481.01 38.39 48311.00 7
8775008 31.88 99483.70 38.38 50572.89 8
8775757 31.92 99486.67 38.36 52958.21 9
8776507 31.94 99486.30 38.30 54031.24 0
8776757 31.87 99487.11 38.32 1321290.38 1
8778006 31.44 99480.44 38.25 1130866.88 2
8782254 31.32 99468.15 38.32 1063896.13 3
8783004 31.53 99465.00 38.36 179964.84 4
8783754 31.66 99468.37 38.41 181689.14 5
8784254 31.71 99467.59 38.33 181689.14 6
8785004 31.80 99468.16 38.36 47931.10 7
8785753 31.89 99471.34 38.36 50393.70 8
8786503 31.93 99470.84 38.34 52276.90 9
8787253 31.96 99469.37 38.30 53691.27 0
8787503 31.88 99467.08 38.29 1298668.38 1
8788752 31.45 99464.68 38.23 1112438.88 2
8793000 31.33 99476.59 38.32 1055670.13 3
8793750 31.54 99474.85 38.33 178646.20 4
8794499 31.67 99472.95 38.42 179775.28 5
8794999 31.73 99468.92 38.38 180535.97 6
8795749 31.82 99465.71 38.35 46159.39 7
8796499 31.90 99461.29 38.34 50127.28 8
8797248 31.94 99456.64 38.32 52181.00 9
8797998 31.96 99454.45 38.32 53288.93 0
8798248 31.90 99455.73 38.30 1286432.13 1
8799498 31.46 99451.38 38.24 1103448.25 2
8803746 31.34 99450.32 38.24 1045164.56 3
8804495 31.55 99453.35 38.37 178272.98 4
8805245 31.69 99459.25 38.35 179208.95 5
8805995 31.73 99456.05 38.35 179208.95 6
8806495 31.82 99459.55 38.37 46410.44 7
8807244 31.91 99460.32 38.35 50215.77 8
8807994 31.95 99458.06 38.33 51958.59 9
8808744 31.97 99458.79 38.27 53455.84 0
8808994 31.90 99460.22 38.24 1276808.00 1
8810243 31.48 99461.71 38.14 1096359.75 2
8814491 31.35 99449.66 38.27 1036437.25 3
8815241 31.57 99450.52 38.33 175703.50 4
8815991 31.70 99448.80 38.32 176795.58 5
8816740 31.74 99447.61 38.34 178459.39 6
8817240 31.83 99446.54 38.33 45861.70 7
8817990 31.92 99447.75 38.30 49922.00 8
8818740 31.96 99447.23 38.28 51118.21 9
8819489 31.98 99443.05 38.26 52373.16 0
8819739 31.92 99444.44 38.19 1257985.25 1
8820989 31.48 99440.01 38.15 1081594.88 2
8825237 31.36 99434.17 38.24 1025538.31 3
8825987 31.57 99434.98 38.33 174446.34 4
8826736 31.70 99439.54 38.33 176612.63 5
8827486 31.76 99443.53 38.32 176795.58 6
8827986 31.84 99441.94 38.31 45763.32 7
8828736 31.93 99440.39 38.29 49117.42 8
8829485 31.97 99439.80 38.29 51457.29 9
8830235 32.00 99437.87 38.24 52341.04 0
8830485 31.93 99436.84 38.22 1246500.25 1
8831735 31.49 99431.23 38.22 1063067.75 2
8835983 31.38 99434.02 38.20 1008867.00 3
8836733 31.59 99432.62 38.30 173031.42 4
8837482 31.71 99430.23 38.32 174446.34 5
8838232 31.77 99431.80 38.29 175162.50 6
8838732 31.85 99433.85 38.30 45373.98 7
8839481 31.94 99434.18 38.29 49174.03 8
8840231 31.98 99432.59 38.28 50693.07 9
8840981 32.00 99432.45 38.24 52276.90 0
8841231 31.93 99431.52 38.22 1238584.88 1
8842480 31.50 99423.93 38.18 1060590.38 2
8846728 31.38 99425.06 38.26 1012608.19 3
8847478 31.59 99424.15 38.32 171639.30 4
8848228 31.72 99423.36 38.26 173913.05 5
8848977 31.77 99421.95 38.35 174803.69 6
8849477 31.86 99419.42 38.29 44991.21 7
8850227 31.94 99420.05 38.31 48780.49 8
8850977 31.99 99419.80 38.25 50274.94 9
8851726 32.02 99423.63 38.23 52181.00 0
8851976 31.95 99425.63 38.18 1218684.88 1
8853226 31.50 99432.77 38.10 1046767.19 2
8857474 31.39 99431.98 38.22 997807.56 3
8858224 31.60 99432.16 38.30 171123.00 4
8858973 31.73 99431.91 38.31 173559.33 5
8859723 31.79 99429.30 38.30 173736.00 6
8860223 31.87 99427.49 38.28 44991.21 7
8860973 31.95 99423.98 38.28 48503.22 8
8861722 31.99 99421.02 38.28 50542.94 9
8862472 32.02 99417.98 38.21 52053.68 0
8862722 31.96 99418.90 38.23 1210044.38 1
8864221 31.52 99414.95 38.09 1038013.19 2
8868219 31.39 99406.84 38.22 992007.75 3
8868969 31.61 99405.50 38.31 170439.42 4
8869719 31.75 99407.82 38.27 172506.73 5
8870469 31.80 99408.43 38.29 171812.08 6
8870969 31.88 99409.34 38.27 44755.25 7
8871718 31.96 99409.60 38.23 48201.84 8
8872468 32.01 99411.27 38.24 50039.09 9
8873218 32.03 99411.82 38.22 51675.41 0
8873468 31.96 99411.91 38.16 1196261.63 1
8874967 31.53 99407.98 38.10 1030959.00 2
8878965 31.40 99404.51 38.22 981312.88 3
8879715 31.61 99404.13 38.28 169256.20 4
8880465 31.75 99408.36 38.27 171639.30 5
8881215 31.80 99412.17 38.31 171812.08 6
8881714 31.89 99412.94 38.27 44475.33 7
8882464 31.97 99410.19 38.26 46817.85 8
8883214 32.01 99407.62 38.23 49459.04 9
8883964 32.04 99405.91 38.22 50662.97 0
8884214 31.98 99406.94 38.10 1172631.00 1
8885713 31.54 99402.92 38.08 1015621.13 2
8889711 31.41 99411.26 38.12 975702.69 3
8890461 31.63 99406.84 38.23 168754.13 4
8891211 31.76 99405.73 38.29 170269.38 5
8891961 31.81 99405.27 38.21 170780.52 6
8892710 31.89 99403.48 38.27 44336.68 7
8893210 31.98 99401.27 38.23 46460.98 8
8893960 32.02 99398.27 38.19 49430.39 9
8894710 32.04 99398.21 38.20 50783.57 0
8894960 31.97 99399.31 38.15 1171624.75 1
8896459 31.56 99403.02 38.04 1008122.06 2
8900457 31.42 99399.01 38.22 966037.75 3
8901207 31.64 99396.63 38.23 166287.75 4
8901957 31.77 99397.41 38.21 168921.14 5
8902706 31.82 99398.85 38.27 169256.20 6
8903456 31.90 99399.37 38.23 43971.14 7
8903956 31.98 99395.93 38.23 46059.73 8
8904706 32.03 99394.17 38.20 49145.71 9
8905455 32.06 99392.98 38.16 50783.57 0
8905705 31.98 99393.78 38.18 1162645.50 1
8907205 31.55 99392.37 38.03 1008122.06 2
8911203 31.43 99385.55 38.19 961954.00 3
8911953 31.64 99382.40 38.27 165481.58 4
8912702 31.78 99383.48 38.28 167101.83 5
8913452 31.82 99383.44 38.25 169088.50 6
8914202 31.91 99380.11 38.23 43478.26 7
8914702 32.00 99378.93 38.22 46109.51 8
8915451 32.04 99380.45 38.20 48836.32 9
8916201 32.06 99380.56 38.14 50334.25 0
8916451 32.00 99382.46 38.12 1147982.13 1
8917950 31.56 99383.24 38.01 990568.31 2
8921949 31.43 99377.95 38.09 951894.00 3
8922699 31.65 99377.75 38.20 164842.23 4
8923448 31.79 99378.52 38.22 166775.25 5
8924198 31.84 99378.19 38.19 168089.30 6
8924948 31.91 99376.64 38.23 43522.61 7
8925448 32.00 99377.95 38.19 45763.32 8
8926197 32.05 99379.99 38.17 48586.07 9
8926947 32.06 99379.80 38.16 49689.44 0
8927197 32.01 99382.90 38.09 1142219.75 1
8928696 31.56 99380.00 38.01 986275.00 2
8932695 31.44 99372.88 38.04 943996.31 3
8933444 31.66 99370.95 38.17 163892.45 4
8934194 31.79 99369.36 38.24 165803.11 5
8934944 31.84 99369.93 38.18 166125.89 6
8935693 31.92 99369.80 38.21 43257.86 7
8936193 32.01 99370.85 38.17 45373.98 8
8936943 32.05 99368.89 38.15 48229.09 9
8937693 32.07 99370.14 38.15 49747.38 0
8937943 32.01 99371.38 38.09 1127132.63 1
8939442 31.57 99373.59 38.05 977799.00 2
8943441 31.45 99365.95 38.14 936871.00 3
8944190 31.66 99363.09 38.23 162953.53 4
8944940 31.79 99362.48 38.14 165161.30 5
8945690 31.84 99361.65 38.13 165161.30 6
8946440 31.93 99363.84 38.18 43301.76 7
8946939 32.01 99360.98 38.21 45567.82 8
8947689 32.06 99362.46 38.16 46766.53 9
8948439 32.08 99362.13 38.13 49718.39 0
8948689 32.01 99360.85 38.10 1126202.88 1
8950188 31.58 99361.30 38.09 975005.94 2
8954436 31.45 99366.18 38.13 936228.56 3
8954936 31.67 99367.23 38.22 161871.64 4
8955686 31.81 99370.17 38.21 164842.23 5
8956436 31.85 99367.85 38.23 164524.42 6
8957185 31.93 99366.75 38.19 42909.82 7
8957685 32.02 99365.66 38.16 45133.99 8
8958435 32.06 99363.73 38.12 46817.85 9
8959184 32.09 99365.44 38.11 49344.64 0
8959434 32.02 99364.76 38.10 1106130.13 1
8960934 31.59 99366.27 37.98 964672.63 2
8965182 31.46 99362.50 38.09 924187.75 3
8965682 31.68 99359.91 38.13 161107.61 4
8966431 31.81 99360.25 38.15 163109.27 5
8967181 31.86 99359.48 38.20 164049.98 6
8967931 31.94 99359.34 38.18 42737.90 7
8968680 32.02 99358.12 38.14 45325.78 8
8969180 32.07 99358.37 38.14 46817.85 9
8969930 32.10 99359.45 38.12 49287.64 0
8970180 32.02 99358.25 38.09 1103448.25 1
8971679 31.59 99356.91 37.98 952558.13 2
8975928 31.46 99359.78 38.06 921070.38 3
8976428 31.68 99357.92 38.11 160350.77 4
8977177 31.82 99357.05 38.17 162642.95 5
8977927 31.87 99358.02 38.19 162798.09 6
8978677 31.95 99356.72 38.15 42823.69 7
8979426 32.03 99357.13 38.17 44896.53 8
8979926 32.07 99358.07 38.11 46511.63 9
8980676 32.10 99359.45 38.10 49117.42 0
8980926 32.03 99357.74 38.05 1094601.88 1
8982426 31.60 99357.79 37.99 953223.19 2
8986674 31.47 99348.89 38.08 917974.00 3
8987174 31.68 99344.27 38.17 160804.02 4
8987923 31.82 99344.48 38.16 162179.28 5
8988673 31.87 99342.75 38.19 162333.55 6
8989423 31.95 99340.68 38.12 42524.92 7
8990173 32.04 99343.55 38.16 44802.24 8
8990673 32.08 99344.29 38.12 46309.70 9
8991422 32.11 99346.32 38.10 48613.75 0
8991672 32.04 99347.38 38.06 1083311.25 1
8993172 31.61 99348.08 37.95 943344.06 2
8997420 31.48 99347.97 38.10 909413.88 3
8997920 31.69 99345.05 38.15 160050.02 4
8998669 31.82 99343.92 38.14 160804.02 5
8999419 31.88 99344.79 38.12 161871.64 6
9000169 31.95 99342.79 38.15 42482.57 7
9000919 32.04 99342.70 38.16 44107.51 8
9001419 32.08 99342.38 38.10 46209.39 9
9002168 32.11 99341.74 38.07 48752.62 0
9002418 32.04 99344.40 38.07 1083311.25 1
9003917 31.61 99344.29 37.92 937514.31 2
9008166 31.47 99347.54 38.05 903994.69 3
9008666 31.70 99346.04 38.11 159303.05 4
9009415 31.82 99340.60 38.19 160804.02 5
9010165 31.88 99338.97 38.10 161871.64 6
9010915 31.96 99334.64 38.15 42022.32 7
9011664 32.04 99330.78 38.13 44244.73 8
9012164 32.09 99328.29 38.07 45960.50 9
9012914 32.11 99325.91 38.06 48039.03 0
9013164 32.05 99325.10 38.02 1074783.50 1
9014663 31.61 99320.05 37.95 934946.38 2
9018911 31.48 99331.64 38.05 899231.63 3
9019411 31.70 99331.84 38.11 158563.02 4
9020161 31.84 99336.23 38.13 160200.25 5
9020911 31.89 99338.11 38.10 160501.56 6
9021660 31.96 99339.10 38.15 41571.94 7
9022410 32.05 99339.09 38.12 44244.73 8
9022910 32.09 99338.02 38.07 45616.54 9
9023660 32.12 99335.13 38.06 48066.09 0
9023910 32.05 99334.39 37.98 1060590.38 1
9025409 31.61 99326.59 37.93 921692.19 2
9029657 31.48 99330.87 38.07 888117.94 3
9030407 31.71 99328.02 38.13 157248.16 4
9030907 31.84 99326.82 38.15 158563.02 5
9031656 31.89 99326.21 38.04 159006.22 6
9032406 31.97 99323.36 38.14 41734.59 7
9033156 32.05 99322.63 38.10 43790.63 8
9033656 32.11 99319.56 38.08 45616.54 9
9034405 32.13 99316.54 38.05 46715.33 0
9034655 32.06 99317.65 37.98 1051604.63 1
9036155 31.62 99313.39 37.93 920449.44 2
9040403 31.50 99317.94 38.00 887540.63 3
9041153 31.71 99317.87 38.10 156958.92 4
9041652 31.84 99321.78 38.08 158710.48 5
9042402 31.90 99322.02 38.12 159750.39 6
9043152 31.98 99321.85 38.10 41653.11 7
9043902 32.06 99320.68 38.12 43835.62 8
9044651 32.11 99323.75 38.09 45422.29 9
9045151 32.13 99322.82 38.02 47931.10 0
9045401 32.05 99324.43 38.04 1050795.25 1
9046901 31.62 99324.10 37.94 917357.25 2
9051149 31.50 99323.84 38.03 888117.94 3
9051898 31.72 99323.02 38.06 156527.06 4
9052398 31.85 99321.84 38.14 159006.22 5
9053148 31.90 99321.49 38.04 159601.00 6
9053898 31.98 99319.71 38.13 41531.47 7
9054647 32.07 99319.52 38.08 43522.61 8
9055397 32.11 99316.71 38.05 45277.68 9
9055897 32.13 99313.13 38.03 46259.49 0
9056147 32.05 99314.23 38.01 1040386.06 1
9057646 31.62 99315.04 37.94 908808.50 2
9061895 31.50 99315.84 38.01 879536.19 3
9062644 31.72 99316.30 38.06 155528.55 4
9063144 31.85 99317.07 38.03 157103.41 5
9063894 31.91 99318.78 38.12 157975.94 6
9064644 31.98 99318.64 38.08 41210.56 7
9065393 32.06 99317.72 38.07 43522.61 8
9066143 32.12 99313.75 38.06 45277.68 9
9066643 32.14 99310.60 38.02 46209.39 0
9066893 32.06 99311.30 38.00 1027081.25 1
9068392 31.64 99314.67 37.93 901011.88 2
9072640 31.50 99309.71 38.03 870563.25 3
9073390 31.73 99308.04 38.06 154402.89 4
9073890 31.86 99307.91 38.07 156383.63 5
9074640 31.91 99308.95 38.11 156670.75 6
9075390 31.99 99307.54 38.08 41131.11 7
9076139 32.07 99305.91 38.08 43083.14 8
9076889 32.12 99306.32 38.05 44943.82 9
9077389 32.14 99305.80 38.03 46059.73 0
9077889 32.08 99310.67 37.99 1029404.38 1
9079138 31.63 99308.30 37.85 899231.63 2
9083386 31.52 99311.03 37.99 868901.13 3
9084136 31.73 99311.11 38.04 154542.70 4
9084636 31.87 99313.29 38.05 156383.63 5
9085385 31.91 99313.84 38.07 157248.16 6
9086135 31.99 99311.44 38.06 40894.57 7
9086885 32.08 99310.57 38.08 43039.68 8
9087634 32.12 99307.71 38.03 44521.74 9
9088134 32.15 99307.45 38.04 45911.05 0
9088634 32.07 99309.53 38.00 1019412.63 1
9089884 31.64 99305.76 37.89 895692.13 2
9094132 31.51 99302.49 38.03 865595.94 3
9094882 31.73 99303.25 38.03 154402.89 4
9095631 31.87 99306.17 38.01 155954.92 5
9096131 31.92 99305.08 38.03 155812.53 6
9096881 31.99 99304.56 38.06 40973.11 7
9097630 32.07 99298.85 38.05 42953.02 8
9098380 32.13 99299.98 38.03 44336.68 9
9098880 32.15 99299.47 38.01 45812.46 0
9099380 32.08 99302.47 37.95 1011108.38 1
9100629 31.64 99300.23 37.91 891015.88 2
9104877 31.52 99296.98 38.02 859601.25 3
9105627 31.74 99298.52 38.03 153155.84 4
9106377 31.88 99298.78 38.04 154823.11 5
9106877 31.91 99296.68 38.11 155245.61 6
9107626 32.00 99295.23 38.04 40544.82 7
9108376 32.08 99292.28 38.04 42524.92 8
9109126 32.13 99293.71 38.02 44336.68 9
9109876 32.15 99294.14 37.99 45763.32 0
9110126 32.09 99296.45 37.96 1007378.25 1
9111375 31.64 99297.64 37.92 880670.81 2
9115623 31.52 99290.77 37.97 857441.94 3
9116373 31.74 99292.30 38.09 152744.63 4
9117123 31.87 99293.33 37.99 154823.11 5
9117623 31.92 99295.22 37.98 155104.52 6
9118372 32.00 99290.82 38.07 40506.33 7
9119122 32.08 99288.67 38.03 42356.05 8
9119872 32.13 99286.74 38.02 44153.16 9
9120621 32.16 99283.99 37.98 45470.69 0
9120871 32.09 99285.42 37.94 999268.13 1
9122121 31.66 99290.44 37.88 881239.25 2
9126369 31.52 99290.63 38.00 851028.44 3
9127119 31.74 99294.20 37.99 151928.78 4
9127868 31.88 99297.26 38.08 153984.97 5
9128368 31.93 99297.66 38.05 154402.89 6
9129118 32.00 99295.32 38.04 40201.00 7
9129868 32.09 99294.52 38.03 42440.32 8
9130617 32.13 99295.61 38.00 44016.51 9
9131367 32.16 99296.40 37.98 45181.79 0
9131617 32.09 99296.77 37.98 994899.19 1
9132866 31.66 99297.70 37.85 876149.75 2
9137115 31.52 99297.09 38.00 846805.88 3
9137864 31.75 99298.91 38.02 151658.77 4
9138614 31.88 99297.59 38.09 153018.53 5
9139114 31.93 99297.23 38.00 154124.02 6
9139864 32.00 99293.45 38.01 40087.69 7
9140613 32.09 99292.05 38.01 42146.86 8
9141363 32.13 99290.50 37.98 44244.73 9
9142113 32.16 99290.39 37.98 44896.53 0
9142363 32.09 99291.05 37.93 995624.69 1
9143612 31.66 99294.00 37.82 874466.25 2
9147861 31.52 99280.79 38.00 852622.81 3
9148610 31.75 99280.38 38.03 150987.91 4
9149360 31.88 99280.26 38.04 152608.05 5
9149860 31.93 99279.88 38.06 153293.41 6
9150609 32.01 99281.70 38.02 40012.50 7
9151359 32.09 99279.02 38.00 41653.11 8
9152109 32.14 99280.39 37.99 43790.63 9
9152859 32.16 99281.67 37.94 45038.71 0
9153109 32.09 99280.73 38.00 988417.00 1
9154358 31.66 99284.24 37.85 864499.81 2
9158606 31.53 99292.27 37.99 840550.00 3
9159356 31.76 99292.11 37.99 150987.91 4
9160106 31.89 99291.37 38.06 152881.45 5
9160606 31.93 99287.92 38.03 153018.53 6
9161355 32.02 99286.19 38.05 39900.25 7
9162105 32.09 99280.73 38.01 42022.32 8
9162855 32.14 99277.40 37.99 43700.92 9
9163605 32.17 99277.35 37.97 44755.25 0
9163855 32.10 99277.98 37.95 986275.00 1
9165104 31.66 99278.56 37.93 863406.44 2
9169352 31.54 99280.93 37.97 840032.81 3
9170102 31.75 99279.58 37.98 149926.80 4
9170852 31.88 99277.03 38.03 151658.77 5
9171602 31.93 99274.77 38.00 152608.05 6
9172101 32.01 99274.83 38.03 39975.02 7
9172851 32.10 99275.63 37.98 41857.42 8
9173601 32.14 99273.95 37.98 43478.26 9
9174351 32.17 99273.16 37.95 44708.35 0
9174601 32.10 99273.63 37.93 973615.38 1
9175850 31.66 99277.13 37.86 860142.81 2
9180098 31.55 99289.30 37.99 828311.44 3
9180848 31.76 99287.38 37.99 149010.48 4
9181598 31.89 99285.66 38.01 151793.66 5
9182347 31.93 99280.19 37.98 151524.13 6
9182847 32.02 99278.64 38.02 39825.76 7
9183597 32.10 99277.29 37.99 41775.46 8
9184347 32.15 99275.49 37.98 43434.00 9
9185096 32.17 99275.79 37.93 44896.53 0
9185346 32.10 99277.27 37.94 965354.69 1
9186596 31.66 99276.96 37.82 854223.13 2
9190844 31.55 99280.51 37.96 832351.13 3
9191594 31.77 99280.85 37.98 149663.84 4
9192343 31.89 99279.91 37.96 151121.61 5
9193093 31.94 99277.45 37.96 151255.55 6
9193593 32.01 99276.61 38.01 39493.98 7
9194343 32.10 99276.74 37.96 41612.48 8
9195092 32.15 99277.86 37.95 43214.04 9
9195842 32.17 99276.07 37.94 44475.33 0
9196092 32.10 99276.63 37.89 960600.38 1
9197342 31.68 99279.54 37.87 851559.25 2
9201590 31.54 99276.59 37.81 821335.50 3
9202339 31.76 99277.58 38.00 149401.81 4
9203089 31.89 99275.34 38.01 151255.55 5
9203839 31.94 99275.75 37.99 151389.70 6
9204339 32.02 99273.72 37.99 39530.57 7
9205088 32.11 99273.10 38.00 41450.78 8
9205838 32.15 99272.69 37.99 43083.14 9
9206588 32.18 99271.09 37.92 44198.89 0
9206838 32.10 99269.91 37.91 949907.25 1
9208087 31.67 99270.66 37.76 840032.81 2
9212335 31.55 99265.23 37.91 822324.81 3
9213085 31.76 99260.03 37.96 148491.88 4
9213835 31.90 99259.23 38.03 150721.22 5
9214584 31.94 99258.35 37.98 150190.67 6
9215084 32.02 99258.60 38.01 39239.73 7
9215834 32.11 99259.95 37.98 41491.09 8
9216584 32.16 99261.66 37.95 42953.02 9
9217333 32.18 99265.34 37.93 44016.51 0
9217583 32.11 99268.23 37.89 958577.13 1
9219083 31.67 99279.34 37.84 845233.19 2
9223081 31.55 99290.69 37.92 822324.81 3
9223831 31.77 99288.70 38.02 148233.94 4
9224580 31.89 99285.30 37.99 149401.81 5
9225330 31.95 99282.63 37.97 150987.91 6
9225830 32.02 99284.19 37.99 39603.96 7
9226580 32.11 99284.38 37.96 41491.09 8
9227329 32.15 99280.37 37.97 43039.68 9
9228079 32.18 99274.74 37.93 43925.88 0
9228329 32.11 99274.12 37.82 952558.13 1
9229828 31.67 99274.55 37.78 844710.25 2
9233827 31.55 99275.83 37.91 819855.88 3
9234576 31.77 99273.40 37.94 147976.88 4
9235326 31.90 99270.51 38.05 150058.61 5
9236076 31.95 99267.45 37.93 150455.48 6
9236826 32.02 99265.30 37.97 39239.73 7
9237325 32.11 99265.95 37.96 41250.40 8
9238075 32.15 99266.62 37.94 42953.02 9
9238825 32.18 99269.18 37.92 44061.96 0
9239075 32.11 99270.09 37.88 953889.13 1
9240574 31.68 99273.64 37.75 840032.81 2
9244572 31.54 99273.60 37.91 816424.19 3
9245322 31.77 99281.84 37.97 147976.88 4
9246072 31.90 99284.07 37.97 149532.70 5
9246822 31.95 99277.38 37.94 150058.61 6
9247571 32.03 99274.77 37.98 39312.04 7
9248071 32.11 99271.80 37.95 41330.32 8
9248821 32.16 99269.91 37.94 42695.13 9
9249570 32.18 99266.98 37.90 44016.51 0
9249820 32.11 99266.52 37.90 935587.00 1
9251320 31.68 99265.33 37.76 834896.06 2
9255318 31.55 99272.95 37.89 813505.44 3
9256068 31.77 99268.72 38.00 146704.88 4
9256818 31.91 99266.13 37.94 148750.72 5
9257567 31.95 99268.11 37.96 149926.80 6
9258317 32.03 99271.50 37.99 39167.69 7
9258817 32.12 99273.88 37.97 41131.11 8
9259567 32.16 99275.45 37.92 42737.90 9
9260316 32.18 99272.27 37.91 43835.62 0
9260566 32.11 99272.77 37.83 942692.75 1
9262066 31.67 99270.05 37.82 829821.69 2
9266064 31.55 99267.29 37.94 812053.94 3
9266814 31.77 99267.74 37.96 145952.11 4
9267564 31.91 99267.16 37.97 148491.88 5
9268313 31.95 99266.42 37.96 149140.69 6
9269063 32.03 99260.40 37.96 39131.77 7
9269563 32.12 99258.88 37.96 40933.80 8
9270313 32.16 99261.83 37.92 42695.13 9
9271062 32.18 99261.02 37.87 43656.21 0
9271312 32.12 99262.15 37.84 940096.38 1
9272812 31.68 99267.09 37.75 829821.69 2
9276810 31.55 99265.05 37.95 812053.94 3
9277560 31.77 99266.26 37.94 146327.52 4
9278310 31.90 99264.87 37.93 149271.14 5
9279059 31.95 99263.09 37.94 149532.70 6
9279809 32.03 99265.25 37.95 38988.73 7
9280309 32.12 99263.24 37.94 40816.33 8
9281059 32.16 99262.16 37.92 42524.92 9
9281808 32.18 99259.90 37.90 43880.70 0
9282058 32.11 99260.66 37.90 934306.56 1
9283558 31.68 99262.22 37.76 829821.69 2
9287806 31.55 99268.30 37.89 810607.56 3
9288306 31.77 99268.11 37.95 146453.09 4
9289056 31.90 99264.11 37.94 148491.88 5
9289805 31.95 99264.30 37.97 149010.48 6
9290555 32.03 99262.59 37.95 38882.14 7
9291055 32.11 99259.47 37.90 40894.57 8
9291804 32.16 99256.47 37.90 42524.92 9
9292554 32.18 99252.11 37.88 43611.59 0
9292804 32.12 99254.22 37.82 935587.00 1
9294304 31.69 99254.80 37.75 825307.25 2
9298552 31.55 99265.21 37.88 803925.44 3
9299052 31.77 99263.40 37.97 145702.91 4
9299801 31.91 99262.43 37.95 147211.05 5
9300551 31.95 99259.87 37.99 148491.88 6
9301301 32.03 99257.23 37.95 38740.92 7
9302050 32.12 99259.34 37.96 40622.02 8
9302550 32.16 99256.45 37.93 42272.13 9
9303300 32.18 99257.79 37.87 43434.00 0
9303550 32.12 99258.63 37.84 921692.19 1
9305049 31.68 99259.48 37.73 821829.88 2
9309297 31.55 99256.94 37.91 800625.50 3
9309797 31.78 99249.99 37.93 144960.36 4
9310547 31.91 99248.17 37.96 146957.52 5
9311297 31.96 99248.67 37.96 147976.88 6
9312046 32.03 99247.91 37.93 38670.70 7
9312796 32.12 99249.64 37.91 40622.02 8
9313296 32.16 99251.70 37.91 42188.53 9
9314046 32.19 99254.12 37.87 43567.05 0
9314296 32.12 99257.12 37.84 923562.56 1
9315795 31.69 99262.25 37.71 819855.88 2
9320043 31.56 99265.37 37.81 800156.25 3
9320543 31.78 99264.04 37.91 145083.59 4
9321293 31.90 99262.36 37.99 147465.44 5
9322042 31.95 99261.13 37.92 147976.88 6
9322792 32.04 99259.78 37.94 38565.83 7
9323542 32.12 99258.93 37.91 40544.82 8
9324042 32.16 99260.36 37.91 42063.75 9
9324792 32.19 99260.19 37.89 43214.04 0
9325042 32.13 99264.40 37.85 921692.19 1
9326541 31.68 99261.65 37.75 816912.63 2
9330789 31.56 99257.96 37.86 796887.19 3
9331289 31.78 99255.69 37.91 144347.33 4
9332039 31.91 99255.21 37.94 146453.09 5
9332789 31.95 99257.12 37.91 147976.88 6
9333538 32.04 99252.87 37.93 38357.80 7
9334288 32.13 99255.00 37.91 40429.56 8
9334788 32.16 99252.26 37.89 41939.71 9
9335538 32.19 99252.15 37.86 43214.04 0
9335787 32.11 99250.88 37.86 921070.38 1
9337287 31.69 99254.63 37.73 816912.63 2
9341535 31.55 99256.59 37.93 797352.56 3
9342035 31.78 99252.59 37.96 144225.36 4
9342785 31.91 99249.23 37.87 146704.88 5
9343534 31.95 99248.63 37.94 147084.17 6
9344284 32.04 99246.30 37.92 38531.00 7
9345034 32.12 99247.32 37.92 40353.09 8
9345534 32.17 99246.23 37.87 41734.59 9
9346283 32.19 99246.09 37.87 43126.68 0
9346533 32.12 99247.21 37.82 914898.38 1
9348033 31.68 99250.05 37.72 807252.69 2
9352281 31.56 99253.98 37.82 795958.00 3
9353031 31.78 99251.05 37.93 143982.00 4
9353530 31.91 99249.00 37.96 146077.03 5
9354280 31.96 99248.79 37.93 146578.88 6
9355030 32.04 99247.27 37.92 38323.35 7
9355780 32.13 99246.76 37.93 40163.16 8
9356280 32.17 99245.13 37.89 41816.40 9
9357029 32.19 99244.73 37.86 43126.68 0
9357279 32.12 99246.05 37.84 913062.88 1
9358779 31.69 99247.11 37.79 809166.31 2
9363027 31.57 99254.37 37.82 791803.63 3
9363777 31.79 99249.68 37.86 143860.64 4
9364277 31.91 99248.66 37.96 144591.92 5
9365026 31.96 99249.16 37.87 145827.41 6
9365776 32.04 99249.45 37.91 37948.41 7
9366526 32.13 99251.43 37.92 40201.00 8
9367275 32.17 99250.09 37.88 41734.59 9
9367775 32.20 99251.63 37.85 42823.69 0
9368025 32.12 99252.80 37.86 903994.69 1
9369524 31.68 99255.53 37.72 808208.38 2
9373773 31.56 99259.37 37.79 789058.00 3
9374522 31.79 99256.57 37.90 143860.64 4
9375022 31.91 99254.86 37.95 145454.55 5
9375772 31.96 99253.95 37.92 146077.03 6
9376522 32.04 99254.38 37.91 38186.16 7
9377272 32.13 99253.73 37.91 40087.69 8
9378021 32.17 99253.66 37.88 41571.94 9
9378521 32.19 99252.25 37.85 42866.71 0
9378771 32.13 99252.80 37.85 911843.25 1
9380270 31.69 99254.14 37.75 804399.06 2
9384518 31.56 99255.86 37.78 789058.00 3
9385268 31.79 99252.24 37.91 142897.02 4
9385768 31.91 99250.49 37.92 145454.55 5
9386518 31.96 99248.17 37.87 145952.11 6
9387268 32.04 99248.21 37.90 38426.90 7
9388017 32.13 99248.52 37.91 40163.16 8
9388767 32.17 99248.41 37.86 41612.48 9
9389267 32.20 99248.53 37.83 42695.13 0
9389517 32.12 99247.80 37.86 905793.88 1
9391016 31.70 99250.13 37.70 803452.31 2
9395264 31.56 99253.22 37.81 789514.25 3
9396014 31.78 99248.66 37.91 143256.86 4
9396514 31.91 99248.63 37.90 145083.59 5
9397264 31.96 99247.51 37.90 145207.03 6
9398013 32.04 99246.83 37.91 38254.63 7
9398763 32.13 99247.61 37.91 40087.69 8
9399513 32.17 99246.73 37.88 41939.71 9
9400013 32.20 99247.73 37.83 42909.82 0
9400513 32.13 99250.98 37.81 903396.56 1
9401762 31.70 99255.80 37.72 803452.31 2
9406010 31.55 99244.80 37.85 785878.75 3
9406760 31.79 99243.27 37.93 142777.47 4
9407260 31.92 99244.63 37.89 145083.59 5
9408010 31.96 99242.91 37.90 145827.41 6
9408759 32.04 99243.17 37.90 37982.20 7
9409509 32.13 99242.98 37.88 39937.60 8
9410259 32.17 99243.96 37.88 41653.11 9
9410759 32.19 99245.65 37.84 42823.69 0
9411258 32.12 99244.93 37.81 901011.88 1
9412508 31.70 99248.40 37.73 799219.50 2
9416756 31.57 99242.66 37.85 784073.50 3
9417506 31.79 99241.45 37.89 143016.77 4
9418006 31.91 99243.23 37.91 144960.36 5
9418756 31.96 99246.48 37.90 145578.63 6
9419505 32.04 99248.27 37.89 38117.93 7
9420255 32.13 99245.26 37.88 39975.02 8
9421005 32.17 99244.80 37.87 41410.55 9
9421505 32.20 99246.59 37.83 42780.75 0
9422004 32.13 99246.43 37.75 896280.06 1
9423254 31.69 99247.26 37.75 794568.38 2
9427502 31.55 99246.21 37.83 781381.13 3
9428252 31.78 99244.99 37.88 142420.03 4
9429002 31.91 99245.70 37.86 144347.33 5
9429501 31.96 99246.94 37.86 144469.53 6
9430251 32.04 99247.44 37.89 37982.20 7
9431001 32.13 99244.38 37.89 39788.62 8
9431750 32.17 99241.13 37.84 41450.78 9
9432250 32.20 99242.52 37.82 42524.92 0
9432750 32.12 99243.17 37.83 893932.75 1
9434000 31.70 99242.74 37.71 796887.19 2
9438248 31.56 99245.74 37.83 777820.00 3
9438998 31.79 99243.11 37.93 141828.25 4
9439747 31.91 99241.61 37.92 143982.00 5
9440247 31.97 99240.94 37.93 144714.53 6
9440997 32.04 99238.41 37.90 37780.40 7
9441747 32.13 99236.04 37.84 39825.76 8
9442496 32.17 99234.91 37.85 41450.78 9
9443246 32.20 99233.43 37.81 42524.92 0
9443496 32.13 99235.29 37.82 892180.38 1
9444746 31.70 99238.68 37.65 794106.25 2
9448994 31.57 99244.95 37.81 777820.00 3
9449744 31.79 99243.73 37.90 141946.22 4
9450493 31.91 99246.55 37.86 143618.52 5
9450993 31.96 99251.34 37.88 144225.36 6
9451743 32.04 99252.40 37.91 37746.98 7
9452493 32.13 99253.95 37.88 39788.62 8
9453243 32.16 99251.85 37.86 41370.39 9
9453992 32.20 99249.64 37.82 42356.05 0
9454242 32.14 99249.84 37.78 886388.25 1
9455492 31.70 99240.23 37.70 790428.38 2
9459740 31.56 99237.52 37.87 776934.75 3
9460490 31.79 99232.53 37.92 141241.38 4
9461240 31.91 99232.18 37.89 144103.58 5
9461739 31.96 99231.02 37.89 144103.58 6
9462489 32.04 99231.80 37.88 37847.43 7
9463239 32.13 99232.33 37.85 39900.25 8
9463989 32.18 99233.88 37.82 40973.11 9
9464738 32.20 99235.04 37.83 42356.05 0
9464988 32.13 99236.02 37.82 880670.81 1
9466238 31.70 99236.70 37.64 787692.31 2
9470486 31.56 99245.04 37.79 771665.44 3
9471236 31.79 99244.16 37.86 141475.55 4
9471985 31.92 99245.66 37.93 142777.47 5
9472485 31.96 99245.62 37.90 144469.53 6
9473235 32.04 99244.44 37.86 37847.43 7
9473984 32.13 99243.70 37.87 39567.23 8
9474734 32.17 99244.36 37.84 41051.96 9
9475484 32.20 99244.85 37.85 42188.53 0
9475734 32.13 99246.23 37.78 880103.13 1
9476983 31.70 99242.38 37.70 784073.50 2
9481232 31.56 99241.74 37.78 770359.25 3
9481981 31.79 99241.41 37.87 141710.48 4
9482731 31.92 99241.95 37.86 143377.20 5
9483231 31.96 99242.69 37.87 143377.20 6
9483981 32.04 99238.98 37.86 37780.40 7
9484730 32.13 99239.80 37.87 39714.55 8
9485480 32.17 99236.95 37.84 41091.49 9
9486230 32.20 99235.63 37.82 42272.13 0
9486480 32.12 99236.63 37.79 871118.69 1
9487729 31.70 99232.77 37.71 786784.50 2
9491977 31.57 99246.24 37.80 768624.50 3
9492727 31.78 99243.59 37.87 141592.92 4
9493477 31.91 99246.54 37.86 143256.86 5
9493977 31.96 99246.55 37.94 143256.86 6
9494727 32.04 99245.24 37.88 37580.74 7
9495476 32.13 99244.19 37.88 39714.55 8
9496226 32.18 99240.34 37.85 41012.50 9
9496976 32.20 99239.38 37.82 42356.05 0
9497226 32.13 99239.96 37.74 876149.75 1
9498475 31.69 99235.85 37.77 780041.88 2
9502723 31.56 99239.31 37.85 766467.06 3
9503473 31.79 99233.95 37.90 141124.59 4
9504223 31.91 99234.88 37.87 143377.20 5
9504972 31.96 99233.88 37.94 144347.33 6
9505472 32.04 99235.18 37.89 37647.06 7
9506222 32.13 99234.52 37.83 39677.62 8
9506972 32.17 99235.91 37.84 41170.79 9
9507721 32.20 99237.91 37.83 42440.32 0
9507971 32.13 99238.10 37.79 889274.88 1
9509221 31.69 99234.95 37.68 789514.25 2
9513469 31.57 99239.63 37.81 769057.44 3
9514219 31.79 99235.81 37.87 141124.59 4
9514968 31.91 99237.27 37.89 142897.02 5
9515718 31.96 99238.20 37.90 144225.36 6
9516218 32.04 99238.80 37.87 37713.61 7
9516968 32.13 99240.69 37.83 39603.96 8
9517717 32.18 99241.79 37.82 41131.11 9
9518467 32.20 99240.33 37.80 42230.29 0
9518717 32.13 99241.70 37.77 878404.44 1
9519967 31.68 99236.13 37.66 783623.50 2
9524215 31.57 99242.72 37.84 769057.44 3
9524964 31.79 99237.46 37.93 140543.52 4
9525714 31.92 99237.42 37.89 142538.97 5
9526464 31.96 99236.59 37.86 143497.77 6
9526964 32.04 99235.60 37.85 37580.74 7
9527713 32.13 99238.05 37.86 39384.62 8
9528463 32.18 99238.37 37.85 41051.96 9
9529213 32.20 99240.45 37.78 42105.26 0
9529463 32.13 99240.66 37.77 876712.31 1
9530712 31.70 99238.95 37.68 779151.63 2
9534961 31.57 99237.55 37.85 765178.38 3
9535710 31.79 99234.88 37.84 140543.52 4
9536460 31.92 99235.49 37.86 142777.47 5
9537210 31.96 99237.93 37.85 143497.77 6
9537710 32.04 99237.00 37.85 37514.65 7
9538459 32.13 99239.73 37.86 39493.98 8
9539209 32.17 99236.96 37.83 40973.11 9
9539959 32.20 99238.85 37.80 42063.75 0
9540209 32.13 99238.20 37.74 870008.50 1
9541708 31.70 99233.09 37.62 782725.00 2
9545706 31.55 99232.44 37.75 764321.69 3
9546456 31.79 99231.61 37.81 140891.58 4
9547206 31.91 99233.73 37.88 143016.77 5
9547955 31.96 99236.09 37.88 143860.64 6
9548455 32.04 99236.92 37.83 37415.96 7
9549205 32.13 99238.23 37.84 39312.04 8
9549955 32.17 99237.52 37.79 40777.32 9
9550705 32.20 99241.29 37.80 42314.05 0
9550954 32.13 99241.75 37.74 872789.25 1
9552454 31.69 99241.16 37.72 777377.13 2
9556452 31.56 99234.92 37.76 764749.81 3
9557202 31.79 99231.68 37.81 140312.42 4
9557951 31.92 99231.34 37.90 142897.02 5
9558701 31.96 99228.22 37.92 142538.97 6
9559201 32.05 99227.26 37.85 37415.96 7
9559951 32.14 99225.25 37.84 39421.00 8
9560701 32.18 99223.26 37.82 41091.49 9
9561450 32.20 99220.28 37.77 41898.53 0
9561700 32.13 99220.44 37.81 869454.44 1
9563200 31.70 99222.96 37.67 777820.00 2
9567198 31.56 99231.11 37.82 763894.06 3
9567948 31.79 99229.43 37.87 140543.52 4
9568698 31.92 99230.38 37.86 143016.77 5
9569447 31.97 99230.55 37.81 143136.70 6
9570197 32.04 99230.67 37.83 37580.74 7
9570697 32.13 99229.43 37.84 39131.77 8
9571447 32.18 99232.23 37.83 40933.80 9
9572196 32.20 99234.02 37.81 42105.26 0
9572446 32.13 99236.75 37.76 870563.25 1
9573946 31.70 99235.81 37.68 775170.31 2
9577944 31.56 99235.08 37.80 762188.31 3
9578694 31.79 99234.23 37.76 139737.98 4
9579443 31.92 99235.42 37.83 142897.02 5
9580193 31.96 99234.00 37.78 143016.77 6
9580943 32.04 99234.94 37.82 37383.18 7
9581443 32.13 99235.18 37.83 39131.77 8
9582192 32.18 99234.50 37.82 40894.57 9
9582942 32.20 99233.21 37.79 41898.53 0
9583192 32.13 99235.61 37.73 870563.25 1
9584692 31.70 99232.47 37.64 775610.69 2
9588690 31.56 99233.40 37.78 760066.81 3
9589440 31.79 99229.92 37.81 140427.86 4
9590189 31.91 99229.73 37.84 142538.97 5
9590939 31.96 99230.03 37.81 142777.47 6
9591689 32.04 99229.22 37.84 37415.96 7
9592188 32.13 99229.42 37.87 39239.73 8
9592938 32.17 99229.05 37.80 40738.38 9
9593688 32.20 99228.78 37.78 41775.46 0
9593938 32.13 99228.70 37.76 870563.25 1
9595437 31.69 99228.57 37.66 774291.13 2
9599436 31.57 99231.10 37.79 760066.81 3
9600185 31.79 99229.40 37.85 139737.98 4
9600935 31.92 99229.49 37.89 141475.55 5
9601685 31.96 99230.45 37.83 142301.28 6
9602435 32.04 99230.56 37.83 37350.45 7
9602934 32.13 99231.23 37.83 39239.73 8
9603684 32.17 99231.98 37.82 40894.57 9
9604434 32.20 99231.37 37.78 41980.98 0
9604684 32.13 99233.27 37.78 865047.50 1
9606183 31.70 99227.29 37.68 776934.75 2
9610181 31.56 99228.68 37.81 760914.00 3
9610931 31.79 99229.32 37.81 139395.59 4
9611681 31.91 99228.27 37.84 141828.25 5
9612431 31.96 99226.11 37.83 142777.47 6
9613180 32.04 99222.45 37.82 37317.79 7
9613680 32.13 99218.90 37.82 39095.91 8
9614430 32.17 99215.84 37.81 40583.39 9
9615180 32.20 99215.11 37.77 41898.53 0
9615430 32.13 99216.21 37.79 872231.69 1
9616929 31.69 99217.78 37.62 780041.88 2
9621177 31.56 99225.43 37.77 760066.81 3
9621677 31.79 99225.27 37.83 139623.67 4
9622427 31.91 99225.48 37.86 141592.92 5
9623177 31.96 99227.16 37.80 142538.97 6
9623927 32.04 99222.46 37.85 37448.80 7
9624426 32.13 99222.34 37.83 39493.98 8
9625176 32.17 99223.00 37.80 40973.11 9
9625926 32.20 99224.61 37.77 41857.42 0
9626176 32.12 99224.85 37.74 863952.75 1
9627675 31.68 99225.80 37.68 773413.88 2
9631924 31.57 99233.88 37.79 761763.06 3
9632423 31.78 99225.41 37.84 139852.50 4
9633173 31.92 99227.91 37.87 141946.22 5
9633923 31.96 99229.34 37.85 142897.02 6
9634673 32.04 99227.94 37.81 37481.70 7
9635422 32.13 99228.05 37.83 39131.77 8
9635922 32.17 99227.89 37.81 40738.38 9
9636672 32.20 99227.17 37.77 41775.46 0
9636922 32.12 99228.05 37.76 861227.94 1
9638421 31.70 99227.63 37.67 769057.44 2
9642669 31.55 99222.97 37.69 758799.56 3
9643169 31.78 99222.10 37.82 139509.53 4
9643919 31.91 99223.83 37.86 141592.92 5
9644669 31.96 99224.28 37.85 142182.73 6
9645418 32.04 99222.60 37.83 37122.97 7
9646168 32.13 99221.95 37.84 38953.13 8
9646668 32.17 99223.48 37.81 40125.39 9
9647418 32.19 99222.47 37.78 41491.09 0
9647668 32.12 99224.43 37.71 863952.75 1
9649167 31.69 99222.26 37.65 772538.69 2
9653415 31.56 99225.83 37.81 757116.44 3
9653915 31.78 99224.36 37.82 139054.86 4
9654665 31.91 99226.04 37.78 140659.34 5
9655415 31.96 99226.45 37.83 142064.38 6
9656164 32.04 99225.41 37.82 37220.12 7
9656914 32.13 99226.39 37.82 38953.13 8
9657414 32.17 99226.27 37.79 40583.39 9
9658164 32.20 99227.47 37.77 41857.42 0
9658414 32.13 99227.11 37.75 866145.06 1
9659913 31.70 99225.35 37.65 770794.13 2
9664161 31.56 99221.95 37.76 757116.44 3
9664911 31.79 99222.71 37.78 139623.67 4
9665411 31.91 99220.79 37.81 141241.38 5
9666160 31.96 99218.15 37.83 142301.28 6
9666910 32.04 99217.77 37.84 37285.17 7
9667660 32.13 99219.03 37.82 39167.69 8
9668410 32.17 99220.26 37.80 40544.82 9
9668909 32.20 99219.16 37.76 41612.48 0
9669159 32.13 99220.88 37.72 862860.75 1
9670659 31.68 99217.66 37.65 770794.13 2
9674907 31.56 99218.47 37.73 757957.06 3
9675657 31.78 99218.97 37.82 139737.98 4
9676157 31.91 99221.29 37.87 141475.55 5
9676906 31.96 99221.27 37.80 141358.36 6
9677656 32.04 99218.66 37.82 37285.17 7
9678406 32.13 99221.00 37.81 38953.13 8
9679155 32.17 99221.01 37.77 40699.52 9
9679655 32.19 99220.06 37.73 41775.46 0
9680155 32.13 99222.23 37.70 861771.50 1
9681404 31.69 99221.86 37.61 773852.25 2
9685653 31.56 99221.15 37.75 756696.81 3
9686402 31.78 99221.65 37.81 139737.98 4
9686902 31.91 99222.14 37.83 141710.48 5
9687652 31.96 99222.97 37.82 142064.38 6
9688402 32.04 99221.91 37.82 37350.45 7
9689152 32.13 99223.61 37.80 39203.68 8
9689901 32.17 99222.14 37.78 40467.91 9
9690401 32.19 99222.35 37.78 41653.11 0
9690901 32.12 99223.57 37.73 859601.25 1
9692150 31.69 99225.51 37.66 773413.88 2
9696399 31.57 99225.88 37.74 755023.06 3
9697149 31.79 99222.85 37.81 139509.53 4
9697898 31.91 99223.73 37.84 141592.92 5
9698398 31.96 99222.80 37.84 141592.92 6
9699148 32.04 99223.41 37.82 37285.17 7
9699898 32.13 99224.08 37.82 38740.92 8
9700647 32.17 99222.51 37.80 40544.82 9
9701397 32.20 99222.12 37.80 41775.46 0
9701647 32.12 99222.48 37.81 853689.06 1
9702896 31.68 99219.82 37.62 769057.44 2
9707145 31.56 99215.38 37.75 755023.06 3
9707894 31.78 99216.50 37.80 139168.25 4
9708644 31.91 99216.17 37.81 140891.58 5
9709144 31.95 99217.00 37.84 141946.22 6
9709894 32.04 99216.85 37.82 37058.48 7
9710643 32.13 99216.91 37.82 38776.13 8
9711393 32.17 99214.50 37.80 40544.82 9
9712143 32.20 99214.37 37.74 41653.11 0
9712393 32.12 99213.97 37.69 852090.69 1
9713642 31.69 99212.56 37.62 768624.50 2
9717890 31.55 99214.00 37.71 747445.25 3
9718640 31.78 99215.94 37.84 139168.25 4
9719390 31.92 99219.10 37.83 141007.98 5
9719890 31.96 99219.53 37.87 141475.55 6
9720639 32.04 99221.96 37.81 36962.17 7
9721389 32.12 99222.65 37.78 38846.74 8
9722139 32.16 99221.30 37.77 40353.09 9
9722888 32.19 99220.69 37.77 41734.59 0
9723138 32.12 99222.74 37.73 860142.81 1
9724388 31.68 99217.02 37.59 768192.06 2
9728636 31.55 99215.68 37.74 755859.00 3
9729386 31.78 99214.10 37.85 139281.83 4
9730136 31.91 99214.94 37.78 140427.86 5
9730886 31.95 99215.94 37.80 141710.48 6
9731385 32.04 99216.05 37.82 37026.32 7
9732135 32.13 99214.13 37.79 38917.61 8
9732885 32.17 99211.66 37.76 40467.91 9
9733635 32.19 99212.18 37.74 41612.48 0
9733885 32.12 99213.31 37.69 861227.94 1
9735134 31.68 99207.74 37.64 770359.25 2
9739382 31.55 99208.81 37.73 755440.81 3
9740132 31.78 99209.96 37.84 139281.83 4
9740882 31.91 99211.62 37.84 141358.36 5
9741631 31.96 99212.66 37.81 141828.25 6
9742131 32.04 99214.15 37.80 37155.30 7
9742881 32.12 99214.90 37.79 38988.73 8
9743631 32.17 99217.07 37.77 40353.09 9
9744380 32.19 99213.41 37.74 41816.40 0
9744630 32.12 99215.19 37.70 853155.56 1
9745880 31.69 99217.12 37.62 767328.56 2
9750128 31.55 99220.16 37.77 755023.06 3
9750878 31.77 99221.68 37.82 138715.80 4
9751627 31.91 99222.98 37.85 141007.98 5
9752377 31.95 99223.63 37.80 141124.59 6
9752877 32.03 99219.61 37.81 37155.30 7
9753626 32.12 99222.36 37.81 38776.13 8
9754376 32.16 99220.63 37.77 40353.09 9
9755126 32.19 99219.79 37.75 41491.09 0
9755376 32.12 99219.13 37.73 851028.44 1
9756875 31.68 99216.72 37.62 764749.81 2
9760874 31.56 99216.82 37.77 749085.56 3
9761623 31.78 99216.78 37.79 139168.25 4
9762373 31.91 99217.48 37.86 140659.34 5
9763123 31.95 99219.15 37.82 140891.58 6
9763623 32.03 99220.02 37.80 37058.48 7
9764372 32.12 99221.67 37.78 38776.13 8
9765122 32.16 99223.77 37.76 40353.09 9
9765872 32.19 99228.13 37.75 41531.47 0
9766122 32.11 99228.87 37.75 853689.06 1
9767621 31.68 99229.70 37.65 766037.00 2
9771619 31.54 99225.42 37.71 747445.25 3
9772369 31.78 99225.20 37.81 138490.67 4
9773119 31.90 99224.98 37.81 140891.58 5
9773868 31.95 99224.92 37.81 141358.36 6
9774618 32.03 99223.52 37.81 36930.18 7
9775118 32.13 99223.47 37.81 38846.74 8
9775868 32.16 99222.13 37.78 40391.29 9
9776617 32.19 99223.72 37.72 41612.48 0
9776867 32.12 99226.66 37.68 848384.44 1
9778367 31.69 99225.98 37.60 764749.81 2
9782365 31.55 99220.47 37.77 745812.06 3
9783115 31.78 99221.08 37.81 139054.86 4
9783864 31.90 99221.60 37.78 141241.38 5
9784614 31.95 99221.49 37.79 141828.25 6
9785364 32.03 99218.41 37.80 36930.18 7
9785864 32.12 99216.39 37.81 38917.61 8
9786613 32.16 99217.77 37.75 40429.56 9
9787363 32.19 99218.97 37.75 41531.47 0
9787613 32.12 99218.91 37.75 849440.06 1
9789112 31.68 99216.34 37.68 762188.31 2
9793111 31.55 99211.45 37.78 745812.06 3
9793860 31.77 99214.05 37.78 138154.34 4
9794610 31.90 99215.43 37.80 140543.52 5
9795360 31.95 99216.52 37.80 141007.98 6
9796109 32.03 99217.43 37.80 37090.70 7
9796609 32.12 99218.27 37.79 38846.74 8
9797359 32.16 99220.43 37.79 40391.29 9
9798109 32.18 99221.08 37.74 41370.39 0
9798359 32.13 99226.69 37.69 845756.75 1
9799858 31.68 99224.09 37.65 761338.31 2
9804106 31.55 99232.49 37.81 741760.25 3
9804606 31.78 99230.34 37.79 139168.25 4
9805356 31.90 99231.59 37.83 140427.86 5
9806105 31.95 99230.04 37.81 141358.36 6
9806855 32.03 99227.95 37.80 36898.24 7
9807605 32.11 99225.02 37.78 38740.92 8
9808105 32.16 99222.95 37.75 40276.90 9
9808854 32.19 99220.84 37.75 41571.94 0
9809104 32.12 99221.72 37.67 845756.75 1
9810604 31.69 99219.37 37.63 758799.56 2
9814852 31.55 99219.77 37.71 744186.06 3
9815352 31.77 99220.70 37.78 137819.66 4
9816102 31.90 99222.67 37.79 140427.86 5
9816851 31.95 99224.15 37.75 140775.36 6
9817601 32.03 99222.11 37.80 36930.18 7
9818351 32.12 99222.59 37.79 38740.92 8
9818850 32.16 99222.75 37.77 40314.96 9
9819600 32.19 99223.31 37.72 41491.09 0
9819850 32.12 99224.45 37.69 847857.56 1
9821349 31.68 99221.77 37.62 760490.19 2
9825598 31.54 99216.98 37.77 744186.06 3
9826098 31.77 99218.86 37.79 138154.34 4
9826847 31.90 99219.84 37.86 139168.25 5
9827597 31.95 99219.07 37.76 140891.58 6
9828347 32.03 99219.46 37.79 37058.48 7
9829096 32.12 99221.20 37.73 38776.13 8
9829596 32.16 99220.01 37.78 40429.56 9
9830346 32.18 99222.80 37.75 41653.11 0
9830596 32.11 99224.91 37.73 847857.56 1
9832095 31.68 99226.73 37.65 758799.56 2
9836343 31.55 99235.58 37.79 744998.19 3
9836843 31.77 99231.95 37.79 138490.67 4
9837593 31.90 99232.10 37.78 140427.86 5
9838343 31.95 99229.80 37.80 140891.58 6
9839092 32.03 99227.16 37.81 37026.32 7
9839842 32.11 99225.83 37.79 39024.39 8
9840342 32.16 99229.15 37.77 40314.96 9
9841092 32.18 99230.16 37.75 41330.32 0
9841342 32.11 99230.56 37.76 844187.94 1
9842841 31.68 99229.11 37.57 758378.06 2
9847090 31.55 99226.02 37.77 743375.69 3
9847839 31.77 99224.88 37.80 137375.91 4
9848339 31.90 99226.82 37.79 140197.16 5
9849089 31.95 99228.81 37.83 140197.16 6
9849838 32.03 99229.13 37.78 37090.70 7
9850588 32.12 99229.80 37.80 38670.70 8
9851338 32.16 99230.70 37.78 40201.00 9
9851838 32.18 99229.67 37.75 41612.48 0
9852088 32.11 99230.91 37.67 849968.88 1
9853587 31.68 99228.86 37.63 759643.94 2
9857835 31.55 99224.62 37.71 744998.19 3
9858585 31.77 99222.61 37.80 138490.67 4
9859085 31.90 99224.08 37.81 140197.16 5
9859834 31.95 99226.16 37.81 140543.52 6
9860584 32.02 99224.66 37.80 36962.17 7
9861334 32.11 99227.04 37.78 38670.70 8
9862084 32.16 99226.16 37.76 40201.00 9
9862583 32.18 99225.09 37.75 41370.39 0
9862833 32.11 99227.10 37.71 851559.25 1
9864333 31.67 99225.96 37.61 760066.81 2
9868581 31.54 99226.41 37.73 744998.19 3
9869331 31.77 99223.85 37.79 137931.03 4
9869831 31.90 99224.89 37.79 140427.86 5
9870580 31.94 99224.55 37.76 141007.98 6
9871330 32.03 99225.22 37.81 37058.48 7
9872080 32.12 99226.17 37.81 38776.13 8
9872829 32.16 99226.66 37.77 40238.92 9
9873329 32.18 99226.56 37.71 41491.09 0
9873829 32.11 99227.31 37.77 849440.06 1
9875079 31.68 99226.95 37.64 764749.81 2
9879327 31.54 99227.09 37.71 747445.25 3
9880076 31.77 99225.41 37.77 138941.66 4
9880826 31.90 99226.61 37.84 140312.42 5
9881326 31.95 99225.38 37.79 141358.36 6
9882076 32.02 99224.96 37.80 37285.17 7
9882826 32.11 99224.02 37.77 38882.14 8
9883575 32.16 99223.38 37.76 40238.92 9
9884075 32.18 99223.22 37.69 41491.09 0
9884575 32.11 99224.87 37.66 845756.75 1
9885824 31.67 99222.30 37.63 762188.31 2
9890073 31.55 99220.73 37.78 742567.06 3
9890822 31.77 99221.73 37.80 138828.64 4
9891572 31.90 99223.20 37.85 140082.08 5
9892072 31.95 99223.80 37.81 140775.36 6
9892822 32.03 99225.85 37.78 37026.32 7
9893571 32.11 99226.48 37.79 38740.92 8
9894321 32.16 99228.75 37.78 40314.96 9
9895071 32.18 99224.66 37.73 41450.78 0
9895321 32.11 99225.95 37.70 845233.19 1
9896570 31.67 99226.68 37.57 758799.56 2
9900818 31.55 99226.92 37.80 745812.06 3
9901568 31.77 99222.47 37.81 137486.58 4
9902318 31.90 99222.96 37.77 139967.19 5
9902818 31.95 99223.80 37.75 140659.34 6
9903567 32.02 99221.02 37.81 36930.18 7
9904317 32.11 99221.15 37.78 38740.92 8
9905067 32.15 99221.19 37.77 40050.06 9
9905817 32.18 99221.80 37.74 41491.09 0
9906066 32.11 99221.09 37.67 843145.31 1
9907316 31.68 99222.78 37.67 763040.25 2
9911564 31.55 99229.56 37.75 744186.06 3
9912314 31.76 99226.61 37.76 138378.38 4
9913064 31.89 99227.57 37.84 141007.98 5
9913564 31.94 99227.70 37.79 141241.38 6
9914313 32.02 99227.55 37.81 36962.17 7
9915063 32.11 99229.08 37.79 38565.83 8
9915813 32.16 99227.23 37.77 40201.00 9
9916563 32.18 99225.66 37.72 41410.55 0
9916813 32.11 99227.67 37.69 849440.06 1
9918062 31.67 99226.03 37.54 764321.69 2
9922310 31.55 99224.65 37.70 747445.25 3
9923060 31.77 99223.63 37.76 137931.03 4
9923810 31.90 99224.31 37.83 140659.34 5
9924560 31.95 99220.22 37.78 140659.34 6
9925059 32.02 99219.77 37.78 36898.24 7
9925809 32.11 99220.06 37.78 38953.13 8
9926559 32.16 99219.15 37.77 40125.39 9
9927309 32.18 99215.51 37.72 41370.39 0
9927559 32.11 99214.97 37.66 843666.31 1
9928808 31.68 99211.38 37.67 755859.00 2
9933056 31.54 99210.78 37.71 740955.13 3
9933806 31.77 99213.64 37.74 137931.03 4
9934556 31.89 99215.54 37.87 139395.59 5
9935306 31.95 99217.60 37.79 140775.36 6
9935805 32.02 99219.50 37.78 37026.32 7
9936555 32.11 99222.16 37.79 38740.92 8
9937305 32.16 99221.32 37.75 40353.09 9
9938055 32.18 99220.48 37.73 41370.39 0
9938304 32.10 99222.71 37.67 845756.75 1
9939554 31.68 99223.80 37.63 759643.94 2
9943802 31.54 99226.38 37.70 744186.06 3
9944552 31.77 99224.17 37.76 138715.80 4
9945301 31.90 99224.13 37.79 140659.34 5
9946051 31.94 99222.29 37.83 141946.22 6
9946551 32.02 99220.36 37.78 36994.22 7
9947301 32.11 99218.95 37.79 38740.92 8
9948050 32.16 99219.91 37.76 40012.50 9
9948800 32.18 99220.65 37.73 41531.47 0
9949050 32.10 99220.80 37.67 843666.31 1
9950300 31.67 99221.63 37.59 758799.56 2
9954548 31.55 99221.00 37.72 745812.06 3
9955298 31.76 99219.40 37.81 138042.59 4
9956047 31.89 99220.85 37.76 140082.08 5
9956797 31.94 99221.15 37.76 141241.38 6
9957297 32.02 99222.86 37.81 36962.17 7
9958046 32.11 99224.75 37.76 38705.78 8
9958796 32.16 99226.94 37.77 40087.69 9
9959546 32.18 99225.72 37.72 41531.47 0
9959796 32.11 99228.15 37.69 848911.94 1
9961295 31.67 99226.13 37.63 761338.31 2
9965294 31.54 99225.61 37.71 744186.06 3
9966043 31.77 99224.32 37.73 138941.66 4
9966793 31.89 99223.98 37.76 140427.86 5
9967543 31.94 99223.91 37.78 140427.86 6
9968293 32.02 99223.88 37.79 36739.38 7
9968792 32.11 99221.90 37.78 38635.68 8
9969542 32.15 99221.34 37.77 40238.92 9
9970292 32.18 99218.02 37.75 41450.78 0
9970542 32.11 99219.75 37.67 842625.00 1
9972041 31.66 99214.62 37.55 758799.56 2
9976039 31.54 99219.24 37.73 744186.06 3
9976789 31.76 99219.90 37.77 138154.34 4
9977539 31.89 99222.54 37.79 140312.42 5
9978289 31.94 99221.15 37.79 140659.34 6
9979038 32.02 99222.15 37.80 36866.36 7
9979538 32.11 99219.56 37.78 38740.92 8
9980288 32.15 99219.52 37.76 40353.09 9
9981038 32.18 99220.19 37.73 41250.40 0
9981288 32.11 99221.43 37.70 841586.19 1
9982787 31.66 99216.79 37.58 755859.00 2
9986785 31.54 99223.87 37.70 741760.25 3
9987535 31.77 99223.28 37.83 137931.03 4
9988285 31.89 99225.57 37.74 139509.53 5
9989035 31.94 99225.05 37.79 140197.16 6
9989784 32.02 99224.92 37.78 36519.26 7
9990284 32.11 99223.22 37.77 38740.92 8
9991034 32.15 99222.34 37.75 40276.90 9
9991784 32.18 99219.55 37.73 41571.94 0
9992034 32.10 99220.48 37.67 842105.25 1
9993533 31.67 99216.23 37.58 760490.19 2
9997531 31.54 99213.54 37.69 741760.25 3
9998281 31.76 99213.89 37.81 138154.34 4
9999031 31.89 99213.78 37.84 139737.98 5
9999781 31.94 99214.70 37.72 140427.86 6
10000530 32.02 99210.95 37.80 37155.30 7
10001030 32.11 99213.90 37.76 38635.68 8
10001780 32.14 99213.30 37.73 40050.06 9
10002530 32.17 99216.28 37.72 41370.39 0
10002780 32.10 99216.40 37.72 839516.31 1
10004279 31.66 99215.32 37.58 758378.06 2
10008527 31.54 99220.90 37.72 744186.06 3
10009027 31.77 99221.52 37.75 137931.03 4
10009777 31.89 99222.27 37.74 140082.08 5
10010527 31.94 99222.02 37.79 141828.25 6
10011276 32.01 99217.49 37.78 37058.48 7
10012026 32.11 99218.72 37.77 38740.92 8
10012526 32.15 99218.55 37.72 40238.92 9
10013276 32.18 99217.80 37.74 41330.32 0
10013526 32.09 99218.77 37.68 845233.19 1
10015025 31.68 99222.79 37.62 758378.06 2
10019273 31.53 99221.95 37.72 741760.25 3
10019773 31.76 99222.07 37.76 137931.03 4
10020523 31.89 99224.34 37.80 139281.83 5
10021273 31.93 99223.59 37.79 140082.08 6
10022022 32.02 99222.38 37.78 36962.17 7
10022772 32.11 99222.89 37.77 38811.40 8
10023272 32.15 99221.20 37.74 40238.92 9
10024022 32.17 99222.16 37.73 41290.32 0
10024272 32.10 99222.85 37.75 842625.00 1
10025771 31.67 99223.06 37.58 758799.56 2
10030019 31.53 99221.59 37.67 743375.69 3
10030519 31.76 99220.89 37.74 137155.11 4
10031269 31.89 99221.66 37.84 139281.83 5
10032018 31.94 99222.45 37.76 140659.34 6
10032768 32.02 99221.94 37.80 37058.48 7
10033518 32.10 99220.45 37.76 38846.74 8
10034017 32.15 99221.45 37.74 40276.90 9
10034767 32.18 99221.40 37.73 41571.94 0
10035017 32.10 99222.48 37.68 847857.56 1
10036517 31.67 99221.38 37.61 761338.31 2
10040765 31.54 99215.88 37.71 744186.06 3
10041514 31.75 99215.22 37.75 138715.80 4
10042014 31.89 99216.82 37.83 140312.42 5
10042764 31.93 99216.26 37.79 140312.42 6
10043514 32.01 99214.72 37.78 36930.18 7
10044263 32.10 99215.37 37.76 38776.13 8
10045013 32.14 99213.31 37.74 40163.16 9
10045513 32.17 99211.67 37.72 41450.78 0
10045763 32.10 99213.21 37.70 848384.44 1
10047262 31.66 99209.58 37.58 757536.50 2
10051510 31.54 99212.83 37.68 744186.06 3
10052260 31.75 99214.04 37.75 138266.27 4
10052760 31.89 99215.24 37.80 139967.19 5
10053510 31.94 99216.10 37.77 140427.86 6
10054259 32.01 99213.11 37.76 37155.30 7
10055009 32.10 99215.20 37.79 38776.13 8
10055759 32.15 99218.29 37.74 40353.09 9
10056259 32.17 99216.77 37.72 41816.40 0
10056509 32.11 99219.23 37.67 846281.00 1
10058008 31.66 99217.44 37.63 763040.25 2
10062256 31.54 99217.97 37.71 745812.06 3
10063006 31.76 99217.32 37.74 138603.14 4
10063506 31.89 99217.14 37.79 139281.83 5
10064255 31.94 99216.93 37.76 140775.36 6
10065005 32.02 99215.95 37.76 37058.48 7
10065755 32.10 99213.43 37.75 38882.14 8
10066504 32.15 99215.00 37.74 40467.91 9
10067004 32.17 99216.25 37.73 41531.47 0
10067504 32.09 99217.82 37.77 849440.06 1
10068754 31.66 99218.66 37.60 763040.25 2
10073002 31.53 99215.34 37.77 745812.06 3
10073752 31.75 99213.66 37.71 138828.64 4
10074251 31.89 99215.48 37.82 140197.16 5
10075001 31.93 99213.71 37.73 140775.36 6
10075751 32.02 99211.68 37.77 36866.36 7
10076500 32.10 99211.40 37.74 39167.69 8
10077250 32.14 99208.87 37.77 40353.09 9
10077750 32.17 99209.63 37.70 41571.94 0
10078250 32.11 99212.10 37.69 846281.00 1
10079499 31.67 99210.80 37.55 761763.06 2
10083748 31.53 99212.25 37.74 744998.19 3
10084497 31.75 99212.08 37.81 137819.66 4
10085247 31.89 99214.53 37.73 139168.25 5
10085747 31.93 99214.78 37.77 141358.36 6
10086497 32.01 99215.02 37.79 37026.32 7
10087246 32.10 99217.76 37.76 38882.14 8
10087996 32.14 99217.30 37.77 40467.91 9
10088746 32.16 99220.90 37.74 41693.81 0
10088996 32.09 99219.37 37.71 845756.75 1
10090245 31.66 99219.96 37.61 762188.31 2
10094493 31.54 99226.95 37.66 748264.50 3
10095243 31.76 99223.59 37.78 138154.34 4
10095993 31.89 99224.02 37.80 140197.16 5
10096493 31.93 99223.44 37.81 140427.86 6
10097242 32.01 99220.54 37.74 37090.70 7
10097992 32.10 99221.50 37.77 38882.14 8
10098742 32.14 99219.70 37.74 40314.96 9
10099491 32.16 99216.88 37.67 41653.11 0
10099741 32.09 99218.59 37.67 849968.88 1
10100991 31.67 99217.86 37.57 761338.31 2
10105239 31.54 99216.34 37.67 748264.50 3
10105989 31.75 99216.51 37.78 138266.27 4
10106739 31.88 99217.41 37.79 140197.16 5
10107239 31.93 99217.62 37.78 140427.86 6
10107988 32.01 99215.46 37.75 37285.17 7
10108738 32.10 99217.10 37.76 39095.91 8
10109488 32.14 99217.27 37.72 40276.90 9
10110237 32.16 99217.25 37.69 41612.48 0
10110487 32.09 99217.27 37.68 853155.56 1
10111737 31.66 99219.46 37.57 764321.69 2
10115985 31.53 99220.60 37.71 749085.56 3
10116735 31.75 99219.82 37.75 138715.80 4
10117484 31.88 99218.70 37.81 140082.08 5
10118234 31.93 99221.17 37.75 141124.59 6
10118734 32.01 99219.78 37.76 37155.30 7
10119484 32.09 99222.16 37.73 38917.61 8
10120233 32.14 99223.94 37.74 40583.39 9
10120983 32.16 99224.38 37.72 41612.48 0
10121233 32.10 99227.26 37.64 850498.31 1
10122483 31.66 99226.23 37.63 768192.06 2
10126731 31.53 99222.05 37.75 748264.50 3
10127480 31.75 99222.30 37.75 138828.64 4
10128230 31.88 99219.52 37.79 140312.42 5
10128980 31.93 99219.13 37.80 141241.38 6
10129480 32.00 99217.63 37.77 37187.68 7
10130229 32.09 99218.78 37.79 38917.61 8
10130979 32.14 99218.41 37.77 40429.56 9
10131729 32.16 99219.64 37.72 41734.59 0
10131979 32.09 99221.43 37.66 853155.56 1
10133228 31.66 99224.11 37.58 762614.06 2
10137477 31.52 99227.38 37.74 753356.63 3
10138226 31.75 99225.08 37.76 138603.14 4
10138976 31.88 99224.61 37.74 140427.86 5
10139726 31.92 99224.74 37.80 141592.92 6
10140226 32.01 99225.70 37.79 37187.68 7
10140975 32.09 99226.16 37.77 39024.39 8
10141725 32.14 99225.00 37.69 40429.56 9
10142475 32.17 99224.88 37.70 41653.11 0
10142725 32.09 99224.30 37.67 855293.38 1
10144224 31.66 99219.64 37.55 767328.56 2
10148222 31.53 99216.85 37.71 748264.50 3
10148972 31.75 99216.48 37.78 139281.83 4
10149722 31.88 99218.80 37.81 141124.59 5
10150472 31.93 99219.72 37.79 141358.36 6
10151221 32.00 99219.34 37.78 37122.97 7
10151721 32.09 99219.03 37.79 38917.61 8
10152471 32.14 99219.37 37.72 40738.38 9
10153221 32.16 99219.61 37.72 41898.53 0
10153471 32.09 99220.23 37.65 851028.44 1
10154970 31.66 99221.54 37.58 764321.69 2
10158968 31.54 99220.89 37.68 755440.81 3
10159718 31.75 99219.37 37.76 138828.64 4
10160468 31.88 99221.57 37.73 140543.52 5
10161217 31.93 99222.13 37.76 141124.59 6
10161967 32.01 99220.20 37.76 37350.45 7
10162467 32.09 99220.34 37.75 39203.68 8
10163217 32.14 99219.46 37.72 40583.39 9
10163966 32.16 99222.36 37.72 41775.46 0
10164216 32.09 99223.12 37.64 853689.06 1
10165716 31.65 99220.76 37.59 769924.81 2
10169714 31.54 99223.54 37.73 757536.50 3
10170464 31.75 99220.70 37.73 139281.83 4
10171213 31.88 99220.67 37.78 141475.55 5
10171963 31.93 99219.39 37.79 140891.58 6
10172713 32.01 99217.49 37.75 37383.18 7
10173213 32.09 99220.17 37.72 38988.73 8
10173962 32.14 99218.08 37.72 40544.82 9
10174712 32.16 99219.27 37.70 41734.59 0
10174962 32.09 99220.28 37.68 853155.56 1
10176462 31.66 99218.66 37.58 768624.50 2
10180460 31.53 99219.71 37.68 755440.81 3
10181210 31.75 99219.63 37.74 139852.50 4
10181959 31.88 99220.03 37.79 141124.59 5
10182709 31.92 99218.38 37.75 141946.22 6
10183459 32.00 99218.75 37.78 37122.97 7
10183959 32.09 99218.91 37.75 38846.74 8
10184708 32.13 99219.01 37.72 40467.91 9
10185458 32.16 99223.20 37.68 41693.81 0
10185708 32.09 99224.77 37.68 853155.56 1
10187207 31.65 99226.50 37.54 767760.06 2
10191456 31.52 99233.34 37.65 756696.81 3
10191956 31.75 99228.13 37.73 138715.80 4
10192705 31.88 99227.09 37.76 140427.86 5
10193455 31.93 99224.68 37.76 140659.34 6
10194205 32.01 99219.41 37.76 37058.48 7
10194955 32.09 99216.01 37.75 38953.13 8
10195454 32.14 99214.92 37.75 40467.91 9
10196204 32.16 99212.78 37.69 41571.94 0
10196454 32.10 99215.68 37.65 847331.38 1
10197953 31.66 99216.38 37.55 766037.00 2
10202202 31.52 99231.81 37.69 749085.56 3
10202702 31.75 99228.70 37.78 138154.34 4
10203451 31.88 99229.15 37.80 140543.52 5
10204201 31.93 99227.98 37.79 140659.34 6
10204951 32.00 99225.40 37.77 37220.12 7
10205700 32.10 99224.10 37.73 38882.14 8
10206200 32.14 99221.08 37.70 40391.29 9
10206950 32.16 99219.73 37.67 41939.71 0
10207200 32.09 99220.64 37.74 857980.75 1
10208699 31.66 99220.38 37.59 764321.69 2
10212947 31.52 99228.11 37.63 755440.81 3
10213447 31.75 99227.08 37.69 138941.66 4
10214197 31.88 99224.30 37.71 140197.16 5
10214947 31.92 99224.88 37.79 141124.59 6
10215696 32.00 99225.46 37.74 37058.48 7
10216446 32.09 99224.11 37.74 39095.91 8
10216946 32.14 99223.66 37.72 40622.02 9
10217696 32.16 99221.62 37.67 41734.59 0
10217946 32.08 99220.74 37.64 855293.38 1
10219445 31.66 99219.79 37.55 768192.06 2
10223693 31.52 99220.48 37.70 757536.50 3
10224443 31.75 99221.62 37.72 138603.14 4
10224943 31.88 99224.88 37.80 140775.36 5
10225692 31.92 99226.33 37.77 141475.55 6
10226442 32.00 99226.28 37.74 37220.12 7
10227192 32.09 99224.45 37.75 38953.13 8
10227692 32.13 99222.34 37.69 40391.29 9
10228442 32.16 99223.34 37.69 41491.09 0
10228691 32.08 99224.92 37.64 851028.44 1
10230191 31.65 99226.52 37.56 765178.38 2
10234439 31.53 99228.17 37.68 749085.56 3
10235189 31.75 99226.10 37.74 138941.66 4
10235689 31.88 99224.80 37.77 140427.86 5
10236438 31.92 99225.88 37.72 141124.59 6
10237188 32.00 99223.95 37.76 37026.32 7
10237938 32.09 99224.80 37.77 38776.13 8
10238688 32.13 99225.59 37.70 40353.09 9
10239187 32.16 99224.70 37.68 41734.59 0
10239437 32.08 99226.03 37.65 855293.38 1
10240937 31.65 99221.47 37.57 766467.06 2
10245185 31.52 99217.04 37.69 758799.56 3
10245935 31.74 99214.62 37.77 139281.83 4
10246435 31.88 99216.38 37.73 140312.42 5
10247184 31.93 99215.88 37.76 141828.25 6
10247934 32.00 99217.59 37.73 37026.32 7
10248684 32.09 99216.76 37.74 38953.13 8
10249433 32.13 99216.25 37.72 40544.82 9
10249933 32.16 99217.45 37.65 41939.71 0
10250433 32.08 99217.82 37.65 852622.81 1
10251683 31.65 99214.11 37.56 769924.81 2
10255931 31.52 99226.80 37.66 758378.06 3
10256681 31.75 99224.18 37.71 138941.66 4
10257180 31.87 99224.48 37.76 140891.58 5
10257930 31.93 99226.09 37.74 141592.92 6
10258680 32.00 99224.10 37.75 37317.79 7
10259429 32.09 99223.23 37.75 38882.14 8
10260179 32.13 99224.39 37.71 40660.74 9
10260679 32.15 99227.32 37.68 41857.42 0
10261179 32.09 99228.55 37.61 853155.56 1
10262428 31.65 99228.04 37.56 769490.88 2
10266676 31.52 99228.41 37.68 755859.00 3
10267426 31.75 99224.89 37.70 139281.83 4
10268176 31.88 99225.71 37.76 141007.98 5
10268676 31.92 99227.15 37.73 141007.98 6
10269425 32.00 99227.60 37.72 37448.80 7
10270175 32.09 99227.94 37.73 39131.77 8
10270925 32.13 99225.89 37.68 40933.80 9
10271425 32.16 99224.22 37.68 42022.32 0
10271925 32.08 99225.15 37.62 859601.25 1
10273174 31.66 99225.36 37.61 772538.69 2
10277422 31.52 99223.87 37.65 757116.44 3
10278172 31.74 99223.24 37.75 139054.86 4
10278922 31.88 99226.16 37.73 141475.55 5
10279421 31.93 99226.97 37.72 141358.36 6
10280171 32.00 99225.85 37.72 37481.70 7
10280921 32.09 99226.35 37.73 39348.29 8
10281671 32.13 99225.68 37.71 40738.38 9
10282420 32.15 99222.65 37.67 41898.53 0
10282670 32.08 99224.82 37.62 862315.81 1
10283920 31.64 99221.95 37.54 773413.88 2
10288168 31.52 99223.85 37.66 760914.00 3
10288918 31.74 99220.98 37.74 140197.16 4
10289667 31.88 99221.66 37.76 141592.92 5
10290167 31.92 99219.50 37.71 142301.28 6
10290917 32.00 99216.07 37.74 37481.70 7
10291667 32.09 99216.05 37.72 39457.46 8
10292416 32.13 99215.16 37.69 40544.82 9
10293166 32.16 99216.41 37.66 41939.71 0
10293416 32.07 99213.75 37.67 859060.38 1
10294666 31.64 99214.91 37.56 772101.81 2
10298914 31.52 99224.00 37.67 761763.06 3
10299663 31.75 99225.28 37.70 139967.19 4
10300413 31.87 99225.44 37.74 141946.22 5
10300913 31.92 99227.37 37.72 142420.03 6
10301663 32.00 99225.20 37.72 37383.18 7
10302412 32.08 99224.16 37.70 39348.29 8
10303162 32.13 99223.92 37.69 41131.11 9
10303912 32.15 99225.41 37.66 42188.53 0
10304162 32.08 99225.45 37.65 861771.50 1
10305411 31.65 99221.82 37.53 773852.25 2
10309659 31.52 99230.59 37.58 764749.81 3
10310409 31.74 99228.77 37.75 140543.52 4
10311159 31.88 99230.54 37.71 142064.38 5
10311908 31.91 99230.91 37.72 143016.77 6
10312408 31.99 99230.36 37.73 37514.65 7
10313158 32.08 99227.72 37.75 38882.14 8
10313908 32.13 99226.26 37.70 40699.52 9
10314657 32.15 99224.49 37.68 42230.29 0
10314907 32.09 99226.40 37.58 862860.75 1
10316157 31.64 99221.39 37.52 775610.69 2
10320405 31.52 99217.40 37.71 763894.06 3
10321155 31.74 99215.66 37.71 140197.16 4
10321904 31.87 99215.93 37.67 141828.25 5
10322654 31.92 99214.88 37.66 142658.13 6
10323154 31.99 99216.62 37.74 37317.79 7
10323904 32.08 99218.10 37.70 39203.68 8
10324653 32.13 99220.59 37.72 40973.11 9
10325403 32.15 99219.32 37.65 42146.86 0
10325653 32.08 99222.64 37.59 865595.94 1
10326902 31.64 99213.23 37.55 780041.88 2
